Julia version: 1.6.0-DEV.1324

Threading configuration: 
       JULIA_NUM_THREADS:   1
      JULIA_FFTW_THREADS:   4
      JULIA_BLAS_THREADS:   1
Payload:  Aluminium_slab_scfres_guess.jld2

System facts:
    fft_size:      (25, 25, 120)
    kpoints:       72
    n_electrons:   60
    n_bands:       33

Compiling code ...
Timing SCF ...

n     Energy            Eₙ-Eₙ₋₁     ρout-ρin   Diag
---   ---------------   ---------   --------   ----
  1   -41.42849814523         NaN   3.06e-01    1.8 
  2   -40.85728841340    5.71e-01   7.86e-02    6.4 
  3   +423.0162934114    4.64e+02   1.56e+00    18.1 
  4   -19.69192408842   -4.43e+02   3.50e-01    10.4 
  5   -41.13307841887   -2.14e+01   4.24e-02    6.3 
  6   -20.02778293231    2.11e+01   3.14e-01    8.3 
  7   -41.24810614779   -2.12e+01   5.74e-02    7.8 
  8   -41.32217224694   -7.41e-02   3.40e-02    3.1 
  9   -41.43501034423   -1.13e-01   1.43e-02    2.7 
 10   -41.46586136645   -3.09e-02   2.08e-03    4.6 
 11   -41.46500946900    8.52e-04   4.15e-03    4.9 
 12   -41.46528826775   -2.79e-04   2.69e-03    3.5 
Energy breakdown:
    Kinetic             17.3430945
    AtomicLocal         6.8639467 
    AtomicNonlocal      7.9709016 
    Ewald               -53.9147822
    PspCorrection       -3.7611666
    Hartree             0.0847767 
    Xc                  -16.0520591

    total               -41.465288267750

 ──────────────────────────────────────────────────────────────────────────────
                                       Time                   Allocations      
                               ──────────────────────   ───────────────────────
       Tot / % measured:            1022s / 100%             334GiB / 100%     

 Section               ncalls     time   %tot     avg     alloc   %tot      avg
 ──────────────────────────────────────────────────────────────────────────────
 self_consistent_field      1    1019s   100%   1019s    333GiB  100%    333GiB
   LOBPCG                 864     924s  90.6%   1.07s    286GiB  85.9%   339MiB
     Hamiltonian mu...  6.47k     380s  37.3%  58.7ms   40.5GiB  12.1%  6.41MiB
     block multipli...  30.1k     239s  23.5%  7.94ms   72.7GiB  21.8%  2.47MiB
     rayleigh_ritz      5.61k    86.5s  8.49%  15.4ms   1.44GiB  0.43%   268KiB
     ortho              24.7k    83.7s  8.21%  3.38ms   50.2GiB  15.1%  2.08MiB
   energy_hamiltonian      25    65.4s  6.42%   2.62s   12.1GiB  3.62%   494MiB
   compute_density         12    27.4s  2.69%   2.29s   34.5GiB  10.4%  2.88GiB
   KerkerDosMixing         12   7.09ms  0.00%   591μs   20.7MiB  0.01%  1.73MiB
     SimpleMixing          12   1.85ms  0.00%   154μs   20.6MiB  0.01%  1.72MiB
   QR orthonormaliz...    864    842μs  0.00%   975ns     0.00B  0.00%    0.00B
 ──────────────────────────────────────────────────────────────────────────────

Total time in ns: 1020339016461
