Julia version: 1.6.0-DEV.1324

Threading configuration: 
       JULIA_NUM_THREADS:   1
      JULIA_FFTW_THREADS:   3
      JULIA_BLAS_THREADS:   1
Payload:  Aluminium_slab_scfres_guess.jld2

System facts:
    fft_size:      (25, 25, 120)
    kpoints:       72
    n_electrons:   60
    n_bands:       33

Compiling code ...
Timing SCF ...

n     Energy            Eₙ-Eₙ₋₁     ρout-ρin   Diag
---   ---------------   ---------   --------   ----
  1   -41.42849817209         NaN   3.06e-01    1.8 
  2   -40.85776069709    5.71e-01   7.86e-02    6.3 
  3   +422.7962452393    4.64e+02   1.56e+00    17.9 
  4   -19.79420288647   -4.43e+02   3.49e-01    10.5 
  5   -41.13937129173   -2.13e+01   4.21e-02    6.3 
  6   -19.95338600381    2.12e+01   3.14e-01    8.3 
  7   -41.24764572822   -2.13e+01   5.73e-02    7.7 
  8   -41.32054991423   -7.29e-02   3.43e-02    3.1 
  9   -41.43495126521   -1.14e-01   1.43e-02    2.7 
 10   -41.46574870649   -3.08e-02   2.23e-03    4.6 
 11   -41.46498659242    7.62e-04   4.39e-03    4.7 
 12   -41.46521748370   -2.31e-04   2.77e-03    3.4 
Energy breakdown:
    Kinetic             17.3430835
    AtomicLocal         6.8640092 
    AtomicNonlocal      7.9708289 
    Ewald               -53.9147822
    PspCorrection       -3.7611666
    Hartree             0.0848731 
    Xc                  -16.0520634

    total               -41.465217483700

 ──────────────────────────────────────────────────────────────────────────────
                                       Time                   Allocations      
                               ──────────────────────   ───────────────────────
       Tot / % measured:            1036s / 100%             333GiB / 100%     

 Section               ncalls     time   %tot     avg     alloc   %tot      avg
 ──────────────────────────────────────────────────────────────────────────────
 self_consistent_field      1    1034s   100%   1034s    332GiB  100%    332GiB
   LOBPCG                 864     935s  90.5%   1.08s    285GiB  85.8%   338MiB
     Hamiltonian mu...  6.42k     403s  39.0%  62.8ms   40.3GiB  12.1%  6.43MiB
     block multipli...  29.8k     234s  22.6%  7.83ms   72.2GiB  21.7%  2.48MiB
     rayleigh_ritz      5.56k    84.6s  8.18%  15.2ms   1.42GiB  0.43%   269KiB
     ortho              24.5k    81.9s  7.93%  3.34ms   49.9GiB  15.0%  2.08MiB
   energy_hamiltonian      25    64.7s  6.26%   2.59s   12.1GiB  3.63%   494MiB
   compute_density         12    30.8s  2.98%   2.57s   34.5GiB  10.4%  2.88GiB
   KerkerDosMixing         12   6.60ms  0.00%   550μs   20.7MiB  0.01%  1.73MiB
     SimpleMixing          12   1.62ms  0.00%   135μs   20.6MiB  0.01%  1.72MiB
   QR orthonormaliz...    864    815μs  0.00%   944ns     0.00B  0.00%    0.00B
 ──────────────────────────────────────────────────────────────────────────────

Total time in ns: 1034561090241
