Julia version: 1.6.0-DEV.1324

Threading configuration: 
       JULIA_NUM_THREADS:   1
      JULIA_FFTW_THREADS:   1
      JULIA_BLAS_THREADS:   1
Payload:  Aluminium_slab_scfres_guess.jld2

System facts:
    fft_size:      (25, 25, 120)
    kpoints:       72
    n_electrons:   60
    n_bands:       33

Compiling code ...
Timing SCF ...

n     Energy            Eₙ-Eₙ₋₁     ρout-ρin   Diag
---   ---------------   ---------   --------   ----
  1   -41.42844494890         NaN   3.06e-01    1.8 
  2   -40.82415542024    6.04e-01   7.96e-02    6.4 
  3   +427.8450294304    4.69e+02   1.57e+00    17.8 
  4   -16.91748167711   -4.45e+02   3.70e-01    10.4 
  5   -41.22816854692   -2.43e+01   3.64e-02    6.3 
  6   -17.76744134132    2.35e+01   3.30e-01    8.7 
  7   -41.25914800476   -2.35e+01   5.43e-02    7.8 
  8   -41.32748493548   -6.83e-02   3.33e-02    3.1 
  9   -41.43225771989   -1.05e-01   1.50e-02    2.6 
 10   -41.46592818592   -3.37e-02   1.81e-03    4.5 
 11   -41.46563013434    2.98e-04   2.50e-03    5.4 
 12   -41.46490882664    7.21e-04   2.87e-03    3.8 
Energy breakdown:
    Kinetic             17.3431292
    AtomicLocal         6.8635109 
    AtomicNonlocal      7.9712608 
    Ewald               -53.9147822
    PspCorrection       -3.7611666
    Hartree             0.0851774 
    Xc                  -16.0520382

    total               -41.464908826640

 ──────────────────────────────────────────────────────────────────────────────
                                       Time                   Allocations      
                               ──────────────────────   ───────────────────────
       Tot / % measured:            1079s / 100%             335GiB / 100%     

 Section               ncalls     time   %tot     avg     alloc   %tot      avg
 ──────────────────────────────────────────────────────────────────────────────
 self_consistent_field      1    1076s   100%   1076s    334GiB  100%    334GiB
   LOBPCG                 864     975s  90.6%   1.13s    287GiB  85.9%   340MiB
     Hamiltonian mu...  6.52k     440s  40.9%  67.5ms   40.6GiB  12.2%  6.38MiB
     block multipli...  30.4k     235s  21.8%  7.71ms   73.0GiB  21.8%  2.46MiB
     rayleigh_ritz      5.66k    86.1s  8.00%  15.2ms   1.44GiB  0.43%   267KiB
     ortho              25.0k    82.1s  7.63%  3.28ms   50.4GiB  15.1%  2.06MiB
   energy_hamiltonian      25    64.4s  5.99%   2.58s   12.1GiB  3.61%   494MiB
   compute_density         12    34.0s  3.16%   2.84s   34.5GiB  10.3%  2.88GiB
   KerkerDosMixing         12   6.79ms  0.00%   566μs   20.7MiB  0.01%  1.73MiB
     SimpleMixing          12   1.80ms  0.00%   150μs   20.6MiB  0.01%  1.72MiB
   QR orthonormaliz...    864    766μs  0.00%   886ns     0.00B  0.00%    0.00B
 ──────────────────────────────────────────────────────────────────────────────

Total time in ns: 1077227559672
