Julia version: 1.6.0-DEV.1324

Threading configuration: 
       JULIA_NUM_THREADS:   1
      JULIA_FFTW_THREADS:   1
      JULIA_BLAS_THREADS:   2
Payload:  Aluminium_slab_scfres_guess.jld2

System facts:
    fft_size:      (25, 25, 120)
    kpoints:       72
    n_electrons:   60
    n_bands:       33

Compiling code ...
Timing SCF ...

n     Energy            Eₙ-Eₙ₋₁     ρout-ρin   Diag
---   ---------------   ---------   --------   ----
  1   -41.42849798992         NaN   3.06e-01    1.8 
  2   -40.83927601088    5.89e-01   7.91e-02    6.4 
  3   +426.1782627061    4.67e+02   1.57e+00    17.7 
  4   -18.55154811991   -4.45e+02   3.58e-01    10.5 
  5   -41.21979652523   -2.27e+01   3.70e-02    6.2 
  6   -18.01319197468    2.32e+01   3.28e-01    8.5 
  7   -41.27418445502   -2.33e+01   5.30e-02    7.8 
  8   -41.32047350090   -4.63e-02   3.43e-02    3.1 
  9   -41.43407520834   -1.14e-01   1.47e-02    2.7 
 10   -41.46559560314   -3.15e-02   2.32e-03    4.5 
 11   -41.46504375032    5.52e-04   4.14e-03    4.2 
 12   -41.46487022144    1.74e-04   2.97e-03    3.3 
Energy breakdown:
    Kinetic             17.3429851
    AtomicLocal         6.8635535 
    AtomicNonlocal      7.9713462 
    Ewald               -53.9147822
    PspCorrection       -3.7611666
    Hartree             0.0852330 
    Xc                  -16.0520393

    total               -41.464870221436

 ──────────────────────────────────────────────────────────────────────────────
                                       Time                   Allocations      
                               ──────────────────────   ───────────────────────
       Tot / % measured:             805s / 100%             333GiB / 100%     

 Section               ncalls     time   %tot     avg     alloc   %tot      avg
 ──────────────────────────────────────────────────────────────────────────────
 self_consistent_field      1     803s   100%    803s    333GiB  100%    333GiB
   LOBPCG                 864     730s  91.0%   845ms    285GiB  85.8%   338MiB
     Hamiltonian mu...  6.39k     362s  45.1%  56.6ms   40.4GiB  12.1%  6.47MiB
     block multipli...  29.6k     125s  15.5%  4.21ms   72.4GiB  21.8%  2.50MiB
     rayleigh_ritz      5.53k    66.1s  8.23%  12.0ms   1.43GiB  0.43%   271KiB
     ortho              24.4k    62.8s  7.83%  2.57ms   50.0GiB  15.0%  2.10MiB
   energy_hamiltonian      25    35.2s  4.39%   1.41s   12.1GiB  3.63%   494MiB
   compute_density         12    34.2s  4.27%   2.85s   34.5GiB  10.4%  2.88GiB
   KerkerDosMixing         12   6.33ms  0.00%   528μs   20.7MiB  0.01%  1.73MiB
     SimpleMixing          12   1.51ms  0.00%   126μs   20.6MiB  0.01%  1.72MiB
   QR orthonormaliz...    864    778μs  0.00%   901ns     0.00B  0.00%    0.00B
 ──────────────────────────────────────────────────────────────────────────────

Total time in ns: 803545810686
