Julia version: 1.6.0-DEV.1324

Threading configuration: 
       JULIA_NUM_THREADS:   1
      JULIA_FFTW_THREADS:   3
      JULIA_BLAS_THREADS:   2
Payload:  Aluminium_slab_scfres_guess.jld2

System facts:
    fft_size:      (25, 25, 120)
    kpoints:       72
    n_electrons:   60
    n_bands:       33

Compiling code ...
Timing SCF ...

n     Energy            Eₙ-Eₙ₋₁     ρout-ρin   Diag
---   ---------------   ---------   --------   ----
  1   -41.42850780852         NaN   3.06e-01    1.8 
  2   -40.85100115111    5.78e-01   7.88e-02    6.4 
  3   +423.2940750709    4.64e+02   1.56e+00    18.0 
  4   -18.69555059454   -4.42e+02   3.58e-01    10.4 
  5   -41.23494136791   -2.25e+01   3.60e-02    6.3 
  6   -18.17897159735    2.31e+01   3.27e-01    8.4 
  7   -41.26922415932   -2.31e+01   5.30e-02    7.9 
  8   -41.32124804009   -5.20e-02   3.45e-02    3.1 
  9   -41.43466197276   -1.13e-01   1.44e-02    2.7 
 10   -41.46566416814   -3.10e-02   2.22e-03    4.6 
 11   -41.46526219386    4.02e-04   3.73e-03    4.2 
 12   -41.46483919795    4.23e-04   2.93e-03    3.4 
Energy breakdown:
    Kinetic             17.3429954
    AtomicLocal         6.8635296 
    AtomicNonlocal      7.9713519 
    Ewald               -53.9147822
    PspCorrection       -3.7611666
    Hartree             0.0852713 
    Xc                  -16.0520386

    total               -41.464839197950

 ──────────────────────────────────────────────────────────────────────────────
                                       Time                   Allocations      
                               ──────────────────────   ───────────────────────
       Tot / % measured:             724s / 100%             333GiB / 100%     

 Section               ncalls     time   %tot     avg     alloc   %tot      avg
 ──────────────────────────────────────────────────────────────────────────────
 self_consistent_field      1     722s   100%    722s    333GiB  100%    333GiB
   LOBPCG                 864     655s  90.8%   758ms    286GiB  85.8%   339MiB
     Hamiltonian mu...  6.43k     279s  38.7%  43.4ms   40.4GiB  12.1%  6.43MiB
     block multipli...  29.8k     128s  17.7%  4.29ms   72.4GiB  21.8%  2.49MiB
     rayleigh_ritz      5.57k    67.7s  9.39%  12.2ms   1.43GiB  0.43%   269KiB
     ortho              24.6k    62.5s  8.67%  2.55ms   50.0GiB  15.0%  2.09MiB
   energy_hamiltonian      25    35.3s  4.90%   1.41s   12.1GiB  3.63%   494MiB
   compute_density         12    28.1s  3.89%   2.34s   34.5GiB  10.4%  2.88GiB
   KerkerDosMixing         12   7.09ms  0.00%   591μs   20.7MiB  0.01%  1.73MiB
     SimpleMixing          12   2.08ms  0.00%   173μs   20.6MiB  0.01%  1.72MiB
   QR orthonormaliz...    864    774μs  0.00%   896ns     0.00B  0.00%    0.00B
 ──────────────────────────────────────────────────────────────────────────────

Total time in ns: 722547861285
