Julia version: 1.6.0-DEV.1324

Threading configuration: 
       JULIA_NUM_THREADS:   1
      JULIA_FFTW_THREADS:   4
      JULIA_BLAS_THREADS:   2
Payload:  Aluminium_slab_scfres_guess.jld2

System facts:
    fft_size:      (25, 25, 120)
    kpoints:       72
    n_electrons:   60
    n_bands:       33

Compiling code ...
Timing SCF ...

n     Energy            Eₙ-Eₙ₋₁     ρout-ρin   Diag
---   ---------------   ---------   --------   ----
  1   -41.42845877706         NaN   3.06e-01    1.8 
  2   -40.84067792083    5.88e-01   7.91e-02    6.4 
  3   +425.7657714293    4.67e+02   1.57e+00    17.6 
  4   -18.72795962994   -4.44e+02   3.57e-01    10.4 
  5   -41.23672950269   -2.25e+01   3.58e-02    6.3 
  6   -17.70514327169    2.35e+01   3.30e-01    8.7 
  7   -41.28398449685   -2.36e+01   5.16e-02    7.8 
  8   -41.32348802997   -3.95e-02   3.40e-02    3.1 
  9   -41.43450172058   -1.11e-01   1.46e-02    2.7 
 10   -41.46567573354   -3.12e-02   2.20e-03    4.5 
 11   -41.46523171076    4.44e-04   3.68e-03    4.2 
 12   -41.46480454546    4.27e-04   2.94e-03    3.5 
Energy breakdown:
    Kinetic             17.3430102
    AtomicLocal         6.8634591 
    AtomicNonlocal      7.9714001 
    Ewald               -53.9147822
    PspCorrection       -3.7611666
    Hartree             0.0853137 
    Xc                  -16.0520388

    total               -41.464804545461

 ──────────────────────────────────────────────────────────────────────────────
                                       Time                   Allocations      
                               ──────────────────────   ───────────────────────
       Tot / % measured:             723s / 100%             333GiB / 100%     

 Section               ncalls     time   %tot     avg     alloc   %tot      avg
 ──────────────────────────────────────────────────────────────────────────────
 self_consistent_field      1     721s   100%    721s    333GiB  100%    333GiB
   LOBPCG                 864     654s  90.7%   757ms    286GiB  85.8%   339MiB
     Hamiltonian mu...  6.41k     275s  38.2%  43.0ms   40.4GiB  12.1%  6.46MiB
     block multipli...  29.7k     130s  18.0%  4.36ms   72.5GiB  21.8%  2.50MiB
     rayleigh_ritz      5.54k    68.3s  9.47%  12.3ms   1.43GiB  0.43%   270KiB
     ortho              24.5k    62.5s  8.66%  2.55ms   50.1GiB  15.0%  2.09MiB
   energy_hamiltonian      25    35.5s  4.92%   1.42s   12.1GiB  3.62%   494MiB
   compute_density         12    28.5s  3.96%   2.38s   34.5GiB  10.4%  2.88GiB
   KerkerDosMixing         12   7.28ms  0.00%   606μs   20.7MiB  0.01%  1.73MiB
     SimpleMixing          12   2.25ms  0.00%   187μs   20.6MiB  0.01%  1.72MiB
   QR orthonormaliz...    864    819μs  0.00%   948ns     0.00B  0.00%    0.00B
 ──────────────────────────────────────────────────────────────────────────────

Total time in ns: 721845744749
