Julia version: 1.6.0-DEV.1324

Threading configuration: 
       JULIA_NUM_THREADS:   1
      JULIA_FFTW_THREADS:   2
      JULIA_BLAS_THREADS:   2
Payload:  Aluminium_slab_scfres_guess.jld2

System facts:
    fft_size:      (25, 25, 120)
    kpoints:       72
    n_electrons:   60
    n_bands:       33

Compiling code ...
Timing SCF ...

n     Energy            Eₙ-Eₙ₋₁     ρout-ρin   Diag
---   ---------------   ---------   --------   ----
  1   -41.42845865909         NaN   3.06e-01    1.8 
  2   -40.84208592460    5.86e-01   7.90e-02    6.3 
  3   +425.4504809404    4.66e+02   1.56e+00    17.7 
  4   -18.79250043762   -4.44e+02   3.56e-01    10.4 
  5   -41.23844901887   -2.24e+01   3.57e-02    6.3 
  6   -17.66961102102    2.36e+01   3.31e-01    8.7 
  7   -41.28424732661   -2.36e+01   5.16e-02    7.9 
  8   -41.32384254985   -3.96e-02   3.40e-02    3.0 
  9   -41.43478881157   -1.11e-01   1.46e-02    2.7 
 10   -41.46554108898   -3.08e-02   2.36e-03    4.6 
 11   -41.46474388492    7.97e-04   4.34e-03    4.2 
 12   -41.46495854298   -2.15e-04   2.79e-03    3.5 
Energy breakdown:
    Kinetic             17.3430149
    AtomicLocal         6.8635399 
    AtomicNonlocal      7.9713399 
    Ewald               -53.9147822
    PspCorrection       -3.7611666
    Hartree             0.0851360 
    Xc                  -16.0520405

    total               -41.464958542975

 ──────────────────────────────────────────────────────────────────────────────
                                       Time                   Allocations      
                               ──────────────────────   ───────────────────────
       Tot / % measured:             781s / 100%             334GiB / 100%     

 Section               ncalls     time   %tot     avg     alloc   %tot      avg
 ──────────────────────────────────────────────────────────────────────────────
 self_consistent_field      1     778s   100%    778s    333GiB  100%    333GiB
   LOBPCG                 864     705s  90.6%   816ms    286GiB  85.9%   339MiB
     Hamiltonian mu...  6.42k     326s  41.9%  50.8ms   40.5GiB  12.1%  6.46MiB
     block multipli...  29.8k     129s  16.6%  4.35ms   72.7GiB  21.8%  2.50MiB
     rayleigh_ritz      5.55k    68.6s  8.81%  12.3ms   1.43GiB  0.43%   271KiB
     ortho              24.6k    62.5s  8.04%  2.55ms   50.2GiB  15.1%  2.09MiB
   energy_hamiltonian      25    35.4s  4.55%   1.42s   12.1GiB  3.62%   494MiB
   compute_density         12    34.8s  4.47%   2.90s   34.5GiB  10.4%  2.88GiB
   KerkerDosMixing         12   6.98ms  0.00%   581μs   20.7MiB  0.01%  1.73MiB
     SimpleMixing          12   2.00ms  0.00%   167μs   20.6MiB  0.01%  1.72MiB
   QR orthonormaliz...    864    792μs  0.00%   916ns     0.00B  0.00%    0.00B
 ──────────────────────────────────────────────────────────────────────────────

Total time in ns: 779163500930
