Julia version: 1.6.0-DEV.1324

Threading configuration: 
       JULIA_NUM_THREADS:   1
      JULIA_FFTW_THREADS:   2
      JULIA_BLAS_THREADS:   3
Payload:  Aluminium_slab_scfres_guess.jld2

System facts:
    fft_size:      (25, 25, 120)
    kpoints:       72
    n_electrons:   60
    n_bands:       33

Compiling code ...
Timing SCF ...

n     Energy            Eₙ-Eₙ₋₁     ρout-ρin   Diag
---   ---------------   ---------   --------   ----
  1   -41.42853100227         NaN   3.06e-01    1.8 
  2   -40.90017757919    5.28e-01   7.73e-02    6.4 
  3   +415.5894866167    4.56e+02   1.54e+00    17.4 
  4   -23.07852128654   -4.39e+02   3.23e-01    10.6 
  5   -41.15659989519   -1.81e+01   4.07e-02    6.1 
  6   -19.63888574923    2.15e+01   3.16e-01    8.7 
  7   -41.30468015271   -2.17e+01   5.18e-02    7.9 
  8   -41.34989466372   -4.52e-02   3.08e-02    3.0 
  9   -41.44076054044   -9.09e-02   1.33e-02    2.7 
 10   -41.46604406407   -2.53e-02   1.69e-03    4.5 
 11   -41.46483867705    1.21e-03   3.30e-03    6.0 
 12   -41.46576987360   -9.31e-04   2.33e-03    4.8 
Energy breakdown:
    Kinetic             17.3429652
    AtomicLocal         6.8645491 
    AtomicNonlocal      7.9711371 
    Ewald               -53.9147822
    PspCorrection       -3.7611666
    Hartree             0.0835578 
    Xc                  -16.0520303

    total               -41.465769873603

 ──────────────────────────────────────────────────────────────────────────────
                                       Time                   Allocations      
                               ──────────────────────   ───────────────────────
       Tot / % measured:             693s / 100%             333GiB / 100%     

 Section               ncalls     time   %tot     avg     alloc   %tot      avg
 ──────────────────────────────────────────────────────────────────────────────
 self_consistent_field      1     690s   100%    690s    333GiB  100%    333GiB
   LOBPCG                 864     623s  90.3%   721ms    286GiB  85.8%   339MiB
     Hamiltonian mu...  6.62k     313s  45.4%  47.3ms   40.5GiB  12.2%  6.26MiB
     block multipli...  31.0k    90.3s  13.1%  2.92ms   72.5GiB  21.8%  2.40MiB
     rayleigh_ritz      5.75k    60.2s  8.72%  10.5ms   1.42GiB  0.43%   259KiB
     ortho              25.4k    52.0s  7.54%  2.05ms   50.1GiB  15.0%  2.02MiB
   compute_density         12    37.5s  5.44%   3.13s   34.5GiB  10.4%  2.88GiB
   energy_hamiltonian      25    26.7s  3.87%   1.07s   12.1GiB  3.62%   494MiB
   KerkerDosMixing         12   7.51ms  0.00%   625μs   20.7MiB  0.01%  1.73MiB
     SimpleMixing          12   2.34ms  0.00%   195μs   20.6MiB  0.01%  1.72MiB
   QR orthonormaliz...    864    939μs  0.00%  1.09μs     0.00B  0.00%    0.00B
 ──────────────────────────────────────────────────────────────────────────────

Total time in ns: 691154527952
