Julia version: 1.6.0-DEV.1324

Threading configuration: 
       JULIA_NUM_THREADS:   1
      JULIA_FFTW_THREADS:   4
      JULIA_BLAS_THREADS:   3
Payload:  Aluminium_slab_scfres_guess.jld2

System facts:
    fft_size:      (25, 25, 120)
    kpoints:       72
    n_electrons:   60
    n_bands:       33

Compiling code ...
Timing SCF ...

n     Energy            Eₙ-Eₙ₋₁     ρout-ρin   Diag
---   ---------------   ---------   --------   ----
  1   -41.42853270089         NaN   3.06e-01    1.8 
  2   -40.89779738461    5.31e-01   7.74e-02    6.3 
  3   +415.7802131331    4.57e+02   1.54e+00    17.4 
  4   -22.96699403053   -4.39e+02   3.24e-01    10.5 
  5   -41.15247522275   -1.82e+01   4.10e-02    6.1 
  6   -19.71207022849    2.14e+01   3.16e-01    8.7 
  7   -41.30400346124   -2.16e+01   5.20e-02    7.9 
  8   -41.35063766523   -4.66e-02   3.06e-02    3.0 
  9   -41.44073735584   -9.01e-02   1.33e-02    2.8 
 10   -41.46598300712   -2.52e-02   1.75e-03    4.4 
 11   -41.46537470450    6.08e-04   2.93e-03    5.6 
 12   -41.46605201576   -6.77e-04   1.60e-03    4.2 
Energy breakdown:
    Kinetic             17.3430121
    AtomicLocal         6.8642341 
    AtomicNonlocal      7.9712290 
    Ewald               -53.9147822
    PspCorrection       -3.7611666
    Hartree             0.0834377 
    Xc                  -16.0520161

    total               -41.466052015761

 ──────────────────────────────────────────────────────────────────────────────
                                       Time                   Allocations      
                               ──────────────────────   ───────────────────────
       Tot / % measured:             608s / 100%             332GiB / 100%     

 Section               ncalls     time   %tot     avg     alloc   %tot      avg
 ──────────────────────────────────────────────────────────────────────────────
 self_consistent_field      1     606s   100%    606s    331GiB  100%    331GiB
   LOBPCG                 864     551s  91.0%   638ms    284GiB  85.8%   337MiB
     Hamiltonian mu...  6.53k     250s  41.2%  38.2ms   40.2GiB  12.1%  6.31MiB
     block multipli...  30.4k    90.7s  15.0%  2.98ms   71.8GiB  21.7%  2.42MiB
     rayleigh_ritz      5.66k    56.7s  9.35%  10.0ms   1.41GiB  0.43%   262KiB
     ortho              25.0k    52.9s  8.73%  2.12ms   49.7GiB  15.0%  2.04MiB
   energy_hamiltonian      25    26.0s  4.30%   1.04s   12.1GiB  3.64%   494MiB
   compute_density         12    25.9s  4.28%   2.16s   34.5GiB  10.4%  2.88GiB
   KerkerDosMixing         12   6.84ms  0.00%   570μs   20.7MiB  0.01%  1.73MiB
     SimpleMixing          12   1.87ms  0.00%   156μs   20.6MiB  0.01%  1.72MiB
   QR orthonormaliz...    864    664μs  0.00%   768ns     0.00B  0.00%    0.00B
 ──────────────────────────────────────────────────────────────────────────────

Total time in ns: 607057164563
