Julia version: 1.6.0-DEV.1324

Threading configuration: 
       JULIA_NUM_THREADS:   1
      JULIA_FFTW_THREADS:   1
      JULIA_BLAS_THREADS:   3
Payload:  Aluminium_slab_scfres_guess.jld2

System facts:
    fft_size:      (25, 25, 120)
    kpoints:       72
    n_electrons:   60
    n_bands:       33

Compiling code ...
Timing SCF ...

n     Energy            Eₙ-Eₙ₋₁     ρout-ρin   Diag
---   ---------------   ---------   --------   ----
  1   -41.42850324028         NaN   3.06e-01    1.8 
  2   -40.86451796024    5.64e-01   7.84e-02    6.5 
  3   +421.3233771597    4.62e+02   1.55e+00    18.0 
  4   -20.86182317282   -4.42e+02   3.40e-01    10.5 
  5   -41.15842536838   -2.03e+01   4.04e-02    6.2 
  6   -18.89359831977    2.23e+01   3.22e-01    8.8 
  7   -41.32626529072   -2.24e+01   4.93e-02    8.1 
  8   -41.34048851060   -1.42e-02   3.19e-02    3.0 
  9   -41.43719492749   -9.67e-02   1.42e-02    2.7 
 10   -41.46604196953   -2.88e-02   1.68e-03    4.4 
 11   -41.46361306162    2.43e-03   4.03e-03    6.2 
 12   -41.46548100150   -1.87e-03   2.61e-03    5.0 
Energy breakdown:
    Kinetic             17.3429202
    AtomicLocal         6.8645345 
    AtomicNonlocal      7.9713261 
    Ewald               -53.9147822
    PspCorrection       -3.7611666
    Hartree             0.0837073 
    Xc                  -16.0520203

    total               -41.465481001502

 ──────────────────────────────────────────────────────────────────────────────
                                       Time                   Allocations      
                               ──────────────────────   ───────────────────────
       Tot / % measured:             715s / 100%             337GiB / 100%     

 Section               ncalls     time   %tot     avg     alloc   %tot      avg
 ──────────────────────────────────────────────────────────────────────────────
 self_consistent_field      1     712s   100%    712s    336GiB  100%    336GiB
   LOBPCG                 864     649s  91.1%   751ms    289GiB  86.0%   343MiB
     Hamiltonian mu...  6.70k     350s  49.1%  52.2ms   41.0GiB  12.2%  6.26MiB
     block multipli...  31.5k    89.2s  12.5%  2.83ms   73.9GiB  22.0%  2.40MiB
     rayleigh_ritz      5.84k    57.9s  8.13%  9.92ms   1.45GiB  0.43%   260KiB
     ortho              25.8k    50.9s  7.15%  1.98ms   50.8GiB  15.1%  2.02MiB
   compute_density         12    34.5s  4.84%   2.88s   34.5GiB  10.3%  2.88GiB
   energy_hamiltonian      25    26.0s  3.65%   1.04s   12.1GiB  3.59%   494MiB
   KerkerDosMixing         12   7.33ms  0.00%   611μs   20.7MiB  0.01%  1.73MiB
     SimpleMixing          12   2.39ms  0.00%   199μs   20.6MiB  0.01%  1.72MiB
   QR orthonormaliz...    864    693μs  0.00%   802ns     0.00B  0.00%    0.00B
 ──────────────────────────────────────────────────────────────────────────────

Total time in ns: 713474615985
