Julia version: 1.6.0-DEV.1324

Threading configuration: 
       JULIA_NUM_THREADS:   1
      JULIA_FFTW_THREADS:   4
      JULIA_BLAS_THREADS:   4
Payload:  Aluminium_slab_scfres_guess.jld2

System facts:
    fft_size:      (25, 25, 120)
    kpoints:       72
    n_electrons:   60
    n_bands:       33

Compiling code ...
Timing SCF ...

n     Energy            Eₙ-Eₙ₋₁     ρout-ρin   Diag
---   ---------------   ---------   --------   ----
  1   -41.42845477919         NaN   3.06e-01    1.8 
  2   -40.79820407753    6.30e-01   8.03e-02    6.4 
  3   +436.1882692971    4.77e+02   1.59e+00    17.4 
  4   -12.90623351771   -4.49e+02   3.98e-01    10.2 
  5   -41.00001248955   -2.81e+01   4.97e-02    6.6 
  6   -21.86624020147    1.91e+01   3.00e-01    8.6 
  7   -41.18388362337   -1.93e+01   6.41e-02    7.8 
  8   -41.29999858887   -1.16e-01   3.74e-02    3.3 
  9   -41.42820049597   -1.28e-01   1.54e-02    2.4 
 10   -41.46593112830   -3.77e-02   1.98e-03    4.6 
 11   -41.46162369244    4.31e-03   5.08e-03    6.5 
 12   -41.46594405485   -4.32e-03   1.87e-03    4.8 
Energy breakdown:
    Kinetic             17.3429294
    AtomicLocal         6.8643820 
    AtomicNonlocal      7.9712554 
    Ewald               -53.9147822
    PspCorrection       -3.7611666
    Hartree             0.0834557 
    Xc                  -16.0520178

    total               -41.465944054846

 ──────────────────────────────────────────────────────────────────────────────
                                       Time                   Allocations      
                               ──────────────────────   ───────────────────────
       Tot / % measured:             583s / 100%             338GiB / 100%     

 Section               ncalls     time   %tot     avg     alloc   %tot      avg
 ──────────────────────────────────────────────────────────────────────────────
 self_consistent_field      1     580s   100%    580s    337GiB  100%    337GiB
   LOBPCG                 864     531s  91.5%   615ms    290GiB  86.0%   344MiB
     Hamiltonian mu...  6.65k     242s  41.7%  36.4ms   41.1GiB  12.2%  6.32MiB
     block multipli...  31.2k    73.3s  12.6%  2.35ms   74.2GiB  22.0%  2.44MiB
     rayleigh_ritz      5.79k    55.1s  9.49%  9.51ms   1.46GiB  0.43%   265KiB
     ortho              25.6k    53.5s  9.22%  2.09ms   51.0GiB  15.1%  2.04MiB
   compute_density         12    24.8s  4.27%   2.06s   34.5GiB  10.2%  2.88GiB
   energy_hamiltonian      25    21.9s  3.77%   875ms   12.1GiB  3.58%   494MiB
   KerkerDosMixing         12   6.97ms  0.00%   581μs   20.7MiB  0.01%  1.73MiB
     SimpleMixing          12   1.97ms  0.00%   164μs   20.6MiB  0.01%  1.72MiB
   QR orthonormaliz...    864    694μs  0.00%   803ns     0.00B  0.00%    0.00B
 ──────────────────────────────────────────────────────────────────────────────

Total time in ns: 581497520478
