Julia version: 1.6.0-DEV.1324

Threading configuration: 
       JULIA_NUM_THREADS:   1
      JULIA_FFTW_THREADS:   1
      JULIA_BLAS_THREADS:   4
Payload:  Aluminium_slab_scfres_guess.jld2

System facts:
    fft_size:      (25, 25, 120)
    kpoints:       72
    n_electrons:   60
    n_bands:       33

Compiling code ...
Timing SCF ...

n     Energy            Eₙ-Eₙ₋₁     ρout-ρin   Diag
---   ---------------   ---------   --------   ----
  1   -41.42843952878         NaN   3.06e-01    1.8 
  2   -40.79655321451    6.32e-01   8.04e-02    6.4 
  3   +436.4135713998    4.77e+02   1.59e+00    17.3 
  4   -12.82523433826   -4.49e+02   3.99e-01    10.2 
  5   -41.00071108449   -2.82e+01   4.96e-02    6.6 
  6   -21.84375246364    1.92e+01   3.00e-01    8.5 
  7   -41.18377731315   -1.93e+01   6.41e-02    7.8 
  8   -41.29853052465   -1.15e-01   3.76e-02    3.3 
  9   -41.42793482869   -1.29e-01   1.55e-02    2.4 
 10   -41.46599453902   -3.81e-02   1.90e-03    4.7 
 11   -41.46331929393    2.68e-03   4.21e-03    6.4 
 12   -41.46612127406   -2.80e-03   2.22e-03    4.7 
Energy breakdown:
    Kinetic             17.3431336
    AtomicLocal         6.8649259 
    AtomicNonlocal      7.9702780 
    Ewald               -53.9147822
    PspCorrection       -3.7611666
    Hartree             0.0835796 
    Xc                  -16.0520896

    total               -41.466121274064

 ──────────────────────────────────────────────────────────────────────────────
                                       Time                   Allocations      
                               ──────────────────────   ───────────────────────
       Tot / % measured:             687s / 100%             337GiB / 100%     

 Section               ncalls     time   %tot     avg     alloc   %tot      avg
 ──────────────────────────────────────────────────────────────────────────────
 self_consistent_field      1     684s   100%    684s    337GiB  100%    337GiB
   LOBPCG                 864     626s  91.5%   725ms    290GiB  86.0%   343MiB
     Hamiltonian mu...  6.63k     341s  49.9%  51.5ms   41.0GiB  12.2%  6.33MiB
     block multipli...  31.1k    73.4s  10.7%  2.36ms   74.0GiB  22.0%  2.44MiB
     rayleigh_ritz      5.77k    54.2s  7.91%  9.39ms   1.46GiB  0.43%   265KiB
     ortho              25.4k    51.9s  7.59%  2.04ms   50.8GiB  15.1%  2.05MiB
   compute_density         12    34.5s  5.03%   2.87s   34.5GiB  10.3%  2.88GiB
   energy_hamiltonian      25    20.9s  3.06%   838ms   12.1GiB  3.58%   494MiB
   KerkerDosMixing         12   6.85ms  0.00%   571μs   20.7MiB  0.01%  1.73MiB
     SimpleMixing          12   1.80ms  0.00%   150μs   20.6MiB  0.01%  1.72MiB
   QR orthonormaliz...    864    837μs  0.00%   968ns     0.00B  0.00%    0.00B
 ──────────────────────────────────────────────────────────────────────────────

Total time in ns: 685483779048
