Julia version: 1.6.0-DEV.1324

Threading configuration: 
       JULIA_NUM_THREADS:   1
      JULIA_FFTW_THREADS:   2
      JULIA_BLAS_THREADS:   4
Payload:  Aluminium_slab_scfres_guess.jld2

System facts:
    fft_size:      (25, 25, 120)
    kpoints:       72
    n_electrons:   60
    n_bands:       33

Compiling code ...
Timing SCF ...

n     Energy            Eₙ-Eₙ₋₁     ρout-ρin   Diag
---   ---------------   ---------   --------   ----
  1   -41.42844998689         NaN   3.06e-01    1.8 
  2   -40.80593045342    6.23e-01   8.01e-02    6.4 
  3   +430.0849664795    4.71e+02   1.58e+00    17.5 
  4   -15.11397095892   -4.45e+02   3.84e-01    10.0 
  5   -41.15647854374   -2.60e+01   4.14e-02    6.6 
  6   -19.65205573416    2.15e+01   3.17e-01    8.6 
  7   -41.19065529970   -2.15e+01   6.08e-02    7.8 
  8   -41.29658533000   -1.06e-01   3.76e-02    3.2 
  9   -41.42814991534   -1.32e-01   1.52e-02    2.5 
 10   -41.46581268935   -3.77e-02   2.15e-03    4.5 
 11   -41.46507418379    7.39e-04   4.33e-03    4.3 
 12   -41.46438758000    6.87e-04   3.42e-03    3.4 
Energy breakdown:
    Kinetic             17.3430212
    AtomicLocal         6.8634337 
    AtomicNonlocal      7.9713354 
    Ewald               -53.9147822
    PspCorrection       -3.7611666
    Hartree             0.0858215 
    Xc                  -16.0520506

    total               -41.464387580000

 ──────────────────────────────────────────────────────────────────────────────
                                       Time                   Allocations      
                               ──────────────────────   ───────────────────────
       Tot / % measured:             641s / 100%             334GiB / 100%     

 Section               ncalls     time   %tot     avg     alloc   %tot      avg
 ──────────────────────────────────────────────────────────────────────────────
 self_consistent_field      1     638s   100%    638s    334GiB  100%    334GiB
   LOBPCG                 864     577s  90.4%   668ms    287GiB  85.9%   340MiB
     Hamiltonian mu...  6.37k     290s  45.5%  45.6ms   40.5GiB  12.1%  6.52MiB
     block multipli...  29.5k    72.5s  11.4%  2.46ms   72.9GiB  21.8%  2.53MiB
     rayleigh_ritz      5.51k    56.3s  8.82%  10.2ms   1.45GiB  0.43%   276KiB
     ortho              24.3k    52.5s  8.23%  2.16ms   50.3GiB  15.1%  2.12MiB
   compute_density         12    36.7s  5.75%   3.06s   34.5GiB  10.3%  2.88GiB
   energy_hamiltonian      25    21.7s  3.40%   868ms   12.1GiB  3.61%   494MiB
   KerkerDosMixing         12   6.54ms  0.00%   545μs   20.7MiB  0.01%  1.73MiB
     SimpleMixing          12   1.48ms  0.00%   123μs   20.6MiB  0.01%  1.72MiB
   QR orthonormaliz...    864    935μs  0.00%  1.08μs     0.00B  0.00%    0.00B
 ──────────────────────────────────────────────────────────────────────────────

Total time in ns: 639145569433
