Julia version: 1.6.0-DEV.1324

Threading configuration: 
       JULIA_NUM_THREADS:   1
      JULIA_FFTW_THREADS:   3
      JULIA_BLAS_THREADS:   4
Payload:  Aluminium_slab_scfres_guess.jld2

System facts:
    fft_size:      (25, 25, 120)
    kpoints:       72
    n_electrons:   60
    n_bands:       33

Compiling code ...
Timing SCF ...

n     Energy            Eₙ-Eₙ₋₁     ρout-ρin   Diag
---   ---------------   ---------   --------   ----
  1   -41.42843496666         NaN   3.06e-01    1.8 
  2   -40.79414976115    6.34e-01   8.04e-02    6.4 
  3   +436.7794285751    4.78e+02   1.59e+00    17.3 
  4   -12.67251133770   -4.49e+02   4.00e-01    10.3 
  5   -41.00919314565   -2.83e+01   4.92e-02    6.6 
  6   -21.69704379525    1.93e+01   3.01e-01    8.6 
  7   -41.18115394509   -1.95e+01   6.42e-02    7.7 
  8   -41.29878664799   -1.18e-01   3.75e-02    3.3 
  9   -41.42730373418   -1.29e-01   1.56e-02    2.4 
 10   -41.46598431355   -3.87e-02   1.91e-03    4.6 
 11   -41.46260534212    3.38e-03   4.74e-03    6.5 
 12   -41.46609936971   -3.49e-03   2.12e-03    4.9 
Energy breakdown:
    Kinetic             17.3431441
    AtomicLocal         6.8647616 
    AtomicNonlocal      7.9704304 
    Ewald               -53.9147822
    PspCorrection       -3.7611666
    Hartree             0.0835922 
    Xc                  -16.0520789

    total               -41.466099369709

 ──────────────────────────────────────────────────────────────────────────────
                                       Time                   Allocations      
                               ──────────────────────   ───────────────────────
       Tot / % measured:             596s / 100%             337GiB / 100%     

 Section               ncalls     time   %tot     avg     alloc   %tot      avg
 ──────────────────────────────────────────────────────────────────────────────
 self_consistent_field      1     594s   100%    594s    337GiB  100%    337GiB
   LOBPCG                 864     539s  90.9%   624ms    290GiB  86.0%   344MiB
     Hamiltonian mu...  6.65k     250s  42.1%  37.5ms   41.0GiB  12.2%  6.32MiB
     block multipli...  31.2k    72.5s  12.2%  2.33ms   74.1GiB  22.0%  2.43MiB
     rayleigh_ritz      5.79k    56.9s  9.59%  9.83ms   1.46GiB  0.43%   264KiB
     ortho              25.5k    52.8s  8.90%  2.07ms   50.9GiB  15.1%  2.04MiB
   compute_density         12    29.4s  4.96%   2.45s   34.5GiB  10.2%  2.88GiB
   energy_hamiltonian      25    21.7s  3.66%   870ms   12.1GiB  3.58%   494MiB
   KerkerDosMixing         12   7.13ms  0.00%   594μs   20.7MiB  0.01%  1.73MiB
     SimpleMixing          12   2.00ms  0.00%   166μs   20.6MiB  0.01%  1.72MiB
   QR orthonormaliz...    864    914μs  0.00%  1.06μs     0.00B  0.00%    0.00B
 ──────────────────────────────────────────────────────────────────────────────

Total time in ns: 594552422348
