Julia version: 1.6.0-DEV.1324

Threading configuration: 
       JULIA_NUM_THREADS:   2
      JULIA_FFTW_THREADS:   1
      JULIA_BLAS_THREADS:   1
Payload:  Aluminium_slab_scfres_guess.jld2

System facts:
    fft_size:      (25, 25, 120)
    kpoints:       72
    n_electrons:   60
    n_bands:       33

Compiling code ...
Timing SCF ...

n     Energy            Eₙ-Eₙ₋₁     ρout-ρin   Diag
---   ---------------   ---------   --------   ----
  1   -41.42848622653         NaN   3.06e-01    1.8 
  2   -40.84095926125    5.88e-01   7.91e-02    6.4 
  3   +425.4831579120    4.66e+02   1.56e+00    17.9 
  4   -18.68797499447   -4.44e+02   3.57e-01    10.4 
  5   -41.23275362678   -2.25e+01   3.62e-02    6.2 
  6   -18.00039890001    2.32e+01   3.28e-01    8.5 
  7   -41.27100890476   -2.33e+01   5.29e-02    7.9 
  8   -41.32016048691   -4.92e-02   3.44e-02    3.1 
  9   -41.43404924807   -1.14e-01   1.46e-02    2.7 
 10   -41.46543395251   -3.14e-02   2.50e-03    4.5 
 11   -41.46470918100    7.25e-04   4.78e-03    4.1 
 12   -41.46494597543   -2.37e-04   2.88e-03    3.3 
Energy breakdown:
    Kinetic             17.3429792
    AtomicLocal         6.8635052 
    AtomicNonlocal      7.9714204 
    Ewald               -53.9147822
    PspCorrection       -3.7611666
    Hartree             0.0851318 
    Xc                  -16.0520339

    total               -41.464945975430

 ──────────────────────────────────────────────────────────────────────────────
                                       Time                   Allocations      
                               ──────────────────────   ───────────────────────
       Tot / % measured:             989s / 100%             334GiB / 100%     

 Section               ncalls     time   %tot     avg     alloc   %tot      avg
 ──────────────────────────────────────────────────────────────────────────────
 self_consistent_field      1     986s   100%    986s    334GiB  100%    334GiB
   LOBPCG                 864     897s  90.9%   1.04s    287GiB  85.8%   340MiB
     Hamiltonian mu...  6.39k     365s  37.0%  57.1ms   41.3GiB  12.4%  6.62MiB
     block multipli...  29.6k     228s  23.1%  7.70ms   72.5GiB  21.7%  2.51MiB
     rayleigh_ritz      5.53k    84.5s  8.57%  15.3ms   1.43GiB  0.43%   271KiB
     ortho              24.4k    82.0s  8.32%  3.36ms   50.1GiB  15.0%  2.10MiB
   energy_hamiltonian      25    66.4s  6.73%   2.65s   12.1GiB  3.63%   497MiB
   compute_density         12    20.1s  2.04%   1.68s   34.6GiB  10.4%  2.88GiB
   KerkerDosMixing         12   7.46ms  0.00%   622μs   20.7MiB  0.01%  1.73MiB
     SimpleMixing          12   2.44ms  0.00%   203μs   20.6MiB  0.01%  1.72MiB
   QR orthonormaliz...    864    789μs  0.00%   913ns     0.00B  0.00%    0.00B
 ──────────────────────────────────────────────────────────────────────────────

Total time in ns: 987250963148
