Julia version: 1.6.0-DEV.1324

Threading configuration: 
       JULIA_NUM_THREADS:   2
      JULIA_FFTW_THREADS:   1
      JULIA_BLAS_THREADS:   2
Payload:  Aluminium_slab_scfres_guess.jld2

System facts:
    fft_size:      (25, 25, 120)
    kpoints:       72
    n_electrons:   60
    n_bands:       33

Compiling code ...
Timing SCF ...

n     Energy            Eₙ-Eₙ₋₁     ρout-ρin   Diag
---   ---------------   ---------   --------   ----
  1   -41.42845876632         NaN   3.06e-01    1.8 
  2   -40.83990023227    5.89e-01   7.91e-02    6.4 
  3   +425.9927433284    4.67e+02   1.57e+00    17.7 
  4   -18.59168672357   -4.45e+02   3.58e-01    10.4 
  5   -41.23954263013   -2.26e+01   3.56e-02    6.3 
  6   -17.65957816174    2.36e+01   3.31e-01    8.5 
  7   -41.28229117881   -2.36e+01   5.17e-02    7.9 
  8   -41.32304946257   -4.08e-02   3.40e-02    3.0 
  9   -41.43448960318   -1.11e-01   1.47e-02    2.7 
 10   -41.46567469359   -3.12e-02   2.20e-03    4.5 
 11   -41.46514576484    5.29e-04   3.75e-03    4.2 
 12   -41.46481524364    3.31e-04   2.91e-03    3.6 
Energy breakdown:
    Kinetic             17.3430308
    AtomicLocal         6.8634092 
    AtomicNonlocal      7.9714468 
    Ewald               -53.9147822
    PspCorrection       -3.7611666
    Hartree             0.0852817 
    Xc                  -16.0520349

    total               -41.464815243644

 ──────────────────────────────────────────────────────────────────────────────
                                       Time                   Allocations      
                               ──────────────────────   ───────────────────────
       Tot / % measured:             728s / 100%             335GiB / 100%     

 Section               ncalls     time   %tot     avg     alloc   %tot      avg
 ──────────────────────────────────────────────────────────────────────────────
 self_consistent_field      1     726s   100%    726s    334GiB  100%    334GiB
   LOBPCG                 864     660s  90.9%   764ms    287GiB  85.9%   340MiB
     Hamiltonian mu...  6.42k     251s  34.6%  39.2ms   41.4GiB  12.4%  6.61MiB
     block multipli...  29.8k     137s  18.9%  4.61ms   72.7GiB  21.7%  2.50MiB
     ortho              24.6k    72.0s  9.92%  2.93ms   50.2GiB  15.0%  2.09MiB
     rayleigh_ritz      5.55k    70.0s  9.64%  12.6ms   1.43GiB  0.43%   271KiB
   energy_hamiltonian      25    41.3s  5.70%   1.65s   12.1GiB  3.63%   497MiB
   compute_density         12    21.7s  2.99%   1.81s   34.6GiB  10.3%  2.88GiB
   KerkerDosMixing         12   8.02ms  0.00%   668μs   20.7MiB  0.01%  1.73MiB
     SimpleMixing          12   2.68ms  0.00%   223μs   20.6MiB  0.01%  1.72MiB
   QR orthonormaliz...    864    967μs  0.00%  1.12μs     0.00B  0.00%    0.00B
 ──────────────────────────────────────────────────────────────────────────────

Total time in ns: 726878910733
