Julia version: 1.6.0-DEV.1324

Threading configuration: 
       JULIA_NUM_THREADS:   2
      JULIA_FFTW_THREADS:   2
      JULIA_BLAS_THREADS:   2
Payload:  Aluminium_slab_scfres_guess.jld2

System facts:
    fft_size:      (25, 25, 120)
    kpoints:       72
    n_electrons:   60
    n_bands:       33

Compiling code ...
Timing SCF ...

n     Energy            Eₙ-Eₙ₋₁     ρout-ρin   Diag
---   ---------------   ---------   --------   ----
  1   -41.42849457703         NaN   3.06e-01    1.8 
  2   -40.83779105371    5.91e-01   7.92e-02    6.4 
  3   +426.3122980008    4.67e+02   1.57e+00    17.7 
  4   -18.46214914470   -4.45e+02   3.59e-01    10.4 
  5   -41.21154937395   -2.27e+01   3.75e-02    6.2 
  6   -18.11029754949    2.31e+01   3.28e-01    8.4 
  7   -41.27586660823   -2.32e+01   5.31e-02    7.8 
  8   -41.32060896219   -4.47e-02   3.42e-02    3.1 
  9   -41.43378762728   -1.13e-01   1.47e-02    2.7 
 10   -41.46558391239   -3.18e-02   2.34e-03    4.5 
 11   -41.46500103616    5.83e-04   4.28e-03    4.2 
 12   -41.46488067842    1.20e-04   2.96e-03    3.3 
Energy breakdown:
    Kinetic             17.3429785
    AtomicLocal         6.8635705 
    AtomicNonlocal      7.9713322 
    Ewald               -53.9147822
    PspCorrection       -3.7611666
    Hartree             0.0852274 
    Xc                  -16.0520405

    total               -41.464880678416

 ──────────────────────────────────────────────────────────────────────────────
                                       Time                   Allocations      
                               ──────────────────────   ───────────────────────
       Tot / % measured:             734s / 100%             339GiB / 100%     

 Section               ncalls     time   %tot     avg     alloc   %tot      avg
 ──────────────────────────────────────────────────────────────────────────────
 self_consistent_field      1     732s   100%    732s    339GiB  100%    339GiB
   LOBPCG                 864     664s  90.8%   769ms    291GiB  85.9%   345MiB
     Hamiltonian mu...  6.38k     291s  39.7%  45.6ms   46.4GiB  13.7%  7.44MiB
     block multipli...  29.5k     128s  17.4%  4.32ms   72.3GiB  21.3%  2.51MiB
     rayleigh_ritz      5.51k    68.4s  9.34%  12.4ms   1.43GiB  0.42%   271KiB
     ortho              24.4k    62.9s  8.60%  2.58ms   50.0GiB  14.7%  2.10MiB
   energy_hamiltonian      25    36.9s  5.04%   1.47s   12.1GiB  3.58%   497MiB
   compute_density         12    27.7s  3.78%   2.31s   35.0GiB  10.3%  2.92GiB
   KerkerDosMixing         12   7.98ms  0.00%   665μs   20.7MiB  0.01%  1.73MiB
     SimpleMixing          12   2.82ms  0.00%   235μs   20.6MiB  0.01%  1.72MiB
   QR orthonormaliz...    864    744μs  0.00%   861ns     0.00B  0.00%    0.00B
 ──────────────────────────────────────────────────────────────────────────────

Total time in ns: 732931984842
