Julia version: 1.6.0-DEV.1324

Threading configuration: 
       JULIA_NUM_THREADS:   2
      JULIA_FFTW_THREADS:   3
      JULIA_BLAS_THREADS:   2
Payload:  Aluminium_slab_scfres_guess.jld2

System facts:
    fft_size:      (25, 25, 120)
    kpoints:       72
    n_electrons:   60
    n_bands:       33

Compiling code ...
Timing SCF ...

n     Energy            Eₙ-Eₙ₋₁     ρout-ρin   Diag
---   ---------------   ---------   --------   ----
  1   -41.42845887960         NaN   3.06e-01    1.8 
  2   -40.84263725795    5.86e-01   7.90e-02    6.4 
  3   +425.3074985250    4.66e+02   1.56e+00    17.6 
  4   -18.80243385582   -4.44e+02   3.56e-01    10.4 
  5   -41.23856315838   -2.24e+01   3.57e-02    6.3 
  6   -17.69326367732    2.35e+01   3.31e-01    8.6 
  7   -41.28492260177   -2.36e+01   5.15e-02    7.8 
  8   -41.32425792654   -3.93e-02   3.39e-02    3.0 
  9   -41.43501337799   -1.11e-01   1.46e-02    2.7 
 10   -41.46566792079   -3.07e-02   2.21e-03    4.5 
 11   -41.46508110916    5.87e-04   3.92e-03    4.3 
 12   -41.46483948014    2.42e-04   2.90e-03    3.6 
Energy breakdown:
    Kinetic             17.3430453
    AtomicLocal         6.8635922 
    AtomicNonlocal      7.9712311 
    Ewald               -53.9147822
    PspCorrection       -3.7611666
    Hartree             0.0852872 
    Xc                  -16.0520465

    total               -41.464839480135

 ──────────────────────────────────────────────────────────────────────────────
                                       Time                   Allocations      
                               ──────────────────────   ───────────────────────
       Tot / % measured:             712s / 100%             336GiB / 100%     

 Section               ncalls     time   %tot     avg     alloc   %tot      avg
 ──────────────────────────────────────────────────────────────────────────────
 self_consistent_field      1     710s   100%    710s    335GiB  100%    335GiB
   LOBPCG                 864     645s  90.9%   747ms    288GiB  85.9%   341MiB
     Hamiltonian mu...  6.41k     259s  36.4%  40.3ms   42.4GiB  12.6%  6.78MiB
     block multipli...  29.7k     133s  18.7%  4.47ms   72.7GiB  21.7%  2.50MiB
     rayleigh_ritz      5.54k    69.3s  9.76%  12.5ms   1.43GiB  0.43%   271KiB
     ortho              24.5k    66.3s  9.35%  2.70ms   50.2GiB  15.0%  2.09MiB
   energy_hamiltonian      25    38.3s  5.40%   1.53s   12.1GiB  3.61%   497MiB
   compute_density         12    23.3s  3.28%   1.94s   34.7GiB  10.3%  2.89GiB
   KerkerDosMixing         12   7.80ms  0.00%   650μs   20.7MiB  0.01%  1.73MiB
     SimpleMixing          12   2.39ms  0.00%   199μs   20.6MiB  0.01%  1.72MiB
   QR orthonormaliz...    864    791μs  0.00%   916ns     0.00B  0.00%    0.00B
 ──────────────────────────────────────────────────────────────────────────────

Total time in ns: 710546764720
