Julia version: 1.6.0-DEV.1324

Threading configuration: 
       JULIA_NUM_THREADS:   2
      JULIA_FFTW_THREADS:   1
      JULIA_BLAS_THREADS:   3
Payload:  Aluminium_slab_scfres_guess.jld2

System facts:
    fft_size:      (25, 25, 120)
    kpoints:       72
    n_electrons:   60
    n_bands:       33

Compiling code ...
Timing SCF ...

n     Energy            Eₙ-Eₙ₋₁     ρout-ρin   Diag
---   ---------------   ---------   --------   ----
  1   -41.42850343266         NaN   3.06e-01    1.8 
  2   -40.86884483152    5.60e-01   7.83e-02    6.4 
  3   +420.5319364739    4.61e+02   1.55e+00    17.9 
  4   -21.13521174674   -4.42e+02   3.38e-01    10.5 
  5   -41.16419568268   -2.00e+01   4.01e-02    6.1 
  6   -18.90514558392    2.23e+01   3.22e-01    8.8 
  7   -41.32571072072   -2.24e+01   4.93e-02    8.0 
  8   -41.34364143344   -1.79e-02   3.17e-02    3.0 
  9   -41.43805316496   -9.44e-02   1.40e-02    2.7 
 10   -41.46598058911   -2.79e-02   1.75e-03    4.4 
 11   -41.46537253676    6.08e-04   2.93e-03    5.5 
 12   -41.46601318951   -6.41e-04   1.55e-03    3.2 
Energy breakdown:
    Kinetic             17.3430221
    AtomicLocal         6.8638947 
    AtomicNonlocal      7.9713866 
    Ewald               -53.9147822
    PspCorrection       -3.7611666
    Hartree             0.0836480 
    Xc                  -16.0520159

    total               -41.466013189511

 ──────────────────────────────────────────────────────────────────────────────
                                       Time                   Allocations      
                               ──────────────────────   ───────────────────────
       Tot / % measured:             615s / 100%             334GiB / 100%     

 Section               ncalls     time   %tot     avg     alloc   %tot      avg
 ──────────────────────────────────────────────────────────────────────────────
 self_consistent_field      1     612s   100%    612s    333GiB  100%    333GiB
   LOBPCG                 864     556s  90.9%   644ms    286GiB  85.8%   339MiB
     Hamiltonian mu...  6.51k     231s  37.7%  35.5ms   41.3GiB  12.4%  6.50MiB
     block multipli...  30.3k    95.1s  15.5%  3.14ms   72.2GiB  21.7%  2.44MiB
     rayleigh_ritz      5.64k    61.7s  10.1%  10.9ms   1.42GiB  0.43%   265KiB
     ortho              24.9k    57.1s  9.33%  2.30ms   49.9GiB  15.0%  2.06MiB
   energy_hamiltonian      25    30.5s  4.99%   1.22s   12.1GiB  3.64%   497MiB
   compute_density         12    21.8s  3.56%   1.82s   34.6GiB  10.4%  2.88GiB
   KerkerDosMixing         12   9.78ms  0.00%   815μs   20.7MiB  0.01%  1.73MiB
     SimpleMixing          12   3.57ms  0.00%   297μs   20.6MiB  0.01%  1.72MiB
   QR orthonormaliz...    864   1.06ms  0.00%  1.22μs     0.00B  0.00%    0.00B
 ──────────────────────────────────────────────────────────────────────────────

Total time in ns: 613162799491
