Julia version: 1.6.0-DEV.1324

Threading configuration: 
       JULIA_NUM_THREADS:   2
      JULIA_FFTW_THREADS:   2
      JULIA_BLAS_THREADS:   3
Payload:  Aluminium_slab_scfres_guess.jld2

System facts:
    fft_size:      (25, 25, 120)
    kpoints:       72
    n_electrons:   60
    n_bands:       33

Compiling code ...
Timing SCF ...

n     Energy            Eₙ-Eₙ₋₁     ρout-ρin   Diag
---   ---------------   ---------   --------   ----
  1   -41.42850315232         NaN   3.06e-01    1.8 
  2   -40.86477829486    5.64e-01   7.84e-02    6.4 
  3   +421.2577218175    4.62e+02   1.55e+00    17.9 
  4   -20.86198480602   -4.42e+02   3.40e-01    10.5 
  5   -41.15683924463   -2.03e+01   4.05e-02    6.1 
  6   -18.90979916609    2.22e+01   3.22e-01    8.8 
  7   -41.32642533031   -2.24e+01   4.93e-02    8.0 
  8   -41.34041157119   -1.40e-02   3.18e-02    3.0 
  9   -41.43735528234   -9.69e-02   1.42e-02    2.8 
 10   -41.46603739966   -2.87e-02   1.67e-03    4.4 
 11   -41.46460816346    1.43e-03   3.43e-03    6.0 
 12   -41.46589131166   -1.28e-03   2.08e-03    4.8 
Energy breakdown:
    Kinetic             17.3430646
    AtomicLocal         6.8645884 
    AtomicNonlocal      7.9709403 
    Ewald               -53.9147822
    PspCorrection       -3.7611666
    Hartree             0.0835051 
    Xc                  -16.0520409

    total               -41.465891311663

 ──────────────────────────────────────────────────────────────────────────────
                                       Time                   Allocations      
                               ──────────────────────   ───────────────────────
       Tot / % measured:             637s / 100%             340GiB / 100%     

 Section               ncalls     time   %tot     avg     alloc   %tot      avg
 ──────────────────────────────────────────────────────────────────────────────
 self_consistent_field      1     635s   100%    635s    339GiB  100%    339GiB
   LOBPCG                 864     577s  90.9%   668ms    292GiB  85.9%   346MiB
     Hamiltonian mu...  6.67k     269s  42.4%  40.3ms   44.2GiB  13.0%  6.79MiB
     block multipli...  31.3k    91.6s  14.4%  2.93ms   73.4GiB  21.6%  2.40MiB
     rayleigh_ritz      5.81k    59.8s  9.43%  10.3ms   1.44GiB  0.42%   260KiB
     ortho              25.6k    54.2s  8.54%  2.11ms   50.6GiB  14.9%  2.02MiB
   energy_hamiltonian      25    27.6s  4.34%   1.10s   12.1GiB  3.57%   497MiB
   compute_density         12    27.2s  4.29%   2.27s   35.0GiB  10.3%  2.92GiB
   KerkerDosMixing         12   7.79ms  0.00%   649μs   20.7MiB  0.01%  1.73MiB
     SimpleMixing          12   2.23ms  0.00%   186μs   20.6MiB  0.01%  1.72MiB
   QR orthonormaliz...    864    716μs  0.00%   828ns     0.00B  0.00%    0.00B
 ──────────────────────────────────────────────────────────────────────────────

Total time in ns: 636031209791
