Julia version: 1.6.0-DEV.1324

Threading configuration: 
       JULIA_NUM_THREADS:   2
      JULIA_FFTW_THREADS:   1
      JULIA_BLAS_THREADS:   4
Payload:  Aluminium_slab_scfres_guess.jld2

System facts:
    fft_size:      (25, 25, 120)
    kpoints:       72
    n_electrons:   60
    n_bands:       33

Compiling code ...
Timing SCF ...

n     Energy            Eₙ-Eₙ₋₁     ρout-ρin   Diag
---   ---------------   ---------   --------   ----
  1   -41.42844665050         NaN   3.06e-01    1.8 
  2   -40.80683864964    6.22e-01   8.01e-02    6.3 
  3   +430.6805167764    4.71e+02   1.58e+00    17.5 
  4   -14.92180463577   -4.46e+02   3.85e-01   !0.0 
  5   -41.19508053450   -2.63e+01   3.92e-02    6.4 
  6   -19.45596418929    2.17e+01   3.18e-01    8.7 
  7   -41.15872230476   -2.17e+01   6.22e-02    7.7 
  8   -41.30118460804   -1.42e-01   3.71e-02    3.2 
  9   -41.42823922553   -1.27e-01   1.52e-02    2.5 
 10   -41.46567477544   -3.74e-02   2.26e-03    4.6 
 11   -41.46464821292    1.03e-03   4.74e-03    4.1 
 12   -41.46446041598    1.88e-04   3.23e-03    3.3 
Energy breakdown:
    Kinetic             17.3430055
    AtomicLocal         6.8634448 
    AtomicNonlocal      7.9713771 
    Ewald               -53.9147822
    PspCorrection       -3.7611666
    Hartree             0.0857035 
    Xc                  -16.0520425

    total               -41.464460415978

 ──────────────────────────────────────────────────────────────────────────────
                                       Time                   Allocations      
                               ──────────────────────   ───────────────────────
       Tot / % measured:             546s / 100%             335GiB / 100%     

 Section               ncalls     time   %tot     avg     alloc   %tot      avg
 ──────────────────────────────────────────────────────────────────────────────
 self_consistent_field      1     544s   100%    544s    335GiB  100%    335GiB
   LOBPCG                 864     497s  91.3%   575ms    287GiB  85.9%   340MiB
     Hamiltonian mu...  6.36k     210s  38.6%  33.0ms   41.4GiB  12.4%  6.66MiB
     block multipli...  29.4k    72.7s  13.4%  2.47ms   72.7GiB  21.7%  2.53MiB
     rayleigh_ritz      5.50k    55.2s  10.1%  10.0ms   1.44GiB  0.43%   275KiB
     ortho              24.3k    54.0s  9.94%  2.23ms   50.2GiB  15.0%  2.12MiB
   energy_hamiltonian      25    23.1s  4.25%   924ms   12.1GiB  3.62%   497MiB
   compute_density         12    21.4s  3.93%   1.78s   34.6GiB  10.3%  2.88GiB
   KerkerDosMixing         12   7.38ms  0.00%   615μs   20.7MiB  0.01%  1.73MiB
     SimpleMixing          12   2.21ms  0.00%   184μs   20.6MiB  0.01%  1.72MiB
   QR orthonormaliz...    864    994μs  0.00%  1.15μs     0.00B  0.00%    0.00B
 ──────────────────────────────────────────────────────────────────────────────

Total time in ns: 544958300799
