Julia version: 1.6.0-DEV.1324

Threading configuration: 
       JULIA_NUM_THREADS:   2
      JULIA_FFTW_THREADS:   2
      JULIA_BLAS_THREADS:   4
Payload:  Aluminium_slab_scfres_guess.jld2

System facts:
    fft_size:      (25, 25, 120)
    kpoints:       72
    n_electrons:   60
    n_bands:       33

Compiling code ...
Timing SCF ...

n     Energy            Eₙ-Eₙ₋₁     ρout-ρin   Diag
---   ---------------   ---------   --------   ----
  1   -41.42842187491         NaN   3.06e-01    1.8 
  2   -40.79601012439    6.32e-01   8.04e-02    6.3 
  3   +436.5859082993    4.77e+02   1.59e+00    17.4 
  4   -12.19134630857   -4.49e+02   4.03e-01    10.0 
  5   -41.10976780682   -2.89e+01   4.40e-02    6.6 
  6   -20.09002866121    2.10e+01   3.13e-01    8.7 
  7   -41.18143334778   -2.11e+01   6.28e-02    8.0 
  8   -41.30333749884   -1.22e-01   3.69e-02    3.2 
  9   -41.42730100405   -1.24e-01   1.56e-02    2.5 
 10   -41.46603885330   -3.87e-02   1.77e-03    4.3 
 11   -41.46470344161    1.34e-03   3.36e-03    6.2 
 12   -41.46549429645   -7.91e-04   2.44e-03    3.2 
Energy breakdown:
    Kinetic             17.3431178
    AtomicLocal         6.8636961 
    AtomicNonlocal      7.9712358 
    Ewald               -53.9147822
    PspCorrection       -3.7611666
    Hartree             0.0844386 
    Xc                  -16.0520338

    total               -41.465494296451

 ──────────────────────────────────────────────────────────────────────────────
                                       Time                   Allocations      
                               ──────────────────────   ───────────────────────
       Tot / % measured:             594s / 100%             340GiB / 100%     

 Section               ncalls     time   %tot     avg     alloc   %tot      avg
 ──────────────────────────────────────────────────────────────────────────────
 self_consistent_field      1     591s   100%    591s    340GiB  100%    340GiB
   LOBPCG                 864     537s  90.8%   622ms    292GiB  86.0%   347MiB
     Hamiltonian mu...  6.50k     249s  42.2%  38.4ms   45.8GiB  13.5%  7.21MiB
     block multipli...  30.3k    73.2s  12.4%  2.42ms   73.1GiB  21.5%  2.47MiB
     ortho              24.9k    55.3s  9.36%  2.23ms   50.4GiB  14.8%  2.08MiB
     rayleigh_ritz      5.63k    54.2s  9.16%  9.61ms   1.44GiB  0.42%   269KiB
   compute_density         12    27.9s  4.71%   2.32s   35.0GiB  10.3%  2.92GiB
   energy_hamiltonian      25    23.2s  3.93%   929ms   12.1GiB  3.57%   497MiB
   KerkerDosMixing         12   8.09ms  0.00%   674μs   20.7MiB  0.01%  1.73MiB
     SimpleMixing          12   2.90ms  0.00%   241μs   20.6MiB  0.01%  1.72MiB
   QR orthonormaliz...    864    917μs  0.00%  1.06μs     0.00B  0.00%    0.00B
 ──────────────────────────────────────────────────────────────────────────────

Total time in ns: 592249323764
