Julia version: 1.6.0-DEV.1324

Threading configuration: 
       JULIA_NUM_THREADS:   3
      JULIA_FFTW_THREADS:   1
      JULIA_BLAS_THREADS:   1
Payload:  Aluminium_slab_scfres_guess.jld2

System facts:
    fft_size:      (25, 25, 120)
    kpoints:       72
    n_electrons:   60
    n_bands:       33

Compiling code ...
Timing SCF ...

n     Energy            Eₙ-Eₙ₋₁     ρout-ρin   Diag
---   ---------------   ---------   --------   ----
  1   -41.42845016505         NaN   3.06e-01    1.8 
  2   -40.82882659248    6.00e-01   7.94e-02    6.3 
  3   +427.2869188070    4.68e+02   1.57e+00    17.7 
  4   -17.40978546316   -4.45e+02   3.66e-01    10.4 
  5   -41.24169005946   -2.38e+01   3.56e-02    6.2 
  6   -17.93302621953    2.33e+01   3.29e-01    8.7 
  7   -41.25021622175   -2.33e+01   5.46e-02    7.8 
  8   -41.32596314312   -7.57e-02   3.37e-02    3.1 
  9   -41.43257572455   -1.07e-01   1.49e-02    2.7 
 10   -41.46571734341   -3.31e-02   2.09e-03    4.4 
 11   -41.46526135934    4.56e-04   3.51e-03    4.3 
 12   -41.46468571947    5.76e-04   3.00e-03    3.5 
Energy breakdown:
    Kinetic             17.3431093
    AtomicLocal         6.8635994 
    AtomicNonlocal      7.9711246 
    Ewald               -53.9147822
    PspCorrection       -3.7611666
    Hartree             0.0854824 
    Xc                  -16.0520526

    total               -41.464685719468

 ──────────────────────────────────────────────────────────────────────────────
                                       Time                   Allocations      
                               ──────────────────────   ───────────────────────
       Tot / % measured:             928s / 100%             336GiB / 100%     

 Section               ncalls     time   %tot     avg     alloc   %tot      avg
 ──────────────────────────────────────────────────────────────────────────────
 self_consistent_field      1     926s   100%    926s    335GiB  100%    335GiB
   LOBPCG                 864     843s  91.1%   976ms    288GiB  85.9%   341MiB
     Hamiltonian mu...  6.40k     314s  33.9%  49.1ms   42.3GiB  12.6%  6.77MiB
     block multipli...  29.7k     231s  24.9%  7.77ms   72.7GiB  21.7%  2.51MiB
     rayleigh_ritz      5.54k    84.7s  9.15%  15.3ms   1.44GiB  0.43%   272KiB
     ortho              24.5k    82.5s  8.91%  3.37ms   50.2GiB  15.0%  2.10MiB
   energy_hamiltonian      25    65.3s  7.06%   2.61s   12.2GiB  3.63%   499MiB
   compute_density         12    14.2s  1.54%   1.19s   34.6GiB  10.3%  2.88GiB
   KerkerDosMixing         12   7.24ms  0.00%   603μs   20.7MiB  0.01%  1.73MiB
     SimpleMixing          12   2.26ms  0.00%   188μs   20.6MiB  0.01%  1.72MiB
   QR orthonormaliz...    864    944μs  0.00%  1.09μs     0.00B  0.00%    0.00B
 ──────────────────────────────────────────────────────────────────────────────

Total time in ns: 926660685589
