Julia version: 1.6.0-DEV.1324

Threading configuration: 
       JULIA_NUM_THREADS:   3
      JULIA_FFTW_THREADS:   2
      JULIA_BLAS_THREADS:   1
Payload:  Aluminium_slab_scfres_guess.jld2

System facts:
    fft_size:      (25, 25, 120)
    kpoints:       72
    n_electrons:   60
    n_bands:       33

Compiling code ...
Timing SCF ...

n     Energy            Eₙ-Eₙ₋₁     ρout-ρin   Diag
---   ---------------   ---------   --------   ----
  1   -41.42849826035         NaN   3.06e-01    1.8 
  2   -40.85964261250    5.69e-01   7.85e-02    6.3 
  3   +422.4480876068    4.63e+02   1.56e+00    18.0 
  4   -19.88860543936   -4.42e+02   3.49e-01    10.5 
  5   -41.14298178432   -2.13e+01   4.19e-02    6.3 
  6   -19.90059136858    2.12e+01   3.15e-01    8.3 
  7   -41.24893467565   -2.13e+01   5.72e-02    7.8 
  8   -41.32198861129   -7.31e-02   3.42e-02    3.1 
  9   -41.43521276952   -1.13e-01   1.42e-02    2.6 
 10   -41.46570001599   -3.05e-02   2.29e-03    4.6 
 11   -41.46490961680    7.90e-04   4.64e-03    4.4 
 12   -41.46528129584   -3.72e-04   2.67e-03    3.3 
Energy breakdown:
    Kinetic             17.3430631
    AtomicLocal         6.8639605 
    AtomicNonlocal      7.9709140 
    Ewald               -53.9147822
    PspCorrection       -3.7611666
    Hartree             0.0847889 
    Xc                  -16.0520589

    total               -41.465281295840

 ──────────────────────────────────────────────────────────────────────────────
                                       Time                   Allocations      
                               ──────────────────────   ───────────────────────
       Tot / % measured:             921s / 100%             335GiB / 100%     

 Section               ncalls     time   %tot     avg     alloc   %tot      avg
 ──────────────────────────────────────────────────────────────────────────────
 self_consistent_field      1     918s   100%    918s    335GiB  100%    335GiB
   LOBPCG                 864     833s  90.7%   964ms    288GiB  85.8%   341MiB
     Hamiltonian mu...  6.41k     306s  33.3%  47.7ms   42.9GiB  12.8%  6.86MiB
     block multipli...  29.7k     230s  25.0%  7.73ms   72.2GiB  21.6%  2.49MiB
     rayleigh_ritz      5.54k    84.4s  9.19%  15.2ms   1.43GiB  0.43%   270KiB
     ortho              24.4k    81.9s  8.92%  3.36ms   49.9GiB  14.9%  2.09MiB
   energy_hamiltonian      25    65.3s  7.11%   2.61s   12.2GiB  3.63%   499MiB
   compute_density         12    17.6s  1.92%   1.47s   34.7GiB  10.3%  2.89GiB
   KerkerDosMixing         12   7.10ms  0.00%   591μs   20.7MiB  0.01%  1.73MiB
     SimpleMixing          12   2.10ms  0.00%   175μs   20.6MiB  0.01%  1.72MiB
   QR orthonormaliz...    864    879μs  0.00%  1.02μs     0.00B  0.00%    0.00B
 ──────────────────────────────────────────────────────────────────────────────

Total time in ns: 919412132228
