Julia version: 1.6.0-DEV.1324

Threading configuration: 
       JULIA_NUM_THREADS:   3
      JULIA_FFTW_THREADS:   1
      JULIA_BLAS_THREADS:   2
Payload:  Aluminium_slab_scfres_guess.jld2

System facts:
    fft_size:      (25, 25, 120)
    kpoints:       72
    n_electrons:   60
    n_bands:       33

Compiling code ...
Timing SCF ...

n     Energy            Eₙ-Eₙ₋₁     ρout-ρin   Diag
---   ---------------   ---------   --------   ----
  1   -41.42845870020         NaN   3.06e-01    1.8 
  2   -40.84110580706    5.87e-01   7.91e-02    6.4 
  3   +425.7964351328    4.67e+02   1.57e+00    17.9 
  4   -18.68278862842   -4.44e+02   3.57e-01    10.4 
  5   -41.23852257092   -2.26e+01   3.57e-02    6.2 
  6   -17.70668416320    2.35e+01   3.30e-01    8.5 
  7   -41.28249524933   -2.36e+01   5.18e-02    7.9 
  8   -41.32420612539   -4.17e-02   3.40e-02    3.0 
  9   -41.43472689961   -1.11e-01   1.46e-02    2.7 
 10   -41.46567605407   -3.09e-02   2.21e-03    4.6 
 11   -41.46517141558    5.05e-04   3.72e-03    4.2 
 12   -41.46477331056    3.98e-04   2.97e-03    3.5 
Energy breakdown:
    Kinetic             17.3430254
    AtomicLocal         6.8634266 
    AtomicNonlocal      7.9714246 
    Ewald               -53.9147822
    PspCorrection       -3.7611666
    Hartree             0.0853354 
    Xc                  -16.0520366

    total               -41.464773310558

 ──────────────────────────────────────────────────────────────────────────────
                                       Time                   Allocations      
                               ──────────────────────   ───────────────────────
       Tot / % measured:             649s / 100%             335GiB / 100%     

 Section               ncalls     time   %tot     avg     alloc   %tot      avg
 ──────────────────────────────────────────────────────────────────────────────
 self_consistent_field      1     647s   100%    647s    335GiB  100%    335GiB
   LOBPCG                 864     590s  91.3%   683ms    288GiB  85.9%   341MiB
     Hamiltonian mu...  6.41k     204s  31.6%  31.9ms   42.3GiB  12.6%  6.75MiB
     block multipli...  29.7k     133s  20.6%  4.47ms   72.6GiB  21.7%  2.50MiB
     rayleigh_ritz      5.54k    69.7s  10.8%  12.6ms   1.43GiB  0.43%   271KiB
     ortho              24.5k    65.7s  10.2%  2.68ms   50.1GiB  15.0%  2.09MiB
   energy_hamiltonian      25    39.3s  6.08%   1.57s   12.2GiB  3.63%   499MiB
   compute_density         12    14.2s  2.20%   1.18s   34.6GiB  10.3%  2.88GiB
   KerkerDosMixing         12   7.99ms  0.00%   666μs   20.7MiB  0.01%  1.73MiB
     SimpleMixing          12   2.71ms  0.00%   226μs   20.6MiB  0.01%  1.72MiB
   QR orthonormaliz...    864    937μs  0.00%  1.08μs     0.00B  0.00%    0.00B
 ──────────────────────────────────────────────────────────────────────────────

Total time in ns: 647549988447
