Julia version: 1.6.0-DEV.1324

Threading configuration: 
       JULIA_NUM_THREADS:   3
      JULIA_FFTW_THREADS:   2
      JULIA_BLAS_THREADS:   3
Payload:  Aluminium_slab_scfres_guess.jld2

System facts:
    fft_size:      (25, 25, 120)
    kpoints:       72
    n_electrons:   60
    n_bands:       33

Compiling code ...
Timing SCF ...

n     Energy            Eₙ-Eₙ₋₁     ρout-ρin   Diag
---   ---------------   ---------   --------   ----
  1   -41.42852495323         NaN   3.06e-01    1.8 
  2   -40.88959461461    5.39e-01   7.77e-02    6.4 
  3   +417.2732842665    4.58e+02   1.54e+00    17.4 
  4   -22.52087929389   -4.40e+02   3.27e-01    10.3 
  5   -41.15525045768   -1.86e+01   4.08e-02    6.1 
  6   -19.56076823286    2.16e+01   3.17e-01    8.8 
  7   -41.30247170511   -2.17e+01   5.20e-02    7.9 
  8   -41.34682206242   -4.44e-02   3.10e-02    3.0 
  9   -41.43983051248   -9.30e-02   1.35e-02    2.7 
 10   -41.46600982581   -2.62e-02   1.75e-03    4.4 
 11   -41.46490437005    1.11e-03   3.33e-03    6.0 
 12   -41.46594075833   -1.04e-03   2.02e-03    4.7 
Energy breakdown:
    Kinetic             17.3430702
    AtomicLocal         6.8645915 
    AtomicNonlocal      7.9708977 
    Ewald               -53.9147822
    PspCorrection       -3.7611666
    Hartree             0.0834930 
    Xc                  -16.0520445

    total               -41.465940758334

 ──────────────────────────────────────────────────────────────────────────────
                                       Time                   Allocations      
                               ──────────────────────   ───────────────────────
       Tot / % measured:             546s / 100%             336GiB / 100%     

 Section               ncalls     time   %tot     avg     alloc   %tot      avg
 ──────────────────────────────────────────────────────────────────────────────
 self_consistent_field      1     543s   100%    543s    336GiB  100%    336GiB
   LOBPCG                 864     497s  91.5%   575ms    289GiB  85.9%   342MiB
     Hamiltonian mu...  6.60k     193s  35.6%  29.3ms   43.1GiB  12.8%  6.69MiB
     block multipli...  30.9k    92.0s  16.9%  2.98ms   72.5GiB  21.6%  2.40MiB
     rayleigh_ritz      5.74k    57.6s  10.6%  10.0ms   1.43GiB  0.42%   260KiB
     ortho              25.3k    54.7s  10.1%  2.16ms   50.1GiB  14.9%  2.03MiB
   energy_hamiltonian      25    27.2s  5.01%   1.09s   12.2GiB  3.63%   499MiB
   compute_density         12    15.6s  2.88%   1.30s   34.7GiB  10.3%  2.89GiB
   KerkerDosMixing         12   8.30ms  0.00%   691μs   20.7MiB  0.01%  1.73MiB
     SimpleMixing          12   2.07ms  0.00%   172μs   20.6MiB  0.01%  1.72MiB
   QR orthonormaliz...    864    833μs  0.00%   964ns     0.00B  0.00%    0.00B
 ──────────────────────────────────────────────────────────────────────────────

Total time in ns: 544314261987
