Julia version: 1.6.0-DEV.1324

Threading configuration: 
       JULIA_NUM_THREADS:   3
      JULIA_FFTW_THREADS:   1
      JULIA_BLAS_THREADS:   3
Payload:  Aluminium_slab_scfres_guess.jld2

System facts:
    fft_size:      (25, 25, 120)
    kpoints:       72
    n_electrons:   60
    n_bands:       33

Compiling code ...
Timing SCF ...

n     Energy            Eₙ-Eₙ₋₁     ρout-ρin   Diag
---   ---------------   ---------   --------   ----
  1   -41.42853083528         NaN   3.06e-01    1.8 
  2   -40.89581899148    5.33e-01   7.75e-02    6.4 
  3   +416.4374981496    4.57e+02   1.54e+00    17.6 
  4   -22.82046787094   -4.39e+02   3.25e-01    10.3 
  5   -41.15372753162   -1.83e+01   4.09e-02    6.1 
  6   -19.63780518074    2.15e+01   3.16e-01    8.8 
  7   -41.30451884625   -2.17e+01   5.18e-02    7.9 
  8   -41.34847721954   -4.40e-02   3.09e-02    3.0 
  9   -41.44036672125   -9.19e-02   1.33e-02    2.7 
 10   -41.46604074456   -2.57e-02   1.68e-03    4.4 
 11   -41.46448110596    1.56e-03   3.54e-03    6.2 
 12   -41.46553596967   -1.05e-03   2.54e-03    5.0 
Energy breakdown:
    Kinetic             17.3429363
    AtomicLocal         6.8644198 
    AtomicNonlocal      7.9714189 
    Ewald               -53.9147822
    PspCorrection       -3.7611666
    Hartree             0.0836499 
    Xc                  -16.0520121

    total               -41.465535969667

 ──────────────────────────────────────────────────────────────────────────────
                                       Time                   Allocations      
                               ──────────────────────   ───────────────────────
       Tot / % measured:             550s / 99.5%            336GiB / 100%     

 Section               ncalls     time   %tot     avg     alloc   %tot      avg
 ──────────────────────────────────────────────────────────────────────────────
 self_consistent_field      1     547s   100%    547s    336GiB  100%    336GiB
   LOBPCG                 864     498s  91.1%   577ms    289GiB  85.9%   342MiB
     Hamiltonian mu...  6.64k     183s  33.5%  27.6ms   42.5GiB  12.6%  6.55MiB
     block multipli...  31.1k    93.7s  17.1%  3.01ms   72.9GiB  21.7%  2.40MiB
     rayleigh_ritz      5.78k    60.6s  11.1%  10.5ms   1.43GiB  0.43%   259KiB
     ortho              25.5k    55.3s  10.1%  2.17ms   50.3GiB  15.0%  2.02MiB
   energy_hamiltonian      25    30.2s  5.52%   1.21s   12.2GiB  3.62%   499MiB
   compute_density         12    15.0s  2.75%   1.25s   34.6GiB  10.3%  2.88GiB
   KerkerDosMixing         12   8.96ms  0.00%   747μs   20.7MiB  0.01%  1.73MiB
     SimpleMixing          12   2.85ms  0.00%   238μs   20.6MiB  0.01%  1.72MiB
   QR orthonormaliz...    864    981μs  0.00%  1.14μs     0.00B  0.00%    0.00B
 ──────────────────────────────────────────────────────────────────────────────

Total time in ns: 548010919882
