Julia version: 1.6.0-DEV.1324

Threading configuration: 
       JULIA_NUM_THREADS:   3
      JULIA_FFTW_THREADS:   4
      JULIA_BLAS_THREADS:   3
Payload:  Aluminium_slab_scfres_guess.jld2

System facts:
    fft_size:      (25, 25, 120)
    kpoints:       72
    n_electrons:   60
    n_bands:       33

Compiling code ...
Timing SCF ...

n     Energy            Eₙ-Eₙ₋₁     ρout-ρin   Diag
---   ---------------   ---------   --------   ----
  1   -41.42850323340         NaN   3.06e-01    1.8 
  2   -40.86714019133    5.61e-01   7.83e-02    6.4 
  3   +421.0193674617    4.62e+02   1.55e+00    18.0 
  4   -21.01377135841   -4.42e+02   3.39e-01    10.5 
  5   -41.15699490121   -2.01e+01   4.05e-02    6.1 
  6   -18.99160158991    2.22e+01   3.21e-01    8.7 
  7   -41.32534723926   -2.23e+01   4.94e-02    8.0 
  8   -41.34199335364   -1.66e-02   3.18e-02    3.0 
  9   -41.43751927750   -9.55e-02   1.42e-02    2.8 
 10   -41.46604439564   -2.85e-02   1.64e-03    4.3 
 11   -41.46425741700    1.79e-03   3.75e-03    6.4 
 12   -41.46582104323   -1.56e-03   2.18e-03    5.0 
Energy breakdown:
    Kinetic             17.3429413
    AtomicLocal         6.8645642 
    AtomicNonlocal      7.9711293 
    Ewald               -53.9147822
    PspCorrection       -3.7611666
    Hartree             0.0835216 
    Xc                  -16.0520287

    total               -41.465821043229

 ──────────────────────────────────────────────────────────────────────────────
                                       Time                   Allocations      
                               ──────────────────────   ───────────────────────
       Tot / % measured:             567s / 100%             340GiB / 100%     

 Section               ncalls     time   %tot     avg     alloc   %tot      avg
 ──────────────────────────────────────────────────────────────────────────────
 self_consistent_field      1     564s   100%    564s    339GiB  100%    339GiB
   LOBPCG                 864     514s  91.2%   595ms    292GiB  86.0%   346MiB
     Hamiltonian mu...  6.70k     194s  34.5%  29.0ms   44.0GiB  13.0%  6.73MiB
     block multipli...  31.5k    94.3s  16.7%  3.00ms   73.6GiB  21.7%  2.39MiB
     ortho              25.8k    60.7s  10.8%  2.36ms   50.6GiB  14.9%  2.01MiB
     rayleigh_ritz      5.83k    58.4s  10.4%  10.0ms   1.44GiB  0.42%   259KiB
   energy_hamiltonian      25    29.3s  5.20%   1.17s   12.2GiB  3.59%   499MiB
   compute_density         12    17.4s  3.08%   1.45s   34.7GiB  10.2%  2.89GiB
   KerkerDosMixing         12   8.24ms  0.00%   687μs   20.7MiB  0.01%  1.73MiB
     SimpleMixing          12   2.92ms  0.00%   243μs   20.6MiB  0.01%  1.72MiB
   QR orthonormaliz...    864    856μs  0.00%   991ns     0.00B  0.00%    0.00B
 ──────────────────────────────────────────────────────────────────────────────

Total time in ns: 565131774628
