Julia version: 1.6.0-DEV.1324

Threading configuration: 
       JULIA_NUM_THREADS:   3
      JULIA_FFTW_THREADS:   3
      JULIA_BLAS_THREADS:   4
Payload:  Aluminium_slab_scfres_guess.jld2

System facts:
    fft_size:      (25, 25, 120)
    kpoints:       72
    n_electrons:   60
    n_bands:       33

Compiling code ...
Timing SCF ...

n     Energy            Eₙ-Eₙ₋₁     ρout-ρin   Diag
---   ---------------   ---------   --------   ----
  1   -41.42842898591         NaN   3.06e-01    1.8 
  2   -40.80702755591    6.21e-01   8.01e-02    6.4 
  3   +430.6418114076    4.71e+02   1.58e+00    17.5 
  4   -14.88961012819   -4.46e+02   3.86e-01   !0.0 
  5   -41.20127400510   -2.63e+01   3.88e-02    6.5 
  6   -19.36213775639    2.18e+01   3.19e-01    8.6 
  7   -41.15870009975   -2.18e+01   6.20e-02    7.7 
  8   -41.30074718350   -1.42e-01   3.73e-02    3.2 
  9   -41.42797163399   -1.27e-01   1.52e-02    2.4 
 10   -41.46582789145   -3.79e-02   2.09e-03    4.4 
 11   -41.46519777254    6.30e-04   3.95e-03    4.4 
 12   -41.46399931204    1.20e-03   3.61e-03    3.4 
Energy breakdown:
    Kinetic             17.3430215
    AtomicLocal         6.8634504 
    AtomicNonlocal      7.9712498 
    Ewald               -53.9147822
    PspCorrection       -3.7611666
    Hartree             0.0862872 
    Xc                  -16.0520594

    total               -41.463999312042

 ──────────────────────────────────────────────────────────────────────────────
                                       Time                   Allocations      
                               ──────────────────────   ───────────────────────
       Tot / % measured:             507s / 99.5%            337GiB / 100%     

 Section               ncalls     time   %tot     avg     alloc   %tot      avg
 ──────────────────────────────────────────────────────────────────────────────
 self_consistent_field      1     504s   100%    504s    336GiB  100%    336GiB
   LOBPCG                 864     462s  91.6%   535ms    289GiB  85.9%   342MiB
     Hamiltonian mu...  6.36k     177s  35.2%  27.9ms   43.3GiB  12.9%  6.97MiB
     block multipli...  29.4k    73.1s  14.5%  2.49ms   72.6GiB  21.6%  2.53MiB
     rayleigh_ritz      5.49k    55.5s  11.0%  10.1ms   1.44GiB  0.43%   275KiB
     ortho              24.2k    53.7s  10.7%  2.22ms   50.1GiB  14.9%  2.12MiB
   energy_hamiltonian      25    23.0s  4.57%   922ms   12.2GiB  3.62%   499MiB
   compute_density         12    16.0s  3.17%   1.33s   34.7GiB  10.3%  2.89GiB
   KerkerDosMixing         12   8.38ms  0.00%   698μs   20.7MiB  0.01%  1.73MiB
     SimpleMixing          12   2.64ms  0.00%   220μs   20.6MiB  0.01%  1.72MiB
   QR orthonormaliz...    864    954μs  0.00%  1.10μs     0.00B  0.00%    0.00B
 ──────────────────────────────────────────────────────────────────────────────

Total time in ns: 505102005150
