Julia version: 1.6.0-DEV.1324

Threading configuration: 
       JULIA_NUM_THREADS:   3
      JULIA_FFTW_THREADS:   2
      JULIA_BLAS_THREADS:   4
Payload:  Aluminium_slab_scfres_guess.jld2

System facts:
    fft_size:      (25, 25, 120)
    kpoints:       72
    n_electrons:   60
    n_bands:       33

Compiling code ...
Timing SCF ...

n     Energy            Eₙ-Eₙ₋₁     ρout-ρin   Diag
---   ---------------   ---------   --------   ----
  1   -41.42841541063         NaN   3.06e-01    1.8 
  2   -40.79563814247    6.33e-01   8.04e-02    6.4 
  3   +435.2402108893    4.76e+02   1.59e+00    17.2 
  4   -12.47133185035   -4.48e+02   4.02e-01    10.2 
  5   -41.19136954426   -2.87e+01   3.96e-02    6.8 
  6   -19.65504450015    2.15e+01   3.17e-01    8.7 
  7   -41.10898241132   -2.15e+01   6.55e-02    7.8 
  8   -41.30045550437   -1.91e-01   3.71e-02    3.2 
  9   -41.42640744846   -1.26e-01   1.56e-02    2.4 
 10   -41.46597482569   -3.96e-02   1.86e-03    4.5 
 11   -41.46523824911    7.37e-04   3.45e-03    5.5 
 12   -41.46392546226    1.31e-03   3.77e-03    3.3 
Energy breakdown:
    Kinetic             17.3431242
    AtomicLocal         6.8638794 
    AtomicNonlocal      7.9706424 
    Ewald               -53.9147822
    PspCorrection       -3.7611666
    Hartree             0.0864721 
    Xc                  -16.0520948

    total               -41.463925462256

 ──────────────────────────────────────────────────────────────────────────────
                                       Time                   Allocations      
                               ──────────────────────   ───────────────────────
       Tot / % measured:             503s / 99.5%            338GiB / 100%     

 Section               ncalls     time   %tot     avg     alloc   %tot      avg
 ──────────────────────────────────────────────────────────────────────────────
 self_consistent_field      1     501s   100%    501s    338GiB  100%    338GiB
   LOBPCG                 864     459s  91.7%   531ms    290GiB  86.0%   344MiB
     Hamiltonian mu...  6.46k     172s  34.3%  26.6ms   43.3GiB  12.8%  6.86MiB
     block multipli...  30.0k    73.2s  14.6%  2.44ms   73.2GiB  21.7%  2.50MiB
     rayleigh_ritz      5.59k    57.1s  11.4%  10.2ms   1.45GiB  0.43%   272KiB
     ortho              24.7k    53.9s  10.8%  2.18ms   50.5GiB  14.9%  2.10MiB
   energy_hamiltonian      25    23.7s  4.73%   948ms   12.2GiB  3.61%   499MiB
   compute_density         12    15.1s  3.01%   1.26s   34.7GiB  10.3%  2.89GiB
   KerkerDosMixing         12   8.24ms  0.00%   686μs   20.7MiB  0.01%  1.73MiB
     SimpleMixing          12   2.57ms  0.00%   215μs   20.6MiB  0.01%  1.72MiB
   QR orthonormaliz...    864    950μs  0.00%  1.10μs     0.00B  0.00%    0.00B
 ──────────────────────────────────────────────────────────────────────────────

Total time in ns: 501824463057
