Julia version: 1.6.0-DEV.1324

Threading configuration: 
       JULIA_NUM_THREADS:   3
      JULIA_FFTW_THREADS:   1
      JULIA_BLAS_THREADS:   4
Payload:  Aluminium_slab_scfres_guess.jld2

System facts:
    fft_size:      (25, 25, 120)
    kpoints:       72
    n_electrons:   60
    n_bands:       33

Compiling code ...
Timing SCF ...

n     Energy            Eₙ-Eₙ₋₁     ρout-ρin   Diag
---   ---------------   ---------   --------   ----
  1   -41.42845523431         NaN   3.06e-01    1.8 
  2   -40.80006166666    6.28e-01   8.03e-02    6.4 
  3   +435.4264338354    4.76e+02   1.59e+00    17.3 
  4   -13.12049874184   -4.49e+02   3.97e-01    10.3 
  5   -40.98496902864   -2.79e+01   5.03e-02    6.7 
  6   -22.13416618229    1.89e+01   2.98e-01    8.6 
  7   -41.19332804960   -1.91e+01   6.35e-02    7.8 
  8   -41.29992166744   -1.07e-01   3.77e-02    3.3 
  9   -41.42850173323   -1.29e-01   1.53e-02    2.4 
 10   -41.46596629245   -3.75e-02   1.96e-03    4.6 
 11   -41.46161673701    4.35e-03   5.17e-03    6.5 
 12   -41.46604867052   -4.43e-03   1.71e-03    4.9 
Energy breakdown:
    Kinetic             17.3429358
    AtomicLocal         6.8644732 
    AtomicNonlocal      7.9710585 
    Ewald               -53.9147822
    PspCorrection       -3.7611666
    Hartree             0.0834630 
    Xc                  -16.0520304

    total               -41.466048670520

 ──────────────────────────────────────────────────────────────────────────────
                                       Time                   Allocations      
                               ──────────────────────   ───────────────────────
       Tot / % measured:             510s / 100%             340GiB / 100%     

 Section               ncalls     time   %tot     avg     alloc   %tot      avg
 ──────────────────────────────────────────────────────────────────────────────
 self_consistent_field      1     508s   100%    508s    339GiB  100%    339GiB
   LOBPCG                 864     465s  91.6%   538ms    292GiB  86.0%   346MiB
     Hamiltonian mu...  6.66k     170s  33.5%  25.6ms   42.9GiB  12.7%  6.61MiB
     block multipli...  31.2k    75.1s  14.8%  2.40ms   74.2GiB  21.9%  2.43MiB
     rayleigh_ritz      5.79k    56.9s  11.2%  9.83ms   1.46GiB  0.43%   264KiB
     ortho              25.6k    56.2s  11.1%  2.20ms   50.9GiB  15.0%  2.04MiB
   energy_hamiltonian      25    24.2s  4.78%   970ms   12.2GiB  3.59%   499MiB
   compute_density         12    15.2s  2.99%   1.26s   34.6GiB  10.2%  2.88GiB
   KerkerDosMixing         12   8.81ms  0.00%   734μs   20.7MiB  0.01%  1.73MiB
     SimpleMixing          12   3.37ms  0.00%   281μs   20.6MiB  0.01%  1.72MiB
   QR orthonormaliz...    864    934μs  0.00%  1.08μs     0.00B  0.00%    0.00B
 ──────────────────────────────────────────────────────────────────────────────

Total time in ns: 508686890731
