Julia version: 1.6.0-DEV.1324

Threading configuration: 
       JULIA_NUM_THREADS:   4
      JULIA_FFTW_THREADS:   3
      JULIA_BLAS_THREADS:   1
Payload:  Aluminium_slab_scfres_guess.jld2

System facts:
    fft_size:      (25, 25, 120)
    kpoints:       72
    n_electrons:   60
    n_bands:       33

Compiling code ...
Timing SCF ...

n     Energy            Eₙ-Eₙ₋₁     ρout-ρin   Diag
---   ---------------   ---------   --------   ----
  1   -41.42850909139         NaN   3.06e-01    1.8 
  2   -40.88991063000    5.39e-01   7.77e-02    6.4 
  3   +418.1203781543    4.59e+02   1.55e+00    17.2 
  4   -22.64024862475   -4.41e+02   3.26e-01    10.4 
  5   -41.20267678891   -1.86e+01   3.81e-02    6.1 
  6   -18.77350958391    2.24e+01   3.23e-01    8.9 
  7   -41.28938399289   -2.25e+01   5.26e-02    8.0 
  8   -41.34630054352   -5.69e-02   3.11e-02    3.0 
  9   -41.43990429110   -9.36e-02   1.35e-02    2.7 
 10   -41.46595678765   -2.61e-02   1.79e-03    4.5 
 11   -41.46552070041    4.36e-04   2.73e-03    5.3 
 12   -41.46606272984   -5.42e-04   1.51e-03    3.1 
Energy breakdown:
    Kinetic             17.3430531
    AtomicLocal         6.8640532 
    AtomicNonlocal      7.9712937 
    Ewald               -53.9147822
    PspCorrection       -3.7611666
    Hartree             0.0835004 
    Xc                  -16.0520144

    total               -41.466062729844

 ──────────────────────────────────────────────────────────────────────────────
                                       Time                   Allocations      
                               ──────────────────────   ───────────────────────
       Tot / % measured:             910s / 100%             335GiB / 100%     

 Section               ncalls     time   %tot     avg     alloc   %tot      avg
 ──────────────────────────────────────────────────────────────────────────────
 self_consistent_field      1     908s   100%    908s    335GiB  100%    335GiB
   LOBPCG                 864     827s  91.1%   957ms    287GiB  85.8%   341MiB
     Hamiltonian mu...  6.44k     286s  31.6%  44.4ms   43.9GiB  13.1%  6.98MiB
     block multipli...  29.9k     241s  26.5%  8.04ms   71.7GiB  21.4%  2.45MiB
     rayleigh_ritz      5.58k    86.4s  9.52%  15.5ms   1.42GiB  0.42%   266KiB
     ortho              24.6k    83.5s  9.20%  3.39ms   49.7GiB  14.8%  2.07MiB
   energy_hamiltonian      25    65.0s  7.17%   2.60s   12.2GiB  3.65%   501MiB
   compute_density         12    13.0s  1.43%   1.08s   34.7GiB  10.4%  2.89GiB
   KerkerDosMixing         12   7.34ms  0.00%   612μs   20.7MiB  0.01%  1.73MiB
     SimpleMixing          12   1.98ms  0.00%   165μs   20.6MiB  0.01%  1.72MiB
   QR orthonormaliz...    864    987μs  0.00%  1.14μs     0.00B  0.00%    0.00B
 ──────────────────────────────────────────────────────────────────────────────

Total time in ns: 908526581683
