Julia version: 1.6.0-DEV.1324

Threading configuration: 
       JULIA_NUM_THREADS:   4
      JULIA_FFTW_THREADS:   2
      JULIA_BLAS_THREADS:   1
Payload:  Aluminium_slab_scfres_guess.jld2

System facts:
    fft_size:      (25, 25, 120)
    kpoints:       72
    n_electrons:   60
    n_bands:       33

Compiling code ...
Timing SCF ...

n     Energy            Eₙ-Eₙ₋₁     ρout-ρin   Diag
---   ---------------   ---------   --------   ----
  1   -41.42849850534         NaN   3.06e-01    1.8 
  2   -40.85601889189    5.72e-01   7.87e-02    6.4 
  3   +423.2595923785    4.64e+02   1.56e+00    18.1 
  4   -19.62485799981   -4.43e+02   3.51e-01    10.5 
  5   -41.12931760133   -2.15e+01   4.26e-02    6.3 
  6   -20.09264798518    2.10e+01   3.13e-01    8.3 
  7   -41.24777847387   -2.12e+01   5.75e-02    7.7 
  8   -41.32108962085   -7.33e-02   3.41e-02    3.1 
  9   -41.43496344438   -1.14e-01   1.43e-02    2.6 
 10   -41.46578900554   -3.08e-02   2.16e-03    4.5 
 11   -41.46502807079    7.61e-04   4.24e-03    4.6 
 12   -41.46517411952   -1.46e-04   2.78e-03    3.5 
Energy breakdown:
    Kinetic             17.3430557
    AtomicLocal         6.8637358 
    AtomicNonlocal      7.9711692 
    Ewald               -53.9147822
    PspCorrection       -3.7611666
    Hartree             0.0848564 
    Xc                  -16.0520424

    total               -41.465174119525

 ──────────────────────────────────────────────────────────────────────────────
                                       Time                   Allocations      
                               ──────────────────────   ───────────────────────
       Tot / % measured:             910s / 100%             337GiB / 100%     

 Section               ncalls     time   %tot     avg     alloc   %tot      avg
 ──────────────────────────────────────────────────────────────────────────────
 self_consistent_field      1     908s   100%    908s    337GiB  100%    337GiB
   LOBPCG                 864     827s  91.1%   958ms    289GiB  85.9%   343MiB
     Hamiltonian mu...  6.45k     288s  31.7%  44.6ms   43.9GiB  13.0%  6.98MiB
     block multipli...  30.0k     241s  26.5%  8.05ms   72.5GiB  21.5%  2.48MiB
     rayleigh_ritz      5.58k    86.1s  9.48%  15.4ms   1.43GiB  0.42%   269KiB
     ortho              24.6k    83.3s  9.18%  3.38ms   50.1GiB  14.9%  2.08MiB
   energy_hamiltonian      25    65.2s  7.19%   2.61s   12.2GiB  3.63%   501MiB
   compute_density         12    12.4s  1.37%   1.03s   34.7GiB  10.3%  2.89GiB
   KerkerDosMixing         12   7.28ms  0.00%   607μs   20.7MiB  0.01%  1.73MiB
     SimpleMixing          12   2.21ms  0.00%   184μs   20.6MiB  0.01%  1.72MiB
   QR orthonormaliz...    864    863μs  0.00%   998ns     0.00B  0.00%    0.00B
 ──────────────────────────────────────────────────────────────────────────────

Total time in ns: 908937515471
