Julia version: 1.6.0-DEV.1324

Threading configuration: 
       JULIA_NUM_THREADS:   4
      JULIA_FFTW_THREADS:   4
      JULIA_BLAS_THREADS:   2
Payload:  Aluminium_slab_scfres_guess.jld2

System facts:
    fft_size:      (25, 25, 120)
    kpoints:       72
    n_electrons:   60
    n_bands:       33

Compiling code ...
Timing SCF ...

n     Energy            Eₙ-Eₙ₋₁     ρout-ρin   Diag
---   ---------------   ---------   --------   ----
  1   -41.42849584182         NaN   3.06e-01    1.8 
  2   -40.83716403659    5.91e-01   7.92e-02    6.5 
  3   +426.3190610008    4.67e+02   1.57e+00    17.6 
  4   -18.46806458912   -4.45e+02   3.59e-01    10.5 
  5   -41.20460650472   -2.27e+01   3.80e-02    6.3 
  6   -18.21389509553    2.30e+01   3.27e-01    8.4 
  7   -41.27630533820   -2.31e+01   5.32e-02    7.8 
  8   -41.31890758163   -4.26e-02   3.44e-02    3.1 
  9   -41.43330635463   -1.14e-01   1.48e-02    2.7 
 10   -41.46572725838   -3.24e-02   2.20e-03    4.4 
 11   -41.46516257047    5.65e-04   4.01e-03    4.5 
 12   -41.46504677762    1.16e-04   2.83e-03    3.3 
Energy breakdown:
    Kinetic             17.3430210
    AtomicLocal         6.8636381 
    AtomicNonlocal      7.9712517 
    Ewald               -53.9147822
    PspCorrection       -3.7611666
    Hartree             0.0850328 
    Xc                  -16.0520415

    total               -41.465046777618

 ──────────────────────────────────────────────────────────────────────────────
                                       Time                   Allocations      
                               ──────────────────────   ───────────────────────
       Tot / % measured:             645s / 100%             338GiB / 100%     

 Section               ncalls     time   %tot     avg     alloc   %tot      avg
 ──────────────────────────────────────────────────────────────────────────────
 self_consistent_field      1     642s   100%    642s    337GiB  100%    337GiB
   LOBPCG                 864     585s  91.1%   677ms    290GiB  85.9%   343MiB
     Hamiltonian mu...  6.40k     197s  30.7%  30.8ms   44.4GiB  13.2%  7.10MiB
     block multipli...  29.7k     134s  20.8%  4.50ms   72.5GiB  21.5%  2.50MiB
     rayleigh_ritz      5.54k    68.9s  10.7%  12.4ms   1.43GiB  0.42%   271KiB
     ortho              24.5k    66.9s  10.4%  2.73ms   50.1GiB  14.8%  2.09MiB
   energy_hamiltonian      25    40.9s  6.38%   1.64s   12.2GiB  3.63%   501MiB
   compute_density         12    13.2s  2.05%   1.10s   34.8GiB  10.3%  2.90GiB
   KerkerDosMixing         12   8.28ms  0.00%   690μs   20.7MiB  0.01%  1.73MiB
     SimpleMixing          12   2.76ms  0.00%   230μs   20.6MiB  0.01%  1.72MiB
   QR orthonormaliz...    864    750μs  0.00%   868ns     0.00B  0.00%    0.00B
 ──────────────────────────────────────────────────────────────────────────────

Total time in ns: 643235240549
