Julia version: 1.6.0-DEV.1324

Threading configuration: 
       JULIA_NUM_THREADS:   4
      JULIA_FFTW_THREADS:   1
      JULIA_BLAS_THREADS:   4
Payload:  Aluminium_slab_scfres_guess.jld2

System facts:
    fft_size:      (25, 25, 120)
    kpoints:       72
    n_electrons:   60
    n_bands:       33

Compiling code ...
Timing SCF ...

n     Energy            Eₙ-Eₙ₋₁     ρout-ρin   Diag
---   ---------------   ---------   --------   ----
  1   -41.42845485369         NaN   3.06e-01    1.8 
  2   -40.79970688231    6.29e-01   8.03e-02    6.3 
  3   +435.9504803532    4.77e+02   1.59e+00    17.3 
  4   -13.00996538515   -4.49e+02   3.97e-01    10.2 
  5   -40.99861260590   -2.80e+01   4.97e-02    6.6 
  6   -21.95453708627    1.90e+01   2.99e-01    8.6 
  7   -41.18632731909   -1.92e+01   6.39e-02    7.8 
  8   -41.30143636352   -1.15e-01   3.73e-02    3.2 
  9   -41.42859992787   -1.27e-01   1.54e-02    2.4 
 10   -41.46601182775   -3.74e-02   1.88e-03    4.6 
 11   -41.46357905706    2.43e-03   4.14e-03    6.5 
 12   -41.46604899349   -2.47e-03   1.85e-03    4.8 
Energy breakdown:
    Kinetic             17.3430700
    AtomicLocal         6.8642993 
    AtomicNonlocal      7.9709039 
    Ewald               -53.9147822
    PspCorrection       -3.7611666
    Hartree             0.0836742 
    Xc                  -16.0520477

    total               -41.466048993486

 ──────────────────────────────────────────────────────────────────────────────
                                       Time                   Allocations      
                               ──────────────────────   ───────────────────────
       Tot / % measured:             491s / 99.5%            340GiB / 100%     

 Section               ncalls     time   %tot     avg     alloc   %tot      avg
 ──────────────────────────────────────────────────────────────────────────────
 self_consistent_field      1     488s   100%    488s    340GiB  100%    340GiB
   LOBPCG                 864     449s  92.0%   520ms    292GiB  86.0%   346MiB
     Hamiltonian mu...  6.64k     151s  30.9%  22.7ms   43.8GiB  12.9%  6.75MiB
     block multipli...  31.1k    75.6s  15.5%  2.43ms   73.9GiB  21.8%  2.43MiB
     ortho              25.5k    57.5s  11.8%  2.26ms   50.8GiB  15.0%  2.04MiB
     rayleigh_ritz      5.78k    57.4s  11.8%  9.94ms   1.45GiB  0.43%   263KiB
   energy_hamiltonian      25    24.3s  4.98%   973ms   12.2GiB  3.60%   501MiB
   compute_density         12    11.6s  2.38%   969ms   34.6GiB  10.2%  2.88GiB
   KerkerDosMixing         12   8.32ms  0.00%   694μs   20.7MiB  0.01%  1.73MiB
     SimpleMixing          12   2.20ms  0.00%   183μs   20.6MiB  0.01%  1.72MiB
   QR orthonormaliz...    864    991μs  0.00%  1.15μs     0.00B  0.00%    0.00B
 ──────────────────────────────────────────────────────────────────────────────

Total time in ns: 489339233725
