Julia version: 1.6.0-DEV.1324

Threading configuration: 
       JULIA_NUM_THREADS:   4
      JULIA_FFTW_THREADS:   2
      JULIA_BLAS_THREADS:   4
Payload:  Aluminium_slab_scfres_guess.jld2

System facts:
    fft_size:      (25, 25, 120)
    kpoints:       72
    n_electrons:   60
    n_bands:       33

Compiling code ...
Timing SCF ...

n     Energy            Eₙ-Eₙ₋₁     ρout-ρin   Diag
---   ---------------   ---------   --------   ----
  1   -41.42842475963         NaN   3.06e-01    1.8 
  2   -40.80144693509    6.27e-01   8.02e-02    6.4 
  3   +432.5299660921    4.73e+02   1.58e+00    17.3 
  4   -13.43967794674   -4.46e+02   3.95e-01    10.1 
  5   -41.20356717560   -2.78e+01   3.90e-02    6.6 
  6   -19.88683163134    2.13e+01   3.15e-01    8.7 
  7   -41.09800398080   -2.12e+01   6.56e-02    7.7 
  8   -41.29692732680   -1.99e-01   3.82e-02    3.2 
  9   -41.42663545542   -1.30e-01   1.54e-02    2.4 
 10   -41.46600540364   -3.94e-02   1.84e-03    4.4 
 11   -41.46385924591    2.15e-03   3.89e-03    6.1 
 12   -41.46540855204   -1.55e-03   2.57e-03    3.6 
Energy breakdown:
    Kinetic             17.3430612
    AtomicLocal         6.8636803 
    AtomicNonlocal      7.9712411 
    Ewald               -53.9147822
    PspCorrection       -3.7611666
    Hartree             0.0845966 
    Xc                  -16.0520389

    total               -41.465408552040

 ──────────────────────────────────────────────────────────────────────────────
                                       Time                   Allocations      
                               ──────────────────────   ───────────────────────
       Tot / % measured:             483s / 99.5%            340GiB / 100%     

 Section               ncalls     time   %tot     avg     alloc   %tot      avg
 ──────────────────────────────────────────────────────────────────────────────
 self_consistent_field      1     480s   100%    480s    339GiB  100%    339GiB
   LOBPCG                 864     441s  91.7%   510ms    292GiB  86.0%   346MiB
     Hamiltonian mu...  6.50k     156s  32.4%  24.0ms   44.3GiB  13.1%  6.98MiB
     block multipli...  30.3k    73.5s  15.3%  2.43ms   73.4GiB  21.6%  2.48MiB
     rayleigh_ritz      5.63k    54.8s  11.4%  9.73ms   1.45GiB  0.43%   271KiB
     ortho              24.9k    54.4s  11.3%  2.19ms   50.6GiB  14.9%  2.08MiB
   energy_hamiltonian      25    23.8s  4.95%   951ms   12.2GiB  3.61%   501MiB
   compute_density         12    13.1s  2.73%   1.09s   34.7GiB  10.2%  2.89GiB
   KerkerDosMixing         12   7.80ms  0.00%   650μs   20.7MiB  0.01%  1.73MiB
     SimpleMixing          12   2.15ms  0.00%   179μs   20.6MiB  0.01%  1.72MiB
   QR orthonormaliz...    864    967μs  0.00%  1.12μs     0.00B  0.00%    0.00B
 ──────────────────────────────────────────────────────────────────────────────

Total time in ns: 481533187148
