Julia version: 1.6.0-DEV.1324

Threading configuration: 
       JULIA_NUM_THREADS:   4
      JULIA_FFTW_THREADS:   4
      JULIA_BLAS_THREADS:   4
Payload:  Aluminium_slab_scfres_guess.jld2

System facts:
    fft_size:      (25, 25, 120)
    kpoints:       72
    n_electrons:   60
    n_bands:       33

Compiling code ...
Timing SCF ...

n     Energy            Eₙ-Eₙ₋₁     ρout-ρin   Diag
---   ---------------   ---------   --------   ----
  1   -41.42841788954         NaN   3.06e-01    1.8 
  2   -40.79713020025    6.31e-01   8.03e-02    6.3 
  3   +435.1326313317    4.76e+02   1.59e+00    17.3 
  4   -12.60461877843   -4.48e+02   4.01e-01    10.2 
  5   -41.19406487097   -2.86e+01   3.95e-02    6.6 
  6   -19.73606736953    2.15e+01   3.16e-01    8.7 
  7   -41.10181061607   -2.14e+01   6.59e-02    7.8 
  8   -41.30063943966   -1.99e-01   3.72e-02    3.2 
  9   -41.42634105117   -1.26e-01   1.56e-02    2.4 
 10   -41.46595646213   -3.96e-02   1.89e-03    4.4 
 11   -41.46532213106    6.34e-04   3.39e-03    5.4 
 12   -41.46354122407    1.78e-03   4.05e-03    3.3 
Energy breakdown:
    Kinetic             17.3431089
    AtomicLocal         6.8634748 
    AtomicNonlocal      7.9710584 
    Ewald               -53.9147822
    PspCorrection       -3.7611666
    Hartree             0.0868448 
    Xc                  -16.0520794

    total               -41.463541224069

 ──────────────────────────────────────────────────────────────────────────────
                                       Time                   Allocations      
                               ──────────────────────   ───────────────────────
       Tot / % measured:             497s / 99.5%            339GiB / 100%     

 Section               ncalls     time   %tot     avg     alloc   %tot      avg
 ──────────────────────────────────────────────────────────────────────────────
 self_consistent_field      1     494s   100%    494s    339GiB  100%    339GiB
   LOBPCG                 864     453s  91.7%   524ms    291GiB  86.0%   345MiB
     Hamiltonian mu...  6.43k     158s  32.0%  24.6ms   44.6GiB  13.2%  7.11MiB
     block multipli...  29.9k    74.8s  15.1%  2.50ms   73.1GiB  21.6%  2.51MiB
     ortho              24.6k    57.2s  11.6%  2.33ms   50.4GiB  14.9%  2.10MiB
     rayleigh_ritz      5.57k    55.5s  11.2%  10.0ms   1.45GiB  0.43%   272KiB
   energy_hamiltonian      25    24.1s  4.87%   962ms   12.2GiB  3.61%   501MiB
   compute_density         12    13.9s  2.81%   1.16s   34.8GiB  10.3%  2.90GiB
   KerkerDosMixing         12   8.28ms  0.00%   690μs   20.7MiB  0.01%  1.73MiB
     SimpleMixing          12   2.60ms  0.00%   216μs   20.6MiB  0.01%  1.72MiB
   QR orthonormaliz...    864    862μs  0.00%   998ns     0.00B  0.00%    0.00B
 ──────────────────────────────────────────────────────────────────────────────

Total time in ns: 495275300115
