Julia version: 1.6.0-DEV.1324

Threading configuration: 
       JULIA_NUM_THREADS:   6
      JULIA_FFTW_THREADS:   1
      JULIA_BLAS_THREADS:   5
Payload:  Aluminium_slab_scfres_guess.jld2

System facts:
    fft_size:      (25, 25, 120)
    kpoints:       72
    n_electrons:   60
    n_bands:       33

Compiling code ...
Timing SCF ...

n     Energy            Eₙ-Eₙ₋₁     ρout-ρin   Diag
---   ---------------   ---------   --------   ----
  1   -41.42845398313         NaN   3.06e-01    1.8 
  2   -40.83638132806    5.92e-01   7.92e-02    6.4 
  3   +427.1775726255    4.68e+02   1.57e+00    17.6 
  4   -18.29858409798   -4.45e+02   3.60e-01    10.5 
  5   -41.15906260160   -2.29e+01   4.09e-02    6.2 
  6   -19.21117108253    2.19e+01   3.20e-01    8.4 
  7   -41.24489126746   -2.20e+01   5.72e-02    7.9 
  8   -41.32082784032   -7.59e-02   3.40e-02    3.1 
  9   -41.43365156810   -1.13e-01   1.47e-02    2.7 
 10   -41.46583087007   -3.22e-02   2.07e-03    4.5 
 11   -41.46536546970    4.65e-04   3.50e-03    4.4 
 12   -41.46492519452    4.40e-04   2.95e-03    3.6 
Energy breakdown:
    Kinetic             17.3430459
    AtomicLocal         6.8635171 
    AtomicNonlocal      7.9713611 
    Ewald               -53.9147822
    PspCorrection       -3.7611666
    Hartree             0.0851367 
    Xc                  -16.0520373

    total               -41.464925194525

 ──────────────────────────────────────────────────────────────────────────────
                                       Time                   Allocations      
                               ──────────────────────   ───────────────────────
       Tot / % measured:             443s / 99.4%            339GiB / 100%     

 Section               ncalls     time   %tot     avg     alloc   %tot      avg
 ──────────────────────────────────────────────────────────────────────────────
 self_consistent_field      1     440s   100%    440s    338GiB  100%    338GiB
   LOBPCG                 864     407s  92.6%   471ms    291GiB  85.9%   345MiB
     Hamiltonian mu...  6.41k     127s  28.8%  19.8ms   45.0GiB  13.3%  7.19MiB
     ortho              24.5k    64.0s  14.6%  2.61ms   50.1GiB  14.8%  2.10MiB
     block multipli...  29.7k    60.3s  13.7%  2.03ms   72.6GiB  21.5%  2.50MiB
     rayleigh_ritz      5.54k    53.7s  12.2%  9.68ms   1.43GiB  0.42%   271KiB
   energy_hamiltonian      25    21.0s  4.76%   839ms   12.3GiB  3.65%   506MiB
   compute_density         12    8.52s  1.94%   710ms   34.7GiB  10.3%  2.89GiB
   KerkerDosMixing         12   9.36ms  0.00%   780μs   20.7MiB  0.01%  1.73MiB
     SimpleMixing          12   2.84ms  0.00%   236μs   20.6MiB  0.01%  1.72MiB
   QR orthonormaliz...    864   1.05ms  0.00%  1.22μs     0.00B  0.00%    0.00B
 ──────────────────────────────────────────────────────────────────────────────

Total time in ns: 441193369923
