Julia version: 1.6.0-DEV.1324

Threading configuration: 
       JULIA_NUM_THREADS:   6
      JULIA_FFTW_THREADS:   2
      JULIA_BLAS_THREADS:   5
Payload:  Aluminium_slab_scfres_guess.jld2

System facts:
    fft_size:      (25, 25, 120)
    kpoints:       72
    n_electrons:   60
    n_bands:       33

Compiling code ...
Timing SCF ...

n     Energy            Eₙ-Eₙ₋₁     ρout-ρin   Diag
---   ---------------   ---------   --------   ----
  1   -41.42851624043         NaN   3.06e-01    1.8 
  2   -40.86849715157    5.60e-01   7.83e-02    6.4 
  3   +421.1047115172    4.62e+02   1.55e+00    17.8 
  4   -21.61418530436   -4.43e+02   3.34e-01    10.5 
  5   -41.13917938733   -1.95e+01   4.15e-02    6.1 
  6   -19.40855779363    2.17e+01   3.18e-01    8.8 
  7   -41.32537844945   -2.19e+01   4.97e-02    7.9 
  8   -41.34198521981   -1.66e-02   3.16e-02    3.0 
  9   -41.43776797536   -9.58e-02   1.42e-02    2.7 
 10   -41.46601258300   -2.82e-02   1.72e-03    4.3 
 11   -41.46526100579    7.52e-04   3.01e-03    5.3 
 12   -41.46608365437   -8.23e-04   1.58e-03    4.0 
Energy breakdown:
    Kinetic             17.3429942
    AtomicLocal         6.8642984 
    AtomicNonlocal      7.9710653 
    Ewald               -53.9147822
    PspCorrection       -3.7611666
    Hartree             0.0835350 
    Xc                  -16.0520278

    total               -41.466083654367

 ──────────────────────────────────────────────────────────────────────────────
                                       Time                   Allocations      
                               ──────────────────────   ───────────────────────
       Tot / % measured:             442s / 99.4%            339GiB / 100%     

 Section               ncalls     time   %tot     avg     alloc   %tot      avg
 ──────────────────────────────────────────────────────────────────────────────
 self_consistent_field      1     439s   100%    439s    339GiB  100%    339GiB
   LOBPCG                 864     405s  92.2%   469ms    291GiB  85.9%   345MiB
     Hamiltonian mu...  6.53k     124s  28.3%  19.1ms   45.9GiB  13.5%  7.20MiB
     ortho              25.0k    64.2s  14.6%  2.56ms   50.1GiB  14.8%  2.05MiB
     block multipli...  30.4k    61.4s  14.0%  2.02ms   72.5GiB  21.4%  2.44MiB
     rayleigh_ritz      5.66k    53.9s  12.3%  9.52ms   1.43GiB  0.42%   264KiB
   energy_hamiltonian      25    21.2s  4.83%   849ms   12.3GiB  3.64%   506MiB
   compute_density         12    10.0s  2.27%   832ms   34.8GiB  10.3%  2.90GiB
   KerkerDosMixing         12   8.91ms  0.00%   742μs   20.7MiB  0.01%  1.73MiB
     SimpleMixing          12   3.36ms  0.00%   280μs   20.6MiB  0.01%  1.72MiB
   QR orthonormaliz...    864    986μs  0.00%  1.14μs     0.00B  0.00%    0.00B
 ──────────────────────────────────────────────────────────────────────────────

Total time in ns: 440492705448
