Julia version: 1.6.0-DEV.1324

Threading configuration: 
       JULIA_NUM_THREADS:   7
      JULIA_FFTW_THREADS:   2
      JULIA_BLAS_THREADS:   5
Payload:  Aluminium_slab_scfres_guess.jld2

System facts:
    fft_size:      (25, 25, 120)
    kpoints:       72
    n_electrons:   60
    n_bands:       33

Compiling code ...
Timing SCF ...

n     Energy            Eₙ-Eₙ₋₁     ρout-ρin   Diag
---   ---------------   ---------   --------   ----
  1   -41.42849014727         NaN   3.06e-01    1.8 
  2   -40.85989832749    5.69e-01   7.85e-02    6.4 
  3   +422.8513358393    4.64e+02   1.56e+00    17.8 
  4   -20.98369458394   -4.44e+02   3.39e-01    10.5 
  5   -41.13057284825   -2.01e+01   4.20e-02    6.1 
  6   -19.41671334175    2.17e+01   3.18e-01    8.7 
  7   -41.32611002220   -2.19e+01   4.98e-02    8.0 
  8   -41.33980173694   -1.37e-02   3.16e-02    3.0 
  9   -41.43694421196   -9.71e-02   1.44e-02    2.7 
 10   -41.46602582280   -2.91e-02   1.70e-03    4.4 
 11   -41.46440350651    1.62e-03   3.55e-03    5.8 
 12   -41.46584292120   -1.44e-03   2.29e-03    4.8 
Energy breakdown:
    Kinetic             17.3430924
    AtomicLocal         6.8644606 
    AtomicNonlocal      7.9710760 
    Ewald               -53.9147822
    PspCorrection       -3.7611666
    Hartree             0.0835143 
    Xc                  -16.0520374

    total               -41.465842921198

 ──────────────────────────────────────────────────────────────────────────────
                                       Time                   Allocations      
                               ──────────────────────   ───────────────────────
       Tot / % measured:             438s / 99.4%            343GiB / 100%     

 Section               ncalls     time   %tot     avg     alloc   %tot      avg
 ──────────────────────────────────────────────────────────────────────────────
 self_consistent_field      1     435s   100%    435s    343GiB  100%    343GiB
   LOBPCG                 864     402s  92.5%   466ms    295GiB  86.1%   349MiB
     Hamiltonian mu...  6.62k     124s  28.6%  18.8ms   47.3GiB  13.8%  7.31MiB
     ortho              25.4k    64.0s  14.7%  2.51ms   50.6GiB  14.8%  2.04MiB
     block multipli...  31.0k    61.7s  14.2%  1.99ms   73.5GiB  21.5%  2.43MiB
     rayleigh_ritz      5.76k    53.2s  12.2%  9.24ms   1.44GiB  0.42%   262KiB
   energy_hamiltonian      25    20.5s  4.71%   820ms   12.4GiB  3.62%   508MiB
   compute_density         12    8.98s  2.06%   748ms   34.8GiB  10.2%  2.90GiB
   KerkerDosMixing         12   8.02ms  0.00%   668μs   20.7MiB  0.01%  1.73MiB
     SimpleMixing          12   1.91ms  0.00%   159μs   20.6MiB  0.01%  1.72MiB
   QR orthonormaliz...    864   1.06ms  0.00%  1.22μs     0.00B  0.00%    0.00B
 ──────────────────────────────────────────────────────────────────────────────

Total time in ns: 436302265372
