Julia version: 1.6.0-DEV.1324

Threading configuration: 
       JULIA_NUM_THREADS:   7
      JULIA_FFTW_THREADS:   1
      JULIA_BLAS_THREADS:   6
Payload:  Aluminium_slab_scfres_guess.jld2

System facts:
    fft_size:      (25, 25, 120)
    kpoints:       72
    n_electrons:   60
    n_bands:       33

Compiling code ...
Timing SCF ...

n     Energy            Eₙ-Eₙ₋₁     ρout-ρin   Diag
---   ---------------   ---------   --------   ----
  1   -41.42854343801         NaN   3.06e-01    1.9 
  2   -40.86896289434    5.60e-01   7.83e-02    6.4 
  3   +421.1633049675    4.62e+02   1.55e+00    17.8 
  4   -20.90629965225   -4.42e+02   3.40e-01    10.6 
  5   -41.24103326177   -2.03e+01   3.54e-02    6.2 
  6   -17.63954467345    2.36e+01   3.31e-01    8.8 
  7   -41.29865755651   -2.37e+01   5.04e-02    7.9 
  8   -41.33590540745   -3.72e-02   3.22e-02    3.0 
  9   -41.43723173149   -1.01e-01   1.42e-02    2.7 
 10   -41.46567836810   -2.84e-02   2.16e-03    4.5 
 11   -41.46537540279    3.03e-04   3.35e-03    4.3 
 12   -41.46518250465    1.93e-04   2.59e-03    3.7 
Energy breakdown:
    Kinetic             17.3430653
    AtomicLocal         6.8636457 
    AtomicNonlocal      7.9712261 
    Ewald               -53.9147822
    PspCorrection       -3.7611666
    Hartree             0.0848704 
    Xc                  -16.0520412

    total               -41.465182504652

 ──────────────────────────────────────────────────────────────────────────────
                                       Time                   Allocations      
                               ──────────────────────   ───────────────────────
       Tot / % measured:             411s / 99.4%            339GiB / 100%     

 Section               ncalls     time   %tot     avg     alloc   %tot      avg
 ──────────────────────────────────────────────────────────────────────────────
 self_consistent_field      1     408s   100%    408s    339GiB  100%    339GiB
   LOBPCG                 864     379s  92.8%   438ms    291GiB  85.9%   345MiB
     Hamiltonian mu...  6.46k     119s  29.2%  18.5ms   46.0GiB  13.6%  7.29MiB
     ortho              24.7k    61.8s  15.1%  2.50ms   50.1GiB  14.8%  2.07MiB
     block multipli...  30.0k    51.6s  12.6%  1.72ms   72.5GiB  21.4%  2.47MiB
     rayleigh_ritz      5.59k    50.8s  12.4%  9.09ms   1.43GiB  0.42%   268KiB
   energy_hamiltonian      25    19.0s  4.64%   759ms   12.4GiB  3.66%   508MiB
   compute_density         12    7.46s  1.83%   622ms   34.7GiB  10.2%  2.89GiB
   KerkerDosMixing         12   8.05ms  0.00%   671μs   20.7MiB  0.01%  1.73MiB
     SimpleMixing          12   2.60ms  0.00%   216μs   20.6MiB  0.01%  1.72MiB
   QR orthonormaliz...    864    922μs  0.00%  1.07μs     0.00B  0.00%    0.00B
 ──────────────────────────────────────────────────────────────────────────────

Total time in ns: 409441322670
