Julia version: 1.6.0-DEV.1324

Threading configuration: 
       JULIA_NUM_THREADS:   8
      JULIA_FFTW_THREADS:   1
      JULIA_BLAS_THREADS:   4
Payload:  Aluminium_slab_scfres_guess.jld2

System facts:
    fft_size:      (25, 25, 120)
    kpoints:       72
    n_electrons:   60
    n_bands:       33

Compiling code ...
Timing SCF ...

n     Energy            Eₙ-Eₙ₋₁     ρout-ρin   Diag
---   ---------------   ---------   --------   ----
  1   -41.42841931750         NaN   3.06e-01    1.8 
  2   -40.79796958362    6.30e-01   8.03e-02    6.4 
  3   +434.2505499121    4.75e+02   1.58e+00    17.2 
  4   -12.76088261028   -4.47e+02   4.00e-01    10.1 
  5   -41.19644446606   -2.84e+01   3.93e-02    6.5 
  6   -19.75775074489    2.14e+01   3.16e-01    8.6 
  7   -41.10349697553   -2.13e+01   6.56e-02    7.7 
  8   -41.29941021101   -1.96e-01   3.75e-02    3.2 
  9   -41.42601749223   -1.27e-01   1.56e-02    2.4 
 10   -41.46598611608   -4.00e-02   1.85e-03    4.5 
 11   -41.46496728677    1.02e-03   3.65e-03    5.7 
 12   -41.46425842007    7.09e-04   3.54e-03    3.3 
Energy breakdown:
    Kinetic             17.3431522
    AtomicLocal         6.8641039 
    AtomicNonlocal      7.9704269 
    Ewald               -53.9147822
    PspCorrection       -3.7611666
    Hartree             0.0861071 
    Xc                  -16.0520997

    total               -41.464258420066

 ──────────────────────────────────────────────────────────────────────────────
                                       Time                   Allocations      
                               ──────────────────────   ───────────────────────
       Tot / % measured:             455s / 99.4%            342GiB / 100%     

 Section               ncalls     time   %tot     avg     alloc   %tot      avg
 ──────────────────────────────────────────────────────────────────────────────
 self_consistent_field      1     453s   100%    453s    342GiB  100%    342GiB
   LOBPCG                 864     419s  92.5%   485ms    294GiB  86.0%   349MiB
     Hamiltonian mu...  6.45k     135s  29.8%  20.9ms   47.1GiB  13.8%  7.49MiB
     block multipli...  30.0k    72.5s  16.0%  2.42ms   73.3GiB  21.4%  2.50MiB
     rayleigh_ritz      5.59k    57.1s  12.6%  10.2ms   1.45GiB  0.42%   272KiB
     ortho              24.6k    53.3s  11.8%  2.17ms   50.5GiB  14.8%  2.10MiB
   energy_hamiltonian      25    23.2s  5.13%   928ms   12.5GiB  3.64%   510MiB
   compute_density         12    7.63s  1.68%   635ms   34.7GiB  10.2%  2.89GiB
   KerkerDosMixing         12   7.36ms  0.00%   613μs   20.7MiB  0.01%  1.73MiB
     SimpleMixing          12   2.18ms  0.00%   181μs   20.6MiB  0.01%  1.72MiB
   QR orthonormaliz...    864    939μs  0.00%  1.09μs     0.00B  0.00%    0.00B
 ──────────────────────────────────────────────────────────────────────────────

Total time in ns: 453620233983
