Julia version: 1.6.0-DEV.1324

Threading configuration: 
       JULIA_NUM_THREADS:   8
      JULIA_FFTW_THREADS:   2
      JULIA_BLAS_THREADS:   5
Payload:  Aluminium_slab_scfres_guess.jld2

System facts:
    fft_size:      (25, 25, 120)
    kpoints:       72
    n_electrons:   60
    n_bands:       33

Compiling code ...
Timing SCF ...

n     Energy            Eₙ-Eₙ₋₁     ρout-ρin   Diag
---   ---------------   ---------   --------   ----
  1   -41.42851724190         NaN   3.06e-01    1.8 
  2   -40.87120473768    5.57e-01   7.82e-02    6.4 
  3   +420.8309212278    4.62e+02   1.55e+00    17.9 
  4   -21.77255106852   -4.43e+02   3.32e-01    10.5 
  5   -41.13727410083   -1.94e+01   4.17e-02    6.1 
  6   -19.49240998404    2.16e+01   3.17e-01    8.7 
  7   -41.32442499364   -2.18e+01   4.98e-02    7.9 
  8   -41.34267338188   -1.82e-02   3.15e-02    3.0 
  9   -41.43778782318   -9.51e-02   1.41e-02    2.7 
 10   -41.46594356461   -2.82e-02   1.83e-03    4.4 
 11   -41.46551578106    4.28e-04   2.93e-03    4.9 
 12   -41.46585470691   -3.39e-04   1.83e-03    3.1 
Energy breakdown:
    Kinetic             17.3431096
    AtomicLocal         6.8638413 
    AtomicNonlocal      7.9712463 
    Ewald               -53.9147822
    PspCorrection       -3.7611666
    Hartree             0.0839228 
    Xc                  -16.0520259

    total               -41.465854706905

 ──────────────────────────────────────────────────────────────────────────────
                                       Time                   Allocations      
                               ──────────────────────   ───────────────────────
       Tot / % measured:             428s / 99.4%            339GiB / 100%     

 Section               ncalls     time   %tot     avg     alloc   %tot      avg
 ──────────────────────────────────────────────────────────────────────────────
 self_consistent_field      1     425s   100%    425s    339GiB  100%    339GiB
   LOBPCG                 864     394s  92.5%   455ms    291GiB  85.9%   345MiB
     Hamiltonian mu...  6.43k     115s  27.1%  17.9ms   47.4GiB  14.0%  7.54MiB
     ortho              24.6k    63.0s  14.8%  2.56ms   49.7GiB  14.7%  2.07MiB
     block multipli...  29.9k    59.8s  14.1%  2.00ms   71.8GiB  21.2%  2.46MiB
     rayleigh_ritz      5.57k    53.5s  12.6%  9.61ms   1.42GiB  0.42%   267KiB
   energy_hamiltonian      25    20.7s  4.86%   826ms   12.5GiB  3.67%   510MiB
   compute_density         12    8.05s  1.89%   671ms   34.8GiB  10.3%  2.90GiB
   KerkerDosMixing         12   7.61ms  0.00%   634μs   20.7MiB  0.01%  1.73MiB
     SimpleMixing          12   2.11ms  0.00%   176μs   20.6MiB  0.01%  1.72MiB
   QR orthonormaliz...    864   1.04ms  0.00%  1.21μs     0.00B  0.00%    0.00B
 ──────────────────────────────────────────────────────────────────────────────

Total time in ns: 426364415346
