Julia version: 1.6.0-DEV.1324

Threading configuration: 
       JULIA_NUM_THREADS:   8
      JULIA_FFTW_THREADS:   1
      JULIA_BLAS_THREADS:   6
Payload:  Aluminium_slab_scfres_guess.jld2

System facts:
    fft_size:      (25, 25, 120)
    kpoints:       72
    n_electrons:   60
    n_bands:       33

Compiling code ...
Timing SCF ...

n     Energy            Eₙ-Eₙ₋₁     ρout-ρin   Diag
---   ---------------   ---------   --------   ----
  1   -41.42849197418         NaN   3.06e-01    1.8 
  2   -40.88971521284    5.39e-01   7.77e-02    6.4 
  3   +417.8677023528    4.59e+02   1.55e+00    17.1 
  4   -22.61736842159   -4.40e+02   3.26e-01    10.4 
  5   -41.21027043440   -1.86e+01   3.76e-02    6.1 
  6   -18.58671438563    2.26e+01   3.24e-01    8.8 
  7   -41.28777771061   -2.27e+01   5.26e-02    8.0 
  8   -41.34586241342   -5.81e-02   3.11e-02    3.1 
  9   -41.43996294167   -9.41e-02   1.35e-02    2.7 
 10   -41.46599545557   -2.60e-02   1.72e-03    4.5 
 11   -41.46552288383    4.73e-04   2.55e-03    5.6 
 12   -41.46606769192   -5.45e-04   1.62e-03    3.5 
Energy breakdown:
    Kinetic             17.3430816
    AtomicLocal         6.8641528 
    AtomicNonlocal      7.9711912 
    Ewald               -53.9147822
    PspCorrection       -3.7611666
    Hartree             0.0834744 
    Xc                  -16.0520188

    total               -41.466067691916

 ──────────────────────────────────────────────────────────────────────────────
                                       Time                   Allocations      
                               ──────────────────────   ───────────────────────
       Tot / % measured:             395s / 99.3%            339GiB / 100%     

 Section               ncalls     time   %tot     avg     alloc   %tot      avg
 ──────────────────────────────────────────────────────────────────────────────
 self_consistent_field      1     392s   100%    392s    338GiB  100%    338GiB
   LOBPCG                 864     364s  92.7%   421ms    290GiB  85.9%   344MiB
     Hamiltonian mu...  6.47k     122s  31.2%  18.9ms   46.7GiB  13.8%  7.38MiB
     ortho              24.8k    59.9s  15.3%  2.42ms   49.7GiB  14.7%  2.06MiB
     block multipli...  30.1k    51.1s  13.0%  1.70ms   71.8GiB  21.2%  2.44MiB
     rayleigh_ritz      5.61k    44.9s  11.5%  8.01ms   1.42GiB  0.42%   265KiB
   energy_hamiltonian      25    18.4s  4.69%   735ms   12.5GiB  3.68%   510MiB
   compute_density         12    7.01s  1.79%   584ms   34.7GiB  10.3%  2.89GiB
   KerkerDosMixing         12   7.97ms  0.00%   664μs   20.7MiB  0.01%  1.73MiB
     SimpleMixing          12   2.17ms  0.00%   181μs   20.6MiB  0.01%  1.72MiB
   QR orthonormaliz...    864    858μs  0.00%   993ns     0.00B  0.00%    0.00B
 ──────────────────────────────────────────────────────────────────────────────

Total time in ns: 393259315481
