Julia version: 1.6.0-DEV.1324

Threading configuration: 
       JULIA_NUM_THREADS:   8
      JULIA_FFTW_THREADS:   2
      JULIA_BLAS_THREADS:   7
Payload:  Aluminium_slab_scfres_guess.jld2

System facts:
    fft_size:      (25, 25, 120)
    kpoints:       72
    n_electrons:   60
    n_bands:       33

Compiling code ...
Timing SCF ...

n     Energy            Eₙ-Eₙ₋₁     ρout-ρin   Diag
---   ---------------   ---------   --------   ----
  1   -41.42846348689         NaN   3.06e-01    1.8 
  2   -40.82677508545    6.02e-01   7.95e-02    6.4 
  3   +428.3179076723    4.69e+02   1.57e+00    17.6 
  4   -16.51531036795   -4.45e+02   3.73e-01    10.4 
  5   -41.15517005478   -2.46e+01   4.10e-02    6.3 
  6   -19.14093901864    2.20e+01   3.20e-01    8.5 
  7   -41.23945381439   -2.21e+01   5.79e-02    7.8 
  8   -41.32844850861   -8.90e-02   3.31e-02    3.1 
  9   -41.43189062609   -1.03e-01   1.50e-02    2.6 
 10   -41.46604471798   -3.42e-02   1.63e-03    4.3 
 11   -41.46477747331    1.27e-03   2.94e-03    6.3 
 12   -41.46599577567   -1.22e-03   1.89e-03    4.8 
Energy breakdown:
    Kinetic             17.3429480
    AtomicLocal         6.8641879 
    AtomicNonlocal      7.9713990 
    Ewald               -53.9147822
    PspCorrection       -3.7611666
    Hartree             0.0834280 
    Xc                  -16.0520099

    total               -41.465995775672

 ──────────────────────────────────────────────────────────────────────────────
                                       Time                   Allocations      
                               ──────────────────────   ───────────────────────
       Tot / % measured:             400s / 99.4%            345GiB / 100%     

 Section               ncalls     time   %tot     avg     alloc   %tot      avg
 ──────────────────────────────────────────────────────────────────────────────
 self_consistent_field      1     398s   100%    398s    344GiB  100%    344GiB
   LOBPCG                 864     368s  92.6%   426ms    296GiB  86.1%   351MiB
     Hamiltonian mu...  6.62k     108s  27.1%  16.3ms   48.3GiB  14.0%  7.46MiB
     ortho              25.5k    62.6s  15.7%  2.46ms   50.7GiB  14.7%  2.04MiB
     rayleigh_ritz      5.76k    52.0s  13.1%  9.02ms   1.45GiB  0.42%   264KiB
     block multipli...  31.0k    47.8s  12.0%  1.54ms   73.7GiB  21.4%  2.43MiB
   energy_hamiltonian      25    17.9s  4.51%   717ms   12.5GiB  3.62%   510MiB
   compute_density         12    8.35s  2.10%   696ms   34.8GiB  10.1%  2.90GiB
   KerkerDosMixing         12   7.54ms  0.00%   629μs   20.7MiB  0.01%  1.73MiB
     SimpleMixing          12   2.18ms  0.00%   181μs   20.6MiB  0.01%  1.72MiB
   QR orthonormaliz...    864   1.07ms  0.00%  1.24μs     0.00B  0.00%    0.00B
 ──────────────────────────────────────────────────────────────────────────────

Total time in ns: 398823669064
