Julia version: 1.6.0-DEV.1324

Threading configuration: 
       JULIA_NUM_THREADS:   1
      JULIA_FFTW_THREADS:   1
      JULIA_BLAS_THREADS:   1
           MPI Processes:  10
Payload:  Fe_scfres_guess.jld2

System facts:
    fft_size:      (30, 30, 30)
    kpoints:       18
    n_electrons:   16
    n_bands:       23

Compiling code ...
Timing SCF ...

n     Free energy       Eₙ-Eₙ₋₁     ρout-ρin   Magnet   Diag
---   ---------------   ---------   --------   ------   ----
  1   -111.8084467724         NaN   5.13e+00    2.000    1.0 
  2   -116.7236028632   -4.92e+00   3.03e+00    2.000    5.3 
  3   -120.7864573028   -4.06e+00   1.12e+00    2.387    5.0 
  4   -121.8709184904   -1.08e+00   2.61e-01    2.625    5.2 
  5   -121.8961451835   -2.52e-02   3.11e-01    2.373    3.2 
  6   -121.9451215744   -4.90e-02   1.65e-01    2.142    2.7 
  7   -121.9131690611    3.20e-02   2.27e-01    2.150    2.3 
  8   -121.9485813755   -3.54e-02   4.08e-02    1.882    2.3 
  9   -121.9494018927   -8.21e-04   1.10e-02    1.908    2.0 
 10   -121.9494537813   -5.19e-05   5.90e-03    1.932    1.9 
 11   -121.9494571679   -3.39e-06   7.28e-04    1.933    1.9 
 12   -121.9494574307   -2.63e-07   2.97e-04    1.929    3.3 
 13   -121.9494574258    4.89e-09   6.53e-05    1.928    2.8 
 14   -121.9494574190    6.76e-09   1.65e-05    1.928    2.7 
 15   -121.9494574189    1.29e-10   2.73e-06    1.928    2.9 
 16   -121.9494574191   -1.76e-10   6.72e-07    1.928    2.9 
 17   -121.9494574191   -2.09e-12   1.98e-07    1.928    2.8 
Energy breakdown:
    Kinetic             59.3814282
    AtomicLocal         -99.3605616
    AtomicNonlocal      -16.5408024
    Ewald               -85.8892161
    PspCorrection       3.5081636 
    Hartree             29.7313728
    Xc                  -12.7787483
    Entropy             -0.0010934

    total               -121.949457419091

 ──────────────────────────────────────────────────────────────────────────────
                                       Time                   Allocations      
                               ──────────────────────   ───────────────────────
       Tot / % measured:            51.0s / 94.6%           8.73GiB / 96.4%    

 Section               ncalls     time   %tot     avg     alloc   %tot      avg
 ──────────────────────────────────────────────────────────────────────────────
 self_consistent_field      1    48.2s   100%   48.2s   8.42GiB  100%   8.42GiB
   LOBPCG                 306    27.3s  56.6%  89.2ms   4.42GiB  52.5%  14.8MiB
     Hamiltonian mu...  1.21k    16.4s  34.0%  13.5ms    631MiB  7.32%   533KiB
       kinetic+local    1.21k    15.7s  32.4%  12.9ms   49.2MiB  0.57%  41.6KiB
       nonlocal         1.21k    578ms  1.20%   477μs    330MiB  3.83%   279KiB
     block multipli...  4.15k    2.22s  4.59%   534μs    864MiB  10.0%   213KiB
     rayleigh_ritz        906    1.36s  2.81%  1.50ms    145MiB  1.68%   164KiB
     ortho              3.75k    1.21s  2.50%   322μs    135MiB  1.57%  36.9KiB
   compute_density         17    11.6s  24.0%   682ms    383MiB  4.45%  22.5MiB
   energy_hamiltonian      35    3.86s  7.99%   110ms   3.13GiB  37.1%  91.4MiB
     ene_ops               35    3.74s  7.75%   107ms   2.85GiB  33.9%  83.5MiB
       ene_ops: xc         35    2.31s  4.80%  66.1ms   2.57GiB  30.5%  75.2MiB
       ene_ops: kin...     35    339ms  0.70%  9.68ms    215MiB  2.50%  6.16MiB
       ene_ops: non...     35    209ms  0.43%  5.98ms   9.93MiB  0.12%   291KiB
       ene_ops: har...     35   35.6ms  0.07%  1.02ms   43.6MiB  0.51%  1.24MiB
       ene_ops: local      35   13.7ms  0.03%   392μs   18.2MiB  0.21%   533KiB
   KerkerDosMixing         17    895ms  1.85%  52.6ms    141MiB  1.64%  8.32MiB
     KerkerMixing          17    533ms  1.11%  31.4ms    114MiB  1.33%  6.73MiB
   QR orthonormaliz...    306    247μs  0.00%   807ns     0.00B  0.00%    0.00B
 ──────────────────────────────────────────────────────────────────────────────

Total time in ns: 49435294940
