Julia version: 1.6.0-DEV.1324

Threading configuration: 
       JULIA_NUM_THREADS:   1
      JULIA_FFTW_THREADS:   1
      JULIA_BLAS_THREADS:   1
           MPI Processes:  13
Payload:  Fe_scfres_guess.jld2

System facts:
    fft_size:      (30, 30, 30)
    kpoints:       14
    n_electrons:   16
    n_bands:       23

Compiling code ...
Timing SCF ...

n     Free energy       Eₙ-Eₙ₋₁     ρout-ρin   Magnet   Diag
---   ---------------   ---------   --------   ------   ----
  1   -111.8084467724         NaN   5.13e+00    2.000    1.0 
  2   -116.7236142963   -4.92e+00   3.03e+00    2.000    5.4 
  3   -120.7864548653   -4.06e+00   1.12e+00    2.387    5.1 
  4   -121.8709211400   -1.08e+00   2.61e-01    2.625    5.5 
  5   -121.8961402539   -2.52e-02   3.11e-01    2.373    3.3 
  6   -121.9451319434   -4.90e-02   1.65e-01    2.142    2.7 
  7   -121.9132112585    3.19e-02   2.27e-01    2.150    2.1 
  8   -121.9485807184   -3.54e-02   4.08e-02    1.882    2.4 
  9   -121.9494018882   -8.21e-04   1.10e-02    1.908    2.0 
 10   -121.9494538012   -5.19e-05   5.90e-03    1.932    2.0 
 11   -121.9494571652   -3.36e-06   7.29e-04    1.933    2.1 
 12   -121.9494574294   -2.64e-07   2.99e-04    1.929    3.4 
 13   -121.9494574259    3.44e-09   6.58e-05    1.928    2.9 
 14   -121.9494574191    6.86e-09   1.64e-05    1.928    2.6 
 15   -121.9494574189    1.40e-10   2.74e-06    1.928    2.9 
 16   -121.9494574191   -1.68e-10   6.70e-07    1.928    3.4 
 17   -121.9494574191   -1.98e-12   1.94e-07    1.928    2.9 
Energy breakdown:
    Kinetic             59.3814282
    AtomicLocal         -99.3605616
    AtomicNonlocal      -16.5408024
    Ewald               -85.8892161
    PspCorrection       3.5081636 
    Hartree             29.7313727
    Xc                  -12.7787483
    Entropy             -0.0010934

    total               -121.949457419091

 ──────────────────────────────────────────────────────────────────────────────
                                       Time                   Allocations      
                               ──────────────────────   ───────────────────────
       Tot / % measured:            43.5s / 93.6%           7.70GiB / 95.9%    

 Section               ncalls     time   %tot     avg     alloc   %tot      avg
 ──────────────────────────────────────────────────────────────────────────────
 self_consistent_field      1    40.7s   100%   40.7s   7.39GiB  100%   7.39GiB
   LOBPCG                 238    22.9s  56.4%  96.4ms   3.57GiB  48.4%  15.4MiB
     Hamiltonian mu...    962    13.0s  31.8%  13.5ms    497MiB  6.58%   530KiB
       kinetic+local      962    12.3s  30.3%  12.8ms   38.6MiB  0.51%  41.1KiB
       nonlocal           962    494ms  1.21%   514μs    259MiB  3.42%   276KiB
     block multipli...  3.34k    2.00s  4.92%   600μs    685MiB  9.05%   210KiB
     rayleigh_ritz        724    1.29s  3.17%  1.78ms    114MiB  1.51%   161KiB
     ortho              3.00k    1.00s  2.46%   334μs    106MiB  1.41%  36.4KiB
   compute_density         17    8.74s  21.5%   514ms    308MiB  4.07%  18.1MiB
   energy_hamiltonian      35    4.05s  10.0%   116ms   3.02GiB  40.9%  88.3MiB
     ene_ops               35    3.94s  9.69%   113ms   2.80GiB  38.0%  82.1MiB
       ene_ops: xc         35    2.22s  5.45%  63.4ms   2.57GiB  34.8%  75.2MiB
       ene_ops: kin...     35    217ms  0.53%  6.19ms    168MiB  2.22%  4.79MiB
       ene_ops: non...     35    148ms  0.36%  4.23ms   7.72MiB  0.10%   226KiB
       ene_ops: har...     35   39.6ms  0.10%  1.13ms   43.5MiB  0.57%  1.24MiB
       ene_ops: local      35   14.6ms  0.04%   417μs   18.1MiB  0.24%   530KiB
   KerkerDosMixing         17    932ms  2.29%  54.8ms    141MiB  1.87%  8.32MiB
     KerkerMixing          17    565ms  1.39%  33.2ms    114MiB  1.51%  6.73MiB
   QR orthonormaliz...    238    180μs  0.00%   758ns     0.00B  0.00%    0.00B
 ──────────────────────────────────────────────────────────────────────────────

Total time in ns: 41873345784
