Julia version: 1.6.0-DEV.1324

Threading configuration: 
       JULIA_NUM_THREADS:   1
      JULIA_FFTW_THREADS:   1
      JULIA_BLAS_THREADS:   1
           MPI Processes:  14
Payload:  Fe_scfres_guess.jld2

System facts:
    fft_size:      (30, 30, 30)
    kpoints:       12
    n_electrons:   16
    n_bands:       23

Compiling code ...
Timing SCF ...

n     Free energy       Eₙ-Eₙ₋₁     ρout-ρin   Magnet   Diag
---   ---------------   ---------   --------   ------   ----
  1   -111.8084467724         NaN   5.13e+00    2.000    1.0 
  2   -116.7236011334   -4.92e+00   3.03e+00    2.000    5.2 
  3   -120.7864620436   -4.06e+00   1.12e+00    2.387    4.7 
  4   -121.8709150983   -1.08e+00   2.61e-01    2.625    5.2 
  5   -121.8961529088   -2.52e-02   3.11e-01    2.373    3.2 
  6   -121.9451210854   -4.90e-02   1.65e-01    2.142    2.6 
  7   -121.9131712465    3.19e-02   2.27e-01    2.150    2.2 
  8   -121.9485810218   -3.54e-02   4.08e-02    1.882    2.4 
  9   -121.9494018295   -8.21e-04   1.10e-02    1.908    2.0 
 10   -121.9494537679   -5.19e-05   5.92e-03    1.932    2.0 
 11   -121.9494571612   -3.39e-06   7.28e-04    1.933    1.8 
 12   -121.9494574301   -2.69e-07   2.99e-04    1.929    3.3 
 13   -121.9494574261    4.00e-09   6.62e-05    1.928    2.5 
 14   -121.9494574191    7.01e-09   1.65e-05    1.928    2.9 
 15   -121.9494574189    1.48e-10   2.75e-06    1.928    2.8 
 16   -121.9494574191   -1.82e-10   6.75e-07    1.928    3.2 
 17   -121.9494574191    6.54e-13   1.95e-07    1.928    2.8 
Energy breakdown:
    Kinetic             59.3814283
    AtomicLocal         -99.3605617
    AtomicNonlocal      -16.5408025
    Ewald               -85.8892161
    PspCorrection       3.5081636 
    Hartree             29.7313728
    Xc                  -12.7787483
    Entropy             -0.0010934

    total               -121.949457419090

 ──────────────────────────────────────────────────────────────────────────────
                                       Time                   Allocations      
                               ──────────────────────   ───────────────────────
       Tot / % measured:            40.8s / 93.2%           7.13GiB / 95.6%    

 Section               ncalls     time   %tot     avg     alloc   %tot      avg
 ──────────────────────────────────────────────────────────────────────────────
 self_consistent_field      1    38.0s   100%   38.0s   6.82GiB  100%   6.82GiB
   LOBPCG                 204    20.0s  52.6%  98.0ms   3.10GiB  45.4%  15.6MiB
     Hamiltonian mu...    803    10.9s  28.7%  13.6ms    419MiB  6.00%   535KiB
       kinetic+local      803    10.4s  27.3%  12.9ms   32.7MiB  0.47%  41.8KiB
       nonlocal           803    430ms  1.13%   536μs    220MiB  3.14%   280KiB
     block multipli...  2.72k    1.63s  4.28%   598μs    573MiB  8.20%   216KiB
     rayleigh_ritz        599    961ms  2.53%  1.60ms   96.7MiB  1.38%   165KiB
     ortho              2.47k    846ms  2.23%   343μs   90.1MiB  1.29%  37.4KiB
   compute_density         17    7.54s  19.8%   443ms    272MiB  3.89%  16.0MiB
   energy_hamiltonian      35    4.52s  11.9%   129ms   2.96GiB  43.5%  86.7MiB
     ene_ops               35    4.42s  11.6%   126ms   2.78GiB  40.7%  81.3MiB
       ene_ops: xc         35    2.49s  6.56%  71.3ms   2.57GiB  37.7%  75.2MiB
       ene_ops: kin...     35    552ms  1.45%  15.8ms    143MiB  2.05%  4.10MiB
       ene_ops: non...     35    155ms  0.41%  4.43ms   6.62MiB  0.09%   194KiB
       ene_ops: har...     35   32.1ms  0.08%   916μs   43.4MiB  0.62%  1.24MiB
       ene_ops: local      35   15.8ms  0.04%   452μs   18.1MiB  0.26%   529KiB
   KerkerDosMixing         17    939ms  2.47%  55.2ms    141MiB  2.02%  8.32MiB
     KerkerMixing          17    575ms  1.51%  33.8ms    114MiB  1.64%  6.73MiB
   QR orthonormaliz...    204    167μs  0.00%   818ns     0.00B  0.00%    0.00B
 ──────────────────────────────────────────────────────────────────────────────

Total time in ns: 39226332117
