Julia version: 1.6.0-DEV.1324

Threading configuration: 
       JULIA_NUM_THREADS:   1
      JULIA_FFTW_THREADS:   1
      JULIA_BLAS_THREADS:   1
           MPI Processes:  16
Payload:  Fe_scfres_guess.jld2

System facts:
    fft_size:      (30, 30, 30)
    kpoints:       12
    n_electrons:   16
    n_bands:       23

Compiling code ...
Timing SCF ...

n     Free energy       Eₙ-Eₙ₋₁     ρout-ρin   Magnet   Diag
---   ---------------   ---------   --------   ------   ----
  1   -111.8084467724         NaN   5.13e+00    2.000    1.0 
  2   -116.7235957627   -4.92e+00   3.03e+00    2.000    5.2 
  3   -120.7864631034   -4.06e+00   1.12e+00    2.387    4.7 
  4   -121.8709135581   -1.08e+00   2.61e-01    2.625    5.0 
  5   -121.8961558223   -2.52e-02   3.11e-01    2.373    3.3 
  6   -121.9451250879   -4.90e-02   1.65e-01    2.142    2.6 
  7   -121.9131941700    3.19e-02   2.27e-01    2.150    2.3 
  8   -121.9485817829   -3.54e-02   4.08e-02    1.882    2.3 
  9   -121.9494018305   -8.20e-04   1.10e-02    1.908    2.0 
 10   -121.9494537728   -5.19e-05   5.90e-03    1.932    2.0 
 11   -121.9494571642   -3.39e-06   7.28e-04    1.933    2.0 
 12   -121.9494574300   -2.66e-07   2.98e-04    1.929    3.1 
 13   -121.9494574259    4.14e-09   6.57e-05    1.928    2.8 
 14   -121.9494574191    6.81e-09   1.65e-05    1.928    2.2 
 15   -121.9494574189    1.46e-10   2.73e-06    1.928    2.8 
 16   -121.9494574191   -1.80e-10   6.80e-07    1.928    3.0 
 17   -121.9494574191    3.06e-12   1.88e-07    1.928    2.8 
Energy breakdown:
    Kinetic             59.3814283
    AtomicLocal         -99.3605617
    AtomicNonlocal      -16.5408025
    Ewald               -85.8892161
    PspCorrection       3.5081636 
    Hartree             29.7313728
    Xc                  -12.7787483
    Entropy             -0.0010934

    total               -121.949457419089

 ──────────────────────────────────────────────────────────────────────────────
                                       Time                   Allocations      
                               ──────────────────────   ───────────────────────
       Tot / % measured:            40.7s / 93.0%           7.13GiB / 95.6%    

 Section               ncalls     time   %tot     avg     alloc   %tot      avg
 ──────────────────────────────────────────────────────────────────────────────
 self_consistent_field      1    37.9s   100%   37.9s   6.82GiB  100%   6.82GiB
   LOBPCG                 204    19.9s  52.7%  97.8ms   3.09GiB  45.4%  15.5MiB
     Hamiltonian mu...    794    11.1s  29.3%  14.0ms    417MiB  5.97%   537KiB
       kinetic+local      794    10.5s  27.7%  13.2ms   32.7MiB  0.47%  42.1KiB
       nonlocal           794    481ms  1.27%   606μs    219MiB  3.14%   283KiB
     block multipli...  2.67k    1.52s  4.01%   568μs    571MiB  8.18%   219KiB
     rayleigh_ritz        590    937ms  2.47%  1.59ms   96.7MiB  1.39%   168KiB
     ortho              2.43k    834ms  2.20%   343μs   90.3MiB  1.29%  38.0KiB
   compute_density         17    7.75s  20.5%   456ms    272MiB  3.89%  16.0MiB
   energy_hamiltonian      35    4.64s  12.3%   133ms   2.96GiB  43.5%  86.7MiB
     ene_ops               35    4.53s  12.0%   129ms   2.78GiB  40.8%  81.3MiB
       ene_ops: xc         35    2.47s  6.53%  70.7ms   2.57GiB  37.7%  75.2MiB
       ene_ops: kin...     35    461ms  1.22%  13.2ms    143MiB  2.06%  4.10MiB
       ene_ops: non...     35    285ms  0.75%  8.15ms   6.62MiB  0.09%   194KiB
       ene_ops: har...     35   33.7ms  0.09%   963μs   43.4MiB  0.62%  1.24MiB
       ene_ops: local      35   17.2ms  0.05%   491μs   18.1MiB  0.26%   529KiB
   KerkerDosMixing         17    1.09s  2.89%  64.3ms    141MiB  2.03%  8.32MiB
     KerkerMixing          17    590ms  1.56%  34.7ms    114MiB  1.64%  6.73MiB
   QR orthonormaliz...    204    163μs  0.00%   801ns     0.00B  0.00%    0.00B
 ──────────────────────────────────────────────────────────────────────────────

Total time in ns: 39099766792
