Julia version: 1.6.0-DEV.1324

Threading configuration: 
       JULIA_NUM_THREADS:   1
      JULIA_FFTW_THREADS:   2
      JULIA_BLAS_THREADS:   3
Payload:  Fe_scfres_guess.jld2

System facts:
    fft_size:      (30, 30, 30)
    kpoints:       168
    n_electrons:   16
    n_bands:       23

Compiling code ...
Timing SCF ...

n     Free energy       Eₙ-Eₙ₋₁     ρout-ρin   Magnet   Diag
---   ---------------   ---------   --------   ------   ----
  1   -111.8084467724         NaN   5.13e+00    2.000    1.0 
  2   -116.7235895447   -4.92e+00   3.03e+00    2.000    6.0 
  3   -120.7864652265   -4.06e+00   1.12e+00    2.387    5.7 
  4   -121.8709115906   -1.08e+00   2.62e-01    2.625    5.4 
  5   -121.8961569958   -2.52e-02   3.11e-01    2.373    3.2 
  6   -121.9451184499   -4.90e-02   1.65e-01    2.143    2.9 
  7   -121.9131554568    3.20e-02   2.27e-01    2.150    2.5 
  8   -121.9485810900   -3.54e-02   4.08e-02    1.882    2.5 
  9   -121.9494018973   -8.21e-04   1.10e-02    1.908    2.0 
 10   -121.9494537834   -5.19e-05   5.89e-03    1.932    2.6 
 11   -121.9494571652   -3.38e-06   7.27e-04    1.933    2.4 
 12   -121.9494574297   -2.65e-07   2.98e-04    1.929    4.0 
 13   -121.9494574258    3.88e-09   6.56e-05    1.928    3.1 
 14   -121.9494574191    6.76e-09   1.65e-05    1.928    3.0 
 15   -121.9494574189    1.66e-10   2.73e-06    1.928    3.4 
 16   -121.9494574191   -1.90e-10   7.03e-07    1.928    3.8 
 17   -121.9494574191    6.00e-12   1.78e-07    1.928    3.1 
Energy breakdown:
    Kinetic             59.3814283
    AtomicLocal         -99.3605618
    AtomicNonlocal      -16.5408025
    Ewald               -85.8892161
    PspCorrection       3.5081636 
    Hartree             29.7313729
    Xc                  -12.7787483
    Entropy             -0.0010934

    total               -121.949457419086

 ──────────────────────────────────────────────────────────────────────────────
                                       Time                   Allocations      
                               ──────────────────────   ───────────────────────
       Tot / % measured:             232s / 98.9%           49.7GiB / 99.4%    

 Section               ncalls     time   %tot     avg     alloc   %tot      avg
 ──────────────────────────────────────────────────────────────────────────────
 self_consistent_field      1     229s   100%    229s   49.4GiB  100%   49.4GiB
   LOBPCG               2.86k     146s  63.5%  51.0ms   38.5GiB  78.0%  13.8MiB
     Hamiltonian mu...  12.4k    98.0s  42.7%  7.92ms   6.07GiB  12.3%   515KiB
       kinetic+local    12.4k    93.5s  40.7%  7.55ms    474MiB  0.94%  39.2KiB
       nonlocal         12.4k    2.95s  1.29%   238μs   3.10GiB  6.27%   263KiB
     block multipli...  45.3k    10.3s  4.51%   228μs   8.41GiB  17.0%   195KiB
     ortho              40.3k    9.10s  3.97%   226μs   1.29GiB  2.60%  33.4KiB
     rayleigh_ritz      9.52k    8.49s  3.70%   893μs   1.37GiB  2.77%   151KiB
   compute_density         17    75.7s  33.0%   4.45s   3.10GiB  6.27%   187MiB
   energy_hamiltonian      35    4.37s  1.91%   125ms   7.13GiB  14.4%   209MiB
     ene_ops               35    3.67s  1.60%   105ms   4.72GiB  9.56%   138MiB
       ene_ops: xc         35    1.78s  0.77%  50.8ms   2.58GiB  5.22%  75.4MiB
       ene_ops: kin...     35    936ms  0.41%  26.7ms   1.96GiB  3.97%  57.4MiB
       ene_ops: non...     35    871ms  0.38%  24.9ms   92.7MiB  0.18%  2.65MiB
       ene_ops: har...     35   28.5ms  0.01%   814μs   47.4MiB  0.09%  1.35MiB
       ene_ops: local      35   18.8ms  0.01%   538μs   22.0MiB  0.04%   645KiB
   KerkerDosMixing         17    756ms  0.33%  44.5ms    141MiB  0.28%  8.32MiB
     KerkerMixing          17    499ms  0.22%  29.3ms    114MiB  0.23%  6.73MiB
   QR orthonormaliz...  2.86k   1.39ms  0.00%   486ns     0.00B  0.00%    0.00B
 ──────────────────────────────────────────────────────────────────────────────

Total time in ns: 230484000624
