Julia version: 1.6.0-DEV.1324

Threading configuration: 
       JULIA_NUM_THREADS:   1
      JULIA_FFTW_THREADS:   3
      JULIA_BLAS_THREADS:   1
Payload:  Fe_scfres_guess.jld2

System facts:
    fft_size:      (30, 30, 30)
    kpoints:       168
    n_electrons:   16
    n_bands:       23

Compiling code ...
Timing SCF ...

n     Free energy       Eₙ-Eₙ₋₁     ρout-ρin   Magnet   Diag
---   ---------------   ---------   --------   ------   ----
  1   -111.8084467724         NaN   5.13e+00    2.000    1.0 
  2   -116.7236023910   -4.92e+00   3.03e+00    2.000    6.0 
  3   -120.7864507389   -4.06e+00   1.12e+00    2.387    5.7 
  4   -121.8709220598   -1.08e+00   2.61e-01    2.625    5.4 
  5   -121.8961407219   -2.52e-02   3.11e-01    2.373    3.2 
  6   -121.9451265520   -4.90e-02   1.65e-01    2.142    2.8 
  7   -121.9131741555    3.20e-02   2.27e-01    2.150    2.5 
  8   -121.9485804597   -3.54e-02   4.08e-02    1.882    2.5 
  9   -121.9494018527   -8.21e-04   1.10e-02    1.908    2.0 
 10   -121.9494537951   -5.19e-05   5.90e-03    1.932    2.6 
 11   -121.9494571644   -3.37e-06   7.29e-04    1.933    2.3 
 12   -121.9494574290   -2.65e-07   2.99e-04    1.929    4.1 
 13   -121.9494574260    3.08e-09   6.61e-05    1.928    3.1 
 14   -121.9494574191    6.90e-09   1.65e-05    1.928    3.0 
 15   -121.9494574189    1.50e-10   2.74e-06    1.928    3.6 
 16   -121.9494574191   -1.73e-10   6.82e-07    1.928    3.8 
 17   -121.9494574191    1.99e-12   1.84e-07    1.928    3.3 
Energy breakdown:
    Kinetic             59.3814283
    AtomicLocal         -99.3605617
    AtomicNonlocal      -16.5408025
    Ewald               -85.8892161
    PspCorrection       3.5081636 
    Hartree             29.7313728
    Xc                  -12.7787483
    Entropy             -0.0010934

    total               -121.949457419089

 ──────────────────────────────────────────────────────────────────────────────
                                       Time                   Allocations      
                               ──────────────────────   ───────────────────────
       Tot / % measured:             248s / 99.0%           49.8GiB / 99.4%    

 Section               ncalls     time   %tot     avg     alloc   %tot      avg
 ──────────────────────────────────────────────────────────────────────────────
 self_consistent_field      1     245s   100%    245s   49.4GiB  100%   49.4GiB
   LOBPCG               2.86k     165s  67.5%  57.9ms   38.6GiB  78.0%  13.8MiB
     Hamiltonian mu...  12.4k    95.5s  38.9%  7.69ms   6.08GiB  12.3%   514KiB
       kinetic+local    12.4k    88.6s  36.1%  7.13ms    474MiB  0.94%  39.1KiB
       nonlocal         12.4k    5.41s  2.21%   436μs   3.10GiB  6.27%   262KiB
     block multipli...  45.6k    22.6s  9.22%   496μs   8.42GiB  17.0%   194KiB
     rayleigh_ritz      9.56k    12.7s  5.16%  1.32ms   1.37GiB  2.77%   150KiB
     ortho              40.5k    11.4s  4.66%   282μs   1.29GiB  2.60%  33.3KiB
   compute_density         17    71.4s  29.1%   4.20s   3.10GiB  6.26%   187MiB
   energy_hamiltonian      35    4.82s  1.96%   138ms   7.13GiB  14.4%   209MiB
     ene_ops               35    4.13s  1.68%   118ms   4.72GiB  9.55%   138MiB
       ene_ops: xc         35    1.74s  0.71%  49.8ms   2.58GiB  5.22%  75.4MiB
       ene_ops: non...     35    1.45s  0.59%  41.5ms   92.7MiB  0.18%  2.65MiB
       ene_ops: kin...     35    853ms  0.35%  24.4ms   1.96GiB  3.97%  57.4MiB
       ene_ops: har...     35   30.3ms  0.01%   866μs   47.4MiB  0.09%  1.35MiB
       ene_ops: local      35   15.1ms  0.01%   432μs   22.0MiB  0.04%   645KiB
   KerkerDosMixing         17    725ms  0.30%  42.6ms    141MiB  0.28%  8.32MiB
     KerkerMixing          17    477ms  0.19%  28.0ms    114MiB  0.23%  6.73MiB
   QR orthonormaliz...  2.86k   1.17ms  0.00%   408ns     0.00B  0.00%    0.00B
 ──────────────────────────────────────────────────────────────────────────────

Total time in ns: 246315271419
