Julia version: 1.6.0-DEV.1324

Threading configuration: 
       JULIA_NUM_THREADS:   1
      JULIA_FFTW_THREADS:   1
      JULIA_BLAS_THREADS:   4
Payload:  Fe_scfres_guess.jld2

System facts:
    fft_size:      (30, 30, 30)
    kpoints:       168
    n_electrons:   16
    n_bands:       23

Compiling code ...
Timing SCF ...

n     Free energy       Eₙ-Eₙ₋₁     ρout-ρin   Magnet   Diag
---   ---------------   ---------   --------   ------   ----
  1   -111.8084467724         NaN   5.13e+00    2.000    1.0 
  2   -116.7235919682   -4.92e+00   3.03e+00    2.000    6.0 
  3   -120.7864618040   -4.06e+00   1.12e+00    2.387    5.7 
  4   -121.8709136625   -1.08e+00   2.61e-01    2.625    5.4 
  5   -121.8961547062   -2.52e-02   3.11e-01    2.373    3.2 
  6   -121.9451229835   -4.90e-02   1.65e-01    2.142    2.8 
  7   -121.9131722346    3.20e-02   2.27e-01    2.150    2.5 
  8   -121.9485822304   -3.54e-02   4.08e-02    1.882    2.5 
  9   -121.9494019020   -8.20e-04   1.10e-02    1.908    2.0 
 10   -121.9494538104   -5.19e-05   5.88e-03    1.932    2.5 
 11   -121.9494571628   -3.35e-06   7.28e-04    1.933    2.4 
 12   -121.9494574289   -2.66e-07   2.98e-04    1.929    4.1 
 13   -121.9494574259    2.97e-09   6.64e-05    1.928    3.0 
 14   -121.9494574191    6.86e-09   1.66e-05    1.928    3.1 
 15   -121.9494574189    1.26e-10   2.74e-06    1.928    3.5 
 16   -121.9494574191   -1.63e-10   6.65e-07    1.928    3.8 
 17   -121.9494574191   -4.76e-12   2.04e-07    1.928    3.3 
Energy breakdown:
    Kinetic             59.3814282
    AtomicLocal         -99.3605616
    AtomicNonlocal      -16.5408024
    Ewald               -85.8892161
    PspCorrection       3.5081636 
    Hartree             29.7313727
    Xc                  -12.7787483
    Entropy             -0.0010934

    total               -121.949457419092

 ──────────────────────────────────────────────────────────────────────────────
                                       Time                   Allocations      
                               ──────────────────────   ───────────────────────
       Tot / % measured:             275s / 99.1%           49.8GiB / 99.4%    

 Section               ncalls     time   %tot     avg     alloc   %tot      avg
 ──────────────────────────────────────────────────────────────────────────────
 self_consistent_field      1     272s   100%    272s   49.4GiB  100%   49.4GiB
   LOBPCG               2.86k     191s  70.4%  67.0ms   38.6GiB  78.0%  13.8MiB
     Hamiltonian mu...  12.4k     143s  52.7%  11.6ms   6.08GiB  12.3%   514KiB
       kinetic+local    12.4k     139s  51.1%  11.2ms    474MiB  0.94%  39.2KiB
       nonlocal         12.4k    2.88s  1.06%   232μs   3.10GiB  6.27%   262KiB
     rayleigh_ritz      9.55k    10.0s  3.69%  1.05ms   1.37GiB  2.77%   150KiB
     block multipli...  45.5k    8.96s  3.29%   197μs   8.42GiB  17.0%   194KiB
     ortho              40.5k    8.67s  3.19%   214μs   1.29GiB  2.60%  33.3KiB
   compute_density         17    72.5s  26.7%   4.27s   3.10GiB  6.26%   187MiB
   energy_hamiltonian      35    4.33s  1.59%   124ms   7.13GiB  14.4%   209MiB
     ene_ops               35    3.57s  1.31%   102ms   4.72GiB  9.55%   138MiB
       ene_ops: xc         35    1.74s  0.64%  49.7ms   2.58GiB  5.22%  75.4MiB
       ene_ops: kin...     35    875ms  0.32%  25.0ms   1.96GiB  3.97%  57.4MiB
       ene_ops: non...     35    872ms  0.32%  24.9ms   92.7MiB  0.18%  2.65MiB
       ene_ops: har...     35   29.5ms  0.01%   842μs   47.4MiB  0.09%  1.35MiB
       ene_ops: local      35   14.2ms  0.01%   405μs   22.0MiB  0.04%   645KiB
   KerkerDosMixing         17    755ms  0.28%  44.4ms    141MiB  0.28%  8.32MiB
     KerkerMixing          17    474ms  0.17%  27.9ms    114MiB  0.23%  6.73MiB
   QR orthonormaliz...  2.86k   1.16ms  0.00%   406ns     0.00B  0.00%    0.00B
 ──────────────────────────────────────────────────────────────────────────────

Total time in ns: 273157186800
