Julia version: 1.6.0-DEV.1324

Threading configuration: 
       JULIA_NUM_THREADS:   1
      JULIA_FFTW_THREADS:   1
      JULIA_BLAS_THREADS:   2
Payload:  Fe_scfres_guess.jld2

System facts:
    fft_size:      (30, 30, 30)
    kpoints:       168
    n_electrons:   16
    n_bands:       23

Compiling code ...
Timing SCF ...

n     Free energy       Eₙ-Eₙ₋₁     ρout-ρin   Magnet   Diag
---   ---------------   ---------   --------   ------   ----
  1   -111.8084467724         NaN   5.13e+00    2.000    1.0 
  2   -116.7235990542   -4.92e+00   3.03e+00    2.000    6.0 
  3   -120.7864552875   -4.06e+00   1.12e+00    2.387    5.7 
  4   -121.8709165935   -1.08e+00   2.61e-01    2.625    5.4 
  5   -121.8961482414   -2.52e-02   3.11e-01    2.373    3.3 
  6   -121.9451314514   -4.90e-02   1.65e-01    2.142    2.8 
  7   -121.9132129629    3.19e-02   2.27e-01    2.150    2.4 
  8   -121.9485808712   -3.54e-02   4.08e-02    1.882    2.5 
  9   -121.9494018343   -8.21e-04   1.10e-02    1.908    2.0 
 10   -121.9494537630   -5.19e-05   5.91e-03    1.932    2.6 
 11   -121.9494571665   -3.40e-06   7.30e-04    1.933    2.4 
 12   -121.9494574302   -2.64e-07   2.99e-04    1.929    4.1 
 13   -121.9494574259    4.34e-09   6.54e-05    1.928    3.1 
 14   -121.9494574191    6.79e-09   1.65e-05    1.928    3.0 
 15   -121.9494574189    1.66e-10   2.74e-06    1.928    3.6 
 16   -121.9494574191   -1.87e-10   6.77e-07    1.928    3.7 
 17   -121.9494574191   -4.97e-13   1.95e-07    1.928    3.2 
Energy breakdown:
    Kinetic             59.3814282
    AtomicLocal         -99.3605616
    AtomicNonlocal      -16.5408024
    Ewald               -85.8892161
    PspCorrection       3.5081636 
    Hartree             29.7313728
    Xc                  -12.7787483
    Entropy             -0.0010934

    total               -121.949457419091

 ──────────────────────────────────────────────────────────────────────────────
                                       Time                   Allocations      
                               ──────────────────────   ───────────────────────
       Tot / % measured:             280s / 99.1%           49.8GiB / 99.4%    

 Section               ncalls     time   %tot     avg     alloc   %tot      avg
 ──────────────────────────────────────────────────────────────────────────────
 self_consistent_field      1     278s   100%    278s   49.5GiB  100%   49.5GiB
   LOBPCG               2.86k     197s  71.0%  69.0ms   38.6GiB  78.0%  13.8MiB
     Hamiltonian mu...  12.4k     141s  50.7%  11.3ms   6.08GiB  12.3%   514KiB
       kinetic+local    12.4k     135s  48.7%  10.9ms    474MiB  0.94%  39.2KiB
       nonlocal         12.4k    3.92s  1.41%   316μs   3.10GiB  6.27%   262KiB
     block multipli...  45.5k    13.9s  5.00%   305μs   8.42GiB  17.0%   194KiB
     rayleigh_ritz      9.55k    11.0s  3.95%  1.15ms   1.37GiB  2.77%   150KiB
     ortho              40.5k    9.62s  3.46%   238μs   1.29GiB  2.60%  33.3KiB
   compute_density         17    72.4s  26.1%   4.26s   3.10GiB  6.26%   187MiB
   energy_hamiltonian      35    4.48s  1.61%   128ms   7.13GiB  14.4%   209MiB
     ene_ops               35    3.69s  1.33%   105ms   4.72GiB  9.55%   138MiB
       ene_ops: xc         35    1.60s  0.58%  45.7ms   2.58GiB  5.21%  75.4MiB
       ene_ops: non...     35    1.22s  0.44%  34.9ms   92.7MiB  0.18%  2.65MiB
       ene_ops: kin...     35    790ms  0.28%  22.6ms   1.96GiB  3.97%  57.4MiB
       ene_ops: har...     35   27.6ms  0.01%   788μs   47.4MiB  0.09%  1.35MiB
       ene_ops: local      35   13.5ms  0.00%   386μs   22.0MiB  0.04%   645KiB
   KerkerDosMixing         17    753ms  0.27%  44.3ms    142MiB  0.28%  8.34MiB
     KerkerMixing          17    500ms  0.18%  29.4ms    114MiB  0.23%  6.73MiB
   QR orthonormaliz...  2.86k   1.05ms  0.00%   367ns     0.00B  0.00%    0.00B
 ──────────────────────────────────────────────────────────────────────────────

Total time in ns: 278584186524
