Julia version: 1.6.0-DEV.1324

Threading configuration: 
       JULIA_NUM_THREADS:   1
      JULIA_FFTW_THREADS:   1
      JULIA_BLAS_THREADS:   3
Payload:  Fe_scfres_guess.jld2

System facts:
    fft_size:      (30, 30, 30)
    kpoints:       168
    n_electrons:   16
    n_bands:       23

Compiling code ...
Timing SCF ...

n     Free energy       Eₙ-Eₙ₋₁     ρout-ρin   Magnet   Diag
---   ---------------   ---------   --------   ------   ----
  1   -111.8084467724         NaN   5.13e+00    2.000    1.0 
  2   -116.7235973887   -4.92e+00   3.03e+00    2.000    6.0 
  3   -120.7864586951   -4.06e+00   1.12e+00    2.387    5.7 
  4   -121.8709189182   -1.08e+00   2.61e-01    2.625    5.4 
  5   -121.8961416913   -2.52e-02   3.11e-01    2.373    3.3 
  6   -121.9451303421   -4.90e-02   1.65e-01    2.142    2.8 
  7   -121.9132024351    3.19e-02   2.27e-01    2.150    2.5 
  8   -121.9485808078   -3.54e-02   4.08e-02    1.882    2.6 
  9   -121.9494018556   -8.21e-04   1.10e-02    1.908    2.0 
 10   -121.9494537923   -5.19e-05   5.89e-03    1.932    2.6 
 11   -121.9494571596   -3.37e-06   7.29e-04    1.933    2.3 
 12   -121.9494574289   -2.69e-07   2.99e-04    1.929    4.1 
 13   -121.9494574260    2.89e-09   6.61e-05    1.928    3.1 
 14   -121.9494574190    6.94e-09   1.65e-05    1.928    3.0 
 15   -121.9494574189    1.26e-10   2.75e-06    1.928    3.5 
 16   -121.9494574191   -1.63e-10   6.59e-07    1.928    3.6 
 17   -121.9494574191   -8.23e-12   2.07e-07    1.928    3.3 
Energy breakdown:
    Kinetic             59.3814281
    AtomicLocal         -99.3605615
    AtomicNonlocal      -16.5408024
    Ewald               -85.8892161
    PspCorrection       3.5081636 
    Hartree             29.7313727
    Xc                  -12.7787483
    Entropy             -0.0010934

    total               -121.949457419094

 ──────────────────────────────────────────────────────────────────────────────
                                       Time                   Allocations      
                               ──────────────────────   ───────────────────────
       Tot / % measured:             273s / 99.1%           49.7GiB / 99.4%    

 Section               ncalls     time   %tot     avg     alloc   %tot      avg
 ──────────────────────────────────────────────────────────────────────────────
 self_consistent_field      1     271s   100%    271s   49.4GiB  100%   49.4GiB
   LOBPCG               2.86k     191s  70.5%  66.9ms   38.5GiB  78.0%  13.8MiB
     Hamiltonian mu...  12.4k     145s  53.4%  11.7ms   6.07GiB  12.3%   515KiB
       kinetic+local    12.4k     140s  51.7%  11.3ms    474MiB  0.94%  39.2KiB
       nonlocal         12.4k    3.24s  1.20%   262μs   3.10GiB  6.27%   263KiB
     block multipli...  45.3k    10.2s  3.77%   226μs   8.40GiB  17.0%   195KiB
     ortho              40.3k    8.93s  3.30%   222μs   1.29GiB  2.60%  33.4KiB
     rayleigh_ritz      9.51k    8.38s  3.09%   881μs   1.37GiB  2.77%   151KiB
   compute_density         17    72.2s  26.7%   4.25s   3.10GiB  6.27%   187MiB
   energy_hamiltonian      35    4.01s  1.48%   115ms   7.13GiB  14.4%   209MiB
     ene_ops               35    3.31s  1.22%  94.4ms   4.72GiB  9.56%   138MiB
       ene_ops: xc         35    1.66s  0.61%  47.3ms   2.58GiB  5.22%  75.4MiB
       ene_ops: non...     35    832ms  0.31%  23.8ms   92.7MiB  0.18%  2.65MiB
       ene_ops: kin...     35    719ms  0.27%  20.5ms   1.96GiB  3.97%  57.4MiB
       ene_ops: har...     35   26.1ms  0.01%   747μs   47.4MiB  0.09%  1.35MiB
       ene_ops: local      35   17.4ms  0.01%   496μs   22.0MiB  0.04%   645KiB
   KerkerDosMixing         17    757ms  0.28%  44.5ms    142MiB  0.28%  8.34MiB
     KerkerMixing          17    497ms  0.18%  29.2ms    114MiB  0.23%  6.73MiB
   QR orthonormaliz...  2.86k   1.25ms  0.00%   437ns     0.00B  0.00%    0.00B
 ──────────────────────────────────────────────────────────────────────────────

Total time in ns: 271876008671
