Julia version: 1.6.0-DEV.1324

Threading configuration: 
       JULIA_NUM_THREADS:   1
      JULIA_FFTW_THREADS:   4
      JULIA_BLAS_THREADS:   1
Payload:  Fe_scfres_guess.jld2

System facts:
    fft_size:      (30, 30, 30)
    kpoints:       168
    n_electrons:   16
    n_bands:       23

Compiling code ...
Timing SCF ...

n     Free energy       Eₙ-Eₙ₋₁     ρout-ρin   Magnet   Diag
---   ---------------   ---------   --------   ------   ----
  1   -111.8084467724         NaN   5.13e+00    2.000    1.0 
  2   -116.7235968975   -4.92e+00   3.03e+00    2.000    6.0 
  3   -120.7864701348   -4.06e+00   1.12e+00    2.387    5.7 
  4   -121.8709117348   -1.08e+00   2.62e-01    2.625    5.5 
  5   -121.8961598682   -2.52e-02   3.11e-01    2.373    3.2 
  6   -121.9451198447   -4.90e-02   1.65e-01    2.142    2.8 
  7   -121.9131741255    3.19e-02   2.27e-01    2.150    2.5 
  8   -121.9485828786   -3.54e-02   4.08e-02    1.882    2.6 
  9   -121.9494018418   -8.19e-04   1.10e-02    1.908    2.0 
 10   -121.9494538214   -5.20e-05   5.89e-03    1.932    2.6 
 11   -121.9494571619   -3.34e-06   7.29e-04    1.933    2.3 
 12   -121.9494574286   -2.67e-07   2.99e-04    1.929    4.0 
 13   -121.9494574260    2.51e-09   6.62e-05    1.928    3.1 
 14   -121.9494574190    7.00e-09   1.65e-05    1.928    3.0 
 15   -121.9494574189    1.18e-10   2.77e-06    1.928    3.5 
 16   -121.9494574191   -1.67e-10   6.59e-07    1.928    3.8 
 17   -121.9494574191   -3.33e-12   2.04e-07    1.928    3.2 
Energy breakdown:
    Kinetic             59.3814282
    AtomicLocal         -99.3605616
    AtomicNonlocal      -16.5408024
    Ewald               -85.8892161
    PspCorrection       3.5081636 
    Hartree             29.7313727
    Xc                  -12.7787483
    Entropy             -0.0010934

    total               -121.949457419092

 ──────────────────────────────────────────────────────────────────────────────
                                       Time                   Allocations      
                               ──────────────────────   ───────────────────────
       Tot / % measured:             255s / 99.0%           49.8GiB / 99.4%    

 Section               ncalls     time   %tot     avg     alloc   %tot      avg
 ──────────────────────────────────────────────────────────────────────────────
 self_consistent_field      1     252s   100%    252s   49.5GiB  100%   49.5GiB
   LOBPCG               2.86k     171s  67.7%  59.8ms   38.6GiB  78.0%  13.8MiB
     Hamiltonian mu...  12.4k     100s  39.6%  8.06ms   6.08GiB  12.3%   514KiB
       kinetic+local    12.4k    92.6s  36.7%  7.47ms    474MiB  0.94%  39.2KiB
       nonlocal         12.4k    5.51s  2.19%   445μs   3.10GiB  6.27%   262KiB
     block multipli...  45.4k    22.7s  9.02%   500μs   8.42GiB  17.0%   194KiB
     rayleigh_ritz      9.54k    12.8s  5.07%  1.34ms   1.37GiB  2.77%   151KiB
     ortho              40.4k    11.6s  4.58%   286μs   1.29GiB  2.60%  33.4KiB
   compute_density         17    72.8s  28.9%   4.28s   3.10GiB  6.26%   187MiB
   energy_hamiltonian      35    4.81s  1.91%   137ms   7.13GiB  14.4%   209MiB
     ene_ops               35    4.15s  1.65%   119ms   4.72GiB  9.55%   138MiB
       ene_ops: xc         35    1.83s  0.73%  52.3ms   2.58GiB  5.21%  75.4MiB
       ene_ops: non...     35    1.46s  0.58%  41.6ms   92.7MiB  0.18%  2.65MiB
       ene_ops: kin...     35    775ms  0.31%  22.1ms   1.96GiB  3.97%  57.4MiB
       ene_ops: har...     35   32.9ms  0.01%   939μs   47.4MiB  0.09%  1.35MiB
       ene_ops: local      35   16.2ms  0.01%   463μs   22.0MiB  0.04%   645KiB
   KerkerDosMixing         17    731ms  0.29%  43.0ms    141MiB  0.28%  8.32MiB
     KerkerMixing          17    484ms  0.19%  28.5ms    114MiB  0.23%  6.73MiB
   QR orthonormaliz...  2.86k   1.25ms  0.00%   436ns     0.00B  0.00%    0.00B
 ──────────────────────────────────────────────────────────────────────────────

Total time in ns: 253110133893
