Threading configuration: 
       JULIA_NUM_THREADS:   1
      JULIA_FFTW_THREADS:   1
      JULIA_BLAS_THREADS:   2
Payload:  Fe_scfres_guess.jld2

System facts:
    fft_size:      (30, 30, 30)
    kpoints:       168
    n_electrons:   16
    n_bands:       23

Compiling code ...
Timing SCF ...

n     Free energy       Eₙ-Eₙ₋₁     ρout-ρin   Magnet   Diag
---   ---------------   ---------   --------   ------   ----
  1   -111.8090452629         NaN   5.13e+00    2.000    1.0 
  2   -116.7235286931   -4.91e+00   3.03e+00    2.000    6.0 
  3   -120.7864770371   -4.06e+00   1.12e+00    2.387    5.7 
  4   -121.8708788776   -1.08e+00   2.62e-01    2.625    5.4 
  5   -121.8962053353   -2.53e-02   3.11e-01    2.373    3.3 
  6   -121.9450890532   -4.89e-02   1.65e-01    2.143    2.8 
  7   -121.9131630727    3.19e-02   2.27e-01    2.150    2.5 
  8   -121.9485850369   -3.54e-02   4.08e-02    1.882    2.6 
  9   -121.9494018048   -8.17e-04   1.10e-02    1.908    2.0 
 10   -121.9494538005   -5.20e-05   5.91e-03    1.932    2.6 
 11   -121.9494571623   -3.36e-06   7.29e-04    1.933    2.3 
 12   -121.9494574292   -2.67e-07   3.00e-04    1.929    4.0 
 13   -121.9494574260    3.14e-09   6.62e-05    1.928    3.1 
 14   -121.9494574191    6.96e-09   1.65e-05    1.928    3.0 
 15   -121.9494574189    1.52e-10   2.75e-06    1.928    3.5 
 16   -121.9494574191   -1.75e-10   6.83e-07    1.928    3.8 
 17   -121.9494574191    3.07e-12   1.86e-07    1.928    3.1 
Energy breakdown:
    Kinetic             59.3814283
    AtomicLocal         -99.3605617
    AtomicNonlocal      -16.5408025
    Ewald               -85.8892161
    PspCorrection       3.5081636 
    Hartree             29.7313728
    Xc                  -12.7787483
    Entropy             -0.0010934

    total               -121.949457419090

 ──────────────────────────────────────────────────────────────────────────────
                                       Time                   Allocations      
                               ──────────────────────   ───────────────────────
       Tot / % measured:             319s / 99.2%           87.1GiB / 100%     

 Section               ncalls     time   %tot     avg     alloc   %tot      avg
 ──────────────────────────────────────────────────────────────────────────────
 self_consistent_field      1     317s   100%    317s   86.8GiB  100%   86.8GiB
   LOBPCG               2.86k     230s  72.5%  80.4ms   49.4GiB  56.9%  17.7MiB
     Hamiltonian mu...  12.4k     170s  53.7%  13.7ms   6.93GiB  7.98%   586KiB
     block multipli...  45.5k    14.1s  4.45%   310μs   8.42GiB  9.71%   194KiB
     ortho              40.5k    11.5s  3.64%   285μs   8.59GiB  9.89%   223KiB
     rayleigh_ritz      9.54k    11.2s  3.54%  1.18ms   1.37GiB  1.58%   151KiB
   compute_density         17    78.9s  24.9%   4.64s   29.6GiB  34.1%  1.74GiB
   energy_hamiltonian      35    4.56s  1.44%   130ms   7.15GiB  8.24%   209MiB
   KerkerDosMixing         17    704ms  0.22%  41.4ms    141MiB  0.16%  8.31MiB
     KerkerMixing          17    457ms  0.14%  26.9ms    114MiB  0.13%  6.74MiB
   QR orthonormaliz...  2.86k   1.36ms  0.00%   477ns     0.00B  0.00%    0.00B
 ──────────────────────────────────────────────────────────────────────────────

Total time in ns: 317745081330
