Julia version: 1.6.0-DEV.1324

Threading configuration: 
       JULIA_NUM_THREADS:   1
      JULIA_FFTW_THREADS:   1
      JULIA_BLAS_THREADS:   1
Payload:  Fe_scfres_guess.jld2

System facts:
    fft_size:      (30, 30, 30)
    kpoints:       168
    n_electrons:   16
    n_bands:       23

Compiling code ...
Timing SCF ...

n     Free energy       Eₙ-Eₙ₋₁     ρout-ρin   Magnet   Diag
---   ---------------   ---------   --------   ------   ----
  1   -111.8084467724         NaN   5.13e+00    2.000    1.0 
  2   -116.7235935993   -4.92e+00   3.03e+00    2.000    6.0 
  3   -120.7864656599   -4.06e+00   1.12e+00    2.387    5.7 
  4   -121.8709134591   -1.08e+00   2.61e-01    2.625    5.4 
  5   -121.8961532857   -2.52e-02   3.11e-01    2.373    3.3 
  6   -121.9451243116   -4.90e-02   1.65e-01    2.142    2.8 
  7   -121.9131709417    3.20e-02   2.27e-01    2.150    2.5 
  8   -121.9485806357   -3.54e-02   4.08e-02    1.882    2.6 
  9   -121.9494018598   -8.21e-04   1.10e-02    1.908    2.0 
 10   -121.9494537830   -5.19e-05   5.91e-03    1.932    2.6 
 11   -121.9494571649   -3.38e-06   7.29e-04    1.933    2.4 
 12   -121.9494574297   -2.65e-07   2.98e-04    1.929    4.0 
 13   -121.9494574259    3.74e-09   6.60e-05    1.928    3.1 
 14   -121.9494574191    6.87e-09   1.65e-05    1.928    3.1 
 15   -121.9494574189    1.42e-10   2.75e-06    1.928    3.6 
 16   -121.9494574191   -1.71e-10   6.59e-07    1.928    3.7 
 17   -121.9494574191   -5.58e-12   2.08e-07    1.928    3.2 
Energy breakdown:
    Kinetic             59.3814281
    AtomicLocal         -99.3605615
    AtomicNonlocal      -16.5408024
    Ewald               -85.8892161
    PspCorrection       3.5081636 
    Hartree             29.7313727
    Xc                  -12.7787483
    Entropy             -0.0010934

    total               -121.949457419093

 ──────────────────────────────────────────────────────────────────────────────
                                       Time                   Allocations      
                               ──────────────────────   ───────────────────────
       Tot / % measured:             292s / 99.2%           49.8GiB / 99.4%    

 Section               ncalls     time   %tot     avg     alloc   %tot      avg
 ──────────────────────────────────────────────────────────────────────────────
 self_consistent_field      1     289s   100%    289s   49.5GiB  100%   49.5GiB
   LOBPCG               2.86k     209s  72.3%  73.3ms   38.6GiB  78.0%  13.8MiB
     Hamiltonian mu...  12.4k     142s  49.0%  11.4ms   6.08GiB  12.3%   514KiB
       kinetic+local    12.4k     135s  46.7%  10.9ms    474MiB  0.94%  39.2KiB
       nonlocal         12.4k    5.25s  1.81%   423μs   3.10GiB  6.27%   262KiB
     block multipli...  45.5k    21.9s  7.56%   481μs   8.42GiB  17.0%   194KiB
     rayleigh_ritz      9.54k    12.3s  4.24%  1.29ms   1.37GiB  2.77%   151KiB
     ortho              40.5k    10.9s  3.76%   269μs   1.29GiB  2.60%  33.4KiB
   compute_density         17    72.0s  24.9%   4.24s   3.10GiB  6.26%   187MiB
   energy_hamiltonian      35    4.47s  1.54%   128ms   7.13GiB  14.4%   209MiB
     ene_ops               35    3.85s  1.33%   110ms   4.72GiB  9.55%   138MiB
       ene_ops: xc         35    1.66s  0.57%  47.4ms   2.58GiB  5.21%  75.4MiB
       ene_ops: non...     35    1.42s  0.49%  40.7ms   92.7MiB  0.18%  2.65MiB
       ene_ops: kin...     35    695ms  0.24%  19.9ms   1.96GiB  3.97%  57.4MiB
       ene_ops: har...     35   25.8ms  0.01%   738μs   47.4MiB  0.09%  1.35MiB
       ene_ops: local      35   11.8ms  0.00%   338μs   22.0MiB  0.04%   645KiB
   KerkerDosMixing         17    720ms  0.25%  42.4ms    141MiB  0.28%  8.32MiB
     KerkerMixing          17    458ms  0.16%  26.9ms    114MiB  0.23%  6.73MiB
   QR orthonormaliz...  2.86k   1.22ms  0.00%   427ns     0.00B  0.00%    0.00B
 ──────────────────────────────────────────────────────────────────────────────

Total time in ns: 290439656731
