Julia version: 1.6.0-DEV.1324

Threading configuration: 
       JULIA_NUM_THREADS:   1
      JULIA_FFTW_THREADS:   4
      JULIA_BLAS_THREADS:   1
Payload:  Fe_scfres_guess.jld2

System facts:
    fft_size:      (30, 30, 30)
    kpoints:       168
    n_electrons:   16
    n_bands:       23

Compiling code ...
Timing SCF ...

n     Free energy       Eₙ-Eₙ₋₁     ρout-ρin   Magnet   Diag
---   ---------------   ---------   --------   ------   ----
  1   -111.8090315840         NaN   5.13e+00    2.000    1.0 
  2   -116.7235600944   -4.91e+00   3.03e+00    2.000    6.0 
  3   -120.7864739636   -4.06e+00   1.12e+00    2.387    5.7 
  4   -121.8708783458   -1.08e+00   2.62e-01    2.625    5.4 
  5   -121.8962074316   -2.53e-02   3.11e-01    2.373    3.2 
  6   -121.9450957413   -4.89e-02   1.65e-01    2.143    2.8 
  7   -121.9131369373    3.20e-02   2.27e-01    2.150    2.5 
  8   -121.9485831790   -3.54e-02   4.08e-02    1.882    2.6 
  9   -121.9494018358   -8.19e-04   1.10e-02    1.908    2.0 
 10   -121.9494537710   -5.19e-05   5.92e-03    1.932    2.6 
 11   -121.9494571616   -3.39e-06   7.29e-04    1.933    2.3 
 12   -121.9494574300   -2.68e-07   2.99e-04    1.929    4.0 
 13   -121.9494574261    3.91e-09   6.61e-05    1.928    3.1 
 14   -121.9494574191    6.99e-09   1.66e-05    1.928    3.0 
 15   -121.9494574189    1.72e-10   2.75e-06    1.928    3.5 
 16   -121.9494574191   -1.81e-10   6.68e-07    1.928    3.8 
 17   -121.9494574191   -2.81e-12   2.02e-07    1.928    3.2 
Energy breakdown:
    Kinetic             59.3814281
    AtomicLocal         -99.3605616
    AtomicNonlocal      -16.5408024
    Ewald               -85.8892161
    PspCorrection       3.5081636 
    Hartree             29.7313727
    Xc                  -12.7787483
    Entropy             -0.0010934

    total               -121.949457419092

 ──────────────────────────────────────────────────────────────────────────────
                                       Time                   Allocations      
                               ──────────────────────   ───────────────────────
       Tot / % measured:             245s / 99.0%           87.1GiB / 100%     

 Section               ncalls     time   %tot     avg     alloc   %tot      avg
 ──────────────────────────────────────────────────────────────────────────────
 self_consistent_field      1     243s   100%    243s   86.8GiB  100%   86.8GiB
   LOBPCG               2.86k     167s  68.8%  58.4ms   49.4GiB  56.9%  17.7MiB
     Hamiltonian mu...  12.4k    96.0s  39.6%  7.74ms   6.92GiB  7.98%   585KiB
     block multipli...  45.4k    21.6s  8.90%   475μs   8.41GiB  9.70%   194KiB
     ortho              40.4k    12.8s  5.28%   317μs   8.58GiB  9.89%   223KiB
     rayleigh_ritz      9.54k    12.4s  5.10%  1.30ms   1.37GiB  1.58%   150KiB
   compute_density         17    67.3s  27.7%   3.96s   29.6GiB  34.1%  1.74GiB
   energy_hamiltonian      35    4.94s  2.04%   141ms   7.15GiB  8.25%   209MiB
   KerkerDosMixing         17    716ms  0.30%  42.1ms    141MiB  0.16%  8.31MiB
     KerkerMixing          17    469ms  0.19%  27.6ms    114MiB  0.13%  6.74MiB
   QR orthonormaliz...  2.86k   1.51ms  0.00%   529ns     0.00B  0.00%    0.00B
 ──────────────────────────────────────────────────────────────────────────────

Total time in ns: 243530356684
