Julia version: 1.6.0-DEV.1324

Threading configuration: 
       JULIA_NUM_THREADS:   1
      JULIA_FFTW_THREADS:   2
      JULIA_BLAS_THREADS:   4
Payload:  Fe_scfres_guess.jld2

System facts:
    fft_size:      (30, 30, 30)
    kpoints:       168
    n_electrons:   16
    n_bands:       23

Compiling code ...
Timing SCF ...

n     Free energy       Eₙ-Eₙ₋₁     ρout-ρin   Magnet   Diag
---   ---------------   ---------   --------   ------   ----
  1   -111.8084467724         NaN   5.13e+00    2.000    1.0 
  2   -116.7236025486   -4.92e+00   3.03e+00    2.000    6.0 
  3   -120.7864613406   -4.06e+00   1.12e+00    2.387    5.7 
  4   -121.8709154475   -1.08e+00   2.61e-01    2.625    5.4 
  5   -121.8961504819   -2.52e-02   3.11e-01    2.373    3.3 
  6   -121.9451308868   -4.90e-02   1.65e-01    2.142    2.8 
  7   -121.9131835464    3.19e-02   2.27e-01    2.150    2.5 
  8   -121.9485807266   -3.54e-02   4.08e-02    1.882    2.6 
  9   -121.9494018774   -8.21e-04   1.10e-02    1.908    2.0 
 10   -121.9494537927   -5.19e-05   5.89e-03    1.932    2.6 
 11   -121.9494571647   -3.37e-06   7.28e-04    1.933    2.4 
 12   -121.9494574293   -2.65e-07   2.98e-04    1.929    4.0 
 13   -121.9494574259    3.41e-09   6.59e-05    1.928    3.1 
 14   -121.9494574191    6.81e-09   1.65e-05    1.928    3.0 
 15   -121.9494574189    1.56e-10   2.74e-06    1.928    3.5 
 16   -121.9494574191   -1.77e-10   6.79e-07    1.928    3.9 
 17   -121.9494574191   -1.32e-12   1.97e-07    1.928    3.1 
Energy breakdown:
    Kinetic             59.3814282
    AtomicLocal         -99.3605616
    AtomicNonlocal      -16.5408024
    Ewald               -85.8892161
    PspCorrection       3.5081636 
    Hartree             29.7313727
    Xc                  -12.7787483
    Entropy             -0.0010934

    total               -121.949457419091

 ──────────────────────────────────────────────────────────────────────────────
                                       Time                   Allocations      
                               ──────────────────────   ───────────────────────
       Tot / % measured:             233s / 98.9%           49.8GiB / 99.4%    

 Section               ncalls     time   %tot     avg     alloc   %tot      avg
 ──────────────────────────────────────────────────────────────────────────────
 self_consistent_field      1     231s   100%    231s   49.5GiB  100%   49.5GiB
   LOBPCG               2.86k     147s  63.7%  51.4ms   38.6GiB  78.0%  13.8MiB
     Hamiltonian mu...  12.4k     100s  43.2%  8.04ms   6.08GiB  12.3%   514KiB
       kinetic+local    12.4k    95.1s  41.2%  7.67ms    474MiB  0.94%  39.2KiB
       nonlocal         12.4k    3.08s  1.34%   248μs   3.10GiB  6.27%   262KiB
     rayleigh_ritz      9.55k    9.56s  4.14%  1.00ms   1.37GiB  2.77%   150KiB
     ortho              40.5k    8.84s  3.83%   218μs   1.29GiB  2.60%  33.3KiB
     block multipli...  45.5k    8.83s  3.83%   194μs   8.42GiB  17.0%   194KiB
   compute_density         17    75.9s  32.9%   4.46s   3.10GiB  6.26%   187MiB
   energy_hamiltonian      35    4.19s  1.82%   120ms   7.13GiB  14.4%   209MiB
     ene_ops               35    3.41s  1.48%  97.5ms   4.72GiB  9.55%   138MiB
       ene_ops: xc         35    1.66s  0.72%  47.5ms   2.58GiB  5.21%  75.4MiB
       ene_ops: non...     35    852ms  0.37%  24.3ms   92.7MiB  0.18%  2.65MiB
       ene_ops: kin...     35    814ms  0.35%  23.3ms   1.96GiB  3.97%  57.4MiB
       ene_ops: har...     35   26.6ms  0.01%   760μs   47.4MiB  0.09%  1.35MiB
       ene_ops: local      35   17.5ms  0.01%   499μs   22.0MiB  0.04%   645KiB
   KerkerDosMixing         17    752ms  0.33%  44.2ms    141MiB  0.28%  8.32MiB
     KerkerMixing          17    476ms  0.21%  28.0ms    114MiB  0.23%  6.73MiB
   QR orthonormaliz...  2.86k   1.29ms  0.00%   450ns     0.00B  0.00%    0.00B
 ──────────────────────────────────────────────────────────────────────────────

Total time in ns: 231673517644
