Julia version: 1.6.0-DEV.1324

Threading configuration: 
       JULIA_NUM_THREADS:   1
      JULIA_FFTW_THREADS:   3
      JULIA_BLAS_THREADS:   1
Payload:  Fe_scfres_guess.jld2

System facts:
    fft_size:      (30, 30, 30)
    kpoints:       168
    n_electrons:   16
    n_bands:       23

Compiling code ...
Timing SCF ...

n     Free energy       Eₙ-Eₙ₋₁     ρout-ρin   Magnet   Diag
---   ---------------   ---------   --------   ------   ----
  1   -111.8090315840         NaN   5.13e+00    2.000    1.0 
  2   -116.7235484000   -4.91e+00   3.03e+00    2.000    6.1 
  3   -120.7864772814   -4.06e+00   1.12e+00    2.387    5.7 
  4   -121.8708775808   -1.08e+00   2.62e-01    2.625    5.4 
  5   -121.8962084598   -2.53e-02   3.11e-01    2.373    3.2 
  6   -121.9450818896   -4.89e-02   1.66e-01    2.143    2.8 
  7   -121.9131035829    3.20e-02   2.27e-01    2.150    2.5 
  8   -121.9485848503   -3.55e-02   4.08e-02    1.882    2.5 
  9   -121.9494018871   -8.17e-04   1.10e-02    1.908    2.0 
 10   -121.9494537862   -5.19e-05   5.92e-03    1.932    2.6 
 11   -121.9494571628   -3.38e-06   7.29e-04    1.933    2.3 
 12   -121.9494574293   -2.67e-07   2.99e-04    1.929    4.0 
 13   -121.9494574260    3.34e-09   6.62e-05    1.928    3.1 
 14   -121.9494574191    6.93e-09   1.65e-05    1.928    3.0 
 15   -121.9494574189    1.52e-10   2.75e-06    1.928    3.5 
 16   -121.9494574191   -1.75e-10   6.70e-07    1.928    3.7 
 17   -121.9494574191    5.68e-13   1.94e-07    1.928    3.2 
Energy breakdown:
    Kinetic             59.3814283
    AtomicLocal         -99.3605617
    AtomicNonlocal      -16.5408025
    Ewald               -85.8892161
    PspCorrection       3.5081636 
    Hartree             29.7313728
    Xc                  -12.7787483
    Entropy             -0.0010934

    total               -121.949457419090

 ──────────────────────────────────────────────────────────────────────────────
                                       Time                   Allocations      
                               ──────────────────────   ───────────────────────
       Tot / % measured:             255s / 99.0%           87.1GiB / 100%     

 Section               ncalls     time   %tot     avg     alloc   %tot      avg
 ──────────────────────────────────────────────────────────────────────────────
 self_consistent_field      1     253s   100%    253s   86.8GiB  100%   86.8GiB
   LOBPCG               2.86k     177s  69.9%  62.0ms   49.4GiB  56.9%  17.7MiB
     Hamiltonian mu...  12.4k     106s  41.7%  8.52ms   6.92GiB  7.98%   586KiB
     block multipli...  45.4k    21.6s  8.54%   476μs   8.42GiB  9.70%   194KiB
     ortho              40.4k    12.9s  5.11%   320μs   8.58GiB  9.89%   223KiB
     rayleigh_ritz      9.53k    12.3s  4.86%  1.29ms   1.37GiB  1.58%   151KiB
   compute_density         17    67.5s  26.7%   3.97s   29.6GiB  34.1%  1.74GiB
   energy_hamiltonian      35    4.90s  1.94%   140ms   7.15GiB  8.25%   209MiB
   KerkerDosMixing         17    700ms  0.28%  41.2ms    141MiB  0.16%  8.31MiB
     KerkerMixing          17    454ms  0.18%  26.7ms    114MiB  0.13%  6.74MiB
   QR orthonormaliz...  2.86k   1.28ms  0.00%   447ns     0.00B  0.00%    0.00B
 ──────────────────────────────────────────────────────────────────────────────

Total time in ns: 254011277811
