Julia version: 1.6.0-DEV.1324

Threading configuration: 
       JULIA_NUM_THREADS:   1
      JULIA_FFTW_THREADS:   2
      JULIA_BLAS_THREADS:   1
Payload:  Fe_scfres_guess.jld2

System facts:
    fft_size:      (30, 30, 30)
    kpoints:       168
    n_electrons:   16
    n_bands:       23

Compiling code ...
Timing SCF ...

n     Free energy       Eₙ-Eₙ₋₁     ρout-ρin   Magnet   Diag
---   ---------------   ---------   --------   ------   ----
  1   -111.8084467724         NaN   5.13e+00    2.000    1.0 
  2   -116.7235960492   -4.92e+00   3.03e+00    2.000    6.0 
  3   -120.7864625044   -4.06e+00   1.12e+00    2.387    5.8 
  4   -121.8709146079   -1.08e+00   2.61e-01    2.625    5.4 
  5   -121.8961553769   -2.52e-02   3.11e-01    2.373    3.3 
  6   -121.9451259460   -4.90e-02   1.65e-01    2.142    2.8 
  7   -121.9131863501    3.19e-02   2.27e-01    2.150    2.5 
  8   -121.9485806211   -3.54e-02   4.08e-02    1.882    2.5 
  9   -121.9494018701   -8.21e-04   1.10e-02    1.908    2.0 
 10   -121.9494537785   -5.19e-05   5.90e-03    1.932    2.6 
 11   -121.9494571651   -3.39e-06   7.29e-04    1.933    2.4 
 12   -121.9494574297   -2.65e-07   2.99e-04    1.929    4.0 
 13   -121.9494574258    3.83e-09   6.55e-05    1.928    3.1 
 14   -121.9494574191    6.77e-09   1.65e-05    1.928    3.0 
 15   -121.9494574189    1.69e-10   2.73e-06    1.928    3.6 
 16   -121.9494574191   -1.84e-10   6.94e-07    1.928    3.8 
 17   -121.9494574191    2.53e-12   1.82e-07    1.928    3.1 
Energy breakdown:
    Kinetic             59.3814283
    AtomicLocal         -99.3605618
    AtomicNonlocal      -16.5408025
    Ewald               -85.8892161
    PspCorrection       3.5081636 
    Hartree             29.7313728
    Xc                  -12.7787483
    Entropy             -0.0010934

    total               -121.949457419088

 ──────────────────────────────────────────────────────────────────────────────
                                       Time                   Allocations      
                               ──────────────────────   ───────────────────────
       Tot / % measured:             279s / 99.1%           49.8GiB / 99.4%    

 Section               ncalls     time   %tot     avg     alloc   %tot      avg
 ──────────────────────────────────────────────────────────────────────────────
 self_consistent_field      1     276s   100%    276s   49.5GiB  100%   49.5GiB
   LOBPCG               2.86k     191s  69.0%  66.8ms   38.6GiB  78.0%  13.8MiB
     Hamiltonian mu...  12.4k     122s  44.1%  9.83ms   6.08GiB  12.3%   514KiB
       kinetic+local    12.4k     115s  41.5%  9.26ms    474MiB  0.94%  39.2KiB
       nonlocal         12.4k    5.48s  1.99%   443μs   3.10GiB  6.27%   263KiB
     block multipli...  45.4k    22.4s  8.10%   493μs   8.42GiB  17.0%   195KiB
     rayleigh_ritz      9.53k    12.5s  4.52%  1.31ms   1.37GiB  2.77%   151KiB
     ortho              40.4k    11.3s  4.10%   280μs   1.29GiB  2.60%  33.4KiB
   compute_density         17    76.8s  27.8%   4.52s   3.10GiB  6.26%   187MiB
   energy_hamiltonian      35    4.96s  1.80%   142ms   7.13GiB  14.4%   209MiB
     ene_ops               35    4.22s  1.53%   121ms   4.72GiB  9.55%   138MiB
       ene_ops: xc         35    1.92s  0.70%  54.9ms   2.58GiB  5.21%  75.4MiB
       ene_ops: non...     35    1.43s  0.52%  40.8ms   92.7MiB  0.18%  2.65MiB
       ene_ops: kin...     35    774ms  0.28%  22.1ms   1.96GiB  3.97%  57.4MiB
       ene_ops: har...     35   39.4ms  0.01%  1.13ms   47.4MiB  0.09%  1.35MiB
       ene_ops: local      35   16.9ms  0.01%   484μs   22.0MiB  0.04%   645KiB
   KerkerDosMixing         17    742ms  0.27%  43.7ms    142MiB  0.28%  8.34MiB
     KerkerMixing          17    493ms  0.18%  29.0ms    114MiB  0.23%  6.73MiB
   QR orthonormaliz...  2.86k   1.22ms  0.00%   427ns     0.00B  0.00%    0.00B
 ──────────────────────────────────────────────────────────────────────────────

Total time in ns: 277158023091
