Threading configuration: 
       JULIA_NUM_THREADS:   1
      JULIA_FFTW_THREADS:   1
      JULIA_BLAS_THREADS:   1
Payload:  Fe_scfres_guess.jld2

System facts:
    fft_size:      (30, 30, 30)
    kpoints:       168
    n_electrons:   16
    n_bands:       23

Compiling code ...
Timing SCF ...

n     Free energy       Eₙ-Eₙ₋₁     ρout-ρin   Magnet   Diag
---   ---------------   ---------   --------   ------   ----
  1   -111.8090452629         NaN   5.13e+00    2.000    1.0 
  2   -116.7235205613   -4.91e+00   3.03e+00    2.000    6.0 
  3   -120.7864835693   -4.06e+00   1.12e+00    2.387    5.8 
  4   -121.8708748932   -1.08e+00   2.62e-01    2.625    5.4 
  5   -121.8962151869   -2.53e-02   3.11e-01    2.373    3.2 
  6   -121.9450824001   -4.89e-02   1.66e-01    2.143    2.8 
  7   -121.9131455753    3.19e-02   2.27e-01    2.150    2.4 
  8   -121.9485861669   -3.54e-02   4.07e-02    1.882    2.5 
  9   -121.9494018483   -8.16e-04   1.10e-02    1.908    2.0 
 10   -121.9494537839   -5.19e-05   5.91e-03    1.932    2.6 
 11   -121.9494571632   -3.38e-06   7.29e-04    1.933    2.3 
 12   -121.9494574298   -2.67e-07   2.98e-04    1.929    4.0 
 13   -121.9494574259    3.89e-09   6.60e-05    1.928    3.0 
 14   -121.9494574191    6.80e-09   1.66e-05    1.928    3.1 
 15   -121.9494574189    1.73e-10   2.73e-06    1.928    3.6 
 16   -121.9494574191   -1.81e-10   6.79e-07    1.928    3.6 
 17   -121.9494574191    8.10e-13   1.94e-07    1.928    3.3 
Energy breakdown:
    Kinetic             59.3814282
    AtomicLocal         -99.3605617
    AtomicNonlocal      -16.5408025
    Ewald               -85.8892161
    PspCorrection       3.5081636 
    Hartree             29.7313728
    Xc                  -12.7787483
    Entropy             -0.0010934

    total               -121.949457419090

 ──────────────────────────────────────────────────────────────────────────────
                                       Time                   Allocations      
                               ──────────────────────   ───────────────────────
       Tot / % measured:             326s / 99.3%           87.1GiB / 100%     

 Section               ncalls     time   %tot     avg     alloc   %tot      avg
 ──────────────────────────────────────────────────────────────────────────────
 self_consistent_field      1     324s   100%    324s   86.8GiB  100%   86.8GiB
   LOBPCG               2.86k     238s  73.3%  83.2ms   49.4GiB  56.9%  17.7MiB
     Hamiltonian mu...  12.4k     167s  51.5%  13.5ms   6.92GiB  7.98%   586KiB
     block multipli...  45.3k    21.9s  6.75%   482μs   8.41GiB  9.70%   195KiB
     ortho              40.4k    12.8s  3.93%   316μs   8.58GiB  9.89%   223KiB
     rayleigh_ritz      9.52k    12.3s  3.81%  1.30ms   1.37GiB  1.58%   151KiB
   compute_density         17    77.6s  24.0%   4.57s   29.6GiB  34.1%  1.74GiB
   energy_hamiltonian      35    5.19s  1.60%   148ms   7.15GiB  8.25%   209MiB
   KerkerDosMixing         17    723ms  0.22%  42.5ms    141MiB  0.16%  8.31MiB
     KerkerMixing          17    475ms  0.15%  27.9ms    114MiB  0.13%  6.74MiB
   QR orthonormaliz...  2.86k   1.31ms  0.00%   458ns     0.00B  0.00%    0.00B
 ──────────────────────────────────────────────────────────────────────────────

Total time in ns: 325031367669
