Julia version: 1.6.0-DEV.1324

Threading configuration: 
       JULIA_NUM_THREADS:   1
      JULIA_FFTW_THREADS:   2
      JULIA_BLAS_THREADS:   2
Payload:  Fe_scfres_guess.jld2

System facts:
    fft_size:      (30, 30, 30)
    kpoints:       168
    n_electrons:   16
    n_bands:       23

Compiling code ...
Timing SCF ...

n     Free energy       Eₙ-Eₙ₋₁     ρout-ρin   Magnet   Diag
---   ---------------   ---------   --------   ------   ----
  1   -111.8084467724         NaN   5.13e+00    2.000    1.0 
  2   -116.7235895666   -4.92e+00   3.03e+00    2.000    5.9 
  3   -120.7864691359   -4.06e+00   1.12e+00    2.387    5.7 
  4   -121.8709109002   -1.08e+00   2.62e-01    2.625    5.4 
  5   -121.8961608207   -2.52e-02   3.11e-01    2.373    3.2 
  6   -121.9451197480   -4.90e-02   1.65e-01    2.142    2.8 
  7   -121.9131586435    3.20e-02   2.27e-01    2.150    2.5 
  8   -121.9485815917   -3.54e-02   4.08e-02    1.882    2.5 
  9   -121.9494019625   -8.20e-04   1.10e-02    1.908    2.0 
 10   -121.9494537755   -5.18e-05   5.90e-03    1.932    2.6 
 11   -121.9494571658   -3.39e-06   7.28e-04    1.933    2.4 
 12   -121.9494574299   -2.64e-07   2.98e-04    1.929    4.0 
 13   -121.9494574258    4.10e-09   6.53e-05    1.928    3.1 
 14   -121.9494574191    6.78e-09   1.64e-05    1.928    3.1 
 15   -121.9494574189    1.57e-10   2.72e-06    1.928    3.6 
 16   -121.9494574191   -1.79e-10   6.73e-07    1.928    3.7 
 17   -121.9494574191   -2.47e-12   1.96e-07    1.928    3.1 
Energy breakdown:
    Kinetic             59.3814282
    AtomicLocal         -99.3605616
    AtomicNonlocal      -16.5408024
    Ewald               -85.8892161
    PspCorrection       3.5081636 
    Hartree             29.7313727
    Xc                  -12.7787483
    Entropy             -0.0010934

    total               -121.949457419091

 ──────────────────────────────────────────────────────────────────────────────
                                       Time                   Allocations      
                               ──────────────────────   ───────────────────────
       Tot / % measured:             235s / 98.9%           49.7GiB / 99.4%    

 Section               ncalls     time   %tot     avg     alloc   %tot      avg
 ──────────────────────────────────────────────────────────────────────────────
 self_consistent_field      1     233s   100%    233s   49.4GiB  100%   49.4GiB
   LOBPCG               2.86k     151s  64.9%  52.9ms   38.5GiB  78.0%  13.8MiB
     Hamiltonian mu...  12.4k    93.8s  40.3%  7.59ms   6.07GiB  12.3%   515KiB
       kinetic+local    12.4k    87.8s  37.7%  7.10ms    474MiB  0.94%  39.3KiB
       nonlocal         12.4k    4.09s  1.76%   331μs   3.10GiB  6.27%   263KiB
     block multipli...  45.2k    14.6s  6.28%   323μs   8.40GiB  17.0%   195KiB
     rayleigh_ritz      9.50k    11.2s  4.83%  1.18ms   1.37GiB  2.77%   151KiB
     ortho              40.3k    9.74s  4.19%   242μs   1.29GiB  2.60%  33.4KiB
   compute_density         17    73.4s  31.5%   4.32s   3.10GiB  6.27%   187MiB
   energy_hamiltonian      35    4.47s  1.92%   128ms   7.13GiB  14.4%   209MiB
     ene_ops               35    3.78s  1.62%   108ms   4.72GiB  9.56%   138MiB
       ene_ops: xc         35    1.62s  0.70%  46.3ms   2.58GiB  5.22%  75.4MiB
       ene_ops: non...     35    1.16s  0.50%  33.1ms   92.7MiB  0.18%  2.65MiB
       ene_ops: kin...     35    913ms  0.39%  26.1ms   1.96GiB  3.97%  57.4MiB
       ene_ops: har...     35   31.8ms  0.01%   907μs   47.4MiB  0.09%  1.35MiB
       ene_ops: local      35   16.7ms  0.01%   476μs   22.0MiB  0.04%   645KiB
   KerkerDosMixing         17    729ms  0.31%  42.9ms    142MiB  0.28%  8.34MiB
     KerkerMixing          17    473ms  0.20%  27.8ms    114MiB  0.23%  6.73MiB
   QR orthonormaliz...  2.86k   1.16ms  0.00%   406ns     0.00B  0.00%    0.00B
 ──────────────────────────────────────────────────────────────────────────────

Total time in ns: 233660986797
