Julia version: 1.6.0-DEV.1324

Threading configuration: 
       JULIA_NUM_THREADS:   2
      JULIA_FFTW_THREADS:   1
      JULIA_BLAS_THREADS:   2
Payload:  Fe_scfres_guess.jld2

System facts:
    fft_size:      (30, 30, 30)
    kpoints:       168
    n_electrons:   16
    n_bands:       23

Compiling code ...
Timing SCF ...

n     Free energy       Eₙ-Eₙ₋₁     ρout-ρin   Magnet   Diag
---   ---------------   ---------   --------   ------   ----
  1   -111.8084467724         NaN   5.13e+00    2.000    1.0 
  2   -116.7235990616   -4.92e+00   3.03e+00    2.000    6.0 
  3   -120.7864721185   -4.06e+00   1.12e+00    2.387    5.7 
  4   -121.8709095375   -1.08e+00   2.62e-01    2.625    5.4 
  5   -121.8961652706   -2.53e-02   3.11e-01    2.373    3.2 
  6   -121.9451170191   -4.90e-02   1.65e-01    2.143    2.8 
  7   -121.9131649347    3.20e-02   2.27e-01    2.150    2.5 
  8   -121.9485826305   -3.54e-02   4.08e-02    1.882    2.5 
  9   -121.9494018814   -8.19e-04   1.10e-02    1.908    2.0 
 10   -121.9494538114   -5.19e-05   5.89e-03    1.932    2.6 
 11   -121.9494571624   -3.35e-06   7.29e-04    1.933    2.4 
 12   -121.9494574289   -2.66e-07   2.99e-04    1.929    4.0 
 13   -121.9494574260    2.84e-09   6.62e-05    1.928    3.1 
 14   -121.9494574191    6.96e-09   1.66e-05    1.928    3.0 
 15   -121.9494574189    1.41e-10   2.74e-06    1.928    3.5 
 16   -121.9494574191   -1.74e-10   6.82e-07    1.928    3.7 
 17   -121.9494574191    1.44e-12   1.85e-07    1.928    3.2 
Energy breakdown:
    Kinetic             59.3814283
    AtomicLocal         -99.3605617
    AtomicNonlocal      -16.5408025
    Ewald               -85.8892161
    PspCorrection       3.5081636 
    Hartree             29.7313728
    Xc                  -12.7787483
    Entropy             -0.0010934

    total               -121.949457419089

 ──────────────────────────────────────────────────────────────────────────────
                                       Time                   Allocations      
                               ──────────────────────   ───────────────────────
       Tot / % measured:             183s / 98.7%           51.5GiB / 99.4%    

 Section               ncalls     time   %tot     avg     alloc   %tot      avg
 ──────────────────────────────────────────────────────────────────────────────
 self_consistent_field      1     180s   100%    180s   51.2GiB  100%   51.2GiB
   LOBPCG               2.86k     136s  75.1%  47.5ms   38.5GiB  75.3%  13.8MiB
     Hamiltonian mu...  12.4k    79.1s  43.8%  6.39ms   6.07GiB  11.9%   515KiB
       kinetic+local    12.4k    73.2s  40.6%  5.92ms    479MiB  0.91%  39.7KiB
       nonlocal         12.4k    4.18s  2.32%   338μs   3.10GiB  6.05%   262KiB
     block multipli...  45.3k    14.4s  7.98%   318μs   8.40GiB  16.4%   195KiB
     rayleigh_ritz      9.51k    11.0s  6.08%  1.15ms   1.37GiB  2.67%   151KiB
     ortho              40.3k    9.64s  5.34%   239μs   1.28GiB  2.51%  33.4KiB
   compute_density         17    36.6s  20.3%   2.15s   4.86GiB  9.49%   292MiB
   energy_hamiltonian      35    4.57s  2.53%   131ms   7.15GiB  14.0%   209MiB
     ene_ops               35    3.86s  2.14%   110ms   4.72GiB  9.23%   138MiB
       ene_ops: xc         35    1.66s  0.92%  47.4ms   2.58GiB  5.04%  75.4MiB
       ene_ops: non...     35    1.15s  0.64%  33.0ms   92.7MiB  0.18%  2.65MiB
       ene_ops: kin...     35    973ms  0.54%  27.8ms   1.96GiB  3.83%  57.4MiB
       ene_ops: har...     35   29.4ms  0.02%   840μs   47.4MiB  0.09%  1.35MiB
       ene_ops: local      35   14.3ms  0.01%   408μs   22.0MiB  0.04%   645KiB
   KerkerDosMixing         17    774ms  0.43%  45.5ms    141MiB  0.27%  8.32MiB
     KerkerMixing          17    515ms  0.29%  30.3ms    114MiB  0.22%  6.73MiB
   QR orthonormaliz...  2.86k   1.05ms  0.00%   367ns     0.00B  0.00%    0.00B
 ──────────────────────────────────────────────────────────────────────────────

Total time in ns: 181500696555
