Julia version: 1.6.0-DEV.1324

Threading configuration: 
       JULIA_NUM_THREADS:   2
      JULIA_FFTW_THREADS:   2
      JULIA_BLAS_THREADS:   3
Payload:  Fe_scfres_guess.jld2

System facts:
    fft_size:      (30, 30, 30)
    kpoints:       168
    n_electrons:   16
    krange 0:  [1, 2, 3, 4, 5, 6, 7, 8, 9, 10, 11, 12, 13, 14, 15, 16, 17, 18, 19, 20, 21, 22, 23, 24, 25, 26, 27, 28, 29, 30, 31, 32, 33, 34, 35, 36, 37, 38, 39, 40, 41, 42, 43, 44, 45, 46, 47, 48, 49, 50, 51, 52, 53, 54, 55, 56, 57, 58, 59, 60, 61, 62, 63, 64, 65, 66, 67, 68, 69, 70, 71, 72, 73, 74, 75, 76, 77, 78, 79, 80, 81, 82, 83, 84, 85, 86, 87, 88, 89, 90, 91, 92, 93, 94, 95, 96, 97, 98, 99, 100, 101, 102, 103, 104, 105, 106, 107, 108, 109, 110, 111, 112, 113, 114, 115, 116, 117, 118, 119, 120, 121, 122, 123, 124, 125, 126, 127, 128, 129, 130, 131, 132, 133, 134, 135, 136, 137, 138, 139, 140, 141, 142, 143, 144, 145, 146, 147, 148, 149, 150, 151, 152, 153, 154, 155, 156, 157, 158, 159, 160, 161, 162, 163, 164, 165, 166, 167, 168]
    n_bands:       23

Compiling code ...
Timing SCF ...

n     Free energy       Eₙ-Eₙ₋₁     ρout-ρin   Magnet   Diag
---   ---------------   ---------   --------   ------   ----
  1   -111.8084467724         NaN   5.13e+00    2.000    1.0 
  2   -116.7235921757   -4.92e+00   3.03e+00    2.000    6.0 
  3   -120.7864680713   -4.06e+00   1.12e+00    2.387    5.7 
  4   -121.8709118990   -1.08e+00   2.62e-01    2.625    5.4 
  5   -121.8961613219   -2.52e-02   3.11e-01    2.373    3.3 
  6   -121.9451233638   -4.90e-02   1.65e-01    2.142    2.8 
  7   -121.9131894205    3.19e-02   2.27e-01    2.150    2.5 
  8   -121.9485822041   -3.54e-02   4.08e-02    1.882    2.5 
  9   -121.9494018373   -8.20e-04   1.10e-02    1.908    2.0 
 10   -121.9494538013   -5.20e-05   5.89e-03    1.932    2.6 
 11   -121.9494571659   -3.36e-06   7.27e-04    1.933    2.3 
 12   -121.9494574293   -2.63e-07   2.98e-04    1.929    3.9 
 13   -121.9494574260    3.32e-09   6.56e-05    1.928    3.0 
 14   -121.9494574190    6.93e-09   1.64e-05    1.928    3.0 
 15   -121.9494574189    1.16e-10   2.75e-06    1.928    3.6 
 16   -121.9494574191   -1.70e-10   6.64e-07    1.928    3.8 
 17   -121.9494574191   -2.16e-12   1.99e-07    1.928    3.2 
Energy breakdown:
    Kinetic             59.3814282
    AtomicLocal         -99.3605616
    AtomicNonlocal      -16.5408024
    Ewald               -85.8892161
    PspCorrection       3.5081636 
    Hartree             29.7313728
    Xc                  -12.7787483
    Entropy             -0.0010934

    total               -121.949457419092

 ──────────────────────────────────────────────────────────────────────────────
                                       Time                   Allocations      
                               ──────────────────────   ───────────────────────
       Tot / % measured:             184s / 98.6%           52.9GiB / 99.4%    

 Section               ncalls     time   %tot     avg     alloc   %tot      avg
 ──────────────────────────────────────────────────────────────────────────────
 self_consistent_field      1     181s   100%    181s   52.6GiB  100%   52.6GiB
   LOBPCG               2.86k     135s  74.6%  47.4ms   39.7GiB  75.6%  14.3MiB
     Hamiltonian mu...  12.4k    87.6s  48.4%  7.09ms   7.26GiB  13.8%   616KiB
       kinetic+local    12.4k    82.9s  45.8%  6.71ms   1.66GiB  3.15%   140KiB
       nonlocal         12.4k    3.01s  1.66%   243μs   3.10GiB  5.89%   263KiB
     block multipli...  45.3k    10.2s  5.61%   225μs   8.41GiB  16.0%   195KiB
     ortho              40.4k    8.99s  4.96%   223μs   1.29GiB  2.45%  33.4KiB
     rayleigh_ritz      9.51k    8.41s  4.64%   884μs   1.37GiB  2.60%   151KiB
   compute_density         17    38.2s  21.1%   2.25s   5.05GiB  9.60%   304MiB
   energy_hamiltonian      35    3.98s  2.20%   114ms   7.15GiB  13.6%   209MiB
     ene_ops               35    3.30s  1.82%  94.3ms   4.73GiB  8.99%   138MiB
       ene_ops: xc         35    1.68s  0.93%  48.1ms   2.58GiB  4.91%  75.6MiB
       ene_ops: non...     35    780ms  0.43%  22.3ms   92.7MiB  0.17%  2.65MiB
       ene_ops: kin...     35    763ms  0.42%  21.8ms   1.96GiB  3.73%  57.4MiB
       ene_ops: har...     35   26.2ms  0.01%   750μs   47.5MiB  0.09%  1.36MiB
       ene_ops: local      35   15.0ms  0.01%   430μs   22.1MiB  0.04%   646KiB
   KerkerDosMixing         17    785ms  0.43%  46.2ms    142MiB  0.26%  8.33MiB
     KerkerMixing          17    515ms  0.28%  30.3ms    114MiB  0.21%  6.73MiB
   QR orthonormaliz...  2.86k   1.52ms  0.00%   531ns     0.00B  0.00%    0.00B
 ──────────────────────────────────────────────────────────────────────────────

Total time in ns: 182364620722
