Julia version: 1.6.0-DEV.1324

Threading configuration: 
       JULIA_NUM_THREADS:   2
      JULIA_FFTW_THREADS:   2
      JULIA_BLAS_THREADS:   1
Payload:  Fe_scfres_guess.jld2

System facts:
    fft_size:      (30, 30, 30)
    kpoints:       168
    n_electrons:   16
    n_bands:       23

Compiling code ...
Timing SCF ...

n     Free energy       Eₙ-Eₙ₋₁     ρout-ρin   Magnet   Diag
---   ---------------   ---------   --------   ------   ----
  1   -111.8084467724         NaN   5.13e+00    2.000    1.0 
  2   -116.7235968203   -4.92e+00   3.03e+00    2.000    6.0 
  3   -120.7864620241   -4.06e+00   1.12e+00    2.387    5.7 
  4   -121.8709157468   -1.08e+00   2.61e-01    2.625    5.4 
  5   -121.8961537659   -2.52e-02   3.11e-01    2.373    3.2 
  6   -121.9451268466   -4.90e-02   1.65e-01    2.142    2.8 
  7   -121.9131945999    3.19e-02   2.27e-01    2.150    2.5 
  8   -121.9485825853   -3.54e-02   4.08e-02    1.882    2.6 
  9   -121.9494018948   -8.19e-04   1.10e-02    1.908    2.0 
 10   -121.9494537828   -5.19e-05   5.90e-03    1.932    2.6 
 11   -121.9494571653   -3.38e-06   7.28e-04    1.933    2.3 
 12   -121.9494574300   -2.65e-07   2.98e-04    1.929    4.0 
 13   -121.9494574258    4.25e-09   6.55e-05    1.928    3.0 
 14   -121.9494574190    6.75e-09   1.65e-05    1.928    3.1 
 15   -121.9494574189    1.37e-10   2.73e-06    1.928    3.5 
 16   -121.9494574191   -1.82e-10   6.82e-07    1.928    3.8 
 17   -121.9494574191    2.83e-12   1.85e-07    1.928    3.2 
Energy breakdown:
    Kinetic             59.3814283
    AtomicLocal         -99.3605617
    AtomicNonlocal      -16.5408025
    Ewald               -85.8892161
    PspCorrection       3.5081636 
    Hartree             29.7313728
    Xc                  -12.7787483
    Entropy             -0.0010934

    total               -121.949457419088

 ──────────────────────────────────────────────────────────────────────────────
                                       Time                   Allocations      
                               ──────────────────────   ───────────────────────
       Tot / % measured:             221s / 98.9%           52.9GiB / 99.4%    

 Section               ncalls     time   %tot     avg     alloc   %tot      avg
 ──────────────────────────────────────────────────────────────────────────────
 self_consistent_field      1     219s   100%    219s   52.6GiB  100%   52.6GiB
   LOBPCG               2.86k     172s  78.5%  60.2ms   39.8GiB  75.6%  14.3MiB
     Hamiltonian mu...  12.4k     105s  47.8%  8.45ms   7.27GiB  13.8%   615KiB
       kinetic+local    12.4k    97.9s  44.7%  7.90ms   1.66GiB  3.15%   140KiB
       nonlocal         12.4k    5.20s  2.38%   420μs   3.10GiB  5.89%   262KiB
     block multipli...  45.4k    21.2s  9.67%   466μs   8.41GiB  16.0%   194KiB
     rayleigh_ritz      9.54k    11.8s  5.40%  1.24ms   1.37GiB  2.60%   150KiB
     ortho              40.4k    10.8s  4.95%   268μs   1.29GiB  2.44%  33.3KiB
   compute_density         17    38.3s  17.5%   2.25s   5.05GiB  9.60%   304MiB
   energy_hamiltonian      35    5.19s  2.37%   148ms   7.15GiB  13.6%   209MiB
     ene_ops               35    4.45s  2.03%   127ms   4.73GiB  8.99%   138MiB
       ene_ops: xc         35    2.12s  0.97%  60.7ms   2.58GiB  4.91%  75.6MiB
       ene_ops: non...     35    1.42s  0.65%  40.5ms   92.7MiB  0.17%  2.65MiB
       ene_ops: kin...     35    805ms  0.37%  23.0ms   1.96GiB  3.73%  57.4MiB
       ene_ops: har...     35   46.2ms  0.02%  1.32ms   47.5MiB  0.09%  1.36MiB
       ene_ops: local      35   17.5ms  0.01%   501μs   22.1MiB  0.04%   646KiB
   KerkerDosMixing         17    745ms  0.34%  43.8ms    142MiB  0.26%  8.33MiB
     KerkerMixing          17    496ms  0.23%  29.2ms    114MiB  0.21%  6.73MiB
   QR orthonormaliz...  2.86k   1.41ms  0.00%   493ns     0.00B  0.00%    0.00B
 ──────────────────────────────────────────────────────────────────────────────

Total time in ns: 219989257839
