Threading configuration: 
       JULIA_NUM_THREADS:   1
      JULIA_FFTW_THREADS:   2
      JULIA_BLAS_THREADS:   1
Payload:  Fe_scfres_guess.jld2

System facts:
    fft_size:      (30, 30, 30)
    kpoints:       168
    n_electrons:   16
    n_bands:       23

Compiling code ...
Timing SCF ...

n     Free energy       Eₙ-Eₙ₋₁     ρout-ρin   Magnet   Diag
---   ---------------   ---------   --------   ------   ----
  1   -111.8090452629         NaN   5.13e+00    2.000    1.0 
  2   -116.7235287039   -4.91e+00   3.03e+00    2.000    6.0 
  3   -120.7864732618   -4.06e+00   1.12e+00    2.387    5.7 
  4   -121.8708809053   -1.08e+00   2.62e-01    2.625    5.4 
  5   -121.8962019874   -2.53e-02   3.11e-01    2.373    3.3 
  6   -121.9450863948   -4.89e-02   1.65e-01    2.143    2.8 
  7   -121.9131356292    3.20e-02   2.27e-01    2.150    2.5 
  8   -121.9485846381   -3.54e-02   4.08e-02    1.882    2.6 
  9   -121.9494017825   -8.17e-04   1.10e-02    1.908    2.0 
 10   -121.9494538203   -5.20e-05   5.91e-03    1.932    2.6 
 11   -121.9494571635   -3.34e-06   7.30e-04    1.933    2.3 
 12   -121.9494574285   -2.65e-07   2.99e-04    1.929    4.0 
 13   -121.9494574261    2.38e-09   6.64e-05    1.928    3.0 
 14   -121.9494574191    7.07e-09   1.65e-05    1.928    3.0 
 15   -121.9494574189    1.26e-10   2.76e-06    1.928    3.6 
 16   -121.9494574191   -1.59e-10   6.62e-07    1.928    3.7 
 17   -121.9494574191   -5.03e-12   2.04e-07    1.928    3.2 
Energy breakdown:
    Kinetic             59.3814281
    AtomicLocal         -99.3605615
    AtomicNonlocal      -16.5408024
    Ewald               -85.8892161
    PspCorrection       3.5081636 
    Hartree             29.7313727
    Xc                  -12.7787483
    Entropy             -0.0010934

    total               -121.949457419093

 ──────────────────────────────────────────────────────────────────────────────
                                       Time                   Allocations      
                               ──────────────────────   ───────────────────────
       Tot / % measured:             288s / 99.2%           87.1GiB / 100%     

 Section               ncalls     time   %tot     avg     alloc   %tot      avg
 ──────────────────────────────────────────────────────────────────────────────
 self_consistent_field      1     286s   100%    286s   86.8GiB  100%   86.8GiB
   LOBPCG               2.86k     203s  71.0%  70.9ms   49.4GiB  56.9%  17.7MiB
     Hamiltonian mu...  12.4k     131s  46.0%  10.6ms   6.92GiB  7.98%   587KiB
     block multipli...  45.4k    21.9s  7.65%   482μs   8.42GiB  9.71%   195KiB
     ortho              40.4k    12.9s  4.53%   320μs   8.59GiB  9.89%   223KiB
     rayleigh_ritz      9.52k    12.3s  4.31%  1.29ms   1.37GiB  1.58%   151KiB
   compute_density         17    74.2s  26.0%   4.36s   29.6GiB  34.1%  1.74GiB
   energy_hamiltonian      35    5.16s  1.81%   147ms   7.15GiB  8.24%   209MiB
   KerkerDosMixing         17    750ms  0.26%  44.1ms    141MiB  0.16%  8.31MiB
     KerkerMixing          17    495ms  0.17%  29.1ms    114MiB  0.13%  6.74MiB
   QR orthonormaliz...  2.86k   1.67ms  0.00%   586ns     0.00B  0.00%    0.00B
 ──────────────────────────────────────────────────────────────────────────────

Total time in ns: 286545110591
