Julia version: 1.6.0-DEV.1324

Threading configuration: 
       JULIA_NUM_THREADS:   1
      JULIA_FFTW_THREADS:   3
      JULIA_BLAS_THREADS:   2
Payload:  Fe_scfres_guess.jld2

System facts:
    fft_size:      (30, 30, 30)
    kpoints:       168
    n_electrons:   16
    n_bands:       23

Compiling code ...
Timing SCF ...

n     Free energy       Eₙ-Eₙ₋₁     ρout-ρin   Magnet   Diag
---   ---------------   ---------   --------   ------   ----
  1   -111.8090315840         NaN   5.13e+00    2.000    1.0 
  2   -116.7235581752   -4.91e+00   3.03e+00    2.000    6.0 
  3   -120.7864681129   -4.06e+00   1.12e+00    2.387    5.8 
  4   -121.8708816506   -1.08e+00   2.62e-01    2.625    5.4 
  5   -121.8961979658   -2.53e-02   3.11e-01    2.373    3.3 
  6   -121.9450978774   -4.89e-02   1.65e-01    2.143    2.9 
  7   -121.9131652326    3.19e-02   2.27e-01    2.150    2.5 
  8   -121.9485839133   -3.54e-02   4.08e-02    1.882    2.6 
  9   -121.9494018204   -8.18e-04   1.10e-02    1.908    2.0 
 10   -121.9494537781   -5.20e-05   5.91e-03    1.932    2.6 
 11   -121.9494571641   -3.39e-06   7.29e-04    1.933    2.4 
 12   -121.9494574296   -2.66e-07   2.98e-04    1.929    4.0 
 13   -121.9494574260    3.58e-09   6.58e-05    1.928    3.0 
 14   -121.9494574191    6.94e-09   1.64e-05    1.928    3.0 
 15   -121.9494574189    1.51e-10   2.74e-06    1.928    3.6 
 16   -121.9494574191   -1.77e-10   6.67e-07    1.928    3.8 
 17   -121.9494574191   -1.41e-12   1.99e-07    1.928    3.2 
Energy breakdown:
    Kinetic             59.3814282
    AtomicLocal         -99.3605616
    AtomicNonlocal      -16.5408024
    Ewald               -85.8892161
    PspCorrection       3.5081636 
    Hartree             29.7313728
    Xc                  -12.7787483
    Entropy             -0.0010934

    total               -121.949457419091

 ──────────────────────────────────────────────────────────────────────────────
                                       Time                   Allocations      
                               ──────────────────────   ───────────────────────
       Tot / % measured:             253s / 99.0%           87.1GiB / 100%     

 Section               ncalls     time   %tot     avg     alloc   %tot      avg
 ──────────────────────────────────────────────────────────────────────────────
 self_consistent_field      1     250s   100%    250s   86.8GiB  100%   86.8GiB
   LOBPCG               2.86k     165s  65.8%  57.6ms   49.4GiB  56.9%  17.7MiB
     Hamiltonian mu...  12.4k     105s  41.8%  8.41ms   6.93GiB  7.98%   585KiB
     block multipli...  45.6k    14.2s  5.67%   311μs   8.43GiB  9.71%   194KiB
     ortho              40.6k    11.5s  4.61%   284μs   8.59GiB  9.89%   222KiB
     rayleigh_ritz      9.57k    11.2s  4.49%  1.17ms   1.37GiB  1.58%   150KiB
   compute_density         17    77.4s  31.0%   4.56s   29.6GiB  34.1%  1.74GiB
   energy_hamiltonian      35    4.53s  1.81%   129ms   7.15GiB  8.24%   209MiB
   KerkerDosMixing         17    718ms  0.29%  42.3ms    141MiB  0.16%  8.31MiB
     KerkerMixing          17    455ms  0.18%  26.8ms    114MiB  0.13%  6.74MiB
   QR orthonormaliz...  2.86k   1.38ms  0.00%   483ns     0.00B  0.00%    0.00B
 ──────────────────────────────────────────────────────────────────────────────

Total time in ns: 251211712962
