Julia version: 1.6.0-DEV.1324

Threading configuration: 
       JULIA_NUM_THREADS:   1
      JULIA_FFTW_THREADS:   2
      JULIA_BLAS_THREADS:   2
Payload:  Fe_scfres_guess.jld2

System facts:
    fft_size:      (30, 30, 30)
    kpoints:       168
    n_electrons:   16
    n_bands:       23

Compiling code ...
Timing SCF ...

n     Free energy       Eₙ-Eₙ₋₁     ρout-ρin   Magnet   Diag
---   ---------------   ---------   --------   ------   ----
  1   -111.8090315840         NaN   5.13e+00    2.000    1.0 
  2   -116.7235557889   -4.91e+00   3.03e+00    2.000    6.0 
  3   -120.7864701208   -4.06e+00   1.12e+00    2.387    5.8 
  4   -121.8708810463   -1.08e+00   2.62e-01    2.625    5.4 
  5   -121.8961982253   -2.53e-02   3.11e-01    2.373    3.2 
  6   -121.9450894727   -4.89e-02   1.65e-01    2.143    2.8 
  7   -121.9131011241    3.20e-02   2.27e-01    2.151    2.5 
  8   -121.9485824733   -3.55e-02   4.08e-02    1.882    2.6 
  9   -121.9494018521   -8.19e-04   1.10e-02    1.908    2.0 
 10   -121.9494537820   -5.19e-05   5.91e-03    1.932    2.6 
 11   -121.9494571621   -3.38e-06   7.28e-04    1.933    2.4 
 12   -121.9494574295   -2.67e-07   2.99e-04    1.929    3.9 
 13   -121.9494574259    3.57e-09   6.56e-05    1.928    3.1 
 14   -121.9494574191    6.81e-09   1.66e-05    1.928    3.0 
 15   -121.9494574189    1.74e-10   2.73e-06    1.928    3.5 
 16   -121.9494574191   -1.82e-10   6.79e-07    1.928    3.8 
 17   -121.9494574191   -1.82e-12   1.89e-07    1.928    3.1 
Energy breakdown:
    Kinetic             59.3814282
    AtomicLocal         -99.3605616
    AtomicNonlocal      -16.5408025
    Ewald               -85.8892161
    PspCorrection       3.5081636 
    Hartree             29.7313728
    Xc                  -12.7787483
    Entropy             -0.0010934

    total               -121.949457419090

 ──────────────────────────────────────────────────────────────────────────────
                                       Time                   Allocations      
                               ──────────────────────   ───────────────────────
       Tot / % measured:             258s / 99.0%           87.1GiB / 100%     

 Section               ncalls     time   %tot     avg     alloc   %tot      avg
 ──────────────────────────────────────────────────────────────────────────────
 self_consistent_field      1     255s   100%    255s   86.8GiB  100%   86.8GiB
   LOBPCG               2.86k     176s  69.0%  61.6ms   49.4GiB  56.9%  17.7MiB
     Hamiltonian mu...  12.4k     116s  45.6%  9.39ms   6.92GiB  7.98%   586KiB
     block multipli...  45.4k    14.2s  5.57%   313μs   8.42GiB  9.70%   194KiB
     ortho              40.4k    11.4s  4.48%   283μs   8.58GiB  9.89%   223KiB
     rayleigh_ritz      9.54k    11.2s  4.40%  1.18ms   1.37GiB  1.58%   151KiB
   compute_density         17    70.9s  27.8%   4.17s   29.6GiB  34.1%  1.74GiB
   energy_hamiltonian      35    4.60s  1.80%   131ms   7.15GiB  8.24%   209MiB
   KerkerDosMixing         17    703ms  0.28%  41.4ms    141MiB  0.16%  8.31MiB
     KerkerMixing          17    456ms  0.18%  26.8ms    114MiB  0.13%  6.74MiB
   QR orthonormaliz...  2.86k   1.38ms  0.00%   482ns     0.00B  0.00%    0.00B
 ──────────────────────────────────────────────────────────────────────────────

Total time in ns: 256142120401
