Julia version: 1.6.0-DEV.1324

Threading configuration: 
       JULIA_NUM_THREADS:   2
      JULIA_FFTW_THREADS:   1
      JULIA_BLAS_THREADS:   1
Payload:  Fe_scfres_guess.jld2

System facts:
    fft_size:      (30, 30, 30)
    kpoints:       168
    n_electrons:   16
    n_bands:       23

Compiling code ...
Timing SCF ...

n     Free energy       Eₙ-Eₙ₋₁     ρout-ρin   Magnet   Diag
---   ---------------   ---------   --------   ------   ----
  1   -111.8084467724         NaN   5.13e+00    2.000    1.0 
  2   -116.7235936021   -4.92e+00   3.03e+00    2.000    6.0 
  3   -120.7864697074   -4.06e+00   1.12e+00    2.387    5.7 
  4   -121.8709116451   -1.08e+00   2.62e-01    2.625    5.4 
  5   -121.8961544026   -2.52e-02   3.11e-01    2.373    3.2 
  6   -121.9451166739   -4.90e-02   1.65e-01    2.143    2.8 
  7   -121.9131366931    3.20e-02   2.27e-01    2.150    2.5 
  8   -121.9485807778   -3.54e-02   4.08e-02    1.882    2.5 
  9   -121.9494018917   -8.21e-04   1.10e-02    1.908    2.0 
 10   -121.9494538124   -5.19e-05   5.90e-03    1.932    2.6 
 11   -121.9494571639   -3.35e-06   7.29e-04    1.933    2.4 
 12   -121.9494574287   -2.65e-07   2.98e-04    1.929    4.0 
 13   -121.9494574260    2.69e-09   6.62e-05    1.928    3.0 
 14   -121.9494574190    6.94e-09   1.65e-05    1.928    3.0 
 15   -121.9494574189    1.12e-10   2.74e-06    1.928    3.6 
 16   -121.9494574191   -1.57e-10   6.54e-07    1.928    3.8 
 17   -121.9494574191   -5.63e-12   2.04e-07    1.928    3.1 
Energy breakdown:
    Kinetic             59.3814281
    AtomicLocal         -99.3605615
    AtomicNonlocal      -16.5408024
    Ewald               -85.8892161
    PspCorrection       3.5081636 
    Hartree             29.7313727
    Xc                  -12.7787483
    Entropy             -0.0010934

    total               -121.949457419093

 ──────────────────────────────────────────────────────────────────────────────
                                       Time                   Allocations      
                               ──────────────────────   ───────────────────────
       Tot / % measured:             214s / 98.8%           51.6GiB / 99.4%    

 Section               ncalls     time   %tot     avg     alloc   %tot      avg
 ──────────────────────────────────────────────────────────────────────────────
 self_consistent_field      1     211s   100%    211s   51.2GiB  100%   51.2GiB
   LOBPCG               2.86k     166s  78.8%  58.2ms   38.6GiB  75.3%  13.8MiB
     Hamiltonian mu...  12.4k     100s  47.2%  8.06ms   6.08GiB  11.9%   516KiB
       kinetic+local    12.4k    92.6s  43.9%  7.50ms    480MiB  0.91%  39.8KiB
       nonlocal         12.4k    5.35s  2.54%   433μs   3.10GiB  6.05%   263KiB
     block multipli...  45.2k    20.6s  9.78%   456μs   8.42GiB  16.4%   195KiB
     rayleigh_ritz      9.50k    11.9s  5.65%  1.26ms   1.37GiB  2.68%   151KiB
     ortho              40.3k    10.8s  5.12%   268μs   1.29GiB  2.51%  33.5KiB
   compute_density         17    36.5s  17.3%   2.15s   4.86GiB  9.48%   292MiB
   energy_hamiltonian      35    4.51s  2.14%   129ms   7.15GiB  13.9%   209MiB
     ene_ops               35    3.82s  1.81%   109ms   4.72GiB  9.22%   138MiB
       ene_ops: xc         35    1.60s  0.76%  45.6ms   2.58GiB  5.03%  75.4MiB
       ene_ops: non...     35    1.38s  0.66%  39.6ms   92.7MiB  0.18%  2.65MiB
       ene_ops: kin...     35    756ms  0.36%  21.6ms   1.96GiB  3.83%  57.4MiB
       ene_ops: har...     35   27.1ms  0.01%   773μs   47.4MiB  0.09%  1.35MiB
       ene_ops: local      35   13.1ms  0.01%   374μs   22.0MiB  0.04%   645KiB
   KerkerDosMixing         17    734ms  0.35%  43.2ms    141MiB  0.27%  8.32MiB
     KerkerMixing          17    466ms  0.22%  27.4ms    114MiB  0.22%  6.73MiB
   QR orthonormaliz...  2.86k   1.32ms  0.00%   463ns     0.00B  0.00%    0.00B
 ──────────────────────────────────────────────────────────────────────────────

Total time in ns: 212067584059
