Julia version: 1.6.0-DEV.1324

Threading configuration: 
       JULIA_NUM_THREADS:   1
      JULIA_FFTW_THREADS:   2
      JULIA_BLAS_THREADS:   4
Payload:  Fe_scfres_guess.jld2

System facts:
    fft_size:      (30, 30, 30)
    kpoints:       168
    n_electrons:   16
    n_bands:       23

Compiling code ...
Timing SCF ...

n     Free energy       Eₙ-Eₙ₋₁     ρout-ρin   Magnet   Diag
---   ---------------   ---------   --------   ------   ----
  1   -111.8090452629         NaN   5.13e+00    2.000    1.0 
  2   -116.7235290896   -4.91e+00   3.03e+00    2.000    6.0 
  3   -120.7864800975   -4.06e+00   1.12e+00    2.387    5.7 
  4   -121.8708772082   -1.08e+00   2.62e-01    2.625    5.3 
  5   -121.8962089955   -2.53e-02   3.11e-01    2.373    3.2 
  6   -121.9450913783   -4.89e-02   1.65e-01    2.143    2.8 
  7   -121.9131904302    3.19e-02   2.27e-01    2.150    2.5 
  8   -121.9485857626   -3.54e-02   4.07e-02    1.882    2.5 
  9   -121.9494018174   -8.16e-04   1.10e-02    1.908    2.0 
 10   -121.9494537618   -5.19e-05   5.92e-03    1.932    2.6 
 11   -121.9494571650   -3.40e-06   7.28e-04    1.933    2.3 
 12   -121.9494574306   -2.66e-07   2.99e-04    1.929    4.0 
 13   -121.9494574258    4.78e-09   6.53e-05    1.928    3.0 
 14   -121.9494574191    6.71e-09   1.66e-05    1.928    3.0 
 15   -121.9494574189    1.87e-10   2.72e-06    1.928    3.5 
 16   -121.9494574191   -2.08e-10   7.31e-07    1.928    3.7 
 17   -121.9494574191    1.02e-11   1.72e-07    1.928    3.1 
Energy breakdown:
    Kinetic             59.3814285
    AtomicLocal         -99.3605620
    AtomicNonlocal      -16.5408025
    Ewald               -85.8892161
    PspCorrection       3.5081636 
    Hartree             29.7313730
    Xc                  -12.7787484
    Entropy             -0.0010934

    total               -121.949457419084

 ──────────────────────────────────────────────────────────────────────────────
                                       Time                   Allocations      
                               ──────────────────────   ───────────────────────
       Tot / % measured:             257s / 99.0%           87.0GiB / 100%     

 Section               ncalls     time   %tot     avg     alloc   %tot      avg
 ──────────────────────────────────────────────────────────────────────────────
 self_consistent_field      1     255s   100%    255s   86.7GiB  100%   86.7GiB
   LOBPCG               2.86k     174s  68.4%  61.0ms   49.3GiB  56.9%  17.7MiB
     Hamiltonian mu...  12.3k     121s  47.4%  9.78ms   6.91GiB  7.97%   587KiB
     ortho              40.2k    11.5s  4.49%   285μs   8.57GiB  9.88%   224KiB
     rayleigh_ritz      9.48k    9.88s  3.88%  1.04ms   1.37GiB  1.58%   151KiB
     block multipli...  45.1k    9.03s  3.54%   200μs   8.40GiB  9.68%   195KiB
   compute_density         17    72.3s  28.4%   4.25s   29.6GiB  34.1%  1.74GiB
   energy_hamiltonian      35    4.51s  1.77%   129ms   7.15GiB  8.25%   209MiB
   KerkerDosMixing         17    757ms  0.30%  44.5ms    141MiB  0.16%  8.31MiB
     KerkerMixing          17    498ms  0.20%  29.3ms    114MiB  0.13%  6.74MiB
   QR orthonormaliz...  2.86k   1.38ms  0.00%   485ns     0.00B  0.00%    0.00B
 ──────────────────────────────────────────────────────────────────────────────

Total time in ns: 255865226726
