Julia version: 1.6.0-DEV.1324

Threading configuration: 
       JULIA_NUM_THREADS:   2
      JULIA_FFTW_THREADS:   1
      JULIA_BLAS_THREADS:   3
Payload:  Fe_scfres_guess.jld2

System facts:
    fft_size:      (30, 30, 30)
    kpoints:       168
    n_electrons:   16
    krange 0:  [1, 2, 3, 4, 5, 6, 7, 8, 9, 10, 11, 12, 13, 14, 15, 16, 17, 18, 19, 20, 21, 22, 23, 24, 25, 26, 27, 28, 29, 30, 31, 32, 33, 34, 35, 36, 37, 38, 39, 40, 41, 42, 43, 44, 45, 46, 47, 48, 49, 50, 51, 52, 53, 54, 55, 56, 57, 58, 59, 60, 61, 62, 63, 64, 65, 66, 67, 68, 69, 70, 71, 72, 73, 74, 75, 76, 77, 78, 79, 80, 81, 82, 83, 84, 85, 86, 87, 88, 89, 90, 91, 92, 93, 94, 95, 96, 97, 98, 99, 100, 101, 102, 103, 104, 105, 106, 107, 108, 109, 110, 111, 112, 113, 114, 115, 116, 117, 118, 119, 120, 121, 122, 123, 124, 125, 126, 127, 128, 129, 130, 131, 132, 133, 134, 135, 136, 137, 138, 139, 140, 141, 142, 143, 144, 145, 146, 147, 148, 149, 150, 151, 152, 153, 154, 155, 156, 157, 158, 159, 160, 161, 162, 163, 164, 165, 166, 167, 168]
    n_bands:       23

Compiling code ...
Timing SCF ...

n     Free energy       Eₙ-Eₙ₋₁     ρout-ρin   Magnet   Diag
---   ---------------   ---------   --------   ------   ----
  1   -111.8084467724         NaN   5.13e+00    2.000    1.0 
  2   -116.7235895574   -4.92e+00   3.03e+00    2.000    6.0 
  3   -120.7864694373   -4.06e+00   1.12e+00    2.387    5.7 
  4   -121.8709111191   -1.08e+00   2.62e-01    2.625    5.4 
  5   -121.8961611867   -2.53e-02   3.11e-01    2.373    3.3 
  6   -121.9451285641   -4.90e-02   1.65e-01    2.142    2.8 
  7   -121.9132186139    3.19e-02   2.27e-01    2.150    2.5 
  8   -121.9485833400   -3.54e-02   4.08e-02    1.882    2.6 
  9   -121.9494018126   -8.18e-04   1.10e-02    1.908    2.0 
 10   -121.9494537844   -5.20e-05   5.91e-03    1.932    2.6 
 11   -121.9494571648   -3.38e-06   7.30e-04    1.933    2.3 
 12   -121.9494574300   -2.65e-07   2.98e-04    1.929    3.9 
 13   -121.9494574260    4.03e-09   6.59e-05    1.928    3.0 
 14   -121.9494574191    6.93e-09   1.64e-05    1.928    3.1 
 15   -121.9494574189    1.52e-10   2.76e-06    1.928    3.4 
 16   -121.9494574191   -1.72e-10   6.57e-07    1.928    3.9 
 17   -121.9494574191   -3.40e-12   2.04e-07    1.928    3.1 
Energy breakdown:
    Kinetic             59.3814282
    AtomicLocal         -99.3605616
    AtomicNonlocal      -16.5408024
    Ewald               -85.8892161
    PspCorrection       3.5081636 
    Hartree             29.7313728
    Xc                  -12.7787483
    Entropy             -0.0010934

    total               -121.949457419092

 ──────────────────────────────────────────────────────────────────────────────
                                       Time                   Allocations      
                               ──────────────────────   ───────────────────────
       Tot / % measured:             176s / 98.6%           51.6GiB / 99.4%    

 Section               ncalls     time   %tot     avg     alloc   %tot      avg
 ──────────────────────────────────────────────────────────────────────────────
 self_consistent_field      1     173s   100%    173s   51.2GiB  100%   51.2GiB
   LOBPCG               2.86k     128s  73.7%  44.7ms   38.6GiB  75.3%  13.8MiB
     Hamiltonian mu...  12.4k    78.8s  45.5%  6.37ms   6.08GiB  11.9%   515KiB
       kinetic+local    12.4k    73.8s  42.6%  5.97ms    480MiB  0.91%  39.7KiB
       nonlocal         12.4k    3.29s  1.90%   266μs   3.10GiB  6.05%   263KiB
     block multipli...  45.3k    10.7s  6.15%   235μs   8.42GiB  16.4%   195KiB
     ortho              40.4k    9.30s  5.37%   230μs   1.29GiB  2.51%  33.5KiB
     rayleigh_ritz      9.52k    8.52s  4.92%   895μs   1.37GiB  2.67%   151KiB
   compute_density         17    37.3s  21.5%   2.19s   4.86GiB  9.48%   292MiB
   energy_hamiltonian      35    4.59s  2.65%   131ms   7.15GiB  13.9%   209MiB
     ene_ops               35    3.78s  2.18%   108ms   4.72GiB  9.22%   138MiB
       ene_ops: xc         35    1.89s  1.09%  54.1ms   2.58GiB  5.03%  75.4MiB
       ene_ops: kin...     35    961ms  0.55%  27.4ms   1.96GiB  3.83%  57.4MiB
       ene_ops: non...     35    834ms  0.48%  23.8ms   92.7MiB  0.18%  2.65MiB
       ene_ops: har...     35   33.4ms  0.02%   955μs   47.4MiB  0.09%  1.35MiB
       ene_ops: local      35   16.2ms  0.01%   463μs   22.0MiB  0.04%   645KiB
   KerkerDosMixing         17    739ms  0.43%  43.5ms    141MiB  0.27%  8.32MiB
     KerkerMixing          17    489ms  0.28%  28.8ms    114MiB  0.22%  6.73MiB
   QR orthonormaliz...  2.86k   1.15ms  0.00%   401ns     0.00B  0.00%    0.00B
 ──────────────────────────────────────────────────────────────────────────────

Total time in ns: 174296156867
