Julia version: 1.6.0-DEV.1324

Threading configuration: 
       JULIA_NUM_THREADS:   2
      JULIA_FFTW_THREADS:   2
      JULIA_BLAS_THREADS:   2
Payload:  Fe_scfres_guess.jld2

System facts:
    fft_size:      (30, 30, 30)
    kpoints:       168
    n_electrons:   16
    krange 0:  [1, 2, 3, 4, 5, 6, 7, 8, 9, 10, 11, 12, 13, 14, 15, 16, 17, 18, 19, 20, 21, 22, 23, 24, 25, 26, 27, 28, 29, 30, 31, 32, 33, 34, 35, 36, 37, 38, 39, 40, 41, 42, 43, 44, 45, 46, 47, 48, 49, 50, 51, 52, 53, 54, 55, 56, 57, 58, 59, 60, 61, 62, 63, 64, 65, 66, 67, 68, 69, 70, 71, 72, 73, 74, 75, 76, 77, 78, 79, 80, 81, 82, 83, 84, 85, 86, 87, 88, 89, 90, 91, 92, 93, 94, 95, 96, 97, 98, 99, 100, 101, 102, 103, 104, 105, 106, 107, 108, 109, 110, 111, 112, 113, 114, 115, 116, 117, 118, 119, 120, 121, 122, 123, 124, 125, 126, 127, 128, 129, 130, 131, 132, 133, 134, 135, 136, 137, 138, 139, 140, 141, 142, 143, 144, 145, 146, 147, 148, 149, 150, 151, 152, 153, 154, 155, 156, 157, 158, 159, 160, 161, 162, 163, 164, 165, 166, 167, 168]
    n_bands:       23

Compiling code ...
Timing SCF ...

n     Free energy       Eₙ-Eₙ₋₁     ρout-ρin   Magnet   Diag
---   ---------------   ---------   --------   ------   ----
  1   -111.8084467724         NaN   5.13e+00    2.000    1.0 
  2   -116.7235914485   -4.92e+00   3.03e+00    2.000    6.0 
  3   -120.7864675808   -4.06e+00   1.12e+00    2.387    5.8 
  4   -121.8709117291   -1.08e+00   2.62e-01    2.625    5.4 
  5   -121.8961577500   -2.52e-02   3.11e-01    2.373    3.2 
  6   -121.9451198804   -4.90e-02   1.65e-01    2.142    2.8 
  7   -121.9131725950    3.19e-02   2.27e-01    2.150    2.5 
  8   -121.9485816955   -3.54e-02   4.08e-02    1.882    2.5 
  9   -121.9494018885   -8.20e-04   1.10e-02    1.908    2.0 
 10   -121.9494537971   -5.19e-05   5.90e-03    1.932    2.6 
 11   -121.9494571650   -3.37e-06   7.28e-04    1.933    2.4 
 12   -121.9494574295   -2.64e-07   2.98e-04    1.929    3.9 
 13   -121.9494574260    3.52e-09   6.60e-05    1.928    3.1 
 14   -121.9494574191    6.95e-09   1.65e-05    1.928    3.0 
 15   -121.9494574189    1.41e-10   2.75e-06    1.928    3.6 
 16   -121.9494574191   -1.72e-10   6.68e-07    1.928    3.7 
 17   -121.9494574191   -3.85e-12   2.08e-07    1.928    3.2 
Energy breakdown:
    Kinetic             59.3814281
    AtomicLocal         -99.3605615
    AtomicNonlocal      -16.5408024
    Ewald               -85.8892161
    PspCorrection       3.5081636 
    Hartree             29.7313727
    Xc                  -12.7787483
    Entropy             -0.0010934

    total               -121.949457419093

 ──────────────────────────────────────────────────────────────────────────────
                                       Time                   Allocations      
                               ──────────────────────   ───────────────────────
       Tot / % measured:             193s / 98.7%           52.9GiB / 99.4%    

 Section               ncalls     time   %tot     avg     alloc   %tot      avg
 ──────────────────────────────────────────────────────────────────────────────
 self_consistent_field      1     190s   100%    190s   52.6GiB  100%   52.6GiB
   LOBPCG               2.86k     143s  75.5%  50.2ms   39.8GiB  75.6%  14.3MiB
     Hamiltonian mu...  12.4k    86.4s  45.5%  6.98ms   7.27GiB  13.8%   615KiB
       kinetic+local    12.4k    80.4s  42.3%  6.49ms   1.66GiB  3.15%   140KiB
       nonlocal         12.4k    4.39s  2.31%   355μs   3.10GiB  5.89%   262KiB
     block multipli...  45.4k    14.4s  7.56%   317μs   8.42GiB  16.0%   194KiB
     rayleigh_ritz      9.53k    11.1s  5.86%  1.17ms   1.37GiB  2.60%   151KiB
     ortho              40.4k    9.54s  5.02%   236μs   1.29GiB  2.44%  33.4KiB
   compute_density         17    38.0s  20.0%   2.24s   5.05GiB  9.60%   304MiB
   energy_hamiltonian      35    4.94s  2.60%   141ms   7.15GiB  13.6%   209MiB
     ene_ops               35    4.14s  2.18%   118ms   4.73GiB  8.98%   138MiB
       ene_ops: xc         35    1.92s  1.01%  55.0ms   2.58GiB  4.91%  75.6MiB
       ene_ops: non...     35    1.12s  0.59%  32.1ms   92.7MiB  0.17%  2.65MiB
       ene_ops: kin...     35    1.01s  0.53%  28.7ms   1.96GiB  3.73%  57.4MiB
       ene_ops: har...     35   33.5ms  0.02%   958μs   47.5MiB  0.09%  1.36MiB
       ene_ops: local      35   21.5ms  0.01%   615μs   22.1MiB  0.04%   646KiB
   KerkerDosMixing         17    725ms  0.38%  42.6ms    142MiB  0.26%  8.33MiB
     KerkerMixing          17    476ms  0.25%  28.0ms    114MiB  0.21%  6.73MiB
   QR orthonormaliz...  2.86k   1.10ms  0.00%   384ns     0.00B  0.00%    0.00B
 ──────────────────────────────────────────────────────────────────────────────

Total time in ns: 191105151210
