Julia version: 1.6.0-DEV.1324

Threading configuration: 
       JULIA_NUM_THREADS:   2
      JULIA_FFTW_THREADS:   2
      JULIA_BLAS_THREADS:   4
Payload:  Fe_scfres_guess.jld2

System facts:
    fft_size:      (30, 30, 30)
    kpoints:       168
    n_electrons:   16
    krange 0:  [1, 2, 3, 4, 5, 6, 7, 8, 9, 10, 11, 12, 13, 14, 15, 16, 17, 18, 19, 20, 21, 22, 23, 24, 25, 26, 27, 28, 29, 30, 31, 32, 33, 34, 35, 36, 37, 38, 39, 40, 41, 42, 43, 44, 45, 46, 47, 48, 49, 50, 51, 52, 53, 54, 55, 56, 57, 58, 59, 60, 61, 62, 63, 64, 65, 66, 67, 68, 69, 70, 71, 72, 73, 74, 75, 76, 77, 78, 79, 80, 81, 82, 83, 84, 85, 86, 87, 88, 89, 90, 91, 92, 93, 94, 95, 96, 97, 98, 99, 100, 101, 102, 103, 104, 105, 106, 107, 108, 109, 110, 111, 112, 113, 114, 115, 116, 117, 118, 119, 120, 121, 122, 123, 124, 125, 126, 127, 128, 129, 130, 131, 132, 133, 134, 135, 136, 137, 138, 139, 140, 141, 142, 143, 144, 145, 146, 147, 148, 149, 150, 151, 152, 153, 154, 155, 156, 157, 158, 159, 160, 161, 162, 163, 164, 165, 166, 167, 168]
    n_bands:       23

Compiling code ...
Timing SCF ...

n     Free energy       Eₙ-Eₙ₋₁     ρout-ρin   Magnet   Diag
---   ---------------   ---------   --------   ------   ----
  1   -111.8084467724         NaN   5.13e+00    2.000    1.0 
  2   -116.7236014664   -4.92e+00   3.03e+00    2.000    6.0 
  3   -120.7864584236   -4.06e+00   1.12e+00    2.387    5.7 
  4   -121.8709180340   -1.08e+00   2.61e-01    2.625    5.4 
  5   -121.8961469211   -2.52e-02   3.11e-01    2.373    3.3 
  6   -121.9451298775   -4.90e-02   1.65e-01    2.142    2.8 
  7   -121.9132004904    3.19e-02   2.27e-01    2.150    2.5 
  8   -121.9485818316   -3.54e-02   4.08e-02    1.882    2.6 
  9   -121.9494018852   -8.20e-04   1.10e-02    1.908    2.0 
 10   -121.9494538019   -5.19e-05   5.90e-03    1.932    2.6 
 11   -121.9494571629   -3.36e-06   7.28e-04    1.933    2.3 
 12   -121.9494574291   -2.66e-07   2.99e-04    1.929    4.0 
 13   -121.9494574258    3.30e-09   6.56e-05    1.928    3.1 
 14   -121.9494574191    6.77e-09   1.65e-05    1.928    3.1 
 15   -121.9494574189    1.64e-10   2.73e-06    1.928    3.4 
 16   -121.9494574191   -1.80e-10   6.84e-07    1.928    3.8 
 17   -121.9494574191    3.00e-12   1.81e-07    1.928    3.2 
Energy breakdown:
    Kinetic             59.3814283
    AtomicLocal         -99.3605618
    AtomicNonlocal      -16.5408025
    Ewald               -85.8892161
    PspCorrection       3.5081636 
    Hartree             29.7313729
    Xc                  -12.7787483
    Entropy             -0.0010934

    total               -121.949457419088

 ──────────────────────────────────────────────────────────────────────────────
                                       Time                   Allocations      
                               ──────────────────────   ───────────────────────
       Tot / % measured:             189s / 98.6%           52.9GiB / 99.4%    

 Section               ncalls     time   %tot     avg     alloc   %tot      avg
 ──────────────────────────────────────────────────────────────────────────────
 self_consistent_field      1     186s   100%    186s   52.6GiB  100%   52.6GiB
   LOBPCG               2.86k     139s  74.5%  48.5ms   39.7GiB  75.6%  14.3MiB
     Hamiltonian mu...  12.4k    87.5s  47.0%  7.07ms   7.26GiB  13.8%   616KiB
       kinetic+local    12.4k    82.0s  44.1%  6.63ms   1.66GiB  3.15%   140KiB
       nonlocal         12.4k    3.09s  1.66%   250μs   3.10GiB  5.89%   263KiB
     rayleigh_ritz      9.52k    10.1s  5.44%  1.06ms   1.37GiB  2.60%   151KiB
     block multipli...  45.3k    9.84s  5.29%   217μs   8.41GiB  16.0%   195KiB
     ortho              40.4k    9.12s  4.90%   226μs   1.29GiB  2.44%  33.4KiB
   compute_density         17    38.7s  20.8%   2.27s   5.05GiB  9.60%   304MiB
   energy_hamiltonian      35    4.78s  2.57%   136ms   7.15GiB  13.6%   209MiB
     ene_ops               35    3.99s  2.15%   114ms   4.73GiB  8.99%   138MiB
       ene_ops: xc         35    1.92s  1.03%  55.0ms   2.58GiB  4.91%  75.6MiB
       ene_ops: kin...     35    1.14s  0.61%  32.4ms   1.96GiB  3.73%  57.4MiB
       ene_ops: non...     35    834ms  0.45%  23.8ms   92.7MiB  0.17%  2.65MiB
       ene_ops: har...     35   37.0ms  0.02%  1.06ms   47.5MiB  0.09%  1.36MiB
       ene_ops: local      35   21.6ms  0.01%   618μs   22.1MiB  0.04%   646KiB
   KerkerDosMixing         17    772ms  0.41%  45.4ms    142MiB  0.26%  8.33MiB
     KerkerMixing          17    507ms  0.27%  29.8ms    114MiB  0.21%  6.73MiB
   QR orthonormaliz...  2.86k   1.59ms  0.00%   557ns     0.00B  0.00%    0.00B
 ──────────────────────────────────────────────────────────────────────────────

Total time in ns: 187136110477
