Julia version: 1.6.0-DEV.1324

Threading configuration: 
       JULIA_NUM_THREADS:   3
      JULIA_FFTW_THREADS:   2
      JULIA_BLAS_THREADS:   3
Payload:  Fe_scfres_guess.jld2

System facts:
    fft_size:      (30, 30, 30)
    kpoints:       168
    n_electrons:   16
    n_bands:       23

Compiling code ...
Timing SCF ...

n     Free energy       Eₙ-Eₙ₋₁     ρout-ρin   Magnet   Diag
---   ---------------   ---------   --------   ------   ----
  1   -111.8084467724         NaN   5.13e+00    2.000    1.0 
  2   -116.7236073031   -4.92e+00   3.03e+00    2.000    6.0 
  3   -120.7864623674   -4.06e+00   1.12e+00    2.387    5.7 
  4   -121.8709139525   -1.08e+00   2.61e-01    2.625    5.4 
  5   -121.8961587302   -2.52e-02   3.11e-01    2.373    3.2 
  6   -121.9451278001   -4.90e-02   1.65e-01    2.142    2.8 
  7   -121.9132098861    3.19e-02   2.27e-01    2.150    2.5 
  8   -121.9485823741   -3.54e-02   4.08e-02    1.882    2.6 
  9   -121.9494018537   -8.19e-04   1.10e-02    1.908    2.0 
 10   -121.9494538073   -5.20e-05   5.89e-03    1.932    2.6 
 11   -121.9494571646   -3.36e-06   7.29e-04    1.933    2.4 
 12   -121.9494574291   -2.65e-07   2.98e-04    1.929    3.9 
 13   -121.9494574259    3.26e-09   6.56e-05    1.928    3.1 
 14   -121.9494574191    6.79e-09   1.65e-05    1.928    3.0 
 15   -121.9494574189    1.48e-10   2.72e-06    1.928    3.6 
 16   -121.9494574191   -1.75e-10   6.78e-07    1.928    3.7 
 17   -121.9494574191   -1.44e-12   1.88e-07    1.928    3.1 
Energy breakdown:
    Kinetic             59.3814282
    AtomicLocal         -99.3605617
    AtomicNonlocal      -16.5408025
    Ewald               -85.8892161
    PspCorrection       3.5081636 
    Hartree             29.7313728
    Xc                  -12.7787483
    Entropy             -0.0010934

    total               -121.949457419090

 ──────────────────────────────────────────────────────────────────────────────
                                       Time                   Allocations      
                               ──────────────────────   ───────────────────────
       Tot / % measured:             148s / 98.3%           54.7GiB / 99.4%    

 Section               ncalls     time   %tot     avg     alloc   %tot      avg
 ──────────────────────────────────────────────────────────────────────────────
 self_consistent_field      1     146s   100%    146s   54.4GiB  100%   54.4GiB
   LOBPCG               2.86k     111s  76.3%  38.9ms   39.8GiB  73.1%  14.3MiB
     Hamiltonian mu...  12.4k    64.0s  43.9%  5.17ms   7.27GiB  13.4%   617KiB
       kinetic+local    12.4k    59.2s  40.7%  4.79ms   1.66GiB  3.06%   141KiB
       nonlocal         12.4k    3.14s  2.15%   254μs   3.10GiB  5.69%   263KiB
     block multipli...  45.3k    10.3s  7.05%   227μs   8.41GiB  15.5%   195KiB
     ortho              40.3k    9.14s  6.28%   227μs   1.29GiB  2.37%  33.5KiB
     rayleigh_ritz      9.51k    8.72s  5.99%   917μs   1.37GiB  2.52%   151KiB
   compute_density         17    27.0s  18.5%   1.59s   6.81GiB  12.5%   410MiB
   energy_hamiltonian      35    3.95s  2.71%   113ms   7.16GiB  13.2%   210MiB
     ene_ops               35    3.28s  2.25%  93.7ms   4.73GiB  8.69%   138MiB
       ene_ops: xc         35    1.64s  1.13%  47.0ms   2.58GiB  4.75%  75.6MiB
       ene_ops: kin...     35    789ms  0.54%  22.5ms   1.96GiB  3.61%  57.4MiB
       ene_ops: non...     35    765ms  0.53%  21.8ms   92.7MiB  0.17%  2.65MiB
       ene_ops: har...     35   25.6ms  0.02%   730μs   47.5MiB  0.09%  1.36MiB
       ene_ops: local      35   23.2ms  0.02%   663μs   22.1MiB  0.04%   646KiB
   KerkerDosMixing         17    738ms  0.51%  43.4ms    142MiB  0.25%  8.33MiB
     KerkerMixing          17    488ms  0.34%  28.7ms    114MiB  0.21%  6.73MiB
   QR orthonormaliz...  2.86k   1.44ms  0.00%   504ns     0.00B  0.00%    0.00B
 ──────────────────────────────────────────────────────────────────────────────

Total time in ns: 146627771874
