Julia version: 1.6.0-DEV.1324

Threading configuration: 
       JULIA_NUM_THREADS:   3
      JULIA_FFTW_THREADS:   2
      JULIA_BLAS_THREADS:   4
Payload:  Fe_scfres_guess.jld2

System facts:
    fft_size:      (30, 30, 30)
    kpoints:       168
    n_electrons:   16
    n_bands:       23

Compiling code ...
Timing SCF ...

n     Free energy       Eₙ-Eₙ₋₁     ρout-ρin   Magnet   Diag
---   ---------------   ---------   --------   ------   ----
  1   -111.8084467724         NaN   5.13e+00    2.000    1.0 
  2   -116.7235997378   -4.92e+00   3.03e+00    2.000    6.0 
  3   -120.7864546131   -4.06e+00   1.12e+00    2.387    5.7 
  4   -121.8709183687   -1.08e+00   2.61e-01    2.625    5.4 
  5   -121.8961425594   -2.52e-02   3.11e-01    2.373    3.2 
  6   -121.9451294712   -4.90e-02   1.65e-01    2.142    2.9 
  7   -121.9131851642    3.19e-02   2.27e-01    2.150    2.5 
  8   -121.9485793003   -3.54e-02   4.08e-02    1.882    2.6 
  9   -121.9494018562   -8.23e-04   1.10e-02    1.908    2.0 
 10   -121.9494537750   -5.19e-05   5.91e-03    1.932    2.5 
 11   -121.9494571637   -3.39e-06   7.30e-04    1.933    2.4 
 12   -121.9494574294   -2.66e-07   3.00e-04    1.929    3.9 
 13   -121.9494574260    3.42e-09   6.60e-05    1.928    3.1 
 14   -121.9494574191    6.89e-09   1.65e-05    1.928    3.0 
 15   -121.9494574189    1.75e-10   2.74e-06    1.928    3.5 
 16   -121.9494574191   -1.77e-10   6.83e-07    1.928    3.7 
 17   -121.9494574191    7.11e-13   1.88e-07    1.928    3.2 
Energy breakdown:
    Kinetic             59.3814282
    AtomicLocal         -99.3605617
    AtomicNonlocal      -16.5408025
    Ewald               -85.8892161
    PspCorrection       3.5081636 
    Hartree             29.7313728
    Xc                  -12.7787483
    Entropy             -0.0010934

    total               -121.949457419090

 ──────────────────────────────────────────────────────────────────────────────
                                       Time                   Allocations      
                               ──────────────────────   ───────────────────────
       Tot / % measured:             151s / 98.3%           54.7GiB / 99.4%    

 Section               ncalls     time   %tot     avg     alloc   %tot      avg
 ──────────────────────────────────────────────────────────────────────────────
 self_consistent_field      1     148s   100%    148s   54.4GiB  100%   54.4GiB
   LOBPCG               2.86k     114s  76.7%  39.8ms   39.7GiB  73.1%  14.2MiB
     Hamiltonian mu...  12.4k    64.6s  43.6%  5.23ms   7.26GiB  13.4%   617KiB
       kinetic+local    12.4k    60.2s  40.6%  4.87ms   1.66GiB  3.06%   141KiB
       nonlocal         12.4k    2.94s  1.98%   238μs   3.10GiB  5.69%   263KiB
     rayleigh_ritz      9.49k    10.2s  6.87%  1.07ms   1.37GiB  2.52%   151KiB
     block multipli...  45.2k    9.35s  6.31%   207μs   8.40GiB  15.4%   195KiB
     ortho              40.2k    9.18s  6.19%   228μs   1.28GiB  2.36%  33.5KiB
   compute_density         17    26.6s  17.9%   1.57s   6.81GiB  12.5%   410MiB
   energy_hamiltonian      35    4.19s  2.83%   120ms   7.16GiB  13.2%   210MiB
     ene_ops               35    3.49s  2.35%   100ms   4.73GiB  8.70%   138MiB
       ene_ops: xc         35    1.73s  1.17%  49.4ms   2.58GiB  4.75%  75.6MiB
       ene_ops: non...     35    850ms  0.57%  24.3ms   92.7MiB  0.17%  2.65MiB
       ene_ops: kin...     35    827ms  0.56%  23.6ms   1.96GiB  3.61%  57.4MiB
       ene_ops: har...     35   28.4ms  0.02%   810μs   47.5MiB  0.09%  1.36MiB
       ene_ops: local      35   14.0ms  0.01%   401μs   22.1MiB  0.04%   646KiB
   KerkerDosMixing         17    748ms  0.50%  44.0ms    142MiB  0.25%  8.33MiB
     KerkerMixing          17    498ms  0.34%  29.3ms    114MiB  0.21%  6.73MiB
   QR orthonormaliz...  2.86k   1.10ms  0.00%   384ns     0.00B  0.00%    0.00B
 ──────────────────────────────────────────────────────────────────────────────

Total time in ns: 149316931952
