Julia version: 1.6.0-DEV.1324

Threading configuration: 
       JULIA_NUM_THREADS:   1
      JULIA_FFTW_THREADS:   3
      JULIA_BLAS_THREADS:   2
Payload:  Fe_scfres_guess.jld2

System facts:
    fft_size:      (30, 30, 30)
    kpoints:       168
    n_electrons:   16
    n_bands:       23

Compiling code ...
Timing SCF ...

n     Free energy       Eₙ-Eₙ₋₁     ρout-ρin   Magnet   Diag
---   ---------------   ---------   --------   ------   ----
  1   -111.8090452629         NaN   5.13e+00    2.000    1.0 
  2   -116.7235257280   -4.91e+00   3.03e+00    2.000    6.1 
  3   -120.7864791219   -4.06e+00   1.12e+00    2.387    5.7 
  4   -121.8708774053   -1.08e+00   2.62e-01    2.625    5.4 
  5   -121.8962076049   -2.53e-02   3.11e-01    2.373    3.3 
  6   -121.9450830393   -4.89e-02   1.66e-01    2.143    2.8 
  7   -121.9131147978    3.20e-02   2.27e-01    2.150    2.4 
  8   -121.9485844231   -3.55e-02   4.08e-02    1.882    2.5 
  9   -121.9494018385   -8.17e-04   1.10e-02    1.908    2.0 
 10   -121.9494538026   -5.20e-05   5.91e-03    1.932    2.6 
 11   -121.9494571642   -3.36e-06   7.30e-04    1.933    2.3 
 12   -121.9494574288   -2.65e-07   2.99e-04    1.929    4.0 
 13   -121.9494574261    2.66e-09   6.62e-05    1.928    3.1 
 14   -121.9494574190    7.05e-09   1.64e-05    1.928    3.0 
 15   -121.9494574189    1.27e-10   2.75e-06    1.928    3.5 
 16   -121.9494574191   -1.71e-10   6.67e-07    1.928    3.8 
 17   -121.9494574191   -1.38e-12   1.94e-07    1.928    3.1 
Energy breakdown:
    Kinetic             59.3814282
    AtomicLocal         -99.3605616
    AtomicNonlocal      -16.5408024
    Ewald               -85.8892161
    PspCorrection       3.5081636 
    Hartree             29.7313727
    Xc                  -12.7787483
    Entropy             -0.0010934

    total               -121.949457419091

 ──────────────────────────────────────────────────────────────────────────────
                                       Time                   Allocations      
                               ──────────────────────   ───────────────────────
       Tot / % measured:             255s / 99.0%           87.1GiB / 100%     

 Section               ncalls     time   %tot     avg     alloc   %tot      avg
 ──────────────────────────────────────────────────────────────────────────────
 self_consistent_field      1     253s   100%    253s   86.8GiB  100%   86.8GiB
   LOBPCG               2.86k     167s  66.0%  58.3ms   49.4GiB  56.9%  17.7MiB
     Hamiltonian mu...  12.4k     105s  41.5%  8.46ms   6.92GiB  7.98%   586KiB
     block multipli...  45.4k    14.8s  5.86%   326μs   8.42GiB  9.70%   195KiB
     ortho              40.4k    12.1s  4.77%   299μs   8.58GiB  9.89%   223KiB
     rayleigh_ritz      9.52k    11.4s  4.50%  1.19ms   1.37GiB  1.58%   151KiB
   compute_density         17    77.6s  30.7%   4.56s   29.6GiB  34.1%  1.74GiB
   energy_hamiltonian      35    4.80s  1.90%   137ms   7.15GiB  8.24%   209MiB
   KerkerDosMixing         17    702ms  0.28%  41.3ms    141MiB  0.16%  8.31MiB
     KerkerMixing          17    456ms  0.18%  26.8ms    114MiB  0.13%  6.74MiB
   QR orthonormaliz...  2.86k   1.57ms  0.00%   550ns     0.00B  0.00%    0.00B
 ──────────────────────────────────────────────────────────────────────────────

Total time in ns: 253597091336
