Julia version: 1.6.0-DEV.1324

Threading configuration: 
       JULIA_NUM_THREADS:   3
      JULIA_FFTW_THREADS:   2
      JULIA_BLAS_THREADS:   2
Payload:  Fe_scfres_guess.jld2

System facts:
    fft_size:      (30, 30, 30)
    kpoints:       168
    n_electrons:   16
    krange 0:  [1, 2, 3, 4, 5, 6, 7, 8, 9, 10, 11, 12, 13, 14, 15, 16, 17, 18, 19, 20, 21, 22, 23, 24, 25, 26, 27, 28, 29, 30, 31, 32, 33, 34, 35, 36, 37, 38, 39, 40, 41, 42, 43, 44, 45, 46, 47, 48, 49, 50, 51, 52, 53, 54, 55, 56, 57, 58, 59, 60, 61, 62, 63, 64, 65, 66, 67, 68, 69, 70, 71, 72, 73, 74, 75, 76, 77, 78, 79, 80, 81, 82, 83, 84, 85, 86, 87, 88, 89, 90, 91, 92, 93, 94, 95, 96, 97, 98, 99, 100, 101, 102, 103, 104, 105, 106, 107, 108, 109, 110, 111, 112, 113, 114, 115, 116, 117, 118, 119, 120, 121, 122, 123, 124, 125, 126, 127, 128, 129, 130, 131, 132, 133, 134, 135, 136, 137, 138, 139, 140, 141, 142, 143, 144, 145, 146, 147, 148, 149, 150, 151, 152, 153, 154, 155, 156, 157, 158, 159, 160, 161, 162, 163, 164, 165, 166, 167, 168]
    n_bands:       23

Compiling code ...
Timing SCF ...

n     Free energy       Eₙ-Eₙ₋₁     ρout-ρin   Magnet   Diag
---   ---------------   ---------   --------   ------   ----
  1   -111.8084467724         NaN   5.13e+00    2.000    1.0 
  2   -116.7235941145   -4.92e+00   3.03e+00    2.000    6.0 
  3   -120.7864651109   -4.06e+00   1.12e+00    2.387    5.7 
  4   -121.8709121453   -1.08e+00   2.62e-01    2.625    5.4 
  5   -121.8961565733   -2.52e-02   3.11e-01    2.373    3.3 
  6   -121.9451204705   -4.90e-02   1.65e-01    2.142    2.8 
  7   -121.9131512917    3.20e-02   2.27e-01    2.150    2.5 
  8   -121.9485806278   -3.54e-02   4.08e-02    1.882    2.5 
  9   -121.9494018775   -8.21e-04   1.10e-02    1.908    2.0 
 10   -121.9494537952   -5.19e-05   5.90e-03    1.932    2.6 
 11   -121.9494571632   -3.37e-06   7.29e-04    1.933    2.4 
 12   -121.9494574291   -2.66e-07   2.99e-04    1.929    4.0 
 13   -121.9494574260    3.06e-09   6.61e-05    1.928    3.1 
 14   -121.9494574191    6.94e-09   1.65e-05    1.928    3.1 
 15   -121.9494574189    1.59e-10   2.74e-06    1.928    3.5 
 16   -121.9494574191   -1.76e-10   6.77e-07    1.928    3.7 
 17   -121.9494574191   -1.26e-12   1.88e-07    1.928    3.1 
Energy breakdown:
    Kinetic             59.3814282
    AtomicLocal         -99.3605616
    AtomicNonlocal      -16.5408025
    Ewald               -85.8892161
    PspCorrection       3.5081636 
    Hartree             29.7313728
    Xc                  -12.7787483
    Entropy             -0.0010934

    total               -121.949457419090

 ──────────────────────────────────────────────────────────────────────────────
                                       Time                   Allocations      
                               ──────────────────────   ───────────────────────
       Tot / % measured:             160s / 98.4%           54.7GiB / 99.4%    

 Section               ncalls     time   %tot     avg     alloc   %tot      avg
 ──────────────────────────────────────────────────────────────────────────────
 self_consistent_field      1     157s   100%    157s   54.4GiB  100%   54.4GiB
   LOBPCG               2.86k     122s  77.7%  42.8ms   39.8GiB  73.1%  14.3MiB
     Hamiltonian mu...  12.4k    64.4s  40.9%  5.20ms   7.27GiB  13.4%   616KiB
       kinetic+local    12.4k    58.7s  37.2%  4.74ms   1.66GiB  3.06%   141KiB
       nonlocal         12.4k    4.19s  2.66%   338μs   3.10GiB  5.69%   263KiB
     block multipli...  45.3k    14.5s  9.22%   320μs   8.41GiB  15.5%   195KiB
     rayleigh_ritz      9.52k    11.3s  7.15%  1.18ms   1.37GiB  2.52%   151KiB
     ortho              40.4k    9.62s  6.11%   238μs   1.29GiB  2.36%  33.4KiB
   compute_density         17    27.1s  17.2%   1.59s   6.81GiB  12.5%   410MiB
   energy_hamiltonian      35    4.33s  2.75%   124ms   7.16GiB  13.2%   210MiB
     ene_ops               35    3.59s  2.28%   103ms   4.73GiB  8.69%   138MiB
       ene_ops: xc         35    1.57s  1.00%  45.0ms   2.58GiB  4.75%  75.6MiB
       ene_ops: non...     35    1.16s  0.74%  33.3ms   92.7MiB  0.17%  2.65MiB
       ene_ops: kin...     35    778ms  0.49%  22.2ms   1.96GiB  3.61%  57.4MiB
       ene_ops: har...     35   25.0ms  0.02%   713μs   47.5MiB  0.09%  1.36MiB
       ene_ops: local      35   13.8ms  0.01%   393μs   22.1MiB  0.04%   646KiB
   KerkerDosMixing         17    734ms  0.47%  43.2ms    142MiB  0.25%  8.33MiB
     KerkerMixing          17    476ms  0.30%  28.0ms    114MiB  0.21%  6.73MiB
   QR orthonormaliz...  2.86k   1.31ms  0.00%   459ns     0.00B  0.00%    0.00B
 ──────────────────────────────────────────────────────────────────────────────

Total time in ns: 158564365221
