Julia version: 1.6.0-DEV.1324

Threading configuration: 
       JULIA_NUM_THREADS:   3
      JULIA_FFTW_THREADS:   2
      JULIA_BLAS_THREADS:   1
Payload:  Fe_scfres_guess.jld2

System facts:
    fft_size:      (30, 30, 30)
    kpoints:       168
    n_electrons:   16
    krange 0:  [1, 2, 3, 4, 5, 6, 7, 8, 9, 10, 11, 12, 13, 14, 15, 16, 17, 18, 19, 20, 21, 22, 23, 24, 25, 26, 27, 28, 29, 30, 31, 32, 33, 34, 35, 36, 37, 38, 39, 40, 41, 42, 43, 44, 45, 46, 47, 48, 49, 50, 51, 52, 53, 54, 55, 56, 57, 58, 59, 60, 61, 62, 63, 64, 65, 66, 67, 68, 69, 70, 71, 72, 73, 74, 75, 76, 77, 78, 79, 80, 81, 82, 83, 84, 85, 86, 87, 88, 89, 90, 91, 92, 93, 94, 95, 96, 97, 98, 99, 100, 101, 102, 103, 104, 105, 106, 107, 108, 109, 110, 111, 112, 113, 114, 115, 116, 117, 118, 119, 120, 121, 122, 123, 124, 125, 126, 127, 128, 129, 130, 131, 132, 133, 134, 135, 136, 137, 138, 139, 140, 141, 142, 143, 144, 145, 146, 147, 148, 149, 150, 151, 152, 153, 154, 155, 156, 157, 158, 159, 160, 161, 162, 163, 164, 165, 166, 167, 168]
    n_bands:       23

Compiling code ...
Timing SCF ...

n     Free energy       Eₙ-Eₙ₋₁     ρout-ρin   Magnet   Diag
---   ---------------   ---------   --------   ------   ----
  1   -111.8084467724         NaN   5.13e+00    2.000    1.0 
  2   -116.7236005929   -4.92e+00   3.03e+00    2.000    6.0 
  3   -120.7864607646   -4.06e+00   1.12e+00    2.387    5.7 
  4   -121.8709162578   -1.08e+00   2.61e-01    2.625    5.4 
  5   -121.8961478713   -2.52e-02   3.11e-01    2.373    3.3 
  6   -121.9451261385   -4.90e-02   1.65e-01    2.142    2.8 
  7   -121.9132037671    3.19e-02   2.27e-01    2.150    2.5 
  8   -121.9485820166   -3.54e-02   4.08e-02    1.882    2.6 
  9   -121.9494018423   -8.20e-04   1.10e-02    1.908    2.0 
 10   -121.9494537946   -5.20e-05   5.90e-03    1.932    2.6 
 11   -121.9494571639   -3.37e-06   7.29e-04    1.933    2.3 
 12   -121.9494574293   -2.65e-07   2.98e-04    1.929    4.0 
 13   -121.9494574259    3.39e-09   6.59e-05    1.928    3.1 
 14   -121.9494574191    6.88e-09   1.65e-05    1.928    3.0 
 15   -121.9494574189    1.41e-10   2.74e-06    1.928    3.5 
 16   -121.9494574191   -1.71e-10   6.73e-07    1.928    3.7 
 17   -121.9494574191   -1.07e-12   1.91e-07    1.928    3.2 
Energy breakdown:
    Kinetic             59.3814282
    AtomicLocal         -99.3605616
    AtomicNonlocal      -16.5408025
    Ewald               -85.8892161
    PspCorrection       3.5081636 
    Hartree             29.7313728
    Xc                  -12.7787483
    Entropy             -0.0010934

    total               -121.949457419091

 ──────────────────────────────────────────────────────────────────────────────
                                       Time                   Allocations      
                               ──────────────────────   ───────────────────────
       Tot / % measured:             182s / 98.5%           54.7GiB / 99.4%    

 Section               ncalls     time   %tot     avg     alloc   %tot      avg
 ──────────────────────────────────────────────────────────────────────────────
 self_consistent_field      1     179s   100%    179s   54.4GiB  100%   54.4GiB
   LOBPCG               2.86k     144s  80.2%  50.4ms   39.8GiB  73.1%  14.3MiB
     Hamiltonian mu...  12.4k    74.3s  41.4%  6.00ms   7.28GiB  13.4%   616KiB
       kinetic+local    12.4k    67.3s  37.5%  5.43ms   1.67GiB  3.06%   141KiB
       nonlocal         12.4k    5.51s  3.07%   444μs   3.10GiB  5.70%   262KiB
     block multipli...  45.4k    22.1s  12.3%   487μs   8.42GiB  15.5%   194KiB
     rayleigh_ritz      9.53k    12.2s  6.82%  1.28ms   1.37GiB  2.52%   151KiB
     ortho              40.4k    11.1s  6.19%   275μs   1.29GiB  2.37%  33.4KiB
   compute_density         17    26.8s  14.9%   1.58s   6.81GiB  12.5%   410MiB
   energy_hamiltonian      35    4.91s  2.74%   140ms   7.16GiB  13.2%   210MiB
     ene_ops               35    4.23s  2.35%   121ms   4.73GiB  8.69%   138MiB
       ene_ops: xc         35    1.80s  1.01%  51.6ms   2.58GiB  4.74%  75.6MiB
       ene_ops: non...     35    1.49s  0.83%  42.5ms   92.7MiB  0.17%  2.65MiB
       ene_ops: kin...     35    852ms  0.47%  24.3ms   1.96GiB  3.60%  57.4MiB
       ene_ops: har...     35   28.0ms  0.02%   801μs   47.5MiB  0.09%  1.36MiB
       ene_ops: local      35   15.4ms  0.01%   441μs   22.1MiB  0.04%   646KiB
   KerkerDosMixing         17    779ms  0.43%  45.8ms    142MiB  0.25%  8.33MiB
     KerkerMixing          17    515ms  0.29%  30.3ms    114MiB  0.21%  6.73MiB
   QR orthonormaliz...  2.86k   1.77ms  0.00%   620ns     0.00B  0.00%    0.00B
 ──────────────────────────────────────────────────────────────────────────────

Total time in ns: 180627224851
