Julia version: 1.6.0-DEV.1324

Threading configuration: 
       JULIA_NUM_THREADS:   3
      JULIA_FFTW_THREADS:   1
      JULIA_BLAS_THREADS:   4
Payload:  Fe_scfres_guess.jld2

System facts:
    fft_size:      (30, 30, 30)
    kpoints:       168
    n_electrons:   16
    n_bands:       23

Compiling code ...
Timing SCF ...

n     Free energy       Eₙ-Eₙ₋₁     ρout-ρin   Magnet   Diag
---   ---------------   ---------   --------   ------   ----
  1   -111.8084467724         NaN   5.13e+00    2.000    1.0 
  2   -116.7235888041   -4.92e+00   3.03e+00    2.000    6.0 
  3   -120.7864634075   -4.06e+00   1.12e+00    2.387    5.7 
  4   -121.8709129276   -1.08e+00   2.61e-01    2.625    5.4 
  5   -121.8961537662   -2.52e-02   3.11e-01    2.373    3.3 
  6   -121.9451229740   -4.90e-02   1.65e-01    2.142    2.9 
  7   -121.9131845709    3.19e-02   2.27e-01    2.150    2.5 
  8   -121.9485811190   -3.54e-02   4.08e-02    1.882    2.5 
  9   -121.9494018605   -8.21e-04   1.10e-02    1.908    2.0 
 10   -121.9494537931   -5.19e-05   5.89e-03    1.932    2.6 
 11   -121.9494571640   -3.37e-06   7.28e-04    1.933    2.3 
 12   -121.9494574293   -2.65e-07   2.99e-04    1.929    4.0 
 13   -121.9494574260    3.30e-09   6.55e-05    1.928    3.0 
 14   -121.9494574191    6.90e-09   1.64e-05    1.928    3.1 
 15   -121.9494574189    1.36e-10   2.75e-06    1.928    3.5 
 16   -121.9494574191   -1.75e-10   6.76e-07    1.928    3.7 
 17   -121.9494574191    2.53e-12   1.89e-07    1.928    3.1 
Energy breakdown:
    Kinetic             59.3814283
    AtomicLocal         -99.3605617
    AtomicNonlocal      -16.5408025
    Ewald               -85.8892161
    PspCorrection       3.5081636 
    Hartree             29.7313728
    Xc                  -12.7787483
    Entropy             -0.0010934

    total               -121.949457419089

 ──────────────────────────────────────────────────────────────────────────────
                                       Time                   Allocations      
                               ──────────────────────   ───────────────────────
       Tot / % measured:             144s / 98.2%           53.3GiB / 99.4%    

 Section               ncalls     time   %tot     avg     alloc   %tot      avg
 ──────────────────────────────────────────────────────────────────────────────
 self_consistent_field      1     142s   100%    142s   53.0GiB  100%   53.0GiB
   LOBPCG               2.86k     107s  75.7%  37.6ms   38.6GiB  72.8%  13.8MiB
     Hamiltonian mu...  12.4k    58.3s  41.1%  4.71ms   6.08GiB  11.5%   516KiB
       kinetic+local    12.4k    53.7s  37.9%  4.34ms    485MiB  0.89%  40.2KiB
       nonlocal         12.4k    3.00s  2.12%   242μs   3.10GiB  5.84%   263KiB
     rayleigh_ritz      9.51k    10.5s  7.38%  1.10ms   1.37GiB  2.58%   151KiB
     block multipli...  45.3k    9.21s  6.50%   203μs   8.42GiB  15.9%   195KiB
     ortho              40.3k    8.94s  6.31%   222μs   1.29GiB  2.43%  33.5KiB
   compute_density         17    26.3s  18.6%   1.55s   6.61GiB  12.5%   398MiB
   energy_hamiltonian      35    4.26s  3.01%   122ms   7.16GiB  13.5%   209MiB
     ene_ops               35    3.43s  2.42%  98.1ms   4.72GiB  8.91%   138MiB
       ene_ops: xc         35    1.73s  1.22%  49.3ms   2.58GiB  4.86%  75.4MiB
       ene_ops: kin...     35    838ms  0.59%  23.9ms   1.96GiB  3.70%  57.4MiB
       ene_ops: non...     35    788ms  0.56%  22.5ms   92.7MiB  0.17%  2.65MiB
       ene_ops: har...     35   29.7ms  0.02%   849μs   47.4MiB  0.09%  1.35MiB
       ene_ops: local      35   14.4ms  0.01%   410μs   22.0MiB  0.04%   645KiB
   KerkerDosMixing         17    751ms  0.53%  44.2ms    141MiB  0.26%  8.32MiB
     KerkerMixing          17    491ms  0.35%  28.9ms    114MiB  0.21%  6.73MiB
   QR orthonormaliz...  2.86k   1.37ms  0.00%   479ns     0.00B  0.00%    0.00B
 ──────────────────────────────────────────────────────────────────────────────

Total time in ns: 142789222602
