Julia version: 1.6.0-DEV.1324

Threading configuration: 
       JULIA_NUM_THREADS:   1
      JULIA_FFTW_THREADS:   4
      JULIA_BLAS_THREADS:   3
Payload:  Fe_scfres_guess.jld2

System facts:
    fft_size:      (30, 30, 30)
    kpoints:       168
    n_electrons:   16
    n_bands:       23

Compiling code ...
Timing SCF ...

n     Free energy       Eₙ-Eₙ₋₁     ρout-ρin   Magnet   Diag
---   ---------------   ---------   --------   ------   ----
  1   -111.8090315840         NaN   5.13e+00    2.000    1.0 
  2   -116.7235581132   -4.91e+00   3.03e+00    2.000    6.1 
  3   -120.7864637236   -4.06e+00   1.12e+00    2.387    5.8 
  4   -121.8708856830   -1.08e+00   2.62e-01    2.625    5.4 
  5   -121.8961883559   -2.53e-02   3.11e-01    2.373    3.2 
  6   -121.9450931617   -4.89e-02   1.65e-01    2.143    2.8 
  7   -121.9131239292    3.20e-02   2.27e-01    2.150    2.5 
  8   -121.9485828833   -3.55e-02   4.08e-02    1.882    2.5 
  9   -121.9494019049   -8.19e-04   1.10e-02    1.908    2.0 
 10   -121.9494537975   -5.19e-05   5.90e-03    1.932    2.6 
 11   -121.9494571660   -3.37e-06   7.30e-04    1.933    2.3 
 12   -121.9494574293   -2.63e-07   2.98e-04    1.929    4.0 
 13   -121.9494574259    3.39e-09   6.57e-05    1.928    3.1 
 14   -121.9494574191    6.84e-09   1.66e-05    1.928    3.0 
 15   -121.9494574189    1.57e-10   2.72e-06    1.928    3.5 
 16   -121.9494574191   -1.83e-10   7.00e-07    1.928    3.7 
 17   -121.9494574191    6.34e-12   1.75e-07    1.928    3.2 
Energy breakdown:
    Kinetic             59.3814284
    AtomicLocal         -99.3605618
    AtomicNonlocal      -16.5408025
    Ewald               -85.8892161
    PspCorrection       3.5081636 
    Hartree             29.7313729
    Xc                  -12.7787484
    Entropy             -0.0010934

    total               -121.949457419087

 ──────────────────────────────────────────────────────────────────────────────
                                       Time                   Allocations      
                               ──────────────────────   ───────────────────────
       Tot / % measured:             226s / 98.9%           87.1GiB / 100%     

 Section               ncalls     time   %tot     avg     alloc   %tot      avg
 ──────────────────────────────────────────────────────────────────────────────
 self_consistent_field      1     224s   100%    224s   86.8GiB  100%   86.8GiB
   LOBPCG               2.86k     148s  66.3%  51.9ms   49.4GiB  56.9%  17.7MiB
     Hamiltonian mu...  12.4k    96.8s  43.3%  7.82ms   6.92GiB  7.98%   586KiB
     ortho              40.4k    11.3s  5.06%   281μs   8.58GiB  9.89%   223KiB
     block multipli...  45.3k    10.3s  4.61%   227μs   8.41GiB  9.69%   194KiB
     rayleigh_ritz      9.52k    8.70s  3.89%   914μs   1.37GiB  1.58%   151KiB
   compute_density         17    67.4s  30.1%   3.96s   29.6GiB  34.1%  1.74GiB
   energy_hamiltonian      35    4.50s  2.01%   128ms   7.15GiB  8.25%   209MiB
   KerkerDosMixing         17    725ms  0.32%  42.6ms    141MiB  0.16%  8.31MiB
     KerkerMixing          17    470ms  0.21%  27.6ms    114MiB  0.13%  6.74MiB
   QR orthonormaliz...  2.86k   1.60ms  0.00%   560ns     0.00B  0.00%    0.00B
 ──────────────────────────────────────────────────────────────────────────────

Total time in ns: 224787670819
