Julia version: 1.6.0-DEV.1324

Threading configuration: 
       JULIA_NUM_THREADS:   3
      JULIA_FFTW_THREADS:   1
      JULIA_BLAS_THREADS:   2
Payload:  Fe_scfres_guess.jld2

System facts:
    fft_size:      (30, 30, 30)
    kpoints:       168
    n_electrons:   16
    krange 0:  [1, 2, 3, 4, 5, 6, 7, 8, 9, 10, 11, 12, 13, 14, 15, 16, 17, 18, 19, 20, 21, 22, 23, 24, 25, 26, 27, 28, 29, 30, 31, 32, 33, 34, 35, 36, 37, 38, 39, 40, 41, 42, 43, 44, 45, 46, 47, 48, 49, 50, 51, 52, 53, 54, 55, 56, 57, 58, 59, 60, 61, 62, 63, 64, 65, 66, 67, 68, 69, 70, 71, 72, 73, 74, 75, 76, 77, 78, 79, 80, 81, 82, 83, 84, 85, 86, 87, 88, 89, 90, 91, 92, 93, 94, 95, 96, 97, 98, 99, 100, 101, 102, 103, 104, 105, 106, 107, 108, 109, 110, 111, 112, 113, 114, 115, 116, 117, 118, 119, 120, 121, 122, 123, 124, 125, 126, 127, 128, 129, 130, 131, 132, 133, 134, 135, 136, 137, 138, 139, 140, 141, 142, 143, 144, 145, 146, 147, 148, 149, 150, 151, 152, 153, 154, 155, 156, 157, 158, 159, 160, 161, 162, 163, 164, 165, 166, 167, 168]
    n_bands:       23

Compiling code ...
Timing SCF ...

n     Free energy       Eₙ-Eₙ₋₁     ρout-ρin   Magnet   Diag
---   ---------------   ---------   --------   ------   ----
  1   -111.8084467724         NaN   5.13e+00    2.000    1.0 
  2   -116.7235876487   -4.92e+00   3.03e+00    2.000    6.0 
  3   -120.7864678037   -4.06e+00   1.12e+00    2.387    5.7 
  4   -121.8709111677   -1.08e+00   2.62e-01    2.625    5.4 
  5   -121.8961558908   -2.52e-02   3.11e-01    2.373    3.3 
  6   -121.9451228526   -4.90e-02   1.65e-01    2.142    2.8 
  7   -121.9131699564    3.20e-02   2.27e-01    2.150    2.5 
  8   -121.9485805799   -3.54e-02   4.08e-02    1.882    2.5 
  9   -121.9494019691   -8.21e-04   1.10e-02    1.908    2.0 
 10   -121.9494537960   -5.18e-05   5.90e-03    1.932    2.6 
 11   -121.9494571663   -3.37e-06   7.28e-04    1.933    2.4 
 12   -121.9494574297   -2.63e-07   2.98e-04    1.929    4.0 
 13   -121.9494574258    3.87e-09   6.55e-05    1.928    3.1 
 14   -121.9494574191    6.78e-09   1.65e-05    1.928    3.1 
 15   -121.9494574189    1.76e-10   2.73e-06    1.928    3.5 
 16   -121.9494574191   -1.93e-10   6.81e-07    1.928    3.7 
 17   -121.9494574191    3.38e-12   1.85e-07    1.928    3.2 
Energy breakdown:
    Kinetic             59.3814283
    AtomicLocal         -99.3605617
    AtomicNonlocal      -16.5408025
    Ewald               -85.8892161
    PspCorrection       3.5081636 
    Hartree             29.7313728
    Xc                  -12.7787483
    Entropy             -0.0010934

    total               -121.949457419088

 ──────────────────────────────────────────────────────────────────────────────
                                       Time                   Allocations      
                               ──────────────────────   ───────────────────────
       Tot / % measured:             150s / 98.3%           53.3GiB / 99.4%    

 Section               ncalls     time   %tot     avg     alloc   %tot      avg
 ──────────────────────────────────────────────────────────────────────────────
 self_consistent_field      1     147s   100%    147s   53.0GiB  100%   53.0GiB
   LOBPCG               2.86k     113s  77.1%  39.7ms   38.6GiB  72.8%  13.8MiB
     Hamiltonian mu...  12.4k    56.5s  38.4%  4.56ms   6.08GiB  11.5%   515KiB
       kinetic+local    12.4k    50.6s  34.4%  4.09ms    485MiB  0.89%  40.1KiB
       nonlocal         12.4k    4.32s  2.93%   349μs   3.10GiB  5.84%   262KiB
     block multipli...  45.4k    14.5s  9.84%   319μs   8.41GiB  15.9%   194KiB
     rayleigh_ritz      9.53k    11.3s  7.65%  1.18ms   1.37GiB  2.58%   151KiB
     ortho              40.4k    9.63s  6.54%   238μs   1.29GiB  2.43%  33.4KiB
   compute_density         17    25.7s  17.5%   1.51s   6.61GiB  12.5%   398MiB
   energy_hamiltonian      35    4.39s  2.98%   125ms   7.16GiB  13.5%   209MiB
     ene_ops               35    3.70s  2.52%   106ms   4.72GiB  8.91%   138MiB
       ene_ops: xc         35    1.65s  1.12%  47.1ms   2.58GiB  4.86%  75.4MiB
       ene_ops: non...     35    1.15s  0.78%  32.7ms   92.7MiB  0.17%  2.65MiB
       ene_ops: kin...     35    826ms  0.56%  23.6ms   1.96GiB  3.70%  57.4MiB
       ene_ops: har...     35   26.4ms  0.02%   755μs   47.4MiB  0.09%  1.35MiB
       ene_ops: local      35   13.5ms  0.01%   386μs   22.0MiB  0.04%   645KiB
   KerkerDosMixing         17    740ms  0.50%  43.6ms    141MiB  0.26%  8.32MiB
     KerkerMixing          17    481ms  0.33%  28.3ms    114MiB  0.21%  6.73MiB
   QR orthonormaliz...  2.86k   1.25ms  0.00%   438ns     0.00B  0.00%    0.00B
 ──────────────────────────────────────────────────────────────────────────────

Total time in ns: 148276181907
