Julia version: 1.6.0-DEV.1324
Threading configuration: 
       JULIA_NUM_THREADS:   1
      JULIA_FFTW_THREADS:   3
      JULIA_BLAS_THREADS:   1
Payload:  Fe_scfres_guess.jld2

System facts:
    fft_size:      (30, 30, 30)
    kpoints:       168
    n_electrons:   16
    n_bands:       23

Compiling code ...
Timing SCF ...

n     Free energy       Eₙ-Eₙ₋₁     ρout-ρin   Magnet   Diag
---   ---------------   ---------   --------   ------   ----
  1   -111.8090452629         NaN   5.13e+00    2.000    1.0 
  2   -116.7235255279   -4.91e+00   3.03e+00    2.000    6.0 
  3   -120.7864829263   -4.06e+00   1.12e+00    2.387    5.7 
  4   -121.8708790914   -1.08e+00   2.62e-01    2.625    5.4 
  5   -121.8962046765   -2.53e-02   3.11e-01    2.373    3.2 
  6   -121.9450830310   -4.89e-02   1.66e-01    2.143    2.8 
  7   -121.9131157354    3.20e-02   2.27e-01    2.150    2.5 
  8   -121.9485843755   -3.55e-02   4.08e-02    1.882    2.6 
  9   -121.9494018700   -8.17e-04   1.10e-02    1.908    2.0 
 10   -121.9494537733   -5.19e-05   5.92e-03    1.932    2.6 
 11   -121.9494571657   -3.39e-06   7.29e-04    1.933    2.4 
 12   -121.9494574304   -2.65e-07   2.98e-04    1.929    3.9 
 13   -121.9494574258    4.54e-09   6.53e-05    1.928    3.1 
 14   -121.9494574191    6.75e-09   1.65e-05    1.928    3.0 
 15   -121.9494574189    1.77e-10   2.73e-06    1.928    3.6 
 16   -121.9494574191   -1.90e-10   6.78e-07    1.928    3.7 
 17   -121.9494574191    1.15e-12   1.95e-07    1.928    3.1 
Energy breakdown:
    Kinetic             59.3814282
    AtomicLocal         -99.3605617
    AtomicNonlocal      -16.5408025
    Ewald               -85.8892161
    PspCorrection       3.5081636 
    Hartree             29.7313728
    Xc                  -12.7787483
    Entropy             -0.0010934

    total               -121.949457419090

 ──────────────────────────────────────────────────────────────────────────────
                                       Time                   Allocations      
                               ──────────────────────   ───────────────────────
       Tot / % measured:             255s / 99.0%           87.1GiB / 100%     

 Section               ncalls     time   %tot     avg     alloc   %tot      avg
 ──────────────────────────────────────────────────────────────────────────────
 self_consistent_field      1     253s   100%    253s   86.8GiB  100%   86.8GiB
   LOBPCG               2.86k     175s  69.4%  61.4ms   49.4GiB  56.9%  17.7MiB
     Hamiltonian mu...  12.4k     105s  41.7%  8.52ms   6.93GiB  7.98%   587KiB
     block multipli...  45.3k    21.2s  8.39%   468μs   8.43GiB  9.71%   195KiB
     ortho              40.4k    12.7s  5.01%   313μs   8.59GiB  9.90%   223KiB
     rayleigh_ritz      9.52k    12.2s  4.84%  1.28ms   1.37GiB  1.58%   151KiB
   compute_density         17    68.7s  27.2%   4.04s   29.6GiB  34.1%  1.74GiB
   energy_hamiltonian      35    5.17s  2.05%   148ms   7.15GiB  8.24%   209MiB
   KerkerDosMixing         17    732ms  0.29%  43.1ms    141MiB  0.16%  8.31MiB
     KerkerMixing          17    483ms  0.19%  28.4ms    114MiB  0.13%  6.74MiB
   QR orthonormaliz...  2.86k   1.53ms  0.00%   534ns     0.00B  0.00%    0.00B
 ──────────────────────────────────────────────────────────────────────────────

Total time in ns: 253849612125
