Julia version: 1.6.0-DEV.1324

Threading configuration: 
       JULIA_NUM_THREADS:   3
      JULIA_FFTW_THREADS:   1
      JULIA_BLAS_THREADS:   3
Payload:  Fe_scfres_guess.jld2

System facts:
    fft_size:      (30, 30, 30)
    kpoints:       168
    n_electrons:   16
    krange 0:  [1, 2, 3, 4, 5, 6, 7, 8, 9, 10, 11, 12, 13, 14, 15, 16, 17, 18, 19, 20, 21, 22, 23, 24, 25, 26, 27, 28, 29, 30, 31, 32, 33, 34, 35, 36, 37, 38, 39, 40, 41, 42, 43, 44, 45, 46, 47, 48, 49, 50, 51, 52, 53, 54, 55, 56, 57, 58, 59, 60, 61, 62, 63, 64, 65, 66, 67, 68, 69, 70, 71, 72, 73, 74, 75, 76, 77, 78, 79, 80, 81, 82, 83, 84, 85, 86, 87, 88, 89, 90, 91, 92, 93, 94, 95, 96, 97, 98, 99, 100, 101, 102, 103, 104, 105, 106, 107, 108, 109, 110, 111, 112, 113, 114, 115, 116, 117, 118, 119, 120, 121, 122, 123, 124, 125, 126, 127, 128, 129, 130, 131, 132, 133, 134, 135, 136, 137, 138, 139, 140, 141, 142, 143, 144, 145, 146, 147, 148, 149, 150, 151, 152, 153, 154, 155, 156, 157, 158, 159, 160, 161, 162, 163, 164, 165, 166, 167, 168]
    n_bands:       23

Compiling code ...
Timing SCF ...

n     Free energy       Eₙ-Eₙ₋₁     ρout-ρin   Magnet   Diag
---   ---------------   ---------   --------   ------   ----
  1   -111.8084467724         NaN   5.13e+00    2.000    1.0 
  2   -116.7235951372   -4.92e+00   3.03e+00    2.000    5.9 
  3   -120.7864669923   -4.06e+00   1.12e+00    2.387    5.7 
  4   -121.8709113876   -1.08e+00   2.62e-01    2.625    5.4 
  5   -121.8961602552   -2.52e-02   3.11e-01    2.373    3.2 
  6   -121.9451185050   -4.90e-02   1.65e-01    2.143    2.8 
  7   -121.9131718108    3.19e-02   2.27e-01    2.150    2.5 
  8   -121.9485818003   -3.54e-02   4.08e-02    1.882    2.6 
  9   -121.9494018551   -8.20e-04   1.10e-02    1.908    2.0 
 10   -121.9494538023   -5.19e-05   5.89e-03    1.932    2.6 
 11   -121.9494571643   -3.36e-06   7.28e-04    1.933    2.4 
 12   -121.9494574294   -2.65e-07   2.98e-04    1.929    4.1 
 13   -121.9494574259    3.43e-09   6.58e-05    1.928    3.1 
 14   -121.9494574191    6.89e-09   1.65e-05    1.928    3.0 
 15   -121.9494574189    1.39e-10   2.74e-06    1.928    3.5 
 16   -121.9494574191   -1.76e-10   6.76e-07    1.928    3.7 
 17   -121.9494574191   -1.99e-13   1.94e-07    1.928    3.3 
Energy breakdown:
    Kinetic             59.3814282
    AtomicLocal         -99.3605616
    AtomicNonlocal      -16.5408025
    Ewald               -85.8892161
    PspCorrection       3.5081636 
    Hartree             29.7313728
    Xc                  -12.7787483
    Entropy             -0.0010934

    total               -121.949457419091

 ──────────────────────────────────────────────────────────────────────────────
                                       Time                   Allocations      
                               ──────────────────────   ───────────────────────
       Tot / % measured:             141s / 98.2%           53.3GiB / 99.4%    

 Section               ncalls     time   %tot     avg     alloc   %tot      avg
 ──────────────────────────────────────────────────────────────────────────────
 self_consistent_field      1     138s   100%    138s   53.0GiB  100%   53.0GiB
   LOBPCG               2.86k     104s  75.6%  36.5ms   38.6GiB  72.8%  13.8MiB
     Hamiltonian mu...  12.4k    56.6s  41.0%  4.57ms   6.09GiB  11.5%   515KiB
       kinetic+local    12.4k    51.7s  37.5%  4.17ms    485MiB  0.89%  40.1KiB
       nonlocal         12.4k    3.23s  2.34%   261μs   3.10GiB  5.84%   262KiB
     block multipli...  45.4k    10.3s  7.48%   228μs   8.42GiB  15.9%   194KiB
     ortho              40.4k    9.41s  6.82%   233μs   1.29GiB  2.43%  33.4KiB
     rayleigh_ritz      9.53k    8.60s  6.23%   902μs   1.37GiB  2.58%   151KiB
   compute_density         17    25.8s  18.7%   1.52s   6.61GiB  12.5%   398MiB
   energy_hamiltonian      35    4.23s  3.07%   121ms   7.16GiB  13.5%   209MiB
     ene_ops               35    3.46s  2.50%  98.8ms   4.72GiB  8.91%   138MiB
       ene_ops: xc         35    1.70s  1.23%  48.7ms   2.58GiB  4.86%  75.4MiB
       ene_ops: non...     35    843ms  0.61%  24.1ms   92.7MiB  0.17%  2.65MiB
       ene_ops: kin...     35    830ms  0.60%  23.7ms   1.96GiB  3.70%  57.4MiB
       ene_ops: har...     35   28.1ms  0.02%   802μs   47.4MiB  0.09%  1.35MiB
       ene_ops: local      35   13.2ms  0.01%   378μs   22.0MiB  0.04%   645KiB
   KerkerDosMixing         17    769ms  0.56%  45.2ms    141MiB  0.26%  8.32MiB
     KerkerMixing          17    511ms  0.37%  30.0ms    114MiB  0.21%  6.73MiB
   QR orthonormaliz...  2.86k   1.24ms  0.00%   434ns     0.00B  0.00%    0.00B
 ──────────────────────────────────────────────────────────────────────────────

Total time in ns: 139089353409
