Julia version: 1.6.0-DEV.1324

Threading configuration: 
       JULIA_NUM_THREADS:   1
      JULIA_FFTW_THREADS:   3
      JULIA_BLAS_THREADS:   3
Payload:  Fe_scfres_guess.jld2

System facts:
    fft_size:      (30, 30, 30)
    kpoints:       168
    n_electrons:   16
    n_bands:       23

Compiling code ...
Timing SCF ...

n     Free energy       Eₙ-Eₙ₋₁     ρout-ρin   Magnet   Diag
---   ---------------   ---------   --------   ------   ----
  1   -111.8090452629         NaN   5.13e+00    2.000    1.0 
  2   -116.7235392133   -4.91e+00   3.03e+00    2.000    6.0 
  3   -120.7864726550   -4.06e+00   1.12e+00    2.387    5.7 
  4   -121.8708832289   -1.08e+00   2.62e-01    2.625    5.3 
  5   -121.8961987973   -2.53e-02   3.11e-01    2.373    3.3 
  6   -121.9450915113   -4.89e-02   1.65e-01    2.143    2.8 
  7   -121.9131566980    3.19e-02   2.27e-01    2.150    2.5 
  8   -121.9485849135   -3.54e-02   4.08e-02    1.882    2.6 
  9   -121.9494018630   -8.17e-04   1.10e-02    1.908    2.0 
 10   -121.9494537999   -5.19e-05   5.91e-03    1.932    2.5 
 11   -121.9494571637   -3.36e-06   7.29e-04    1.933    2.4 
 12   -121.9494574289   -2.65e-07   2.98e-04    1.929    4.0 
 13   -121.9494574260    2.94e-09   6.62e-05    1.928    3.0 
 14   -121.9494574190    6.95e-09   1.65e-05    1.928    3.0 
 15   -121.9494574189    1.21e-10   2.74e-06    1.928    3.5 
 16   -121.9494574191   -1.63e-10   6.71e-07    1.928    3.8 
 17   -121.9494574191   -9.66e-13   1.91e-07    1.928    3.2 
Energy breakdown:
    Kinetic             59.3814282
    AtomicLocal         -99.3605616
    AtomicNonlocal      -16.5408024
    Ewald               -85.8892161
    PspCorrection       3.5081636 
    Hartree             29.7313728
    Xc                  -12.7787483
    Entropy             -0.0010934

    total               -121.949457419091

 ──────────────────────────────────────────────────────────────────────────────
                                       Time                   Allocations      
                               ──────────────────────   ───────────────────────
       Tot / % measured:             242s / 99.0%           87.1GiB / 100%     

 Section               ncalls     time   %tot     avg     alloc   %tot      avg
 ──────────────────────────────────────────────────────────────────────────────
 self_consistent_field      1     239s   100%    239s   86.8GiB  100%   86.8GiB
   LOBPCG               2.86k     157s  65.4%  54.8ms   49.4GiB  56.9%  17.7MiB
     Hamiltonian mu...  12.4k     105s  43.8%  8.47ms   6.92GiB  7.98%   586KiB
     ortho              40.4k    11.2s  4.68%   277μs   8.58GiB  9.89%   223KiB
     block multipli...  45.4k    10.2s  4.25%   224μs   8.42GiB  9.70%   194KiB
     rayleigh_ritz      9.54k    8.58s  3.58%   900μs   1.37GiB  1.58%   151KiB
   compute_density         17    75.0s  31.3%   4.41s   29.6GiB  34.1%  1.74GiB
   energy_hamiltonian      35    4.28s  1.79%   122ms   7.15GiB  8.24%   209MiB
   KerkerDosMixing         17    731ms  0.31%  43.0ms    141MiB  0.16%  8.31MiB
     KerkerMixing          17    476ms  0.20%  28.0ms    114MiB  0.13%  6.74MiB
   QR orthonormaliz...  2.86k   1.41ms  0.00%   493ns     0.00B  0.00%    0.00B
 ──────────────────────────────────────────────────────────────────────────────

Total time in ns: 240471953858
