Julia version: 1.6.0-DEV.1324

Threading configuration: 
       JULIA_NUM_THREADS:   4
      JULIA_FFTW_THREADS:   2
      JULIA_BLAS_THREADS:   4
Payload:  Fe_scfres_guess.jld2

System facts:
    fft_size:      (30, 30, 30)
    kpoints:       168
    n_electrons:   16
    n_bands:       23

Compiling code ...
Timing SCF ...

n     Free energy       Eₙ-Eₙ₋₁     ρout-ρin   Magnet   Diag
---   ---------------   ---------   --------   ------   ----
  1   -111.8084467724         NaN   5.13e+00    2.000    1.0 
  2   -116.7235938216   -4.92e+00   3.03e+00    2.000    6.0 
  3   -120.7864669613   -4.06e+00   1.12e+00    2.387    5.7 
  4   -121.8709108689   -1.08e+00   2.62e-01    2.625    5.4 
  5   -121.8961644200   -2.53e-02   3.11e-01    2.373    3.3 
  6   -121.9451243217   -4.90e-02   1.65e-01    2.142    2.8 
  7   -121.9131843026    3.19e-02   2.27e-01    2.150    2.5 
  8   -121.9485821401   -3.54e-02   4.08e-02    1.882    2.6 
  9   -121.9494018754   -8.20e-04   1.10e-02    1.908    2.0 
 10   -121.9494537842   -5.19e-05   5.90e-03    1.932    2.5 
 11   -121.9494571643   -3.38e-06   7.29e-04    1.933    2.4 
 12   -121.9494574299   -2.66e-07   2.98e-04    1.929    3.9 
 13   -121.9494574260    3.85e-09   6.58e-05    1.928    3.1 
 14   -121.9494574191    6.95e-09   1.65e-05    1.928    3.0 
 15   -121.9494574189    1.55e-10   2.74e-06    1.928    3.5 
 16   -121.9494574191   -1.80e-10   6.74e-07    1.928    3.7 
 17   -121.9494574191   -3.55e-13   1.95e-07    1.928    3.3 
Energy breakdown:
    Kinetic             59.3814282
    AtomicLocal         -99.3605616
    AtomicNonlocal      -16.5408024
    Ewald               -85.8892161
    PspCorrection       3.5081636 
    Hartree             29.7313728
    Xc                  -12.7787483
    Entropy             -0.0010934

    total               -121.949457419091

 ──────────────────────────────────────────────────────────────────────────────
                                       Time                   Allocations      
                               ──────────────────────   ───────────────────────
       Tot / % measured:             135s / 98.1%           56.5GiB / 99.4%    

 Section               ncalls     time   %tot     avg     alloc   %tot      avg
 ──────────────────────────────────────────────────────────────────────────────
 self_consistent_field      1     132s   100%    132s   56.2GiB  100%   56.2GiB
   LOBPCG               2.86k     103s  77.6%  35.9ms   39.8GiB  70.8%  14.3MiB
     Hamiltonian mu...  12.4k    51.4s  38.9%  4.15ms   7.28GiB  13.0%   616KiB
       kinetic+local    12.4k    46.6s  35.3%  3.76ms   1.67GiB  2.97%   141KiB
       nonlocal         12.4k    3.12s  2.36%   252μs   3.10GiB  5.51%   262KiB
     rayleigh_ritz      9.53k    10.5s  7.93%  1.10ms   1.37GiB  2.44%   151KiB
     block multipli...  45.4k    9.52s  7.20%   210μs   8.42GiB  15.0%   194KiB
     ortho              40.4k    9.14s  6.91%   226μs   1.29GiB  2.29%  33.4KiB
   compute_density         17    21.3s  16.1%   1.25s   8.57GiB  15.2%   516MiB
   energy_hamiltonian      35    4.54s  3.44%   130ms   7.18GiB  12.8%   210MiB
     ene_ops               35    3.66s  2.77%   105ms   4.73GiB  8.41%   138MiB
       ene_ops: xc         35    1.74s  1.31%  49.6ms   2.58GiB  4.59%  75.6MiB
       ene_ops: kin...     35    1.04s  0.79%  29.8ms   1.96GiB  3.49%  57.4MiB
       ene_ops: non...     35    794ms  0.60%  22.7ms   92.7MiB  0.16%  2.65MiB
       ene_ops: har...     35   27.7ms  0.02%   793μs   47.5MiB  0.08%  1.36MiB
       ene_ops: local      35   15.3ms  0.01%   437μs   22.1MiB  0.04%   646KiB
   KerkerDosMixing         17    738ms  0.56%  43.4ms    142MiB  0.25%  8.33MiB
     KerkerMixing          17    482ms  0.36%  28.4ms    114MiB  0.20%  6.73MiB
   QR orthonormaliz...  2.86k   1.56ms  0.00%   547ns     0.00B  0.00%    0.00B
 ──────────────────────────────────────────────────────────────────────────────

Total time in ns: 133369894794
