Julia version: 1.6.0-DEV.1324

Threading configuration: 
       JULIA_NUM_THREADS:   4
      JULIA_FFTW_THREADS:   1
      JULIA_BLAS_THREADS:   4
Payload:  Fe_scfres_guess.jld2

System facts:
    fft_size:      (30, 30, 30)
    kpoints:       168
    n_electrons:   16
    n_bands:       23

Compiling code ...
Timing SCF ...

n     Free energy       Eₙ-Eₙ₋₁     ρout-ρin   Magnet   Diag
---   ---------------   ---------   --------   ------   ----
  1   -111.8084467724         NaN   5.13e+00    2.000    1.0 
  2   -116.7235848146   -4.92e+00   3.03e+00    2.000    6.0 
  3   -120.7864685332   -4.06e+00   1.12e+00    2.387    5.8 
  4   -121.8709108063   -1.08e+00   2.62e-01    2.625    5.4 
  5   -121.8961561063   -2.52e-02   3.11e-01    2.373    3.3 
  6   -121.9451149412   -4.90e-02   1.65e-01    2.143    2.8 
  7   -121.9131370994    3.20e-02   2.27e-01    2.150    2.5 
  8   -121.9485806016   -3.54e-02   4.08e-02    1.882    2.5 
  9   -121.9494018507   -8.21e-04   1.10e-02    1.908    2.0 
 10   -121.9494537905   -5.19e-05   5.90e-03    1.932    2.6 
 11   -121.9494571665   -3.38e-06   7.29e-04    1.933    2.3 
 12   -121.9494574292   -2.63e-07   2.98e-04    1.929    4.0 
 13   -121.9494574260    3.20e-09   6.59e-05    1.928    3.1 
 14   -121.9494574191    6.94e-09   1.64e-05    1.928    3.0 
 15   -121.9494574189    1.43e-10   2.74e-06    1.928    3.6 
 16   -121.9494574191   -1.69e-10   6.75e-07    1.928    3.7 
 17   -121.9494574191   -1.25e-12   1.93e-07    1.928    3.2 
Energy breakdown:
    Kinetic             59.3814282
    AtomicLocal         -99.3605616
    AtomicNonlocal      -16.5408024
    Ewald               -85.8892161
    PspCorrection       3.5081636 
    Hartree             29.7313728
    Xc                  -12.7787483
    Entropy             -0.0010934

    total               -121.949457419091

 ──────────────────────────────────────────────────────────────────────────────
                                       Time                   Allocations      
                               ──────────────────────   ───────────────────────
       Tot / % measured:             131s / 98.0%           55.1GiB / 99.4%    

 Section               ncalls     time   %tot     avg     alloc   %tot      avg
 ──────────────────────────────────────────────────────────────────────────────
 self_consistent_field      1     128s   100%    128s   54.8GiB  100%   54.8GiB
   LOBPCG               2.86k    98.7s  77.1%  34.5ms   38.6GiB  70.4%  13.8MiB
     Hamiltonian mu...  12.4k    47.0s  36.7%  3.80ms   6.09GiB  11.1%   516KiB
       kinetic+local    12.4k    41.9s  32.7%  3.38ms    491MiB  0.87%  40.6KiB
       nonlocal         12.4k    3.27s  2.56%   264μs   3.10GiB  5.65%   262KiB
     rayleigh_ritz      9.53k    10.1s  7.88%  1.06ms   1.37GiB  2.50%   151KiB
     block multipli...  45.4k    9.72s  7.59%   214μs   8.42GiB  15.4%   194KiB
     ortho              40.4k    9.11s  7.11%   225μs   1.29GiB  2.35%  33.4KiB
   compute_density         17    20.7s  16.2%   1.22s   8.37GiB  15.3%   504MiB
   energy_hamiltonian      35    4.81s  3.76%   137ms   7.17GiB  13.1%   210MiB
     ene_ops               35    3.88s  3.03%   111ms   4.72GiB  8.62%   138MiB
       ene_ops: xc         35    1.86s  1.45%  53.0ms   2.58GiB  4.70%  75.4MiB
       ene_ops: kin...     35    1.08s  0.84%  30.7ms   1.96GiB  3.58%  57.4MiB
       ene_ops: non...     35    850ms  0.66%  24.3ms   92.7MiB  0.17%  2.65MiB
       ene_ops: har...     35   35.4ms  0.03%  1.01ms   47.4MiB  0.08%  1.35MiB
       ene_ops: local      35   17.9ms  0.01%   511μs   22.0MiB  0.04%   645KiB
   KerkerDosMixing         17    762ms  0.60%  44.8ms    141MiB  0.25%  8.32MiB
     KerkerMixing          17    498ms  0.39%  29.3ms    114MiB  0.20%  6.73MiB
   QR orthonormaliz...  2.86k   1.58ms  0.00%   555ns     0.00B  0.00%    0.00B
 ──────────────────────────────────────────────────────────────────────────────

Total time in ns: 129142157533
