Julia version: 1.6.0-DEV.1324

Threading configuration: 
       JULIA_NUM_THREADS:   4
      JULIA_FFTW_THREADS:   2
      JULIA_BLAS_THREADS:   2
Payload:  Fe_scfres_guess.jld2

System facts:
    fft_size:      (30, 30, 30)
    kpoints:       168
    n_electrons:   16
    n_bands:       23

Compiling code ...
Timing SCF ...

n     Free energy       Eₙ-Eₙ₋₁     ρout-ρin   Magnet   Diag
---   ---------------   ---------   --------   ------   ----
  1   -111.8084467724         NaN   5.13e+00    2.000    1.0 
  2   -116.7236015957   -4.92e+00   3.03e+00    2.000    6.0 
  3   -120.7864564940   -4.06e+00   1.12e+00    2.387    5.7 
  4   -121.8709178088   -1.08e+00   2.61e-01    2.625    5.4 
  5   -121.8961469260   -2.52e-02   3.11e-01    2.373    3.2 
  6   -121.9451281043   -4.90e-02   1.65e-01    2.142    2.8 
  7   -121.9131877928    3.19e-02   2.27e-01    2.150    2.5 
  8   -121.9485810417   -3.54e-02   4.08e-02    1.882    2.5 
  9   -121.9494018847   -8.21e-04   1.10e-02    1.908    2.0 
 10   -121.9494537756   -5.19e-05   5.91e-03    1.932    2.6 
 11   -121.9494571656   -3.39e-06   7.27e-04    1.933    2.4 
 12   -121.9494574301   -2.64e-07   2.98e-04    1.929    4.0 
 13   -121.9494574258    4.27e-09   6.56e-05    1.928    3.0 
 14   -121.9494574191    6.78e-09   1.65e-05    1.928    3.1 
 15   -121.9494574189    1.65e-10   2.73e-06    1.928    3.5 
 16   -121.9494574191   -1.85e-10   6.76e-07    1.928    3.7 
 17   -121.9494574191    8.53e-13   1.93e-07    1.928    3.2 
Energy breakdown:
    Kinetic             59.3814282
    AtomicLocal         -99.3605616
    AtomicNonlocal      -16.5408025
    Ewald               -85.8892161
    PspCorrection       3.5081636 
    Hartree             29.7313728
    Xc                  -12.7787483
    Entropy             -0.0010934

    total               -121.949457419090

 ──────────────────────────────────────────────────────────────────────────────
                                       Time                   Allocations      
                               ──────────────────────   ───────────────────────
       Tot / % measured:             144s / 98.1%           56.5GiB / 99.4%    

 Section               ncalls     time   %tot     avg     alloc   %tot      avg
 ──────────────────────────────────────────────────────────────────────────────
 self_consistent_field      1     142s   100%    142s   56.2GiB  100%   56.2GiB
   LOBPCG               2.86k     111s  78.8%  39.0ms   39.8GiB  70.8%  14.3MiB
     Hamiltonian mu...  12.4k    52.2s  36.9%  4.22ms   7.28GiB  13.0%   616KiB
       kinetic+local    12.4k    45.8s  32.4%  3.70ms   1.67GiB  2.97%   141KiB
       nonlocal         12.4k    4.42s  3.12%   357μs   3.10GiB  5.51%   262KiB
     block multipli...  45.4k    15.0s  10.6%   330μs   8.41GiB  15.0%   194KiB
     rayleigh_ritz      9.53k    11.3s  7.97%  1.18ms   1.37GiB  2.43%   151KiB
     ortho              40.4k    9.84s  6.95%   244μs   1.28GiB  2.29%  33.4KiB
   compute_density         17    21.4s  15.1%   1.26s   8.57GiB  15.3%   516MiB
   energy_hamiltonian      35    4.78s  3.38%   137ms   7.18GiB  12.8%   210MiB
     ene_ops               35    4.01s  2.83%   115ms   4.73GiB  8.42%   138MiB
       ene_ops: xc         35    1.79s  1.27%  51.2ms   2.58GiB  4.60%  75.6MiB
       ene_ops: non...     35    1.15s  0.81%  32.9ms   92.7MiB  0.16%  2.65MiB
       ene_ops: kin...     35    973ms  0.69%  27.8ms   1.96GiB  3.49%  57.4MiB
       ene_ops: har...     35   37.7ms  0.03%  1.08ms   47.5MiB  0.08%  1.36MiB
       ene_ops: local      35   16.4ms  0.01%   468μs   22.1MiB  0.04%   646KiB
   KerkerDosMixing         17    804ms  0.57%  47.3ms    142MiB  0.25%  8.33MiB
     KerkerMixing          17    538ms  0.38%  31.6ms    114MiB  0.20%  6.73MiB
   QR orthonormaliz...  2.86k   1.31ms  0.00%   458ns     0.00B  0.00%    0.00B
 ──────────────────────────────────────────────────────────────────────────────

Total time in ns: 142686179147
