Julia version: 1.6.0-DEV.1324

Threading configuration: 
       JULIA_NUM_THREADS:   4
      JULIA_FFTW_THREADS:   1
      JULIA_BLAS_THREADS:   2
Payload:  Fe_scfres_guess.jld2

System facts:
    fft_size:      (30, 30, 30)
    kpoints:       168
    n_electrons:   16
    n_bands:       23

Compiling code ...
Timing SCF ...

n     Free energy       Eₙ-Eₙ₋₁     ρout-ρin   Magnet   Diag
---   ---------------   ---------   --------   ------   ----
  1   -111.8084467724         NaN   5.13e+00    2.000    1.0 
  2   -116.7235900175   -4.92e+00   3.03e+00    2.000    6.0 
  3   -120.7864619460   -4.06e+00   1.12e+00    2.387    5.7 
  4   -121.8709145944   -1.08e+00   2.61e-01    2.625    5.4 
  5   -121.8961519302   -2.52e-02   3.11e-01    2.373    3.3 
  6   -121.9451243821   -4.90e-02   1.65e-01    2.142    2.8 
  7   -121.9131916139    3.19e-02   2.27e-01    2.150    2.5 
  8   -121.9485809198   -3.54e-02   4.08e-02    1.882    2.5 
  9   -121.9494018577   -8.21e-04   1.10e-02    1.908    2.0 
 10   -121.9494538026   -5.19e-05   5.89e-03    1.932    2.6 
 11   -121.9494571623   -3.36e-06   7.29e-04    1.933    2.4 
 12   -121.9494574290   -2.67e-07   3.00e-04    1.929    4.0 
 13   -121.9494574260    3.05e-09   6.58e-05    1.928    3.1 
 14   -121.9494574191    6.90e-09   1.66e-05    1.928    3.1 
 15   -121.9494574189    1.57e-10   2.73e-06    1.928    3.5 
 16   -121.9494574191   -1.78e-10   6.90e-07    1.928    3.8 
 17   -121.9494574191    1.19e-12   1.83e-07    1.928    3.1 
Energy breakdown:
    Kinetic             59.3814282
    AtomicLocal         -99.3605617
    AtomicNonlocal      -16.5408025
    Ewald               -85.8892161
    PspCorrection       3.5081636 
    Hartree             29.7313728
    Xc                  -12.7787483
    Entropy             -0.0010934

    total               -121.949457419089

 ──────────────────────────────────────────────────────────────────────────────
                                       Time                   Allocations      
                               ──────────────────────   ───────────────────────
       Tot / % measured:             137s / 98.2%           55.1GiB / 99.4%    

 Section               ncalls     time   %tot     avg     alloc   %tot      avg
 ──────────────────────────────────────────────────────────────────────────────
 self_consistent_field      1     135s   100%    135s   54.8GiB  100%   54.8GiB
   LOBPCG               2.86k     106s  78.4%  37.0ms   38.6GiB  70.4%  13.8MiB
     Hamiltonian mu...  12.4k    47.3s  35.1%  3.82ms   6.09GiB  11.1%   516KiB
       kinetic+local    12.4k    41.3s  30.6%  3.33ms    490MiB  0.87%  40.5KiB
       nonlocal         12.4k    4.38s  3.26%   354μs   3.10GiB  5.65%   262KiB
     block multipli...  45.4k    14.9s  11.0%   328μs   8.41GiB  15.3%   194KiB
     rayleigh_ritz      9.53k    11.2s  8.31%  1.17ms   1.37GiB  2.50%   151KiB
     ortho              40.4k    9.73s  7.23%   241μs   1.29GiB  2.34%  33.4KiB
   compute_density         17    20.4s  15.2%   1.20s   8.37GiB  15.3%   504MiB
   energy_hamiltonian      35    4.83s  3.58%   138ms   7.17GiB  13.1%   210MiB
     ene_ops               35    4.02s  2.98%   115ms   4.72GiB  8.62%   138MiB
       ene_ops: xc         35    1.87s  1.39%  53.4ms   2.58GiB  4.71%  75.4MiB
       ene_ops: non...     35    1.15s  0.85%  32.8ms   92.7MiB  0.17%  2.65MiB
       ene_ops: kin...     35    916ms  0.68%  26.2ms   1.96GiB  3.58%  57.4MiB
       ene_ops: har...     35   31.3ms  0.02%   895μs   47.4MiB  0.08%  1.35MiB
       ene_ops: local      35   15.9ms  0.01%   455μs   22.0MiB  0.04%   645KiB
   KerkerDosMixing         17    754ms  0.56%  44.4ms    141MiB  0.25%  8.32MiB
     KerkerMixing          17    502ms  0.37%  29.6ms    114MiB  0.20%  6.73MiB
   QR orthonormaliz...  2.86k   1.25ms  0.00%   438ns     0.00B  0.00%    0.00B
 ──────────────────────────────────────────────────────────────────────────────

Total time in ns: 135699365395
