Julia version: 1.6.0-DEV.1324

Threading configuration: 
       JULIA_NUM_THREADS:   1
      JULIA_FFTW_THREADS:   4
      JULIA_BLAS_THREADS:   4
Payload:  Fe_scfres_guess.jld2

System facts:
    fft_size:      (30, 30, 30)
    kpoints:       168
    n_electrons:   16
    n_bands:       23

Compiling code ...
Timing SCF ...

n     Free energy       Eₙ-Eₙ₋₁     ρout-ρin   Magnet   Diag
---   ---------------   ---------   --------   ------   ----
  1   -111.8090452629         NaN   5.13e+00    2.000    1.0 
  2   -116.7235346865   -4.91e+00   3.03e+00    2.000    6.0 
  3   -120.7864721820   -4.06e+00   1.12e+00    2.387    5.7 
  4   -121.8708803721   -1.08e+00   2.62e-01    2.625    5.4 
  5   -121.8962049480   -2.53e-02   3.11e-01    2.373    3.3 
  6   -121.9450878878   -4.89e-02   1.65e-01    2.143    2.8 
  7   -121.9131278022    3.20e-02   2.27e-01    2.150    2.5 
  8   -121.9485839070   -3.55e-02   4.08e-02    1.882    2.6 
  9   -121.9494017887   -8.18e-04   1.10e-02    1.908    2.0 
 10   -121.9494537884   -5.20e-05   5.91e-03    1.932    2.6 
 11   -121.9494571616   -3.37e-06   7.30e-04    1.933    2.3 
 12   -121.9494574290   -2.67e-07   3.00e-04    1.929    4.0 
 13   -121.9494574262    2.84e-09   6.61e-05    1.928    3.0 
 14   -121.9494574191    7.12e-09   1.64e-05    1.928    3.0 
 15   -121.9494574189    1.46e-10   2.75e-06    1.928    3.5 
 16   -121.9494574191   -1.73e-10   6.66e-07    1.928    3.8 
 17   -121.9494574191    7.67e-13   1.88e-07    1.928    3.2 
Energy breakdown:
    Kinetic             59.3814282
    AtomicLocal         -99.3605617
    AtomicNonlocal      -16.5408025
    Ewald               -85.8892161
    PspCorrection       3.5081636 
    Hartree             29.7313728
    Xc                  -12.7787483
    Entropy             -0.0010934

    total               -121.949457419090

 ──────────────────────────────────────────────────────────────────────────────
                                       Time                   Allocations      
                               ──────────────────────   ───────────────────────
       Tot / % measured:             242s / 99.0%           87.1GiB / 100%     

 Section               ncalls     time   %tot     avg     alloc   %tot      avg
 ──────────────────────────────────────────────────────────────────────────────
 self_consistent_field      1     240s   100%    240s   86.8GiB  100%   86.8GiB
   LOBPCG               2.86k     153s  63.9%  53.7ms   49.4GiB  56.9%  17.7MiB
     Hamiltonian mu...  12.4k     100s  41.7%  8.07ms   6.92GiB  7.98%   586KiB
     ortho              40.5k    11.2s  4.68%   277μs   8.58GiB  9.89%   222KiB
     rayleigh_ritz      9.54k    10.3s  4.28%  1.07ms   1.37GiB  1.58%   150KiB
     block multipli...  45.5k    9.10s  3.80%   200μs   8.42GiB  9.70%   194KiB
   compute_density         17    78.2s  32.6%   4.60s   29.6GiB  34.1%  1.74GiB
   energy_hamiltonian      35    4.55s  1.90%   130ms   7.15GiB  8.24%   209MiB
   KerkerDosMixing         17    752ms  0.31%  44.3ms    141MiB  0.16%  8.31MiB
     KerkerMixing          17    493ms  0.21%  29.0ms    114MiB  0.13%  6.74MiB
   QR orthonormaliz...  2.86k   1.56ms  0.00%   546ns     0.00B  0.00%    0.00B
 ──────────────────────────────────────────────────────────────────────────────

Total time in ns: 240702687600
