Julia version: 1.6.0-DEV.1324

Threading configuration: 
       JULIA_NUM_THREADS:   1
      JULIA_FFTW_THREADS:   4
      JULIA_BLAS_THREADS:   1
Payload:  Fe_scfres_guess.jld2

System facts:
    fft_size:      (30, 30, 30)
    kpoints:       168
    n_electrons:   16
    n_bands:       23

Compiling code ...
Timing SCF ...

n     Free energy       Eₙ-Eₙ₋₁     ρout-ρin   Magnet   Diag
---   ---------------   ---------   --------   ------   ----
  1   -111.8090452629         NaN   5.13e+00    2.000    1.0 
  2   -116.7235333848   -4.91e+00   3.03e+00    2.000    6.0 
  3   -120.7864803102   -4.06e+00   1.12e+00    2.387    5.7 
  4   -121.8708760143   -1.08e+00   2.62e-01    2.625    5.4 
  5   -121.8962130281   -2.53e-02   3.11e-01    2.373    3.2 
  6   -121.9450862421   -4.89e-02   1.65e-01    2.143    2.8 
  7   -121.9131397029    3.19e-02   2.27e-01    2.150    2.5 
  8   -121.9485858912   -3.54e-02   4.08e-02    1.882    2.5 
  9   -121.9494018164   -8.16e-04   1.10e-02    1.908    2.0 
 10   -121.9494538072   -5.20e-05   5.91e-03    1.932    2.5 
 11   -121.9494571622   -3.35e-06   7.30e-04    1.933    2.4 
 12   -121.9494574289   -2.67e-07   2.99e-04    1.929    4.0 
 13   -121.9494574261    2.81e-09   6.65e-05    1.928    3.0 
 14   -121.9494574190    7.06e-09   1.65e-05    1.928    3.0 
 15   -121.9494574189    1.15e-10   2.76e-06    1.928    3.5 
 16   -121.9494574191   -1.61e-10   6.57e-07    1.928    3.8 
 17   -121.9494574191   -1.80e-12   1.99e-07    1.928    3.2 
Energy breakdown:
    Kinetic             59.3814282
    AtomicLocal         -99.3605616
    AtomicNonlocal      -16.5408025
    Ewald               -85.8892161
    PspCorrection       3.5081636 
    Hartree             29.7313728
    Xc                  -12.7787483
    Entropy             -0.0010934

    total               -121.949457419091

 ──────────────────────────────────────────────────────────────────────────────
                                       Time                   Allocations      
                               ──────────────────────   ───────────────────────
       Tot / % measured:             252s / 99.0%           87.1GiB / 100%     

 Section               ncalls     time   %tot     avg     alloc   %tot      avg
 ──────────────────────────────────────────────────────────────────────────────
 self_consistent_field      1     249s   100%    249s   86.7GiB  100%   86.7GiB
   LOBPCG               2.86k     172s  68.9%  60.2ms   49.4GiB  56.9%  17.7MiB
     Hamiltonian mu...  12.4k     101s  40.4%  8.15ms   6.92GiB  7.98%   587KiB
     block multipli...  45.2k    21.6s  8.68%   478μs   8.41GiB  9.69%   195KiB
     ortho              40.3k    12.9s  5.15%   319μs   8.58GiB  9.89%   223KiB
     rayleigh_ritz      9.50k    12.4s  4.97%  1.30ms   1.37GiB  1.58%   151KiB
   compute_density         17    69.1s  27.7%   4.06s   29.6GiB  34.1%  1.74GiB
   energy_hamiltonian      35    4.96s  1.99%   142ms   7.15GiB  8.25%   209MiB
   KerkerDosMixing         17    720ms  0.29%  42.3ms    141MiB  0.16%  8.31MiB
     KerkerMixing          17    474ms  0.19%  27.9ms    114MiB  0.13%  6.74MiB
   QR orthonormaliz...  2.86k   1.61ms  0.00%   564ns     0.00B  0.00%    0.00B
 ──────────────────────────────────────────────────────────────────────────────

Total time in ns: 250429212926
