Julia version: 1.6.0-DEV.1324

Threading configuration: 
       JULIA_NUM_THREADS:   4
      JULIA_FFTW_THREADS:   1
      JULIA_BLAS_THREADS:   1
Payload:  Fe_scfres_guess.jld2

System facts:
    fft_size:      (30, 30, 30)
    kpoints:       168
    n_electrons:   16
    n_bands:       23

Compiling code ...
Timing SCF ...

n     Free energy       Eₙ-Eₙ₋₁     ρout-ρin   Magnet   Diag
---   ---------------   ---------   --------   ------   ----
  1   -111.8084467724         NaN   5.13e+00    2.000    1.0 
  2   -116.7236001678   -4.92e+00   3.03e+00    2.000    5.9 
  3   -120.7864670159   -4.06e+00   1.12e+00    2.387    5.7 
  4   -121.8709107528   -1.08e+00   2.62e-01    2.625    5.4 
  5   -121.8961632293   -2.53e-02   3.11e-01    2.373    3.3 
  6   -121.9451202060   -4.90e-02   1.65e-01    2.142    2.8 
  7   -121.9131647101    3.20e-02   2.27e-01    2.150    2.5 
  8   -121.9485812321   -3.54e-02   4.08e-02    1.882    2.6 
  9   -121.9494018528   -8.21e-04   1.10e-02    1.908    2.0 
 10   -121.9494537723   -5.19e-05   5.90e-03    1.932    2.6 
 11   -121.9494571689   -3.40e-06   7.27e-04    1.933    2.4 
 12   -121.9494574305   -2.62e-07   2.98e-04    1.929    3.9 
 13   -121.9494574257    4.77e-09   6.49e-05    1.928    3.2 
 14   -121.9494574191    6.66e-09   1.65e-05    1.928    3.0 
 15   -121.9494574189    1.84e-10   2.73e-06    1.928    3.5 
 16   -121.9494574191   -1.97e-10   6.97e-07    1.928    3.8 
 17   -121.9494574191    5.20e-12   1.80e-07    1.928    3.1 
Energy breakdown:
    Kinetic             59.3814284
    AtomicLocal         -99.3605618
    AtomicNonlocal      -16.5408025
    Ewald               -85.8892161
    PspCorrection       3.5081636 
    Hartree             29.7313729
    Xc                  -12.7787484
    Entropy             -0.0010934

    total               -121.949457419087

 ──────────────────────────────────────────────────────────────────────────────
                                       Time                   Allocations      
                               ──────────────────────   ───────────────────────
       Tot / % measured:             165s / 98.5%           55.1GiB / 99.4%    

 Section               ncalls     time   %tot     avg     alloc   %tot      avg
 ──────────────────────────────────────────────────────────────────────────────
 self_consistent_field      1     163s   100%    163s   54.8GiB  100%   54.8GiB
   LOBPCG               2.86k     134s  82.2%  46.8ms   38.6GiB  70.4%  13.8MiB
     Hamiltonian mu...  12.4k    66.4s  40.8%  5.36ms   6.09GiB  11.1%   515KiB
       kinetic+local    12.4k    59.1s  36.3%  4.77ms    491MiB  0.87%  40.5KiB
       nonlocal         12.4k    5.49s  3.37%   443μs   3.10GiB  5.65%   262KiB
     block multipli...  45.5k    20.7s  12.7%   455μs   8.42GiB  15.4%   194KiB
     rayleigh_ritz      9.54k    12.1s  7.41%  1.27ms   1.37GiB  2.50%   151KiB
     ortho              40.5k    10.9s  6.72%   270μs   1.29GiB  2.35%  33.4KiB
   compute_density         17    20.5s  12.6%   1.21s   8.37GiB  15.3%   504MiB
   energy_hamiltonian      35    4.72s  2.90%   135ms   7.17GiB  13.1%   210MiB
     ene_ops               35    4.08s  2.50%   116ms   4.72GiB  8.62%   138MiB
       ene_ops: xc         35    1.64s  1.01%  46.8ms   2.58GiB  4.70%  75.4MiB
       ene_ops: non...     35    1.44s  0.88%  41.0ms   92.7MiB  0.17%  2.65MiB
       ene_ops: kin...     35    925ms  0.57%  26.4ms   1.96GiB  3.58%  57.4MiB
       ene_ops: har...     35   27.6ms  0.02%   789μs   47.4MiB  0.08%  1.35MiB
       ene_ops: local      35   14.5ms  0.01%   413μs   22.0MiB  0.04%   645KiB
   KerkerDosMixing         17    757ms  0.46%  44.5ms    141MiB  0.25%  8.32MiB
     KerkerMixing          17    500ms  0.31%  29.4ms    114MiB  0.20%  6.73MiB
   QR orthonormaliz...  2.86k   1.40ms  0.00%   489ns     0.00B  0.00%    0.00B
 ──────────────────────────────────────────────────────────────────────────────

Total time in ns: 163820307495
