Julia version: 1.6.0-DEV.1324

Threading configuration: 
       JULIA_NUM_THREADS:   4
      JULIA_FFTW_THREADS:   2
      JULIA_BLAS_THREADS:   3
Payload:  Fe_scfres_guess.jld2

System facts:
    fft_size:      (30, 30, 30)
    kpoints:       168
    n_electrons:   16
    n_bands:       23

Compiling code ...
Timing SCF ...

n     Free energy       Eₙ-Eₙ₋₁     ρout-ρin   Magnet   Diag
---   ---------------   ---------   --------   ------   ----
  1   -111.8084467724         NaN   5.13e+00    2.000    1.0 
  2   -116.7235963074   -4.92e+00   3.03e+00    2.000    6.0 
  3   -120.7864617250   -4.06e+00   1.12e+00    2.387    5.7 
  4   -121.8709125156   -1.08e+00   2.62e-01    2.625    5.4 
  5   -121.8961567884   -2.52e-02   3.11e-01    2.373    3.3 
  6   -121.9451221863   -4.90e-02   1.65e-01    2.142    2.8 
  7   -121.9131988324    3.19e-02   2.27e-01    2.150    2.5 
  8   -121.9485824702   -3.54e-02   4.08e-02    1.882    2.5 
  9   -121.9494018572   -8.19e-04   1.10e-02    1.908    2.0 
 10   -121.9494537838   -5.19e-05   5.91e-03    1.932    2.6 
 11   -121.9494571644   -3.38e-06   7.29e-04    1.933    2.3 
 12   -121.9494574301   -2.66e-07   2.99e-04    1.929    4.0 
 13   -121.9494574258    4.30e-09   6.53e-05    1.928    3.0 
 14   -121.9494574191    6.75e-09   1.65e-05    1.928    3.0 
 15   -121.9494574189    1.74e-10   2.73e-06    1.928    3.6 
 16   -121.9494574191   -1.93e-10   6.79e-07    1.928    3.8 
 17   -121.9494574191    2.81e-12   1.86e-07    1.928    3.1 
Energy breakdown:
    Kinetic             59.3814283
    AtomicLocal         -99.3605617
    AtomicNonlocal      -16.5408025
    Ewald               -85.8892161
    PspCorrection       3.5081636 
    Hartree             29.7313728
    Xc                  -12.7787483
    Entropy             -0.0010934

    total               -121.949457419089

 ──────────────────────────────────────────────────────────────────────────────
                                       Time                   Allocations      
                               ──────────────────────   ───────────────────────
       Tot / % measured:             131s / 98.1%           56.5GiB / 99.4%    

 Section               ncalls     time   %tot     avg     alloc   %tot      avg
 ──────────────────────────────────────────────────────────────────────────────
 self_consistent_field      1     128s   100%    128s   56.2GiB  100%   56.2GiB
   LOBPCG               2.86k     100s  77.7%  34.8ms   39.8GiB  70.8%  14.3MiB
     Hamiltonian mu...  12.4k    51.5s  40.1%  4.15ms   7.28GiB  13.0%   617KiB
       kinetic+local    12.4k    46.6s  36.4%  3.77ms   1.67GiB  2.97%   141KiB
       nonlocal         12.4k    3.23s  2.52%   261μs   3.10GiB  5.51%   263KiB
     block multipli...  45.4k    10.7s  8.34%   236μs   8.43GiB  15.0%   195KiB
     ortho              40.4k    9.38s  7.32%   232μs   1.29GiB  2.29%  33.5KiB
     rayleigh_ritz      9.53k    8.60s  6.71%   902μs   1.37GiB  2.44%   151KiB
   compute_density         17    20.9s  16.3%   1.23s   8.57GiB  15.2%   516MiB
   energy_hamiltonian      35    4.07s  3.17%   116ms   7.18GiB  12.8%   210MiB
     ene_ops               35    3.34s  2.61%  95.5ms   4.73GiB  8.41%   138MiB
       ene_ops: xc         35    1.65s  1.29%  47.2ms   2.58GiB  4.59%  75.6MiB
       ene_ops: kin...     35    816ms  0.64%  23.3ms   1.96GiB  3.49%  57.4MiB
       ene_ops: non...     35    801ms  0.62%  22.9ms   92.7MiB  0.16%  2.65MiB
       ene_ops: har...     35   26.0ms  0.02%   742μs   47.5MiB  0.08%  1.36MiB
       ene_ops: local      35   12.8ms  0.01%   365μs   22.1MiB  0.04%   646KiB
   KerkerDosMixing         17    760ms  0.59%  44.7ms    142MiB  0.25%  8.33MiB
     KerkerMixing          17    500ms  0.39%  29.4ms    114MiB  0.20%  6.73MiB
   QR orthonormaliz...  2.86k   1.11ms  0.00%   389ns     0.00B  0.00%    0.00B
 ──────────────────────────────────────────────────────────────────────────────

Total time in ns: 129237033930
