Julia version: 1.6.0-DEV.1324

Threading configuration: 
       JULIA_NUM_THREADS:   4
      JULIA_FFTW_THREADS:   2
      JULIA_BLAS_THREADS:   1
Payload:  Fe_scfres_guess.jld2

System facts:
    fft_size:      (30, 30, 30)
    kpoints:       168
    n_electrons:   16
    n_bands:       23

Compiling code ...
Timing SCF ...

n     Free energy       Eₙ-Eₙ₋₁     ρout-ρin   Magnet   Diag
---   ---------------   ---------   --------   ------   ----
  1   -111.8084467724         NaN   5.13e+00    2.000    1.0 
  2   -116.7236040234   -4.92e+00   3.03e+00    2.000    6.0 
  3   -120.7864646303   -4.06e+00   1.12e+00    2.387    5.7 
  4   -121.8709150910   -1.08e+00   2.61e-01    2.625    5.4 
  5   -121.8961539474   -2.52e-02   3.11e-01    2.373    3.2 
  6   -121.9451240272   -4.90e-02   1.65e-01    2.142    2.8 
  7   -121.9131823024    3.19e-02   2.27e-01    2.150    2.5 
  8   -121.9485822184   -3.54e-02   4.08e-02    1.882    2.6 
  9   -121.9494019317   -8.20e-04   1.10e-02    1.908    2.0 
 10   -121.9494538018   -5.19e-05   5.90e-03    1.932    2.6 
 11   -121.9494571635   -3.36e-06   7.28e-04    1.933    2.3 
 12   -121.9494574289   -2.65e-07   2.99e-04    1.929    4.0 
 13   -121.9494574259    3.03e-09   6.60e-05    1.928    3.1 
 14   -121.9494574190    6.87e-09   1.65e-05    1.928    3.0 
 15   -121.9494574189    1.22e-10   2.74e-06    1.928    3.5 
 16   -121.9494574191   -1.66e-10   6.70e-07    1.928    3.7 
 17   -121.9494574191   -1.39e-12   1.95e-07    1.928    3.3 
Energy breakdown:
    Kinetic             59.3814282
    AtomicLocal         -99.3605616
    AtomicNonlocal      -16.5408024
    Ewald               -85.8892161
    PspCorrection       3.5081636 
    Hartree             29.7313727
    Xc                  -12.7787483
    Entropy             -0.0010934

    total               -121.949457419092

 ──────────────────────────────────────────────────────────────────────────────
                                       Time                   Allocations      
                               ──────────────────────   ───────────────────────
       Tot / % measured:             163s / 98.5%           56.5GiB / 99.4%    

 Section               ncalls     time   %tot     avg     alloc   %tot      avg
 ──────────────────────────────────────────────────────────────────────────────
 self_consistent_field      1     161s   100%    161s   56.2GiB  100%   56.2GiB
   LOBPCG               2.86k     132s  81.8%  46.1ms   39.8GiB  70.8%  14.3MiB
     Hamiltonian mu...  12.4k    62.7s  39.0%  5.07ms   7.28GiB  13.0%   617KiB
       kinetic+local    12.4k    55.8s  34.6%  4.51ms   1.67GiB  2.97%   141KiB
       nonlocal         12.4k    5.43s  3.37%   439μs   3.10GiB  5.51%   262KiB
     block multipli...  45.3k    21.7s  13.5%   480μs   8.41GiB  15.0%   195KiB
     rayleigh_ritz      9.52k    12.2s  7.56%  1.28ms   1.37GiB  2.44%   151KiB
     ortho              40.3k    11.1s  6.87%   274μs   1.29GiB  2.29%  33.4KiB
   compute_density         17    21.0s  13.0%   1.23s   8.57GiB  15.3%   516MiB
   energy_hamiltonian      35    4.56s  2.83%   130ms   7.18GiB  12.8%   210MiB
     ene_ops               35    3.91s  2.43%   112ms   4.73GiB  8.41%   138MiB
       ene_ops: xc         35    1.65s  1.03%  47.2ms   2.58GiB  4.60%  75.6MiB
       ene_ops: non...     35    1.44s  0.89%  41.1ms   92.7MiB  0.16%  2.65MiB
       ene_ops: kin...     35    732ms  0.45%  20.9ms   1.96GiB  3.49%  57.4MiB
       ene_ops: har...     35   24.6ms  0.02%   704μs   47.5MiB  0.08%  1.36MiB
       ene_ops: local      35   13.2ms  0.01%   377μs   22.1MiB  0.04%   646KiB
   KerkerDosMixing         17    764ms  0.47%  44.9ms    142MiB  0.25%  8.33MiB
     KerkerMixing          17    505ms  0.31%  29.7ms    114MiB  0.20%  6.73MiB
   QR orthonormaliz...  2.86k   1.36ms  0.00%   475ns     0.00B  0.00%    0.00B
 ──────────────────────────────────────────────────────────────────────────────

Total time in ns: 162001732559
