Julia version: 1.6.0-DEV.1324

Threading configuration: 
       JULIA_NUM_THREADS:   1
      JULIA_FFTW_THREADS:   4
      JULIA_BLAS_THREADS:   3
Payload:  Fe_scfres_guess.jld2

System facts:
    fft_size:      (30, 30, 30)
    kpoints:       168
    n_electrons:   16
    n_bands:       23

Compiling code ...
Timing SCF ...

n     Free energy       Eₙ-Eₙ₋₁     ρout-ρin   Magnet   Diag
---   ---------------   ---------   --------   ------   ----
  1   -111.8090452629         NaN   5.13e+00    2.000    1.0 
  2   -116.7235342613   -4.91e+00   3.03e+00    2.000    6.0 
  3   -120.7864752086   -4.06e+00   1.12e+00    2.387    5.7 
  4   -121.8708787491   -1.08e+00   2.62e-01    2.625    5.3 
  5   -121.8962058742   -2.53e-02   3.11e-01    2.373    3.2 
  6   -121.9450934410   -4.89e-02   1.65e-01    2.143    2.8 
  7   -121.9131574034    3.19e-02   2.27e-01    2.150    2.5 
  8   -121.9485845592   -3.54e-02   4.08e-02    1.882    2.5 
  9   -121.9494018529   -8.17e-04   1.10e-02    1.908    2.0 
 10   -121.9494537848   -5.19e-05   5.91e-03    1.932    2.6 
 11   -121.9494571650   -3.38e-06   7.28e-04    1.933    2.3 
 12   -121.9494574299   -2.65e-07   2.98e-04    1.929    4.0 
 13   -121.9494574259    3.92e-09   6.58e-05    1.928    3.1 
 14   -121.9494574191    6.86e-09   1.65e-05    1.928    3.0 
 15   -121.9494574189    1.60e-10   2.73e-06    1.928    3.5 
 16   -121.9494574191   -1.78e-10   6.79e-07    1.928    3.8 
 17   -121.9494574191    3.50e-12   1.87e-07    1.928    3.1 
Energy breakdown:
    Kinetic             59.3814283
    AtomicLocal         -99.3605618
    AtomicNonlocal      -16.5408025
    Ewald               -85.8892161
    PspCorrection       3.5081636 
    Hartree             29.7313729
    Xc                  -12.7787483
    Entropy             -0.0010934

    total               -121.949457419088

 ──────────────────────────────────────────────────────────────────────────────
                                       Time                   Allocations      
                               ──────────────────────   ───────────────────────
       Tot / % measured:             233s / 98.9%           87.1GiB / 100%     

 Section               ncalls     time   %tot     avg     alloc   %tot      avg
 ──────────────────────────────────────────────────────────────────────────────
 self_consistent_field      1     231s   100%    231s   86.8GiB  100%   86.8GiB
   LOBPCG               2.86k     150s  65.0%  52.5ms   49.4GiB  56.9%  17.7MiB
     Hamiltonian mu...  12.4k    98.1s  42.5%  7.92ms   6.92GiB  7.98%   586KiB
     ortho              40.4k    11.4s  4.94%   282μs   8.58GiB  9.89%   223KiB
     block multipli...  45.4k    10.5s  4.54%   231μs   8.42GiB  9.70%   195KiB
     rayleigh_ritz      9.53k    8.72s  3.78%   915μs   1.37GiB  1.58%   151KiB
   compute_density         17    72.5s  31.4%   4.26s   29.6GiB  34.1%  1.74GiB
   energy_hamiltonian      35    4.62s  2.00%   132ms   7.15GiB  8.25%   209MiB
   KerkerDosMixing         17    743ms  0.32%  43.7ms    141MiB  0.16%  8.31MiB
     KerkerMixing          17    462ms  0.20%  27.2ms    114MiB  0.13%  6.74MiB
   QR orthonormaliz...  2.86k   1.45ms  0.00%   507ns     0.00B  0.00%    0.00B
 ──────────────────────────────────────────────────────────────────────────────

Total time in ns: 231739093831
