Julia version: 1.6.0-DEV.1324

Threading configuration: 
       JULIA_NUM_THREADS:   1
      JULIA_FFTW_THREADS:   2
      JULIA_BLAS_THREADS:   4
Payload:  Fe_scfres_guess.jld2

System facts:
    fft_size:      (30, 30, 30)
    kpoints:       168
    n_electrons:   16
    n_bands:       23

Compiling code ...
Timing SCF ...

n     Free energy       Eₙ-Eₙ₋₁     ρout-ρin   Magnet   Diag
---   ---------------   ---------   --------   ------   ----
  1   -111.8090315840         NaN   5.13e+00    2.000    1.0 
  2   -116.7235342701   -4.91e+00   3.03e+00    2.000    6.0 
  3   -120.7864784440   -4.06e+00   1.12e+00    2.387    5.7 
  4   -121.8708735761   -1.08e+00   2.62e-01    2.625    5.4 
  5   -121.8962157165   -2.53e-02   3.11e-01    2.373    3.3 
  6   -121.9450864070   -4.89e-02   1.65e-01    2.143    2.8 
  7   -121.9131366301    3.19e-02   2.27e-01    2.150    2.5 
  8   -121.9485855080   -3.54e-02   4.08e-02    1.882    2.5 
  9   -121.9494018970   -8.16e-04   1.10e-02    1.908    2.0 
 10   -121.9494538016   -5.19e-05   5.90e-03    1.932    2.6 
 11   -121.9494571649   -3.36e-06   7.29e-04    1.933    2.3 
 12   -121.9494574292   -2.64e-07   2.97e-04    1.929    4.0 
 13   -121.9494574260    3.28e-09   6.60e-05    1.928    3.1 
 14   -121.9494574190    6.91e-09   1.65e-05    1.928    3.0 
 15   -121.9494574189    1.30e-10   2.75e-06    1.928    3.5 
 16   -121.9494574191   -1.73e-10   6.66e-07    1.928    3.8 
 17   -121.9494574191   -2.74e-12   2.04e-07    1.928    3.2 
Energy breakdown:
    Kinetic             59.3814282
    AtomicLocal         -99.3605616
    AtomicNonlocal      -16.5408024
    Ewald               -85.8892161
    PspCorrection       3.5081636 
    Hartree             29.7313727
    Xc                  -12.7787483
    Entropy             -0.0010934

    total               -121.949457419092

 ──────────────────────────────────────────────────────────────────────────────
                                       Time                   Allocations      
                               ──────────────────────   ───────────────────────
       Tot / % measured:             271s / 99.0%           87.1GiB / 100%     

 Section               ncalls     time   %tot     avg     alloc   %tot      avg
 ──────────────────────────────────────────────────────────────────────────────
 self_consistent_field      1     269s   100%    269s   86.8GiB  100%   86.8GiB
   LOBPCG               2.86k     180s  66.9%  62.9ms   49.4GiB  56.9%  17.7MiB
     Hamiltonian mu...  12.4k     124s  46.0%  10.0ms   6.92GiB  7.98%   586KiB
     ortho              40.4k    11.7s  4.34%   289μs   8.59GiB  9.89%   223KiB
     rayleigh_ritz      9.53k    10.4s  3.86%  1.09ms   1.37GiB  1.58%   151KiB
     block multipli...  45.4k    9.51s  3.54%   210μs   8.42GiB  9.70%   195KiB
   compute_density         17    79.8s  29.7%   4.70s   29.6GiB  34.1%  1.74GiB
   energy_hamiltonian      35    5.17s  1.92%   148ms   7.15GiB  8.24%   209MiB
   KerkerDosMixing         17    782ms  0.29%  46.0ms    141MiB  0.16%  8.31MiB
     KerkerMixing          17    513ms  0.19%  30.1ms    114MiB  0.13%  6.74MiB
   QR orthonormaliz...  2.86k   1.68ms  0.00%   589ns     0.00B  0.00%    0.00B
 ──────────────────────────────────────────────────────────────────────────────

Total time in ns: 269761051465
