Julia version: 1.6.0-DEV.1324

Threading configuration: 
       JULIA_NUM_THREADS:   4
      JULIA_FFTW_THREADS:   1
      JULIA_BLAS_THREADS:   3
Payload:  Fe_scfres_guess.jld2

System facts:
    fft_size:      (30, 30, 30)
    kpoints:       168
    n_electrons:   16
    n_bands:       23

Compiling code ...
Timing SCF ...

n     Free energy       Eₙ-Eₙ₋₁     ρout-ρin   Magnet   Diag
---   ---------------   ---------   --------   ------   ----
  1   -111.8084467724         NaN   5.13e+00    2.000    1.0 
  2   -116.7235982211   -4.92e+00   3.03e+00    2.000    6.0 
  3   -120.7864609521   -4.06e+00   1.12e+00    2.387    5.7 
  4   -121.8709152045   -1.08e+00   2.61e-01    2.625    5.4 
  5   -121.8961546777   -2.52e-02   3.11e-01    2.373    3.2 
  6   -121.9451193196   -4.90e-02   1.65e-01    2.142    2.8 
  7   -121.9131531235    3.20e-02   2.27e-01    2.150    2.5 
  8   -121.9485810769   -3.54e-02   4.08e-02    1.882    2.6 
  9   -121.9494018339   -8.21e-04   1.10e-02    1.908    2.0 
 10   -121.9494538077   -5.20e-05   5.90e-03    1.932    2.6 
 11   -121.9494571654   -3.36e-06   7.30e-04    1.933    2.3 
 12   -121.9494574291   -2.64e-07   2.99e-04    1.929    4.1 
 13   -121.9494574260    3.13e-09   6.58e-05    1.928    3.0 
 14   -121.9494574191    6.91e-09   1.64e-05    1.928    3.1 
 15   -121.9494574189    1.28e-10   2.75e-06    1.928    3.5 
 16   -121.9494574191   -1.67e-10   6.59e-07    1.928    3.7 
 17   -121.9494574191   -1.95e-12   1.97e-07    1.928    3.2 
Energy breakdown:
    Kinetic             59.3814282
    AtomicLocal         -99.3605616
    AtomicNonlocal      -16.5408024
    Ewald               -85.8892161
    PspCorrection       3.5081636 
    Hartree             29.7313727
    Xc                  -12.7787483
    Entropy             -0.0010934

    total               -121.949457419092

 ──────────────────────────────────────────────────────────────────────────────
                                       Time                   Allocations      
                               ──────────────────────   ───────────────────────
       Tot / % measured:             126s / 98.0%           55.1GiB / 99.4%    

 Section               ncalls     time   %tot     avg     alloc   %tot      avg
 ──────────────────────────────────────────────────────────────────────────────
 self_consistent_field      1     123s   100%    123s   54.8GiB  100%   54.8GiB
   LOBPCG               2.86k    94.8s  76.9%  33.2ms   38.6GiB  70.4%  13.8MiB
     Hamiltonian mu...  12.4k    45.8s  37.2%  3.70ms   6.09GiB  11.1%   516KiB
       kinetic+local    12.4k    40.9s  33.2%  3.31ms    491MiB  0.87%  40.6KiB
       nonlocal         12.4k    3.29s  2.67%   265μs   3.10GiB  5.65%   262KiB
     block multipli...  45.4k    10.8s  8.74%   237μs   8.42GiB  15.4%   195KiB
     ortho              40.4k    9.47s  7.68%   234μs   1.29GiB  2.35%  33.4KiB
     rayleigh_ritz      9.53k    8.62s  6.99%   905μs   1.37GiB  2.50%   151KiB
   compute_density         17    20.3s  16.4%   1.19s   8.37GiB  15.3%   504MiB
   energy_hamiltonian      35    4.44s  3.60%   127ms   7.17GiB  13.1%   210MiB
     ene_ops               35    3.80s  3.08%   109ms   4.72GiB  8.62%   138MiB
       ene_ops: xc         35    1.81s  1.47%  51.7ms   2.58GiB  4.70%  75.4MiB
       ene_ops: kin...     35    1.06s  0.86%  30.3ms   1.96GiB  3.58%  57.4MiB
       ene_ops: non...     35    820ms  0.67%  23.4ms   92.7MiB  0.17%  2.65MiB
       ene_ops: har...     35   36.6ms  0.03%  1.05ms   47.4MiB  0.08%  1.35MiB
       ene_ops: local      35   33.1ms  0.03%   945μs   22.0MiB  0.04%   645KiB
   KerkerDosMixing         17    772ms  0.63%  45.4ms    141MiB  0.25%  8.32MiB
     KerkerMixing          17    506ms  0.41%  29.7ms    114MiB  0.20%  6.73MiB
   QR orthonormaliz...  2.86k   1.43ms  0.00%   502ns     0.00B  0.00%    0.00B
 ──────────────────────────────────────────────────────────────────────────────

Total time in ns: 124390225044
