Julia version: 1.6.0-DEV.1324

Threading configuration: 
       JULIA_NUM_THREADS:   5
      JULIA_FFTW_THREADS:   2
      JULIA_BLAS_THREADS:   4
Payload:  Fe_scfres_guess.jld2

System facts:
    fft_size:      (30, 30, 30)
    kpoints:       168
    n_electrons:   16
    n_bands:       23

Compiling code ...
Timing SCF ...

n     Free energy       Eₙ-Eₙ₋₁     ρout-ρin   Magnet   Diag
---   ---------------   ---------   --------   ------   ----
  1   -111.8084467724         NaN   5.13e+00    2.000    1.0 
  2   -116.7236091668   -4.92e+00   3.03e+00    2.000    6.0 
  3   -120.7864657622   -4.06e+00   1.12e+00    2.387    5.7 
  4   -121.8709121734   -1.08e+00   2.62e-01    2.625    5.4 
  5   -121.8961601772   -2.52e-02   3.11e-01    2.373    3.2 
  6   -121.9451221320   -4.90e-02   1.65e-01    2.142    2.8 
  7   -121.9131839387    3.19e-02   2.27e-01    2.150    2.5 
  8   -121.9485831636   -3.54e-02   4.08e-02    1.882    2.5 
  9   -121.9494018786   -8.19e-04   1.10e-02    1.908    2.0 
 10   -121.9494538046   -5.19e-05   5.89e-03    1.932    2.6 
 11   -121.9494571628   -3.36e-06   7.29e-04    1.933    2.3 
 12   -121.9494574290   -2.66e-07   2.98e-04    1.929    4.0 
 13   -121.9494574260    3.01e-09   6.63e-05    1.928    3.0 
 14   -121.9494574190    6.93e-09   1.65e-05    1.928    3.0 
 15   -121.9494574189    1.13e-10   2.75e-06    1.928    3.5 
 16   -121.9494574191   -1.73e-10   6.63e-07    1.928    3.8 
 17   -121.9494574191   -2.03e-12   1.97e-07    1.928    3.3 
Energy breakdown:
    Kinetic             59.3814282
    AtomicLocal         -99.3605616
    AtomicNonlocal      -16.5408025
    Ewald               -85.8892161
    PspCorrection       3.5081636 
    Hartree             29.7313728
    Xc                  -12.7787483
    Entropy             -0.0010934

    total               -121.949457419091

 ──────────────────────────────────────────────────────────────────────────────
                                       Time                   Allocations      
                               ──────────────────────   ───────────────────────
       Tot / % measured:             123s / 97.9%           58.3GiB / 99.5%    

 Section               ncalls     time   %tot     avg     alloc   %tot      avg
 ──────────────────────────────────────────────────────────────────────────────
 self_consistent_field      1     120s   100%    120s   58.0GiB  100%   58.0GiB
   LOBPCG               2.86k    94.0s  78.3%  32.9ms   39.8GiB  68.6%  14.3MiB
     Hamiltonian mu...  12.4k    44.0s  36.6%  3.55ms   7.28GiB  12.6%   617KiB
       kinetic+local    12.4k    38.9s  32.4%  3.15ms   1.67GiB  2.89%   142KiB
       nonlocal         12.4k    3.31s  2.76%   268μs   3.10GiB  5.34%   263KiB
     rayleigh_ritz      9.52k    10.6s  8.83%  1.11ms   1.37GiB  2.36%   151KiB
     block multipli...  45.3k    9.05s  7.54%   200μs   8.41GiB  14.5%   195KiB
     ortho              40.3k    8.98s  7.48%   223μs   1.29GiB  2.22%  33.4KiB
   compute_density         17    18.0s  15.0%   1.06s   10.3GiB  17.8%   622MiB
   energy_hamiltonian      35    4.27s  3.56%   122ms   7.19GiB  12.4%   210MiB
     ene_ops               35    3.50s  2.92%   100ms   4.73GiB  8.16%   138MiB
       ene_ops: xc         35    1.71s  1.43%  48.9ms   2.58GiB  4.45%  75.6MiB
       ene_ops: kin...     35    889ms  0.74%  25.4ms   1.96GiB  3.38%  57.4MiB
       ene_ops: non...     35    815ms  0.68%  23.3ms   92.7MiB  0.16%  2.65MiB
       ene_ops: har...     35   30.6ms  0.03%   875μs   47.5MiB  0.08%  1.36MiB
       ene_ops: local      35   20.3ms  0.02%   580μs   22.1MiB  0.04%   646KiB
   KerkerDosMixing         17    810ms  0.67%  47.7ms    142MiB  0.24%  8.33MiB
     KerkerMixing          17    545ms  0.45%  32.0ms    114MiB  0.19%  6.73MiB
   QR orthonormaliz...  2.86k   1.29ms  0.00%   453ns     0.00B  0.00%    0.00B
 ──────────────────────────────────────────────────────────────────────────────

Total time in ns: 121192816413
