Julia version: 1.6.0-DEV.1324

Threading configuration: 
       JULIA_NUM_THREADS:   5
      JULIA_FFTW_THREADS:   1
      JULIA_BLAS_THREADS:   4
Payload:  Fe_scfres_guess.jld2

System facts:
    fft_size:      (30, 30, 30)
    kpoints:       168
    n_electrons:   16
    n_bands:       23

Compiling code ...
Timing SCF ...

n     Free energy       Eₙ-Eₙ₋₁     ρout-ρin   Magnet   Diag
---   ---------------   ---------   --------   ------   ----
  1   -111.8084467724         NaN   5.13e+00    2.000    1.0 
  2   -116.7236024014   -4.92e+00   3.03e+00    2.000    6.0 
  3   -120.7864609749   -4.06e+00   1.12e+00    2.387    5.7 
  4   -121.8709159588   -1.08e+00   2.61e-01    2.625    5.4 
  5   -121.8961497386   -2.52e-02   3.11e-01    2.373    3.3 
  6   -121.9451218806   -4.90e-02   1.65e-01    2.142    2.8 
  7   -121.9131592404    3.20e-02   2.27e-01    2.150    2.5 
  8   -121.9485812728   -3.54e-02   4.08e-02    1.882    2.6 
  9   -121.9494019113   -8.21e-04   1.10e-02    1.908    2.0 
 10   -121.9494538013   -5.19e-05   5.91e-03    1.932    2.6 
 11   -121.9494571641   -3.36e-06   7.29e-04    1.933    2.4 
 12   -121.9494574292   -2.65e-07   2.98e-04    1.929    4.0 
 13   -121.9494574259    3.33e-09   6.58e-05    1.928    3.0 
 14   -121.9494574191    6.85e-09   1.65e-05    1.928    3.0 
 15   -121.9494574189    1.51e-10   2.74e-06    1.928    3.6 
 16   -121.9494574191   -1.81e-10   6.65e-07    1.928    3.7 
 17   -121.9494574191   -1.75e-12   1.95e-07    1.928    3.3 
Energy breakdown:
    Kinetic             59.3814282
    AtomicLocal         -99.3605616
    AtomicNonlocal      -16.5408025
    Ewald               -85.8892161
    PspCorrection       3.5081636 
    Hartree             29.7313728
    Xc                  -12.7787483
    Entropy             -0.0010934

    total               -121.949457419091

 ──────────────────────────────────────────────────────────────────────────────
                                       Time                   Allocations      
                               ──────────────────────   ───────────────────────
       Tot / % measured:             120s / 97.8%           56.9GiB / 99.5%    

 Section               ncalls     time   %tot     avg     alloc   %tot      avg
 ──────────────────────────────────────────────────────────────────────────────
 self_consistent_field      1     117s   100%    117s   56.6GiB  100%   56.6GiB
   LOBPCG               2.86k    90.5s  77.4%  31.7ms   38.6GiB  68.2%  13.8MiB
     Hamiltonian mu...  12.4k    39.8s  34.1%  3.22ms   6.09GiB  10.8%   516KiB
       kinetic+local    12.4k    34.7s  29.7%  2.81ms    496MiB  0.86%  41.0KiB
       nonlocal         12.4k    3.21s  2.75%   259μs   3.10GiB  5.47%   262KiB
     rayleigh_ritz      9.53k    10.1s  8.67%  1.06ms   1.37GiB  2.42%   151KiB
     ortho              40.4k    9.23s  7.89%   229μs   1.29GiB  2.27%  33.4KiB
     block multipli...  45.4k    9.08s  7.76%   200μs   8.41GiB  14.9%   194KiB
   compute_density         17    17.7s  15.2%   1.04s   10.1GiB  17.9%   610MiB
   energy_hamiltonian      35    4.61s  3.94%   132ms   7.19GiB  12.7%   210MiB
     ene_ops               35    3.82s  3.27%   109ms   4.72GiB  8.35%   138MiB
       ene_ops: xc         35    1.87s  1.60%  53.6ms   2.58GiB  4.56%  75.4MiB
       ene_ops: kin...     35    1.04s  0.89%  29.8ms   1.96GiB  3.47%  57.4MiB
       ene_ops: non...     35    814ms  0.70%  23.3ms   92.7MiB  0.16%  2.65MiB
       ene_ops: har...     35   30.1ms  0.03%   859μs   47.4MiB  0.08%  1.35MiB
       ene_ops: local      35   15.2ms  0.01%   434μs   22.0MiB  0.04%   645KiB
   KerkerDosMixing         17    883ms  0.76%  51.9ms    141MiB  0.24%  8.32MiB
     KerkerMixing          17    607ms  0.52%  35.7ms    114MiB  0.20%  6.73MiB
   QR orthonormaliz...  2.86k   1.38ms  0.00%   483ns     0.00B  0.00%    0.00B
 ──────────────────────────────────────────────────────────────────────────────

Total time in ns: 118134863015
