Julia version: 1.6.0-DEV.1324

Threading configuration: 
       JULIA_NUM_THREADS:   5
      JULIA_FFTW_THREADS:   1
      JULIA_BLAS_THREADS:   5
Payload:  Fe_scfres_guess.jld2

System facts:
    fft_size:      (30, 30, 30)
    kpoints:       168
    n_electrons:   16
    n_bands:       23

Compiling code ...
Timing SCF ...

n     Free energy       Eₙ-Eₙ₋₁     ρout-ρin   Magnet   Diag
---   ---------------   ---------   --------   ------   ----
  1   -111.8084467724         NaN   5.13e+00    2.000    1.0 
  2   -116.7236114002   -4.92e+00   3.03e+00    2.000    6.0 
  3   -120.7864574812   -4.06e+00   1.12e+00    2.387    5.7 
  4   -121.8709174622   -1.08e+00   2.61e-01    2.625    5.4 
  5   -121.8961446475   -2.52e-02   3.11e-01    2.373    3.2 
  6   -121.9451284100   -4.90e-02   1.65e-01    2.142    2.8 
  7   -121.9131928818    3.19e-02   2.27e-01    2.150    2.5 
  8   -121.9485810884   -3.54e-02   4.08e-02    1.882    2.6 
  9   -121.9494019442   -8.21e-04   1.10e-02    1.908    2.0 
 10   -121.9494537768   -5.18e-05   5.90e-03    1.932    2.6 
 11   -121.9494571652   -3.39e-06   7.27e-04    1.933    2.4 
 12   -121.9494574303   -2.65e-07   2.98e-04    1.929    4.0 
 13   -121.9494574258    4.55e-09   6.53e-05    1.928    3.0 
 14   -121.9494574191    6.69e-09   1.65e-05    1.928    3.0 
 15   -121.9494574189    1.82e-10   2.73e-06    1.928    3.6 
 16   -121.9494574191   -1.90e-10   6.83e-07    1.928    3.7 
 17   -121.9494574191    2.09e-12   1.88e-07    1.928    3.2 
Energy breakdown:
    Kinetic             59.3814283
    AtomicLocal         -99.3605617
    AtomicNonlocal      -16.5408025
    Ewald               -85.8892161
    PspCorrection       3.5081636 
    Hartree             29.7313728
    Xc                  -12.7787483
    Entropy             -0.0010934

    total               -121.949457419089

 ──────────────────────────────────────────────────────────────────────────────
                                       Time                   Allocations      
                               ──────────────────────   ───────────────────────
       Tot / % measured:             119s / 97.8%           56.9GiB / 99.5%    

 Section               ncalls     time   %tot     avg     alloc   %tot      avg
 ──────────────────────────────────────────────────────────────────────────────
 self_consistent_field      1     117s   100%    117s   56.6GiB  100%   56.6GiB
   LOBPCG               2.86k    89.9s  77.1%  31.5ms   38.6GiB  68.2%  13.8MiB
     Hamiltonian mu...  12.4k    40.5s  34.7%  3.27ms   6.09GiB  10.8%   516KiB
       kinetic+local    12.4k    35.6s  30.6%  2.88ms    496MiB  0.86%  41.0KiB
       nonlocal         12.4k    2.99s  2.57%   242μs   3.10GiB  5.47%   262KiB
     rayleigh_ritz      9.52k    10.3s  8.81%  1.08ms   1.37GiB  2.42%   151KiB
     ortho              40.4k    8.82s  7.57%   219μs   1.29GiB  2.27%  33.4KiB
     block multipli...  45.3k    8.27s  7.09%   182μs   8.41GiB  14.9%   194KiB
   compute_density         17    17.5s  15.0%   1.03s   10.1GiB  17.9%   610MiB
   energy_hamiltonian      35    5.10s  4.37%   146ms   7.19GiB  12.7%   210MiB
     ene_ops               35    4.29s  3.68%   123ms   4.72GiB  8.35%   138MiB
       ene_ops: xc         35    1.98s  1.69%  56.5ms   2.58GiB  4.56%  75.4MiB
       ene_ops: kin...     35    1.28s  1.10%  36.6ms   1.96GiB  3.47%  57.4MiB
       ene_ops: non...     35    930ms  0.80%  26.6ms   92.7MiB  0.16%  2.65MiB
       ene_ops: har...     35   35.5ms  0.03%  1.01ms   47.4MiB  0.08%  1.35MiB
       ene_ops: local      35   25.9ms  0.02%   739μs   22.0MiB  0.04%   645KiB
   KerkerDosMixing         17    928ms  0.80%  54.6ms    141MiB  0.24%  8.32MiB
     KerkerMixing          17    598ms  0.51%  35.1ms    114MiB  0.20%  6.73MiB
   QR orthonormaliz...  2.86k   1.32ms  0.00%   463ns     0.00B  0.00%    0.00B
 ──────────────────────────────────────────────────────────────────────────────

Total time in ns: 117724773318
