Julia version: 1.6.0-DEV.1324

Threading configuration: 
       JULIA_NUM_THREADS:   5
      JULIA_FFTW_THREADS:   2
      JULIA_BLAS_THREADS:   5
Payload:  Fe_scfres_guess.jld2

System facts:
    fft_size:      (30, 30, 30)
    kpoints:       168
    n_electrons:   16
    n_bands:       23

Compiling code ...
Timing SCF ...

n     Free energy       Eₙ-Eₙ₋₁     ρout-ρin   Magnet   Diag
---   ---------------   ---------   --------   ------   ----
  1   -111.8084467724         NaN   5.13e+00    2.000    1.0 
  2   -116.7235988313   -4.92e+00   3.03e+00    2.000    6.0 
  3   -120.7864651814   -4.06e+00   1.12e+00    2.387    5.7 
  4   -121.8709122632   -1.08e+00   2.62e-01    2.625    5.4 
  5   -121.8961585432   -2.52e-02   3.11e-01    2.373    3.2 
  6   -121.9451239557   -4.90e-02   1.65e-01    2.142    2.8 
  7   -121.9131759518    3.19e-02   2.27e-01    2.150    2.5 
  8   -121.9485805473   -3.54e-02   4.08e-02    1.882    2.5 
  9   -121.9494018524   -8.21e-04   1.10e-02    1.908    2.0 
 10   -121.9494537850   -5.19e-05   5.90e-03    1.932    2.6 
 11   -121.9494571623   -3.38e-06   7.30e-04    1.933    2.4 
 12   -121.9494574291   -2.67e-07   3.00e-04    1.929    4.1 
 13   -121.9494574261    3.04e-09   6.62e-05    1.928    3.1 
 14   -121.9494574191    7.02e-09   1.65e-05    1.928    3.0 
 15   -121.9494574189    1.49e-10   2.74e-06    1.928    3.6 
 16   -121.9494574191   -1.67e-10   6.73e-07    1.928    3.7 
 17   -121.9494574191   -4.25e-12   1.99e-07    1.928    3.3 
Energy breakdown:
    Kinetic             59.3814281
    AtomicLocal         -99.3605615
    AtomicNonlocal      -16.5408024
    Ewald               -85.8892161
    PspCorrection       3.5081636 
    Hartree             29.7313727
    Xc                  -12.7787483
    Entropy             -0.0010934

    total               -121.949457419092

 ──────────────────────────────────────────────────────────────────────────────
                                       Time                   Allocations      
                               ──────────────────────   ───────────────────────
       Tot / % measured:             124s / 97.8%           58.3GiB / 99.5%    

 Section               ncalls     time   %tot     avg     alloc   %tot      avg
 ──────────────────────────────────────────────────────────────────────────────
 self_consistent_field      1     121s   100%    121s   58.0GiB  100%   58.0GiB
   LOBPCG               2.86k    94.7s  78.0%  33.2ms   39.8GiB  68.7%  14.3MiB
     Hamiltonian mu...  12.4k    44.3s  36.4%  3.58ms   7.29GiB  12.6%   617KiB
       kinetic+local    12.4k    39.5s  32.5%  3.19ms   1.68GiB  2.89%   142KiB
       nonlocal         12.4k    3.10s  2.55%   250μs   3.10GiB  5.34%   262KiB
     rayleigh_ritz      9.53k    10.5s  8.60%  1.10ms   1.37GiB  2.36%   151KiB
     ortho              40.4k    9.03s  7.44%   224μs   1.29GiB  2.22%  33.4KiB
     block multipli...  45.4k    8.51s  7.00%   187μs   8.41GiB  14.5%   194KiB
   compute_density         17    18.5s  15.2%   1.09s   10.3GiB  17.8%   622MiB
   energy_hamiltonian      35    4.39s  3.61%   125ms   7.19GiB  12.4%   210MiB
     ene_ops               35    3.67s  3.02%   105ms   4.73GiB  8.15%   138MiB
       ene_ops: xc         35    1.86s  1.53%  53.1ms   2.58GiB  4.45%  75.6MiB
       ene_ops: kin...     35    875ms  0.72%  25.0ms   1.96GiB  3.38%  57.4MiB
       ene_ops: non...     35    841ms  0.69%  24.0ms   92.7MiB  0.16%  2.65MiB
       ene_ops: har...     35   32.7ms  0.03%   933μs   47.5MiB  0.08%  1.36MiB
       ene_ops: local      35   16.9ms  0.01%   484μs   22.1MiB  0.04%   646KiB
   KerkerDosMixing         17    806ms  0.66%  47.4ms    142MiB  0.24%  8.33MiB
     KerkerMixing          17    539ms  0.44%  31.7ms    114MiB  0.19%  6.73MiB
   QR orthonormaliz...  2.86k   1.35ms  0.00%   474ns     0.00B  0.00%    0.00B
 ──────────────────────────────────────────────────────────────────────────────

Total time in ns: 122650616659
