Julia version: 1.6.0-DEV.1324

Threading configuration: 
       JULIA_NUM_THREADS:   6
      JULIA_FFTW_THREADS:   2
      JULIA_BLAS_THREADS:   6
Payload:  Fe_scfres_guess.jld2

System facts:
    fft_size:      (30, 30, 30)
    kpoints:       168
    n_electrons:   16
    n_bands:       23

Compiling code ...
Timing SCF ...

n     Free energy       Eₙ-Eₙ₋₁     ρout-ρin   Magnet   Diag
---   ---------------   ---------   --------   ------   ----
  1   -111.8084467724         NaN   5.13e+00    2.000    1.0 
  2   -116.7235915682   -4.92e+00   3.03e+00    2.000    6.0 
  3   -120.7864745125   -4.06e+00   1.12e+00    2.387    5.7 
  4   -121.8709061105   -1.08e+00   2.62e-01    2.625    5.4 
  5   -121.8961696414   -2.53e-02   3.11e-01    2.373    3.3 
  6   -121.9451189759   -4.89e-02   1.65e-01    2.143    2.8 
  7   -121.9131892683    3.19e-02   2.27e-01    2.150    2.5 
  8   -121.9485825560   -3.54e-02   4.08e-02    1.882    2.6 
  9   -121.9494018743   -8.19e-04   1.10e-02    1.908    2.0 
 10   -121.9494537761   -5.19e-05   5.90e-03    1.932    2.6 
 11   -121.9494571622   -3.39e-06   7.29e-04    1.933    2.3 
 12   -121.9494574295   -2.67e-07   2.99e-04    1.929    4.0 
 13   -121.9494574259    3.65e-09   6.55e-05    1.928    3.0 
 14   -121.9494574191    6.83e-09   1.64e-05    1.928    3.0 
 15   -121.9494574189    1.50e-10   2.72e-06    1.928    3.5 
 16   -121.9494574191   -1.77e-10   6.73e-07    1.928    3.8 
 17   -121.9494574191   -1.61e-12   1.91e-07    1.928    3.2 
Energy breakdown:
    Kinetic             59.3814282
    AtomicLocal         -99.3605616
    AtomicNonlocal      -16.5408024
    Ewald               -85.8892161
    PspCorrection       3.5081636 
    Hartree             29.7313728
    Xc                  -12.7787483
    Entropy             -0.0010934

    total               -121.949457419090

 ──────────────────────────────────────────────────────────────────────────────
                                       Time                   Allocations      
                               ──────────────────────   ───────────────────────
       Tot / % measured:             111s / 97.5%           60.1GiB / 99.5%    

 Section               ncalls     time   %tot     avg     alloc   %tot      avg
 ──────────────────────────────────────────────────────────────────────────────
 self_consistent_field      1     109s   100%    109s   59.8GiB  100%   59.8GiB
   LOBPCG               2.86k    84.9s  78.1%  29.7ms   39.8GiB  66.6%  14.3MiB
     Hamiltonian mu...  12.4k    38.5s  35.4%  3.11ms   7.29GiB  12.2%   617KiB
       kinetic+local    12.4k    33.9s  31.2%  2.74ms   1.68GiB  2.81%   142KiB
       nonlocal         12.4k    2.88s  2.65%   232μs   3.10GiB  5.18%   262KiB
     ortho              40.5k    9.16s  8.42%   226μs   1.29GiB  2.15%  33.3KiB
     rayleigh_ritz      9.54k    9.11s  8.38%   955μs   1.37GiB  2.29%   150KiB
     block multipli...  45.4k    7.48s  6.88%   165μs   8.41GiB  14.1%   194KiB
   compute_density         17    15.4s  14.2%   907ms   12.1GiB  20.2%   728MiB
   energy_hamiltonian      35    4.59s  4.22%   131ms   7.21GiB  12.1%   211MiB
     ene_ops               35    3.71s  3.42%   106ms   4.73GiB  7.91%   138MiB
       ene_ops: xc         35    1.83s  1.68%  52.3ms   2.58GiB  4.32%  75.6MiB
       ene_ops: kin...     35    1.02s  0.93%  29.0ms   1.96GiB  3.28%  57.4MiB
       ene_ops: non...     35    769ms  0.71%  22.0ms   92.7MiB  0.15%  2.65MiB
       ene_ops: har...     35   36.9ms  0.03%  1.05ms   47.5MiB  0.08%  1.36MiB
       ene_ops: local      35   18.4ms  0.02%   525μs   22.1MiB  0.04%   646KiB
   KerkerDosMixing         17    748ms  0.69%  44.0ms    142MiB  0.23%  8.33MiB
     KerkerMixing          17    494ms  0.45%  29.1ms    114MiB  0.19%  6.73MiB
   QR orthonormaliz...  2.86k   1.27ms  0.00%   445ns     0.00B  0.00%    0.00B
 ──────────────────────────────────────────────────────────────────────────────

Total time in ns: 109824833519
