Julia version: 1.6.0-DEV.1324

Threading configuration: 
       JULIA_NUM_THREADS:   6
      JULIA_FFTW_THREADS:   2
      JULIA_BLAS_THREADS:   5
Payload:  Fe_scfres_guess.jld2

System facts:
    fft_size:      (30, 30, 30)
    kpoints:       168
    n_electrons:   16
    n_bands:       23

Compiling code ...
Timing SCF ...

n     Free energy       Eₙ-Eₙ₋₁     ρout-ρin   Magnet   Diag
---   ---------------   ---------   --------   ------   ----
  1   -111.8084467724         NaN   5.13e+00    2.000    1.0 
  2   -116.7235958768   -4.92e+00   3.03e+00    2.000    6.0 
  3   -120.7864650521   -4.06e+00   1.12e+00    2.387    5.7 
  4   -121.8709151916   -1.08e+00   2.61e-01    2.625    5.4 
  5   -121.8961505031   -2.52e-02   3.11e-01    2.373    3.2 
  6   -121.9451225383   -4.90e-02   1.65e-01    2.142    2.8 
  7   -121.9131792077    3.19e-02   2.27e-01    2.150    2.5 
  8   -121.9485811774   -3.54e-02   4.08e-02    1.882    2.5 
  9   -121.9494018656   -8.21e-04   1.10e-02    1.908    2.0 
 10   -121.9494538039   -5.19e-05   5.90e-03    1.932    2.6 
 11   -121.9494571656   -3.36e-06   7.28e-04    1.933    2.3 
 12   -121.9494574290   -2.63e-07   2.98e-04    1.929    4.1 
 13   -121.9494574261    2.94e-09   6.62e-05    1.928    3.1 
 14   -121.9494574190    7.08e-09   1.64e-05    1.928    3.1 
 15   -121.9494574189    1.13e-10   2.76e-06    1.928    3.6 
 16   -121.9494574191   -1.64e-10   6.58e-07    1.928    3.7 
 17   -121.9494574191   -4.59e-12   2.03e-07    1.928    3.2 
Energy breakdown:
    Kinetic             59.3814282
    AtomicLocal         -99.3605616
    AtomicNonlocal      -16.5408024
    Ewald               -85.8892161
    PspCorrection       3.5081636 
    Hartree             29.7313727
    Xc                  -12.7787483
    Entropy             -0.0010934

    total               -121.949457419092

 ──────────────────────────────────────────────────────────────────────────────
                                       Time                   Allocations      
                               ──────────────────────   ───────────────────────
       Tot / % measured:             116s / 97.8%           60.1GiB / 99.5%    

 Section               ncalls     time   %tot     avg     alloc   %tot      avg
 ──────────────────────────────────────────────────────────────────────────────
 self_consistent_field      1     113s   100%    113s   59.8GiB  100%   59.8GiB
   LOBPCG               2.86k    89.1s  78.8%  31.2ms   39.9GiB  66.6%  14.3MiB
     Hamiltonian mu...  12.4k    39.0s  34.5%  3.15ms   7.29GiB  12.2%   617KiB
       kinetic+local    12.4k    34.0s  30.1%  2.75ms   1.68GiB  2.81%   142KiB
       nonlocal         12.4k    3.22s  2.85%   260μs   3.10GiB  5.18%   262KiB
     rayleigh_ritz      9.53k    10.5s  9.27%  1.10ms   1.37GiB  2.29%   151KiB
     ortho              40.4k    8.99s  7.95%   222μs   1.29GiB  2.15%  33.4KiB
     block multipli...  45.4k    8.06s  7.13%   177μs   8.42GiB  14.1%   194KiB
   compute_density         17    15.3s  13.6%   903ms   12.1GiB  20.2%   728MiB
   energy_hamiltonian      35    4.59s  4.07%   131ms   7.21GiB  12.1%   211MiB
     ene_ops               35    3.87s  3.42%   111ms   4.73GiB  7.91%   138MiB
       ene_ops: xc         35    1.89s  1.68%  54.1ms   2.58GiB  4.32%  75.6MiB
       ene_ops: kin...     35    1.05s  0.93%  30.0ms   1.96GiB  3.28%  57.4MiB
       ene_ops: non...     35    793ms  0.70%  22.6ms   92.7MiB  0.15%  2.65MiB
       ene_ops: har...     35   77.0ms  0.07%  2.20ms   47.5MiB  0.08%  1.36MiB
       ene_ops: local      35   16.7ms  0.01%   478μs   22.1MiB  0.04%   646KiB
   KerkerDosMixing         17    823ms  0.73%  48.4ms    142MiB  0.23%  8.33MiB
     KerkerMixing          17    539ms  0.48%  31.7ms    114MiB  0.19%  6.73MiB
   QR orthonormaliz...  2.86k   1.43ms  0.00%   500ns     0.00B  0.00%    0.00B
 ──────────────────────────────────────────────────────────────────────────────

Total time in ns: 114093498279
