Julia version: 1.6.0-DEV.1324

Threading configuration: 
       JULIA_NUM_THREADS:   6
      JULIA_FFTW_THREADS:   2
      JULIA_BLAS_THREADS:   4
Payload:  Fe_scfres_guess.jld2

System facts:
    fft_size:      (30, 30, 30)
    kpoints:       168
    n_electrons:   16
    n_bands:       23

Compiling code ...
Timing SCF ...

n     Free energy       Eₙ-Eₙ₋₁     ρout-ρin   Magnet   Diag
---   ---------------   ---------   --------   ------   ----
  1   -111.8084467724         NaN   5.13e+00    2.000    1.0 
  2   -116.7236150427   -4.92e+00   3.03e+00    2.000    6.0 
  3   -120.7864504918   -4.06e+00   1.12e+00    2.387    5.8 
  4   -121.8709209800   -1.08e+00   2.61e-01    2.625    5.4 
  5   -121.8961408295   -2.52e-02   3.11e-01    2.373    3.3 
  6   -121.9451305426   -4.90e-02   1.65e-01    2.142    2.8 
  7   -121.9131780993    3.20e-02   2.27e-01    2.150    2.4 
  8   -121.9485798927   -3.54e-02   4.08e-02    1.882    2.6 
  9   -121.9494018498   -8.22e-04   1.10e-02    1.908    2.0 
 10   -121.9494537992   -5.19e-05   5.91e-03    1.932    2.6 
 11   -121.9494571626   -3.36e-06   7.30e-04    1.933    2.3 
 12   -121.9494574290   -2.66e-07   2.99e-04    1.929    4.0 
 13   -121.9494574261    2.90e-09   6.65e-05    1.928    3.1 
 14   -121.9494574190    7.02e-09   1.64e-05    1.928    3.0 
 15   -121.9494574189    1.19e-10   2.75e-06    1.928    3.5 
 16   -121.9494574191   -1.67e-10   6.61e-07    1.928    3.7 
 17   -121.9494574191   -4.19e-12   2.03e-07    1.928    3.2 
Energy breakdown:
    Kinetic             59.3814281
    AtomicLocal         -99.3605615
    AtomicNonlocal      -16.5408024
    Ewald               -85.8892161
    PspCorrection       3.5081636 
    Hartree             29.7313727
    Xc                  -12.7787483
    Entropy             -0.0010934

    total               -121.949457419092

 ──────────────────────────────────────────────────────────────────────────────
                                       Time                   Allocations      
                               ──────────────────────   ───────────────────────
       Tot / % measured:             115s / 97.6%           60.1GiB / 99.5%    

 Section               ncalls     time   %tot     avg     alloc   %tot      avg
 ──────────────────────────────────────────────────────────────────────────────
 self_consistent_field      1     113s   100%    113s   59.8GiB  100%   59.8GiB
   LOBPCG               2.86k    88.7s  78.7%  31.0ms   39.8GiB  66.6%  14.3MiB
     Hamiltonian mu...  12.4k    38.1s  33.8%  3.08ms   7.29GiB  12.2%   618KiB
       kinetic+local    12.4k    33.1s  29.4%  2.68ms   1.68GiB  2.81%   142KiB
       nonlocal         12.4k    3.23s  2.87%   261μs   3.10GiB  5.18%   263KiB
     rayleigh_ritz      9.52k    9.77s  8.67%  1.03ms   1.37GiB  2.29%   151KiB
     block multipli...  45.3k    9.19s  8.16%   203μs   8.41GiB  14.1%   195KiB
     ortho              40.3k    9.03s  8.02%   224μs   1.29GiB  2.15%  33.4KiB
   compute_density         17    15.5s  13.7%   911ms   12.1GiB  20.2%   728MiB
   energy_hamiltonian      35    4.60s  4.08%   131ms   7.21GiB  12.1%   211MiB
     ene_ops               35    3.83s  3.40%   109ms   4.73GiB  7.91%   138MiB
       ene_ops: xc         35    1.90s  1.69%  54.4ms   2.58GiB  4.32%  75.6MiB
       ene_ops: kin...     35    995ms  0.88%  28.4ms   1.96GiB  3.28%  57.4MiB
       ene_ops: non...     35    801ms  0.71%  22.9ms   92.7MiB  0.15%  2.65MiB
       ene_ops: local      35   50.5ms  0.04%  1.44ms   22.1MiB  0.04%   646KiB
       ene_ops: har...     35   33.5ms  0.03%   958μs   47.5MiB  0.08%  1.36MiB
   KerkerDosMixing         17    764ms  0.68%  45.0ms    142MiB  0.23%  8.33MiB
     KerkerMixing          17    502ms  0.45%  29.5ms    114MiB  0.19%  6.73MiB
   QR orthonormaliz...  2.86k   1.47ms  0.00%   516ns     0.00B  0.00%    0.00B
 ──────────────────────────────────────────────────────────────────────────────

Total time in ns: 113846515131
