Julia version: 1.6.0-DEV.1324

Threading configuration: 
       JULIA_NUM_THREADS:   6
      JULIA_FFTW_THREADS:   1
      JULIA_BLAS_THREADS:   5
Payload:  Fe_scfres_guess.jld2

System facts:
    fft_size:      (30, 30, 30)
    kpoints:       168
    n_electrons:   16
    n_bands:       23

Compiling code ...
Timing SCF ...

n     Free energy       Eₙ-Eₙ₋₁     ρout-ρin   Magnet   Diag
---   ---------------   ---------   --------   ------   ----
  1   -111.8084467724         NaN   5.13e+00    2.000    1.0 
  2   -116.7235996948   -4.92e+00   3.03e+00    2.000    6.0 
  3   -120.7864634055   -4.06e+00   1.12e+00    2.387    5.8 
  4   -121.8709149433   -1.08e+00   2.61e-01    2.625    5.4 
  5   -121.8961531977   -2.52e-02   3.11e-01    2.373    3.3 
  6   -121.9451303632   -4.90e-02   1.65e-01    2.142    2.8 
  7   -121.9132122920    3.19e-02   2.27e-01    2.150    2.5 
  8   -121.9485816650   -3.54e-02   4.08e-02    1.882    2.5 
  9   -121.9494018326   -8.20e-04   1.10e-02    1.908    2.0 
 10   -121.9494538153   -5.20e-05   5.89e-03    1.932    2.6 
 11   -121.9494571637   -3.35e-06   7.30e-04    1.933    2.3 
 12   -121.9494574288   -2.65e-07   2.99e-04    1.929    4.1 
 13   -121.9494574260    2.74e-09   6.60e-05    1.928    3.1 
 14   -121.9494574190    6.99e-09   1.64e-05    1.928    3.0 
 15   -121.9494574189    1.18e-10   2.75e-06    1.928    3.6 
 16   -121.9494574191   -1.64e-10   6.61e-07    1.928    3.7 
 17   -121.9494574191   -3.77e-12   1.97e-07    1.928    3.2 
Energy breakdown:
    Kinetic             59.3814282
    AtomicLocal         -99.3605616
    AtomicNonlocal      -16.5408024
    Ewald               -85.8892161
    PspCorrection       3.5081636 
    Hartree             29.7313727
    Xc                  -12.7787483
    Entropy             -0.0010934

    total               -121.949457419092

 ──────────────────────────────────────────────────────────────────────────────
                                       Time                   Allocations      
                               ──────────────────────   ───────────────────────
       Tot / % measured:             112s / 97.7%           58.7GiB / 99.5%    

 Section               ncalls     time   %tot     avg     alloc   %tot      avg
 ──────────────────────────────────────────────────────────────────────────────
 self_consistent_field      1     109s   100%    109s   58.4GiB  100%   58.4GiB
   LOBPCG               2.86k    85.6s  78.6%  30.0ms   38.7GiB  66.2%  13.9MiB
     Hamiltonian mu...  12.4k    36.0s  33.0%  2.90ms   6.11GiB  10.5%   516KiB
       kinetic+local    12.4k    31.4s  28.8%  2.53ms    502MiB  0.84%  41.4KiB
       nonlocal         12.4k    2.99s  2.74%   241μs   3.10GiB  5.31%   262KiB
     rayleigh_ritz      9.54k    10.3s  9.46%  1.08ms   1.37GiB  2.35%   151KiB
     ortho              40.5k    8.77s  8.05%   217μs   1.29GiB  2.20%  33.4KiB
     block multipli...  45.5k    8.27s  7.59%   182μs   8.42GiB  14.4%   194KiB
   compute_density         17    14.9s  13.6%   874ms   11.9GiB  20.4%   716MiB
   energy_hamiltonian      35    4.57s  4.20%   131ms   7.20GiB  12.3%   211MiB
     ene_ops               35    3.80s  3.49%   109ms   4.72GiB  8.09%   138MiB
       ene_ops: xc         35    1.79s  1.64%  51.0ms   2.58GiB  4.41%  75.4MiB
       ene_ops: kin...     35    1.10s  1.01%  31.3ms   1.96GiB  3.36%  57.4MiB
       ene_ops: non...     35    807ms  0.74%  23.0ms   92.7MiB  0.15%  2.65MiB
       ene_ops: local      35   38.9ms  0.04%  1.11ms   22.0MiB  0.04%   645KiB
       ene_ops: har...     35   32.2ms  0.03%   921μs   47.4MiB  0.08%  1.35MiB
   KerkerDosMixing         17    784ms  0.72%  46.1ms    141MiB  0.24%  8.32MiB
     KerkerMixing          17    503ms  0.46%  29.6ms    114MiB  0.19%  6.73MiB
   QR orthonormaliz...  2.86k   1.35ms  0.00%   472ns     0.00B  0.00%    0.00B
 ──────────────────────────────────────────────────────────────────────────────

Total time in ns: 110083536345
