Julia version: 1.6.0-DEV.1324

Threading configuration: 
       JULIA_NUM_THREADS:   6
      JULIA_FFTW_THREADS:   1
      JULIA_BLAS_THREADS:   6
Payload:  Fe_scfres_guess.jld2

System facts:
    fft_size:      (30, 30, 30)
    kpoints:       168
    n_electrons:   16
    n_bands:       23

Compiling code ...
Timing SCF ...

n     Free energy       Eₙ-Eₙ₋₁     ρout-ρin   Magnet   Diag
---   ---------------   ---------   --------   ------   ----
  1   -111.8084467724         NaN   5.13e+00    2.000    1.0 
  2   -116.7235996629   -4.92e+00   3.03e+00    2.000    6.0 
  3   -120.7864650526   -4.06e+00   1.12e+00    2.387    5.7 
  4   -121.8709124246   -1.08e+00   2.62e-01    2.625    5.4 
  5   -121.8961620592   -2.52e-02   3.11e-01    2.373    3.2 
  6   -121.9451246908   -4.90e-02   1.65e-01    2.142    2.9 
  7   -121.9132114181    3.19e-02   2.27e-01    2.150    2.5 
  8   -121.9485830676   -3.54e-02   4.08e-02    1.882    2.6 
  9   -121.9494018649   -8.19e-04   1.10e-02    1.908    2.0 
 10   -121.9494537870   -5.19e-05   5.89e-03    1.932    2.6 
 11   -121.9494571644   -3.38e-06   7.30e-04    1.933    2.3 
 12   -121.9494574299   -2.65e-07   2.98e-04    1.929    3.9 
 13   -121.9494574259    3.99e-09   6.57e-05    1.928    3.0 
 14   -121.9494574191    6.82e-09   1.65e-05    1.928    3.0 
 15   -121.9494574189    1.46e-10   2.74e-06    1.928    3.5 
 16   -121.9494574191   -1.77e-10   6.74e-07    1.928    3.7 
 17   -121.9494574191    5.68e-13   1.96e-07    1.928    3.2 
Energy breakdown:
    Kinetic             59.3814282
    AtomicLocal         -99.3605617
    AtomicNonlocal      -16.5408025
    Ewald               -85.8892161
    PspCorrection       3.5081636 
    Hartree             29.7313728
    Xc                  -12.7787483
    Entropy             -0.0010934

    total               -121.949457419090

 ──────────────────────────────────────────────────────────────────────────────
                                       Time                   Allocations      
                               ──────────────────────   ───────────────────────
       Tot / % measured:             108s / 97.4%           58.7GiB / 99.5%    

 Section               ncalls     time   %tot     avg     alloc   %tot      avg
 ──────────────────────────────────────────────────────────────────────────────
 self_consistent_field      1     105s   100%    105s   58.4GiB  100%   58.4GiB
   LOBPCG               2.86k    81.9s  77.9%  28.7ms   38.6GiB  66.2%  13.8MiB
     Hamiltonian mu...  12.3k    35.5s  33.8%  2.88ms   6.09GiB  10.4%   517KiB
       kinetic+local    12.3k    30.6s  29.1%  2.47ms    501MiB  0.84%  41.6KiB
       nonlocal         12.3k    3.24s  3.08%   262μs   3.10GiB  5.31%   263KiB
     rayleigh_ritz      9.49k    9.10s  8.65%   959μs   1.37GiB  2.35%   151KiB
     ortho              40.2k    8.81s  8.38%   219μs   1.29GiB  2.20%  33.5KiB
     block multipli...  45.2k    7.10s  6.75%   157μs   8.41GiB  14.4%   195KiB
   compute_density         17    14.6s  13.9%   860ms   11.9GiB  20.4%   716MiB
   energy_hamiltonian      35    4.63s  4.40%   132ms   7.20GiB  12.3%   211MiB
     ene_ops               35    3.83s  3.64%   110ms   4.72GiB  8.09%   138MiB
       ene_ops: xc         35    1.91s  1.82%  54.7ms   2.58GiB  4.42%  75.4MiB
       ene_ops: kin...     35    1.05s  1.00%  30.0ms   1.96GiB  3.36%  57.4MiB
       ene_ops: non...     35    753ms  0.72%  21.5ms   92.7MiB  0.16%  2.65MiB
       ene_ops: har...     35   56.9ms  0.05%  1.63ms   47.4MiB  0.08%  1.35MiB
       ene_ops: local      35   16.6ms  0.02%   475μs   22.0MiB  0.04%   645KiB
   KerkerDosMixing         17    801ms  0.76%  47.1ms    141MiB  0.24%  8.32MiB
     KerkerMixing          17    535ms  0.51%  31.5ms    114MiB  0.19%  6.73MiB
   QR orthonormaliz...  2.86k   1.38ms  0.00%   484ns     0.00B  0.00%    0.00B
 ──────────────────────────────────────────────────────────────────────────────

Total time in ns: 106370343531
