Julia version: 1.6.0-DEV.1324

Threading configuration: 
       JULIA_NUM_THREADS:   6
      JULIA_FFTW_THREADS:   1
      JULIA_BLAS_THREADS:   4
Payload:  Fe_scfres_guess.jld2

System facts:
    fft_size:      (30, 30, 30)
    kpoints:       168
    n_electrons:   16
    n_bands:       23

Compiling code ...
Timing SCF ...

n     Free energy       Eₙ-Eₙ₋₁     ρout-ρin   Magnet   Diag
---   ---------------   ---------   --------   ------   ----
  1   -111.8084467724         NaN   5.13e+00    2.000    1.0 
  2   -116.7235998217   -4.92e+00   3.03e+00    2.000    6.0 
  3   -120.7864647509   -4.06e+00   1.12e+00    2.387    5.7 
  4   -121.8709153405   -1.08e+00   2.61e-01    2.625    5.4 
  5   -121.8961525299   -2.52e-02   3.11e-01    2.373    3.3 
  6   -121.9451229436   -4.90e-02   1.65e-01    2.142    2.8 
  7   -121.9131723360    3.20e-02   2.27e-01    2.150    2.5 
  8   -121.9485815210   -3.54e-02   4.08e-02    1.882    2.6 
  9   -121.9494018664   -8.20e-04   1.10e-02    1.908    2.0 
 10   -121.9494538055   -5.19e-05   5.89e-03    1.932    2.6 
 11   -121.9494571675   -3.36e-06   7.29e-04    1.933    2.3 
 12   -121.9494574294   -2.62e-07   2.98e-04    1.929    4.0 
 13   -121.9494574259    3.44e-09   6.58e-05    1.928    3.1 
 14   -121.9494574190    6.90e-09   1.64e-05    1.928    3.0 
 15   -121.9494574189    1.28e-10   2.74e-06    1.928    3.5 
 16   -121.9494574191   -1.70e-10   6.66e-07    1.928    3.8 
 17   -121.9494574191   -4.50e-12   1.99e-07    1.928    3.2 
Energy breakdown:
    Kinetic             59.3814282
    AtomicLocal         -99.3605616
    AtomicNonlocal      -16.5408024
    Ewald               -85.8892161
    PspCorrection       3.5081636 
    Hartree             29.7313727
    Xc                  -12.7787483
    Entropy             -0.0010934

    total               -121.949457419092

 ──────────────────────────────────────────────────────────────────────────────
                                       Time                   Allocations      
                               ──────────────────────   ───────────────────────
       Tot / % measured:             114s / 97.7%           58.7GiB / 99.5%    

 Section               ncalls     time   %tot     avg     alloc   %tot      avg
 ──────────────────────────────────────────────────────────────────────────────
 self_consistent_field      1     111s   100%    111s   58.4GiB  100%   58.4GiB
   LOBPCG               2.86k    86.8s  78.2%  30.4ms   38.6GiB  66.2%  13.9MiB
     Hamiltonian mu...  12.4k    34.7s  31.3%  2.80ms   6.10GiB  10.4%   517KiB
       kinetic+local    12.4k    29.7s  26.8%  2.40ms    501MiB  0.84%  41.5KiB
       nonlocal         12.4k    3.24s  2.92%   262μs   3.10GiB  5.31%   262KiB
     rayleigh_ritz      9.53k    10.5s  9.45%  1.10ms   1.37GiB  2.34%   151KiB
     block multipli...  45.4k    9.51s  8.57%   210μs   8.42GiB  14.4%   194KiB
     ortho              40.4k    9.21s  8.31%   228μs   1.29GiB  2.20%  33.4KiB
   compute_density         17    14.9s  13.4%   878ms   11.9GiB  20.4%   716MiB
   energy_hamiltonian      35    5.19s  4.68%   148ms   7.20GiB  12.3%   211MiB
     ene_ops               35    4.21s  3.79%   120ms   4.72GiB  8.09%   138MiB
       ene_ops: xc         35    2.03s  1.83%  57.9ms   2.58GiB  4.42%  75.4MiB
       ene_ops: kin...     35    1.24s  1.12%  35.6ms   1.96GiB  3.36%  57.4MiB
       ene_ops: non...     35    823ms  0.74%  23.5ms   92.7MiB  0.15%  2.65MiB
       ene_ops: har...     35   34.5ms  0.03%   986μs   47.4MiB  0.08%  1.35MiB
       ene_ops: local      35   33.3ms  0.03%   952μs   22.0MiB  0.04%   645KiB
   KerkerDosMixing         17    812ms  0.73%  47.8ms    141MiB  0.24%  8.32MiB
     KerkerMixing          17    543ms  0.49%  31.9ms    114MiB  0.19%  6.73MiB
   QR orthonormaliz...  2.86k   1.52ms  0.00%   532ns     0.00B  0.00%    0.00B
 ──────────────────────────────────────────────────────────────────────────────

Total time in ns: 112036154118
