Julia version: 1.6.0-DEV.1324

Threading configuration: 
       JULIA_NUM_THREADS:   7
      JULIA_FFTW_THREADS:   1
      JULIA_BLAS_THREADS:   4
Payload:  Fe_scfres_guess.jld2

System facts:
    fft_size:      (30, 30, 30)
    kpoints:       168
    n_electrons:   16
    n_bands:       23

Compiling code ...
Timing SCF ...

n     Free energy       Eₙ-Eₙ₋₁     ρout-ρin   Magnet   Diag
---   ---------------   ---------   --------   ------   ----
  1   -111.8084467724         NaN   5.13e+00    2.000    1.0 
  2   -116.7236009025   -4.92e+00   3.03e+00    2.000    6.0 
  3   -120.7864508232   -4.06e+00   1.12e+00    2.387    5.7 
  4   -121.8709226528   -1.08e+00   2.61e-01    2.625    5.4 
  5   -121.8961376092   -2.52e-02   3.11e-01    2.373    3.2 
  6   -121.9451371731   -4.90e-02   1.65e-01    2.142    2.8 
  7   -121.9132132019    3.19e-02   2.27e-01    2.150    2.5 
  8   -121.9485805840   -3.54e-02   4.08e-02    1.882    2.5 
  9   -121.9494018732   -8.21e-04   1.10e-02    1.908    2.0 
 10   -121.9494538054   -5.19e-05   5.89e-03    1.932    2.6 
 11   -121.9494571634   -3.36e-06   7.29e-04    1.933    2.4 
 12   -121.9494574287   -2.65e-07   2.99e-04    1.929    4.0 
 13   -121.9494574260    2.66e-09   6.59e-05    1.928    3.1 
 14   -121.9494574191    6.96e-09   1.64e-05    1.928    3.1 
 15   -121.9494574189    1.44e-10   2.73e-06    1.928    3.6 
 16   -121.9494574191   -1.70e-10   6.70e-07    1.928    3.7 
 17   -121.9494574191   -1.12e-12   1.91e-07    1.928    3.2 
Energy breakdown:
    Kinetic             59.3814282
    AtomicLocal         -99.3605616
    AtomicNonlocal      -16.5408024
    Ewald               -85.8892161
    PspCorrection       3.5081636 
    Hartree             29.7313728
    Xc                  -12.7787483
    Entropy             -0.0010934

    total               -121.949457419091

 ──────────────────────────────────────────────────────────────────────────────
                                       Time                   Allocations      
                               ──────────────────────   ───────────────────────
       Tot / % measured:             112s / 97.7%           60.5GiB / 99.5%    

 Section               ncalls     time   %tot     avg     alloc   %tot      avg
 ──────────────────────────────────────────────────────────────────────────────
 self_consistent_field      1     109s   100%    109s   60.2GiB  100%   60.2GiB
   LOBPCG               2.86k    86.8s  79.5%  30.4ms   38.7GiB  64.2%  13.9MiB
     Hamiltonian mu...  12.4k    34.1s  31.2%  2.75ms   6.11GiB  10.1%   517KiB
       kinetic+local    12.4k    28.8s  26.4%  2.32ms    507MiB  0.82%  41.9KiB
       nonlocal         12.4k    3.34s  3.06%   270μs   3.10GiB  5.15%   262KiB
     rayleigh_ritz      9.53k    10.4s  9.49%  1.09ms   1.37GiB  2.28%   151KiB
     block multipli...  45.4k    9.72s  8.90%   214μs   8.42GiB  14.0%   195KiB
     ortho              40.4k    9.14s  8.37%   226μs   1.29GiB  2.14%  33.4KiB
   compute_density         17    13.5s  12.4%   796ms   13.6GiB  22.7%   822MiB
   energy_hamiltonian      35    4.86s  4.45%   139ms   7.22GiB  12.0%   211MiB
     ene_ops               35    4.03s  3.69%   115ms   4.72GiB  7.85%   138MiB
       ene_ops: xc         35    1.88s  1.72%  53.6ms   2.58GiB  4.28%  75.4MiB
       ene_ops: kin...     35    1.25s  1.14%  35.6ms   1.96GiB  3.26%  57.4MiB
       ene_ops: non...     35    815ms  0.75%  23.3ms   92.7MiB  0.15%  2.65MiB
       ene_ops: har...     35   31.6ms  0.03%   904μs   47.4MiB  0.08%  1.35MiB
       ene_ops: local      35   15.8ms  0.01%   452μs   22.0MiB  0.04%   645KiB
   KerkerDosMixing         17    812ms  0.74%  47.8ms    141MiB  0.23%  8.32MiB
     KerkerMixing          17    547ms  0.50%  32.2ms    114MiB  0.19%  6.73MiB
   QR orthonormaliz...  2.86k   1.64ms  0.00%   574ns     0.00B  0.00%    0.00B
 ──────────────────────────────────────────────────────────────────────────────

Total time in ns: 110301677541
