Julia version: 1.6.0-DEV.1324

Threading configuration: 
       JULIA_NUM_THREADS:   7
      JULIA_FFTW_THREADS:   2
      JULIA_BLAS_THREADS:   5
Payload:  Fe_scfres_guess.jld2

System facts:
    fft_size:      (30, 30, 30)
    kpoints:       168
    n_electrons:   16
    n_bands:       23

Compiling code ...
Timing SCF ...

n     Free energy       Eₙ-Eₙ₋₁     ρout-ρin   Magnet   Diag
---   ---------------   ---------   --------   ------   ----
  1   -111.8084467724         NaN   5.13e+00    2.000    1.0 
  2   -116.7236056774   -4.92e+00   3.03e+00    2.000    6.0 
  3   -120.7864533688   -4.06e+00   1.12e+00    2.387    5.7 
  4   -121.8709184204   -1.08e+00   2.61e-01    2.625    5.4 
  5   -121.8961463688   -2.52e-02   3.11e-01    2.373    3.2 
  6   -121.9451267507   -4.90e-02   1.65e-01    2.142    2.8 
  7   -121.9131962459    3.19e-02   2.27e-01    2.150    2.5 
  8   -121.9485808013   -3.54e-02   4.08e-02    1.882    2.6 
  9   -121.9494018012   -8.21e-04   1.10e-02    1.908    2.0 
 10   -121.9494537723   -5.20e-05   5.91e-03    1.932    2.6 
 11   -121.9494571651   -3.39e-06   7.28e-04    1.933    2.3 
 12   -121.9494574303   -2.65e-07   2.99e-04    1.929    3.9 
 13   -121.9494574259    4.36e-09   6.56e-05    1.928    3.1 
 14   -121.9494574191    6.85e-09   1.65e-05    1.928    3.0 
 15   -121.9494574189    1.49e-10   2.76e-06    1.928    3.6 
 16   -121.9494574191   -1.83e-10   6.68e-07    1.928    3.7 
 17   -121.9494574191   -8.53e-13   2.02e-07    1.928    3.2 
Energy breakdown:
    Kinetic             59.3814282
    AtomicLocal         -99.3605616
    AtomicNonlocal      -16.5408024
    Ewald               -85.8892161
    PspCorrection       3.5081636 
    Hartree             29.7313728
    Xc                  -12.7787483
    Entropy             -0.0010934

    total               -121.949457419091

 ──────────────────────────────────────────────────────────────────────────────
                                       Time                   Allocations      
                               ──────────────────────   ───────────────────────
       Tot / % measured:             112s / 97.5%           61.9GiB / 99.5%    

 Section               ncalls     time   %tot     avg     alloc   %tot      avg
 ──────────────────────────────────────────────────────────────────────────────
 self_consistent_field      1     110s   100%    110s   61.6GiB  100%   61.6GiB
   LOBPCG               2.86k    86.7s  79.1%  30.4ms   39.8GiB  64.7%  14.3MiB
     Hamiltonian mu...  12.4k    35.9s  32.8%  2.90ms   7.29GiB  11.8%   618KiB
       kinetic+local    12.4k    31.2s  28.5%  2.52ms   1.69GiB  2.74%   143KiB
       nonlocal         12.4k    3.04s  2.77%   246μs   3.10GiB  5.03%   263KiB
     rayleigh_ritz      9.51k    10.4s  9.47%  1.09ms   1.37GiB  2.22%   151KiB
     ortho              40.3k    8.99s  8.20%   223μs   1.29GiB  2.09%  33.4KiB
     block multipli...  45.3k    8.75s  7.99%   193μs   8.41GiB  13.7%   195KiB
   compute_density         17    14.1s  12.8%   827ms   13.8GiB  22.5%   834MiB
   energy_hamiltonian      35    4.91s  4.48%   140ms   7.22GiB  11.7%   211MiB
     ene_ops               35    4.13s  3.77%   118ms   4.73GiB  7.68%   138MiB
       ene_ops: xc         35    2.12s  1.93%  60.5ms   2.58GiB  4.19%  75.6MiB
       ene_ops: kin...     35    1.08s  0.98%  30.8ms   1.96GiB  3.19%  57.4MiB
       ene_ops: non...     35    836ms  0.76%  23.9ms   92.7MiB  0.15%  2.65MiB
       ene_ops: har...     35   36.2ms  0.03%  1.03ms   47.5MiB  0.08%  1.36MiB
       ene_ops: local      35   20.4ms  0.02%   584μs   22.1MiB  0.04%   646KiB
   KerkerDosMixing         17    797ms  0.73%  46.9ms    142MiB  0.22%  8.33MiB
     KerkerMixing          17    525ms  0.48%  30.9ms    114MiB  0.18%  6.73MiB
   QR orthonormaliz...  2.86k   1.63ms  0.00%   570ns     0.00B  0.00%    0.00B
 ──────────────────────────────────────────────────────────────────────────────

Total time in ns: 110826777583
