Julia version: 1.6.0-DEV.1324

Threading configuration: 
       JULIA_NUM_THREADS:   7
      JULIA_FFTW_THREADS:   2
      JULIA_BLAS_THREADS:   6
Payload:  Fe_scfres_guess.jld2

System facts:
    fft_size:      (30, 30, 30)
    kpoints:       168
    n_electrons:   16
    n_bands:       23

Compiling code ...
Timing SCF ...

n     Free energy       Eₙ-Eₙ₋₁     ρout-ρin   Magnet   Diag
---   ---------------   ---------   --------   ------   ----
  1   -111.8084467724         NaN   5.13e+00    2.000    1.0 
  2   -116.7235970130   -4.92e+00   3.03e+00    2.000    6.0 
  3   -120.7864541589   -4.06e+00   1.12e+00    2.387    5.7 
  4   -121.8709198771   -1.08e+00   2.61e-01    2.625    5.4 
  5   -121.8961381232   -2.52e-02   3.11e-01    2.373    3.2 
  6   -121.9451261113   -4.90e-02   1.65e-01    2.142    2.8 
  7   -121.9131799798    3.19e-02   2.27e-01    2.150    2.5 
  8   -121.9485806564   -3.54e-02   4.08e-02    1.882    2.5 
  9   -121.9494019179   -8.21e-04   1.10e-02    1.908    2.0 
 10   -121.9494538084   -5.19e-05   5.89e-03    1.932    2.6 
 11   -121.9494571652   -3.36e-06   7.29e-04    1.933    2.4 
 12   -121.9494574287   -2.63e-07   2.98e-04    1.929    4.0 
 13   -121.9494574260    2.69e-09   6.59e-05    1.928    3.1 
 14   -121.9494574190    6.98e-09   1.64e-05    1.928    3.0 
 15   -121.9494574189    1.08e-10   2.74e-06    1.928    3.5 
 16   -121.9494574191   -1.71e-10   6.74e-07    1.928    3.7 
 17   -121.9494574191    2.32e-12   1.82e-07    1.928    3.2 
Energy breakdown:
    Kinetic             59.3814282
    AtomicLocal         -99.3605617
    AtomicNonlocal      -16.5408025
    Ewald               -85.8892161
    PspCorrection       3.5081636 
    Hartree             29.7313728
    Xc                  -12.7787483
    Entropy             -0.0010934

    total               -121.949457419090

 ──────────────────────────────────────────────────────────────────────────────
                                       Time                   Allocations      
                               ──────────────────────   ───────────────────────
       Tot / % measured:             108s / 97.6%           61.9GiB / 99.5%    

 Section               ncalls     time   %tot     avg     alloc   %tot      avg
 ──────────────────────────────────────────────────────────────────────────────
 self_consistent_field      1     105s   100%    105s   61.6GiB  100%   61.6GiB
   LOBPCG               2.86k    82.7s  78.7%  29.0ms   39.8GiB  64.7%  14.3MiB
     Hamiltonian mu...  12.4k    36.4s  34.6%  2.94ms   7.29GiB  11.8%   619KiB
       kinetic+local    12.4k    31.2s  29.7%  2.52ms   1.69GiB  2.74%   143KiB
       nonlocal         12.4k    3.18s  3.02%   257μs   3.10GiB  5.03%   263KiB
     rayleigh_ritz      9.51k    9.10s  8.66%   958μs   1.37GiB  2.22%   151KiB
     ortho              40.3k    8.97s  8.53%   223μs   1.29GiB  2.09%  33.5KiB
     block multipli...  45.2k    7.29s  6.93%   161μs   8.41GiB  13.7%   195KiB
   compute_density         17    13.6s  12.9%   800ms   13.8GiB  22.5%   834MiB
   energy_hamiltonian      35    4.72s  4.49%   135ms   7.22GiB  11.7%   211MiB
     ene_ops               35    3.99s  3.80%   114ms   4.73GiB  7.68%   138MiB
       ene_ops: xc         35    2.13s  2.02%  60.8ms   2.58GiB  4.20%  75.6MiB
       ene_ops: kin...     35    978ms  0.93%  27.9ms   1.96GiB  3.19%  57.4MiB
       ene_ops: non...     35    790ms  0.75%  22.6ms   92.7MiB  0.15%  2.65MiB
       ene_ops: har...     35   35.6ms  0.03%  1.02ms   47.5MiB  0.08%  1.36MiB
       ene_ops: local      35   19.2ms  0.02%   549μs   22.1MiB  0.04%   646KiB
   KerkerDosMixing         17    836ms  0.79%  49.2ms    142MiB  0.22%  8.33MiB
     KerkerMixing          17    543ms  0.52%  31.9ms    114MiB  0.18%  6.73MiB
   QR orthonormaliz...  2.86k   1.46ms  0.00%   510ns     0.00B  0.00%    0.00B
 ──────────────────────────────────────────────────────────────────────────────

Total time in ns: 106311822098
