Julia version: 1.6.0-DEV.1324

Threading configuration: 
       JULIA_NUM_THREADS:   7
      JULIA_FFTW_THREADS:   2
      JULIA_BLAS_THREADS:   7
Payload:  Fe_scfres_guess.jld2

System facts:
    fft_size:      (30, 30, 30)
    kpoints:       168
    n_electrons:   16
    n_bands:       23

Compiling code ...
Timing SCF ...

n     Free energy       Eₙ-Eₙ₋₁     ρout-ρin   Magnet   Diag
---   ---------------   ---------   --------   ------   ----
  1   -111.8084467724         NaN   5.13e+00    2.000    1.0 
  2   -116.7235999040   -4.92e+00   3.03e+00    2.000    6.0 
  3   -120.7864619961   -4.06e+00   1.12e+00    2.387    5.7 
  4   -121.8709158371   -1.08e+00   2.61e-01    2.625    5.4 
  5   -121.8961504977   -2.52e-02   3.11e-01    2.373    3.3 
  6   -121.9451266792   -4.90e-02   1.65e-01    2.142    2.9 
  7   -121.9131861024    3.19e-02   2.27e-01    2.150    2.5 
  8   -121.9485802651   -3.54e-02   4.08e-02    1.882    2.6 
  9   -121.9494018332   -8.22e-04   1.10e-02    1.908    2.0 
 10   -121.9494538031   -5.20e-05   5.91e-03    1.932    2.6 
 11   -121.9494571651   -3.36e-06   7.31e-04    1.933    2.3 
 12   -121.9494574287   -2.64e-07   2.99e-04    1.929    4.0 
 13   -121.9494574262    2.53e-09   6.64e-05    1.928    3.1 
 14   -121.9494574191    7.12e-09   1.64e-05    1.928    3.0 
 15   -121.9494574189    1.24e-10   2.77e-06    1.928    3.6 
 16   -121.9494574191   -1.62e-10   6.58e-07    1.928    3.8 
 17   -121.9494574191   -3.30e-12   2.02e-07    1.928    3.2 
Energy breakdown:
    Kinetic             59.3814282
    AtomicLocal         -99.3605616
    AtomicNonlocal      -16.5408024
    Ewald               -85.8892161
    PspCorrection       3.5081636 
    Hartree             29.7313727
    Xc                  -12.7787483
    Entropy             -0.0010934

    total               -121.949457419092

 ──────────────────────────────────────────────────────────────────────────────
                                       Time                   Allocations      
                               ──────────────────────   ───────────────────────
       Tot / % measured:             106s / 97.6%           61.9GiB / 99.5%    

 Section               ncalls     time   %tot     avg     alloc   %tot      avg
 ──────────────────────────────────────────────────────────────────────────────
 self_consistent_field      1     103s   100%    103s   61.6GiB  100%   61.6GiB
   LOBPCG               2.86k    80.6s  78.3%  28.2ms   39.9GiB  64.7%  14.3MiB
     Hamiltonian mu...  12.4k    35.6s  34.5%  2.87ms   7.30GiB  11.9%   617KiB
       kinetic+local    12.4k    31.3s  30.3%  2.52ms   1.69GiB  2.74%   143KiB
       nonlocal         12.4k    2.61s  2.54%   211μs   3.10GiB  5.03%   262KiB
     rayleigh_ritz      9.55k    8.99s  8.72%   941μs   1.37GiB  2.22%   150KiB
     ortho              40.5k    8.68s  8.43%   214μs   1.29GiB  2.09%  33.3KiB
     block multipli...  45.5k    6.89s  6.69%   151μs   8.42GiB  13.7%   194KiB
   compute_density         17    13.7s  13.3%   807ms   13.8GiB  22.5%   834MiB
   energy_hamiltonian      35    4.69s  4.56%   134ms   7.22GiB  11.7%   211MiB
     ene_ops               35    3.94s  3.83%   113ms   4.73GiB  7.68%   138MiB
       ene_ops: xc         35    2.01s  1.95%  57.3ms   2.58GiB  4.19%  75.6MiB
       ene_ops: kin...     35    1.13s  1.10%  32.4ms   1.96GiB  3.18%  57.4MiB
       ene_ops: non...     35    716ms  0.70%  20.5ms   92.7MiB  0.15%  2.65MiB
       ene_ops: har...     35   31.2ms  0.03%   890μs   47.5MiB  0.08%  1.36MiB
       ene_ops: local      35   16.1ms  0.02%   461μs   22.1MiB  0.04%   646KiB
   KerkerDosMixing         17    829ms  0.81%  48.8ms    142MiB  0.22%  8.33MiB
     KerkerMixing          17    548ms  0.53%  32.2ms    114MiB  0.18%  6.73MiB
   QR orthonormaliz...  2.86k   1.52ms  0.00%   531ns     0.00B  0.00%    0.00B
 ──────────────────────────────────────────────────────────────────────────────

Total time in ns: 104050480937
