Julia version: 1.6.0-DEV.1324

Threading configuration: 
       JULIA_NUM_THREADS:   7
      JULIA_FFTW_THREADS:   1
      JULIA_BLAS_THREADS:   6
Payload:  Fe_scfres_guess.jld2

System facts:
    fft_size:      (30, 30, 30)
    kpoints:       168
    n_electrons:   16
    n_bands:       23

Compiling code ...
Timing SCF ...

n     Free energy       Eₙ-Eₙ₋₁     ρout-ρin   Magnet   Diag
---   ---------------   ---------   --------   ------   ----
  1   -111.8084467724         NaN   5.13e+00    2.000    1.0 
  2   -116.7235952816   -4.92e+00   3.03e+00    2.000    6.0 
  3   -120.7864662576   -4.06e+00   1.12e+00    2.387    5.7 
  4   -121.8709110388   -1.08e+00   2.62e-01    2.625    5.4 
  5   -121.8961610273   -2.52e-02   3.11e-01    2.373    3.2 
  6   -121.9451255747   -4.90e-02   1.65e-01    2.142    2.8 
  7   -121.9131951302    3.19e-02   2.27e-01    2.150    2.5 
  8   -121.9485819302   -3.54e-02   4.08e-02    1.882    2.6 
  9   -121.9494018026   -8.20e-04   1.10e-02    1.908    2.0 
 10   -121.9494537735   -5.20e-05   5.90e-03    1.932    2.6 
 11   -121.9494571651   -3.39e-06   7.28e-04    1.933    2.4 
 12   -121.9494574302   -2.65e-07   2.98e-04    1.929    4.0 
 13   -121.9494574258    4.33e-09   6.54e-05    1.928    3.1 
 14   -121.9494574191    6.76e-09   1.66e-05    1.928    3.0 
 15   -121.9494574189    1.61e-10   2.73e-06    1.928    3.5 
 16   -121.9494574191   -1.82e-10   6.89e-07    1.928    3.6 
 17   -121.9494574191    2.77e-12   1.88e-07    1.928    3.3 
Energy breakdown:
    Kinetic             59.3814283
    AtomicLocal         -99.3605617
    AtomicNonlocal      -16.5408025
    Ewald               -85.8892161
    PspCorrection       3.5081636 
    Hartree             29.7313728
    Xc                  -12.7787483
    Entropy             -0.0010934

    total               -121.949457419089

 ──────────────────────────────────────────────────────────────────────────────
                                       Time                   Allocations      
                               ──────────────────────   ───────────────────────
       Tot / % measured:             106s / 97.3%           60.5GiB / 99.5%    

 Section               ncalls     time   %tot     avg     alloc   %tot      avg
 ──────────────────────────────────────────────────────────────────────────────
 self_consistent_field      1     104s   100%    104s   60.2GiB  100%   60.2GiB
   LOBPCG               2.86k    80.9s  78.1%  28.3ms   38.7GiB  64.2%  13.9MiB
     Hamiltonian mu...  12.4k    34.4s  33.2%  2.78ms   6.11GiB  10.2%   517KiB
       kinetic+local    12.4k    29.3s  28.3%  2.36ms    507MiB  0.82%  41.9KiB
       nonlocal         12.4k    3.35s  3.24%   270μs   3.10GiB  5.15%   262KiB
     rayleigh_ritz      9.54k    9.01s  8.70%   944μs   1.37GiB  2.27%   150KiB
     ortho              40.4k    8.67s  8.37%   214μs   1.29GiB  2.14%  33.4KiB
     block multipli...  45.4k    7.26s  7.01%   160μs   8.42GiB  14.0%   194KiB
   compute_density         17    13.3s  12.9%   783ms   13.6GiB  22.7%   822MiB
   energy_hamiltonian      35    5.40s  5.21%   154ms   7.22GiB  12.0%   211MiB
     ene_ops               35    4.44s  4.29%   127ms   4.72GiB  7.85%   138MiB
       ene_ops: xc         35    2.20s  2.12%  62.7ms   2.58GiB  4.28%  75.4MiB
       ene_ops: kin...     35    1.23s  1.18%  35.0ms   1.96GiB  3.26%  57.4MiB
       ene_ops: non...     35    823ms  0.79%  23.5ms   92.7MiB  0.15%  2.65MiB
       ene_ops: har...     35    138ms  0.13%  3.95ms   47.4MiB  0.08%  1.35MiB
       ene_ops: local      35   16.4ms  0.02%   468μs   22.0MiB  0.04%   645KiB
   KerkerDosMixing         17    795ms  0.77%  46.8ms    141MiB  0.23%  8.32MiB
     KerkerMixing          17    532ms  0.51%  31.3ms    114MiB  0.19%  6.73MiB
   QR orthonormaliz...  2.86k   1.54ms  0.00%   539ns     0.00B  0.00%    0.00B
 ──────────────────────────────────────────────────────────────────────────────

Total time in ns: 104694672182
