Julia version: 1.6.0-DEV.1324

Threading configuration: 
       JULIA_NUM_THREADS:   7
      JULIA_FFTW_THREADS:   1
      JULIA_BLAS_THREADS:   5
Payload:  Fe_scfres_guess.jld2

System facts:
    fft_size:      (30, 30, 30)
    kpoints:       168
    n_electrons:   16
    n_bands:       23

Compiling code ...
Timing SCF ...

n     Free energy       Eₙ-Eₙ₋₁     ρout-ρin   Magnet   Diag
---   ---------------   ---------   --------   ------   ----
  1   -111.8084467724         NaN   5.13e+00    2.000    1.0 
  2   -116.7236052152   -4.92e+00   3.03e+00    2.000    6.0 
  3   -120.7864620929   -4.06e+00   1.12e+00    2.387    5.7 
  4   -121.8709131027   -1.08e+00   2.61e-01    2.625    5.4 
  5   -121.8961588498   -2.52e-02   3.11e-01    2.373    3.2 
  6   -121.9451268706   -4.90e-02   1.65e-01    2.142    2.8 
  7   -121.9131881762    3.19e-02   2.27e-01    2.150    2.5 
  8   -121.9485823781   -3.54e-02   4.08e-02    1.882    2.6 
  9   -121.9494019387   -8.20e-04   1.10e-02    1.908    2.0 
 10   -121.9494538145   -5.19e-05   5.89e-03    1.932    2.6 
 11   -121.9494571659   -3.35e-06   7.29e-04    1.933    2.3 
 12   -121.9494574291   -2.63e-07   2.98e-04    1.929    4.0 
 13   -121.9494574258    3.30e-09   6.57e-05    1.928    3.1 
 14   -121.9494574190    6.78e-09   1.65e-05    1.928    2.9 
 15   -121.9494574189    1.35e-10   2.73e-06    1.928    3.6 
 16   -121.9494574191   -1.79e-10   6.74e-07    1.928    3.8 
 17   -121.9494574191   -1.88e-12   1.93e-07    1.928    3.2 
Energy breakdown:
    Kinetic             59.3814282
    AtomicLocal         -99.3605616
    AtomicNonlocal      -16.5408024
    Ewald               -85.8892161
    PspCorrection       3.5081636 
    Hartree             29.7313727
    Xc                  -12.7787483
    Entropy             -0.0010934

    total               -121.949457419091

 ──────────────────────────────────────────────────────────────────────────────
                                       Time                   Allocations      
                               ──────────────────────   ───────────────────────
       Tot / % measured:             107s / 97.6%           60.5GiB / 99.5%    

 Section               ncalls     time   %tot     avg     alloc   %tot      avg
 ──────────────────────────────────────────────────────────────────────────────
 self_consistent_field      1     105s   100%    105s   60.2GiB  100%   60.2GiB
   LOBPCG               2.86k    83.2s  79.4%  29.1ms   38.7GiB  64.2%  13.9MiB
     Hamiltonian mu...  12.4k    35.2s  33.5%  2.84ms   6.10GiB  10.1%   517KiB
       kinetic+local    12.4k    30.4s  29.0%  2.46ms    507MiB  0.82%  41.9KiB
       nonlocal         12.4k    2.98s  2.84%   241μs   3.10GiB  5.15%   263KiB
     rayleigh_ritz      9.52k    9.79s  9.34%  1.03ms   1.37GiB  2.28%   151KiB
     ortho              40.4k    8.74s  8.33%   216μs   1.29GiB  2.14%  33.4KiB
     block multipli...  45.3k    8.16s  7.78%   180μs   8.41GiB  14.0%   195KiB
   compute_density         17    13.2s  12.6%   776ms   13.6GiB  22.7%   822MiB
   energy_hamiltonian      35    4.57s  4.35%   130ms   7.22GiB  12.0%   211MiB
     ene_ops               35    3.69s  3.52%   106ms   4.72GiB  7.85%   138MiB
       ene_ops: xc         35    1.85s  1.77%  53.0ms   2.58GiB  4.29%  75.4MiB
       ene_ops: kin...     35    1.03s  0.98%  29.4ms   1.96GiB  3.26%  57.4MiB
       ene_ops: non...     35    723ms  0.69%  20.7ms   92.7MiB  0.15%  2.65MiB
       ene_ops: har...     35   33.9ms  0.03%   970μs   47.4MiB  0.08%  1.35MiB
       ene_ops: local      35   14.3ms  0.01%   410μs   22.0MiB  0.04%   645KiB
   KerkerDosMixing         17    771ms  0.73%  45.3ms    141MiB  0.23%  8.32MiB
     KerkerMixing          17    503ms  0.48%  29.6ms    114MiB  0.19%  6.73MiB
   QR orthonormaliz...  2.86k   1.34ms  0.00%   471ns     0.00B  0.00%    0.00B
 ──────────────────────────────────────────────────────────────────────────────

Total time in ns: 105957946541
