Julia version: 1.6.0-DEV.1324

Threading configuration: 
       JULIA_NUM_THREADS:   7
      JULIA_FFTW_THREADS:   1
      JULIA_BLAS_THREADS:   7
Payload:  Fe_scfres_guess.jld2

System facts:
    fft_size:      (30, 30, 30)
    kpoints:       168
    n_electrons:   16
    n_bands:       23

Compiling code ...
Timing SCF ...

n     Free energy       Eₙ-Eₙ₋₁     ρout-ρin   Magnet   Diag
---   ---------------   ---------   --------   ------   ----
  1   -111.8084467724         NaN   5.13e+00    2.000    1.0 
  2   -116.7235878573   -4.92e+00   3.03e+00    2.000    6.0 
  3   -120.7864669184   -4.06e+00   1.12e+00    2.387    5.7 
  4   -121.8709091204   -1.08e+00   2.62e-01    2.625    5.4 
  5   -121.8961606168   -2.53e-02   3.11e-01    2.373    3.3 
  6   -121.9451170935   -4.90e-02   1.65e-01    2.143    2.8 
  7   -121.9131489319    3.20e-02   2.27e-01    2.150    2.5 
  8   -121.9485810689   -3.54e-02   4.08e-02    1.882    2.6 
  9   -121.9494019061   -8.21e-04   1.10e-02    1.908    2.0 
 10   -121.9494538037   -5.19e-05   5.90e-03    1.932    2.6 
 11   -121.9494571623   -3.36e-06   7.30e-04    1.933    2.4 
 12   -121.9494574288   -2.66e-07   2.99e-04    1.929    4.1 
 13   -121.9494574260    2.82e-09   6.61e-05    1.928    3.0 
 14   -121.9494574191    6.89e-09   1.66e-05    1.928    3.0 
 15   -121.9494574189    1.48e-10   2.75e-06    1.928    3.5 
 16   -121.9494574191   -1.74e-10   6.80e-07    1.928    3.7 
 17   -121.9494574191    2.37e-12   1.84e-07    1.928    3.3 
Energy breakdown:
    Kinetic             59.3814283
    AtomicLocal         -99.3605617
    AtomicNonlocal      -16.5408025
    Ewald               -85.8892161
    PspCorrection       3.5081636 
    Hartree             29.7313728
    Xc                  -12.7787483
    Entropy             -0.0010934

    total               -121.949457419089

 ──────────────────────────────────────────────────────────────────────────────
                                       Time                   Allocations      
                               ──────────────────────   ───────────────────────
       Tot / % measured:             108s / 97.6%           60.5GiB / 99.5%    

 Section               ncalls     time   %tot     avg     alloc   %tot      avg
 ──────────────────────────────────────────────────────────────────────────────
 self_consistent_field      1     105s   100%    105s   60.2GiB  100%   60.2GiB
   LOBPCG               2.86k    82.8s  78.8%  29.0ms   38.7GiB  64.2%  13.9MiB
     Hamiltonian mu...  12.4k    37.0s  35.2%  2.99ms   6.11GiB  10.2%   517KiB
       kinetic+local    12.4k    32.3s  30.8%  2.61ms    507MiB  0.82%  41.9KiB
       nonlocal         12.4k    2.91s  2.77%   234μs   3.10GiB  5.15%   262KiB
     rayleigh_ritz      9.54k    9.16s  8.73%   960μs   1.37GiB  2.27%   150KiB
     ortho              40.4k    8.74s  8.32%   216μs   1.29GiB  2.14%  33.3KiB
     block multipli...  45.5k    7.02s  6.68%   154μs   8.42GiB  14.0%   194KiB
   compute_density         17    13.3s  12.7%   784ms   13.6GiB  22.7%   822MiB
   energy_hamiltonian      35    4.83s  4.60%   138ms   7.22GiB  12.0%   211MiB
     ene_ops               35    3.93s  3.74%   112ms   4.72GiB  7.85%   138MiB
       ene_ops: xc         35    1.93s  1.84%  55.2ms   2.58GiB  4.28%  75.4MiB
       ene_ops: kin...     35    1.06s  1.01%  30.2ms   1.96GiB  3.26%  57.4MiB
       ene_ops: non...     35    848ms  0.81%  24.2ms   92.7MiB  0.15%  2.65MiB
       ene_ops: har...     35   35.7ms  0.03%  1.02ms   47.4MiB  0.08%  1.35MiB
       ene_ops: local      35   16.3ms  0.02%   466μs   22.0MiB  0.04%   645KiB
   KerkerDosMixing         17    845ms  0.80%  49.7ms    141MiB  0.23%  8.32MiB
     KerkerMixing          17    555ms  0.53%  32.6ms    114MiB  0.19%  6.73MiB
   QR orthonormaliz...  2.86k   1.37ms  0.00%   481ns     0.00B  0.00%    0.00B
 ──────────────────────────────────────────────────────────────────────────────

Total time in ns: 106166243042
