Julia version: 1.6.0-DEV.1324

Threading configuration: 
       JULIA_NUM_THREADS:   7
      JULIA_FFTW_THREADS:   2
      JULIA_BLAS_THREADS:   4
Payload:  Fe_scfres_guess.jld2

System facts:
    fft_size:      (30, 30, 30)
    kpoints:       168
    n_electrons:   16
    n_bands:       23

Compiling code ...
Timing SCF ...

n     Free energy       Eₙ-Eₙ₋₁     ρout-ρin   Magnet   Diag
---   ---------------   ---------   --------   ------   ----
  1   -111.8084467724         NaN   5.13e+00    2.000    1.0 
  2   -116.7236072368   -4.92e+00   3.03e+00    2.000    6.0 
  3   -120.7864632890   -4.06e+00   1.12e+00    2.387    5.7 
  4   -121.8709164086   -1.08e+00   2.61e-01    2.625    5.4 
  5   -121.8961512133   -2.52e-02   3.11e-01    2.373    3.2 
  6   -121.9451303964   -4.90e-02   1.65e-01    2.142    2.9 
  7   -121.9132161373    3.19e-02   2.27e-01    2.150    2.5 
  8   -121.9485814152   -3.54e-02   4.08e-02    1.882    2.6 
  9   -121.9494018459   -8.20e-04   1.10e-02    1.908    2.0 
 10   -121.9494537984   -5.20e-05   5.90e-03    1.932    2.6 
 11   -121.9494571656   -3.37e-06   7.31e-04    1.933    2.3 
 12   -121.9494574290   -2.63e-07   2.99e-04    1.929    4.0 
 13   -121.9494574260    2.97e-09   6.59e-05    1.928    3.1 
 14   -121.9494574191    6.95e-09   1.64e-05    1.928    3.1 
 15   -121.9494574189    1.45e-10   2.74e-06    1.928    3.5 
 16   -121.9494574191   -1.69e-10   6.78e-07    1.928    3.7 
 17   -121.9494574191   -6.82e-13   1.89e-07    1.928    3.2 
Energy breakdown:
    Kinetic             59.3814282
    AtomicLocal         -99.3605616
    AtomicNonlocal      -16.5408025
    Ewald               -85.8892161
    PspCorrection       3.5081636 
    Hartree             29.7313728
    Xc                  -12.7787483
    Entropy             -0.0010934

    total               -121.949457419091

 ──────────────────────────────────────────────────────────────────────────────
                                       Time                   Allocations      
                               ──────────────────────   ───────────────────────
       Tot / % measured:             116s / 97.7%           61.9GiB / 99.5%    

 Section               ncalls     time   %tot     avg     alloc   %tot      avg
 ──────────────────────────────────────────────────────────────────────────────
 self_consistent_field      1     113s   100%    113s   61.6GiB  100%   61.6GiB
   LOBPCG               2.86k    89.3s  79.1%  31.3ms   39.9GiB  64.7%  14.3MiB
     Hamiltonian mu...  12.4k    36.0s  31.9%  2.91ms   7.30GiB  11.9%   618KiB
       kinetic+local    12.4k    31.0s  27.4%  2.50ms   1.69GiB  2.74%   143KiB
       nonlocal         12.4k    3.22s  2.86%   260μs   3.10GiB  5.03%   262KiB
     rayleigh_ritz      9.54k    10.6s  9.39%  1.11ms   1.37GiB  2.22%   150KiB
     block multipli...  45.4k    9.37s  8.31%   206μs   8.41GiB  13.7%   194KiB
     ortho              40.4k    9.17s  8.12%   227μs   1.29GiB  2.09%  33.4KiB
   compute_density         17    14.1s  12.5%   828ms   13.8GiB  22.5%   834MiB
   energy_hamiltonian      35    5.34s  4.73%   152ms   7.22GiB  11.7%   211MiB
     ene_ops               35    4.32s  3.83%   123ms   4.73GiB  7.68%   138MiB
       ene_ops: xc         35    1.97s  1.74%  56.2ms   2.58GiB  4.19%  75.6MiB
       ene_ops: kin...     35    1.36s  1.20%  38.7ms   1.96GiB  3.19%  57.4MiB
       ene_ops: non...     35    891ms  0.79%  25.5ms   92.7MiB  0.15%  2.65MiB
       ene_ops: har...     35   46.0ms  0.04%  1.32ms   47.5MiB  0.08%  1.36MiB
       ene_ops: local      35   18.4ms  0.02%   527μs   22.1MiB  0.04%   646KiB
   KerkerDosMixing         17    925ms  0.82%  54.4ms    142MiB  0.22%  8.33MiB
     KerkerMixing          17    622ms  0.55%  36.6ms    114MiB  0.18%  6.73MiB
   QR orthonormaliz...  2.86k   1.51ms  0.00%   528ns     0.00B  0.00%    0.00B
 ──────────────────────────────────────────────────────────────────────────────

Total time in ns: 113953728461
