Julia version: 1.6.0-DEV.1324

Threading configuration: 
       JULIA_NUM_THREADS:   8
      JULIA_FFTW_THREADS:   1
      JULIA_BLAS_THREADS:   6
Payload:  Fe_scfres_guess.jld2

System facts:
    fft_size:      (30, 30, 30)
    kpoints:       168
    n_electrons:   16
    n_bands:       23

Compiling code ...
Timing SCF ...

n     Free energy       Eₙ-Eₙ₋₁     ρout-ρin   Magnet   Diag
---   ---------------   ---------   --------   ------   ----
  1   -111.8084467724         NaN   5.13e+00    2.000    1.0 
  2   -116.7236050477   -4.92e+00   3.03e+00    2.000    6.0 
  3   -120.7864561547   -4.06e+00   1.12e+00    2.387    5.7 
  4   -121.8709193311   -1.08e+00   2.61e-01    2.625    5.4 
  5   -121.8961435499   -2.52e-02   3.11e-01    2.373    3.2 
  6   -121.9451222837   -4.90e-02   1.65e-01    2.142    2.8 
  7   -121.9131944035    3.19e-02   2.27e-01    2.150    2.5 
  8   -121.9485818712   -3.54e-02   4.08e-02    1.882    2.6 
  9   -121.9494018203   -8.20e-04   1.10e-02    1.908    2.0 
 10   -121.9494537901   -5.20e-05   5.91e-03    1.932    2.6 
 11   -121.9494571627   -3.37e-06   7.30e-04    1.933    2.3 
 12   -121.9494574294   -2.67e-07   2.99e-04    1.929    3.9 
 13   -121.9494574261    3.29e-09   6.61e-05    1.928    3.1 
 14   -121.9494574191    7.06e-09   1.64e-05    1.928    3.0 
 15   -121.9494574189    1.38e-10   2.76e-06    1.928    3.5 
 16   -121.9494574191   -1.75e-10   6.63e-07    1.928    3.7 
 17   -121.9494574191   -2.63e-12   2.03e-07    1.928    3.3 
Energy breakdown:
    Kinetic             59.3814282
    AtomicLocal         -99.3605616
    AtomicNonlocal      -16.5408024
    Ewald               -85.8892161
    PspCorrection       3.5081636 
    Hartree             29.7313727
    Xc                  -12.7787483
    Entropy             -0.0010934

    total               -121.949457419092

 ──────────────────────────────────────────────────────────────────────────────
                                       Time                   Allocations      
                               ──────────────────────   ───────────────────────
       Tot / % measured:            98.3s / 97.3%           62.3GiB / 99.5%    

 Section               ncalls     time   %tot     avg     alloc   %tot      avg
 ──────────────────────────────────────────────────────────────────────────────
 self_consistent_field      1    95.6s   100%   95.6s   62.0GiB  100%   62.0GiB
   LOBPCG               2.86k    75.7s  79.2%  26.5ms   38.7GiB  62.4%  13.9MiB
     Hamiltonian mu...  12.4k    29.9s  31.2%  2.41ms   6.11GiB  9.86%   518KiB
       kinetic+local    12.4k    25.2s  26.4%  2.04ms    512MiB  0.81%  42.4KiB
       nonlocal         12.4k    3.01s  3.15%   243μs   3.10GiB  5.00%   262KiB
     rayleigh_ritz      9.52k    8.79s  9.19%   923μs   1.37GiB  2.21%   151KiB
     ortho              40.3k    8.71s  9.11%   216μs   1.29GiB  2.08%  33.4KiB
     block multipli...  45.3k    7.33s  7.66%   162μs   8.41GiB  13.6%   194KiB
   compute_density         17    11.3s  11.8%   665ms   15.4GiB  24.9%   928MiB
   energy_hamiltonian      35    4.47s  4.67%   128ms   7.23GiB  11.7%   212MiB
     ene_ops               35    3.69s  3.86%   106ms   4.72GiB  7.62%   138MiB
       ene_ops: xc         35    1.94s  2.02%  55.3ms   2.58GiB  4.16%  75.4MiB
       ene_ops: kin...     35    904ms  0.95%  25.8ms   1.96GiB  3.17%  57.4MiB
       ene_ops: non...     35    758ms  0.79%  21.7ms   92.7MiB  0.15%  2.65MiB
       ene_ops: har...     35   34.5ms  0.04%   987μs   47.4MiB  0.07%  1.35MiB
       ene_ops: local      35   15.8ms  0.02%   450μs   22.0MiB  0.03%   645KiB
   KerkerDosMixing         17    833ms  0.87%  49.0ms    141MiB  0.22%  8.32MiB
     KerkerMixing          17    556ms  0.58%  32.7ms    114MiB  0.18%  6.73MiB
   QR orthonormaliz...  2.86k   1.54ms  0.00%   541ns     0.00B  0.00%    0.00B
 ──────────────────────────────────────────────────────────────────────────────

Total time in ns: 96749580834
