Julia version: 1.6.0-DEV.1324

Threading configuration: 
       JULIA_NUM_THREADS:   8
      JULIA_FFTW_THREADS:   1
      JULIA_BLAS_THREADS:   5
Payload:  Fe_scfres_guess.jld2

System facts:
    fft_size:      (30, 30, 30)
    kpoints:       168
    n_electrons:   16
    n_bands:       23

Compiling code ...
Timing SCF ...

n     Free energy       Eₙ-Eₙ₋₁     ρout-ρin   Magnet   Diag
---   ---------------   ---------   --------   ------   ----
  1   -111.8084467724         NaN   5.13e+00    2.000    1.0 
  2   -116.7235935625   -4.92e+00   3.03e+00    2.000    6.0 
  3   -120.7864716854   -4.06e+00   1.12e+00    2.387    5.7 
  4   -121.8709082229   -1.08e+00   2.62e-01    2.625    5.4 
  5   -121.8961678890   -2.53e-02   3.11e-01    2.373    3.3 
  6   -121.9451320482   -4.90e-02   1.65e-01    2.142    2.8 
  7   -121.9132575240    3.19e-02   2.27e-01    2.150    2.5 
  8   -121.9485827979   -3.53e-02   4.08e-02    1.882    2.5 
  9   -121.9494018116   -8.19e-04   1.10e-02    1.908    2.0 
 10   -121.9494537858   -5.20e-05   5.91e-03    1.932    2.6 
 11   -121.9494571626   -3.38e-06   7.29e-04    1.933    2.4 
 12   -121.9494574292   -2.67e-07   2.99e-04    1.929    3.9 
 13   -121.9494574260    3.16e-09   6.62e-05    1.928    3.0 
 14   -121.9494574190    6.97e-09   1.64e-05    1.928    3.1 
 15   -121.9494574189    1.25e-10   2.77e-06    1.928    3.5 
 16   -121.9494574191   -1.64e-10   6.59e-07    1.928    3.7 
 17   -121.9494574191   -3.25e-12   1.99e-07    1.928    3.2 
Energy breakdown:
    Kinetic             59.3814282
    AtomicLocal         -99.3605616
    AtomicNonlocal      -16.5408025
    Ewald               -85.8892161
    PspCorrection       3.5081636 
    Hartree             29.7313728
    Xc                  -12.7787483
    Entropy             -0.0010934

    total               -121.949457419092

 ──────────────────────────────────────────────────────────────────────────────
                                       Time                   Allocations      
                               ──────────────────────   ───────────────────────
       Tot / % measured:             104s / 97.2%           62.3GiB / 99.5%    

 Section               ncalls     time   %tot     avg     alloc   %tot      avg
 ──────────────────────────────────────────────────────────────────────────────
 self_consistent_field      1     101s   100%    101s   62.0GiB  100%   62.0GiB
   LOBPCG               2.86k    81.1s  80.0%  28.4ms   38.7GiB  62.4%  13.9MiB
     Hamiltonian mu...  12.4k    31.5s  31.1%  2.54ms   6.11GiB  9.86%   518KiB
       kinetic+local    12.4k    26.3s  25.9%  2.12ms    512MiB  0.81%  42.4KiB
       nonlocal         12.4k    3.53s  3.48%   285μs   3.10GiB  5.00%   263KiB
     rayleigh_ritz      9.52k    10.4s  10.2%  1.09ms   1.37GiB  2.21%   151KiB
     ortho              40.4k    8.87s  8.75%   220μs   1.29GiB  2.08%  33.4KiB
     block multipli...  45.3k    8.14s  8.02%   179μs   8.41GiB  13.6%   195KiB
   compute_density         17    11.6s  11.5%   684ms   15.4GiB  24.9%   928MiB
   energy_hamiltonian      35    4.75s  4.69%   136ms   7.23GiB  11.7%   212MiB
     ene_ops               35    3.81s  3.76%   109ms   4.72GiB  7.62%   138MiB
       ene_ops: xc         35    1.90s  1.87%  54.1ms   2.58GiB  4.16%  75.4MiB
       ene_ops: kin...     35    1.03s  1.02%  29.5ms   1.96GiB  3.17%  57.4MiB
       ene_ops: non...     35    799ms  0.79%  22.8ms   92.7MiB  0.15%  2.65MiB
       ene_ops: har...     35   32.5ms  0.03%   928μs   47.4MiB  0.07%  1.35MiB
       ene_ops: local      35   15.3ms  0.02%   436μs   22.0MiB  0.03%   645KiB
   KerkerDosMixing         17    769ms  0.76%  45.2ms    141MiB  0.22%  8.32MiB
     KerkerMixing          17    503ms  0.50%  29.6ms    114MiB  0.18%  6.73MiB
   QR orthonormaliz...  2.86k   1.39ms  0.00%   488ns     0.00B  0.00%    0.00B
 ──────────────────────────────────────────────────────────────────────────────

Total time in ns: 102700437641
