Julia version: 1.6.0-DEV.1324

Threading configuration: 
       JULIA_NUM_THREADS:   8
      JULIA_FFTW_THREADS:   2
      JULIA_BLAS_THREADS:   7
Payload:  Fe_scfres_guess.jld2

System facts:
    fft_size:      (30, 30, 30)
    kpoints:       168
    n_electrons:   16
    n_bands:       23

Compiling code ...
Timing SCF ...

n     Free energy       Eₙ-Eₙ₋₁     ρout-ρin   Magnet   Diag
---   ---------------   ---------   --------   ------   ----
  1   -111.8084467724         NaN   5.13e+00    2.000    1.0 
  2   -116.7235823399   -4.92e+00   3.03e+00    2.000    6.0 
  3   -120.7864707763   -4.06e+00   1.12e+00    2.387    5.7 
  4   -121.8709081350   -1.08e+00   2.62e-01    2.625    5.4 
  5   -121.8961623842   -2.53e-02   3.11e-01    2.373    3.2 
  6   -121.9451107081   -4.89e-02   1.65e-01    2.143    2.8 
  7   -121.9131538043    3.20e-02   2.27e-01    2.150    2.5 
  8   -121.9485822725   -3.54e-02   4.08e-02    1.882    2.6 
  9   -121.9494018527   -8.20e-04   1.10e-02    1.908    2.0 
 10   -121.9494538095   -5.20e-05   5.91e-03    1.932    2.6 
 11   -121.9494571633   -3.35e-06   7.31e-04    1.933    2.4 
 12   -121.9494574288   -2.65e-07   2.99e-04    1.929    4.0 
 13   -121.9494574261    2.71e-09   6.63e-05    1.928    3.1 
 14   -121.9494574190    7.02e-09   1.65e-05    1.928    3.1 
 15   -121.9494574189    1.05e-10   2.76e-06    1.928    3.5 
 16   -121.9494574191   -1.54e-10   6.54e-07    1.928    3.8 
 17   -121.9494574191   -7.49e-12   2.10e-07    1.928    3.2 
Energy breakdown:
    Kinetic             59.3814281
    AtomicLocal         -99.3605615
    AtomicNonlocal      -16.5408024
    Ewald               -85.8892161
    PspCorrection       3.5081636 
    Hartree             29.7313727
    Xc                  -12.7787483
    Entropy             -0.0010934

    total               -121.949457419094

 ──────────────────────────────────────────────────────────────────────────────
                                       Time                   Allocations      
                               ──────────────────────   ───────────────────────
       Tot / % measured:             101s / 97.5%           63.7GiB / 100%     

 Section               ncalls     time   %tot     avg     alloc   %tot      avg
 ──────────────────────────────────────────────────────────────────────────────
 self_consistent_field      1    98.6s   100%   98.6s   63.4GiB  100%   63.4GiB
   LOBPCG               2.86k    78.1s  79.2%  27.3ms   39.9GiB  62.9%  14.3MiB
     Hamiltonian mu...  12.4k    31.9s  32.4%  2.58ms   7.30GiB  11.5%   618KiB
       kinetic+local    12.4k    27.3s  27.7%  2.21ms   1.69GiB  2.67%   143KiB
       nonlocal         12.4k    2.89s  2.94%   234μs   3.10GiB  4.89%   262KiB
     rayleigh_ritz      9.53k    9.19s  9.32%   964μs   1.37GiB  2.16%   150KiB
     ortho              40.4k    8.68s  8.80%   215μs   1.29GiB  2.03%  33.3KiB
     block multipli...  45.4k    7.35s  7.46%   162μs   8.41GiB  13.3%   194KiB
   compute_density         17    12.0s  12.1%   704ms   15.6GiB  24.6%   940MiB
   energy_hamiltonian      35    4.52s  4.59%   129ms   7.24GiB  11.4%   212MiB
     ene_ops               35    3.75s  3.80%   107ms   4.73GiB  7.46%   138MiB
       ene_ops: xc         35    1.80s  1.83%  51.5ms   2.58GiB  4.08%  75.6MiB
       ene_ops: kin...     35    1.05s  1.07%  30.1ms   1.96GiB  3.10%  57.4MiB
       ene_ops: non...     35    807ms  0.82%  23.0ms   92.7MiB  0.14%  2.65MiB
       ene_ops: har...     35   31.9ms  0.03%   912μs   47.5MiB  0.07%  1.36MiB
       ene_ops: local      35   16.6ms  0.02%   474μs   22.1MiB  0.03%   646KiB
   KerkerDosMixing         17    813ms  0.83%  47.8ms    142MiB  0.22%  8.33MiB
     KerkerMixing          17    546ms  0.55%  32.1ms    114MiB  0.18%  6.73MiB
   QR orthonormaliz...  2.86k   1.62ms  0.00%   566ns     0.00B  0.00%    0.00B
 ──────────────────────────────────────────────────────────────────────────────

Total time in ns: 99696597221
