Julia version: 1.6.0-DEV.1324

Threading configuration: 
       JULIA_NUM_THREADS:   8
      JULIA_FFTW_THREADS:   1
      JULIA_BLAS_THREADS:   8
Payload:  Fe_scfres_guess.jld2

System facts:
    fft_size:      (30, 30, 30)
    kpoints:       168
    n_electrons:   16
    n_bands:       23

Compiling code ...
Timing SCF ...

n     Free energy       Eₙ-Eₙ₋₁     ρout-ρin   Magnet   Diag
---   ---------------   ---------   --------   ------   ----
  1   -111.8084467724         NaN   5.13e+00    2.000    1.0 
  2   -116.7235969045   -4.92e+00   3.03e+00    2.000    6.0 
  3   -120.7864643297   -4.06e+00   1.12e+00    2.387    5.7 
  4   -121.8709130551   -1.08e+00   2.62e-01    2.625    5.4 
  5   -121.8961531895   -2.52e-02   3.11e-01    2.373    3.2 
  6   -121.9451180673   -4.90e-02   1.65e-01    2.143    2.8 
  7   -121.9131576745    3.20e-02   2.27e-01    2.150    2.5 
  8   -121.9485811018   -3.54e-02   4.08e-02    1.882    2.6 
  9   -121.9494019050   -8.21e-04   1.10e-02    1.908    2.0 
 10   -121.9494538008   -5.19e-05   5.90e-03    1.932    2.6 
 11   -121.9494571681   -3.37e-06   7.29e-04    1.933    2.3 
 12   -121.9494574291   -2.61e-07   2.98e-04    1.929    4.1 
 13   -121.9494574258    3.26e-09   6.55e-05    1.928    3.1 
 14   -121.9494574190    6.79e-09   1.65e-05    1.928    3.0 
 15   -121.9494574189    1.25e-10   2.72e-06    1.928    3.5 
 16   -121.9494574191   -1.79e-10   6.88e-07    1.928    3.7 
 17   -121.9494574191    1.56e-12   1.83e-07    1.928    3.1 
Energy breakdown:
    Kinetic             59.3814282
    AtomicLocal         -99.3605617
    AtomicNonlocal      -16.5408025
    Ewald               -85.8892161
    PspCorrection       3.5081636 
    Hartree             29.7313728
    Xc                  -12.7787483
    Entropy             -0.0010934

    total               -121.949457419089

 ──────────────────────────────────────────────────────────────────────────────
                                       Time                   Allocations      
                               ──────────────────────   ───────────────────────
       Tot / % measured:             104s / 97.4%           62.3GiB / 99.5%    

 Section               ncalls     time   %tot     avg     alloc   %tot      avg
 ──────────────────────────────────────────────────────────────────────────────
 self_consistent_field      1     102s   100%    102s   62.0GiB  100%   62.0GiB
   LOBPCG               2.86k    81.0s  79.6%  28.4ms   38.7GiB  62.4%  13.9MiB
     Hamiltonian mu...  12.4k    32.8s  32.2%  2.65ms   6.11GiB  9.86%   518KiB
       kinetic+local    12.4k    28.1s  27.6%  2.27ms    512MiB  0.81%  42.4KiB
       nonlocal         12.4k    2.98s  2.92%   240μs   3.10GiB  5.00%   263KiB
     rayleigh_ritz      9.52k    10.5s  10.4%  1.11ms   1.37GiB  2.21%   151KiB
     ortho              40.3k    8.97s  8.81%   222μs   1.29GiB  2.08%  33.4KiB
     block multipli...  45.3k    6.83s  6.71%   151μs   8.42GiB  13.6%   195KiB
   compute_density         17    11.8s  11.6%   692ms   15.4GiB  24.9%   928MiB
   energy_hamiltonian      35    5.04s  4.95%   144ms   7.23GiB  11.7%   212MiB
     ene_ops               35    4.02s  3.94%   115ms   4.72GiB  7.62%   138MiB
       ene_ops: xc         35    2.09s  2.05%  59.7ms   2.58GiB  4.16%  75.4MiB
       ene_ops: kin...     35    988ms  0.97%  28.2ms   1.96GiB  3.17%  57.4MiB
       ene_ops: non...     35    825ms  0.81%  23.6ms   92.7MiB  0.15%  2.65MiB
       ene_ops: har...     35   55.4ms  0.05%  1.58ms   47.4MiB  0.07%  1.35MiB
       ene_ops: local      35   15.7ms  0.02%   450μs   22.0MiB  0.03%   645KiB
   KerkerDosMixing         17    804ms  0.79%  47.3ms    141MiB  0.22%  8.32MiB
     KerkerMixing          17    535ms  0.53%  31.4ms    114MiB  0.18%  6.73MiB
   QR orthonormaliz...  2.86k   1.64ms  0.00%   576ns     0.00B  0.00%    0.00B
 ──────────────────────────────────────────────────────────────────────────────

Total time in ns: 102915069189
