Julia version: 1.6.0-DEV.1324

Threading configuration: 
       JULIA_NUM_THREADS:   8
      JULIA_FFTW_THREADS:   2
      JULIA_BLAS_THREADS:   6
Payload:  Fe_scfres_guess.jld2

System facts:
    fft_size:      (30, 30, 30)
    kpoints:       168
    n_electrons:   16
    n_bands:       23

Compiling code ...
Timing SCF ...

n     Free energy       Eₙ-Eₙ₋₁     ρout-ρin   Magnet   Diag
---   ---------------   ---------   --------   ------   ----
  1   -111.8084467724         NaN   5.13e+00    2.000    1.0 
  2   -116.7236076220   -4.92e+00   3.03e+00    2.000    6.0 
  3   -120.7864603325   -4.06e+00   1.12e+00    2.387    5.7 
  4   -121.8709167599   -1.08e+00   2.61e-01    2.625    5.4 
  5   -121.8961524091   -2.52e-02   3.11e-01    2.373    3.3 
  6   -121.9451342306   -4.90e-02   1.65e-01    2.142    2.8 
  7   -121.9132435609    3.19e-02   2.27e-01    2.150    2.5 
  8   -121.9485828086   -3.53e-02   4.08e-02    1.882    2.6 
  9   -121.9494018522   -8.19e-04   1.10e-02    1.908    2.0 
 10   -121.9494538043   -5.20e-05   5.90e-03    1.932    2.6 
 11   -121.9494571649   -3.36e-06   7.30e-04    1.933    2.4 
 12   -121.9494574295   -2.65e-07   2.98e-04    1.929    3.9 
 13   -121.9494574259    3.56e-09   6.61e-05    1.928    3.1 
 14   -121.9494574190    6.86e-09   1.65e-05    1.928    3.1 
 15   -121.9494574189    1.22e-10   2.74e-06    1.928    3.6 
 16   -121.9494574191   -1.67e-10   6.68e-07    1.928    3.7 
 17   -121.9494574191   -5.10e-12   2.05e-07    1.928    3.3 
Energy breakdown:
    Kinetic             59.3814281
    AtomicLocal         -99.3605615
    AtomicNonlocal      -16.5408024
    Ewald               -85.8892161
    PspCorrection       3.5081636 
    Hartree             29.7313727
    Xc                  -12.7787483
    Entropy             -0.0010934

    total               -121.949457419093

 ──────────────────────────────────────────────────────────────────────────────
                                       Time                   Allocations      
                               ──────────────────────   ───────────────────────
       Tot / % measured:             102s / 97.3%           63.7GiB / 100%     

 Section               ncalls     time   %tot     avg     alloc   %tot      avg
 ──────────────────────────────────────────────────────────────────────────────
 self_consistent_field      1     100s   100%    100s   63.4GiB  100%   63.4GiB
   LOBPCG               2.86k    78.8s  79.1%  27.6ms   39.9GiB  62.9%  14.3MiB
     Hamiltonian mu...  12.4k    31.7s  31.8%  2.56ms   7.30GiB  11.5%   618KiB
       kinetic+local    12.4k    27.0s  27.1%  2.18ms   1.69GiB  2.67%   143KiB
       nonlocal         12.4k    2.96s  2.97%   239μs   3.10GiB  4.89%   262KiB
     rayleigh_ritz      9.52k    9.14s  9.17%   960μs   1.37GiB  2.16%   151KiB
     ortho              40.4k    8.78s  8.81%   217μs   1.29GiB  2.03%  33.4KiB
     block multipli...  45.4k    7.57s  7.60%   167μs   8.41GiB  13.3%   194KiB
   compute_density         17    12.1s  12.2%   713ms   15.6GiB  24.6%   940MiB
   energy_hamiltonian      35    4.74s  4.75%   135ms   7.24GiB  11.4%   212MiB
     ene_ops               35    3.90s  3.91%   111ms   4.73GiB  7.46%   138MiB
       ene_ops: xc         35    1.95s  1.96%  55.8ms   2.58GiB  4.08%  75.6MiB
       ene_ops: kin...     35    1.04s  1.04%  29.7ms   1.96GiB  3.10%  57.4MiB
       ene_ops: non...     35    797ms  0.80%  22.8ms   92.7MiB  0.14%  2.65MiB
       ene_ops: har...     35   35.9ms  0.04%  1.03ms   47.5MiB  0.07%  1.36MiB
       ene_ops: local      35   19.1ms  0.02%   545μs   22.1MiB  0.03%   646KiB
   KerkerDosMixing         17    809ms  0.81%  47.6ms    142MiB  0.22%  8.33MiB
     KerkerMixing          17    541ms  0.54%  31.8ms    114MiB  0.18%  6.73MiB
   QR orthonormaliz...  2.86k   1.53ms  0.00%   535ns     0.00B  0.00%    0.00B
 ──────────────────────────────────────────────────────────────────────────────

Total time in ns: 100781560304
