Julia version: 1.6.0-DEV.1324

Threading configuration: 
       JULIA_NUM_THREADS:   8
      JULIA_FFTW_THREADS:   2
      JULIA_BLAS_THREADS:   4
Payload:  Fe_scfres_guess.jld2

System facts:
    fft_size:      (30, 30, 30)
    kpoints:       168
    n_electrons:   16
    n_bands:       23

Compiling code ...
Timing SCF ...

n     Free energy       Eₙ-Eₙ₋₁     ρout-ρin   Magnet   Diag
---   ---------------   ---------   --------   ------   ----
  1   -111.8084467724         NaN   5.13e+00    2.000    1.0 
  2   -116.7236107896   -4.92e+00   3.03e+00    2.000    6.0 
  3   -120.7864674306   -4.06e+00   1.12e+00    2.387    5.7 
  4   -121.8709130447   -1.08e+00   2.62e-01    2.625    5.4 
  5   -121.8961601989   -2.52e-02   3.11e-01    2.373    3.2 
  6   -121.9451188134   -4.90e-02   1.65e-01    2.143    2.8 
  7   -121.9131799086    3.19e-02   2.27e-01    2.150    2.5 
  8   -121.9485822792   -3.54e-02   4.08e-02    1.882    2.6 
  9   -121.9494018836   -8.20e-04   1.10e-02    1.908    2.0 
 10   -121.9494537966   -5.19e-05   5.90e-03    1.932    2.6 
 11   -121.9494571632   -3.37e-06   7.28e-04    1.933    2.3 
 12   -121.9494574294   -2.66e-07   2.99e-04    1.929    4.1 
 13   -121.9494574259    3.52e-09   6.58e-05    1.928    3.1 
 14   -121.9494574191    6.84e-09   1.65e-05    1.928    3.1 
 15   -121.9494574189    1.58e-10   2.73e-06    1.928    3.5 
 16   -121.9494574191   -1.84e-10   6.86e-07    1.928    3.8 
 17   -121.9494574191    3.10e-12   1.83e-07    1.928    3.2 
Energy breakdown:
    Kinetic             59.3814282
    AtomicLocal         -99.3605617
    AtomicNonlocal      -16.5408025
    Ewald               -85.8892161
    PspCorrection       3.5081636 
    Hartree             29.7313728
    Xc                  -12.7787483
    Entropy             -0.0010934

    total               -121.949457419089

 ──────────────────────────────────────────────────────────────────────────────
                                       Time                   Allocations      
                               ──────────────────────   ───────────────────────
       Tot / % measured:             106s / 97.6%           63.7GiB / 100%     

 Section               ncalls     time   %tot     avg     alloc   %tot      avg
 ──────────────────────────────────────────────────────────────────────────────
 self_consistent_field      1     104s   100%    104s   63.4GiB  100%   63.4GiB
   LOBPCG               2.86k    82.6s  79.8%  28.9ms   39.9GiB  62.9%  14.3MiB
     Hamiltonian mu...  12.4k    31.9s  30.8%  2.57ms   7.31GiB  11.5%   617KiB
       kinetic+local    12.4k    26.8s  25.9%  2.16ms   1.69GiB  2.67%   143KiB
       nonlocal         12.4k    3.22s  3.11%   259μs   3.10GiB  4.89%   262KiB
     rayleigh_ritz      9.56k    10.4s  10.0%  1.09ms   1.37GiB  2.16%   150KiB
     block multipli...  45.6k    9.24s  8.93%   203μs   8.42GiB  13.3%   194KiB
     ortho              40.5k    9.04s  8.73%   223μs   1.29GiB  2.03%  33.3KiB
   compute_density         17    12.2s  11.8%   719ms   15.6GiB  24.6%   940MiB
   energy_hamiltonian      35    4.83s  4.67%   138ms   7.24GiB  11.4%   212MiB
     ene_ops               35    3.95s  3.82%   113ms   4.73GiB  7.46%   138MiB
       ene_ops: xc         35    1.96s  1.89%  55.9ms   2.58GiB  4.07%  75.6MiB
       ene_ops: kin...     35    1.09s  1.05%  31.2ms   1.96GiB  3.09%  57.4MiB
       ene_ops: non...     35    802ms  0.77%  22.9ms   92.7MiB  0.14%  2.65MiB
       ene_ops: har...     35   34.3ms  0.03%   980μs   47.5MiB  0.07%  1.36MiB
       ene_ops: local      35   18.2ms  0.02%   521μs   22.1MiB  0.03%   646KiB
   KerkerDosMixing         17    806ms  0.78%  47.4ms    142MiB  0.22%  8.33MiB
     KerkerMixing          17    542ms  0.52%  31.9ms    114MiB  0.18%  6.73MiB
   QR orthonormaliz...  2.86k   1.56ms  0.00%   548ns     0.00B  0.00%    0.00B
 ──────────────────────────────────────────────────────────────────────────────

Total time in ns: 104635067569
