Julia version: 1.6.0-DEV.1324

Threading configuration: 
       JULIA_NUM_THREADS:   8
      JULIA_FFTW_THREADS:   1
      JULIA_BLAS_THREADS:   7
Payload:  Fe_scfres_guess.jld2

System facts:
    fft_size:      (30, 30, 30)
    kpoints:       168
    n_electrons:   16
    n_bands:       23

Compiling code ...
Timing SCF ...

n     Free energy       Eₙ-Eₙ₋₁     ρout-ρin   Magnet   Diag
---   ---------------   ---------   --------   ------   ----
  1   -111.8084467724         NaN   5.13e+00    2.000    1.0 
  2   -116.7236057566   -4.92e+00   3.03e+00    2.000    6.0 
  3   -120.7864506405   -4.06e+00   1.12e+00    2.387    5.8 
  4   -121.8709217845   -1.08e+00   2.61e-01    2.625    5.4 
  5   -121.8961364113   -2.52e-02   3.11e-01    2.373    3.2 
  6   -121.9451250144   -4.90e-02   1.65e-01    2.142    2.8 
  7   -121.9131826921    3.19e-02   2.27e-01    2.150    2.5 
  8   -121.9485802104   -3.54e-02   4.09e-02    1.882    2.6 
  9   -121.9494018715   -8.22e-04   1.10e-02    1.908    2.0 
 10   -121.9494537753   -5.19e-05   5.91e-03    1.932    2.6 
 11   -121.9494571680   -3.39e-06   7.28e-04    1.933    2.4 
 12   -121.9494574306   -2.63e-07   2.98e-04    1.929    4.0 
 13   -121.9494574259    4.78e-09   6.51e-05    1.928    3.0 
 14   -121.9494574190    6.82e-09   1.65e-05    1.928    3.0 
 15   -121.9494574189    1.45e-10   2.74e-06    1.928    3.6 
 16   -121.9494574191   -1.85e-10   6.73e-07    1.928    3.7 
 17   -121.9494574191   -1.61e-12   2.01e-07    1.928    3.2 
Energy breakdown:
    Kinetic             59.3814282
    AtomicLocal         -99.3605616
    AtomicNonlocal      -16.5408024
    Ewald               -85.8892161
    PspCorrection       3.5081636 
    Hartree             29.7313727
    Xc                  -12.7787483
    Entropy             -0.0010934

    total               -121.949457419092

 ──────────────────────────────────────────────────────────────────────────────
                                       Time                   Allocations      
                               ──────────────────────   ───────────────────────
       Tot / % measured:            97.6s / 97.4%           62.3GiB / 99.5%    

 Section               ncalls     time   %tot     avg     alloc   %tot      avg
 ──────────────────────────────────────────────────────────────────────────────
 self_consistent_field      1    95.1s   100%   95.1s   62.0GiB  100%   62.0GiB
   LOBPCG               2.86k    75.5s  79.4%  26.4ms   38.7GiB  62.4%  13.9MiB
     Hamiltonian mu...  12.4k    29.8s  31.3%  2.40ms   6.11GiB  9.86%   518KiB
       kinetic+local    12.4k    25.1s  26.4%  2.03ms    513MiB  0.81%  42.4KiB
       nonlocal         12.4k    3.04s  3.20%   246μs   3.10GiB  5.00%   263KiB
     rayleigh_ritz      9.53k    9.00s  9.47%   945μs   1.37GiB  2.21%   151KiB
     ortho              40.4k    8.67s  9.12%   215μs   1.29GiB  2.08%  33.4KiB
     block multipli...  45.4k    6.84s  7.19%   151μs   8.43GiB  13.6%   195KiB
   compute_density         17    11.3s  11.9%   664ms   15.4GiB  24.9%   928MiB
   energy_hamiltonian      35    4.48s  4.72%   128ms   7.23GiB  11.7%   212MiB
     ene_ops               35    3.67s  3.86%   105ms   4.72GiB  7.62%   138MiB
       ene_ops: xc         35    1.95s  2.05%  55.6ms   2.58GiB  4.16%  75.4MiB
       ene_ops: kin...     35    843ms  0.89%  24.1ms   1.96GiB  3.16%  57.4MiB
       ene_ops: non...     35    793ms  0.83%  22.7ms   92.7MiB  0.15%  2.65MiB
       ene_ops: har...     35   32.6ms  0.03%   932μs   47.4MiB  0.07%  1.35MiB
       ene_ops: local      35   14.0ms  0.01%   401μs   22.0MiB  0.03%   645KiB
   KerkerDosMixing         17    729ms  0.77%  42.9ms    141MiB  0.22%  8.32MiB
     KerkerMixing          17    475ms  0.50%  27.9ms    114MiB  0.18%  6.73MiB
   QR orthonormaliz...  2.86k   1.37ms  0.00%   480ns     0.00B  0.00%    0.00B
 ──────────────────────────────────────────────────────────────────────────────

Total time in ns: 96183770016
