Julia version: 1.6.0-DEV.1324

Threading configuration: 
       JULIA_NUM_THREADS:   8
      JULIA_FFTW_THREADS:   2
      JULIA_BLAS_THREADS:   8
Payload:  Fe_scfres_guess.jld2

System facts:
    fft_size:      (30, 30, 30)
    kpoints:       168
    n_electrons:   16
    n_bands:       23

Compiling code ...
Timing SCF ...

n     Free energy       Eₙ-Eₙ₋₁     ρout-ρin   Magnet   Diag
---   ---------------   ---------   --------   ------   ----
  1   -111.8084467724         NaN   5.13e+00    2.000    1.0 
  2   -116.7236036453   -4.92e+00   3.03e+00    2.000    6.0 
  3   -120.7864653143   -4.06e+00   1.12e+00    2.387    5.7 
  4   -121.8709145531   -1.08e+00   2.61e-01    2.625    5.4 
  5   -121.8961521091   -2.52e-02   3.11e-01    2.373    3.2 
  6   -121.9451277211   -4.90e-02   1.65e-01    2.142    2.8 
  7   -121.9131932013    3.19e-02   2.27e-01    2.150    2.5 
  8   -121.9485814514   -3.54e-02   4.08e-02    1.882    2.6 
  9   -121.9494019078   -8.20e-04   1.10e-02    1.908    2.0 
 10   -121.9494538025   -5.19e-05   5.89e-03    1.932    2.6 
 11   -121.9494571645   -3.36e-06   7.30e-04    1.933    2.3 
 12   -121.9494574290   -2.64e-07   2.98e-04    1.929    4.0 
 13   -121.9494574259    3.11e-09   6.60e-05    1.928    3.1 
 14   -121.9494574191    6.87e-09   1.65e-05    1.928    3.0 
 15   -121.9494574189    1.35e-10   2.73e-06    1.928    3.5 
 16   -121.9494574191   -1.69e-10   6.68e-07    1.928    3.6 
 17   -121.9494574191   -4.01e-12   1.98e-07    1.928    3.2 
Energy breakdown:
    Kinetic             59.3814282
    AtomicLocal         -99.3605616
    AtomicNonlocal      -16.5408024
    Ewald               -85.8892161
    PspCorrection       3.5081636 
    Hartree             29.7313727
    Xc                  -12.7787483
    Entropy             -0.0010934

    total               -121.949457419092

 ──────────────────────────────────────────────────────────────────────────────
                                       Time                   Allocations      
                               ──────────────────────   ───────────────────────
       Tot / % measured:             104s / 97.5%           63.7GiB / 100%     

 Section               ncalls     time   %tot     avg     alloc   %tot      avg
 ──────────────────────────────────────────────────────────────────────────────
 self_consistent_field      1     102s   100%    102s   63.4GiB  100%   63.4GiB
   LOBPCG               2.86k    81.2s  79.9%  28.4ms   39.9GiB  62.9%  14.3MiB
     Hamiltonian mu...  12.4k    33.4s  32.9%  2.70ms   7.30GiB  11.5%   619KiB
       kinetic+local    12.4k    28.6s  28.1%  2.31ms   1.69GiB  2.67%   143KiB
       nonlocal         12.4k    3.03s  2.98%   245μs   3.10GiB  4.89%   263KiB
     rayleigh_ritz      9.51k    10.8s  10.6%  1.13ms   1.37GiB  2.16%   151KiB
     ortho              40.3k    8.83s  8.69%   219μs   1.29GiB  2.03%  33.5KiB
     block multipli...  45.3k    6.66s  6.55%   147μs   8.41GiB  13.3%   195KiB
   compute_density         17    12.1s  11.9%   713ms   15.6GiB  24.6%   940MiB
   energy_hamiltonian      35    4.46s  4.39%   128ms   7.24GiB  11.4%   212MiB
     ene_ops               35    3.70s  3.64%   106ms   4.73GiB  7.46%   138MiB
       ene_ops: xc         35    1.84s  1.81%  52.4ms   2.58GiB  4.08%  75.6MiB
       ene_ops: kin...     35    960ms  0.94%  27.4ms   1.96GiB  3.10%  57.4MiB
       ene_ops: non...     35    820ms  0.81%  23.4ms   92.7MiB  0.14%  2.65MiB
       ene_ops: har...     35   31.0ms  0.03%   886μs   47.5MiB  0.07%  1.36MiB
       ene_ops: local      35   16.5ms  0.02%   470μs   22.1MiB  0.03%   646KiB
   KerkerDosMixing         17    764ms  0.75%  45.0ms    142MiB  0.22%  8.33MiB
     KerkerMixing          17    485ms  0.48%  28.5ms    114MiB  0.18%  6.73MiB
   QR orthonormaliz...  2.86k   1.52ms  0.00%   532ns     0.00B  0.00%    0.00B
 ──────────────────────────────────────────────────────────────────────────────

Total time in ns: 102728203923
