Julia version: 1.6.0-DEV.1324

Threading configuration: 
       JULIA_NUM_THREADS:   8
      JULIA_FFTW_THREADS:   1
      JULIA_BLAS_THREADS:   4
Payload:  Fe_scfres_guess.jld2

System facts:
    fft_size:      (30, 30, 30)
    kpoints:       168
    n_electrons:   16
    n_bands:       23

Compiling code ...
Timing SCF ...

n     Free energy       Eₙ-Eₙ₋₁     ρout-ρin   Magnet   Diag
---   ---------------   ---------   --------   ------   ----
  1   -111.8084467724         NaN   5.13e+00    2.000    1.0 
  2   -116.7235999674   -4.92e+00   3.03e+00    2.000    5.9 
  3   -120.7864631912   -4.06e+00   1.12e+00    2.387    5.7 
  4   -121.8709175428   -1.08e+00   2.61e-01    2.625    5.3 
  5   -121.8961448709   -2.52e-02   3.11e-01    2.373    3.2 
  6   -121.9451259631   -4.90e-02   1.65e-01    2.142    2.8 
  7   -121.9131781144    3.19e-02   2.27e-01    2.150    2.5 
  8   -121.9485808710   -3.54e-02   4.08e-02    1.882    2.5 
  9   -121.9494019300   -8.21e-04   1.10e-02    1.908    2.0 
 10   -121.9494537872   -5.19e-05   5.91e-03    1.932    2.6 
 11   -121.9494571647   -3.38e-06   7.28e-04    1.933    2.3 
 12   -121.9494574298   -2.65e-07   2.98e-04    1.929    4.0 
 13   -121.9494574259    3.88e-09   6.62e-05    1.928    3.1 
 14   -121.9494574191    6.88e-09   1.65e-05    1.928    3.0 
 15   -121.9494574189    1.45e-10   2.75e-06    1.928    3.5 
 16   -121.9494574191   -1.71e-10   6.58e-07    1.928    3.7 
 17   -121.9494574191   -4.85e-12   2.07e-07    1.928    3.2 
Energy breakdown:
    Kinetic             59.3814282
    AtomicLocal         -99.3605616
    AtomicNonlocal      -16.5408024
    Ewald               -85.8892161
    PspCorrection       3.5081636 
    Hartree             29.7313727
    Xc                  -12.7787483
    Entropy             -0.0010934

    total               -121.949457419092

 ──────────────────────────────────────────────────────────────────────────────
                                       Time                   Allocations      
                               ──────────────────────   ───────────────────────
       Tot / % measured:             108s / 97.5%           62.3GiB / 99.5%    

 Section               ncalls     time   %tot     avg     alloc   %tot      avg
 ──────────────────────────────────────────────────────────────────────────────
 self_consistent_field      1     106s   100%    106s   62.0GiB  100%   62.0GiB
   LOBPCG               2.86k    83.6s  79.1%  29.3ms   38.7GiB  62.4%  13.9MiB
     Hamiltonian mu...  12.4k    31.5s  29.8%  2.55ms   6.11GiB  9.85%   518KiB
       kinetic+local    12.4k    26.0s  24.6%  2.10ms    512MiB  0.81%  42.4KiB
       nonlocal         12.4k    3.31s  3.13%   268μs   3.10GiB  5.00%   263KiB
     rayleigh_ritz      9.50k    10.6s  10.0%  1.11ms   1.37GiB  2.21%   151KiB
     block multipli...  45.2k    9.31s  8.82%   206μs   8.42GiB  13.6%   195KiB
     ortho              40.3k    9.04s  8.55%   224μs   1.29GiB  2.08%  33.5KiB
   compute_density         17    11.7s  11.1%   687ms   15.4GiB  24.9%   928MiB
   energy_hamiltonian      35    6.00s  5.68%   171ms   7.23GiB  11.7%   212MiB
     ene_ops               35    4.87s  4.61%   139ms   4.72GiB  7.62%   138MiB
       ene_ops: xc         35    2.33s  2.21%  66.7ms   2.58GiB  4.16%  75.4MiB
       ene_ops: kin...     35    1.54s  1.46%  44.1ms   1.96GiB  3.17%  57.4MiB
       ene_ops: non...     35    881ms  0.83%  25.2ms   92.7MiB  0.15%  2.65MiB
       ene_ops: har...     35   42.1ms  0.04%  1.20ms   47.4MiB  0.07%  1.35MiB
       ene_ops: local      35   20.7ms  0.02%   591μs   22.0MiB  0.03%   645KiB
   KerkerDosMixing         17    974ms  0.92%  57.3ms    141MiB  0.22%  8.32MiB
     KerkerMixing          17    654ms  0.62%  38.4ms    114MiB  0.18%  6.73MiB
   QR orthonormaliz...  2.86k   1.72ms  0.00%   602ns     0.00B  0.00%    0.00B
 ──────────────────────────────────────────────────────────────────────────────

Total time in ns: 106817533245
