Julia version: 1.6.0-DEV.1324

Threading configuration: 
       JULIA_NUM_THREADS:   2
      JULIA_FFTW_THREADS:   4
      JULIA_BLAS_THREADS:   1
Payload:  Fe_scfres_guess.jld2

System facts:
    fft_size:      (30, 30, 30)
    kpoints:       168
    n_electrons:   16
    n_bands:       23

Compiling code ...
Timing SCF ...

n     Free energy       Eₙ-Eₙ₋₁     ρout-ρin   Magnet   Diag
---   ---------------   ---------   --------   ------   ----
  1   -111.8090315840         NaN   5.13e+00    2.000    1.0 
  2   -116.7235484038   -4.91e+00   3.03e+00    2.000    6.0 
  3   -120.7864616569   -4.06e+00   1.12e+00    2.387    5.8 
  4   -121.8708843928   -1.08e+00   2.62e-01    2.625    5.3 
  5   -121.8961923952   -2.53e-02   3.11e-01    2.373    3.2 
  6   -121.9450943929   -4.89e-02   1.65e-01    2.143    2.8 
  7   -121.9131442009    3.20e-02   2.27e-01    2.150    2.5 
  8   -121.9485845394   -3.54e-02   4.08e-02    1.882    2.5 
  9   -121.9494018779   -8.17e-04   1.10e-02    1.908    2.0 
 10   -121.9494537908   -5.19e-05   5.90e-03    1.932    2.6 
 11   -121.9494571638   -3.37e-06   7.29e-04    1.933    2.3 
 12   -121.9494574298   -2.66e-07   2.99e-04    1.929    4.0 
 13   -121.9494574259    3.85e-09   6.55e-05    1.928    3.1 
 14   -121.9494574191    6.87e-09   1.65e-05    1.928    3.0 
 15   -121.9494574189    1.52e-10   2.73e-06    1.928    3.5 
 16   -121.9494574191   -1.86e-10   6.73e-07    1.928    3.8 
 17   -121.9494574191   -4.69e-13   1.94e-07    1.928    3.1 
Energy breakdown:
    Kinetic             59.3814282
    AtomicLocal         -99.3605616
    AtomicNonlocal      -16.5408024
    Ewald               -85.8892161
    PspCorrection       3.5081636 
    Hartree             29.7313728
    Xc                  -12.7787483
    Entropy             -0.0010934

    total               -121.949457419090

 ──────────────────────────────────────────────────────────────────────────────
                                       Time                   Allocations      
                               ──────────────────────   ───────────────────────
       Tot / % measured:             244s / 99.0%           89.6GiB / 100%     

 Section               ncalls     time   %tot     avg     alloc   %tot      avg
 ──────────────────────────────────────────────────────────────────────────────
 self_consistent_field      1     242s   100%    242s   89.3GiB  100%   89.3GiB
   LOBPCG               2.86k     190s  78.4%  66.4ms   51.6GiB  57.7%  18.5MiB
     Hamiltonian mu...  12.4k     117s  48.4%  9.46ms   9.09GiB  10.2%   770KiB
     block multipli...  45.3k    21.7s  8.96%   478μs   8.42GiB  9.42%   195KiB
     ortho              40.4k    13.1s  5.41%   324μs   8.58GiB  9.61%   223KiB
     rayleigh_ritz      9.52k    12.1s  5.02%  1.28ms   1.37GiB  1.53%   151KiB
   compute_density         17    42.1s  17.4%   2.48s   29.9GiB  33.5%  1.76GiB
   energy_hamiltonian      35    6.43s  2.66%   184ms   7.19GiB  8.05%   210MiB
   KerkerDosMixing         17    778ms  0.32%  45.8ms    142MiB  0.15%  8.32MiB
     KerkerMixing          17    498ms  0.21%  29.3ms    115MiB  0.13%  6.74MiB
   QR orthonormaliz...  2.86k   1.55ms  0.00%   543ns     0.00B  0.00%    0.00B
 ──────────────────────────────────────────────────────────────────────────────

Total time in ns: 242811915115
