Julia version: 1.6.0-DEV.1324

Threading configuration: 
       JULIA_NUM_THREADS:   1
      JULIA_FFTW_THREADS:   1
      JULIA_BLAS_THREADS:   1
Payload:  Fe_scfres_guess.jld2

System facts:
    fft_size:      (30, 30, 30)
    kpoints:       84
    n_electrons:   16
    n_bands:       23

Compiling code ...
Timing SCF ...

n     Free energy       Eₙ-Eₙ₋₁     ρout-ρin   Magnet   Diag
---   ---------------   ---------   --------   ------   ----
  1   -111.8084467724         NaN   5.13e+00    2.000    1.0 
  2   -116.7236100931   -4.92e+00   3.03e+00    2.000    5.4 
  3   -120.7864577520   -4.06e+00   1.12e+00    2.387    5.3 
  4   -121.8709198833   -1.08e+00   2.61e-01    2.625    5.3 
  5   -121.8961444903   -2.52e-02   3.11e-01    2.373    3.1 
  6   -121.9451311431   -4.90e-02   1.65e-01    2.142    2.8 
  7   -121.9131895918    3.19e-02   2.27e-01    2.150    2.4 
  8   -121.9485802155   -3.54e-02   4.08e-02    1.882    2.6 
  9   -121.9494018506   -8.22e-04   1.10e-02    1.908    2.0 
 10   -121.9494537817   -5.19e-05   5.90e-03    1.932    2.5 
 11   -121.9494571624   -3.38e-06   7.29e-04    1.933    2.1 
 12   -121.9494574292   -2.67e-07   3.00e-04    1.929    3.8 
 13   -121.9494574259    3.31e-09   6.60e-05    1.928    3.1 
 14   -121.9494574191    6.86e-09   1.66e-05    1.928    2.9 
 15   -121.9494574189    1.68e-10   2.74e-06    1.928    3.1 
 16   -121.9494574191   -1.78e-10   6.89e-07    1.928    3.4 
 17   -121.9494574191    3.87e-12   1.82e-07    1.928    3.0 
Energy breakdown:
    Kinetic             59.3814283
    AtomicLocal         -99.3605618
    AtomicNonlocal      -16.5408025
    Ewald               -85.8892161
    PspCorrection       3.5081636 
    Hartree             29.7313728
    Xc                  -12.7787483
    Entropy             -0.0010934

    total               -121.949457419088

 ──────────────────────────────────────────────────────────────────────────────
                                       Time                   Allocations      
                               ──────────────────────   ───────────────────────
       Tot / % measured:             153s / 98.4%           26.6GiB / 98.8%    

 Section               ncalls     time   %tot     avg     alloc   %tot      avg
 ──────────────────────────────────────────────────────────────────────────────
 self_consistent_field      1     151s   100%    151s   26.3GiB  100%   26.3GiB
   LOBPCG               1.43k     103s  68.5%  72.4ms   19.3GiB  73.2%  13.8MiB
     Hamiltonian mu...  5.94k    70.1s  46.4%  11.8ms   2.97GiB  11.3%   523KiB
       kinetic+local    5.94k    66.7s  44.2%  11.2ms    234MiB  0.87%  40.3KiB
       nonlocal         5.94k    2.40s  1.59%   403μs   1.53GiB  5.82%   270KiB
     block multipli...  21.2k    10.0s  6.61%   470μs   4.10GiB  15.6%   203KiB
     rayleigh_ritz      4.51k    5.74s  3.80%  1.27ms    691MiB  2.57%   157KiB
     ortho              19.1k    5.18s  3.43%   271μs    649MiB  2.41%  34.8KiB
   compute_density         17    37.9s  25.1%   2.23s   1.58GiB  6.02%  95.3MiB
   energy_hamiltonian      35    3.23s  2.14%  92.3ms   4.89GiB  18.6%   143MiB
     ene_ops               35    2.89s  1.92%  82.7ms   3.68GiB  14.0%   108MiB
       ene_ops: xc         35    1.64s  1.08%  46.8ms   2.57GiB  9.79%  75.3MiB
       ene_ops: non...     35    702ms  0.46%  20.0ms   46.3MiB  0.17%  1.32MiB
       ene_ops: kin...     35    378ms  0.25%  10.8ms   0.98GiB  3.73%  28.7MiB
       ene_ops: har...     35   26.1ms  0.02%   745μs   45.2MiB  0.17%  1.29MiB
       ene_ops: local      35   11.7ms  0.01%   335μs   19.9MiB  0.07%   582KiB
   KerkerDosMixing         17    749ms  0.50%  44.1ms    141MiB  0.53%  8.32MiB
     KerkerMixing          17    458ms  0.30%  27.0ms    114MiB  0.42%  6.73MiB
   QR orthonormaliz...  1.43k    618μs  0.00%   433ns     0.00B  0.00%    0.00B
 ──────────────────────────────────────────────────────────────────────────────

Total time in ns: 152043179616
