Threading configuration: 
       JULIA_NUM_THREADS:   2
      JULIA_FFTW_THREADS:   1
      JULIA_BLAS_THREADS:   1
Payload:  Fe_scfres_guess.jld2

System facts:
    fft_size:      (30, 30, 30)
    kpoints:       168
    n_electrons:   16
    n_bands:       23

Compiling code ...
Timing SCF ...

n     Free energy       Eₙ-Eₙ₋₁     ρout-ρin   Magnet   Diag
---   ---------------   ---------   --------   ------   ----
  1   -111.8090452629         NaN   5.13e+00    2.000    1.0 
  2   -116.7235305552   -4.91e+00   3.03e+00    2.000    6.0 
  3   -120.7864818467   -4.06e+00   1.12e+00    2.387    5.8 
  4   -121.8708764029   -1.08e+00   2.62e-01    2.625    5.4 
  5   -121.8962106700   -2.53e-02   3.11e-01    2.373    3.2 
  6   -121.9450862804   -4.89e-02   1.65e-01    2.143    2.8 
  7   -121.9131495098    3.19e-02   2.27e-01    2.150    2.5 
  8   -121.9485862403   -3.54e-02   4.08e-02    1.882    2.6 
  9   -121.9494018468   -8.16e-04   1.10e-02    1.908    2.0 
 10   -121.9494538064   -5.20e-05   5.92e-03    1.932    2.6 
 11   -121.9494571646   -3.36e-06   7.30e-04    1.933    2.3 
 12   -121.9494574291   -2.64e-07   2.98e-04    1.929    4.0 
 13   -121.9494574261    2.99e-09   6.60e-05    1.928    3.1 
 14   -121.9494574191    7.02e-09   1.65e-05    1.928    3.0 
 15   -121.9494574189    1.38e-10   2.76e-06    1.928    3.6 
 16   -121.9494574191   -1.75e-10   6.64e-07    1.928    3.8 
 17   -121.9494574191    6.39e-13   1.97e-07    1.928    3.2 
Energy breakdown:
    Kinetic             59.3814282
    AtomicLocal         -99.3605616
    AtomicNonlocal      -16.5408024
    Ewald               -85.8892161
    PspCorrection       3.5081636 
    Hartree             29.7313728
    Xc                  -12.7787483
    Entropy             -0.0010934

    total               -121.949457419091

 ──────────────────────────────────────────────────────────────────────────────
                                       Time                   Allocations      
                               ──────────────────────   ───────────────────────
       Tot / % measured:             233s / 99.0%           87.4GiB / 100%     

 Section               ncalls     time   %tot     avg     alloc   %tot      avg
 ──────────────────────────────────────────────────────────────────────────────
 self_consistent_field      1     230s   100%    230s   87.1GiB  100%   87.1GiB
   LOBPCG               2.86k     182s  78.9%  63.6ms   49.6GiB  57.0%  17.8MiB
     Hamiltonian mu...  12.4k     111s  48.1%  8.93ms   7.11GiB  8.17%   601KiB
     block multipli...  45.5k    20.7s  8.97%   454μs   8.43GiB  9.68%   194KiB
     ortho              40.5k    12.8s  5.56%   316μs   8.59GiB  9.87%   222KiB
     rayleigh_ritz      9.55k    12.2s  5.30%  1.28ms   1.37GiB  1.58%   151KiB
   compute_density         17    39.2s  17.0%   2.31s   29.6GiB  34.0%  1.74GiB
   energy_hamiltonian      35    5.78s  2.51%   165ms   7.18GiB  8.25%   210MiB
   KerkerDosMixing         17    758ms  0.33%  44.6ms    141MiB  0.16%  8.31MiB
     KerkerMixing          17    508ms  0.22%  29.9ms    114MiB  0.13%  6.74MiB
   QR orthonormaliz...  2.86k   1.56ms  0.00%   546ns     0.00B  0.00%    0.00B
 ──────────────────────────────────────────────────────────────────────────────

Total time in ns: 231311995205
