Julia version: 1.6.0-DEV.1324

Threading configuration: 
       JULIA_NUM_THREADS:   2
      JULIA_FFTW_THREADS:   1
      JULIA_BLAS_THREADS:   3
Payload:  Fe_scfres_guess.jld2

System facts:
    fft_size:      (30, 30, 30)
    kpoints:       168
    n_electrons:   16
    n_bands:       23

Compiling code ...
Timing SCF ...

n     Free energy       Eₙ-Eₙ₋₁     ρout-ρin   Magnet   Diag
---   ---------------   ---------   --------   ------   ----
  1   -111.8090452629         NaN   5.13e+00    2.000    1.0 
  2   -116.7235220818   -4.91e+00   3.03e+00    2.000    6.0 
  3   -120.7864782380   -4.06e+00   1.12e+00    2.387    5.7 
  4   -121.8708744195   -1.08e+00   2.62e-01    2.625    5.4 
  5   -121.8962173440   -2.53e-02   3.11e-01    2.373    3.2 
  6   -121.9450850518   -4.89e-02   1.66e-01    2.143    2.8 
  7   -121.9131309388    3.20e-02   2.27e-01    2.150    2.5 
  8   -121.9485852673   -3.55e-02   4.08e-02    1.882    2.6 
  9   -121.9494018000   -8.17e-04   1.10e-02    1.908    2.0 
 10   -121.9494538046   -5.20e-05   5.91e-03    1.932    2.6 
 11   -121.9494571611   -3.36e-06   7.30e-04    1.933    2.3 
 12   -121.9494574288   -2.68e-07   2.99e-04    1.929    4.0 
 13   -121.9494574263    2.58e-09   6.64e-05    1.928    3.0 
 14   -121.9494574190    7.21e-09   1.64e-05    1.928    3.0 
 15   -121.9494574189    1.21e-10   2.76e-06    1.928    3.5 
 16   -121.9494574191   -1.66e-10   6.63e-07    1.928    3.6 
 17   -121.9494574191   -3.55e-13   1.96e-07    1.928    3.2 
Energy breakdown:
    Kinetic             59.3814282
    AtomicLocal         -99.3605616
    AtomicNonlocal      -16.5408024
    Ewald               -85.8892161
    PspCorrection       3.5081636 
    Hartree             29.7313728
    Xc                  -12.7787483
    Entropy             -0.0010934

    total               -121.949457419091

 ──────────────────────────────────────────────────────────────────────────────
                                       Time                   Allocations      
                               ──────────────────────   ───────────────────────
       Tot / % measured:             195s / 98.7%           87.3GiB / 100%     

 Section               ncalls     time   %tot     avg     alloc   %tot      avg
 ──────────────────────────────────────────────────────────────────────────────
 self_consistent_field      1     192s   100%    192s   87.0GiB  100%   87.0GiB
   LOBPCG               2.86k     144s  74.7%  50.3ms   49.6GiB  57.0%  17.8MiB
     Hamiltonian mu...  12.4k    93.1s  48.4%  7.53ms   7.11GiB  8.17%   602KiB
     ortho              40.3k    11.2s  5.83%   278μs   8.59GiB  9.86%   223KiB
     block multipli...  45.3k    10.3s  5.34%   227μs   8.42GiB  9.68%   195KiB
     rayleigh_ritz      9.52k    8.59s  4.47%   903μs   1.37GiB  1.58%   151KiB
   compute_density         17    40.1s  20.9%   2.36s   29.6GiB  34.0%  1.74GiB
   energy_hamiltonian      35    5.05s  2.63%   144ms   7.18GiB  8.25%   210MiB
   KerkerDosMixing         17    729ms  0.38%  42.9ms    141MiB  0.16%  8.31MiB
     KerkerMixing          17    466ms  0.24%  27.4ms    114MiB  0.13%  6.74MiB
   QR orthonormaliz...  2.86k   1.36ms  0.00%   476ns     0.00B  0.00%    0.00B
 ──────────────────────────────────────────────────────────────────────────────

Total time in ns: 193399701690
