Threading configuration: 
       JULIA_NUM_THREADS:   2
      JULIA_FFTW_THREADS:   1
      JULIA_BLAS_THREADS:   2
Payload:  Fe_scfres_guess.jld2

System facts:
    fft_size:      (30, 30, 30)
    kpoints:       168
    n_electrons:   16
    n_bands:       23

Compiling code ...
Timing SCF ...

n     Free energy       Eₙ-Eₙ₋₁     ρout-ρin   Magnet   Diag
---   ---------------   ---------   --------   ------   ----
  1   -111.8090452629         NaN   5.13e+00    2.000    1.0 
  2   -116.7235329075   -4.91e+00   3.03e+00    2.000    6.0 
  3   -120.7864769767   -4.06e+00   1.12e+00    2.387    5.7 
  4   -121.8708790579   -1.08e+00   2.62e-01    2.625    5.4 
  5   -121.8962088178   -2.53e-02   3.11e-01    2.373    3.2 
  6   -121.9450839310   -4.89e-02   1.66e-01    2.143    2.8 
  7   -121.9131320772    3.20e-02   2.27e-01    2.150    2.5 
  8   -121.9485853630   -3.55e-02   4.08e-02    1.882    2.6 
  9   -121.9494017613   -8.16e-04   1.10e-02    1.908    2.0 
 10   -121.9494537900   -5.20e-05   5.91e-03    1.932    2.6 
 11   -121.9494571604   -3.37e-06   7.30e-04    1.933    2.3 
 12   -121.9494574294   -2.69e-07   3.00e-04    1.929    4.0 
 13   -121.9494574260    3.32e-09   6.63e-05    1.928    3.1 
 14   -121.9494574191    6.99e-09   1.66e-05    1.928    3.0 
 15   -121.9494574189    1.38e-10   2.76e-06    1.928    3.6 
 16   -121.9494574191   -1.67e-10   6.67e-07    1.928    3.7 
 17   -121.9494574191   -3.00e-12   2.00e-07    1.928    3.2 
Energy breakdown:
    Kinetic             59.3814282
    AtomicLocal         -99.3605616
    AtomicNonlocal      -16.5408024
    Ewald               -85.8892161
    PspCorrection       3.5081636 
    Hartree             29.7313727
    Xc                  -12.7787483
    Entropy             -0.0010934

    total               -121.949457419092

 ──────────────────────────────────────────────────────────────────────────────
                                       Time                   Allocations      
                               ──────────────────────   ───────────────────────
       Tot / % measured:             206s / 98.8%           87.3GiB / 100%     

 Section               ncalls     time   %tot     avg     alloc   %tot      avg
 ──────────────────────────────────────────────────────────────────────────────
 self_consistent_field      1     203s   100%    203s   87.0GiB  100%   87.0GiB
   LOBPCG               2.86k     154s  75.9%  54.0ms   49.6GiB  57.0%  17.8MiB
     Hamiltonian mu...  12.4k    91.1s  44.8%  7.36ms   7.11GiB  8.17%   602KiB
     block multipli...  45.4k    14.6s  7.17%   322μs   8.42GiB  9.67%   195KiB
     ortho              40.4k    12.6s  6.18%   311μs   8.58GiB  9.86%   223KiB
     rayleigh_ritz      9.53k    11.3s  5.57%  1.19ms   1.37GiB  1.57%   151KiB
   compute_density         17    40.1s  19.7%   2.36s   29.6GiB  34.0%  1.74GiB
   energy_hamiltonian      35    5.10s  2.51%   146ms   7.18GiB  8.25%   210MiB
   KerkerDosMixing         17    802ms  0.39%  47.2ms    141MiB  0.16%  8.31MiB
     KerkerMixing          17    518ms  0.25%  30.5ms    114MiB  0.13%  6.74MiB
   QR orthonormaliz...  2.86k   1.46ms  0.00%   512ns     0.00B  0.00%    0.00B
 ──────────────────────────────────────────────────────────────────────────────

Total time in ns: 204348214821
