Threading configuration: 
       JULIA_NUM_THREADS:   2
      JULIA_FFTW_THREADS:   2
      JULIA_BLAS_THREADS:   2
Payload:  Fe_scfres_guess.jld2

System facts:
    fft_size:      (30, 30, 30)
    kpoints:       168
    n_electrons:   16
    n_bands:       23

Compiling code ...
Timing SCF ...

n     Free energy       Eₙ-Eₙ₋₁     ρout-ρin   Magnet   Diag
---   ---------------   ---------   --------   ------   ----
  1   -111.8090452629         NaN   5.13e+00    2.000    1.0 
  2   -116.7235287244   -4.91e+00   3.03e+00    2.000    6.0 
  3   -120.7864781197   -4.06e+00   1.12e+00    2.387    5.7 
  4   -121.8708773713   -1.08e+00   2.62e-01    2.625    5.4 
  5   -121.8962084922   -2.53e-02   3.11e-01    2.373    3.3 
  6   -121.9450847162   -4.89e-02   1.66e-01    2.143    2.8 
  7   -121.9131227985    3.20e-02   2.27e-01    2.150    2.5 
  8   -121.9485841090   -3.55e-02   4.08e-02    1.882    2.5 
  9   -121.9494017894   -8.18e-04   1.10e-02    1.908    2.0 
 10   -121.9494537933   -5.20e-05   5.92e-03    1.932    2.5 
 11   -121.9494571632   -3.37e-06   7.28e-04    1.933    2.4 
 12   -121.9494574293   -2.66e-07   2.99e-04    1.929    4.0 
 13   -121.9494574260    3.27e-09   6.62e-05    1.928    3.0 
 14   -121.9494574190    6.96e-09   1.66e-05    1.928    3.0 
 15   -121.9494574189    1.29e-10   2.75e-06    1.928    3.5 
 16   -121.9494574191   -1.73e-10   6.75e-07    1.928    3.8 
 17   -121.9494574191    2.77e-12   1.87e-07    1.928    3.2 
Energy breakdown:
    Kinetic             59.3814283
    AtomicLocal         -99.3605617
    AtomicNonlocal      -16.5408025
    Ewald               -85.8892161
    PspCorrection       3.5081636 
    Hartree             29.7313728
    Xc                  -12.7787483
    Entropy             -0.0010934

    total               -121.949457419089

 ──────────────────────────────────────────────────────────────────────────────
                                       Time                   Allocations      
                               ──────────────────────   ───────────────────────
       Tot / % measured:             217s / 98.8%           88.7GiB / 100%     

 Section               ncalls     time   %tot     avg     alloc   %tot      avg
 ──────────────────────────────────────────────────────────────────────────────
 self_consistent_field      1     214s   100%    214s   88.4GiB  100%   88.4GiB
   LOBPCG               2.86k     162s  75.7%  56.8ms   50.8GiB  57.4%  18.2MiB
     Hamiltonian mu...  12.4k     101s  47.2%  8.16ms   8.30GiB  9.38%   702KiB
     block multipli...  45.4k    14.4s  6.70%   316μs   8.42GiB  9.52%   194KiB
     ortho              40.5k    12.0s  5.60%   297μs   8.59GiB  9.71%   223KiB
     rayleigh_ritz      9.54k    11.2s  5.22%  1.17ms   1.37GiB  1.55%   151KiB
   compute_density         17    42.7s  19.9%   2.51s   29.8GiB  33.7%  1.75GiB
   energy_hamiltonian      35    5.62s  2.62%   161ms   7.19GiB  8.13%   210MiB
   KerkerDosMixing         17    741ms  0.35%  43.6ms    141MiB  0.16%  8.32MiB
     KerkerMixing          17    484ms  0.23%  28.5ms    115MiB  0.13%  6.74MiB
   QR orthonormaliz...  2.86k   1.22ms  0.00%   428ns     0.00B  0.00%    0.00B
 ──────────────────────────────────────────────────────────────────────────────

Total time in ns: 215299229222
