Threading configuration: 
       JULIA_NUM_THREADS:   2
      JULIA_FFTW_THREADS:   2
      JULIA_BLAS_THREADS:   1
Payload:  Fe_scfres_guess.jld2

System facts:
    fft_size:      (30, 30, 30)
    kpoints:       168
    n_electrons:   16
    n_bands:       23

Compiling code ...
Timing SCF ...

n     Free energy       Eₙ-Eₙ₋₁     ρout-ρin   Magnet   Diag
---   ---------------   ---------   --------   ------   ----
  1   -111.8090452629         NaN   5.13e+00    2.000    1.0 
  2   -116.7235159153   -4.91e+00   3.03e+00    2.000    6.0 
  3   -120.7864800230   -4.06e+00   1.12e+00    2.387    5.7 
  4   -121.8708759409   -1.08e+00   2.62e-01    2.625    5.4 
  5   -121.8962082136   -2.53e-02   3.11e-01    2.373    3.2 
  6   -121.9450859024   -4.89e-02   1.66e-01    2.143    2.8 
  7   -121.9131524167    3.19e-02   2.27e-01    2.150    2.5 
  8   -121.9485860224   -3.54e-02   4.08e-02    1.882    2.6 
  9   -121.9494018763   -8.16e-04   1.10e-02    1.908    2.0 
 10   -121.9494537857   -5.19e-05   5.91e-03    1.932    2.6 
 11   -121.9494571640   -3.38e-06   7.30e-04    1.933    2.3 
 12   -121.9494574298   -2.66e-07   2.98e-04    1.929    4.0 
 13   -121.9494574259    3.85e-09   6.61e-05    1.928    3.0 
 14   -121.9494574191    6.86e-09   1.66e-05    1.928    3.0 
 15   -121.9494574189    1.65e-10   2.73e-06    1.928    3.6 
 16   -121.9494574191   -1.86e-10   6.87e-07    1.928    3.7 
 17   -121.9494574191    3.45e-12   1.85e-07    1.928    3.2 
Energy breakdown:
    Kinetic             59.3814283
    AtomicLocal         -99.3605618
    AtomicNonlocal      -16.5408025
    Ewald               -85.8892161
    PspCorrection       3.5081636 
    Hartree             29.7313728
    Xc                  -12.7787483
    Entropy             -0.0010934

    total               -121.949457419088

 ──────────────────────────────────────────────────────────────────────────────
                                       Time                   Allocations      
                               ──────────────────────   ───────────────────────
       Tot / % measured:             241s / 99.0%           88.7GiB / 100%     

 Section               ncalls     time   %tot     avg     alloc   %tot      avg
 ──────────────────────────────────────────────────────────────────────────────
 self_consistent_field      1     239s   100%    239s   88.4GiB  100%   88.4GiB
   LOBPCG               2.86k     189s  79.1%  66.0ms   50.7GiB  57.4%  18.2MiB
     Hamiltonian mu...  12.4k     116s  48.5%  9.36ms   8.29GiB  9.38%   702KiB
     block multipli...  45.4k    21.9s  9.20%   484μs   8.41GiB  9.51%   194KiB
     ortho              40.4k    13.2s  5.51%   326μs   8.58GiB  9.70%   223KiB
     rayleigh_ritz      9.52k    11.9s  5.01%  1.25ms   1.37GiB  1.55%   151KiB
   compute_density         17    40.6s  17.0%   2.39s   29.8GiB  33.7%  1.75GiB
   energy_hamiltonian      35    5.77s  2.42%   165ms   7.19GiB  8.13%   210MiB
   KerkerDosMixing         17    735ms  0.31%  43.2ms    141MiB  0.16%  8.32MiB
     KerkerMixing          17    480ms  0.20%  28.2ms    115MiB  0.13%  6.74MiB
   QR orthonormaliz...  2.86k   1.75ms  0.00%   613ns     0.00B  0.00%    0.00B
 ──────────────────────────────────────────────────────────────────────────────

Total time in ns: 239635291151
