Julia version: 1.6.0-DEV.1324

Threading configuration: 
       JULIA_NUM_THREADS:   2
      JULIA_FFTW_THREADS:   3
      JULIA_BLAS_THREADS:   2
Payload:  Fe_scfres_guess.jld2

System facts:
    fft_size:      (30, 30, 30)
    kpoints:       168
    n_electrons:   16
    n_bands:       23

Compiling code ...
Timing SCF ...

n     Free energy       Eₙ-Eₙ₋₁     ρout-ρin   Magnet   Diag
---   ---------------   ---------   --------   ------   ----
  1   -111.8090315840         NaN   5.13e+00    2.000    1.0 
  2   -116.7235423863   -4.91e+00   3.03e+00    2.000    6.1 
  3   -120.7864753425   -4.06e+00   1.12e+00    2.387    5.8 
  4   -121.8708750295   -1.08e+00   2.62e-01    2.625    5.4 
  5   -121.8962157984   -2.53e-02   3.11e-01    2.373    3.3 
  6   -121.9450842531   -4.89e-02   1.66e-01    2.143    2.8 
  7   -121.9131317434    3.20e-02   2.27e-01    2.150    2.5 
  8   -121.9485858354   -3.55e-02   4.08e-02    1.882    2.6 
  9   -121.9494018912   -8.16e-04   1.10e-02    1.908    2.0 
 10   -121.9494538075   -5.19e-05   5.91e-03    1.932    2.5 
 11   -121.9494571678   -3.36e-06   7.29e-04    1.933    2.3 
 12   -121.9494574296   -2.62e-07   2.97e-04    1.929    4.0 
 13   -121.9494574259    3.69e-09   6.60e-05    1.928    3.0 
 14   -121.9494574190    6.88e-09   1.66e-05    1.928    3.0 
 15   -121.9494574189    1.12e-10   2.72e-06    1.928    3.6 
 16   -121.9494574191   -1.80e-10   6.84e-07    1.928    3.8 
 17   -121.9494574191    1.98e-12   1.90e-07    1.928    3.2 
Energy breakdown:
    Kinetic             59.3814282
    AtomicLocal         -99.3605617
    AtomicNonlocal      -16.5408025
    Ewald               -85.8892161
    PspCorrection       3.5081636 
    Hartree             29.7313728
    Xc                  -12.7787483
    Entropy             -0.0010934

    total               -121.949457419089

 ──────────────────────────────────────────────────────────────────────────────
                                       Time                   Allocations      
                               ──────────────────────   ───────────────────────
       Tot / % measured:             220s / 98.9%           89.2GiB / 100%     

 Section               ncalls     time   %tot     avg     alloc   %tot      avg
 ──────────────────────────────────────────────────────────────────────────────
 self_consistent_field      1     218s   100%    218s   88.9GiB  100%   88.9GiB
   LOBPCG               2.86k     167s  76.6%  58.4ms   51.2GiB  57.6%  18.4MiB
     Hamiltonian mu...  12.4k     105s  48.2%  8.48ms   8.69GiB  9.78%   736KiB
     block multipli...  45.4k    14.7s  6.74%   323μs   8.42GiB  9.47%   194KiB
     ortho              40.4k    11.8s  5.43%   293μs   8.58GiB  9.66%   223KiB
     rayleigh_ritz      9.54k    11.2s  5.15%  1.18ms   1.37GiB  1.54%   151KiB
   compute_density         17    41.9s  19.2%   2.46s   29.9GiB  33.6%  1.76GiB
   energy_hamiltonian      35    5.41s  2.48%   155ms   7.19GiB  8.09%   210MiB
   KerkerDosMixing         17    740ms  0.34%  43.5ms    141MiB  0.16%  8.32MiB
     KerkerMixing          17    484ms  0.22%  28.4ms    115MiB  0.13%  6.74MiB
   QR orthonormaliz...  2.86k   1.35ms  0.00%   474ns     0.00B  0.00%    0.00B
 ──────────────────────────────────────────────────────────────────────────────

Total time in ns: 218907359446
