Julia version: 1.6.0-DEV.1324

Threading configuration: 
       JULIA_NUM_THREADS:   2
      JULIA_FFTW_THREADS:   2
      JULIA_BLAS_THREADS:   4
Payload:  Fe_scfres_guess.jld2

System facts:
    fft_size:      (30, 30, 30)
    kpoints:       168
    n_electrons:   16
    n_bands:       23

Compiling code ...
Timing SCF ...

n     Free energy       Eₙ-Eₙ₋₁     ρout-ρin   Magnet   Diag
---   ---------------   ---------   --------   ------   ----
  1   -111.8090452629         NaN   5.13e+00    2.000    1.0 
  2   -116.7235167344   -4.91e+00   3.03e+00    2.000    6.0 
  3   -120.7864816232   -4.06e+00   1.12e+00    2.387    5.7 
  4   -121.8708755148   -1.08e+00   2.62e-01    2.625    5.4 
  5   -121.8962116417   -2.53e-02   3.11e-01    2.373    3.2 
  6   -121.9450779256   -4.89e-02   1.66e-01    2.143    2.8 
  7   -121.9131368316    3.19e-02   2.27e-01    2.150    2.5 
  8   -121.9485860693   -3.54e-02   4.08e-02    1.882    2.6 
  9   -121.9494018106   -8.16e-04   1.10e-02    1.908    2.0 
 10   -121.9494538167   -5.20e-05   5.91e-03    1.932    2.6 
 11   -121.9494571615   -3.34e-06   7.30e-04    1.933    2.4 
 12   -121.9494574288   -2.67e-07   2.99e-04    1.929    4.0 
 13   -121.9494574261    2.76e-09   6.63e-05    1.928    3.1 
 14   -121.9494574190    7.05e-09   1.65e-05    1.928    3.0 
 15   -121.9494574189    1.21e-10   2.77e-06    1.928    3.5 
 16   -121.9494574191   -1.67e-10   6.60e-07    1.928    3.7 
 17   -121.9494574191   -1.45e-12   2.01e-07    1.928    3.2 
Energy breakdown:
    Kinetic             59.3814282
    AtomicLocal         -99.3605616
    AtomicNonlocal      -16.5408025
    Ewald               -85.8892161
    PspCorrection       3.5081636 
    Hartree             29.7313728
    Xc                  -12.7787483
    Entropy             -0.0010934

    total               -121.949457419091

 ──────────────────────────────────────────────────────────────────────────────
                                       Time                   Allocations      
                               ──────────────────────   ───────────────────────
       Tot / % measured:             211s / 98.8%           88.7GiB / 100%     

 Section               ncalls     time   %tot     avg     alloc   %tot      avg
 ──────────────────────────────────────────────────────────────────────────────
 self_consistent_field      1     208s   100%    208s   88.4GiB  100%   88.4GiB
   LOBPCG               2.86k     155s  74.6%  54.3ms   50.8GiB  57.4%  18.2MiB
     Hamiltonian mu...  12.4k    98.9s  47.5%  7.99ms   8.30GiB  9.38%   703KiB
     ortho              40.4k    12.1s  5.80%   299μs   8.58GiB  9.71%   223KiB
     rayleigh_ritz      9.52k    10.0s  4.80%  1.05ms   1.37GiB  1.55%   151KiB
     block multipli...  45.3k    9.27s  4.45%   204μs   8.42GiB  9.52%   195KiB
   compute_density         17    43.0s  20.7%   2.53s   29.8GiB  33.7%  1.75GiB
   energy_hamiltonian      35    6.15s  2.95%   176ms   7.19GiB  8.13%   210MiB
   KerkerDosMixing         17    775ms  0.37%  45.6ms    141MiB  0.16%  8.32MiB
     KerkerMixing          17    513ms  0.25%  30.2ms    115MiB  0.13%  6.74MiB
   QR orthonormaliz...  2.86k   1.81ms  0.00%   633ns     0.00B  0.00%    0.00B
 ──────────────────────────────────────────────────────────────────────────────

Total time in ns: 209127608630
