Julia version: 1.6.0-DEV.1324

Threading configuration: 
       JULIA_NUM_THREADS:   2
      JULIA_FFTW_THREADS:   3
      JULIA_BLAS_THREADS:   1
Payload:  Fe_scfres_guess.jld2

System facts:
    fft_size:      (30, 30, 30)
    kpoints:       168
    n_electrons:   16
    n_bands:       23

Compiling code ...
Timing SCF ...

n     Free energy       Eₙ-Eₙ₋₁     ρout-ρin   Magnet   Diag
---   ---------------   ---------   --------   ------   ----
  1   -111.8090452629         NaN   5.13e+00    2.000    1.0 
  2   -116.7235245136   -4.91e+00   3.03e+00    2.000    6.0 
  3   -120.7864761592   -4.06e+00   1.12e+00    2.387    5.7 
  4   -121.8708777211   -1.08e+00   2.62e-01    2.625    5.4 
  5   -121.8962016522   -2.53e-02   3.11e-01    2.373    3.3 
  6   -121.9450888346   -4.89e-02   1.65e-01    2.143    2.8 
  7   -121.9131304593    3.20e-02   2.27e-01    2.150    2.5 
  8   -121.9485827084   -3.55e-02   4.08e-02    1.882    2.6 
  9   -121.9494018146   -8.19e-04   1.10e-02    1.908    2.0 
 10   -121.9494537804   -5.20e-05   5.92e-03    1.932    2.6 
 11   -121.9494571629   -3.38e-06   7.29e-04    1.933    2.4 
 12   -121.9494574297   -2.67e-07   3.00e-04    1.929    4.0 
 13   -121.9494574261    3.63e-09   6.59e-05    1.928    3.0 
 14   -121.9494574191    6.99e-09   1.65e-05    1.928    3.1 
 15   -121.9494574189    1.71e-10   2.74e-06    1.928    3.5 
 16   -121.9494574191   -1.78e-10   6.74e-07    1.928    3.8 
 17   -121.9494574191   -1.71e-12   1.91e-07    1.928    3.1 
Energy breakdown:
    Kinetic             59.3814282
    AtomicLocal         -99.3605616
    AtomicNonlocal      -16.5408025
    Ewald               -85.8892161
    PspCorrection       3.5081636 
    Hartree             29.7313728
    Xc                  -12.7787483
    Entropy             -0.0010934

    total               -121.949457419090

 ──────────────────────────────────────────────────────────────────────────────
                                       Time                   Allocations      
                               ──────────────────────   ───────────────────────
       Tot / % measured:             242s / 99.0%           89.2GiB / 100%     

 Section               ncalls     time   %tot     avg     alloc   %tot      avg
 ──────────────────────────────────────────────────────────────────────────────
 self_consistent_field      1     240s   100%    240s   88.9GiB  100%   88.9GiB
   LOBPCG               2.86k     190s  79.5%  66.6ms   51.2GiB  57.6%  18.3MiB
     Hamiltonian mu...  12.4k     118s  49.1%  9.50ms   8.69GiB  9.78%   736KiB
     block multipli...  45.4k    21.9s  9.12%   482μs   8.42GiB  9.47%   194KiB
     ortho              40.4k    13.4s  5.59%   331μs   8.59GiB  9.66%   223KiB
     rayleigh_ritz      9.53k    12.0s  5.01%  1.26ms   1.37GiB  1.54%   151KiB
   compute_density         17    40.2s  16.8%   2.36s   29.9GiB  33.6%  1.76GiB
   energy_hamiltonian      35    5.38s  2.25%   154ms   7.19GiB  8.09%   210MiB
   KerkerDosMixing         17    741ms  0.31%  43.6ms    141MiB  0.16%  8.32MiB
     KerkerMixing          17    483ms  0.20%  28.4ms    115MiB  0.13%  6.74MiB
   QR orthonormaliz...  2.86k   1.38ms  0.00%   484ns     0.00B  0.00%    0.00B
 ──────────────────────────────────────────────────────────────────────────────

Total time in ns: 240559075104
