Julia version: 1.6.0-DEV.1324

Threading configuration: 
       JULIA_NUM_THREADS:   2
      JULIA_FFTW_THREADS:   4
      JULIA_BLAS_THREADS:   3
Payload:  Fe_scfres_guess.jld2

System facts:
    fft_size:      (30, 30, 30)
    kpoints:       168
    n_electrons:   16
    n_bands:       23

Compiling code ...
Timing SCF ...

n     Free energy       Eₙ-Eₙ₋₁     ρout-ρin   Magnet   Diag
---   ---------------   ---------   --------   ------   ----
  1   -111.8090315840         NaN   5.13e+00    2.000    1.0 
  2   -116.7235508906   -4.91e+00   3.03e+00    2.000    6.0 
  3   -120.7864666782   -4.06e+00   1.12e+00    2.387    5.8 
  4   -121.8708843395   -1.08e+00   2.62e-01    2.625    5.4 
  5   -121.8961928786   -2.53e-02   3.11e-01    2.373    3.3 
  6   -121.9450982115   -4.89e-02   1.65e-01    2.143    2.8 
  7   -121.9131727765    3.19e-02   2.27e-01    2.150    2.5 
  8   -121.9485852109   -3.54e-02   4.08e-02    1.882    2.6 
  9   -121.9494018690   -8.17e-04   1.10e-02    1.908    2.0 
 10   -121.9494538021   -5.19e-05   5.91e-03    1.932    2.6 
 11   -121.9494571637   -3.36e-06   7.30e-04    1.933    2.3 
 12   -121.9494574296   -2.66e-07   2.98e-04    1.929    4.0 
 13   -121.9494574260    3.61e-09   6.59e-05    1.928    3.1 
 14   -121.9494574191    6.97e-09   1.65e-05    1.928    2.9 
 15   -121.9494574189    1.45e-10   2.75e-06    1.928    3.5 
 16   -121.9494574191   -1.75e-10   6.63e-07    1.928    3.8 
 17   -121.9494574191   -1.52e-12   2.02e-07    1.928    3.2 
Energy breakdown:
    Kinetic             59.3814282
    AtomicLocal         -99.3605616
    AtomicNonlocal      -16.5408024
    Ewald               -85.8892161
    PspCorrection       3.5081636 
    Hartree             29.7313727
    Xc                  -12.7787483
    Entropy             -0.0010934

    total               -121.949457419092

 ──────────────────────────────────────────────────────────────────────────────
                                       Time                   Allocations      
                               ──────────────────────   ───────────────────────
       Tot / % measured:             211s / 98.8%           89.7GiB / 100%     

 Section               ncalls     time   %tot     avg     alloc   %tot      avg
 ──────────────────────────────────────────────────────────────────────────────
 self_consistent_field      1     208s   100%    208s   89.3GiB  100%   89.3GiB
   LOBPCG               2.86k     158s  75.6%  55.2ms   51.6GiB  57.7%  18.5MiB
     Hamiltonian mu...  12.4k     106s  50.8%  8.54ms   9.09GiB  10.2%   769KiB
     ortho              40.4k    11.4s  5.46%   282μs   8.58GiB  9.61%   223KiB
     block multipli...  45.4k    10.3s  4.92%   226μs   8.42GiB  9.42%   195KiB
     rayleigh_ritz      9.53k    8.46s  4.06%   888μs   1.37GiB  1.53%   151KiB
   compute_density         17    41.9s  20.1%   2.47s   29.9GiB  33.5%  1.76GiB
   energy_hamiltonian      35    5.04s  2.42%   144ms   7.19GiB  8.05%   210MiB
   KerkerDosMixing         17    838ms  0.40%  49.3ms    142MiB  0.15%  8.32MiB
     KerkerMixing          17    562ms  0.27%  33.1ms    115MiB  0.13%  6.74MiB
   QR orthonormaliz...  2.86k   1.51ms  0.00%   529ns     0.00B  0.00%    0.00B
 ──────────────────────────────────────────────────────────────────────────────

Total time in ns: 209427695998
