Julia version: 1.6.0-DEV.1324

Threading configuration: 
       JULIA_NUM_THREADS:   2
      JULIA_FFTW_THREADS:   3
      JULIA_BLAS_THREADS:   3
Payload:  Fe_scfres_guess.jld2

System facts:
    fft_size:      (30, 30, 30)
    kpoints:       168
    n_electrons:   16
    n_bands:       23

Compiling code ...
Timing SCF ...

n     Free energy       Eₙ-Eₙ₋₁     ρout-ρin   Magnet   Diag
---   ---------------   ---------   --------   ------   ----
  1   -111.8090452629         NaN   5.13e+00    2.000    1.0 
  2   -116.7235329293   -4.91e+00   3.03e+00    2.000    6.0 
  3   -120.7864746317   -4.06e+00   1.12e+00    2.387    5.7 
  4   -121.8708805851   -1.08e+00   2.62e-01    2.625    5.4 
  5   -121.8962057230   -2.53e-02   3.11e-01    2.373    3.2 
  6   -121.9450901924   -4.89e-02   1.65e-01    2.143    2.8 
  7   -121.9131588912    3.19e-02   2.27e-01    2.150    2.5 
  8   -121.9485857270   -3.54e-02   4.08e-02    1.882    2.6 
  9   -121.9494018240   -8.16e-04   1.10e-02    1.908    2.0 
 10   -121.9494537898   -5.20e-05   5.91e-03    1.932    2.6 
 11   -121.9494571639   -3.37e-06   7.30e-04    1.933    2.3 
 12   -121.9494574294   -2.66e-07   2.98e-04    1.929    4.1 
 13   -121.9494574260    3.41e-09   6.59e-05    1.928    3.1 
 14   -121.9494574190    6.93e-09   1.64e-05    1.928    3.1 
 15   -121.9494574189    1.30e-10   2.74e-06    1.928    3.5 
 16   -121.9494574191   -1.77e-10   6.65e-07    1.928    3.7 
 17   -121.9494574191   -3.28e-12   1.99e-07    1.928    3.2 
Energy breakdown:
    Kinetic             59.3814282
    AtomicLocal         -99.3605616
    AtomicNonlocal      -16.5408024
    Ewald               -85.8892161
    PspCorrection       3.5081636 
    Hartree             29.7313727
    Xc                  -12.7787483
    Entropy             -0.0010934

    total               -121.949457419092

 ──────────────────────────────────────────────────────────────────────────────
                                       Time                   Allocations      
                               ──────────────────────   ───────────────────────
       Tot / % measured:             215s / 98.8%           89.2GiB / 100%     

 Section               ncalls     time   %tot     avg     alloc   %tot      avg
 ──────────────────────────────────────────────────────────────────────────────
 self_consistent_field      1     212s   100%    212s   88.9GiB  100%   88.9GiB
   LOBPCG               2.86k     161s  75.8%  56.3ms   51.2GiB  57.6%  18.4MiB
     Hamiltonian mu...  12.4k     109s  51.2%  8.77ms   8.70GiB  9.78%   736KiB
     ortho              40.4k    11.5s  5.39%   283μs   8.59GiB  9.66%   223KiB
     block multipli...  45.4k    10.9s  5.12%   239μs   8.43GiB  9.48%   194KiB
     rayleigh_ritz      9.54k    8.44s  3.97%   885μs   1.37GiB  1.54%   151KiB
   compute_density         17    42.4s  20.0%   2.49s   29.9GiB  33.6%  1.76GiB
   energy_hamiltonian      35    5.31s  2.50%   152ms   7.19GiB  8.09%   210MiB
   KerkerDosMixing         17    798ms  0.38%  46.9ms    141MiB  0.16%  8.32MiB
     KerkerMixing          17    527ms  0.25%  31.0ms    115MiB  0.13%  6.74MiB
   QR orthonormaliz...  2.86k   1.34ms  0.00%   469ns     0.00B  0.00%    0.00B
 ──────────────────────────────────────────────────────────────────────────────

Total time in ns: 213394312157
