Julia version: 1.6.0-DEV.1324

Threading configuration: 
       JULIA_NUM_THREADS:   2
      JULIA_FFTW_THREADS:   2
      JULIA_BLAS_THREADS:   3
Payload:  Fe_scfres_guess.jld2

System facts:
    fft_size:      (30, 30, 30)
    kpoints:       168
    n_electrons:   16
    n_bands:       23

Compiling code ...
Timing SCF ...

n     Free energy       Eₙ-Eₙ₋₁     ρout-ρin   Magnet   Diag
---   ---------------   ---------   --------   ------   ----
  1   -111.8090315840         NaN   5.13e+00    2.000    1.0 
  2   -116.7235473749   -4.91e+00   3.03e+00    2.000    6.0 
  3   -120.7864839722   -4.06e+00   1.12e+00    2.387    5.8 
  4   -121.8708713230   -1.08e+00   2.62e-01    2.625    5.4 
  5   -121.8962258105   -2.54e-02   3.11e-01    2.373    3.2 
  6   -121.9450789256   -4.89e-02   1.66e-01    2.143    2.8 
  7   -121.9131166970    3.20e-02   2.27e-01    2.150    2.5 
  8   -121.9485867308   -3.55e-02   4.08e-02    1.882    2.6 
  9   -121.9494018788   -8.15e-04   1.10e-02    1.908    2.0 
 10   -121.9494538270   -5.19e-05   5.90e-03    1.932    2.6 
 11   -121.9494571639   -3.34e-06   7.29e-04    1.933    2.3 
 12   -121.9494574287   -2.65e-07   2.98e-04    1.929    4.0 
 13   -121.9494574261    2.61e-09   6.62e-05    1.928    3.0 
 14   -121.9494574190    7.03e-09   1.65e-05    1.928    3.1 
 15   -121.9494574189    1.28e-10   2.74e-06    1.928    3.5 
 16   -121.9494574191   -1.72e-10   6.74e-07    1.928    3.7 
 17   -121.9494574191   -1.78e-12   1.97e-07    1.928    3.2 
Energy breakdown:
    Kinetic             59.3814282
    AtomicLocal         -99.3605616
    AtomicNonlocal      -16.5408024
    Ewald               -85.8892161
    PspCorrection       3.5081636 
    Hartree             29.7313727
    Xc                  -12.7787483
    Entropy             -0.0010934

    total               -121.949457419092

 ──────────────────────────────────────────────────────────────────────────────
                                       Time                   Allocations      
                               ──────────────────────   ───────────────────────
       Tot / % measured:             204s / 98.8%           88.7GiB / 100%     

 Section               ncalls     time   %tot     avg     alloc   %tot      avg
 ──────────────────────────────────────────────────────────────────────────────
 self_consistent_field      1     201s   100%    201s   88.4GiB  100%   88.4GiB
   LOBPCG               2.86k     151s  75.0%  52.9ms   50.8GiB  57.4%  18.2MiB
     Hamiltonian mu...  12.4k    99.3s  49.3%  8.01ms   8.30GiB  9.38%   701KiB
     ortho              40.5k    11.4s  5.67%   282μs   8.59GiB  9.71%   222KiB
     block multipli...  45.5k    10.4s  5.15%   228μs   8.42GiB  9.52%   194KiB
     rayleigh_ritz      9.55k    8.49s  4.21%   889μs   1.37GiB  1.55%   150KiB
   compute_density         17    41.2s  20.5%   2.43s   29.8GiB  33.7%  1.75GiB
   energy_hamiltonian      35    5.34s  2.65%   153ms   7.19GiB  8.13%   210MiB
   KerkerDosMixing         17    752ms  0.37%  44.3ms    141MiB  0.16%  8.32MiB
     KerkerMixing          17    495ms  0.25%  29.1ms    115MiB  0.13%  6.74MiB
   QR orthonormaliz...  2.86k   1.53ms  0.00%   537ns     0.00B  0.00%    0.00B
 ──────────────────────────────────────────────────────────────────────────────

Total time in ns: 202563159980
