Julia version: 1.6.0-DEV.1324

Threading configuration: 
       JULIA_NUM_THREADS:   2
      JULIA_FFTW_THREADS:   4
      JULIA_BLAS_THREADS:   4
Payload:  Fe_scfres_guess.jld2

System facts:
    fft_size:      (30, 30, 30)
    kpoints:       168
    n_electrons:   16
    n_bands:       23

Compiling code ...
Timing SCF ...

n     Free energy       Eₙ-Eₙ₋₁     ρout-ρin   Magnet   Diag
---   ---------------   ---------   --------   ------   ----
  1   -111.8090315840         NaN   5.13e+00    2.000    1.0 
  2   -116.7235342613   -4.91e+00   3.03e+00    2.000    6.0 
  3   -120.7864774011   -4.06e+00   1.12e+00    2.387    5.8 
  4   -121.8708754256   -1.08e+00   2.62e-01    2.625    5.4 
  5   -121.8962116604   -2.53e-02   3.11e-01    2.373    3.3 
  6   -121.9450842037   -4.89e-02   1.66e-01    2.143    2.8 
  7   -121.9131206599    3.20e-02   2.27e-01    2.150    2.5 
  8   -121.9485850420   -3.55e-02   4.08e-02    1.882    2.6 
  9   -121.9494018301   -8.17e-04   1.10e-02    1.908    2.0 
 10   -121.9494537774   -5.19e-05   5.92e-03    1.932    2.6 
 11   -121.9494571659   -3.39e-06   7.28e-04    1.933    2.3 
 12   -121.9494574304   -2.65e-07   2.98e-04    1.929    4.0 
 13   -121.9494574257    4.73e-09   6.53e-05    1.928    3.1 
 14   -121.9494574191    6.65e-09   1.66e-05    1.928    3.0 
 15   -121.9494574189    1.83e-10   2.72e-06    1.928    3.5 
 16   -121.9494574191   -2.00e-10   7.06e-07    1.928    3.7 
 17   -121.9494574191    7.55e-12   1.76e-07    1.928    3.1 
Energy breakdown:
    Kinetic             59.3814284
    AtomicLocal         -99.3605619
    AtomicNonlocal      -16.5408025
    Ewald               -85.8892161
    PspCorrection       3.5081636 
    Hartree             29.7313729
    Xc                  -12.7787484
    Entropy             -0.0010934

    total               -121.949457419086

 ──────────────────────────────────────────────────────────────────────────────
                                       Time                   Allocations      
                               ──────────────────────   ───────────────────────
       Tot / % measured:             216s / 98.8%           89.6GiB / 100%     

 Section               ncalls     time   %tot     avg     alloc   %tot      avg
 ──────────────────────────────────────────────────────────────────────────────
 self_consistent_field      1     213s   100%    213s   89.3GiB  100%   89.3GiB
   LOBPCG               2.86k     159s  74.9%  55.8ms   51.6GiB  57.7%  18.5MiB
     Hamiltonian mu...  12.4k     105s  49.2%  8.45ms   9.09GiB  10.2%   769KiB
     ortho              40.4k    11.5s  5.42%   286μs   8.58GiB  9.61%   223KiB
     rayleigh_ritz      9.54k    10.0s  4.72%  1.05ms   1.37GiB  1.53%   151KiB
     block multipli...  45.4k    9.06s  4.26%   199μs   8.42GiB  9.42%   194KiB
   compute_density         17    44.0s  20.7%   2.59s   29.9GiB  33.5%  1.76GiB
   energy_hamiltonian      35    5.63s  2.65%   161ms   7.19GiB  8.05%   210MiB
   KerkerDosMixing         17    770ms  0.36%  45.3ms    142MiB  0.15%  8.32MiB
     KerkerMixing          17    508ms  0.24%  29.9ms    115MiB  0.13%  6.74MiB
   QR orthonormaliz...  2.86k   1.60ms  0.00%   560ns     0.00B  0.00%    0.00B
 ──────────────────────────────────────────────────────────────────────────────

Total time in ns: 213984407605
