Julia version: 1.6.0-DEV.1324

Threading configuration: 
       JULIA_NUM_THREADS:   2
      JULIA_FFTW_THREADS:   3
      JULIA_BLAS_THREADS:   4
Payload:  Fe_scfres_guess.jld2

System facts:
    fft_size:      (30, 30, 30)
    kpoints:       168
    n_electrons:   16
    n_bands:       23

Compiling code ...
Timing SCF ...

n     Free energy       Eₙ-Eₙ₋₁     ρout-ρin   Magnet   Diag
---   ---------------   ---------   --------   ------   ----
  1   -111.8090315840         NaN   5.13e+00    2.000    1.0 
  2   -116.7235567668   -4.91e+00   3.03e+00    2.000    6.0 
  3   -120.7864760381   -4.06e+00   1.12e+00    2.387    5.7 
  4   -121.8708778336   -1.08e+00   2.62e-01    2.625    5.4 
  5   -121.8962094752   -2.53e-02   3.11e-01    2.373    3.2 
  6   -121.9450910436   -4.89e-02   1.65e-01    2.143    2.8 
  7   -121.9131487022    3.19e-02   2.27e-01    2.150    2.5 
  8   -121.9485855994   -3.54e-02   4.08e-02    1.882    2.6 
  9   -121.9494018317   -8.16e-04   1.10e-02    1.908    2.0 
 10   -121.9494537950   -5.20e-05   5.91e-03    1.932    2.6 
 11   -121.9494571632   -3.37e-06   7.28e-04    1.933    2.3 
 12   -121.9494574298   -2.67e-07   2.98e-04    1.929    4.0 
 13   -121.9494574259    3.88e-09   6.58e-05    1.928    3.0 
 14   -121.9494574191    6.88e-09   1.66e-05    1.928    3.1 
 15   -121.9494574189    1.49e-10   2.74e-06    1.928    3.5 
 16   -121.9494574191   -1.77e-10   6.71e-07    1.928    3.7 
 17   -121.9494574191   -2.13e-12   1.95e-07    1.928    3.2 
Energy breakdown:
    Kinetic             59.3814282
    AtomicLocal         -99.3605617
    AtomicNonlocal      -16.5408025
    Ewald               -85.8892161
    PspCorrection       3.5081636 
    Hartree             29.7313728
    Xc                  -12.7787483
    Entropy             -0.0010934

    total               -121.949457419091

 ──────────────────────────────────────────────────────────────────────────────
                                       Time                   Allocations      
                               ──────────────────────   ───────────────────────
       Tot / % measured:             216s / 98.8%           89.2GiB / 100%     

 Section               ncalls     time   %tot     avg     alloc   %tot      avg
 ──────────────────────────────────────────────────────────────────────────────
 self_consistent_field      1     213s   100%    213s   88.9GiB  100%   88.9GiB
   LOBPCG               2.86k     161s  75.8%  56.5ms   51.2GiB  57.6%  18.3MiB
     Hamiltonian mu...  12.4k     106s  49.7%  8.55ms   8.69GiB  9.78%   736KiB
     ortho              40.4k    11.7s  5.51%   291μs   8.58GiB  9.66%   223KiB
     rayleigh_ritz      9.53k    10.3s  4.82%  1.08ms   1.37GiB  1.54%   151KiB
     block multipli...  45.4k    9.62s  4.52%   212μs   8.42GiB  9.47%   195KiB
   compute_density         17    42.6s  20.0%   2.51s   29.9GiB  33.6%  1.76GiB
   energy_hamiltonian      35    5.11s  2.40%   146ms   7.19GiB  8.09%   210MiB
   KerkerDosMixing         17    766ms  0.36%  45.1ms    141MiB  0.16%  8.32MiB
     KerkerMixing          17    500ms  0.23%  29.4ms    115MiB  0.13%  6.74MiB
   QR orthonormaliz...  2.86k   1.63ms  0.00%   569ns     0.00B  0.00%    0.00B
 ──────────────────────────────────────────────────────────────────────────────

Total time in ns: 214181714470
