Julia version: 1.6.0-DEV.1324

Threading configuration: 
       JULIA_NUM_THREADS:   2
      JULIA_FFTW_THREADS:   2
      JULIA_BLAS_THREADS:   4
Payload:  Fe_scfres_guess.jld2

System facts:
    fft_size:      (30, 30, 30)
    kpoints:       168
    n_electrons:   16
    n_bands:       23

Compiling code ...
Timing SCF ...

n     Free energy       Eₙ-Eₙ₋₁     ρout-ρin   Magnet   Diag
---   ---------------   ---------   --------   ------   ----
  1   -111.8090315840         NaN   5.13e+00    2.000    1.0 
  2   -116.7235536424   -4.91e+00   3.03e+00    2.000    6.1 
  3   -120.7864652685   -4.06e+00   1.12e+00    2.387    5.7 
  4   -121.8708842939   -1.08e+00   2.62e-01    2.625    5.4 
  5   -121.8961910656   -2.53e-02   3.11e-01    2.373    3.2 
  6   -121.9450920354   -4.89e-02   1.65e-01    2.143    2.8 
  7   -121.9131333741    3.20e-02   2.27e-01    2.150    2.5 
  8   -121.9485837243   -3.55e-02   4.08e-02    1.882    2.6 
  9   -121.9494018708   -8.18e-04   1.10e-02    1.908    2.0 
 10   -121.9494537815   -5.19e-05   5.91e-03    1.932    2.7 
 11   -121.9494571627   -3.38e-06   7.30e-04    1.933    2.3 
 12   -121.9494574294   -2.67e-07   2.99e-04    1.929    4.0 
 13   -121.9494574260    3.34e-09   6.61e-05    1.928    3.1 
 14   -121.9494574191    6.98e-09   1.65e-05    1.928    3.0 
 15   -121.9494574189    1.51e-10   2.74e-06    1.928    3.6 
 16   -121.9494574191   -1.71e-10   6.69e-07    1.928    3.7 
 17   -121.9494574191   -3.62e-12   1.98e-07    1.928    3.3 
Energy breakdown:
    Kinetic             59.3814281
    AtomicLocal         -99.3605616
    AtomicNonlocal      -16.5408024
    Ewald               -85.8892161
    PspCorrection       3.5081636 
    Hartree             29.7313727
    Xc                  -12.7787483
    Entropy             -0.0010934

    total               -121.949457419092

 ──────────────────────────────────────────────────────────────────────────────
                                       Time                   Allocations      
                               ──────────────────────   ───────────────────────
       Tot / % measured:             206s / 98.7%           88.8GiB / 100%     

 Section               ncalls     time   %tot     avg     alloc   %tot      avg
 ──────────────────────────────────────────────────────────────────────────────
 self_consistent_field      1     203s   100%    203s   88.5GiB  100%   88.5GiB
   LOBPCG               2.86k     153s  75.2%  53.4ms   50.8GiB  57.4%  18.2MiB
     Hamiltonian mu...  12.4k    98.0s  48.3%  7.88ms   8.30GiB  9.39%   700KiB
     ortho              40.6k    12.1s  5.95%   297μs   8.59GiB  9.71%   222KiB
     rayleigh_ritz      9.58k    9.84s  4.85%  1.03ms   1.37GiB  1.55%   150KiB
     block multipli...  45.7k    9.06s  4.46%   198μs   8.43GiB  9.53%   193KiB
   compute_density         17    41.6s  20.5%   2.45s   29.8GiB  33.7%  1.75GiB
   energy_hamiltonian      35    4.93s  2.43%   141ms   7.19GiB  8.13%   210MiB
   KerkerDosMixing         17    782ms  0.39%  46.0ms    141MiB  0.16%  8.32MiB
     KerkerMixing          17    518ms  0.26%  30.5ms    115MiB  0.13%  6.74MiB
   QR orthonormaliz...  2.86k   1.55ms  0.00%   543ns     0.00B  0.00%    0.00B
 ──────────────────────────────────────────────────────────────────────────────

Total time in ns: 204129328112
