Julia version: 1.6.0-DEV.1324

Threading configuration: 
       JULIA_NUM_THREADS:   2
      JULIA_FFTW_THREADS:   1
      JULIA_BLAS_THREADS:   4
Payload:  Fe_scfres_guess.jld2

System facts:
    fft_size:      (30, 30, 30)
    kpoints:       168
    n_electrons:   16
    n_bands:       23

Compiling code ...
Timing SCF ...

n     Free energy       Eₙ-Eₙ₋₁     ρout-ρin   Magnet   Diag
---   ---------------   ---------   --------   ------   ----
  1   -111.8090315840         NaN   5.13e+00    2.000    1.0 
  2   -116.7235433553   -4.91e+00   3.03e+00    2.000    6.1 
  3   -120.7864804051   -4.06e+00   1.12e+00    2.387    5.8 
  4   -121.8708754684   -1.08e+00   2.62e-01    2.625    5.4 
  5   -121.8962140765   -2.53e-02   3.11e-01    2.373    3.2 
  6   -121.9450843336   -4.89e-02   1.66e-01    2.143    2.8 
  7   -121.9131138094    3.20e-02   2.27e-01    2.150    2.5 
  8   -121.9485842985   -3.55e-02   4.08e-02    1.882    2.6 
  9   -121.9494018465   -8.18e-04   1.10e-02    1.908    2.0 
 10   -121.9494537765   -5.19e-05   5.91e-03    1.932    2.6 
 11   -121.9494571655   -3.39e-06   7.28e-04    1.933    2.4 
 12   -121.9494574301   -2.65e-07   2.98e-04    1.929    4.0 
 13   -121.9494574259    4.20e-09   6.57e-05    1.928    3.1 
 14   -121.9494574191    6.82e-09   1.66e-05    1.928    3.0 
 15   -121.9494574189    1.91e-10   2.73e-06    1.928    3.4 
 16   -121.9494574191   -1.97e-10   7.11e-07    1.928    3.8 
 17   -121.9494574191    7.82e-12   1.79e-07    1.928    3.2 
Energy breakdown:
    Kinetic             59.3814284
    AtomicLocal         -99.3605619
    AtomicNonlocal      -16.5408025
    Ewald               -85.8892161
    PspCorrection       3.5081636 
    Hartree             29.7313729
    Xc                  -12.7787484
    Entropy             -0.0010934

    total               -121.949457419086

 ──────────────────────────────────────────────────────────────────────────────
                                       Time                   Allocations      
                               ──────────────────────   ───────────────────────
       Tot / % measured:             201s / 98.7%           87.4GiB / 100%     

 Section               ncalls     time   %tot     avg     alloc   %tot      avg
 ──────────────────────────────────────────────────────────────────────────────
 self_consistent_field      1     199s   100%    199s   87.0GiB  100%   87.0GiB
   LOBPCG               2.86k     148s  74.7%  52.0ms   49.6GiB  57.0%  17.8MiB
     Hamiltonian mu...  12.4k    95.7s  48.2%  7.71ms   7.11GiB  8.17%   601KiB
     ortho              40.5k    11.1s  5.57%   273μs   8.59GiB  9.86%   222KiB
     rayleigh_ritz      9.55k    9.75s  4.91%  1.02ms   1.37GiB  1.57%   150KiB
     block multipli...  45.5k    9.00s  4.53%   198μs   8.42GiB  9.68%   194KiB
   compute_density         17    40.7s  20.5%   2.39s   29.6GiB  34.0%  1.74GiB
   energy_hamiltonian      35    5.54s  2.79%   158ms   7.18GiB  8.25%   210MiB
   KerkerDosMixing         17    804ms  0.40%  47.3ms    141MiB  0.16%  8.31MiB
     KerkerMixing          17    530ms  0.27%  31.2ms    114MiB  0.13%  6.74MiB
   QR orthonormaliz...  2.86k   1.55ms  0.00%   542ns     0.00B  0.00%    0.00B
 ──────────────────────────────────────────────────────────────────────────────

Total time in ns: 199768878191
