Julia version: 1.6.0-DEV.1324

Threading configuration: 
       JULIA_NUM_THREADS:   3
      JULIA_FFTW_THREADS:   3
      JULIA_BLAS_THREADS:   1
Payload:  Fe_scfres_guess.jld2

System facts:
    fft_size:      (30, 30, 30)
    kpoints:       168
    n_electrons:   16
    n_bands:       23

Compiling code ...
Timing SCF ...

n     Free energy       Eₙ-Eₙ₋₁     ρout-ρin   Magnet   Diag
---   ---------------   ---------   --------   ------   ----
  1   -111.8090315840         NaN   5.13e+00    2.000    1.0 
  2   -116.7235443498   -4.91e+00   3.03e+00    2.000    6.0 
  3   -120.7864740213   -4.06e+00   1.12e+00    2.387    5.7 
  4   -121.8708800956   -1.08e+00   2.62e-01    2.625    5.4 
  5   -121.8962030482   -2.53e-02   3.11e-01    2.373    3.2 
  6   -121.9450853887   -4.89e-02   1.66e-01    2.143    2.8 
  7   -121.9131253000    3.20e-02   2.27e-01    2.150    2.5 
  8   -121.9485844240   -3.55e-02   4.08e-02    1.882    2.6 
  9   -121.9494018096   -8.17e-04   1.10e-02    1.908    2.0 
 10   -121.9494538053   -5.20e-05   5.91e-03    1.932    2.6 
 11   -121.9494571640   -3.36e-06   7.29e-04    1.933    2.3 
 12   -121.9494574293   -2.65e-07   2.99e-04    1.929    4.0 
 13   -121.9494574261    3.21e-09   6.59e-05    1.928    3.1 
 14   -121.9494574190    7.05e-09   1.65e-05    1.928    3.0 
 15   -121.9494574189    1.21e-10   2.76e-06    1.928    3.4 
 16   -121.9494574191   -1.68e-10   6.66e-07    1.928    3.8 
 17   -121.9494574191   -9.24e-13   1.93e-07    1.928    3.2 
Energy breakdown:
    Kinetic             59.3814282
    AtomicLocal         -99.3605616
    AtomicNonlocal      -16.5408025
    Ewald               -85.8892161
    PspCorrection       3.5081636 
    Hartree             29.7313728
    Xc                  -12.7787483
    Entropy             -0.0010934

    total               -121.949457419091

 ──────────────────────────────────────────────────────────────────────────────
                                       Time                   Allocations      
                               ──────────────────────   ───────────────────────
       Tot / % measured:             199s / 98.7%           89.4GiB / 100%     

 Section               ncalls     time   %tot     avg     alloc   %tot      avg
 ──────────────────────────────────────────────────────────────────────────────
 self_consistent_field      1     197s   100%    197s   89.1GiB  100%   89.1GiB
   LOBPCG               2.86k     157s  79.9%  55.0ms   51.4GiB  57.6%  18.4MiB
     Hamiltonian mu...  12.4k    83.6s  42.5%  6.75ms   8.88GiB  10.0%   752KiB
     block multipli...  45.4k    21.7s  11.0%   478μs   8.41GiB  9.44%   194KiB
     ortho              40.4k    13.3s  6.77%   330μs   8.58GiB  9.63%   223KiB
     rayleigh_ritz      9.53k    12.2s  6.20%  1.28ms   1.37GiB  1.54%   151KiB
   compute_density         17    29.3s  14.9%   1.72s   29.9GiB  33.5%  1.76GiB
   energy_hamiltonian      35    6.00s  3.05%   171ms   7.22GiB  8.10%   211MiB
   KerkerDosMixing         17    821ms  0.42%  48.3ms    141MiB  0.16%  8.32MiB
     KerkerMixing          17    535ms  0.27%  31.5ms    115MiB  0.13%  6.74MiB
   QR orthonormaliz...  2.86k   1.76ms  0.00%   615ns     0.00B  0.00%    0.00B
 ──────────────────────────────────────────────────────────────────────────────

Total time in ns: 197774768565
