Julia version: 1.6.0-DEV.1324

Threading configuration: 
       JULIA_NUM_THREADS:   3
      JULIA_FFTW_THREADS:   1
      JULIA_BLAS_THREADS:   1
Payload:  Fe_scfres_guess.jld2

System facts:
    fft_size:      (30, 30, 30)
    kpoints:       168
    n_electrons:   16
    n_bands:       23

Compiling code ...
Timing SCF ...

n     Free energy       Eₙ-Eₙ₋₁     ρout-ρin   Magnet   Diag
---   ---------------   ---------   --------   ------   ----
  1   -111.8090315840         NaN   5.13e+00    2.000    1.0 
  2   -116.7235363544   -4.91e+00   3.03e+00    2.000    6.0 
  3   -120.7864781849   -4.06e+00   1.12e+00    2.387    5.7 
  4   -121.8708756166   -1.08e+00   2.62e-01    2.625    5.4 
  5   -121.8962144472   -2.53e-02   3.11e-01    2.373    3.3 
  6   -121.9450868428   -4.89e-02   1.65e-01    2.143    2.8 
  7   -121.9131549538    3.19e-02   2.27e-01    2.150    2.5 
  8   -121.9485861528   -3.54e-02   4.08e-02    1.882    2.6 
  9   -121.9494019101   -8.16e-04   1.10e-02    1.908    2.0 
 10   -121.9494537825   -5.19e-05   5.92e-03    1.932    2.5 
 11   -121.9494571637   -3.38e-06   7.31e-04    1.933    2.3 
 12   -121.9494574296   -2.66e-07   2.98e-04    1.929    4.0 
 13   -121.9494574260    3.59e-09   6.61e-05    1.928    3.0 
 14   -121.9494574191    6.95e-09   1.64e-05    1.928    3.0 
 15   -121.9494574189    1.37e-10   2.74e-06    1.928    3.6 
 16   -121.9494574191   -1.73e-10   6.65e-07    1.928    3.7 
 17   -121.9494574191   -8.53e-13   1.96e-07    1.928    3.2 
Energy breakdown:
    Kinetic             59.3814282
    AtomicLocal         -99.3605616
    AtomicNonlocal      -16.5408025
    Ewald               -85.8892161
    PspCorrection       3.5081636 
    Hartree             29.7313728
    Xc                  -12.7787483
    Entropy             -0.0010934

    total               -121.949457419091

 ──────────────────────────────────────────────────────────────────────────────
                                       Time                   Allocations      
                               ──────────────────────   ───────────────────────
       Tot / % measured:             201s / 98.8%           87.6GiB / 100%     

 Section               ncalls     time   %tot     avg     alloc   %tot      avg
 ──────────────────────────────────────────────────────────────────────────────
 self_consistent_field      1     198s   100%    198s   87.3GiB  100%   87.3GiB
   LOBPCG               2.86k     160s  80.9%  56.1ms   49.8GiB  57.1%  17.9MiB
     Hamiltonian mu...  12.4k    88.5s  44.7%  7.14ms   7.30GiB  8.36%   617KiB
     block multipli...  45.4k    21.1s  10.7%   465μs   8.42GiB  9.65%   194KiB
     ortho              40.4k    13.1s  6.60%   324μs   8.59GiB  9.84%   223KiB
     rayleigh_ritz      9.54k    12.1s  6.12%  1.27ms   1.37GiB  1.57%   151KiB
   compute_density         17    28.3s  14.3%   1.66s   29.6GiB  33.9%  1.74GiB
   energy_hamiltonian      35    5.91s  2.98%   169ms   7.21GiB  8.26%   211MiB
   KerkerDosMixing         17    734ms  0.37%  43.2ms    141MiB  0.16%  8.31MiB
     KerkerMixing          17    475ms  0.24%  28.0ms    114MiB  0.13%  6.74MiB
   QR orthonormaliz...  2.86k   1.82ms  0.00%   636ns     0.00B  0.00%    0.00B
 ──────────────────────────────────────────────────────────────────────────────

Total time in ns: 199247242786
