Julia version: 1.6.0-DEV.1324

Threading configuration: 
       JULIA_NUM_THREADS:   1
      JULIA_FFTW_THREADS:   1
      JULIA_BLAS_THREADS:   1
Payload:  Fe_scfres_guess.jld2

System facts:
    fft_size:      (30, 30, 30)
    kpoints:       56
    n_electrons:   16
    n_bands:       23

Compiling code ...
Timing SCF ...

n     Free energy       Eₙ-Eₙ₋₁     ρout-ρin   Magnet   Diag
---   ---------------   ---------   --------   ------   ----
  1   -111.8084467724         NaN   5.13e+00    2.000    1.0 
  2   -116.7235945544   -4.92e+00   3.03e+00    2.000    5.5 
  3   -120.7864662266   -4.06e+00   1.12e+00    2.387    5.4 
  4   -121.8709134434   -1.08e+00   2.62e-01    2.625    5.4 
  5   -121.8961544804   -2.52e-02   3.11e-01    2.373    3.2 
  6   -121.9451235713   -4.90e-02   1.65e-01    2.142    2.8 
  7   -121.9131737515    3.19e-02   2.27e-01    2.150    2.4 
  8   -121.9485812966   -3.54e-02   4.08e-02    1.882    2.6 
  9   -121.9494019122   -8.21e-04   1.10e-02    1.908    2.0 
 10   -121.9494537720   -5.19e-05   5.91e-03    1.932    2.4 
 11   -121.9494571655   -3.39e-06   7.28e-04    1.933    2.2 
 12   -121.9494574302   -2.65e-07   2.98e-04    1.929    3.7 
 13   -121.9494574259    4.30e-09   6.55e-05    1.928    3.1 
 14   -121.9494574191    6.81e-09   1.64e-05    1.928    3.0 
 15   -121.9494574189    1.64e-10   2.73e-06    1.928    3.1 
 16   -121.9494574191   -1.90e-10   6.81e-07    1.928    3.5 
 17   -121.9494574191    1.36e-12   1.90e-07    1.928    2.9 
Energy breakdown:
    Kinetic             59.3814283
    AtomicLocal         -99.3605617
    AtomicNonlocal      -16.5408025
    Ewald               -85.8892161
    PspCorrection       3.5081636 
    Hartree             29.7313728
    Xc                  -12.7787483
    Entropy             -0.0010934

    total               -121.949457419089

 ──────────────────────────────────────────────────────────────────────────────
                                       Time                   Allocations      
                               ──────────────────────   ───────────────────────
       Tot / % measured:             110s / 97.7%           19.1GiB / 98.4%    

 Section               ncalls     time   %tot     avg     alloc   %tot      avg
 ──────────────────────────────────────────────────────────────────────────────
 self_consistent_field      1     108s   100%    108s   18.8GiB  100%   18.8GiB
   LOBPCG                 952    71.8s  66.6%  75.4ms   13.0GiB  69.3%  14.0MiB
     Hamiltonian mu...  3.98k    47.4s  44.0%  11.9ms   1.98GiB  10.6%   522KiB
       kinetic+local    3.98k    45.1s  41.9%  11.3ms    156MiB  0.81%  40.1KiB
       nonlocal         3.98k    1.65s  1.53%   415μs   1.02GiB  5.45%   269KiB
     block multipli...  14.2k    6.88s  6.38%   483μs   2.74GiB  14.6%   202KiB
     rayleigh_ritz      3.03k    3.98s  3.69%  1.31ms    461MiB  2.40%   156KiB
     ortho              12.8k    3.55s  3.30%   278μs    432MiB  2.25%  34.6KiB
   compute_density         17    26.2s  24.3%   1.54s   1.07GiB  5.70%  64.4MiB
   energy_hamiltonian      35    2.92s  2.71%  83.5ms   4.14GiB  22.1%   121MiB
     ene_ops               35    2.68s  2.49%  76.5ms   3.33GiB  17.7%  97.4MiB
       ene_ops: xc         35    1.77s  1.65%  50.7ms   2.57GiB  13.7%  75.3MiB
       ene_ops: non...     35    495ms  0.46%  14.1ms   30.9MiB  0.16%   904KiB
       ene_ops: kin...     35    278ms  0.26%  7.93ms    671MiB  3.49%  19.2MiB
       ene_ops: har...     35   30.3ms  0.03%   865μs   44.5MiB  0.23%  1.27MiB
       ene_ops: local      35   11.4ms  0.01%   327μs   19.2MiB  0.10%   562KiB
   KerkerDosMixing         17    791ms  0.73%  46.6ms    141MiB  0.74%  8.32MiB
     KerkerMixing          17    494ms  0.46%  29.0ms    114MiB  0.60%  6.73MiB
   QR orthonormaliz...    952    584μs  0.00%   614ns     0.00B  0.00%    0.00B
 ──────────────────────────────────────────────────────────────────────────────

Total time in ns: 108865566081
