Julia version: 1.6.0-DEV.1324

Threading configuration: 
       JULIA_NUM_THREADS:   3
      JULIA_FFTW_THREADS:   4
      JULIA_BLAS_THREADS:   1
Payload:  Fe_scfres_guess.jld2

System facts:
    fft_size:      (30, 30, 30)
    kpoints:       168
    n_electrons:   16
    n_bands:       23

Compiling code ...
Timing SCF ...

n     Free energy       Eₙ-Eₙ₋₁     ρout-ρin   Magnet   Diag
---   ---------------   ---------   --------   ------   ----
  1   -111.8090315840         NaN   5.13e+00    2.000    1.0 
  2   -116.7235471471   -4.91e+00   3.03e+00    2.000    6.0 
  3   -120.7864825141   -4.06e+00   1.12e+00    2.387    5.7 
  4   -121.8708732860   -1.08e+00   2.62e-01    2.625    5.4 
  5   -121.8962218923   -2.53e-02   3.11e-01    2.373    3.3 
  6   -121.9450823072   -4.89e-02   1.66e-01    2.143    2.8 
  7   -121.9131255161    3.20e-02   2.27e-01    2.150    2.5 
  8   -121.9485865025   -3.55e-02   4.07e-02    1.882    2.5 
  9   -121.9494018219   -8.15e-04   1.10e-02    1.908    2.0 
 10   -121.9494538123   -5.20e-05   5.90e-03    1.932    2.6 
 11   -121.9494571629   -3.35e-06   7.29e-04    1.933    2.3 
 12   -121.9494574287   -2.66e-07   2.98e-04    1.929    4.0 
 13   -121.9494574262    2.56e-09   6.67e-05    1.928    3.1 
 14   -121.9494574190    7.13e-09   1.66e-05    1.928    3.0 
 15   -121.9494574189    1.23e-10   2.76e-06    1.928    3.5 
 16   -121.9494574191   -1.66e-10   6.73e-07    1.928    3.8 
 17   -121.9494574191   -2.98e-13   1.94e-07    1.928    3.1 
Energy breakdown:
    Kinetic             59.3814282
    AtomicLocal         -99.3605617
    AtomicNonlocal      -16.5408025
    Ewald               -85.8892161
    PspCorrection       3.5081636 
    Hartree             29.7313728
    Xc                  -12.7787483
    Entropy             -0.0010934

    total               -121.949457419090

 ──────────────────────────────────────────────────────────────────────────────
                                       Time                   Allocations      
                               ──────────────────────   ───────────────────────
       Tot / % measured:             204s / 98.8%           89.9GiB / 100%     

 Section               ncalls     time   %tot     avg     alloc   %tot      avg
 ──────────────────────────────────────────────────────────────────────────────
 self_consistent_field      1     201s   100%    201s   89.6GiB  100%   89.6GiB
   LOBPCG               2.86k     160s  79.7%  56.1ms   51.7GiB  57.8%  18.6MiB
     Hamiltonian mu...  12.4k    87.2s  43.4%  7.05ms   9.27GiB  10.3%   785KiB
     block multipli...  45.3k    21.9s  10.9%   482μs   8.41GiB  9.39%   194KiB
     ortho              40.4k    13.1s  6.49%   323μs   8.58GiB  9.58%   223KiB
     rayleigh_ritz      9.52k    12.2s  6.05%  1.28ms   1.37GiB  1.53%   151KiB
   compute_density         17    30.7s  15.3%   1.81s   29.9GiB  33.4%  1.76GiB
   energy_hamiltonian      35    6.16s  3.07%   176ms   7.22GiB  8.06%   211MiB
   KerkerDosMixing         17    839ms  0.42%  49.3ms    142MiB  0.15%  8.32MiB
     KerkerMixing          17    555ms  0.28%  32.6ms    115MiB  0.13%  6.75MiB
   QR orthonormaliz...  2.86k   1.72ms  0.00%   602ns     0.00B  0.00%    0.00B
 ──────────────────────────────────────────────────────────────────────────────

Total time in ns: 202150750099
