Julia version: 1.6.0-DEV.1324

Threading configuration: 
       JULIA_NUM_THREADS:   3
      JULIA_FFTW_THREADS:   1
      JULIA_BLAS_THREADS:   2
Payload:  Fe_scfres_guess.jld2

System facts:
    fft_size:      (30, 30, 30)
    kpoints:       168
    n_electrons:   16
    n_bands:       23

Compiling code ...
Timing SCF ...

n     Free energy       Eₙ-Eₙ₋₁     ρout-ρin   Magnet   Diag
---   ---------------   ---------   --------   ------   ----
  1   -111.8090452629         NaN   5.13e+00    2.000    1.0 
  2   -116.7235389586   -4.91e+00   3.03e+00    2.000    6.0 
  3   -120.7864746848   -4.06e+00   1.12e+00    2.387    5.7 
  4   -121.8708814882   -1.08e+00   2.62e-01    2.625    5.4 
  5   -121.8962026130   -2.53e-02   3.11e-01    2.373    3.2 
  6   -121.9450852258   -4.89e-02   1.66e-01    2.143    2.8 
  7   -121.9131426907    3.19e-02   2.27e-01    2.150    2.5 
  8   -121.9485854053   -3.54e-02   4.08e-02    1.882    2.5 
  9   -121.9494018516   -8.16e-04   1.10e-02    1.908    2.0 
 10   -121.9494538090   -5.20e-05   5.90e-03    1.932    2.6 
 11   -121.9494571643   -3.36e-06   7.29e-04    1.933    2.4 
 12   -121.9494574287   -2.64e-07   2.98e-04    1.929    4.0 
 13   -121.9494574260    2.70e-09   6.63e-05    1.928    3.1 
 14   -121.9494574190    6.94e-09   1.65e-05    1.928    3.0 
 15   -121.9494574189    1.19e-10   2.74e-06    1.928    3.5 
 16   -121.9494574191   -1.62e-10   6.63e-07    1.928    3.7 
 17   -121.9494574191   -4.87e-12   2.01e-07    1.928    3.2 
Energy breakdown:
    Kinetic             59.3814281
    AtomicLocal         -99.3605615
    AtomicNonlocal      -16.5408024
    Ewald               -85.8892161
    PspCorrection       3.5081636 
    Hartree             29.7313727
    Xc                  -12.7787483
    Entropy             -0.0010934

    total               -121.949457419092

 ──────────────────────────────────────────────────────────────────────────────
                                       Time                   Allocations      
                               ──────────────────────   ───────────────────────
       Tot / % measured:             165s / 98.5%           87.6GiB / 100%     

 Section               ncalls     time   %tot     avg     alloc   %tot      avg
 ──────────────────────────────────────────────────────────────────────────────
 self_consistent_field      1     163s   100%    163s   87.3GiB  100%   87.3GiB
   LOBPCG               2.86k     126s  77.6%  44.2ms   49.8GiB  57.0%  17.8MiB
     Hamiltonian mu...  12.4k    65.3s  40.1%  5.28ms   7.29GiB  8.35%   618KiB
     block multipli...  45.3k    14.7s  9.05%   325μs   8.41GiB  9.64%   195KiB
     ortho              40.3k    11.8s  7.26%   293μs   8.58GiB  9.83%   223KiB
     rayleigh_ritz      9.51k    11.3s  6.91%  1.18ms   1.37GiB  1.57%   151KiB
   compute_density         17    27.6s  17.0%   1.62s   29.6GiB  33.9%  1.74GiB
   energy_hamiltonian      35    5.30s  3.25%   151ms   7.21GiB  8.26%   211MiB
   KerkerDosMixing         17    759ms  0.47%  44.6ms    141MiB  0.16%  8.31MiB
     KerkerMixing          17    501ms  0.31%  29.5ms    114MiB  0.13%  6.74MiB
   QR orthonormaliz...  2.86k   1.46ms  0.00%   511ns     0.00B  0.00%    0.00B
 ──────────────────────────────────────────────────────────────────────────────

Total time in ns: 163838388288
