Julia version: 1.6.0-DEV.1324

Threading configuration: 
       JULIA_NUM_THREADS:   3
      JULIA_FFTW_THREADS:   4
      JULIA_BLAS_THREADS:   2
Payload:  Fe_scfres_guess.jld2

System facts:
    fft_size:      (30, 30, 30)
    kpoints:       168
    n_electrons:   16
    n_bands:       23

Compiling code ...
Timing SCF ...

n     Free energy       Eₙ-Eₙ₋₁     ρout-ρin   Magnet   Diag
---   ---------------   ---------   --------   ------   ----
  1   -111.8090315840         NaN   5.13e+00    2.000    1.0 
  2   -116.7235542234   -4.91e+00   3.03e+00    2.000    6.0 
  3   -120.7864747693   -4.06e+00   1.12e+00    2.387    5.7 
  4   -121.8708815043   -1.08e+00   2.62e-01    2.625    5.4 
  5   -121.8962010394   -2.53e-02   3.11e-01    2.373    3.2 
  6   -121.9450935688   -4.89e-02   1.65e-01    2.143    2.8 
  7   -121.9131818186    3.19e-02   2.27e-01    2.150    2.5 
  8   -121.9485858741   -3.54e-02   4.07e-02    1.882    2.6 
  9   -121.9494018385   -8.16e-04   1.10e-02    1.908    2.0 
 10   -121.9494538051   -5.20e-05   5.90e-03    1.932    2.6 
 11   -121.9494571630   -3.36e-06   7.29e-04    1.933    2.3 
 12   -121.9494574289   -2.66e-07   2.98e-04    1.929    4.1 
 13   -121.9494574260    2.98e-09   6.61e-05    1.928    3.0 
 14   -121.9494574191    6.90e-09   1.65e-05    1.928    3.0 
 15   -121.9494574189    1.48e-10   2.74e-06    1.928    3.5 
 16   -121.9494574191   -1.77e-10   6.88e-07    1.928    3.8 
 17   -121.9494574191    4.70e-12   1.82e-07    1.928    3.1 
Energy breakdown:
    Kinetic             59.3814283
    AtomicLocal         -99.3605618
    AtomicNonlocal      -16.5408025
    Ewald               -85.8892161
    PspCorrection       3.5081636 
    Hartree             29.7313729
    Xc                  -12.7787484
    Entropy             -0.0010934

    total               -121.949457419087

 ──────────────────────────────────────────────────────────────────────────────
                                       Time                   Allocations      
                               ──────────────────────   ───────────────────────
       Tot / % measured:             175s / 98.6%           89.9GiB / 100%     

 Section               ncalls     time   %tot     avg     alloc   %tot      avg
 ──────────────────────────────────────────────────────────────────────────────
 self_consistent_field      1     172s   100%    172s   89.6GiB  100%   89.6GiB
   LOBPCG               2.86k     134s  78.0%  47.0ms   51.8GiB  57.8%  18.6MiB
     Hamiltonian mu...  12.4k    75.2s  43.6%  6.07ms   9.27GiB  10.4%   785KiB
     block multipli...  45.4k    13.7s  7.96%   302μs   8.42GiB  9.39%   195KiB
     ortho              40.4k    11.4s  6.61%   282μs   8.58GiB  9.58%   223KiB
     rayleigh_ritz      9.53k    11.1s  6.44%  1.17ms   1.37GiB  1.53%   151KiB
   compute_density         17    29.5s  17.1%   1.73s   29.9GiB  33.4%  1.76GiB
   energy_hamiltonian      35    4.75s  2.76%   136ms   7.22GiB  8.06%   211MiB
   KerkerDosMixing         17    765ms  0.44%  45.0ms    142MiB  0.15%  8.32MiB
     KerkerMixing          17    508ms  0.29%  29.9ms    115MiB  0.12%  6.75MiB
   QR orthonormaliz...  2.86k   1.25ms  0.00%   439ns     0.00B  0.00%    0.00B
 ──────────────────────────────────────────────────────────────────────────────

Total time in ns: 173349912239
