Julia version: 1.6.0-DEV.1324

Threading configuration: 
       JULIA_NUM_THREADS:   3
      JULIA_FFTW_THREADS:   2
      JULIA_BLAS_THREADS:   1
Payload:  Fe_scfres_guess.jld2

System facts:
    fft_size:      (30, 30, 30)
    kpoints:       168
    n_electrons:   16
    n_bands:       23

Compiling code ...
Timing SCF ...

n     Free energy       Eₙ-Eₙ₋₁     ρout-ρin   Magnet   Diag
---   ---------------   ---------   --------   ------   ----
  1   -111.8090452629         NaN   5.13e+00    2.000    1.0 
  2   -116.7235328191   -4.91e+00   3.03e+00    2.000    6.0 
  3   -120.7864738979   -4.06e+00   1.12e+00    2.387    5.7 
  4   -121.8708817927   -1.08e+00   2.62e-01    2.625    5.4 
  5   -121.8962024444   -2.53e-02   3.11e-01    2.373    3.3 
  6   -121.9450844269   -4.89e-02   1.66e-01    2.143    2.8 
  7   -121.9131370161    3.19e-02   2.27e-01    2.150    2.5 
  8   -121.9485859589   -3.54e-02   4.08e-02    1.882    2.6 
  9   -121.9494018983   -8.16e-04   1.10e-02    1.908    2.0 
 10   -121.9494538151   -5.19e-05   5.90e-03    1.932    2.6 
 11   -121.9494571621   -3.35e-06   7.29e-04    1.933    2.3 
 12   -121.9494574287   -2.67e-07   2.99e-04    1.929    4.0 
 13   -121.9494574261    2.65e-09   6.62e-05    1.928    3.1 
 14   -121.9494574191    6.99e-09   1.66e-05    1.928    3.0 
 15   -121.9494574189    1.37e-10   2.74e-06    1.928    3.4 
 16   -121.9494574191   -1.71e-10   6.72e-07    1.928    3.8 
 17   -121.9494574191    1.46e-12   1.87e-07    1.928    3.2 
Energy breakdown:
    Kinetic             59.3814282
    AtomicLocal         -99.3605617
    AtomicNonlocal      -16.5408025
    Ewald               -85.8892161
    PspCorrection       3.5081636 
    Hartree             29.7313728
    Xc                  -12.7787483
    Entropy             -0.0010934

    total               -121.949457419090

 ──────────────────────────────────────────────────────────────────────────────
                                       Time                   Allocations      
                               ──────────────────────   ───────────────────────
       Tot / % measured:             197s / 98.7%           88.9GiB / 100%     

 Section               ncalls     time   %tot     avg     alloc   %tot      avg
 ──────────────────────────────────────────────────────────────────────────────
 self_consistent_field      1     195s   100%    195s   88.6GiB  100%   88.6GiB
   LOBPCG               2.86k     156s  80.0%  54.5ms   50.9GiB  57.5%  18.3MiB
     Hamiltonian mu...  12.4k    83.6s  42.9%  6.76ms   8.48GiB  9.57%   718KiB
     block multipli...  45.3k    21.5s  11.0%   474μs   8.41GiB  9.48%   194KiB
     ortho              40.4k    13.1s  6.72%   324μs   8.57GiB  9.67%   223KiB
     rayleigh_ritz      9.52k    12.1s  6.23%  1.27ms   1.37GiB  1.54%   151KiB
   compute_density         17    29.3s  15.1%   1.73s   29.8GiB  33.6%  1.75GiB
   energy_hamiltonian      35    5.78s  2.97%   165ms   7.21GiB  8.14%   211MiB
   KerkerDosMixing         17    891ms  0.46%  52.4ms    141MiB  0.16%  8.32MiB
     KerkerMixing          17    634ms  0.33%  37.3ms    115MiB  0.13%  6.74MiB
   QR orthonormaliz...  2.86k   1.85ms  0.00%   646ns     0.00B  0.00%    0.00B
 ──────────────────────────────────────────────────────────────────────────────

Total time in ns: 195829153695
