Julia version: 1.6.0-DEV.1324

Threading configuration: 
       JULIA_NUM_THREADS:   3
      JULIA_FFTW_THREADS:   3
      JULIA_BLAS_THREADS:   2
Payload:  Fe_scfres_guess.jld2

System facts:
    fft_size:      (30, 30, 30)
    kpoints:       168
    n_electrons:   16
    n_bands:       23

Compiling code ...
Timing SCF ...

n     Free energy       Eₙ-Eₙ₋₁     ρout-ρin   Magnet   Diag
---   ---------------   ---------   --------   ------   ----
  1   -111.8090315840         NaN   5.13e+00    2.000    1.0 
  2   -116.7235467731   -4.91e+00   3.03e+00    2.000    6.0 
  3   -120.7864696620   -4.06e+00   1.12e+00    2.387    5.7 
  4   -121.8708805576   -1.08e+00   2.62e-01    2.625    5.4 
  5   -121.8962051873   -2.53e-02   3.11e-01    2.373    3.3 
  6   -121.9450928388   -4.89e-02   1.65e-01    2.143    2.8 
  7   -121.9131608609    3.19e-02   2.27e-01    2.150    2.5 
  8   -121.9485854769   -3.54e-02   4.08e-02    1.882    2.6 
  9   -121.9494018255   -8.16e-04   1.10e-02    1.908    2.0 
 10   -121.9494537799   -5.20e-05   5.91e-03    1.932    2.6 
 11   -121.9494571627   -3.38e-06   7.30e-04    1.933    2.3 
 12   -121.9494574295   -2.67e-07   2.99e-04    1.929    4.0 
 13   -121.9494574260    3.42e-09   6.60e-05    1.928    3.0 
 14   -121.9494574191    6.99e-09   1.65e-05    1.928    3.1 
 15   -121.9494574189    1.44e-10   2.74e-06    1.928    3.6 
 16   -121.9494574191   -1.73e-10   6.68e-07    1.928    3.7 
 17   -121.9494574191   -2.30e-12   1.95e-07    1.928    3.2 
Energy breakdown:
    Kinetic             59.3814282
    AtomicLocal         -99.3605616
    AtomicNonlocal      -16.5408024
    Ewald               -85.8892161
    PspCorrection       3.5081636 
    Hartree             29.7313728
    Xc                  -12.7787483
    Entropy             -0.0010934

    total               -121.949457419092

 ──────────────────────────────────────────────────────────────────────────────
                                       Time                   Allocations      
                               ──────────────────────   ───────────────────────
       Tot / % measured:             177s / 98.6%           89.5GiB / 100%     

 Section               ncalls     time   %tot     avg     alloc   %tot      avg
 ──────────────────────────────────────────────────────────────────────────────
 self_consistent_field      1     174s   100%    174s   89.2GiB  100%   89.2GiB
   LOBPCG               2.86k     135s  77.6%  47.3ms   51.4GiB  57.7%  18.4MiB
     Hamiltonian mu...  12.4k    73.9s  42.4%  5.95ms   8.88GiB  10.0%   750KiB
     block multipli...  45.6k    14.4s  8.27%   316μs   8.43GiB  9.45%   194KiB
     ortho              40.5k    12.0s  6.91%   297μs   8.59GiB  9.63%   222KiB
     rayleigh_ritz      9.56k    11.2s  6.44%  1.17ms   1.37GiB  1.54%   150KiB
   compute_density         17    30.0s  17.2%   1.77s   29.9GiB  33.5%  1.76GiB
   energy_hamiltonian      35    5.25s  3.02%   150ms   7.22GiB  8.09%   211MiB
   KerkerDosMixing         17    752ms  0.43%  44.2ms    141MiB  0.15%  8.32MiB
     KerkerMixing          17    490ms  0.28%  28.8ms    115MiB  0.13%  6.74MiB
   QR orthonormaliz...  2.86k   1.38ms  0.00%   482ns     0.00B  0.00%    0.00B
 ──────────────────────────────────────────────────────────────────────────────

Total time in ns: 175174390206
