Julia version: 1.6.0-DEV.1324

Threading configuration: 
       JULIA_NUM_THREADS:   3
      JULIA_FFTW_THREADS:   2
      JULIA_BLAS_THREADS:   2
Payload:  Fe_scfres_guess.jld2

System facts:
    fft_size:      (30, 30, 30)
    kpoints:       168
    n_electrons:   16
    n_bands:       23

Compiling code ...
Timing SCF ...

n     Free energy       Eₙ-Eₙ₋₁     ρout-ρin   Magnet   Diag
---   ---------------   ---------   --------   ------   ----
  1   -111.8090315840         NaN   5.13e+00    2.000    1.0 
  2   -116.7235470173   -4.91e+00   3.03e+00    2.000    6.0 
  3   -120.7864835707   -4.06e+00   1.12e+00    2.387    5.8 
  4   -121.8708741539   -1.08e+00   2.62e-01    2.625    5.4 
  5   -121.8962194339   -2.53e-02   3.11e-01    2.373    3.2 
  6   -121.9450845483   -4.89e-02   1.66e-01    2.143    2.8 
  7   -121.9131203887    3.20e-02   2.27e-01    2.150    2.5 
  8   -121.9485847304   -3.55e-02   4.08e-02    1.882    2.6 
  9   -121.9494018289   -8.17e-04   1.10e-02    1.908    2.0 
 10   -121.9494537972   -5.20e-05   5.92e-03    1.932    2.6 
 11   -121.9494571655   -3.37e-06   7.30e-04    1.933    2.4 
 12   -121.9494574291   -2.64e-07   2.99e-04    1.929    4.0 
 13   -121.9494574261    2.99e-09   6.60e-05    1.928    3.1 
 14   -121.9494574191    7.02e-09   1.64e-05    1.928    3.0 
 15   -121.9494574189    1.36e-10   2.76e-06    1.928    3.5 
 16   -121.9494574191   -1.76e-10   6.69e-07    1.928    3.7 
 17   -121.9494574191    2.84e-12   1.91e-07    1.928    3.3 
Energy breakdown:
    Kinetic             59.3814283
    AtomicLocal         -99.3605617
    AtomicNonlocal      -16.5408025
    Ewald               -85.8892161
    PspCorrection       3.5081636 
    Hartree             29.7313728
    Xc                  -12.7787483
    Entropy             -0.0010934

    total               -121.949457419090

 ──────────────────────────────────────────────────────────────────────────────
                                       Time                   Allocations      
                               ──────────────────────   ───────────────────────
       Tot / % measured:             174s / 98.6%           89.0GiB / 100%     

 Section               ncalls     time   %tot     avg     alloc   %tot      avg
 ──────────────────────────────────────────────────────────────────────────────
 self_consistent_field      1     172s   100%    172s   88.7GiB  100%   88.7GiB
   LOBPCG               2.86k     134s  77.9%  46.8ms   51.0GiB  57.5%  18.3MiB
     Hamiltonian mu...  12.4k    73.0s  42.5%  5.87ms   8.49GiB  9.57%   717KiB
     block multipli...  45.6k    14.3s  8.35%   314μs   8.43GiB  9.51%   194KiB
     ortho              40.6k    11.6s  6.76%   286μs   8.59GiB  9.69%   222KiB
     rayleigh_ritz      9.57k    11.2s  6.54%  1.17ms   1.37GiB  1.54%   150KiB
   compute_density         17    28.9s  16.9%   1.70s   29.8GiB  33.6%  1.75GiB
   energy_hamiltonian      35    5.00s  2.91%   143ms   7.21GiB  8.13%   211MiB
   KerkerDosMixing         17    757ms  0.44%  44.5ms    141MiB  0.16%  8.32MiB
     KerkerMixing          17    467ms  0.27%  27.5ms    115MiB  0.13%  6.74MiB
   QR orthonormaliz...  2.86k   1.46ms  0.00%   512ns     0.00B  0.00%    0.00B
 ──────────────────────────────────────────────────────────────────────────────

Total time in ns: 172636689569
