Julia version: 1.6.0-DEV.1324

Threading configuration: 
       JULIA_NUM_THREADS:   3
      JULIA_FFTW_THREADS:   4
      JULIA_BLAS_THREADS:   3
Payload:  Fe_scfres_guess.jld2

System facts:
    fft_size:      (30, 30, 30)
    kpoints:       168
    n_electrons:   16
    n_bands:       23

Compiling code ...
Timing SCF ...

n     Free energy       Eₙ-Eₙ₋₁     ρout-ρin   Magnet   Diag
---   ---------------   ---------   --------   ------   ----
  1   -111.8090315840         NaN   5.13e+00    2.000    1.0 
  2   -116.7235572603   -4.91e+00   3.03e+00    2.000    6.0 
  3   -120.7864701841   -4.06e+00   1.12e+00    2.387    5.7 
  4   -121.8708816682   -1.08e+00   2.62e-01    2.625    5.4 
  5   -121.8962000157   -2.53e-02   3.11e-01    2.373    3.2 
  6   -121.9450911070   -4.89e-02   1.65e-01    2.143    2.8 
  7   -121.9131348239    3.20e-02   2.27e-01    2.150    2.5 
  8   -121.9485847507   -3.54e-02   4.08e-02    1.882    2.6 
  9   -121.9494018749   -8.17e-04   1.10e-02    1.908    2.0 
 10   -121.9494537671   -5.19e-05   5.91e-03    1.932    2.6 
 11   -121.9494571660   -3.40e-06   7.27e-04    1.933    2.3 
 12   -121.9494574304   -2.64e-07   2.97e-04    1.929    4.0 
 13   -121.9494574258    4.61e-09   6.53e-05    1.928    3.1 
 14   -121.9494574191    6.70e-09   1.66e-05    1.928    3.0 
 15   -121.9494574189    1.75e-10   2.73e-06    1.928    3.5 
 16   -121.9494574191   -2.01e-10   7.07e-07    1.928    3.8 
 17   -121.9494574191    8.10e-12   1.79e-07    1.928    3.1 
Energy breakdown:
    Kinetic             59.3814284
    AtomicLocal         -99.3605619
    AtomicNonlocal      -16.5408025
    Ewald               -85.8892161
    PspCorrection       3.5081636 
    Hartree             29.7313729
    Xc                  -12.7787484
    Entropy             -0.0010934

    total               -121.949457419086

 ──────────────────────────────────────────────────────────────────────────────
                                       Time                   Allocations      
                               ──────────────────────   ───────────────────────
       Tot / % measured:             171s / 98.5%           89.9GiB / 100%     

 Section               ncalls     time   %tot     avg     alloc   %tot      avg
 ──────────────────────────────────────────────────────────────────────────────
 self_consistent_field      1     169s   100%    169s   89.6GiB  100%   89.6GiB
   LOBPCG               2.86k     129s  76.5%  45.2ms   51.8GiB  57.8%  18.6MiB
     Hamiltonian mu...  12.4k    76.3s  45.2%  6.17ms   9.27GiB  10.4%   785KiB
     ortho              40.4k    11.9s  7.03%   294μs   8.58GiB  9.58%   223KiB
     block multipli...  45.4k    10.3s  6.10%   227μs   8.41GiB  9.39%   194KiB
     rayleigh_ritz      9.53k    8.72s  5.17%   916μs   1.37GiB  1.53%   151KiB
   compute_density         17    30.2s  17.9%   1.78s   29.9GiB  33.4%  1.76GiB
   energy_hamiltonian      35    5.40s  3.20%   154ms   7.22GiB  8.06%   211MiB
   KerkerDosMixing         17    847ms  0.50%  49.8ms    142MiB  0.15%  8.32MiB
     KerkerMixing          17    567ms  0.34%  33.3ms    115MiB  0.13%  6.75MiB
   QR orthonormaliz...  2.86k   1.56ms  0.00%   546ns     0.00B  0.00%    0.00B
 ──────────────────────────────────────────────────────────────────────────────

Total time in ns: 169935389071
