Julia version: 1.6.0-DEV.1324

Threading configuration: 
       JULIA_NUM_THREADS:   3
      JULIA_FFTW_THREADS:   3
      JULIA_BLAS_THREADS:   1
Payload:  Fe_scfres_guess.jld2

System facts:
    fft_size:      (30, 30, 30)
    kpoints:       168
    n_electrons:   16
    n_bands:       23

Compiling code ...
Timing SCF ...

n     Free energy       Eₙ-Eₙ₋₁     ρout-ρin   Magnet   Diag
---   ---------------   ---------   --------   ------   ----
  1   -111.8090452629         NaN   5.13e+00    2.000    1.0 
  2   -116.7235237405   -4.91e+00   3.03e+00    2.000    6.0 
  3   -120.7864746036   -4.06e+00   1.12e+00    2.387    5.7 
  4   -121.8708784812   -1.08e+00   2.62e-01    2.625    5.4 
  5   -121.8962047882   -2.53e-02   3.11e-01    2.373    3.3 
  6   -121.9450875881   -4.89e-02   1.65e-01    2.143    2.8 
  7   -121.9131238382    3.20e-02   2.27e-01    2.150    2.5 
  8   -121.9485850887   -3.55e-02   4.08e-02    1.882    2.5 
  9   -121.9494018642   -8.17e-04   1.10e-02    1.908    2.0 
 10   -121.9494537816   -5.19e-05   5.91e-03    1.932    2.6 
 11   -121.9494571638   -3.38e-06   7.29e-04    1.933    2.3 
 12   -121.9494574299   -2.66e-07   2.98e-04    1.929    3.9 
 13   -121.9494574260    3.84e-09   6.57e-05    1.928    3.1 
 14   -121.9494574191    6.95e-09   1.65e-05    1.928    3.1 
 15   -121.9494574189    1.73e-10   2.74e-06    1.928    3.5 
 16   -121.9494574191   -1.81e-10   6.76e-07    1.928    3.7 
 17   -121.9494574191    2.27e-13   1.91e-07    1.928    3.1 
Energy breakdown:
    Kinetic             59.3814282
    AtomicLocal         -99.3605617
    AtomicNonlocal      -16.5408025
    Ewald               -85.8892161
    PspCorrection       3.5081636 
    Hartree             29.7313728
    Xc                  -12.7787483
    Entropy             -0.0010934

    total               -121.949457419090

 ──────────────────────────────────────────────────────────────────────────────
                                       Time                   Allocations      
                               ──────────────────────   ───────────────────────
       Tot / % measured:             199s / 98.7%           89.4GiB / 100%     

 Section               ncalls     time   %tot     avg     alloc   %tot      avg
 ──────────────────────────────────────────────────────────────────────────────
 self_consistent_field      1     197s   100%    197s   89.1GiB  100%   89.1GiB
   LOBPCG               2.86k     158s  80.0%  55.2ms   51.3GiB  57.6%  18.4MiB
     Hamiltonian mu...  12.4k    84.4s  42.9%  6.83ms   8.87GiB  10.0%   752KiB
     block multipli...  45.2k    21.6s  11.0%   477μs   8.40GiB  9.43%   195KiB
     ortho              40.3k    13.2s  6.71%   328μs   8.57GiB  9.62%   223KiB
     rayleigh_ritz      9.51k    12.3s  6.27%  1.30ms   1.37GiB  1.54%   151KiB
   compute_density         17    29.4s  14.9%   1.73s   29.9GiB  33.5%  1.76GiB
   energy_hamiltonian      35    5.93s  3.01%   169ms   7.22GiB  8.10%   211MiB
   KerkerDosMixing         17    759ms  0.39%  44.6ms    141MiB  0.16%  8.32MiB
     KerkerMixing          17    496ms  0.25%  29.2ms    115MiB  0.13%  6.74MiB
   QR orthonormaliz...  2.86k   1.59ms  0.00%   556ns     0.00B  0.00%    0.00B
 ──────────────────────────────────────────────────────────────────────────────

Total time in ns: 197936281193
