Julia version: 1.6.0-DEV.1324

Threading configuration: 
       JULIA_NUM_THREADS:   3
      JULIA_FFTW_THREADS:   3
      JULIA_BLAS_THREADS:   3
Payload:  Fe_scfres_guess.jld2

System facts:
    fft_size:      (30, 30, 30)
    kpoints:       168
    n_electrons:   16
    n_bands:       23

Compiling code ...
Timing SCF ...

n     Free energy       Eₙ-Eₙ₋₁     ρout-ρin   Magnet   Diag
---   ---------------   ---------   --------   ------   ----
  1   -111.8090315840         NaN   5.13e+00    2.000    1.0 
  2   -116.7235563149   -4.91e+00   3.03e+00    2.000    6.0 
  3   -120.7864726321   -4.06e+00   1.12e+00    2.387    5.8 
  4   -121.8708791297   -1.08e+00   2.62e-01    2.625    5.4 
  5   -121.8962071919   -2.53e-02   3.11e-01    2.373    3.2 
  6   -121.9450869177   -4.89e-02   1.65e-01    2.143    2.8 
  7   -121.9131398001    3.19e-02   2.27e-01    2.150    2.5 
  8   -121.9485848011   -3.54e-02   4.08e-02    1.882    2.6 
  9   -121.9494017611   -8.17e-04   1.10e-02    1.908    2.0 
 10   -121.9494537865   -5.20e-05   5.92e-03    1.932    2.6 
 11   -121.9494571631   -3.38e-06   7.30e-04    1.933    2.4 
 12   -121.9494574293   -2.66e-07   2.99e-04    1.929    4.0 
 13   -121.9494574260    3.29e-09   6.58e-05    1.928    3.1 
 14   -121.9494574191    6.93e-09   1.66e-05    1.928    3.0 
 15   -121.9494574189    1.48e-10   2.74e-06    1.928    3.5 
 16   -121.9494574191   -1.88e-10   6.82e-07    1.928    3.8 
 17   -121.9494574191    1.26e-12   1.87e-07    1.928    3.2 
Energy breakdown:
    Kinetic             59.3814282
    AtomicLocal         -99.3605617
    AtomicNonlocal      -16.5408025
    Ewald               -85.8892161
    PspCorrection       3.5081636 
    Hartree             29.7313728
    Xc                  -12.7787483
    Entropy             -0.0010934

    total               -121.949457419089

 ──────────────────────────────────────────────────────────────────────────────
                                       Time                   Allocations      
                               ──────────────────────   ───────────────────────
       Tot / % measured:             166s / 98.5%           89.5GiB / 100%     

 Section               ncalls     time   %tot     avg     alloc   %tot      avg
 ──────────────────────────────────────────────────────────────────────────────
 self_consistent_field      1     164s   100%    164s   89.2GiB  100%   89.2GiB
   LOBPCG               2.86k     125s  76.2%  43.7ms   51.4GiB  57.6%  18.4MiB
     Hamiltonian mu...  12.4k    72.8s  44.4%  5.87ms   8.88GiB  10.0%   751KiB
     ortho              40.5k    11.7s  7.14%   289μs   8.59GiB  9.63%   222KiB
     block multipli...  45.5k    10.3s  6.31%   227μs   8.42GiB  9.45%   194KiB
     rayleigh_ritz      9.55k    8.66s  5.29%   907μs   1.37GiB  1.54%   150KiB
   compute_density         17    29.9s  18.2%   1.76s   29.9GiB  33.5%  1.76GiB
   energy_hamiltonian      35    5.38s  3.28%   154ms   7.22GiB  8.09%   211MiB
   KerkerDosMixing         17    746ms  0.45%  43.9ms    141MiB  0.15%  8.32MiB
     KerkerMixing          17    486ms  0.30%  28.6ms    115MiB  0.13%  6.74MiB
   QR orthonormaliz...  2.86k   1.72ms  0.00%   602ns     0.00B  0.00%    0.00B
 ──────────────────────────────────────────────────────────────────────────────

Total time in ns: 164947413986
