Julia version: 1.6.0-DEV.1324

Threading configuration: 
       JULIA_NUM_THREADS:   3
      JULIA_FFTW_THREADS:   2
      JULIA_BLAS_THREADS:   3
Payload:  Fe_scfres_guess.jld2

System facts:
    fft_size:      (30, 30, 30)
    kpoints:       168
    n_electrons:   16
    n_bands:       23

Compiling code ...
Timing SCF ...

n     Free energy       Eₙ-Eₙ₋₁     ρout-ρin   Magnet   Diag
---   ---------------   ---------   --------   ------   ----
  1   -111.8090315840         NaN   5.13e+00    2.000    1.0 
  2   -116.7235542099   -4.91e+00   3.03e+00    2.000    6.0 
  3   -120.7864703860   -4.06e+00   1.12e+00    2.387    5.8 
  4   -121.8708821896   -1.08e+00   2.62e-01    2.625    5.4 
  5   -121.8962010488   -2.53e-02   3.11e-01    2.373    3.2 
  6   -121.9450897389   -4.89e-02   1.65e-01    2.143    2.8 
  7   -121.9131429344    3.19e-02   2.27e-01    2.150    2.5 
  8   -121.9485856106   -3.54e-02   4.08e-02    1.882    2.6 
  9   -121.9494018901   -8.16e-04   1.10e-02    1.908    2.0 
 10   -121.9494538150   -5.19e-05   5.91e-03    1.932    2.6 
 11   -121.9494571632   -3.35e-06   7.29e-04    1.933    2.3 
 12   -121.9494574290   -2.66e-07   2.98e-04    1.929    4.0 
 13   -121.9494574260    2.96e-09   6.63e-05    1.928    3.1 
 14   -121.9494574190    6.99e-09   1.65e-05    1.928    3.0 
 15   -121.9494574189    1.02e-10   2.75e-06    1.928    3.5 
 16   -121.9494574191   -1.64e-10   6.58e-07    1.928    3.7 
 17   -121.9494574191   -2.26e-12   2.00e-07    1.928    3.2 
Energy breakdown:
    Kinetic             59.3814282
    AtomicLocal         -99.3605616
    AtomicNonlocal      -16.5408025
    Ewald               -85.8892161
    PspCorrection       3.5081636 
    Hartree             29.7313728
    Xc                  -12.7787483
    Entropy             -0.0010934

    total               -121.949457419092

 ──────────────────────────────────────────────────────────────────────────────
                                       Time                   Allocations      
                               ──────────────────────   ───────────────────────
       Tot / % measured:             169s / 98.5%           89.0GiB / 100%     

 Section               ncalls     time   %tot     avg     alloc   %tot      avg
 ──────────────────────────────────────────────────────────────────────────────
 self_consistent_field      1     166s   100%    166s   88.7GiB  100%   88.7GiB
   LOBPCG               2.86k     126s  75.9%  44.2ms   51.0GiB  57.5%  18.3MiB
     Hamiltonian mu...  12.4k    72.1s  43.3%  5.82ms   8.48GiB  9.57%   719KiB
     ortho              40.4k    12.0s  7.21%   297μs   8.59GiB  9.68%   223KiB
     block multipli...  45.3k    10.9s  6.53%   240μs   8.42GiB  9.50%   195KiB
     rayleigh_ritz      9.52k    8.81s  5.30%   926μs   1.37GiB  1.55%   151KiB
   compute_density         17    30.3s  18.2%   1.79s   29.8GiB  33.6%  1.75GiB
   energy_hamiltonian      35    5.66s  3.40%   162ms   7.21GiB  8.14%   211MiB
   KerkerDosMixing         17    819ms  0.49%  48.1ms    141MiB  0.16%  8.32MiB
     KerkerMixing          17    505ms  0.30%  29.7ms    115MiB  0.13%  6.74MiB
   QR orthonormaliz...  2.86k   1.45ms  0.00%   508ns     0.00B  0.00%    0.00B
 ──────────────────────────────────────────────────────────────────────────────

Total time in ns: 167488489635
