Julia version: 1.6.0-DEV.1324

Threading configuration: 
       JULIA_NUM_THREADS:   3
      JULIA_FFTW_THREADS:   3
      JULIA_BLAS_THREADS:   4
Payload:  Fe_scfres_guess.jld2

System facts:
    fft_size:      (30, 30, 30)
    kpoints:       168
    n_electrons:   16
    n_bands:       23

Compiling code ...
Timing SCF ...

n     Free energy       Eₙ-Eₙ₋₁     ρout-ρin   Magnet   Diag
---   ---------------   ---------   --------   ------   ----
  1   -111.8090315840         NaN   5.13e+00    2.000    1.0 
  2   -116.7235448033   -4.91e+00   3.03e+00    2.000    6.0 
  3   -120.7864733787   -4.06e+00   1.12e+00    2.387    5.8 
  4   -121.8708796298   -1.08e+00   2.62e-01    2.625    5.4 
  5   -121.8962023765   -2.53e-02   3.11e-01    2.373    3.3 
  6   -121.9450839730   -4.89e-02   1.66e-01    2.143    2.8 
  7   -121.9131293666    3.20e-02   2.27e-01    2.150    2.5 
  8   -121.9485854552   -3.55e-02   4.08e-02    1.882    2.5 
  9   -121.9494018574   -8.16e-04   1.10e-02    1.908    2.0 
 10   -121.9494537856   -5.19e-05   5.91e-03    1.932    2.6 
 11   -121.9494571634   -3.38e-06   7.28e-04    1.933    2.3 
 12   -121.9494574300   -2.67e-07   2.98e-04    1.929    4.1 
 13   -121.9494574260    4.08e-09   6.57e-05    1.928    3.0 
 14   -121.9494574191    6.90e-09   1.66e-05    1.928    3.0 
 15   -121.9494574189    1.49e-10   2.75e-06    1.928    3.5 
 16   -121.9494574191   -1.90e-10   6.77e-07    1.928    3.7 
 17   -121.9494574191    7.82e-13   1.95e-07    1.928    3.2 
Energy breakdown:
    Kinetic             59.3814283
    AtomicLocal         -99.3605617
    AtomicNonlocal      -16.5408025
    Ewald               -85.8892161
    PspCorrection       3.5081636 
    Hartree             29.7313728
    Xc                  -12.7787483
    Entropy             -0.0010934

    total               -121.949457419090

 ──────────────────────────────────────────────────────────────────────────────
                                       Time                   Allocations      
                               ──────────────────────   ───────────────────────
       Tot / % measured:             166s / 98.5%           89.5GiB / 100%     

 Section               ncalls     time   %tot     avg     alloc   %tot      avg
 ──────────────────────────────────────────────────────────────────────────────
 self_consistent_field      1     163s   100%    163s   89.2GiB  100%   89.2GiB
   LOBPCG               2.86k     127s  77.5%  44.4ms   51.4GiB  57.6%  18.4MiB
     Hamiltonian mu...  12.4k    73.4s  44.9%  5.92ms   8.88GiB  10.0%   751KiB
     ortho              40.4k    11.7s  7.16%   290μs   8.59GiB  9.63%   223KiB
     rayleigh_ritz      9.54k    10.1s  6.20%  1.06ms   1.37GiB  1.54%   151KiB
     block multipli...  45.5k    9.77s  5.97%   215μs   8.43GiB  9.45%   194KiB
   compute_density         17    28.7s  17.6%   1.69s   29.9GiB  33.5%  1.76GiB
   energy_hamiltonian      35    4.32s  2.64%   123ms   7.22GiB  8.09%   211MiB
   KerkerDosMixing         17    731ms  0.45%  43.0ms    141MiB  0.15%  8.32MiB
     KerkerMixing          17    476ms  0.29%  28.0ms    115MiB  0.13%  6.74MiB
   QR orthonormaliz...  2.86k   1.53ms  0.00%   535ns     0.00B  0.00%    0.00B
 ──────────────────────────────────────────────────────────────────────────────

Total time in ns: 164570831008
