Julia version: 1.6.0-DEV.1324

Threading configuration: 
       JULIA_NUM_THREADS:   3
      JULIA_FFTW_THREADS:   4
      JULIA_BLAS_THREADS:   1
Payload:  Fe_scfres_guess.jld2

System facts:
    fft_size:      (30, 30, 30)
    kpoints:       168
    n_electrons:   16
    n_bands:       23

Compiling code ...
Timing SCF ...

n     Free energy       Eₙ-Eₙ₋₁     ρout-ρin   Magnet   Diag
---   ---------------   ---------   --------   ------   ----
  1   -111.8090452629         NaN   5.13e+00    2.000    1.0 
  2   -116.7235203583   -4.91e+00   3.03e+00    2.000    6.1 
  3   -120.7864715764   -4.06e+00   1.12e+00    2.387    5.7 
  4   -121.8708779188   -1.08e+00   2.62e-01    2.625    5.4 
  5   -121.8962036547   -2.53e-02   3.11e-01    2.373    3.2 
  6   -121.9450837801   -4.89e-02   1.66e-01    2.143    2.8 
  7   -121.9131132016    3.20e-02   2.27e-01    2.150    2.5 
  8   -121.9485835088   -3.55e-02   4.08e-02    1.882    2.6 
  9   -121.9494017937   -8.18e-04   1.10e-02    1.908    2.0 
 10   -121.9494537963   -5.20e-05   5.92e-03    1.932    2.6 
 11   -121.9494571640   -3.37e-06   7.31e-04    1.933    2.3 
 12   -121.9494574289   -2.65e-07   3.00e-04    1.929    4.0 
 13   -121.9494574261    2.80e-09   6.59e-05    1.928    3.0 
 14   -121.9494574191    7.08e-09   1.65e-05    1.928    3.1 
 15   -121.9494574189    1.44e-10   2.74e-06    1.928    3.5 
 16   -121.9494574191   -1.74e-10   6.92e-07    1.928    3.8 
 17   -121.9494574191    5.02e-12   1.75e-07    1.928    3.1 
Energy breakdown:
    Kinetic             59.3814283
    AtomicLocal         -99.3605618
    AtomicNonlocal      -16.5408025
    Ewald               -85.8892161
    PspCorrection       3.5081636 
    Hartree             29.7313729
    Xc                  -12.7787483
    Entropy             -0.0010934

    total               -121.949457419087

 ──────────────────────────────────────────────────────────────────────────────
                                       Time                   Allocations      
                               ──────────────────────   ───────────────────────
       Tot / % measured:             199s / 98.8%           89.9GiB / 100%     

 Section               ncalls     time   %tot     avg     alloc   %tot      avg
 ──────────────────────────────────────────────────────────────────────────────
 self_consistent_field      1     197s   100%    197s   89.6GiB  100%   89.6GiB
   LOBPCG               2.86k     158s  80.3%  55.4ms   51.8GiB  57.8%  18.6MiB
     Hamiltonian mu...  12.4k    85.0s  43.2%  6.87ms   9.27GiB  10.4%   786KiB
     block multipli...  45.3k    21.9s  11.1%   483μs   8.41GiB  9.39%   195KiB
     ortho              40.3k    13.2s  6.68%   326μs   8.58GiB  9.58%   223KiB
     rayleigh_ritz      9.51k    12.2s  6.18%  1.28ms   1.37GiB  1.53%   151KiB
   compute_density         17    29.0s  14.7%   1.70s   29.9GiB  33.4%  1.76GiB
   energy_hamiltonian      35    6.00s  3.05%   172ms   7.22GiB  8.06%   211MiB
   KerkerDosMixing         17    873ms  0.44%  51.4ms    142MiB  0.15%  8.32MiB
     KerkerMixing          17    581ms  0.29%  34.2ms    115MiB  0.12%  6.75MiB
   QR orthonormaliz...  2.86k   1.64ms  0.00%   573ns     0.00B  0.00%    0.00B
 ──────────────────────────────────────────────────────────────────────────────

Total time in ns: 198003354774
