Julia version: 1.6.0-DEV.1324

Threading configuration: 
       JULIA_NUM_THREADS:   3
      JULIA_FFTW_THREADS:   2
      JULIA_BLAS_THREADS:   4
Payload:  Fe_scfres_guess.jld2

System facts:
    fft_size:      (30, 30, 30)
    kpoints:       168
    n_electrons:   16
    n_bands:       23

Compiling code ...
Timing SCF ...

n     Free energy       Eₙ-Eₙ₋₁     ρout-ρin   Magnet   Diag
---   ---------------   ---------   --------   ------   ----
  1   -111.8090315840         NaN   5.13e+00    2.000    1.0 
  2   -116.7235544953   -4.91e+00   3.03e+00    2.000    6.0 
  3   -120.7864574566   -4.06e+00   1.12e+00    2.387    5.7 
  4   -121.8708897100   -1.08e+00   2.62e-01    2.625    5.3 
  5   -121.8961822632   -2.53e-02   3.11e-01    2.373    3.2 
  6   -121.9450943532   -4.89e-02   1.65e-01    2.143    2.8 
  7   -121.9131306383    3.20e-02   2.27e-01    2.150    2.5 
  8   -121.9485824447   -3.55e-02   4.08e-02    1.882    2.6 
  9   -121.9494017980   -8.19e-04   1.10e-02    1.908    2.0 
 10   -121.9494537897   -5.20e-05   5.92e-03    1.932    2.6 
 11   -121.9494571632   -3.37e-06   7.29e-04    1.933    2.3 
 12   -121.9494574291   -2.66e-07   3.00e-04    1.929    4.0 
 13   -121.9494574260    3.13e-09   6.59e-05    1.928    3.0 
 14   -121.9494574190    6.95e-09   1.65e-05    1.928    3.1 
 15   -121.9494574189    1.10e-10   2.75e-06    1.928    3.5 
 16   -121.9494574191   -1.65e-10   6.75e-07    1.928    3.8 
 17   -121.9494574191    8.53e-14   1.90e-07    1.928    3.1 
Energy breakdown:
    Kinetic             59.3814282
    AtomicLocal         -99.3605617
    AtomicNonlocal      -16.5408025
    Ewald               -85.8892161
    PspCorrection       3.5081636 
    Hartree             29.7313728
    Xc                  -12.7787483
    Entropy             -0.0010934

    total               -121.949457419090

 ──────────────────────────────────────────────────────────────────────────────
                                       Time                   Allocations      
                               ──────────────────────   ───────────────────────
       Tot / % measured:             168s / 98.5%           89.0GiB / 100%     

 Section               ncalls     time   %tot     avg     alloc   %tot      avg
 ──────────────────────────────────────────────────────────────────────────────
 self_consistent_field      1     166s   100%    166s   88.7GiB  100%   88.7GiB
   LOBPCG               2.86k     127s  76.4%  44.3ms   51.0GiB  57.5%  18.3MiB
     Hamiltonian mu...  12.4k    72.5s  43.7%  5.86ms   8.48GiB  9.57%   719KiB
     ortho              40.3k    11.4s  6.90%   283μs   8.58GiB  9.67%   223KiB
     rayleigh_ritz      9.51k    10.3s  6.21%  1.08ms   1.37GiB  1.54%   151KiB
     block multipli...  45.3k    9.42s  5.68%   208μs   8.41GiB  9.49%   195KiB
   compute_density         17    29.9s  18.0%   1.76s   29.8GiB  33.6%  1.75GiB
   energy_hamiltonian      35    5.40s  3.26%   154ms   7.21GiB  8.14%   211MiB
   KerkerDosMixing         17    761ms  0.46%  44.8ms    141MiB  0.16%  8.32MiB
     KerkerMixing          17    498ms  0.30%  29.3ms    115MiB  0.13%  6.74MiB
   QR orthonormaliz...  2.86k   1.63ms  0.00%   572ns     0.00B  0.00%    0.00B
 ──────────────────────────────────────────────────────────────────────────────

Total time in ns: 166804266143
