Julia version: 1.6.0-DEV.1324

Threading configuration: 
       JULIA_NUM_THREADS:   3
      JULIA_FFTW_THREADS:   4
      JULIA_BLAS_THREADS:   4
Payload:  Fe_scfres_guess.jld2

System facts:
    fft_size:      (30, 30, 30)
    kpoints:       168
    n_electrons:   16
    n_bands:       23

Compiling code ...
Timing SCF ...

n     Free energy       Eₙ-Eₙ₋₁     ρout-ρin   Magnet   Diag
---   ---------------   ---------   --------   ------   ----
  1   -111.8090315840         NaN   5.13e+00    2.000    1.0 
  2   -116.7235528076   -4.91e+00   3.03e+00    2.000    6.1 
  3   -120.7864637227   -4.06e+00   1.12e+00    2.387    5.8 
  4   -121.8708846674   -1.08e+00   2.62e-01    2.625    5.3 
  5   -121.8961922424   -2.53e-02   3.11e-01    2.373    3.3 
  6   -121.9450907092   -4.89e-02   1.65e-01    2.143    2.8 
  7   -121.9131337039    3.20e-02   2.27e-01    2.150    2.5 
  8   -121.9485836922   -3.54e-02   4.08e-02    1.882    2.6 
  9   -121.9494018424   -8.18e-04   1.10e-02    1.908    2.0 
 10   -121.9494538117   -5.20e-05   5.91e-03    1.932    2.6 
 11   -121.9494571644   -3.35e-06   7.30e-04    1.933    2.3 
 12   -121.9494574287   -2.64e-07   2.99e-04    1.929    4.0 
 13   -121.9494574259    2.78e-09   6.58e-05    1.928    3.0 
 14   -121.9494574190    6.90e-09   1.64e-05    1.928    3.0 
 15   -121.9494574189    1.23e-10   2.74e-06    1.928    3.6 
 16   -121.9494574191   -1.66e-10   6.62e-07    1.928    3.7 
 17   -121.9494574191   -3.27e-12   2.00e-07    1.928    3.2 
Energy breakdown:
    Kinetic             59.3814281
    AtomicLocal         -99.3605615
    AtomicNonlocal      -16.5408024
    Ewald               -85.8892161
    PspCorrection       3.5081636 
    Hartree             29.7313727
    Xc                  -12.7787483
    Entropy             -0.0010934

    total               -121.949457419093

 ──────────────────────────────────────────────────────────────────────────────
                                       Time                   Allocations      
                               ──────────────────────   ───────────────────────
       Tot / % measured:             173s / 98.5%           89.9GiB / 100%     

 Section               ncalls     time   %tot     avg     alloc   %tot      avg
 ──────────────────────────────────────────────────────────────────────────────
 self_consistent_field      1     170s   100%    170s   89.6GiB  100%   89.6GiB
   LOBPCG               2.86k     131s  76.9%  45.8ms   51.8GiB  57.8%  18.6MiB
     Hamiltonian mu...  12.4k    76.9s  45.2%  6.20ms   9.28GiB  10.4%   784KiB
     ortho              40.5k    11.4s  6.72%   283μs   8.59GiB  9.58%   222KiB
     rayleigh_ritz      9.55k    10.2s  6.02%  1.07ms   1.37GiB  1.53%   150KiB
     block multipli...  45.5k    9.24s  5.43%   203μs   8.42GiB  9.40%   194KiB
   compute_density         17    30.4s  17.9%   1.79s   29.9GiB  33.4%  1.76GiB
   energy_hamiltonian      35    5.20s  3.06%   149ms   7.22GiB  8.05%   211MiB
   KerkerDosMixing         17    735ms  0.43%  43.2ms    142MiB  0.15%  8.32MiB
     KerkerMixing          17    478ms  0.28%  28.1ms    115MiB  0.12%  6.75MiB
   QR orthonormaliz...  2.86k   1.84ms  0.00%   646ns     0.00B  0.00%    0.00B
 ──────────────────────────────────────────────────────────────────────────────

Total time in ns: 171326323008
