Julia version: 1.6.0-DEV.1324

Threading configuration: 
       JULIA_NUM_THREADS:   4
      JULIA_FFTW_THREADS:   3
      JULIA_BLAS_THREADS:   1
Payload:  Fe_scfres_guess.jld2

System facts:
    fft_size:      (30, 30, 30)
    kpoints:       168
    n_electrons:   16
    n_bands:       23

Compiling code ...
Timing SCF ...

n     Free energy       Eₙ-Eₙ₋₁     ρout-ρin   Magnet   Diag
---   ---------------   ---------   --------   ------   ----
  1   -111.8090315840         NaN   5.13e+00    2.000    1.0 
  2   -116.7235569646   -4.91e+00   3.03e+00    2.000    6.0 
  3   -120.7864702986   -4.06e+00   1.12e+00    2.387    5.8 
  4   -121.8708790289   -1.08e+00   2.62e-01    2.625    5.4 
  5   -121.8962064267   -2.53e-02   3.11e-01    2.373    3.3 
  6   -121.9450924105   -4.89e-02   1.65e-01    2.143    2.8 
  7   -121.9131571031    3.19e-02   2.27e-01    2.150    2.5 
  8   -121.9485846291   -3.54e-02   4.08e-02    1.882    2.5 
  9   -121.9494018785   -8.17e-04   1.10e-02    1.908    2.0 
 10   -121.9494537676   -5.19e-05   5.91e-03    1.932    2.6 
 11   -121.9494571677   -3.40e-06   7.28e-04    1.933    2.4 
 12   -121.9494574307   -2.63e-07   2.97e-04    1.929    4.0 
 13   -121.9494574258    4.89e-09   6.48e-05    1.928    3.1 
 14   -121.9494574191    6.74e-09   1.65e-05    1.928    3.0 
 15   -121.9494574189    1.56e-10   2.71e-06    1.928    3.5 
 16   -121.9494574191   -1.96e-10   7.00e-07    1.928    3.7 
 17   -121.9494574191    6.59e-12   1.76e-07    1.928    3.1 
Energy breakdown:
    Kinetic             59.3814283
    AtomicLocal         -99.3605618
    AtomicNonlocal      -16.5408025
    Ewald               -85.8892161
    PspCorrection       3.5081636 
    Hartree             29.7313729
    Xc                  -12.7787483
    Entropy             -0.0010934

    total               -121.949457419087

 ──────────────────────────────────────────────────────────────────────────────
                                       Time                   Allocations      
                               ──────────────────────   ───────────────────────
       Tot / % measured:             179s / 98.6%           89.7GiB / 100%     

 Section               ncalls     time   %tot     avg     alloc   %tot      avg
 ──────────────────────────────────────────────────────────────────────────────
 self_consistent_field      1     177s   100%    177s   89.4GiB  100%   89.4GiB
   LOBPCG               2.86k     144s  81.6%  50.5ms   51.6GiB  57.7%  18.5MiB
     Hamiltonian mu...  12.4k    70.3s  39.8%  5.68ms   9.06GiB  10.1%   767KiB
     block multipli...  45.4k    22.2s  12.6%   489μs   8.42GiB  9.42%   195KiB
     ortho              40.4k    13.3s  7.53%   329μs   8.58GiB  9.60%   223KiB
     rayleigh_ritz      9.53k    12.2s  6.91%  1.28ms   1.37GiB  1.53%   151KiB
   compute_density         17    22.7s  12.9%   1.34s   29.9GiB  33.5%  1.76GiB
   energy_hamiltonian      35    6.03s  3.41%   172ms   7.24GiB  8.10%   212MiB
   KerkerDosMixing         17    734ms  0.42%  43.2ms    141MiB  0.15%  8.32MiB
     KerkerMixing          17    479ms  0.27%  28.2ms    115MiB  0.13%  6.74MiB
   QR orthonormaliz...  2.86k   1.72ms  0.00%   604ns     0.00B  0.00%    0.00B
 ──────────────────────────────────────────────────────────────────────────────

Total time in ns: 177599550957
