Julia version: 1.6.0-DEV.1324

Threading configuration: 
       JULIA_NUM_THREADS:   4
      JULIA_FFTW_THREADS:   2
      JULIA_BLAS_THREADS:   1
Payload:  Fe_scfres_guess.jld2

System facts:
    fft_size:      (30, 30, 30)
    kpoints:       168
    n_electrons:   16
    n_bands:       23

Compiling code ...
Timing SCF ...

n     Free energy       Eₙ-Eₙ₋₁     ρout-ρin   Magnet   Diag
---   ---------------   ---------   --------   ------   ----
  1   -111.8090315840         NaN   5.13e+00    2.000    1.0 
  2   -116.7235499383   -4.91e+00   3.03e+00    2.000    6.0 
  3   -120.7864720686   -4.06e+00   1.12e+00    2.387    5.7 
  4   -121.8708775518   -1.08e+00   2.62e-01    2.625    5.4 
  5   -121.8962092992   -2.53e-02   3.11e-01    2.373    3.2 
  6   -121.9450856786   -4.89e-02   1.65e-01    2.143    2.8 
  7   -121.9131182397    3.20e-02   2.27e-01    2.150    2.5 
  8   -121.9485841544   -3.55e-02   4.08e-02    1.882    2.6 
  9   -121.9494018336   -8.18e-04   1.10e-02    1.908    2.0 
 10   -121.9494537938   -5.20e-05   5.92e-03    1.932    2.6 
 11   -121.9494571653   -3.37e-06   7.29e-04    1.933    2.4 
 12   -121.9494574295   -2.64e-07   2.98e-04    1.929    4.0 
 13   -121.9494574258    3.66e-09   6.56e-05    1.928    3.0 
 14   -121.9494574190    6.81e-09   1.65e-05    1.928    3.1 
 15   -121.9494574189    1.30e-10   2.74e-06    1.928    3.5 
 16   -121.9494574191   -1.78e-10   6.78e-07    1.928    3.8 
 17   -121.9494574191    1.42e-12   1.92e-07    1.928    3.1 
Energy breakdown:
    Kinetic             59.3814282
    AtomicLocal         -99.3605617
    AtomicNonlocal      -16.5408025
    Ewald               -85.8892161
    PspCorrection       3.5081636 
    Hartree             29.7313728
    Xc                  -12.7787483
    Entropy             -0.0010934

    total               -121.949457419089

 ──────────────────────────────────────────────────────────────────────────────
                                       Time                   Allocations      
                               ──────────────────────   ───────────────────────
       Tot / % measured:             179s / 98.6%           89.2GiB / 100%     

 Section               ncalls     time   %tot     avg     alloc   %tot      avg
 ──────────────────────────────────────────────────────────────────────────────
 self_consistent_field      1     176s   100%    176s   88.9GiB  100%   88.9GiB
   LOBPCG               2.86k     143s  81.2%  50.1ms   51.2GiB  57.5%  18.3MiB
     Hamiltonian mu...  12.4k    70.2s  39.9%  5.67ms   8.67GiB  9.75%   734KiB
     block multipli...  45.4k    21.9s  12.4%   483μs   8.41GiB  9.46%   195KiB
     ortho              40.4k    13.1s  7.45%   325μs   8.58GiB  9.65%   223KiB
     rayleigh_ritz      9.53k    12.2s  6.92%  1.28ms   1.37GiB  1.54%   151KiB
   compute_density         17    22.8s  12.9%   1.34s   29.8GiB  33.6%  1.76GiB
   energy_hamiltonian      35    6.43s  3.65%   184ms   7.24GiB  8.15%   212MiB
   KerkerDosMixing         17    862ms  0.49%  50.7ms    141MiB  0.16%  8.32MiB
     KerkerMixing          17    578ms  0.33%  34.0ms    115MiB  0.13%  6.74MiB
   QR orthonormaliz...  2.86k   1.90ms  0.00%   665ns     0.00B  0.00%    0.00B
 ──────────────────────────────────────────────────────────────────────────────

Total time in ns: 177219365723
