Julia version: 1.6.0-DEV.1324

Threading configuration: 
       JULIA_NUM_THREADS:   4
      JULIA_FFTW_THREADS:   1
      JULIA_BLAS_THREADS:   1
Payload:  Fe_scfres_guess.jld2

System facts:
    fft_size:      (30, 30, 30)
    kpoints:       168
    n_electrons:   16
    n_bands:       23

Compiling code ...
Timing SCF ...

n     Free energy       Eₙ-Eₙ₋₁     ρout-ρin   Magnet   Diag
---   ---------------   ---------   --------   ------   ----
  1   -111.8090452629         NaN   5.13e+00    2.000    1.0 
  2   -116.7235256591   -4.91e+00   3.03e+00    2.000    6.0 
  3   -120.7864818692   -4.06e+00   1.12e+00    2.387    5.7 
  4   -121.8708729907   -1.08e+00   2.62e-01    2.625    5.4 
  5   -121.8962162578   -2.53e-02   3.11e-01    2.373    3.2 
  6   -121.9450804518   -4.89e-02   1.66e-01    2.143    2.8 
  7   -121.9131011404    3.20e-02   2.27e-01    2.151    2.5 
  8   -121.9485847407   -3.55e-02   4.08e-02    1.882    2.5 
  9   -121.9494018635   -8.17e-04   1.10e-02    1.908    2.0 
 10   -121.9494537984   -5.19e-05   5.91e-03    1.932    2.6 
 11   -121.9494571644   -3.37e-06   7.29e-04    1.933    2.4 
 12   -121.9494574292   -2.65e-07   2.97e-04    1.929    4.1 
 13   -121.9494574259    3.27e-09   6.60e-05    1.928    3.0 
 14   -121.9494574191    6.87e-09   1.66e-05    1.928    3.0 
 15   -121.9494574189    1.46e-10   2.74e-06    1.928    3.5 
 16   -121.9494574191   -1.74e-10   6.81e-07    1.928    3.8 
 17   -121.9494574191   -1.56e-13   1.96e-07    1.928    3.2 
Energy breakdown:
    Kinetic             59.3814282
    AtomicLocal         -99.3605616
    AtomicNonlocal      -16.5408024
    Ewald               -85.8892161
    PspCorrection       3.5081636 
    Hartree             29.7313728
    Xc                  -12.7787483
    Entropy             -0.0010934

    total               -121.949457419090

 ──────────────────────────────────────────────────────────────────────────────
                                       Time                   Allocations      
                               ──────────────────────   ───────────────────────
       Tot / % measured:             180s / 98.6%           87.9GiB / 100%     

 Section               ncalls     time   %tot     avg     alloc   %tot      avg
 ──────────────────────────────────────────────────────────────────────────────
 self_consistent_field      1     177s   100%    177s   87.6GiB  100%   87.6GiB
   LOBPCG               2.86k     145s  82.0%  50.9ms   50.0GiB  57.1%  17.9MiB
     Hamiltonian mu...  12.4k    72.0s  40.6%  5.80ms   7.48GiB  8.55%   633KiB
     block multipli...  45.5k    21.1s  11.9%   463μs   8.43GiB  9.62%   194KiB
     ortho              40.5k    13.4s  7.58%   332μs   8.59GiB  9.81%   223KiB
     rayleigh_ritz      9.55k    12.2s  6.91%  1.28ms   1.37GiB  1.57%   151KiB
   compute_density         17    21.8s  12.3%   1.28s   29.7GiB  33.9%  1.74GiB
   energy_hamiltonian      35    6.09s  3.44%   174ms   7.24GiB  8.27%   212MiB
   KerkerDosMixing         17    845ms  0.48%  49.7ms    141MiB  0.16%  8.31MiB
     KerkerMixing          17    546ms  0.31%  32.1ms    114MiB  0.13%  6.74MiB
   QR orthonormaliz...  2.86k   1.72ms  0.00%   602ns     0.00B  0.00%    0.00B
 ──────────────────────────────────────────────────────────────────────────────

Total time in ns: 178293549456
