Julia version: 1.6.0-DEV.1324

Threading configuration: 
       JULIA_NUM_THREADS:   1
      JULIA_FFTW_THREADS:   1
      JULIA_BLAS_THREADS:   1
Payload:  Fe_scfres_guess.jld2

System facts:
    fft_size:      (30, 30, 30)
    kpoints:       42
    n_electrons:   16
    n_bands:       23

Compiling code ...
Timing SCF ...

n     Free energy       Eₙ-Eₙ₋₁     ρout-ρin   Magnet   Diag
---   ---------------   ---------   --------   ------   ----
  1   -111.8084467724         NaN   5.13e+00    2.000    1.0 
  2   -116.7236022289   -4.92e+00   3.03e+00    2.000    5.5 
  3   -120.7864519057   -4.06e+00   1.12e+00    2.387    5.6 
  4   -121.8709184397   -1.08e+00   2.61e-01    2.625    5.5 
  5   -121.8961430376   -2.52e-02   3.11e-01    2.373    3.2 
  6   -121.9451220083   -4.90e-02   1.65e-01    2.142    2.9 
  7   -121.9131555498    3.20e-02   2.27e-01    2.150    2.5 
  8   -121.9485800274   -3.54e-02   4.08e-02    1.882    2.5 
  9   -121.9494018813   -8.22e-04   1.10e-02    1.908    2.0 
 10   -121.9494537875   -5.19e-05   5.91e-03    1.932    2.3 
 11   -121.9494571633   -3.38e-06   7.29e-04    1.933    2.3 
 12   -121.9494574294   -2.66e-07   2.99e-04    1.929    3.7 
 13   -121.9494574260    3.41e-09   6.62e-05    1.928    2.9 
 14   -121.9494574191    6.97e-09   1.65e-05    1.928    3.0 
 15   -121.9494574189    1.55e-10   2.75e-06    1.928    3.3 
 16   -121.9494574191   -1.74e-10   6.69e-07    1.928    3.3 
 17   -121.9494574191   -7.25e-13   1.93e-07    1.928    3.1 
Energy breakdown:
    Kinetic             59.3814282
    AtomicLocal         -99.3605617
    AtomicNonlocal      -16.5408025
    Ewald               -85.8892161
    PspCorrection       3.5081636 
    Hartree             29.7313728
    Xc                  -12.7787483
    Entropy             -0.0010934

    total               -121.949457419090

 ──────────────────────────────────────────────────────────────────────────────
                                       Time                   Allocations      
                               ──────────────────────   ───────────────────────
       Tot / % measured:            88.3s / 97.1%           15.3GiB / 98.0%    

 Section               ncalls     time   %tot     avg     alloc   %tot      avg
 ──────────────────────────────────────────────────────────────────────────────
 self_consistent_field      1    85.7s   100%   85.7s   15.0GiB  100%   15.0GiB
   LOBPCG                 714    56.4s  65.8%  79.0ms   9.90GiB  65.9%  14.2MiB
     Hamiltonian mu...  3.01k    36.7s  42.9%  12.2ms   1.49GiB  9.94%   521KiB
       kinetic+local    3.01k    34.8s  40.6%  11.6ms    117MiB  0.76%  39.9KiB
       nonlocal         3.01k    1.45s  1.69%   483μs    787MiB  5.12%   268KiB
     block multipli...  10.8k    5.42s  6.33%   502μs   2.06GiB  13.7%   200KiB
     rayleigh_ritz      2.29k    3.10s  3.62%  1.35ms    346MiB  2.25%   155KiB
     ortho              9.68k    2.75s  3.20%   284μs    324MiB  2.11%  34.3KiB
   compute_density         17    20.1s  23.5%   1.19s    839MiB  5.46%  49.4MiB
   energy_hamiltonian      35    3.13s  3.65%  89.3ms   3.77GiB  25.1%   110MiB
     ene_ops               35    2.96s  3.45%  84.5ms   3.15GiB  21.0%  92.3MiB
       ene_ops: xc         35    1.81s  2.12%  51.8ms   2.57GiB  17.1%  75.3MiB
       ene_ops: kin...     35    405ms  0.47%  11.6ms    503MiB  3.27%  14.4MiB
       ene_ops: non...     35    378ms  0.44%  10.8ms   23.2MiB  0.15%   678KiB
       ene_ops: har...     35   26.2ms  0.03%   750μs   44.2MiB  0.29%  1.26MiB
       ene_ops: local      35   11.5ms  0.01%   330μs   18.8MiB  0.12%   551KiB
   KerkerDosMixing         17    787ms  0.92%  46.3ms    141MiB  0.92%  8.32MiB
     KerkerMixing          17    494ms  0.58%  29.1ms    114MiB  0.74%  6.73MiB
   QR orthonormaliz...    714    465μs  0.00%   652ns     0.00B  0.00%    0.00B
 ──────────────────────────────────────────────────────────────────────────────

Total time in ns: 86810802625
