Julia version: 1.6.0-DEV.1324

Threading configuration: 
       JULIA_NUM_THREADS:   4
      JULIA_FFTW_THREADS:   4
      JULIA_BLAS_THREADS:   1
Payload:  Fe_scfres_guess.jld2

System facts:
    fft_size:      (30, 30, 30)
    kpoints:       168
    n_electrons:   16
    n_bands:       23

Compiling code ...
Timing SCF ...

n     Free energy       Eₙ-Eₙ₋₁     ρout-ρin   Magnet   Diag
---   ---------------   ---------   --------   ------   ----
  1   -111.8090315840         NaN   5.13e+00    2.000    1.0 
  2   -116.7235487858   -4.91e+00   3.03e+00    2.000    6.0 
  3   -120.7864750461   -4.06e+00   1.12e+00    2.387    5.8 
  4   -121.8708787705   -1.08e+00   2.62e-01    2.625    5.4 
  5   -121.8962111477   -2.53e-02   3.11e-01    2.373    3.3 
  6   -121.9450772186   -4.89e-02   1.66e-01    2.143    2.8 
  7   -121.9131112015    3.20e-02   2.27e-01    2.150    2.5 
  8   -121.9485857938   -3.55e-02   4.08e-02    1.882    2.6 
  9   -121.9494018077   -8.16e-04   1.10e-02    1.908    2.0 
 10   -121.9494537850   -5.20e-05   5.91e-03    1.932    2.6 
 11   -121.9494571669   -3.38e-06   7.27e-04    1.933    2.4 
 12   -121.9494574302   -2.63e-07   2.98e-04    1.929    3.9 
 13   -121.9494574257    4.46e-09   6.54e-05    1.928    3.0 
 14   -121.9494574191    6.65e-09   1.66e-05    1.928    3.0 
 15   -121.9494574189    1.60e-10   2.73e-06    1.928    3.5 
 16   -121.9494574191   -1.89e-10   6.87e-07    1.928    3.7 
 17   -121.9494574191    3.61e-12   1.85e-07    1.928    3.2 
Energy breakdown:
    Kinetic             59.3814283
    AtomicLocal         -99.3605618
    AtomicNonlocal      -16.5408025
    Ewald               -85.8892161
    PspCorrection       3.5081636 
    Hartree             29.7313729
    Xc                  -12.7787483
    Entropy             -0.0010934

    total               -121.949457419088

 ──────────────────────────────────────────────────────────────────────────────
                                       Time                   Allocations      
                               ──────────────────────   ───────────────────────
       Tot / % measured:             182s / 98.6%           90.2GiB / 100%     

 Section               ncalls     time   %tot     avg     alloc   %tot      avg
 ──────────────────────────────────────────────────────────────────────────────
 self_consistent_field      1     179s   100%    179s   89.8GiB  100%   89.8GiB
   LOBPCG               2.86k     145s  81.0%  50.8ms   52.0GiB  57.8%  18.6MiB
     Hamiltonian mu...  12.4k    71.3s  39.8%  5.76ms   9.46GiB  10.5%   801KiB
     block multipli...  45.4k    22.0s  12.3%   485μs   8.42GiB  9.37%   194KiB
     ortho              40.4k    13.5s  7.51%   333μs   8.58GiB  9.55%   223KiB
     rayleigh_ritz      9.53k    12.3s  6.84%  1.29ms   1.37GiB  1.52%   151KiB
   compute_density         17    23.2s  12.9%   1.36s   30.0GiB  33.4%  1.76GiB
   energy_hamiltonian      35    6.98s  3.89%   199ms   7.25GiB  8.06%   212MiB
   KerkerDosMixing         17    783ms  0.44%  46.1ms    142MiB  0.15%  8.32MiB
     KerkerMixing          17    507ms  0.28%  29.8ms    115MiB  0.12%  6.75MiB
   QR orthonormaliz...  2.86k   1.85ms  0.00%   649ns     0.00B  0.00%    0.00B
 ──────────────────────────────────────────────────────────────────────────────

Total time in ns: 180403096146
