Julia version: 1.6.0-DEV.1324

Threading configuration: 
       JULIA_NUM_THREADS:   4
      JULIA_FFTW_THREADS:   3
      JULIA_BLAS_THREADS:   2
Payload:  Fe_scfres_guess.jld2

System facts:
    fft_size:      (30, 30, 30)
    kpoints:       168
    n_electrons:   16
    n_bands:       23

Compiling code ...
Timing SCF ...

n     Free energy       Eₙ-Eₙ₋₁     ρout-ρin   Magnet   Diag
---   ---------------   ---------   --------   ------   ----
  1   -111.8090315840         NaN   5.13e+00    2.000    1.0 
  2   -116.7235536231   -4.91e+00   3.03e+00    2.000    6.0 
  3   -120.7864722468   -4.06e+00   1.12e+00    2.387    5.7 
  4   -121.8708807928   -1.08e+00   2.62e-01    2.625    5.3 
  5   -121.8962055232   -2.53e-02   3.11e-01    2.373    3.3 
  6   -121.9450825929   -4.89e-02   1.66e-01    2.143    2.8 
  7   -121.9131123981    3.20e-02   2.27e-01    2.150    2.5 
  8   -121.9485854178   -3.55e-02   4.08e-02    1.882    2.6 
  9   -121.9494018974   -8.16e-04   1.10e-02    1.908    2.0 
 10   -121.9494537974   -5.19e-05   5.90e-03    1.932    2.6 
 11   -121.9494571632   -3.37e-06   7.28e-04    1.933    2.3 
 12   -121.9494574294   -2.66e-07   2.98e-04    1.929    4.0 
 13   -121.9494574259    3.49e-09   6.60e-05    1.928    3.1 
 14   -121.9494574191    6.81e-09   1.66e-05    1.928    3.0 
 15   -121.9494574189    1.65e-10   2.73e-06    1.928    3.5 
 16   -121.9494574191   -1.85e-10   6.93e-07    1.928    3.8 
 17   -121.9494574191    5.27e-12   1.82e-07    1.928    3.2 
Energy breakdown:
    Kinetic             59.3814283
    AtomicLocal         -99.3605618
    AtomicNonlocal      -16.5408025
    Ewald               -85.8892161
    PspCorrection       3.5081636 
    Hartree             29.7313729
    Xc                  -12.7787483
    Entropy             -0.0010934

    total               -121.949457419088

 ──────────────────────────────────────────────────────────────────────────────
                                       Time                   Allocations      
                               ──────────────────────   ───────────────────────
       Tot / % measured:             160s / 98.3%           89.7GiB / 100%     

 Section               ncalls     time   %tot     avg     alloc   %tot      avg
 ──────────────────────────────────────────────────────────────────────────────
 self_consistent_field      1     157s   100%    157s   89.3GiB  100%   89.3GiB
   LOBPCG               2.86k     123s  78.2%  43.0ms   51.5GiB  57.7%  18.5MiB
     Hamiltonian mu...  12.4k    59.5s  37.9%  4.81ms   9.05GiB  10.1%   767KiB
     block multipli...  45.4k    14.9s  9.50%   329μs   8.40GiB  9.41%   194KiB
     ortho              40.4k    12.1s  7.71%   300μs   8.57GiB  9.60%   222KiB
     rayleigh_ritz      9.52k    11.3s  7.17%  1.18ms   1.37GiB  1.53%   151KiB
   compute_density         17    23.6s  15.0%   1.39s   29.9GiB  33.5%  1.76GiB
   energy_hamiltonian      35    6.82s  4.34%   195ms   7.24GiB  8.11%   212MiB
   KerkerDosMixing         17    769ms  0.49%  45.2ms    141MiB  0.15%  8.32MiB
     KerkerMixing          17    506ms  0.32%  29.8ms    115MiB  0.13%  6.74MiB
   QR orthonormaliz...  2.86k   1.72ms  0.00%   603ns     0.00B  0.00%    0.00B
 ──────────────────────────────────────────────────────────────────────────────

Total time in ns: 158212476602
