Julia version: 1.6.0-DEV.1324

Threading configuration: 
       JULIA_NUM_THREADS:   4
      JULIA_FFTW_THREADS:   2
      JULIA_BLAS_THREADS:   2
Payload:  Fe_scfres_guess.jld2

System facts:
    fft_size:      (30, 30, 30)
    kpoints:       168
    n_electrons:   16
    n_bands:       23

Compiling code ...
Timing SCF ...

n     Free energy       Eₙ-Eₙ₋₁     ρout-ρin   Magnet   Diag
---   ---------------   ---------   --------   ------   ----
  1   -111.8090452629         NaN   5.13e+00    2.000    1.0 
  2   -116.7235292705   -4.91e+00   3.03e+00    2.000    6.0 
  3   -120.7864777651   -4.06e+00   1.12e+00    2.387    5.7 
  4   -121.8708780530   -1.08e+00   2.62e-01    2.625    5.4 
  5   -121.8962094585   -2.53e-02   3.11e-01    2.373    3.3 
  6   -121.9450834627   -4.89e-02   1.66e-01    2.143    2.8 
  7   -121.9131233842    3.20e-02   2.27e-01    2.150    2.5 
  8   -121.9485845754   -3.55e-02   4.08e-02    1.882    2.5 
  9   -121.9494017926   -8.17e-04   1.10e-02    1.908    2.0 
 10   -121.9494537900   -5.20e-05   5.92e-03    1.932    2.6 
 11   -121.9494571630   -3.37e-06   7.29e-04    1.933    2.3 
 12   -121.9494574294   -2.66e-07   2.99e-04    1.929    4.0 
 13   -121.9494574261    3.28e-09   6.61e-05    1.928    3.1 
 14   -121.9494574191    7.02e-09   1.64e-05    1.928    3.0 
 15   -121.9494574189    1.61e-10   2.74e-06    1.928    3.5 
 16   -121.9494574191   -1.72e-10   6.72e-07    1.928    3.7 
 17   -121.9494574191    1.24e-12   1.88e-07    1.928    3.2 
Energy breakdown:
    Kinetic             59.3814283
    AtomicLocal         -99.3605617
    AtomicNonlocal      -16.5408025
    Ewald               -85.8892161
    PspCorrection       3.5081636 
    Hartree             29.7313728
    Xc                  -12.7787483
    Entropy             -0.0010934

    total               -121.949457419090

 ──────────────────────────────────────────────────────────────────────────────
                                       Time                   Allocations      
                               ──────────────────────   ───────────────────────
       Tot / % measured:             158s / 98.4%           89.2GiB / 100%     

 Section               ncalls     time   %tot     avg     alloc   %tot      avg
 ──────────────────────────────────────────────────────────────────────────────
 self_consistent_field      1     155s   100%    155s   88.9GiB  100%   88.9GiB
   LOBPCG               2.86k     121s  78.3%  42.5ms   51.2GiB  57.6%  18.4MiB
     Hamiltonian mu...  12.4k    58.0s  37.4%  4.68ms   8.67GiB  9.75%   734KiB
     block multipli...  45.4k    14.7s  9.49%   324μs   8.42GiB  9.47%   194KiB
     ortho              40.4k    12.1s  7.78%   298μs   8.58GiB  9.65%   223KiB
     rayleigh_ritz      9.54k    11.3s  7.32%  1.19ms   1.37GiB  1.54%   151KiB
   compute_density         17    23.6s  15.2%   1.39s   29.8GiB  33.6%  1.76GiB
   energy_hamiltonian      35    5.87s  3.79%   168ms   7.24GiB  8.14%   212MiB
   KerkerDosMixing         17    839ms  0.54%  49.3ms    141MiB  0.16%  8.32MiB
     KerkerMixing          17    561ms  0.36%  33.0ms    115MiB  0.13%  6.74MiB
   QR orthonormaliz...  2.86k   1.69ms  0.00%   592ns     0.00B  0.00%    0.00B
 ──────────────────────────────────────────────────────────────────────────────

Total time in ns: 156059611092
