Julia version: 1.6.0-DEV.1324

Threading configuration: 
       JULIA_NUM_THREADS:   4
      JULIA_FFTW_THREADS:   1
      JULIA_BLAS_THREADS:   2
Payload:  Fe_scfres_guess.jld2

System facts:
    fft_size:      (30, 30, 30)
    kpoints:       168
    n_electrons:   16
    n_bands:       23

Compiling code ...
Timing SCF ...

n     Free energy       Eₙ-Eₙ₋₁     ρout-ρin   Magnet   Diag
---   ---------------   ---------   --------   ------   ----
  1   -111.8090315840         NaN   5.13e+00    2.000    1.0 
  2   -116.7235349902   -4.91e+00   3.03e+00    2.000    6.0 
  3   -120.7864678244   -4.06e+00   1.12e+00    2.387    5.7 
  4   -121.8708800485   -1.08e+00   2.62e-01    2.625    5.4 
  5   -121.8962000814   -2.53e-02   3.11e-01    2.373    3.2 
  6   -121.9450870334   -4.89e-02   1.65e-01    2.143    2.8 
  7   -121.9131264678    3.20e-02   2.27e-01    2.150    2.5 
  8   -121.9485841290   -3.55e-02   4.08e-02    1.882    2.6 
  9   -121.9494017666   -8.18e-04   1.10e-02    1.908    2.0 
 10   -121.9494537933   -5.20e-05   5.92e-03    1.932    2.6 
 11   -121.9494571638   -3.37e-06   7.30e-04    1.933    2.3 
 12   -121.9494574294   -2.66e-07   2.99e-04    1.929    4.0 
 13   -121.9494574261    3.36e-09   6.61e-05    1.928    3.1 
 14   -121.9494574191    6.98e-09   1.66e-05    1.928    3.0 
 15   -121.9494574189    1.60e-10   2.76e-06    1.928    3.6 
 16   -121.9494574191   -1.76e-10   6.65e-07    1.928    3.6 
 17   -121.9494574191   -2.56e-13   2.00e-07    1.928    3.2 
Energy breakdown:
    Kinetic             59.3814282
    AtomicLocal         -99.3605617
    AtomicNonlocal      -16.5408025
    Ewald               -85.8892161
    PspCorrection       3.5081636 
    Hartree             29.7313728
    Xc                  -12.7787483
    Entropy             -0.0010934

    total               -121.949457419091

 ──────────────────────────────────────────────────────────────────────────────
                                       Time                   Allocations      
                               ──────────────────────   ───────────────────────
       Tot / % measured:             150s / 98.3%           87.9GiB / 100%     

 Section               ncalls     time   %tot     avg     alloc   %tot      avg
 ──────────────────────────────────────────────────────────────────────────────
 self_consistent_field      1     147s   100%    147s   87.6GiB  100%   87.6GiB
   LOBPCG               2.86k     115s  78.0%  40.3ms   50.0GiB  57.1%  17.9MiB
     Hamiltonian mu...  12.4k    51.0s  34.6%  4.11ms   7.48GiB  8.55%   632KiB
     block multipli...  45.6k    14.9s  10.1%   327μs   8.43GiB  9.63%   194KiB
     ortho              40.5k    12.8s  8.70%   316μs   8.59GiB  9.81%   222KiB
     rayleigh_ritz      9.56k    11.2s  7.61%  1.17ms   1.37GiB  1.57%   150KiB
   compute_density         17    22.7s  15.4%   1.33s   29.7GiB  33.9%  1.74GiB
   energy_hamiltonian      35    5.86s  3.97%   167ms   7.24GiB  8.27%   212MiB
   KerkerDosMixing         17    801ms  0.54%  47.1ms    141MiB  0.16%  8.31MiB
     KerkerMixing          17    525ms  0.36%  30.9ms    114MiB  0.13%  6.74MiB
   QR orthonormaliz...  2.86k   1.80ms  0.00%   632ns     0.00B  0.00%    0.00B
 ──────────────────────────────────────────────────────────────────────────────

Total time in ns: 148555801118
