Julia version: 1.6.0-DEV.1324

Threading configuration: 
       JULIA_NUM_THREADS:   4
      JULIA_FFTW_THREADS:   4
      JULIA_BLAS_THREADS:   2
Payload:  Fe_scfres_guess.jld2

System facts:
    fft_size:      (30, 30, 30)
    kpoints:       168
    n_electrons:   16
    n_bands:       23

Compiling code ...
Timing SCF ...

n     Free energy       Eₙ-Eₙ₋₁     ρout-ρin   Magnet   Diag
---   ---------------   ---------   --------   ------   ----
  1   -111.8090315840         NaN   5.13e+00    2.000    1.0 
  2   -116.7235505803   -4.91e+00   3.03e+00    2.000    6.1 
  3   -120.7864792833   -4.06e+00   1.12e+00    2.387    5.8 
  4   -121.8708749338   -1.08e+00   2.62e-01    2.625    5.4 
  5   -121.8962134922   -2.53e-02   3.11e-01    2.373    3.3 
  6   -121.9450846407   -4.89e-02   1.66e-01    2.143    2.8 
  7   -121.9131103166    3.20e-02   2.27e-01    2.150    2.5 
  8   -121.9485848755   -3.55e-02   4.08e-02    1.882    2.6 
  9   -121.9494018498   -8.17e-04   1.10e-02    1.908    2.0 
 10   -121.9494538010   -5.20e-05   5.91e-03    1.932    2.6 
 11   -121.9494571658   -3.36e-06   7.28e-04    1.933    2.3 
 12   -121.9494574297   -2.64e-07   2.98e-04    1.929    4.0 
 13   -121.9494574259    3.81e-09   6.54e-05    1.928    3.0 
 14   -121.9494574190    6.80e-09   1.66e-05    1.928    3.0 
 15   -121.9494574189    1.46e-10   2.73e-06    1.928    3.6 
 16   -121.9494574191   -1.90e-10   6.91e-07    1.928    3.7 
 17   -121.9494574191    4.05e-12   1.81e-07    1.928    3.1 
Energy breakdown:
    Kinetic             59.3814283
    AtomicLocal         -99.3605618
    AtomicNonlocal      -16.5408025
    Ewald               -85.8892161
    PspCorrection       3.5081636 
    Hartree             29.7313729
    Xc                  -12.7787483
    Entropy             -0.0010934

    total               -121.949457419088

 ──────────────────────────────────────────────────────────────────────────────
                                       Time                   Allocations      
                               ──────────────────────   ───────────────────────
       Tot / % measured:             161s / 98.4%           90.2GiB / 100%     

 Section               ncalls     time   %tot     avg     alloc   %tot      avg
 ──────────────────────────────────────────────────────────────────────────────
 self_consistent_field      1     159s   100%    159s   89.9GiB  100%   89.9GiB
   LOBPCG               2.86k     125s  78.8%  43.8ms   52.0GiB  57.8%  18.6MiB
     Hamiltonian mu...  12.4k    60.9s  38.4%  4.92ms   9.46GiB  10.5%   801KiB
     block multipli...  45.4k    14.7s  9.26%   324μs   8.42GiB  9.37%   195KiB
     ortho              40.4k    12.2s  7.68%   301μs   8.59GiB  9.56%   223KiB
     rayleigh_ritz      9.53k    11.3s  7.12%  1.19ms   1.37GiB  1.52%   151KiB
   compute_density         17    23.6s  14.9%   1.39s   30.0GiB  33.4%  1.76GiB
   energy_hamiltonian      35    6.05s  3.81%   173ms   7.25GiB  8.06%   212MiB
   KerkerDosMixing         17    874ms  0.55%  51.4ms    142MiB  0.15%  8.32MiB
     KerkerMixing          17    587ms  0.37%  34.5ms    115MiB  0.12%  6.75MiB
   QR orthonormaliz...  2.86k   1.60ms  0.00%   562ns     0.00B  0.00%    0.00B
 ──────────────────────────────────────────────────────────────────────────────

Total time in ns: 159728946144
