Julia version: 1.6.0-DEV.1324

Threading configuration: 
       JULIA_NUM_THREADS:   4
      JULIA_FFTW_THREADS:   1
      JULIA_BLAS_THREADS:   3
Payload:  Fe_scfres_guess.jld2

System facts:
    fft_size:      (30, 30, 30)
    kpoints:       168
    n_electrons:   16
    n_bands:       23

Compiling code ...
Timing SCF ...

n     Free energy       Eₙ-Eₙ₋₁     ρout-ρin   Magnet   Diag
---   ---------------   ---------   --------   ------   ----
  1   -111.8090315840         NaN   5.13e+00    2.000    1.0 
  2   -116.7235438292   -4.91e+00   3.03e+00    2.000    6.0 
  3   -120.7864785393   -4.06e+00   1.12e+00    2.387    5.7 
  4   -121.8708775009   -1.08e+00   2.62e-01    2.625    5.4 
  5   -121.8962110305   -2.53e-02   3.11e-01    2.373    3.2 
  6   -121.9450912890   -4.89e-02   1.65e-01    2.143    2.8 
  7   -121.9131773865    3.19e-02   2.27e-01    2.150    2.5 
  8   -121.9485860380   -3.54e-02   4.08e-02    1.882    2.6 
  9   -121.9494018494   -8.16e-04   1.10e-02    1.908    2.0 
 10   -121.9494538050   -5.20e-05   5.91e-03    1.932    2.6 
 11   -121.9494571618   -3.36e-06   7.30e-04    1.933    2.4 
 12   -121.9494574287   -2.67e-07   2.98e-04    1.929    4.0 
 13   -121.9494574262    2.53e-09   6.66e-05    1.928    3.1 
 14   -121.9494574190    7.18e-09   1.64e-05    1.928    3.1 
 15   -121.9494574189    1.11e-10   2.75e-06    1.928    3.4 
 16   -121.9494574191   -1.62e-10   6.59e-07    1.928    3.8 
 17   -121.9494574191   -4.87e-12   2.07e-07    1.928    3.2 
Energy breakdown:
    Kinetic             59.3814281
    AtomicLocal         -99.3605615
    AtomicNonlocal      -16.5408024
    Ewald               -85.8892161
    PspCorrection       3.5081636 
    Hartree             29.7313727
    Xc                  -12.7787483
    Entropy             -0.0010934

    total               -121.949457419093

 ──────────────────────────────────────────────────────────────────────────────
                                       Time                   Allocations      
                               ──────────────────────   ───────────────────────
       Tot / % measured:             142s / 98.2%           87.8GiB / 100%     

 Section               ncalls     time   %tot     avg     alloc   %tot      avg
 ──────────────────────────────────────────────────────────────────────────────
 self_consistent_field      1     139s   100%    139s   87.5GiB  100%   87.5GiB
   LOBPCG               2.86k     107s  77.0%  37.5ms   50.0GiB  57.1%  17.9MiB
     Hamiltonian mu...  12.4k    52.6s  37.8%  4.24ms   7.48GiB  8.54%   633KiB
     ortho              40.4k    12.2s  8.80%   303μs   8.58GiB  9.80%   223KiB
     block multipli...  45.4k    11.1s  7.96%   244μs   8.41GiB  9.61%   194KiB
     rayleigh_ritz      9.54k    8.66s  6.23%   908μs   1.37GiB  1.56%   150KiB
   compute_density         17    22.5s  16.1%   1.32s   29.7GiB  33.9%  1.74GiB
   energy_hamiltonian      35    5.33s  3.83%   152ms   7.24GiB  8.27%   212MiB
   KerkerDosMixing         17    927ms  0.67%  54.5ms    141MiB  0.16%  8.31MiB
     KerkerMixing          17    637ms  0.46%  37.5ms    114MiB  0.13%  6.74MiB
   QR orthonormaliz...  2.86k   1.74ms  0.00%   608ns     0.00B  0.00%    0.00B
 ──────────────────────────────────────────────────────────────────────────────

Total time in ns: 140248894822
