Julia version: 1.6.0-DEV.1324

Threading configuration: 
       JULIA_NUM_THREADS:   4
      JULIA_FFTW_THREADS:   2
      JULIA_BLAS_THREADS:   3
Payload:  Fe_scfres_guess.jld2

System facts:
    fft_size:      (30, 30, 30)
    kpoints:       168
    n_electrons:   16
    n_bands:       23

Compiling code ...
Timing SCF ...

n     Free energy       Eₙ-Eₙ₋₁     ρout-ρin   Magnet   Diag
---   ---------------   ---------   --------   ------   ----
  1   -111.8090315840         NaN   5.13e+00    2.000    1.0 
  2   -116.7235478262   -4.91e+00   3.03e+00    2.000    6.0 
  3   -120.7864758870   -4.06e+00   1.12e+00    2.387    5.8 
  4   -121.8708778541   -1.08e+00   2.62e-01    2.625    5.4 
  5   -121.8962088894   -2.53e-02   3.11e-01    2.373    3.2 
  6   -121.9450841783   -4.89e-02   1.66e-01    2.143    2.8 
  7   -121.9131166479    3.20e-02   2.27e-01    2.150    2.5 
  8   -121.9485856487   -3.55e-02   4.08e-02    1.882    2.6 
  9   -121.9494018435   -8.16e-04   1.10e-02    1.908    2.0 
 10   -121.9494537809   -5.19e-05   5.92e-03    1.932    2.6 
 11   -121.9494571634   -3.38e-06   7.29e-04    1.933    2.4 
 12   -121.9494574301   -2.67e-07   2.98e-04    1.929    4.0 
 13   -121.9494574258    4.26e-09   6.56e-05    1.928    3.0 
 14   -121.9494574191    6.77e-09   1.66e-05    1.928    3.1 
 15   -121.9494574189    1.55e-10   2.72e-06    1.928    3.5 
 16   -121.9494574191   -1.88e-10   6.86e-07    1.928    3.7 
 17   -121.9494574191    3.30e-12   1.86e-07    1.928    3.1 
Energy breakdown:
    Kinetic             59.3814283
    AtomicLocal         -99.3605618
    AtomicNonlocal      -16.5408025
    Ewald               -85.8892161
    PspCorrection       3.5081636 
    Hartree             29.7313728
    Xc                  -12.7787483
    Entropy             -0.0010934

    total               -121.949457419088

 ──────────────────────────────────────────────────────────────────────────────
                                       Time                   Allocations      
                               ──────────────────────   ───────────────────────
       Tot / % measured:             141s / 98.2%           89.2GiB / 100%     

 Section               ncalls     time   %tot     avg     alloc   %tot      avg
 ──────────────────────────────────────────────────────────────────────────────
 self_consistent_field      1     138s   100%    138s   88.9GiB  100%   88.9GiB
   LOBPCG               2.86k     106s  76.8%  37.2ms   51.2GiB  57.5%  18.3MiB
     Hamiltonian mu...  12.4k    55.5s  40.1%  4.48ms   8.67GiB  9.75%   734KiB
     ortho              40.4k    11.3s  8.17%   280μs   8.58GiB  9.65%   223KiB
     block multipli...  45.3k    10.4s  7.50%   229μs   8.42GiB  9.47%   195KiB
     rayleigh_ritz      9.52k    8.46s  6.11%   888μs   1.37GiB  1.54%   151KiB
   compute_density         17    23.3s  16.9%   1.37s   29.8GiB  33.6%  1.76GiB
   energy_hamiltonian      35    4.98s  3.60%   142ms   7.24GiB  8.15%   212MiB
   KerkerDosMixing         17    772ms  0.56%  45.4ms    141MiB  0.16%  8.32MiB
     KerkerMixing          17    511ms  0.37%  30.1ms    115MiB  0.13%  6.74MiB
   QR orthonormaliz...  2.86k   1.48ms  0.00%   519ns     0.00B  0.00%    0.00B
 ──────────────────────────────────────────────────────────────────────────────

Total time in ns: 139397216311
