Julia version: 1.6.0-DEV.1324

Threading configuration: 
       JULIA_NUM_THREADS:   4
      JULIA_FFTW_THREADS:   4
      JULIA_BLAS_THREADS:   3
Payload:  Fe_scfres_guess.jld2

System facts:
    fft_size:      (30, 30, 30)
    kpoints:       168
    n_electrons:   16
    n_bands:       23

Compiling code ...
Timing SCF ...

n     Free energy       Eₙ-Eₙ₋₁     ρout-ρin   Magnet   Diag
---   ---------------   ---------   --------   ------   ----
  1   -111.8090315840         NaN   5.13e+00    2.000    1.0 
  2   -116.7235350066   -4.91e+00   3.03e+00    2.000    6.0 
  3   -120.7864732886   -4.06e+00   1.12e+00    2.387    5.7 
  4   -121.8708769433   -1.08e+00   2.62e-01    2.625    5.4 
  5   -121.8962072991   -2.53e-02   3.11e-01    2.373    3.3 
  6   -121.9450857331   -4.89e-02   1.66e-01    2.143    2.8 
  7   -121.9131200025    3.20e-02   2.27e-01    2.150    2.5 
  8   -121.9485840805   -3.55e-02   4.08e-02    1.882    2.5 
  9   -121.9494018354   -8.18e-04   1.10e-02    1.908    2.0 
 10   -121.9494537716   -5.19e-05   5.91e-03    1.932    2.6 
 11   -121.9494571649   -3.39e-06   7.29e-04    1.933    2.3 
 12   -121.9494574298   -2.65e-07   2.98e-04    1.929    4.0 
 13   -121.9494574261    3.72e-09   6.57e-05    1.928    3.0 
 14   -121.9494574191    7.00e-09   1.64e-05    1.928    3.1 
 15   -121.9494574189    1.47e-10   2.74e-06    1.928    3.6 
 16   -121.9494574191   -1.80e-10   6.73e-07    1.928    3.8 
 17   -121.9494574191   -2.70e-13   1.95e-07    1.928    3.1 
Energy breakdown:
    Kinetic             59.3814282
    AtomicLocal         -99.3605617
    AtomicNonlocal      -16.5408025
    Ewald               -85.8892161
    PspCorrection       3.5081636 
    Hartree             29.7313728
    Xc                  -12.7787483
    Entropy             -0.0010934

    total               -121.949457419090

 ──────────────────────────────────────────────────────────────────────────────
                                       Time                   Allocations      
                               ──────────────────────   ───────────────────────
       Tot / % measured:             147s / 98.2%           90.2GiB / 100%     

 Section               ncalls     time   %tot     avg     alloc   %tot      avg
 ──────────────────────────────────────────────────────────────────────────────
 self_consistent_field      1     144s   100%    144s   89.9GiB  100%   89.9GiB
   LOBPCG               2.86k     112s  77.5%  39.1ms   52.0GiB  57.8%  18.6MiB
     Hamiltonian mu...  12.4k    59.2s  41.1%  4.78ms   9.46GiB  10.5%   800KiB
     ortho              40.5k    11.5s  8.00%   285μs   8.59GiB  9.56%   223KiB
     block multipli...  45.5k    10.4s  7.18%   228μs   8.43GiB  9.38%   194KiB
     rayleigh_ritz      9.54k    8.65s  5.99%   906μs   1.37GiB  1.52%   151KiB
   compute_density         17    23.1s  16.0%   1.36s   30.0GiB  33.4%  1.76GiB
   energy_hamiltonian      35    5.49s  3.80%   157ms   7.25GiB  8.06%   212MiB
   KerkerDosMixing         17    766ms  0.53%  45.1ms    142MiB  0.15%  8.32MiB
     KerkerMixing          17    501ms  0.35%  29.5ms    115MiB  0.12%  6.75MiB
   QR orthonormaliz...  2.86k   1.62ms  0.00%   566ns     0.00B  0.00%    0.00B
 ──────────────────────────────────────────────────────────────────────────────

Total time in ns: 145291934187
