Julia version: 1.6.0-DEV.1324

Threading configuration: 
       JULIA_NUM_THREADS:   4
      JULIA_FFTW_THREADS:   3
      JULIA_BLAS_THREADS:   3
Payload:  Fe_scfres_guess.jld2

System facts:
    fft_size:      (30, 30, 30)
    kpoints:       168
    n_electrons:   16
    n_bands:       23

Compiling code ...
Timing SCF ...

n     Free energy       Eₙ-Eₙ₋₁     ρout-ρin   Magnet   Diag
---   ---------------   ---------   --------   ------   ----
  1   -111.8090315840         NaN   5.13e+00    2.000    1.0 
  2   -116.7235546756   -4.91e+00   3.03e+00    2.000    6.0 
  3   -120.7864697487   -4.06e+00   1.12e+00    2.387    5.8 
  4   -121.8708797999   -1.08e+00   2.62e-01    2.625    5.4 
  5   -121.8962071684   -2.53e-02   3.11e-01    2.373    3.3 
  6   -121.9450898789   -4.89e-02   1.65e-01    2.143    2.8 
  7   -121.9131675551    3.19e-02   2.27e-01    2.150    2.5 
  8   -121.9485856375   -3.54e-02   4.08e-02    1.882    2.5 
  9   -121.9494018345   -8.16e-04   1.10e-02    1.908    2.0 
 10   -121.9494538080   -5.20e-05   5.91e-03    1.932    2.6 
 11   -121.9494571631   -3.36e-06   7.29e-04    1.933    2.3 
 12   -121.9494574292   -2.66e-07   2.99e-04    1.929    4.1 
 13   -121.9494574260    3.18e-09   6.60e-05    1.928    3.1 
 14   -121.9494574191    6.94e-09   1.65e-05    1.928    3.1 
 15   -121.9494574189    1.67e-10   2.74e-06    1.928    3.5 
 16   -121.9494574191   -1.83e-10   6.74e-07    1.928    3.8 
 17   -121.9494574191    2.43e-12   1.87e-07    1.928    3.2 
Energy breakdown:
    Kinetic             59.3814283
    AtomicLocal         -99.3605617
    AtomicNonlocal      -16.5408025
    Ewald               -85.8892161
    PspCorrection       3.5081636 
    Hartree             29.7313728
    Xc                  -12.7787483
    Entropy             -0.0010934

    total               -121.949457419089

 ──────────────────────────────────────────────────────────────────────────────
                                       Time                   Allocations      
                               ──────────────────────   ───────────────────────
       Tot / % measured:             145s / 98.3%           89.7GiB / 100%     

 Section               ncalls     time   %tot     avg     alloc   %tot      avg
 ──────────────────────────────────────────────────────────────────────────────
 self_consistent_field      1     142s   100%    142s   89.4GiB  100%   89.4GiB
   LOBPCG               2.86k     111s  77.7%  38.7ms   51.6GiB  57.7%  18.5MiB
     Hamiltonian mu...  12.4k    58.0s  40.8%  4.67ms   9.07GiB  10.1%   766KiB
     ortho              40.5k    11.8s  8.26%   290μs   8.58GiB  9.60%   222KiB
     block multipli...  45.6k    10.5s  7.39%   231μs   8.42GiB  9.42%   194KiB
     rayleigh_ritz      9.56k    8.66s  6.09%   906μs   1.37GiB  1.53%   150KiB
   compute_density         17    22.9s  16.1%   1.35s   29.9GiB  33.5%  1.76GiB
   energy_hamiltonian      35    5.09s  3.58%   146ms   7.24GiB  8.10%   212MiB
   KerkerDosMixing         17    768ms  0.54%  45.2ms    141MiB  0.15%  8.32MiB
     KerkerMixing          17    479ms  0.34%  28.2ms    115MiB  0.13%  6.74MiB
   QR orthonormaliz...  2.86k   1.64ms  0.00%   573ns     0.00B  0.00%    0.00B
 ──────────────────────────────────────────────────────────────────────────────

Total time in ns: 143333250001
