Julia version: 1.6.0-DEV.1324

Threading configuration: 
       JULIA_NUM_THREADS:   4
      JULIA_FFTW_THREADS:   4
      JULIA_BLAS_THREADS:   4
Payload:  Fe_scfres_guess.jld2

System facts:
    fft_size:      (30, 30, 30)
    kpoints:       168
    n_electrons:   16
    n_bands:       23

Compiling code ...
Timing SCF ...

n     Free energy       Eₙ-Eₙ₋₁     ρout-ρin   Magnet   Diag
---   ---------------   ---------   --------   ------   ----
  1   -111.8090315840         NaN   5.13e+00    2.000    1.0 
  2   -116.7235446068   -4.91e+00   3.03e+00    2.000    6.0 
  3   -120.7864806276   -4.06e+00   1.12e+00    2.387    5.7 
  4   -121.8708747669   -1.08e+00   2.62e-01    2.625    5.4 
  5   -121.8962113216   -2.53e-02   3.11e-01    2.373    3.2 
  6   -121.9450872110   -4.89e-02   1.65e-01    2.143    2.8 
  7   -121.9131559348    3.19e-02   2.27e-01    2.150    2.5 
  8   -121.9485853823   -3.54e-02   4.08e-02    1.882    2.6 
  9   -121.9494018987   -8.17e-04   1.10e-02    1.908    2.0 
 10   -121.9494537758   -5.19e-05   5.91e-03    1.932    2.6 
 11   -121.9494571645   -3.39e-06   7.28e-04    1.933    2.4 
 12   -121.9494574300   -2.66e-07   2.98e-04    1.929    3.9 
 13   -121.9494574259    4.15e-09   6.56e-05    1.928    3.0 
 14   -121.9494574191    6.80e-09   1.65e-05    1.928    3.0 
 15   -121.9494574189    1.80e-10   2.72e-06    1.928    3.6 
 16   -121.9494574191   -1.92e-10   6.91e-07    1.928    3.7 
 17   -121.9494574191    3.37e-12   1.83e-07    1.928    3.2 
Energy breakdown:
    Kinetic             59.3814283
    AtomicLocal         -99.3605618
    AtomicNonlocal      -16.5408025
    Ewald               -85.8892161
    PspCorrection       3.5081636 
    Hartree             29.7313728
    Xc                  -12.7787483
    Entropy             -0.0010934

    total               -121.949457419088

 ──────────────────────────────────────────────────────────────────────────────
                                       Time                   Allocations      
                               ──────────────────────   ───────────────────────
       Tot / % measured:             152s / 98.3%           90.1GiB / 100%     

 Section               ncalls     time   %tot     avg     alloc   %tot      avg
 ──────────────────────────────────────────────────────────────────────────────
 self_consistent_field      1     150s   100%    150s   89.8GiB  100%   89.8GiB
   LOBPCG               2.86k     116s  77.2%  40.5ms   51.9GiB  57.8%  18.6MiB
     Hamiltonian mu...  12.4k    60.4s  40.3%  4.88ms   9.45GiB  10.5%   801KiB
     ortho              40.3k    11.5s  7.68%   286μs   8.57GiB  9.55%   223KiB
     rayleigh_ritz      9.51k    10.4s  6.96%  1.10ms   1.37GiB  1.52%   151KiB
     block multipli...  45.2k    9.43s  6.29%   208μs   8.40GiB  9.36%   195KiB
   compute_density         17    24.2s  16.1%   1.42s   30.0GiB  33.4%  1.76GiB
   energy_hamiltonian      35    6.14s  4.10%   175ms   7.25GiB  8.07%   212MiB
   KerkerDosMixing         17    807ms  0.54%  47.4ms    142MiB  0.15%  8.32MiB
     KerkerMixing          17    528ms  0.35%  31.1ms    115MiB  0.12%  6.75MiB
   QR orthonormaliz...  2.86k   1.67ms  0.00%   586ns     0.00B  0.00%    0.00B
 ──────────────────────────────────────────────────────────────────────────────

Total time in ns: 150942566617
