Julia version: 1.6.0-DEV.1324

Threading configuration: 
       JULIA_NUM_THREADS:   4
      JULIA_FFTW_THREADS:   4
      JULIA_BLAS_THREADS:   3
Payload:  Fe_scfres_guess.jld2

System facts:
    fft_size:      (30, 30, 30)
    kpoints:       168
    n_electrons:   16
    n_bands:       23

Compiling code ...
Timing SCF ...

n     Free energy       Eₙ-Eₙ₋₁     ρout-ρin   Magnet   Diag
---   ---------------   ---------   --------   ------   ----
  1   -111.8090452629         NaN   5.13e+00    2.000    1.0 
  2   -116.7235200445   -4.91e+00   3.03e+00    2.000    6.0 
  3   -120.7864853221   -4.06e+00   1.12e+00    2.387    5.7 
  4   -121.8708737483   -1.08e+00   2.62e-01    2.625    5.4 
  5   -121.8962168733   -2.53e-02   3.11e-01    2.373    3.3 
  6   -121.9450870554   -4.89e-02   1.65e-01    2.143    2.8 
  7   -121.9131766600    3.19e-02   2.27e-01    2.150    2.5 
  8   -121.9485873028   -3.54e-02   4.07e-02    1.882    2.6 
  9   -121.9494018162   -8.15e-04   1.10e-02    1.908    2.0 
 10   -121.9494537877   -5.20e-05   5.91e-03    1.932    2.6 
 11   -121.9494571630   -3.38e-06   7.28e-04    1.933    2.3 
 12   -121.9494574300   -2.67e-07   2.98e-04    1.929    4.0 
 13   -121.9494574259    4.06e-09   6.60e-05    1.928    3.0 
 14   -121.9494574191    6.85e-09   1.67e-05    1.928    3.0 
 15   -121.9494574189    1.65e-10   2.74e-06    1.928    3.5 
 16   -121.9494574191   -1.84e-10   6.88e-07    1.928    3.7 
 17   -121.9494574191    3.55e-13   1.96e-07    1.928    3.2 
Energy breakdown:
    Kinetic             59.3814282
    AtomicLocal         -99.3605617
    AtomicNonlocal      -16.5408025
    Ewald               -85.8892161
    PspCorrection       3.5081636 
    Hartree             29.7313728
    Xc                  -12.7787483
    Entropy             -0.0010934

    total               -121.949457419089

 ──────────────────────────────────────────────────────────────────────────────
                                       Time                   Allocations      
                               ──────────────────────   ───────────────────────
       Tot / % measured:             148s / 98.3%           90.1GiB / 100%     

 Section               ncalls     time   %tot     avg     alloc   %tot      avg
 ──────────────────────────────────────────────────────────────────────────────
 self_consistent_field      1     146s   100%    146s   89.8GiB  100%   89.8GiB
   LOBPCG               2.86k     113s  77.2%  39.4ms   51.9GiB  57.8%  18.6MiB
     Hamiltonian mu...  12.4k    60.4s  41.4%  4.88ms   9.45GiB  10.5%   801KiB
     ortho              40.4k    11.3s  7.74%   279μs   8.57GiB  9.55%   223KiB
     block multipli...  45.4k    10.4s  7.11%   229μs   8.41GiB  9.36%   194KiB
     rayleigh_ritz      9.52k    8.65s  5.94%   909μs   1.37GiB  1.52%   151KiB
   compute_density         17    23.4s  16.0%   1.37s   30.0GiB  33.4%  1.76GiB
   energy_hamiltonian      35    5.96s  4.09%   170ms   7.25GiB  8.07%   212MiB
   KerkerDosMixing         17    830ms  0.57%  48.8ms    142MiB  0.15%  8.32MiB
     KerkerMixing          17    564ms  0.39%  33.2ms    115MiB  0.12%  6.75MiB
   QR orthonormaliz...  2.86k   1.64ms  0.00%   573ns     0.00B  0.00%    0.00B
 ──────────────────────────────────────────────────────────────────────────────

Total time in ns: 146834046858
