Julia version: 1.6.0-DEV.1324

Threading configuration: 
       JULIA_NUM_THREADS:   4
      JULIA_FFTW_THREADS:   1
      JULIA_BLAS_THREADS:   4
Payload:  Fe_scfres_guess.jld2

System facts:
    fft_size:      (30, 30, 30)
    kpoints:       168
    n_electrons:   16
    n_bands:       23

Compiling code ...
Timing SCF ...

n     Free energy       Eₙ-Eₙ₋₁     ρout-ρin   Magnet   Diag
---   ---------------   ---------   --------   ------   ----
  1   -111.8090315840         NaN   5.13e+00    2.000    1.0 
  2   -116.7235579301   -4.91e+00   3.03e+00    2.000    6.0 
  3   -120.7864743791   -4.06e+00   1.12e+00    2.387    5.8 
  4   -121.8708777895   -1.08e+00   2.62e-01    2.625    5.4 
  5   -121.8962095167   -2.53e-02   3.11e-01    2.373    3.2 
  6   -121.9450877479   -4.89e-02   1.65e-01    2.143    2.8 
  7   -121.9131081023    3.20e-02   2.27e-01    2.151    2.5 
  8   -121.9485836906   -3.55e-02   4.08e-02    1.882    2.6 
  9   -121.9494018629   -8.18e-04   1.10e-02    1.908    2.0 
 10   -121.9494537975   -5.19e-05   5.92e-03    1.932    2.6 
 11   -121.9494571663   -3.37e-06   7.30e-04    1.933    2.4 
 12   -121.9494574293   -2.63e-07   2.98e-04    1.929    4.0 
 13   -121.9494574260    3.35e-09   6.60e-05    1.928    3.1 
 14   -121.9494574191    6.90e-09   1.65e-05    1.928    3.0 
 15   -121.9494574189    1.39e-10   2.74e-06    1.928    3.6 
 16   -121.9494574191   -1.73e-10   6.67e-07    1.928    3.8 
 17   -121.9494574191   -2.40e-12   1.99e-07    1.928    3.2 
Energy breakdown:
    Kinetic             59.3814282
    AtomicLocal         -99.3605616
    AtomicNonlocal      -16.5408024
    Ewald               -85.8892161
    PspCorrection       3.5081636 
    Hartree             29.7313727
    Xc                  -12.7787483
    Entropy             -0.0010934

    total               -121.949457419091

 ──────────────────────────────────────────────────────────────────────────────
                                       Time                   Allocations      
                               ──────────────────────   ───────────────────────
       Tot / % measured:             142s / 98.2%           87.9GiB / 100%     

 Section               ncalls     time   %tot     avg     alloc   %tot      avg
 ──────────────────────────────────────────────────────────────────────────────
 self_consistent_field      1     140s   100%    140s   87.6GiB  100%   87.6GiB
   LOBPCG               2.86k     107s  76.3%  37.3ms   50.0GiB  57.1%  17.9MiB
     Hamiltonian mu...  12.4k    51.2s  36.7%  4.13ms   7.49GiB  8.55%   632KiB
     ortho              40.5k    11.4s  8.15%   281μs   8.59GiB  9.81%   222KiB
     rayleigh_ritz      9.56k    10.3s  7.39%  1.08ms   1.37GiB  1.57%   151KiB
     block multipli...  45.5k    9.29s  6.65%   204μs   8.43GiB  9.63%   194KiB
   compute_density         17    22.0s  15.8%   1.30s   29.7GiB  33.9%  1.74GiB
   energy_hamiltonian      35    7.05s  5.05%   202ms   7.24GiB  8.26%   212MiB
   KerkerDosMixing         17    813ms  0.58%  47.8ms    141MiB  0.16%  8.31MiB
     KerkerMixing          17    540ms  0.39%  31.8ms    114MiB  0.13%  6.74MiB
   QR orthonormaliz...  2.86k   1.84ms  0.00%   645ns     0.00B  0.00%    0.00B
 ──────────────────────────────────────────────────────────────────────────────

Total time in ns: 140811097102
