Julia version: 1.6.0-DEV.1324

Threading configuration: 
       JULIA_NUM_THREADS:   4
      JULIA_FFTW_THREADS:   4
      JULIA_BLAS_THREADS:   2
Payload:  Fe_scfres_guess.jld2

System facts:
    fft_size:      (30, 30, 30)
    kpoints:       168
    n_electrons:   16
    n_bands:       23

Compiling code ...
Timing SCF ...

n     Free energy       Eₙ-Eₙ₋₁     ρout-ρin   Magnet   Diag
---   ---------------   ---------   --------   ------   ----
  1   -111.8090452629         NaN   5.13e+00    2.000    1.0 
  2   -116.7235331700   -4.91e+00   3.03e+00    2.000    6.0 
  3   -120.7864810481   -4.06e+00   1.12e+00    2.387    5.7 
  4   -121.8708763763   -1.08e+00   2.62e-01    2.625    5.4 
  5   -121.8962115563   -2.53e-02   3.11e-01    2.373    3.2 
  6   -121.9450884501   -4.89e-02   1.65e-01    2.143    2.8 
  7   -121.9131765322    3.19e-02   2.27e-01    2.150    2.5 
  8   -121.9485861491   -3.54e-02   4.07e-02    1.882    2.6 
  9   -121.9494018206   -8.16e-04   1.10e-02    1.908    2.0 
 10   -121.9494537779   -5.20e-05   5.91e-03    1.932    2.7 
 11   -121.9494571645   -3.39e-06   7.28e-04    1.933    2.3 
 12   -121.9494574303   -2.66e-07   2.98e-04    1.929    4.1 
 13   -121.9494574260    4.36e-09   6.52e-05    1.928    3.1 
 14   -121.9494574191    6.86e-09   1.66e-05    1.928    3.0 
 15   -121.9494574189    1.97e-10   2.74e-06    1.928    3.6 
 16   -121.9494574191   -2.05e-10   7.16e-07    1.928    3.7 
 17   -121.9494574191    1.11e-11   1.74e-07    1.928    3.2 
Energy breakdown:
    Kinetic             59.3814285
    AtomicLocal         -99.3605620
    AtomicNonlocal      -16.5408026
    Ewald               -85.8892161
    PspCorrection       3.5081636 
    Hartree             29.7313730
    Xc                  -12.7787484
    Entropy             -0.0010934

    total               -121.949457419084

 ──────────────────────────────────────────────────────────────────────────────
                                       Time                   Allocations      
                               ──────────────────────   ───────────────────────
       Tot / % measured:             161s / 98.2%           90.1GiB / 100%     

 Section               ncalls     time   %tot     avg     alloc   %tot      avg
 ──────────────────────────────────────────────────────────────────────────────
 self_consistent_field      1     158s   100%    158s   89.8GiB  100%   89.8GiB
   LOBPCG               2.86k     123s  78.0%  43.2ms   52.0GiB  57.8%  18.6MiB
     Hamiltonian mu...  12.4k    60.0s  37.9%  4.84ms   9.46GiB  10.5%   800KiB
     block multipli...  45.4k    14.4s  9.11%   318μs   8.42GiB  9.37%   194KiB
     ortho              40.4k    12.3s  7.75%   303μs   8.58GiB  9.55%   223KiB
     rayleigh_ritz      9.54k    11.3s  7.13%  1.18ms   1.37GiB  1.52%   150KiB
   compute_density         17    23.5s  14.9%   1.38s   30.0GiB  33.4%  1.76GiB
   energy_hamiltonian      35    6.98s  4.41%   199ms   7.25GiB  8.07%   212MiB
   KerkerDosMixing         17    850ms  0.54%  50.0ms    142MiB  0.15%  8.32MiB
     KerkerMixing          17    557ms  0.35%  32.8ms    115MiB  0.12%  6.75MiB
   QR orthonormaliz...  2.86k   1.99ms  0.00%   695ns     0.00B  0.00%    0.00B
 ──────────────────────────────────────────────────────────────────────────────

Total time in ns: 159471320622
