Julia version: 1.6.0-DEV.1324

Threading configuration: 
       JULIA_NUM_THREADS:   5
      JULIA_FFTW_THREADS:   1
      JULIA_BLAS_THREADS:   4
Payload:  Fe_scfres_guess.jld2

System facts:
    fft_size:      (30, 30, 30)
    kpoints:       168
    n_electrons:   16
    n_bands:       23

Compiling code ...
Timing SCF ...

n     Free energy       Eₙ-Eₙ₋₁     ρout-ρin   Magnet   Diag
---   ---------------   ---------   --------   ------   ----
  1   -111.8090315840         NaN   5.13e+00    2.000    1.0 
  2   -116.7235402866   -4.91e+00   3.03e+00    2.000    6.1 
  3   -120.7864794264   -4.06e+00   1.12e+00    2.387    5.7 
  4   -121.8708741725   -1.08e+00   2.62e-01    2.625    5.3 
  5   -121.8962129007   -2.53e-02   3.11e-01    2.373    3.3 
  6   -121.9450763756   -4.89e-02   1.66e-01    2.143    2.8 
  7   -121.9130883669    3.20e-02   2.27e-01    2.151    2.5 
  8   -121.9485847501   -3.55e-02   4.08e-02    1.882    2.6 
  9   -121.9494018926   -8.17e-04   1.10e-02    1.908    2.0 
 10   -121.9494537760   -5.19e-05   5.92e-03    1.932    2.6 
 11   -121.9494571640   -3.39e-06   7.28e-04    1.933    2.4 
 12   -121.9494574303   -2.66e-07   2.98e-04    1.929    4.0 
 13   -121.9494574259    4.42e-09   6.53e-05    1.928    3.1 
 14   -121.9494574191    6.78e-09   1.66e-05    1.928    3.0 
 15   -121.9494574189    1.70e-10   2.73e-06    1.928    3.5 
 16   -121.9494574191   -1.93e-10   7.01e-07    1.928    3.8 
 17   -121.9494574191    7.87e-12   1.78e-07    1.928    3.2 
Energy breakdown:
    Kinetic             59.3814284
    AtomicLocal         -99.3605619
    AtomicNonlocal      -16.5408025
    Ewald               -85.8892161
    PspCorrection       3.5081636 
    Hartree             29.7313729
    Xc                  -12.7787484
    Entropy             -0.0010934

    total               -121.949457419086

 ──────────────────────────────────────────────────────────────────────────────
                                       Time                   Allocations      
                               ──────────────────────   ───────────────────────
       Tot / % measured:             132s / 98.1%           88.1GiB / 100%     

 Section               ncalls     time   %tot     avg     alloc   %tot      avg
 ──────────────────────────────────────────────────────────────────────────────
 self_consistent_field      1     130s   100%    130s   87.8GiB  100%   87.8GiB
   LOBPCG               2.86k     101s  77.8%  35.3ms   50.2GiB  57.2%  18.0MiB
     Hamiltonian mu...  12.4k    45.9s  35.4%  3.70ms   7.67GiB  8.73%   648KiB
     ortho              40.5k    11.4s  8.79%   282μs   8.59GiB  9.78%   223KiB
     rayleigh_ritz      9.54k    10.4s  8.01%  1.09ms   1.37GiB  1.56%   151KiB
     block multipli...  45.5k    9.51s  7.33%   209μs   8.42GiB  9.59%   194KiB
   compute_density         17    19.7s  15.2%   1.16s   29.7GiB  33.8%  1.75GiB
   energy_hamiltonian      35    5.29s  4.08%   151ms   7.27GiB  8.28%   213MiB
   KerkerDosMixing         17    760ms  0.59%  44.7ms    141MiB  0.16%  8.31MiB
     KerkerMixing          17    473ms  0.36%  27.8ms    114MiB  0.13%  6.74MiB
   QR orthonormaliz...  2.86k   1.60ms  0.00%   560ns     0.00B  0.00%    0.00B
 ──────────────────────────────────────────────────────────────────────────────

Total time in ns: 130809730847
