Julia version: 1.6.0-DEV.1324

Threading configuration: 
       JULIA_NUM_THREADS:   5
      JULIA_FFTW_THREADS:   2
      JULIA_BLAS_THREADS:   4
Payload:  Fe_scfres_guess.jld2

System facts:
    fft_size:      (30, 30, 30)
    kpoints:       168
    n_electrons:   16
    n_bands:       23

Compiling code ...
Timing SCF ...

n     Free energy       Eₙ-Eₙ₋₁     ρout-ρin   Magnet   Diag
---   ---------------   ---------   --------   ------   ----
  1   -111.8090315840         NaN   5.13e+00    2.000    1.0 
  2   -116.7235497203   -4.91e+00   3.03e+00    2.000    6.0 
  3   -120.7864744285   -4.06e+00   1.12e+00    2.387    5.7 
  4   -121.8708767228   -1.08e+00   2.62e-01    2.625    5.4 
  5   -121.8962151665   -2.53e-02   3.11e-01    2.373    3.2 
  6   -121.9450908206   -4.89e-02   1.65e-01    2.143    2.8 
  7   -121.9131719791    3.19e-02   2.27e-01    2.150    2.5 
  8   -121.9485866733   -3.54e-02   4.07e-02    1.882    2.6 
  9   -121.9494017997   -8.15e-04   1.10e-02    1.908    2.0 
 10   -121.9494538176   -5.20e-05   5.91e-03    1.932    2.6 
 11   -121.9494571628   -3.35e-06   7.30e-04    1.933    2.3 
 12   -121.9494574286   -2.66e-07   2.98e-04    1.929    4.1 
 13   -121.9494574261    2.53e-09   6.65e-05    1.928    3.1 
 14   -121.9494574190    7.02e-09   1.65e-05    1.928    3.0 
 15   -121.9494574189    1.04e-10   2.77e-06    1.928    3.5 
 16   -121.9494574191   -1.57e-10   6.54e-07    1.928    3.8 
 17   -121.9494574191   -4.02e-12   2.04e-07    1.928    3.2 
Energy breakdown:
    Kinetic             59.3814282
    AtomicLocal         -99.3605616
    AtomicNonlocal      -16.5408024
    Ewald               -85.8892161
    PspCorrection       3.5081636 
    Hartree             29.7313728
    Xc                  -12.7787483
    Entropy             -0.0010934

    total               -121.949457419092

 ──────────────────────────────────────────────────────────────────────────────
                                       Time                   Allocations      
                               ──────────────────────   ───────────────────────
       Tot / % measured:             134s / 98.1%           89.5GiB / 100%     

 Section               ncalls     time   %tot     avg     alloc   %tot      avg
 ──────────────────────────────────────────────────────────────────────────────
 self_consistent_field      1     131s   100%    131s   89.2GiB  100%   89.2GiB
   LOBPCG               2.86k     102s  78.2%  35.9ms   51.4GiB  57.6%  18.4MiB
     Hamiltonian mu...  12.4k    47.7s  36.4%  3.85ms   8.86GiB  9.93%   750KiB
     ortho              40.4k    11.5s  8.77%   284μs   8.59GiB  9.63%   223KiB
     rayleigh_ritz      9.53k    10.3s  7.88%  1.08ms   1.37GiB  1.54%   151KiB
     block multipli...  45.4k    9.63s  7.35%   212μs   8.42GiB  9.44%   195KiB
   compute_density         17    19.8s  15.1%   1.16s   29.9GiB  33.5%  1.76GiB
   energy_hamiltonian      35    5.05s  3.85%   144ms   7.27GiB  8.15%   213MiB
   KerkerDosMixing         17    737ms  0.56%  43.4ms    141MiB  0.15%  8.32MiB
     KerkerMixing          17    469ms  0.36%  27.6ms    115MiB  0.13%  6.74MiB
   QR orthonormaliz...  2.86k   1.80ms  0.00%   629ns     0.00B  0.00%    0.00B
 ──────────────────────────────────────────────────────────────────────────────

Total time in ns: 132091863759
