Julia version: 1.6.0-DEV.1324

Threading configuration: 
       JULIA_NUM_THREADS:   5
      JULIA_FFTW_THREADS:   1
      JULIA_BLAS_THREADS:   5
Payload:  Fe_scfres_guess.jld2

System facts:
    fft_size:      (30, 30, 30)
    kpoints:       168
    n_electrons:   16
    n_bands:       23

Compiling code ...
Timing SCF ...

n     Free energy       Eₙ-Eₙ₋₁     ρout-ρin   Magnet   Diag
---   ---------------   ---------   --------   ------   ----
  1   -111.8090315840         NaN   5.13e+00    2.000    1.0 
  2   -116.7235601389   -4.91e+00   3.03e+00    2.000    6.0 
  3   -120.7864675239   -4.06e+00   1.12e+00    2.387    5.8 
  4   -121.8708836792   -1.08e+00   2.62e-01    2.625    5.4 
  5   -121.8961975995   -2.53e-02   3.11e-01    2.373    3.2 
  6   -121.9450959389   -4.89e-02   1.65e-01    2.143    2.8 
  7   -121.9131659934    3.19e-02   2.27e-01    2.150    2.5 
  8   -121.9485847453   -3.54e-02   4.08e-02    1.882    2.6 
  9   -121.9494018156   -8.17e-04   1.10e-02    1.908    2.0 
 10   -121.9494537951   -5.20e-05   5.91e-03    1.932    2.6 
 11   -121.9494571634   -3.37e-06   7.27e-04    1.933    2.3 
 12   -121.9494574296   -2.66e-07   2.99e-04    1.929    4.0 
 13   -121.9494574260    3.64e-09   6.58e-05    1.928    3.1 
 14   -121.9494574191    6.95e-09   1.65e-05    1.928    3.0 
 15   -121.9494574189    1.57e-10   2.75e-06    1.928    3.5 
 16   -121.9494574191   -1.79e-10   6.71e-07    1.928    3.7 
 17   -121.9494574191   -1.98e-12   2.00e-07    1.928    3.2 
Energy breakdown:
    Kinetic             59.3814282
    AtomicLocal         -99.3605616
    AtomicNonlocal      -16.5408024
    Ewald               -85.8892161
    PspCorrection       3.5081636 
    Hartree             29.7313728
    Xc                  -12.7787483
    Entropy             -0.0010934

    total               -121.949457419091

 ──────────────────────────────────────────────────────────────────────────────
                                       Time                   Allocations      
                               ──────────────────────   ───────────────────────
       Tot / % measured:             128s / 98.0%           88.1GiB / 100%     

 Section               ncalls     time   %tot     avg     alloc   %tot      avg
 ──────────────────────────────────────────────────────────────────────────────
 self_consistent_field      1     126s   100%    126s   87.8GiB  100%   87.8GiB
   LOBPCG               2.86k    97.4s  77.5%  34.1ms   50.2GiB  57.2%  18.0MiB
     Hamiltonian mu...  12.4k    43.9s  34.9%  3.54ms   7.67GiB  8.73%   649KiB
     ortho              40.4k    11.4s  9.10%   283μs   8.59GiB  9.78%   223KiB
     rayleigh_ritz      9.53k    10.1s  8.04%  1.06ms   1.37GiB  1.56%   151KiB
     block multipli...  45.4k    7.91s  6.29%   174μs   8.43GiB  9.60%   195KiB
   compute_density         17    18.8s  14.9%   1.10s   29.7GiB  33.8%  1.75GiB
   energy_hamiltonian      35    5.52s  4.39%   158ms   7.27GiB  8.27%   213MiB
   KerkerDosMixing         17    798ms  0.63%  46.9ms    141MiB  0.16%  8.31MiB
     KerkerMixing          17    502ms  0.40%  29.5ms    114MiB  0.13%  6.74MiB
   QR orthonormaliz...  2.86k   1.72ms  0.00%   604ns     0.00B  0.00%    0.00B
 ──────────────────────────────────────────────────────────────────────────────

Total time in ns: 126874996749
