Julia version: 1.6.0-DEV.1324

Threading configuration: 
       JULIA_NUM_THREADS:   6
      JULIA_FFTW_THREADS:   1
      JULIA_BLAS_THREADS:   4
Payload:  Fe_scfres_guess.jld2

System facts:
    fft_size:      (30, 30, 30)
    kpoints:       168
    n_electrons:   16
    n_bands:       23

Compiling code ...
Timing SCF ...

n     Free energy       Eₙ-Eₙ₋₁     ρout-ρin   Magnet   Diag
---   ---------------   ---------   --------   ------   ----
  1   -111.8090315840         NaN   5.13e+00    2.000    1.0 
  2   -116.7235622624   -4.91e+00   3.03e+00    2.000    6.0 
  3   -120.7864690910   -4.06e+00   1.12e+00    2.387    5.8 
  4   -121.8708802031   -1.08e+00   2.62e-01    2.625    5.4 
  5   -121.8962087567   -2.53e-02   3.11e-01    2.373    3.3 
  6   -121.9450929715   -4.89e-02   1.65e-01    2.143    2.8 
  7   -121.9131458201    3.19e-02   2.27e-01    2.150    2.5 
  8   -121.9485850800   -3.54e-02   4.08e-02    1.882    2.5 
  9   -121.9494018330   -8.17e-04   1.10e-02    1.908    2.0 
 10   -121.9494537977   -5.20e-05   5.91e-03    1.932    2.6 
 11   -121.9494571635   -3.37e-06   7.31e-04    1.933    2.4 
 12   -121.9494574291   -2.66e-07   2.99e-04    1.929    4.0 
 13   -121.9494574260    3.12e-09   6.59e-05    1.928    3.1 
 14   -121.9494574191    6.91e-09   1.65e-05    1.928    3.0 
 15   -121.9494574189    1.37e-10   2.73e-06    1.928    3.5 
 16   -121.9494574191   -1.71e-10   6.73e-07    1.928    3.7 
 17   -121.9494574191   -5.97e-13   1.93e-07    1.928    3.3 
Energy breakdown:
    Kinetic             59.3814282
    AtomicLocal         -99.3605616
    AtomicNonlocal      -16.5408024
    Ewald               -85.8892161
    PspCorrection       3.5081636 
    Hartree             29.7313728
    Xc                  -12.7787483
    Entropy             -0.0010934

    total               -121.949457419091

 ──────────────────────────────────────────────────────────────────────────────
                                       Time                   Allocations      
                               ──────────────────────   ───────────────────────
       Tot / % measured:             125s / 98.0%           88.4GiB / 100%     

 Section               ncalls     time   %tot     avg     alloc   %tot      avg
 ──────────────────────────────────────────────────────────────────────────────
 self_consistent_field      1     123s   100%    123s   88.1GiB  100%   88.1GiB
   LOBPCG               2.86k    95.6s  77.9%  33.5ms   50.4GiB  57.3%  18.1MiB
     Hamiltonian mu...  12.4k    39.0s  31.8%  3.14ms   7.86GiB  8.92%   664KiB
     ortho              40.5k    11.6s  9.47%   286μs   8.60GiB  9.76%   222KiB
     rayleigh_ritz      9.55k    10.4s  8.46%  1.09ms   1.37GiB  1.56%   150KiB
     block multipli...  45.5k    9.22s  7.52%   202μs   8.44GiB  9.58%   194KiB
   compute_density         17    16.8s  13.7%   986ms   29.7GiB  33.7%  1.75GiB
   energy_hamiltonian      35    6.17s  5.03%   176ms   7.30GiB  8.28%   213MiB
   KerkerDosMixing         17    803ms  0.65%  47.2ms    141MiB  0.16%  8.31MiB
     KerkerMixing          17    520ms  0.42%  30.6ms    114MiB  0.13%  6.74MiB
   QR orthonormaliz...  2.86k   1.88ms  0.00%   660ns     0.00B  0.00%    0.00B
 ──────────────────────────────────────────────────────────────────────────────

Total time in ns: 123785226331
