Julia version: 1.6.0-DEV.1324

Threading configuration: 
       JULIA_NUM_THREADS:   6
      JULIA_FFTW_THREADS:   2
      JULIA_BLAS_THREADS:   4
Payload:  Fe_scfres_guess.jld2

System facts:
    fft_size:      (30, 30, 30)
    kpoints:       168
    n_electrons:   16
    n_bands:       23

Compiling code ...
Timing SCF ...

n     Free energy       Eₙ-Eₙ₋₁     ρout-ρin   Magnet   Diag
---   ---------------   ---------   --------   ------   ----
  1   -111.8090315840         NaN   5.13e+00    2.000    1.0 
  2   -116.7235500158   -4.91e+00   3.03e+00    2.000    6.1 
  3   -120.7864788380   -4.06e+00   1.12e+00    2.387    5.8 
  4   -121.8708756925   -1.08e+00   2.62e-01    2.625    5.4 
  5   -121.8962138311   -2.53e-02   3.11e-01    2.373    3.2 
  6   -121.9450833757   -4.89e-02   1.66e-01    2.143    2.8 
  7   -121.9131264701    3.20e-02   2.27e-01    2.150    2.5 
  8   -121.9485855690   -3.55e-02   4.08e-02    1.882    2.5 
  9   -121.9494018581   -8.16e-04   1.10e-02    1.908    2.0 
 10   -121.9494537935   -5.19e-05   5.91e-03    1.932    2.6 
 11   -121.9494571635   -3.37e-06   7.29e-04    1.933    2.3 
 12   -121.9494574298   -2.66e-07   2.98e-04    1.929    4.1 
 13   -121.9494574259    3.83e-09   6.60e-05    1.928    3.0 
 14   -121.9494574191    6.89e-09   1.66e-05    1.928    3.0 
 15   -121.9494574189    1.49e-10   2.74e-06    1.928    3.5 
 16   -121.9494574191   -1.87e-10   6.81e-07    1.928    3.8 
 17   -121.9494574191    2.76e-12   1.92e-07    1.928    3.1 
Energy breakdown:
    Kinetic             59.3814283
    AtomicLocal         -99.3605617
    AtomicNonlocal      -16.5408025
    Ewald               -85.8892161
    PspCorrection       3.5081636 
    Hartree             29.7313728
    Xc                  -12.7787483
    Entropy             -0.0010934

    total               -121.949457419090

 ──────────────────────────────────────────────────────────────────────────────
                                       Time                   Allocations      
                               ──────────────────────   ───────────────────────
       Tot / % measured:             124s / 97.8%           89.8GiB / 100%     

 Section               ncalls     time   %tot     avg     alloc   %tot      avg
 ──────────────────────────────────────────────────────────────────────────────
 self_consistent_field      1     121s   100%    121s   89.5GiB  100%   89.5GiB
   LOBPCG               2.86k    95.8s  79.0%  33.5ms   51.6GiB  57.7%  18.5MiB
     Hamiltonian mu...  12.4k    42.5s  35.0%  3.42ms   9.05GiB  10.1%   765KiB
     ortho              40.5k    11.2s  9.25%   277μs   8.59GiB  9.60%   223KiB
     rayleigh_ritz      9.54k    9.83s  8.10%  1.03ms   1.37GiB  1.53%   151KiB
     block multipli...  45.5k    9.29s  7.66%   204μs   8.43GiB  9.42%   194KiB
   compute_density         17    16.5s  13.6%   971ms   29.9GiB  33.4%  1.76GiB
   energy_hamiltonian      35    5.22s  4.30%   149ms   7.30GiB  8.16%   214MiB
   KerkerDosMixing         17    739ms  0.61%  43.5ms    141MiB  0.15%  8.32MiB
     KerkerMixing          17    488ms  0.40%  28.7ms    115MiB  0.13%  6.74MiB
   QR orthonormaliz...  2.86k   1.71ms  0.00%   597ns     0.00B  0.00%    0.00B
 ──────────────────────────────────────────────────────────────────────────────

Total time in ns: 122366232263
