Julia version: 1.6.0-DEV.1324

Threading configuration: 
       JULIA_NUM_THREADS:   6
      JULIA_FFTW_THREADS:   1
      JULIA_BLAS_THREADS:   5
Payload:  Fe_scfres_guess.jld2

System facts:
    fft_size:      (30, 30, 30)
    kpoints:       168
    n_electrons:   16
    n_bands:       23

Compiling code ...
Timing SCF ...

n     Free energy       Eₙ-Eₙ₋₁     ρout-ρin   Magnet   Diag
---   ---------------   ---------   --------   ------   ----
  1   -111.8090315840         NaN   5.13e+00    2.000    1.0 
  2   -116.7235453846   -4.91e+00   3.03e+00    2.000    6.1 
  3   -120.7864808550   -4.06e+00   1.12e+00    2.387    5.8 
  4   -121.8708725808   -1.08e+00   2.62e-01    2.625    5.4 
  5   -121.8962199693   -2.53e-02   3.11e-01    2.373    3.2 
  6   -121.9450795112   -4.89e-02   1.66e-01    2.143    2.8 
  7   -121.9131272574    3.20e-02   2.27e-01    2.150    2.5 
  8   -121.9485860680   -3.55e-02   4.08e-02    1.882    2.5 
  9   -121.9494018049   -8.16e-04   1.10e-02    1.908    2.0 
 10   -121.9494537979   -5.20e-05   5.91e-03    1.932    2.6 
 11   -121.9494571635   -3.37e-06   7.29e-04    1.933    2.3 
 12   -121.9494574291   -2.66e-07   2.99e-04    1.929    4.1 
 13   -121.9494574260    3.16e-09   6.58e-05    1.928    3.1 
 14   -121.9494574190    6.91e-09   1.66e-05    1.928    3.0 
 15   -121.9494574189    1.28e-10   2.74e-06    1.928    3.5 
 16   -121.9494574191   -1.74e-10   6.62e-07    1.928    3.7 
 17   -121.9494574191   -1.45e-12   1.94e-07    1.928    3.2 
Energy breakdown:
    Kinetic             59.3814282
    AtomicLocal         -99.3605616
    AtomicNonlocal      -16.5408024
    Ewald               -85.8892161
    PspCorrection       3.5081636 
    Hartree             29.7313727
    Xc                  -12.7787483
    Entropy             -0.0010934

    total               -121.949457419092

 ──────────────────────────────────────────────────────────────────────────────
                                       Time                   Allocations      
                               ──────────────────────   ───────────────────────
       Tot / % measured:             125s / 97.9%           88.4GiB / 100%     

 Section               ncalls     time   %tot     avg     alloc   %tot      avg
 ──────────────────────────────────────────────────────────────────────────────
 self_consistent_field      1     122s   100%    122s   88.1GiB  100%   88.1GiB
   LOBPCG               2.86k    94.9s  77.6%  33.2ms   50.4GiB  57.2%  18.1MiB
     Hamiltonian mu...  12.4k    40.3s  33.0%  3.25ms   7.85GiB  8.92%   664KiB
     ortho              40.5k    11.2s  9.21%   278μs   8.59GiB  9.75%   223KiB
     rayleigh_ritz      9.54k    10.3s  8.40%  1.08ms   1.37GiB  1.56%   151KiB
     block multipli...  45.5k    8.02s  6.56%   176μs   8.43GiB  9.57%   194KiB
   compute_density         17    16.7s  13.7%   983ms   29.7GiB  33.7%  1.75GiB
   energy_hamiltonian      35    6.38s  5.22%   182ms   7.30GiB  8.28%   213MiB
   KerkerDosMixing         17    848ms  0.69%  49.9ms    141MiB  0.16%  8.31MiB
     KerkerMixing          17    552ms  0.45%  32.4ms    114MiB  0.13%  6.74MiB
   QR orthonormaliz...  2.86k   2.06ms  0.00%   722ns     0.00B  0.00%    0.00B
 ──────────────────────────────────────────────────────────────────────────────

Total time in ns: 123344667028
