Julia version: 1.6.0-DEV.1324

Threading configuration: 
       JULIA_NUM_THREADS:   6
      JULIA_FFTW_THREADS:   2
      JULIA_BLAS_THREADS:   5
Payload:  Fe_scfres_guess.jld2

System facts:
    fft_size:      (30, 30, 30)
    kpoints:       168
    n_electrons:   16
    n_bands:       23

Compiling code ...
Timing SCF ...

n     Free energy       Eₙ-Eₙ₋₁     ρout-ρin   Magnet   Diag
---   ---------------   ---------   --------   ------   ----
  1   -111.8090315840         NaN   5.13e+00    2.000    1.0 
  2   -116.7235453051   -4.91e+00   3.03e+00    2.000    6.0 
  3   -120.7864717105   -4.06e+00   1.12e+00    2.387    5.7 
  4   -121.8708806930   -1.08e+00   2.62e-01    2.625    5.4 
  5   -121.8962045969   -2.53e-02   3.11e-01    2.373    3.2 
  6   -121.9450854130   -4.89e-02   1.66e-01    2.143    2.8 
  7   -121.9131172713    3.20e-02   2.27e-01    2.150    2.5 
  8   -121.9485845309   -3.55e-02   4.08e-02    1.882    2.6 
  9   -121.9494018794   -8.17e-04   1.10e-02    1.908    2.0 
 10   -121.9494537739   -5.19e-05   5.92e-03    1.932    2.6 
 11   -121.9494571664   -3.39e-06   7.29e-04    1.933    2.3 
 12   -121.9494574303   -2.64e-07   2.98e-04    1.929    4.1 
 13   -121.9494574259    4.38e-09   6.53e-05    1.928    3.1 
 14   -121.9494574191    6.82e-09   1.65e-05    1.928    3.0 
 15   -121.9494574189    1.81e-10   2.73e-06    1.928    3.6 
 16   -121.9494574191   -2.01e-10   6.97e-07    1.928    3.7 
 17   -121.9494574191    5.90e-12   1.82e-07    1.928    3.2 
Energy breakdown:
    Kinetic             59.3814283
    AtomicLocal         -99.3605618
    AtomicNonlocal      -16.5408025
    Ewald               -85.8892161
    PspCorrection       3.5081636 
    Hartree             29.7313729
    Xc                  -12.7787483
    Entropy             -0.0010934

    total               -121.949457419087

 ──────────────────────────────────────────────────────────────────────────────
                                       Time                   Allocations      
                               ──────────────────────   ───────────────────────
       Tot / % measured:             124s / 98.0%           89.7GiB / 100%     

 Section               ncalls     time   %tot     avg     alloc   %tot      avg
 ──────────────────────────────────────────────────────────────────────────────
 self_consistent_field      1     121s   100%    121s   89.4GiB  100%   89.4GiB
   LOBPCG               2.86k    95.5s  78.8%  33.4ms   51.6GiB  57.7%  18.5MiB
     Hamiltonian mu...  12.4k    43.1s  35.6%  3.48ms   9.04GiB  10.1%   765KiB
     ortho              40.4k    10.7s  8.88%   266μs   8.58GiB  9.60%   223KiB
     rayleigh_ritz      9.53k    9.94s  8.21%  1.04ms   1.37GiB  1.53%   151KiB
     block multipli...  45.4k    7.90s  6.52%   174μs   8.42GiB  9.41%   195KiB
   compute_density         17    16.3s  13.4%   956ms   29.9GiB  33.4%  1.76GiB
   energy_hamiltonian      35    5.40s  4.46%   154ms   7.30GiB  8.16%   214MiB
   KerkerDosMixing         17    781ms  0.64%  45.9ms    141MiB  0.15%  8.32MiB
     KerkerMixing          17    512ms  0.42%  30.1ms    115MiB  0.13%  6.74MiB
   QR orthonormaliz...  2.86k   1.48ms  0.00%   520ns     0.00B  0.00%    0.00B
 ──────────────────────────────────────────────────────────────────────────────

Total time in ns: 122111455072
