Julia version: 1.6.0-DEV.1324

Threading configuration: 
       JULIA_NUM_THREADS:   6
      JULIA_FFTW_THREADS:   1
      JULIA_BLAS_THREADS:   6
Payload:  Fe_scfres_guess.jld2

System facts:
    fft_size:      (30, 30, 30)
    kpoints:       168
    n_electrons:   16
    n_bands:       23

Compiling code ...
Timing SCF ...

n     Free energy       Eₙ-Eₙ₋₁     ρout-ρin   Magnet   Diag
---   ---------------   ---------   --------   ------   ----
  1   -111.8090315840         NaN   5.13e+00    2.000    1.0 
  2   -116.7235560681   -4.91e+00   3.03e+00    2.000    6.0 
  3   -120.7864681749   -4.06e+00   1.12e+00    2.387    5.7 
  4   -121.8708819998   -1.08e+00   2.62e-01    2.625    5.4 
  5   -121.8962010055   -2.53e-02   3.11e-01    2.373    3.2 
  6   -121.9450825490   -4.89e-02   1.66e-01    2.143    2.8 
  7   -121.9130947616    3.20e-02   2.27e-01    2.151    2.5 
  8   -121.9485838396   -3.55e-02   4.08e-02    1.882    2.6 
  9   -121.9494018383   -8.18e-04   1.10e-02    1.908    2.0 
 10   -121.9494537868   -5.19e-05   5.91e-03    1.932    2.6 
 11   -121.9494571640   -3.38e-06   7.28e-04    1.933    2.4 
 12   -121.9494574293   -2.65e-07   2.99e-04    1.929    3.9 
 13   -121.9494574260    3.21e-09   6.61e-05    1.928    3.1 
 14   -121.9494574191    6.97e-09   1.65e-05    1.928    3.0 
 15   -121.9494574189    1.60e-10   2.74e-06    1.928    3.6 
 16   -121.9494574191   -1.77e-10   6.79e-07    1.928    3.7 
 17   -121.9494574191    2.27e-12   1.88e-07    1.928    3.2 
Energy breakdown:
    Kinetic             59.3814283
    AtomicLocal         -99.3605617
    AtomicNonlocal      -16.5408025
    Ewald               -85.8892161
    PspCorrection       3.5081636 
    Hartree             29.7313728
    Xc                  -12.7787483
    Entropy             -0.0010934

    total               -121.949457419089

 ──────────────────────────────────────────────────────────────────────────────
                                       Time                   Allocations      
                               ──────────────────────   ───────────────────────
       Tot / % measured:             117s / 97.8%           88.4GiB / 100%     

 Section               ncalls     time   %tot     avg     alloc   %tot      avg
 ──────────────────────────────────────────────────────────────────────────────
 self_consistent_field      1     114s   100%    114s   88.0GiB  100%   88.0GiB
   LOBPCG               2.86k    88.5s  77.5%  31.0ms   50.4GiB  57.2%  18.1MiB
     Hamiltonian mu...  12.4k    38.9s  34.1%  3.14ms   7.85GiB  8.91%   665KiB
     ortho              40.4k    10.9s  9.52%   269μs   8.58GiB  9.75%   223KiB
     rayleigh_ritz      9.53k    8.93s  7.83%   938μs   1.37GiB  1.56%   151KiB
     block multipli...  45.4k    7.44s  6.51%   164μs   8.42GiB  9.56%   195KiB
   compute_density         17    16.6s  14.6%   979ms   29.7GiB  33.7%  1.75GiB
   energy_hamiltonian      35    5.03s  4.41%   144ms   7.30GiB  8.29%   213MiB
   KerkerDosMixing         17    876ms  0.77%  51.5ms    141MiB  0.16%  8.31MiB
     KerkerMixing          17    623ms  0.55%  36.6ms    114MiB  0.13%  6.74MiB
   QR orthonormaliz...  2.86k   1.66ms  0.00%   581ns     0.00B  0.00%    0.00B
 ──────────────────────────────────────────────────────────────────────────────

Total time in ns: 115242724051
