Julia version: 1.6.0-DEV.1324

Threading configuration: 
       JULIA_NUM_THREADS:   6
      JULIA_FFTW_THREADS:   2
      JULIA_BLAS_THREADS:   6
Payload:  Fe_scfres_guess.jld2

System facts:
    fft_size:      (30, 30, 30)
    kpoints:       168
    n_electrons:   16
    n_bands:       23

Compiling code ...
Timing SCF ...

n     Free energy       Eₙ-Eₙ₋₁     ρout-ρin   Magnet   Diag
---   ---------------   ---------   --------   ------   ----
  1   -111.8090315840         NaN   5.13e+00    2.000    1.0 
  2   -116.7235455910   -4.91e+00   3.03e+00    2.000    6.0 
  3   -120.7864725074   -4.06e+00   1.12e+00    2.387    5.7 
  4   -121.8708780358   -1.08e+00   2.62e-01    2.625    5.4 
  5   -121.8962071555   -2.53e-02   3.11e-01    2.373    3.2 
  6   -121.9450865469   -4.89e-02   1.65e-01    2.143    2.8 
  7   -121.9131019109    3.20e-02   2.27e-01    2.151    2.5 
  8   -121.9485840501   -3.55e-02   4.08e-02    1.882    2.5 
  9   -121.9494018491   -8.18e-04   1.10e-02    1.908    2.0 
 10   -121.9494537847   -5.19e-05   5.91e-03    1.932    2.6 
 11   -121.9494571607   -3.38e-06   7.28e-04    1.933    2.3 
 12   -121.9494574298   -2.69e-07   2.99e-04    1.929    4.1 
 13   -121.9494574260    3.80e-09   6.58e-05    1.928    3.1 
 14   -121.9494574191    6.93e-09   1.66e-05    1.928    3.0 
 15   -121.9494574189    1.52e-10   2.74e-06    1.928    3.5 
 16   -121.9494574191   -1.77e-10   6.76e-07    1.928    3.8 
 17   -121.9494574191   -1.28e-13   1.93e-07    1.928    3.2 
Energy breakdown:
    Kinetic             59.3814282
    AtomicLocal         -99.3605617
    AtomicNonlocal      -16.5408025
    Ewald               -85.8892161
    PspCorrection       3.5081636 
    Hartree             29.7313728
    Xc                  -12.7787483
    Entropy             -0.0010934

    total               -121.949457419090

 ──────────────────────────────────────────────────────────────────────────────
                                       Time                   Allocations      
                               ──────────────────────   ───────────────────────
       Tot / % measured:             124s / 98.0%           89.8GiB / 100%     

 Section               ncalls     time   %tot     avg     alloc   %tot      avg
 ──────────────────────────────────────────────────────────────────────────────
 self_consistent_field      1     122s   100%    122s   89.5GiB  100%   89.5GiB
   LOBPCG               2.86k    95.2s  78.1%  33.3ms   51.6GiB  57.7%  18.5MiB
     Hamiltonian mu...  12.4k    43.2s  35.4%  3.48ms   9.04GiB  10.1%   764KiB
     ortho              40.5k    11.6s  9.51%   286μs   8.59GiB  9.60%   222KiB
     rayleigh_ritz      9.55k    8.96s  7.35%   938μs   1.37GiB  1.53%   150KiB
     block multipli...  45.5k    7.47s  6.13%   164μs   8.43GiB  9.42%   194KiB
   compute_density         17    16.8s  13.8%   989ms   29.9GiB  33.4%  1.76GiB
   energy_hamiltonian      35    5.94s  4.87%   170ms   7.30GiB  8.16%   214MiB
   KerkerDosMixing         17    836ms  0.69%  49.2ms    141MiB  0.15%  8.32MiB
     KerkerMixing          17    562ms  0.46%  33.1ms    115MiB  0.13%  6.74MiB
   QR orthonormaliz...  2.86k   1.96ms  0.00%   687ns     0.00B  0.00%    0.00B
 ──────────────────────────────────────────────────────────────────────────────

Total time in ns: 122960733199
