Julia version: 1.6.0-DEV.1324

Threading configuration: 
       JULIA_NUM_THREADS:   1
      JULIA_FFTW_THREADS:   1
      JULIA_BLAS_THREADS:   1
           MPI Processes:   7
Payload:  Fe_scfres_guess.jld2

System facts:
    fft_size:      (30, 30, 30)
    kpoints:       24
    n_electrons:   16
    n_bands:       23

Compiling code ...
Timing SCF ...

n     Free energy       Eₙ-Eₙ₋₁     ρout-ρin   Magnet   Diag
---   ---------------   ---------   --------   ------   ----
  1   -111.8084467724         NaN   5.13e+00    2.000    1.0 
  2   -116.7236080822   -4.92e+00   3.03e+00    2.000    5.4 
  3   -120.7864612949   -4.06e+00   1.12e+00    2.387    5.0 
  4   -121.8709146793   -1.08e+00   2.61e-01    2.625    5.2 
  5   -121.8961553001   -2.52e-02   3.11e-01    2.373    3.2 
  6   -121.9451274591   -4.90e-02   1.65e-01    2.142    2.8 
  7   -121.9132061558    3.19e-02   2.27e-01    2.150    2.2 
  8   -121.9485817936   -3.54e-02   4.08e-02    1.882    2.4 
  9   -121.9494018216   -8.20e-04   1.10e-02    1.908    2.0 
 10   -121.9494537804   -5.20e-05   5.91e-03    1.932    2.1 
 11   -121.9494571628   -3.38e-06   7.31e-04    1.933    1.9 
 12   -121.9494574294   -2.67e-07   3.00e-04    1.929    3.5 
 13   -121.9494574260    3.39e-09   6.60e-05    1.928    2.6 
 14   -121.9494574190    7.00e-09   1.64e-05    1.928    3.0 
 15   -121.9494574189    1.22e-10   2.75e-06    1.928    3.0 
 16   -121.9494574191   -1.73e-10   6.69e-07    1.928    3.2 
 17   -121.9494574191   -8.10e-13   1.97e-07    1.928    2.9 
Energy breakdown:
    Kinetic             59.3814282
    AtomicLocal         -99.3605616
    AtomicNonlocal      -16.5408024
    Ewald               -85.8892161
    PspCorrection       3.5081636 
    Hartree             29.7313728
    Xc                  -12.7787483
    Entropy             -0.0010934

    total               -121.949457419091

 ──────────────────────────────────────────────────────────────────────────────
                                       Time                   Allocations      
                               ──────────────────────   ───────────────────────
       Tot / % measured:            59.7s / 95.5%           10.4GiB / 97.0%    

 Section               ncalls     time   %tot     avg     alloc   %tot      avg
 ──────────────────────────────────────────────────────────────────────────────
 self_consistent_field      1    57.0s   100%   57.0s   10.0GiB  100%   10.0GiB
   LOBPCG                 408    34.8s  61.1%  85.4ms   5.76GiB  57.4%  14.5MiB
     Hamiltonian mu...  1.64k    21.7s  38.1%  13.2ms    850MiB  8.26%   529KiB
       kinetic+local    1.64k    20.7s  36.4%  12.6ms   65.9MiB  0.64%  41.0KiB
       nonlocal         1.64k    760ms  1.33%   462μs    442MiB  4.30%   276KiB
     block multipli...  5.71k    3.06s  5.36%   535μs   1.14GiB  11.3%   209KiB
     rayleigh_ritz      1.24k    1.82s  3.19%  1.47ms    194MiB  1.89%   161KiB
     ortho              5.16k    1.62s  2.84%   314μs    181MiB  1.76%  36.0KiB
   compute_density         17    13.1s  23.0%   771ms    499MiB  4.86%  29.4MiB
   energy_hamiltonian      35    3.29s  5.77%  94.0ms   3.29GiB  32.7%  96.1MiB
     ene_ops               35    3.16s  5.55%  90.4ms   2.93GiB  29.2%  85.7MiB
       ene_ops: xc         35    2.16s  3.79%  61.7ms   2.57GiB  25.6%  75.2MiB
       ene_ops: kin...     35    326ms  0.57%  9.33ms    288MiB  2.80%  8.21MiB
       ene_ops: non...     35    226ms  0.40%  6.44ms   13.2MiB  0.13%   387KiB
       ene_ops: har...     35   29.7ms  0.05%   849μs   43.7MiB  0.42%  1.25MiB
       ene_ops: local      35   13.1ms  0.02%   375μs   18.4MiB  0.18%   538KiB
   KerkerDosMixing         17    858ms  1.51%  50.5ms    141MiB  1.38%  8.32MiB
     KerkerMixing          17    524ms  0.92%  30.8ms    114MiB  1.11%  6.73MiB
   QR orthonormaliz...    408    302μs  0.00%   739ns     0.00B  0.00%    0.00B
 ──────────────────────────────────────────────────────────────────────────────

Total time in ns: 58148805120
