Julia version: 1.6.0-DEV.1324

Threading configuration: 
       JULIA_NUM_THREADS:   7
      JULIA_FFTW_THREADS:   1
      JULIA_BLAS_THREADS:   4
Payload:  Fe_scfres_guess.jld2

System facts:
    fft_size:      (30, 30, 30)
    kpoints:       168
    n_electrons:   16
    n_bands:       23

Compiling code ...
Timing SCF ...

n     Free energy       Eₙ-Eₙ₋₁     ρout-ρin   Magnet   Diag
---   ---------------   ---------   --------   ------   ----
  1   -111.8090315840         NaN   5.13e+00    2.000    1.0 
  2   -116.7235349631   -4.91e+00   3.03e+00    2.000    6.0 
  3   -120.7864785786   -4.06e+00   1.12e+00    2.387    5.7 
  4   -121.8708740511   -1.08e+00   2.62e-01    2.625    5.3 
  5   -121.8962168568   -2.53e-02   3.11e-01    2.373    3.2 
  6   -121.9450888552   -4.89e-02   1.65e-01    2.143    2.8 
  7   -121.9131331728    3.20e-02   2.27e-01    2.150    2.5 
  8   -121.9485848804   -3.55e-02   4.08e-02    1.882    2.6 
  9   -121.9494018656   -8.17e-04   1.10e-02    1.908    2.0 
 10   -121.9494537982   -5.19e-05   5.91e-03    1.932    2.6 
 11   -121.9494571638   -3.37e-06   7.29e-04    1.933    2.3 
 12   -121.9494574291   -2.65e-07   2.98e-04    1.929    4.0 
 13   -121.9494574261    3.00e-09   6.63e-05    1.928    3.1 
 14   -121.9494574191    7.02e-09   1.65e-05    1.928    2.9 
 15   -121.9494574189    1.42e-10   2.74e-06    1.928    3.5 
 16   -121.9494574191   -1.70e-10   6.70e-07    1.928    3.7 
 17   -121.9494574191   -2.22e-12   1.95e-07    1.928    3.2 
Energy breakdown:
    Kinetic             59.3814282
    AtomicLocal         -99.3605616
    AtomicNonlocal      -16.5408024
    Ewald               -85.8892161
    PspCorrection       3.5081636 
    Hartree             29.7313727
    Xc                  -12.7787483
    Entropy             -0.0010934

    total               -121.949457419091

 ──────────────────────────────────────────────────────────────────────────────
                                       Time                   Allocations      
                               ──────────────────────   ───────────────────────
       Tot / % measured:             121s / 97.9%           88.5GiB / 100%     

 Section               ncalls     time   %tot     avg     alloc   %tot      avg
 ──────────────────────────────────────────────────────────────────────────────
 self_consistent_field      1     118s   100%    118s   88.2GiB  100%   88.2GiB
   LOBPCG               2.86k    93.9s  79.3%  32.9ms   50.5GiB  57.3%  18.1MiB
     Hamiltonian mu...  12.3k    37.2s  31.4%  3.02ms   8.02GiB  9.09%   682KiB
     ortho              40.2k    11.9s  10.1%   297μs   8.57GiB  9.72%   224KiB
     rayleigh_ritz      9.48k    10.4s  8.78%  1.10ms   1.37GiB  1.55%   151KiB
     block multipli...  45.1k    9.27s  7.82%   205μs   8.40GiB  9.52%   195KiB
   compute_density         17    14.6s  12.3%   860ms   29.7GiB  33.7%  1.75GiB
   energy_hamiltonian      35    5.89s  4.97%   168ms   7.32GiB  8.30%   214MiB
   KerkerDosMixing         17    810ms  0.68%  47.7ms    141MiB  0.16%  8.31MiB
     KerkerMixing          17    529ms  0.45%  31.1ms    114MiB  0.13%  6.74MiB
   QR orthonormaliz...  2.86k   1.69ms  0.00%   591ns     0.00B  0.00%    0.00B
 ──────────────────────────────────────────────────────────────────────────────

Total time in ns: 119578382937
