Julia version: 1.6.0-DEV.1324

Threading configuration: 
       JULIA_NUM_THREADS:   7
      JULIA_FFTW_THREADS:   2
      JULIA_BLAS_THREADS:   4
Payload:  Fe_scfres_guess.jld2

System facts:
    fft_size:      (30, 30, 30)
    kpoints:       168
    n_electrons:   16
    n_bands:       23

Compiling code ...
Timing SCF ...

n     Free energy       Eₙ-Eₙ₋₁     ρout-ρin   Magnet   Diag
---   ---------------   ---------   --------   ------   ----
  1   -111.8090315840         NaN   5.13e+00    2.000    1.0 
  2   -116.7235575337   -4.91e+00   3.03e+00    2.000    6.0 
  3   -120.7864775252   -4.06e+00   1.12e+00    2.387    5.8 
  4   -121.8708779475   -1.08e+00   2.62e-01    2.625    5.4 
  5   -121.8962106808   -2.53e-02   3.11e-01    2.373    3.2 
  6   -121.9450852794   -4.89e-02   1.66e-01    2.143    2.8 
  7   -121.9131210080    3.20e-02   2.27e-01    2.150    2.5 
  8   -121.9485843259   -3.55e-02   4.08e-02    1.882    2.6 
  9   -121.9494017968   -8.17e-04   1.10e-02    1.908    2.0 
 10   -121.9494537973   -5.20e-05   5.92e-03    1.932    2.6 
 11   -121.9494571625   -3.37e-06   7.30e-04    1.933    2.4 
 12   -121.9494574288   -2.66e-07   2.99e-04    1.929    4.0 
 13   -121.9494574261    2.77e-09   6.63e-05    1.928    3.1 
 14   -121.9494574191    7.01e-09   1.64e-05    1.928    3.0 
 15   -121.9494574189    1.45e-10   2.74e-06    1.928    3.5 
 16   -121.9494574191   -1.76e-10   6.78e-07    1.928    3.8 
 17   -121.9494574191    7.53e-13   1.92e-07    1.928    3.1 
Energy breakdown:
    Kinetic             59.3814282
    AtomicLocal         -99.3605616
    AtomicNonlocal      -16.5408025
    Ewald               -85.8892161
    PspCorrection       3.5081636 
    Hartree             29.7313728
    Xc                  -12.7787483
    Entropy             -0.0010934

    total               -121.949457419091

 ──────────────────────────────────────────────────────────────────────────────
                                       Time                   Allocations      
                               ──────────────────────   ───────────────────────
       Tot / % measured:             123s / 98.0%           90.0GiB / 100%     

 Section               ncalls     time   %tot     avg     alloc   %tot      avg
 ──────────────────────────────────────────────────────────────────────────────
 self_consistent_field      1     121s   100%    121s   89.7GiB  100%   89.7GiB
   LOBPCG               2.86k    96.8s  80.3%  33.9ms   51.8GiB  57.7%  18.6MiB
     Hamiltonian mu...  12.4k    40.3s  33.4%  3.25ms   9.22GiB  10.3%   780KiB
     ortho              40.4k    12.0s  9.92%   296μs   8.58GiB  9.57%   223KiB
     rayleigh_ritz      9.54k    10.4s  8.62%  1.09ms   1.37GiB  1.53%   150KiB
     block multipli...  45.4k    9.48s  7.86%   209μs   8.41GiB  9.38%   194KiB
   compute_density         17    14.6s  12.1%   860ms   29.9GiB  33.4%  1.76GiB
   energy_hamiltonian      35    5.21s  4.32%   149ms   7.33GiB  8.17%   214MiB
   KerkerDosMixing         17    799ms  0.66%  47.0ms    141MiB  0.15%  8.32MiB
     KerkerMixing          17    532ms  0.44%  31.3ms    115MiB  0.12%  6.74MiB
   QR orthonormaliz...  2.86k   1.81ms  0.00%   633ns     0.00B  0.00%    0.00B
 ──────────────────────────────────────────────────────────────────────────────

Total time in ns: 121594275154
