Julia version: 1.6.0-DEV.1324

Threading configuration: 
       JULIA_NUM_THREADS:   7
      JULIA_FFTW_THREADS:   1
      JULIA_BLAS_THREADS:   5
Payload:  Fe_scfres_guess.jld2

System facts:
    fft_size:      (30, 30, 30)
    kpoints:       168
    n_electrons:   16
    n_bands:       23

Compiling code ...
Timing SCF ...

n     Free energy       Eₙ-Eₙ₋₁     ρout-ρin   Magnet   Diag
---   ---------------   ---------   --------   ------   ----
  1   -111.8090315840         NaN   5.13e+00    2.000    1.0 
  2   -116.7235432435   -4.91e+00   3.03e+00    2.000    6.0 
  3   -120.7864726488   -4.06e+00   1.12e+00    2.387    5.7 
  4   -121.8708791207   -1.08e+00   2.62e-01    2.625    5.4 
  5   -121.8962017310   -2.53e-02   3.11e-01    2.373    3.2 
  6   -121.9450888059   -4.89e-02   1.65e-01    2.143    2.8 
  7   -121.9131213962    3.20e-02   2.27e-01    2.150    2.5 
  8   -121.9485837639   -3.55e-02   4.08e-02    1.882    2.6 
  9   -121.9494017835   -8.18e-04   1.10e-02    1.908    2.0 
 10   -121.9494537842   -5.20e-05   5.92e-03    1.932    2.6 
 11   -121.9494571622   -3.38e-06   7.31e-04    1.933    2.4 
 12   -121.9494574291   -2.67e-07   3.00e-04    1.929    4.0 
 13   -121.9494574260    3.03e-09   6.59e-05    1.928    3.1 
 14   -121.9494574190    6.99e-09   1.65e-05    1.928    3.0 
 15   -121.9494574189    1.24e-10   2.75e-06    1.928    3.5 
 16   -121.9494574191   -1.69e-10   6.62e-07    1.928    3.8 
 17   -121.9494574191   -3.08e-12   1.99e-07    1.928    3.2 
Energy breakdown:
    Kinetic             59.3814281
    AtomicLocal         -99.3605616
    AtomicNonlocal      -16.5408024
    Ewald               -85.8892161
    PspCorrection       3.5081636 
    Hartree             29.7313727
    Xc                  -12.7787483
    Entropy             -0.0010934

    total               -121.949457419092

 ──────────────────────────────────────────────────────────────────────────────
                                       Time                   Allocations      
                               ──────────────────────   ───────────────────────
       Tot / % measured:             117s / 97.8%           88.6GiB / 100%     

 Section               ncalls     time   %tot     avg     alloc   %tot      avg
 ──────────────────────────────────────────────────────────────────────────────
 self_consistent_field      1     115s   100%    115s   88.3GiB  100%   88.3GiB
   LOBPCG               2.86k    90.1s  78.6%  31.5ms   50.6GiB  57.3%  18.1MiB
     Hamiltonian mu...  12.4k    36.1s  31.5%  2.91ms   8.04GiB  9.10%   679KiB
     ortho              40.5k    11.1s  9.70%   274μs   8.59GiB  9.72%   222KiB
     rayleigh_ritz      9.56k    10.4s  9.11%  1.09ms   1.37GiB  1.55%   150KiB
     block multipli...  45.5k    8.19s  7.14%   180μs   8.43GiB  9.54%   194KiB
   compute_density         17    14.4s  12.6%   850ms   29.7GiB  33.7%  1.75GiB
   energy_hamiltonian      35    5.93s  5.18%   170ms   7.32GiB  8.29%   214MiB
   KerkerDosMixing         17    794ms  0.69%  46.7ms    141MiB  0.16%  8.31MiB
     KerkerMixing          17    514ms  0.45%  30.2ms    114MiB  0.13%  6.74MiB
   QR orthonormaliz...  2.86k   1.91ms  0.00%   669ns     0.00B  0.00%    0.00B
 ──────────────────────────────────────────────────────────────────────────────

Total time in ns: 115783227039
