Julia version: 1.6.0-DEV.1324

Threading configuration: 
       JULIA_NUM_THREADS:   7
      JULIA_FFTW_THREADS:   2
      JULIA_BLAS_THREADS:   5
Payload:  Fe_scfres_guess.jld2

System facts:
    fft_size:      (30, 30, 30)
    kpoints:       168
    n_electrons:   16
    n_bands:       23

Compiling code ...
Timing SCF ...

n     Free energy       Eₙ-Eₙ₋₁     ρout-ρin   Magnet   Diag
---   ---------------   ---------   --------   ------   ----
  1   -111.8090315840         NaN   5.13e+00    2.000    1.0 
  2   -116.7235499550   -4.91e+00   3.03e+00    2.000    6.0 
  3   -120.7864693791   -4.06e+00   1.12e+00    2.387    5.8 
  4   -121.8708780845   -1.08e+00   2.62e-01    2.625    5.4 
  5   -121.8962110525   -2.53e-02   3.11e-01    2.373    3.2 
  6   -121.9450871156   -4.89e-02   1.65e-01    2.143    2.8 
  7   -121.9131595830    3.19e-02   2.27e-01    2.150    2.5 
  8   -121.9485866412   -3.54e-02   4.07e-02    1.882    2.5 
  9   -121.9494018692   -8.15e-04   1.10e-02    1.908    2.0 
 10   -121.9494537912   -5.19e-05   5.91e-03    1.932    2.6 
 11   -121.9494571641   -3.37e-06   7.29e-04    1.933    2.4 
 12   -121.9494574297   -2.66e-07   2.98e-04    1.929    3.9 
 13   -121.9494574259    3.75e-09   6.59e-05    1.928    3.0 
 14   -121.9494574191    6.86e-09   1.65e-05    1.928    3.1 
 15   -121.9494574189    1.44e-10   2.75e-06    1.928    3.5 
 16   -121.9494574191   -1.74e-10   6.70e-07    1.928    3.7 
 17   -121.9494574191    8.53e-13   1.94e-07    1.928    3.2 
Energy breakdown:
    Kinetic             59.3814282
    AtomicLocal         -99.3605617
    AtomicNonlocal      -16.5408025
    Ewald               -85.8892161
    PspCorrection       3.5081636 
    Hartree             29.7313728
    Xc                  -12.7787483
    Entropy             -0.0010934

    total               -121.949457419090

 ──────────────────────────────────────────────────────────────────────────────
                                       Time                   Allocations      
                               ──────────────────────   ───────────────────────
       Tot / % measured:             121s / 97.8%           90.0GiB / 100%     

 Section               ncalls     time   %tot     avg     alloc   %tot      avg
 ──────────────────────────────────────────────────────────────────────────────
 self_consistent_field      1     119s   100%    119s   89.7GiB  100%   89.7GiB
   LOBPCG               2.86k    93.0s  78.3%  32.6ms   51.8GiB  57.7%  18.6MiB
     Hamiltonian mu...  12.4k    40.1s  33.7%  3.24ms   9.22GiB  10.3%   781KiB
     ortho              40.4k    11.1s  9.37%   275μs   8.58GiB  9.57%   223KiB
     rayleigh_ritz      9.52k    10.2s  8.55%  1.07ms   1.37GiB  1.53%   151KiB
     block multipli...  45.3k    8.24s  6.94%   182μs   8.41GiB  9.38%   195KiB
   compute_density         17    15.9s  13.4%   936ms   29.9GiB  33.4%  1.76GiB
   energy_hamiltonian      35    5.75s  4.84%   164ms   7.33GiB  8.17%   214MiB
   KerkerDosMixing         17    862ms  0.73%  50.7ms    141MiB  0.15%  8.32MiB
     KerkerMixing          17    590ms  0.50%  34.7ms    115MiB  0.12%  6.74MiB
   QR orthonormaliz...  2.86k   1.86ms  0.00%   652ns     0.00B  0.00%    0.00B
 ──────────────────────────────────────────────────────────────────────────────

Total time in ns: 119975537946
