Julia version: 1.6.0-DEV.1324

Threading configuration: 
       JULIA_NUM_THREADS:   7
      JULIA_FFTW_THREADS:   1
      JULIA_BLAS_THREADS:   6
Payload:  Fe_scfres_guess.jld2

System facts:
    fft_size:      (30, 30, 30)
    kpoints:       168
    n_electrons:   16
    n_bands:       23

Compiling code ...
Timing SCF ...

n     Free energy       Eₙ-Eₙ₋₁     ρout-ρin   Magnet   Diag
---   ---------------   ---------   --------   ------   ----
  1   -111.8090315840         NaN   5.13e+00    2.000    1.0 
  2   -116.7235533916   -4.91e+00   3.03e+00    2.000    6.0 
  3   -120.7864727661   -4.06e+00   1.12e+00    2.387    5.7 
  4   -121.8708810005   -1.08e+00   2.62e-01    2.625    5.4 
  5   -121.8962018426   -2.53e-02   3.11e-01    2.373    3.3 
  6   -121.9450862971   -4.89e-02   1.65e-01    2.143    2.8 
  7   -121.9131204753    3.20e-02   2.27e-01    2.150    2.5 
  8   -121.9485833176   -3.55e-02   4.08e-02    1.882    2.6 
  9   -121.9494018003   -8.18e-04   1.10e-02    1.908    2.0 
 10   -121.9494537785   -5.20e-05   5.92e-03    1.932    2.6 
 11   -121.9494571637   -3.39e-06   7.30e-04    1.933    2.3 
 12   -121.9494574298   -2.66e-07   2.99e-04    1.929    4.0 
 13   -121.9494574261    3.73e-09   6.60e-05    1.928    3.0 
 14   -121.9494574191    6.99e-09   1.65e-05    1.928    3.1 
 15   -121.9494574189    1.65e-10   2.74e-06    1.928    3.5 
 16   -121.9494574191   -1.78e-10   6.79e-07    1.928    3.8 
 17   -121.9494574191    7.67e-13   1.88e-07    1.928    3.2 
Energy breakdown:
    Kinetic             59.3814282
    AtomicLocal         -99.3605617
    AtomicNonlocal      -16.5408025
    Ewald               -85.8892161
    PspCorrection       3.5081636 
    Hartree             29.7313728
    Xc                  -12.7787483
    Entropy             -0.0010934

    total               -121.949457419090

 ──────────────────────────────────────────────────────────────────────────────
                                       Time                   Allocations      
                               ──────────────────────   ───────────────────────
       Tot / % measured:             115s / 97.8%           88.6GiB / 100%     

 Section               ncalls     time   %tot     avg     alloc   %tot      avg
 ──────────────────────────────────────────────────────────────────────────────
 self_consistent_field      1     113s   100%    113s   88.3GiB  100%   88.3GiB
   LOBPCG               2.86k    88.3s  78.4%  30.9ms   50.6GiB  57.3%  18.1MiB
     Hamiltonian mu...  12.4k    37.2s  33.0%  3.00ms   8.03GiB  9.10%   679KiB
     ortho              40.5k    11.4s  10.1%   280μs   8.58GiB  9.72%   222KiB
     rayleigh_ritz      9.54k    8.92s  7.92%   935μs   1.37GiB  1.55%   150KiB
     block multipli...  45.5k    7.40s  6.57%   163μs   8.42GiB  9.53%   194KiB
   compute_density         17    14.3s  12.7%   843ms   29.7GiB  33.7%  1.75GiB
   energy_hamiltonian      35    5.73s  5.09%   164ms   7.32GiB  8.29%   214MiB
   KerkerDosMixing         17    878ms  0.78%  51.6ms    141MiB  0.16%  8.31MiB
     KerkerMixing          17    611ms  0.54%  36.0ms    114MiB  0.13%  6.74MiB
   QR orthonormaliz...  2.86k   1.93ms  0.00%   674ns     0.00B  0.00%    0.00B
 ──────────────────────────────────────────────────────────────────────────────

Total time in ns: 113711050617
