Julia version: 1.6.0-DEV.1324

Threading configuration: 
       JULIA_NUM_THREADS:   7
      JULIA_FFTW_THREADS:   2
      JULIA_BLAS_THREADS:   6
Payload:  Fe_scfres_guess.jld2

System facts:
    fft_size:      (30, 30, 30)
    kpoints:       168
    n_electrons:   16
    n_bands:       23

Compiling code ...
Timing SCF ...

n     Free energy       Eₙ-Eₙ₋₁     ρout-ρin   Magnet   Diag
---   ---------------   ---------   --------   ------   ----
  1   -111.8090315840         NaN   5.13e+00    2.000    1.0 
  2   -116.7235597978   -4.91e+00   3.03e+00    2.000    6.1 
  3   -120.7864746778   -4.06e+00   1.12e+00    2.387    5.8 
  4   -121.8708789321   -1.08e+00   2.62e-01    2.625    5.4 
  5   -121.8962088007   -2.53e-02   3.11e-01    2.373    3.2 
  6   -121.9450905653   -4.89e-02   1.65e-01    2.143    2.8 
  7   -121.9131287995    3.20e-02   2.27e-01    2.150    2.5 
  8   -121.9485846264   -3.55e-02   4.08e-02    1.882    2.6 
  9   -121.9494018697   -8.17e-04   1.10e-02    1.908    2.0 
 10   -121.9494537932   -5.19e-05   5.91e-03    1.932    2.6 
 11   -121.9494571629   -3.37e-06   7.30e-04    1.933    2.4 
 12   -121.9494574290   -2.66e-07   2.99e-04    1.929    3.9 
 13   -121.9494574261    2.89e-09   6.61e-05    1.928    3.0 
 14   -121.9494574191    7.01e-09   1.65e-05    1.928    3.1 
 15   -121.9494574189    1.54e-10   2.74e-06    1.928    3.6 
 16   -121.9494574191   -1.73e-10   6.69e-07    1.928    3.7 
 17   -121.9494574191   -1.28e-12   1.94e-07    1.928    3.2 
Energy breakdown:
    Kinetic             59.3814282
    AtomicLocal         -99.3605616
    AtomicNonlocal      -16.5408024
    Ewald               -85.8892161
    PspCorrection       3.5081636 
    Hartree             29.7313727
    Xc                  -12.7787483
    Entropy             -0.0010934

    total               -121.949457419091

 ──────────────────────────────────────────────────────────────────────────────
                                       Time                   Allocations      
                               ──────────────────────   ───────────────────────
       Tot / % measured:             118s / 97.9%           90.0GiB / 100%     

 Section               ncalls     time   %tot     avg     alloc   %tot      avg
 ──────────────────────────────────────────────────────────────────────────────
 self_consistent_field      1     115s   100%    115s   89.7GiB  100%   89.7GiB
   LOBPCG               2.86k    90.4s  78.4%  31.6ms   51.8GiB  57.7%  18.6MiB
     Hamiltonian mu...  12.4k    39.4s  34.2%  3.18ms   9.23GiB  10.3%   780KiB
     ortho              40.5k    11.4s  9.85%   281μs   8.59GiB  9.57%   223KiB
     rayleigh_ritz      9.55k    9.05s  7.85%   948μs   1.37GiB  1.53%   151KiB
     block multipli...  45.5k    7.57s  6.57%   166μs   8.43GiB  9.39%   194KiB
   compute_density         17    15.2s  13.2%   893ms   29.9GiB  33.4%  1.76GiB
   energy_hamiltonian      35    5.95s  5.16%   170ms   7.33GiB  8.17%   214MiB
   KerkerDosMixing         17    752ms  0.65%  44.2ms    141MiB  0.15%  8.32MiB
     KerkerMixing          17    497ms  0.43%  29.2ms    115MiB  0.12%  6.74MiB
   QR orthonormaliz...  2.86k   2.03ms  0.00%   710ns     0.00B  0.00%    0.00B
 ──────────────────────────────────────────────────────────────────────────────

Total time in ns: 116281470165
