Julia version: 1.6.0-DEV.1324

Threading configuration: 
       JULIA_NUM_THREADS:   7
      JULIA_FFTW_THREADS:   2
      JULIA_BLAS_THREADS:   7
Payload:  Fe_scfres_guess.jld2

System facts:
    fft_size:      (30, 30, 30)
    kpoints:       168
    n_electrons:   16
    n_bands:       23

Compiling code ...
Timing SCF ...

n     Free energy       Eₙ-Eₙ₋₁     ρout-ρin   Magnet   Diag
---   ---------------   ---------   --------   ------   ----
  1   -111.8090315840         NaN   5.13e+00    2.000    1.0 
  2   -116.7235475917   -4.91e+00   3.03e+00    2.000    6.0 
  3   -120.7864799277   -4.06e+00   1.12e+00    2.387    5.8 
  4   -121.8708765305   -1.08e+00   2.62e-01    2.625    5.4 
  5   -121.8962117055   -2.53e-02   3.11e-01    2.373    3.3 
  6   -121.9450829855   -4.89e-02   1.66e-01    2.143    2.8 
  7   -121.9131252882    3.20e-02   2.27e-01    2.150    2.5 
  8   -121.9485857462   -3.55e-02   4.08e-02    1.882    2.5 
  9   -121.9494018439   -8.16e-04   1.10e-02    1.908    2.0 
 10   -121.9494538105   -5.20e-05   5.91e-03    1.932    2.6 
 11   -121.9494571632   -3.35e-06   7.30e-04    1.933    2.4 
 12   -121.9494574287   -2.66e-07   2.99e-04    1.929    4.0 
 13   -121.9494574260    2.75e-09   6.58e-05    1.928    3.0 
 14   -121.9494574191    6.91e-09   1.65e-05    1.928    3.1 
 15   -121.9494574189    1.61e-10   2.74e-06    1.928    3.5 
 16   -121.9494574191   -1.78e-10   6.80e-07    1.928    3.8 
 17   -121.9494574191   -6.39e-13   1.90e-07    1.928    3.2 
Energy breakdown:
    Kinetic             59.3814282
    AtomicLocal         -99.3605616
    AtomicNonlocal      -16.5408024
    Ewald               -85.8892161
    PspCorrection       3.5081636 
    Hartree             29.7313728
    Xc                  -12.7787483
    Entropy             -0.0010934

    total               -121.949457419090

 ──────────────────────────────────────────────────────────────────────────────
                                       Time                   Allocations      
                               ──────────────────────   ───────────────────────
       Tot / % measured:             120s / 97.9%           90.0GiB / 100%     

 Section               ncalls     time   %tot     avg     alloc   %tot      avg
 ──────────────────────────────────────────────────────────────────────────────
 self_consistent_field      1     117s   100%    117s   89.7GiB  100%   89.7GiB
   LOBPCG               2.86k    92.0s  78.3%  32.2ms   51.8GiB  57.7%  18.6MiB
     Hamiltonian mu...  12.4k    40.5s  34.4%  3.26ms   9.22GiB  10.3%   781KiB
     ortho              40.4k    11.6s  9.88%   287μs   8.58GiB  9.57%   223KiB
     rayleigh_ritz      9.54k    9.10s  7.75%   954μs   1.37GiB  1.53%   151KiB
     block multipli...  45.4k    7.50s  6.38%   165μs   8.41GiB  9.38%   194KiB
   compute_density         17    14.9s  12.7%   877ms   29.9GiB  33.4%  1.76GiB
   energy_hamiltonian      35    6.49s  5.53%   185ms   7.33GiB  8.17%   214MiB
   KerkerDosMixing         17    780ms  0.66%  45.9ms    141MiB  0.15%  8.32MiB
     KerkerMixing          17    513ms  0.44%  30.2ms    115MiB  0.12%  6.74MiB
   QR orthonormaliz...  2.86k   2.14ms  0.00%   750ns     0.00B  0.00%    0.00B
 ──────────────────────────────────────────────────────────────────────────────

Total time in ns: 118560141656
