Julia version: 1.6.0-DEV.1324

Threading configuration: 
       JULIA_NUM_THREADS:   7
      JULIA_FFTW_THREADS:   1
      JULIA_BLAS_THREADS:   7
Payload:  Fe_scfres_guess.jld2

System facts:
    fft_size:      (30, 30, 30)
    kpoints:       168
    n_electrons:   16
    n_bands:       23

Compiling code ...
Timing SCF ...

n     Free energy       Eₙ-Eₙ₋₁     ρout-ρin   Magnet   Diag
---   ---------------   ---------   --------   ------   ----
  1   -111.8090315840         NaN   5.13e+00    2.000    1.0 
  2   -116.7235661419   -4.91e+00   3.03e+00    2.000    6.0 
  3   -120.7864764930   -4.06e+00   1.12e+00    2.387    5.7 
  4   -121.8708793841   -1.08e+00   2.62e-01    2.625    5.4 
  5   -121.8962123000   -2.53e-02   3.11e-01    2.373    3.3 
  6   -121.9450872502   -4.89e-02   1.65e-01    2.143    2.8 
  7   -121.9131513126    3.19e-02   2.27e-01    2.150    2.5 
  8   -121.9485866748   -3.54e-02   4.07e-02    1.882    2.6 
  9   -121.9494018272   -8.15e-04   1.10e-02    1.908    2.0 
 10   -121.9494537680   -5.19e-05   5.92e-03    1.932    2.6 
 11   -121.9494571627   -3.39e-06   7.29e-04    1.933    2.4 
 12   -121.9494574306   -2.68e-07   2.98e-04    1.929    4.0 
 13   -121.9494574259    4.68e-09   6.58e-05    1.928    3.1 
 14   -121.9494574191    6.86e-09   1.66e-05    1.928    3.0 
 15   -121.9494574189    1.66e-10   2.76e-06    1.928    3.5 
 16   -121.9494574191   -1.88e-10   6.75e-07    1.928    3.7 
 17   -121.9494574191   -1.29e-12   2.02e-07    1.928    3.2 
Energy breakdown:
    Kinetic             59.3814282
    AtomicLocal         -99.3605617
    AtomicNonlocal      -16.5408025
    Ewald               -85.8892161
    PspCorrection       3.5081636 
    Hartree             29.7313728
    Xc                  -12.7787483
    Entropy             -0.0010934

    total               -121.949457419091

 ──────────────────────────────────────────────────────────────────────────────
                                       Time                   Allocations      
                               ──────────────────────   ───────────────────────
       Tot / % measured:             119s / 97.9%           88.6GiB / 100%     

 Section               ncalls     time   %tot     avg     alloc   %tot      avg
 ──────────────────────────────────────────────────────────────────────────────
 self_consistent_field      1     116s   100%    116s   88.3GiB  100%   88.3GiB
   LOBPCG               2.86k    91.7s  78.9%  32.1ms   50.6GiB  57.3%  18.1MiB
     Hamiltonian mu...  12.4k    40.6s  34.9%  3.28ms   8.03GiB  9.10%   680KiB
     ortho              40.4k    11.5s  9.92%   285μs   8.58GiB  9.72%   223KiB
     rayleigh_ritz      9.53k    9.06s  7.80%   951μs   1.37GiB  1.55%   151KiB
     block multipli...  45.4k    7.16s  6.16%   158μs   8.42GiB  9.53%   194KiB
   compute_density         17    14.4s  12.4%   848ms   29.7GiB  33.7%  1.75GiB
   energy_hamiltonian      35    6.26s  5.39%   179ms   7.32GiB  8.29%   214MiB
   KerkerDosMixing         17    756ms  0.65%  44.5ms    141MiB  0.16%  8.31MiB
     KerkerMixing          17    495ms  0.43%  29.1ms    114MiB  0.13%  6.74MiB
   QR orthonormaliz...  2.86k   2.20ms  0.00%   771ns     0.00B  0.00%    0.00B
 ──────────────────────────────────────────────────────────────────────────────

Total time in ns: 117266414051
