Julia version: 1.6.0-DEV.1324

Threading configuration: 
       JULIA_NUM_THREADS:   8
      JULIA_FFTW_THREADS:   2
      JULIA_BLAS_THREADS:   4
Payload:  Fe_scfres_guess.jld2

System facts:
    fft_size:      (30, 30, 30)
    kpoints:       168
    n_electrons:   16
    n_bands:       23

Compiling code ...
Timing SCF ...

n     Free energy       Eₙ-Eₙ₋₁     ρout-ρin   Magnet   Diag
---   ---------------   ---------   --------   ------   ----
  1   -111.8090315840         NaN   5.13e+00    2.000    1.0 
  2   -116.7235571231   -4.91e+00   3.03e+00    2.000    6.1 
  3   -120.7864642854   -4.06e+00   1.12e+00    2.387    5.7 
  4   -121.8708852221   -1.08e+00   2.62e-01    2.625    5.4 
  5   -121.8961932010   -2.53e-02   3.11e-01    2.373    3.2 
  6   -121.9450901724   -4.89e-02   1.65e-01    2.143    2.8 
  7   -121.9131312982    3.20e-02   2.27e-01    2.150    2.5 
  8   -121.9485837855   -3.55e-02   4.08e-02    1.882    2.6 
  9   -121.9494018114   -8.18e-04   1.10e-02    1.908    2.0 
 10   -121.9494537757   -5.20e-05   5.91e-03    1.932    2.5 
 11   -121.9494571660   -3.39e-06   7.27e-04    1.933    2.4 
 12   -121.9494574301   -2.64e-07   2.98e-04    1.929    3.9 
 13   -121.9494574258    4.32e-09   6.54e-05    1.928    3.1 
 14   -121.9494574191    6.75e-09   1.65e-05    1.928    3.1 
 15   -121.9494574189    1.66e-10   2.72e-06    1.928    3.5 
 16   -121.9494574191   -1.92e-10   7.03e-07    1.928    3.7 
 17   -121.9494574191    6.78e-12   1.78e-07    1.928    3.3 
Energy breakdown:
    Kinetic             59.3814283
    AtomicLocal         -99.3605618
    AtomicNonlocal      -16.5408025
    Ewald               -85.8892161
    PspCorrection       3.5081636 
    Hartree             29.7313729
    Xc                  -12.7787484
    Entropy             -0.0010934

    total               -121.949457419087

 ──────────────────────────────────────────────────────────────────────────────
                                       Time                   Allocations      
                               ──────────────────────   ───────────────────────
       Tot / % measured:             115s / 97.8%           90.2GiB / 100%     

 Section               ncalls     time   %tot     avg     alloc   %tot      avg
 ──────────────────────────────────────────────────────────────────────────────
 self_consistent_field      1     112s   100%    112s   89.9GiB  100%   89.9GiB
   LOBPCG               2.86k    89.3s  79.7%  31.3ms   51.9GiB  57.8%  18.6MiB
     Hamiltonian mu...  12.4k    34.2s  30.6%  2.76ms   9.41GiB  10.5%   796KiB
     ortho              40.5k    11.4s  10.1%   281μs   8.58GiB  9.54%   222KiB
     rayleigh_ritz      9.54k    10.2s  9.11%  1.07ms   1.37GiB  1.52%   150KiB
     block multipli...  45.5k    9.69s  8.64%   213μs   8.41GiB  9.35%   194KiB
   compute_density         17    13.4s  11.9%   786ms   30.0GiB  33.3%  1.76GiB
   energy_hamiltonian      35    5.50s  4.91%   157ms   7.36GiB  8.18%   215MiB
   KerkerDosMixing         17    746ms  0.67%  43.9ms    141MiB  0.15%  8.32MiB
     KerkerMixing          17    495ms  0.44%  29.1ms    115MiB  0.12%  6.74MiB
   QR orthonormaliz...  2.86k   1.83ms  0.00%   641ns     0.00B  0.00%    0.00B
 ──────────────────────────────────────────────────────────────────────────────

Total time in ns: 113105135711
