Julia version: 1.6.0-DEV.1324

Threading configuration: 
       JULIA_NUM_THREADS:   8
      JULIA_FFTW_THREADS:   1
      JULIA_BLAS_THREADS:   4
Payload:  Fe_scfres_guess.jld2

System facts:
    fft_size:      (30, 30, 30)
    kpoints:       168
    n_electrons:   16
    n_bands:       23

Compiling code ...
Timing SCF ...

n     Free energy       Eₙ-Eₙ₋₁     ρout-ρin   Magnet   Diag
---   ---------------   ---------   --------   ------   ----
  1   -111.8090315840         NaN   5.13e+00    2.000    1.0 
  2   -116.7235539773   -4.91e+00   3.03e+00    2.000    6.0 
  3   -120.7864725724   -4.06e+00   1.12e+00    2.387    5.8 
  4   -121.8708811977   -1.08e+00   2.62e-01    2.625    5.4 
  5   -121.8962004922   -2.53e-02   3.11e-01    2.373    3.2 
  6   -121.9450858202   -4.89e-02   1.66e-01    2.143    2.8 
  7   -121.9131327839    3.20e-02   2.27e-01    2.150    2.4 
  8   -121.9485848059   -3.55e-02   4.08e-02    1.882    2.5 
  9   -121.9494017964   -8.17e-04   1.10e-02    1.908    2.0 
 10   -121.9494537886   -5.20e-05   5.90e-03    1.932    2.6 
 11   -121.9494571609   -3.37e-06   7.29e-04    1.933    2.4 
 12   -121.9494574294   -2.68e-07   2.99e-04    1.929    4.0 
 13   -121.9494574261    3.35e-09   6.63e-05    1.928    3.1 
 14   -121.9494574191    7.01e-09   1.66e-05    1.928    3.0 
 15   -121.9494574189    1.65e-10   2.74e-06    1.928    3.6 
 16   -121.9494574191   -1.74e-10   6.72e-07    1.928    3.7 
 17   -121.9494574191   -1.28e-12   1.97e-07    1.928    3.2 
Energy breakdown:
    Kinetic             59.3814282
    AtomicLocal         -99.3605616
    AtomicNonlocal      -16.5408024
    Ewald               -85.8892161
    PspCorrection       3.5081636 
    Hartree             29.7313727
    Xc                  -12.7787483
    Entropy             -0.0010934

    total               -121.949457419091

 ──────────────────────────────────────────────────────────────────────────────
                                       Time                   Allocations      
                               ──────────────────────   ───────────────────────
       Tot / % measured:             115s / 97.7%           88.9GiB / 100%     

 Section               ncalls     time   %tot     avg     alloc   %tot      avg
 ──────────────────────────────────────────────────────────────────────────────
 self_consistent_field      1     113s   100%    113s   88.5GiB  100%   88.5GiB
   LOBPCG               2.86k    90.2s  80.1%  31.6ms   50.8GiB  57.3%  18.2MiB
     Hamiltonian mu...  12.4k    33.0s  29.3%  2.66ms   8.22GiB  9.28%   695KiB
     ortho              40.5k    11.8s  10.5%   291μs   8.58GiB  9.69%   222KiB
     rayleigh_ritz      9.54k    10.3s  9.16%  1.08ms   1.37GiB  1.55%   150KiB
     block multipli...  45.4k    8.95s  7.95%   197μs   8.42GiB  9.50%   194KiB
   compute_density         17    12.5s  11.1%   736ms   29.8GiB  33.6%  1.75GiB
   energy_hamiltonian      35    5.78s  5.13%   165ms   7.35GiB  8.30%   215MiB
   KerkerDosMixing         17    820ms  0.73%  48.3ms    141MiB  0.16%  8.31MiB
     KerkerMixing          17    530ms  0.47%  31.2ms    114MiB  0.13%  6.74MiB
   QR orthonormaliz...  2.86k   1.98ms  0.00%   692ns     0.00B  0.00%    0.00B
 ──────────────────────────────────────────────────────────────────────────────

Total time in ns: 113681443493
