Julia version: 1.6.0-DEV.1324

Threading configuration: 
       JULIA_NUM_THREADS:   8
      JULIA_FFTW_THREADS:   1
      JULIA_BLAS_THREADS:   5
Payload:  Fe_scfres_guess.jld2

System facts:
    fft_size:      (30, 30, 30)
    kpoints:       168
    n_electrons:   16
    n_bands:       23

Compiling code ...
Timing SCF ...

n     Free energy       Eₙ-Eₙ₋₁     ρout-ρin   Magnet   Diag
---   ---------------   ---------   --------   ------   ----
  1   -111.8090315840         NaN   5.13e+00    2.000    1.0 
  2   -116.7235506604   -4.91e+00   3.03e+00    2.000    6.0 
  3   -120.7864704105   -4.06e+00   1.12e+00    2.387    5.7 
  4   -121.8708831142   -1.08e+00   2.62e-01    2.625    5.4 
  5   -121.8961987115   -2.53e-02   3.11e-01    2.373    3.3 
  6   -121.9450960578   -4.89e-02   1.65e-01    2.143    2.8 
  7   -121.9131785117    3.19e-02   2.27e-01    2.150    2.5 
  8   -121.9485855929   -3.54e-02   4.08e-02    1.882    2.6 
  9   -121.9494019160   -8.16e-04   1.10e-02    1.908    2.0 
 10   -121.9494537968   -5.19e-05   5.91e-03    1.932    2.6 
 11   -121.9494571638   -3.37e-06   7.28e-04    1.933    2.4 
 12   -121.9494574294   -2.66e-07   2.98e-04    1.929    4.1 
 13   -121.9494574259    3.47e-09   6.60e-05    1.928    3.1 
 14   -121.9494574191    6.88e-09   1.65e-05    1.928    3.0 
 15   -121.9494574189    1.49e-10   2.74e-06    1.928    3.6 
 16   -121.9494574191   -1.76e-10   6.76e-07    1.928    3.7 
 17   -121.9494574191   -4.55e-13   1.93e-07    1.928    3.2 
Energy breakdown:
    Kinetic             59.3814282
    AtomicLocal         -99.3605617
    AtomicNonlocal      -16.5408025
    Ewald               -85.8892161
    PspCorrection       3.5081636 
    Hartree             29.7313728
    Xc                  -12.7787483
    Entropy             -0.0010934

    total               -121.949457419090

 ──────────────────────────────────────────────────────────────────────────────
                                       Time                   Allocations      
                               ──────────────────────   ───────────────────────
       Tot / % measured:             115s / 97.8%           88.9GiB / 100%     

 Section               ncalls     time   %tot     avg     alloc   %tot      avg
 ──────────────────────────────────────────────────────────────────────────────
 self_consistent_field      1     112s   100%    112s   88.6GiB  100%   88.6GiB
   LOBPCG               2.86k    89.3s  79.4%  31.3ms   50.8GiB  57.4%  18.2MiB
     Hamiltonian mu...  12.4k    34.7s  30.9%  2.80ms   8.23GiB  9.29%   695KiB
     ortho              40.5k    11.5s  10.2%   283μs   8.59GiB  9.70%   222KiB
     rayleigh_ritz      9.56k    10.1s  9.03%  1.06ms   1.37GiB  1.55%   150KiB
     block multipli...  45.6k    8.49s  7.55%   186μs   8.43GiB  9.52%   194KiB
   compute_density         17    13.1s  11.6%   770ms   29.8GiB  33.6%  1.75GiB
   energy_hamiltonian      35    6.31s  5.62%   180ms   7.35GiB  8.30%   215MiB
   KerkerDosMixing         17    749ms  0.67%  44.1ms    141MiB  0.16%  8.31MiB
     KerkerMixing          17    497ms  0.44%  29.2ms    114MiB  0.13%  6.74MiB
   QR orthonormaliz...  2.86k   1.92ms  0.00%   672ns     0.00B  0.00%    0.00B
 ──────────────────────────────────────────────────────────────────────────────

Total time in ns: 113513824330
