Julia version: 1.6.0-DEV.1324

Threading configuration: 
       JULIA_NUM_THREADS:   8
      JULIA_FFTW_THREADS:   2
      JULIA_BLAS_THREADS:   5
Payload:  Fe_scfres_guess.jld2

System facts:
    fft_size:      (30, 30, 30)
    kpoints:       168
    n_electrons:   16
    n_bands:       23

Compiling code ...
Timing SCF ...

n     Free energy       Eₙ-Eₙ₋₁     ρout-ρin   Magnet   Diag
---   ---------------   ---------   --------   ------   ----
  1   -111.8090315840         NaN   5.13e+00    2.000    1.0 
  2   -116.7235525099   -4.91e+00   3.03e+00    2.000    6.0 
  3   -120.7864675877   -4.06e+00   1.12e+00    2.387    5.7 
  4   -121.8708828680   -1.08e+00   2.62e-01    2.625    5.4 
  5   -121.8961993891   -2.53e-02   3.11e-01    2.373    3.2 
  6   -121.9450956323   -4.89e-02   1.65e-01    2.143    2.9 
  7   -121.9131755839    3.19e-02   2.27e-01    2.150    2.5 
  8   -121.9485849554   -3.54e-02   4.08e-02    1.882    2.6 
  9   -121.9494018470   -8.17e-04   1.10e-02    1.908    2.0 
 10   -121.9494538030   -5.20e-05   5.91e-03    1.932    2.6 
 11   -121.9494571648   -3.36e-06   7.29e-04    1.933    2.4 
 12   -121.9494574290   -2.64e-07   2.98e-04    1.929    4.0 
 13   -121.9494574260    3.07e-09   6.58e-05    1.928    3.0 
 14   -121.9494574190    6.92e-09   1.65e-05    1.928    3.1 
 15   -121.9494574189    1.32e-10   2.73e-06    1.928    3.4 
 16   -121.9494574191   -1.81e-10   6.86e-07    1.928    3.8 
 17   -121.9494574191    1.46e-12   1.88e-07    1.928    3.2 
Energy breakdown:
    Kinetic             59.3814282
    AtomicLocal         -99.3605616
    AtomicNonlocal      -16.5408025
    Ewald               -85.8892161
    PspCorrection       3.5081636 
    Hartree             29.7313728
    Xc                  -12.7787483
    Entropy             -0.0010934

    total               -121.949457419089

 ──────────────────────────────────────────────────────────────────────────────
                                       Time                   Allocations      
                               ──────────────────────   ───────────────────────
       Tot / % measured:             115s / 97.7%           90.3GiB / 100%     

 Section               ncalls     time   %tot     avg     alloc   %tot      avg
 ──────────────────────────────────────────────────────────────────────────────
 self_consistent_field      1     112s   100%    112s   89.9GiB  100%   89.9GiB
   LOBPCG               2.86k    89.8s  79.9%  31.4ms   52.0GiB  57.8%  18.6MiB
     Hamiltonian mu...  12.4k    34.4s  30.7%  2.77ms   9.41GiB  10.5%   795KiB
     ortho              40.5k    11.8s  10.5%   290μs   8.58GiB  9.54%   222KiB
     rayleigh_ritz      9.56k    10.5s  9.38%  1.10ms   1.37GiB  1.52%   150KiB
     block multipli...  45.6k    8.07s  7.18%   177μs   8.42GiB  9.36%   194KiB
   compute_density         17    12.9s  11.5%   758ms   30.0GiB  33.3%  1.76GiB
   energy_hamiltonian      35    5.72s  5.09%   163ms   7.36GiB  8.18%   215MiB
   KerkerDosMixing         17    795ms  0.71%  46.7ms    141MiB  0.15%  8.32MiB
     KerkerMixing          17    521ms  0.46%  30.6ms    115MiB  0.12%  6.74MiB
   QR orthonormaliz...  2.86k   1.80ms  0.00%   630ns     0.00B  0.00%    0.00B
 ──────────────────────────────────────────────────────────────────────────────

Total time in ns: 113472140703
