Julia version: 1.6.0-DEV.1324

Threading configuration: 
       JULIA_NUM_THREADS:   8
      JULIA_FFTW_THREADS:   1
      JULIA_BLAS_THREADS:   6
Payload:  Fe_scfres_guess.jld2

System facts:
    fft_size:      (30, 30, 30)
    kpoints:       168
    n_electrons:   16
    n_bands:       23

Compiling code ...
Timing SCF ...

n     Free energy       Eₙ-Eₙ₋₁     ρout-ρin   Magnet   Diag
---   ---------------   ---------   --------   ------   ----
  1   -111.8090315840         NaN   5.13e+00    2.000    1.0 
  2   -116.7235511885   -4.91e+00   3.03e+00    2.000    6.1 
  3   -120.7864796217   -4.06e+00   1.12e+00    2.387    5.8 
  4   -121.8708744770   -1.08e+00   2.62e-01    2.625    5.4 
  5   -121.8962151192   -2.53e-02   3.11e-01    2.373    3.3 
  6   -121.9450909215   -4.89e-02   1.65e-01    2.143    2.8 
  7   -121.9131438680    3.19e-02   2.27e-01    2.150    2.4 
  8   -121.9485849788   -3.54e-02   4.08e-02    1.882    2.5 
  9   -121.9494018418   -8.17e-04   1.10e-02    1.908    2.0 
 10   -121.9494537957   -5.20e-05   5.91e-03    1.932    2.6 
 11   -121.9494571629   -3.37e-06   7.29e-04    1.933    2.3 
 12   -121.9494574291   -2.66e-07   2.99e-04    1.929    4.1 
 13   -121.9494574260    3.06e-09   6.59e-05    1.928    3.0 
 14   -121.9494574191    6.95e-09   1.65e-05    1.928    3.1 
 15   -121.9494574189    1.63e-10   2.73e-06    1.928    3.5 
 16   -121.9494574191   -1.79e-10   6.83e-07    1.928    3.8 
 17   -121.9494574191    1.75e-12   1.81e-07    1.928    3.1 
Energy breakdown:
    Kinetic             59.3814283
    AtomicLocal         -99.3605617
    AtomicNonlocal      -16.5408025
    Ewald               -85.8892161
    PspCorrection       3.5081636 
    Hartree             29.7313728
    Xc                  -12.7787483
    Entropy             -0.0010934

    total               -121.949457419089

 ──────────────────────────────────────────────────────────────────────────────
                                       Time                   Allocations      
                               ──────────────────────   ───────────────────────
       Tot / % measured:             108s / 97.6%           88.9GiB / 100%     

 Section               ncalls     time   %tot     avg     alloc   %tot      avg
 ──────────────────────────────────────────────────────────────────────────────
 self_consistent_field      1     105s   100%    105s   88.5GiB  100%   88.5GiB
   LOBPCG               2.86k    83.5s  79.4%  29.2ms   50.8GiB  57.3%  18.2MiB
     Hamiltonian mu...  12.4k    33.3s  31.7%  2.69ms   8.22GiB  9.28%   695KiB
     ortho              40.5k    11.4s  10.9%   282μs   8.58GiB  9.69%   222KiB
     rayleigh_ritz      9.54k    8.99s  8.56%   942μs   1.37GiB  1.55%   150KiB
     block multipli...  45.5k    7.40s  7.04%   163μs   8.42GiB  9.51%   194KiB
   compute_density         17    12.2s  11.6%   716ms   29.8GiB  33.6%  1.75GiB
   energy_hamiltonian      35    5.52s  5.25%   158ms   7.35GiB  8.30%   215MiB
   KerkerDosMixing         17    851ms  0.81%  50.0ms    141MiB  0.16%  8.31MiB
     KerkerMixing          17    582ms  0.55%  34.2ms    114MiB  0.13%  6.74MiB
   QR orthonormaliz...  2.86k   1.72ms  0.00%   603ns     0.00B  0.00%    0.00B
 ──────────────────────────────────────────────────────────────────────────────

Total time in ns: 106155374403
