Julia version: 1.6.0-DEV.1324

Threading configuration: 
       JULIA_NUM_THREADS:   8
      JULIA_FFTW_THREADS:   2
      JULIA_BLAS_THREADS:   6
Payload:  Fe_scfres_guess.jld2

System facts:
    fft_size:      (30, 30, 30)
    kpoints:       168
    n_electrons:   16
    n_bands:       23

Compiling code ...
Timing SCF ...

n     Free energy       Eₙ-Eₙ₋₁     ρout-ρin   Magnet   Diag
---   ---------------   ---------   --------   ------   ----
  1   -111.8090315840         NaN   5.13e+00    2.000    1.0 
  2   -116.7235579883   -4.91e+00   3.03e+00    2.000    6.1 
  3   -120.7864697804   -4.06e+00   1.12e+00    2.387    5.7 
  4   -121.8708816295   -1.08e+00   2.62e-01    2.625    5.4 
  5   -121.8962038133   -2.53e-02   3.11e-01    2.373    3.3 
  6   -121.9450959768   -4.89e-02   1.65e-01    2.143    2.8 
  7   -121.9131381818    3.20e-02   2.27e-01    2.150    2.5 
  8   -121.9485836115   -3.54e-02   4.08e-02    1.882    2.6 
  9   -121.9494018266   -8.18e-04   1.10e-02    1.908    2.0 
 10   -121.9494537636   -5.19e-05   5.91e-03    1.932    2.6 
 11   -121.9494571648   -3.40e-06   7.28e-04    1.933    2.4 
 12   -121.9494574302   -2.65e-07   2.99e-04    1.929    4.0 
 13   -121.9494574260    4.23e-09   6.56e-05    1.928    3.1 
 14   -121.9494574191    6.90e-09   1.65e-05    1.928    3.0 
 15   -121.9494574189    1.78e-10   2.73e-06    1.928    3.5 
 16   -121.9494574191   -1.86e-10   6.91e-07    1.928    3.8 
 17   -121.9494574191    4.89e-12   1.86e-07    1.928    3.1 
Energy breakdown:
    Kinetic             59.3814283
    AtomicLocal         -99.3605617
    AtomicNonlocal      -16.5408025
    Ewald               -85.8892161
    PspCorrection       3.5081636 
    Hartree             29.7313728
    Xc                  -12.7787483
    Entropy             -0.0010934

    total               -121.949457419088

 ──────────────────────────────────────────────────────────────────────────────
                                       Time                   Allocations      
                               ──────────────────────   ───────────────────────
       Tot / % measured:             112s / 97.6%           90.3GiB / 100%     

 Section               ncalls     time   %tot     avg     alloc   %tot      avg
 ──────────────────────────────────────────────────────────────────────────────
 self_consistent_field      1     109s   100%    109s   90.0GiB  100%   90.0GiB
   LOBPCG               2.86k    86.6s  79.1%  30.3ms   52.0GiB  57.8%  18.6MiB
     Hamiltonian mu...  12.4k    35.3s  32.3%  2.85ms   9.41GiB  10.5%   796KiB
     ortho              40.4k    11.7s  10.7%   289μs   8.59GiB  9.54%   223KiB
     rayleigh_ritz      9.54k    9.07s  8.29%   951μs   1.37GiB  1.52%   151KiB
     block multipli...  45.4k    7.71s  7.04%   170μs   8.42GiB  9.36%   194KiB
   compute_density         17    13.0s  11.9%   767ms   30.0GiB  33.3%  1.76GiB
   energy_hamiltonian      35    5.89s  5.38%   168ms   7.36GiB  8.18%   215MiB
   KerkerDosMixing         17    764ms  0.70%  44.9ms    141MiB  0.15%  8.32MiB
     KerkerMixing          17    481ms  0.44%  28.3ms    115MiB  0.12%  6.74MiB
   QR orthonormaliz...  2.86k   2.03ms  0.00%   709ns     0.00B  0.00%    0.00B
 ──────────────────────────────────────────────────────────────────────────────

Total time in ns: 110515113366
