Julia version: 1.6.0-DEV.1324

Threading configuration: 
       JULIA_NUM_THREADS:   8
      JULIA_FFTW_THREADS:   2
      JULIA_BLAS_THREADS:   7
Payload:  Fe_scfres_guess.jld2

System facts:
    fft_size:      (30, 30, 30)
    kpoints:       168
    n_electrons:   16
    n_bands:       23

Compiling code ...
Timing SCF ...

n     Free energy       Eₙ-Eₙ₋₁     ρout-ρin   Magnet   Diag
---   ---------------   ---------   --------   ------   ----
  1   -111.8090315840         NaN   5.13e+00    2.000    1.0 
  2   -116.7235473969   -4.91e+00   3.03e+00    2.000    6.1 
  3   -120.7864694664   -4.06e+00   1.12e+00    2.387    5.7 
  4   -121.8708826257   -1.08e+00   2.62e-01    2.625    5.4 
  5   -121.8961985953   -2.53e-02   3.11e-01    2.373    3.2 
  6   -121.9450952951   -4.89e-02   1.65e-01    2.143    2.8 
  7   -121.9131601202    3.19e-02   2.27e-01    2.150    2.5 
  8   -121.9485827616   -3.54e-02   4.08e-02    1.882    2.6 
  9   -121.9494018039   -8.19e-04   1.10e-02    1.908    2.0 
 10   -121.9494537869   -5.20e-05   5.92e-03    1.932    2.6 
 11   -121.9494571624   -3.38e-06   7.31e-04    1.933    2.4 
 12   -121.9494574290   -2.67e-07   3.00e-04    1.929    4.0 
 13   -121.9494574262    2.82e-09   6.63e-05    1.928    3.0 
 14   -121.9494574191    7.11e-09   1.64e-05    1.928    3.0 
 15   -121.9494574189    1.50e-10   2.76e-06    1.928    3.6 
 16   -121.9494574191   -1.57e-10   6.53e-07    1.928    3.6 
 17   -121.9494574191   -5.02e-12   2.09e-07    1.928    3.3 
Energy breakdown:
    Kinetic             59.3814281
    AtomicLocal         -99.3605615
    AtomicNonlocal      -16.5408024
    Ewald               -85.8892161
    PspCorrection       3.5081636 
    Hartree             29.7313727
    Xc                  -12.7787483
    Entropy             -0.0010934

    total               -121.949457419094

 ──────────────────────────────────────────────────────────────────────────────
                                       Time                   Allocations      
                               ──────────────────────   ───────────────────────
       Tot / % measured:             110s / 97.7%           90.3GiB / 100%     

 Section               ncalls     time   %tot     avg     alloc   %tot      avg
 ──────────────────────────────────────────────────────────────────────────────
 self_consistent_field      1     107s   100%    107s   90.0GiB  100%   90.0GiB
   LOBPCG               2.86k    85.5s  79.6%  29.9ms   52.0GiB  57.8%  18.6MiB
     Hamiltonian mu...  12.4k    34.7s  32.3%  2.80ms   9.42GiB  10.5%   796KiB
     ortho              40.5k    10.8s  10.1%   267μs   8.59GiB  9.55%   223KiB
     rayleigh_ritz      9.55k    9.18s  8.55%   962μs   1.37GiB  1.52%   151KiB
     block multipli...  45.5k    7.42s  6.91%   163μs   8.43GiB  9.37%   194KiB
   compute_density         17    12.9s  12.0%   760ms   30.0GiB  33.3%  1.76GiB
   energy_hamiltonian      35    4.95s  4.61%   141ms   7.36GiB  8.18%   215MiB
   KerkerDosMixing         17    796ms  0.74%  46.8ms    141MiB  0.15%  8.32MiB
     KerkerMixing          17    534ms  0.50%  31.4ms    115MiB  0.12%  6.74MiB
   QR orthonormaliz...  2.86k   1.61ms  0.00%   565ns     0.00B  0.00%    0.00B
 ──────────────────────────────────────────────────────────────────────────────

Total time in ns: 108480525242
