Julia version: 1.6.0-DEV.1324

Threading configuration: 
       JULIA_NUM_THREADS:   8
      JULIA_FFTW_THREADS:   1
      JULIA_BLAS_THREADS:   7
Payload:  Fe_scfres_guess.jld2

System facts:
    fft_size:      (30, 30, 30)
    kpoints:       168
    n_electrons:   16
    n_bands:       23

Compiling code ...
Timing SCF ...

n     Free energy       Eₙ-Eₙ₋₁     ρout-ρin   Magnet   Diag
---   ---------------   ---------   --------   ------   ----
  1   -111.8090315840         NaN   5.13e+00    2.000    1.0 
  2   -116.7235554103   -4.91e+00   3.03e+00    2.000    6.1 
  3   -120.7864705754   -4.06e+00   1.12e+00    2.387    5.8 
  4   -121.8708811831   -1.08e+00   2.62e-01    2.625    5.4 
  5   -121.8962050146   -2.53e-02   3.11e-01    2.373    3.3 
  6   -121.9450947241   -4.89e-02   1.65e-01    2.143    2.8 
  7   -121.9131699166    3.19e-02   2.27e-01    2.150    2.5 
  8   -121.9485853636   -3.54e-02   4.08e-02    1.882    2.6 
  9   -121.9494018182   -8.16e-04   1.10e-02    1.908    2.0 
 10   -121.9494537918   -5.20e-05   5.90e-03    1.932    2.6 
 11   -121.9494571626   -3.37e-06   7.30e-04    1.933    2.4 
 12   -121.9494574291   -2.67e-07   2.98e-04    1.929    4.0 
 13   -121.9494574260    3.13e-09   6.57e-05    1.928    3.0 
 14   -121.9494574190    6.98e-09   1.65e-05    1.928    3.0 
 15   -121.9494574189    1.17e-10   2.74e-06    1.928    3.6 
 16   -121.9494574191   -1.65e-10   6.68e-07    1.928    3.6 
 17   -121.9494574191   -1.34e-12   1.99e-07    1.928    3.3 
Energy breakdown:
    Kinetic             59.3814282
    AtomicLocal         -99.3605616
    AtomicNonlocal      -16.5408024
    Ewald               -85.8892161
    PspCorrection       3.5081636 
    Hartree             29.7313727
    Xc                  -12.7787483
    Entropy             -0.0010934

    total               -121.949457419092

 ──────────────────────────────────────────────────────────────────────────────
                                       Time                   Allocations      
                               ──────────────────────   ───────────────────────
       Tot / % measured:             107s / 97.6%           88.9GiB / 100%     

 Section               ncalls     time   %tot     avg     alloc   %tot      avg
 ──────────────────────────────────────────────────────────────────────────────
 self_consistent_field      1     105s   100%    105s   88.6GiB  100%   88.6GiB
   LOBPCG               2.86k    82.8s  79.1%  29.0ms   50.8GiB  57.4%  18.2MiB
     Hamiltonian mu...  12.4k    32.6s  31.2%  2.63ms   8.23GiB  9.29%   694KiB
     ortho              40.6k    11.3s  10.8%   277μs   8.60GiB  9.70%   222KiB
     rayleigh_ritz      9.57k    9.05s  8.65%   946μs   1.37GiB  1.55%   150KiB
     block multipli...  45.6k    7.25s  6.93%   159μs   8.44GiB  9.52%   194KiB
   compute_density         17    12.1s  11.6%   711ms   29.8GiB  33.6%  1.75GiB
   energy_hamiltonian      35    5.83s  5.58%   167ms   7.35GiB  8.30%   215MiB
   KerkerDosMixing         17    808ms  0.77%  47.5ms    141MiB  0.16%  8.31MiB
     KerkerMixing          17    538ms  0.51%  31.6ms    114MiB  0.13%  6.74MiB
   QR orthonormaliz...  2.86k   1.72ms  0.00%   603ns     0.00B  0.00%    0.00B
 ──────────────────────────────────────────────────────────────────────────────

Total time in ns: 105758542076
