Julia version: 1.6.0-DEV.1324

Threading configuration: 
       JULIA_NUM_THREADS:   8
      JULIA_FFTW_THREADS:   2
      JULIA_BLAS_THREADS:   8
Payload:  Fe_scfres_guess.jld2

System facts:
    fft_size:      (30, 30, 30)
    kpoints:       168
    n_electrons:   16
    n_bands:       23

Compiling code ...
Timing SCF ...

n     Free energy       Eₙ-Eₙ₋₁     ρout-ρin   Magnet   Diag
---   ---------------   ---------   --------   ------   ----
  1   -111.8090315840         NaN   5.13e+00    2.000    1.0 
  2   -116.7235578037   -4.91e+00   3.03e+00    2.000    6.0 
  3   -120.7864733665   -4.06e+00   1.12e+00    2.387    5.8 
  4   -121.8708810503   -1.08e+00   2.62e-01    2.625    5.4 
  5   -121.8962034066   -2.53e-02   3.11e-01    2.373    3.3 
  6   -121.9450929677   -4.89e-02   1.65e-01    2.143    2.8 
  7   -121.9131487187    3.19e-02   2.27e-01    2.150    2.5 
  8   -121.9485848576   -3.54e-02   4.08e-02    1.882    2.5 
  9   -121.9494018935   -8.17e-04   1.10e-02    1.908    2.0 
 10   -121.9494537942   -5.19e-05   5.90e-03    1.932    2.6 
 11   -121.9494571636   -3.37e-06   7.28e-04    1.933    2.3 
 12   -121.9494574296   -2.66e-07   2.97e-04    1.929    4.0 
 13   -121.9494574259    3.65e-09   6.61e-05    1.928    3.1 
 14   -121.9494574191    6.89e-09   1.66e-05    1.928    3.0 
 15   -121.9494574189    1.38e-10   2.73e-06    1.928    3.4 
 16   -121.9494574191   -1.74e-10   6.79e-07    1.928    3.8 
 17   -121.9494574191    2.13e-13   1.92e-07    1.928    3.2 
Energy breakdown:
    Kinetic             59.3814282
    AtomicLocal         -99.3605617
    AtomicNonlocal      -16.5408025
    Ewald               -85.8892161
    PspCorrection       3.5081636 
    Hartree             29.7313728
    Xc                  -12.7787483
    Entropy             -0.0010934

    total               -121.949457419090

 ──────────────────────────────────────────────────────────────────────────────
                                       Time                   Allocations      
                               ──────────────────────   ───────────────────────
       Tot / % measured:             113s / 97.8%           90.3GiB / 100%     

 Section               ncalls     time   %tot     avg     alloc   %tot      avg
 ──────────────────────────────────────────────────────────────────────────────
 self_consistent_field      1     110s   100%    110s   89.9GiB  100%   89.9GiB
   LOBPCG               2.86k    88.0s  79.9%  30.8ms   52.0GiB  57.8%  18.6MiB
     Hamiltonian mu...  12.4k    36.1s  32.8%  2.91ms   9.41GiB  10.5%   796KiB
     ortho              40.4k    10.9s  9.92%   270μs   8.58GiB  9.54%   223KiB
     rayleigh_ritz      9.54k    10.8s  9.79%  1.13ms   1.37GiB  1.52%   150KiB
     block multipli...  45.5k    6.81s  6.18%   150μs   8.42GiB  9.36%   194KiB
   compute_density         17    12.6s  11.4%   741ms   30.0GiB  33.3%  1.76GiB
   energy_hamiltonian      35    5.41s  4.91%   154ms   7.36GiB  8.18%   215MiB
   KerkerDosMixing         17    843ms  0.77%  49.6ms    141MiB  0.15%  8.32MiB
     KerkerMixing          17    552ms  0.50%  32.5ms    115MiB  0.12%  6.74MiB
   QR orthonormaliz...  2.86k   1.78ms  0.00%   622ns     0.00B  0.00%    0.00B
 ──────────────────────────────────────────────────────────────────────────────

Total time in ns: 111171039921
