Julia version: 1.6.0-DEV.1324

Threading configuration: 
       JULIA_NUM_THREADS:   8
      JULIA_FFTW_THREADS:   1
      JULIA_BLAS_THREADS:   8
Payload:  Fe_scfres_guess.jld2

System facts:
    fft_size:      (30, 30, 30)
    kpoints:       168
    n_electrons:   16
    n_bands:       23

Compiling code ...
Timing SCF ...

n     Free energy       Eₙ-Eₙ₋₁     ρout-ρin   Magnet   Diag
---   ---------------   ---------   --------   ------   ----
  1   -111.8090315840         NaN   5.13e+00    2.000    1.0 
  2   -116.7235532100   -4.91e+00   3.03e+00    2.000    6.0 
  3   -120.7864834896   -4.06e+00   1.12e+00    2.387    5.8 
  4   -121.8708712464   -1.08e+00   2.62e-01    2.625    5.4 
  5   -121.8962249770   -2.54e-02   3.11e-01    2.373    3.2 
  6   -121.9450836607   -4.89e-02   1.66e-01    2.143    2.8 
  7   -121.9131351779    3.19e-02   2.27e-01    2.150    2.5 
  8   -121.9485855297   -3.55e-02   4.08e-02    1.882    2.6 
  9   -121.9494018111   -8.16e-04   1.10e-02    1.908    2.0 
 10   -121.9494538055   -5.20e-05   5.92e-03    1.932    2.6 
 11   -121.9494571629   -3.36e-06   7.31e-04    1.933    2.4 
 12   -121.9494574289   -2.66e-07   3.00e-04    1.929    4.0 
 13   -121.9494574261    2.77e-09   6.61e-05    1.928    3.0 
 14   -121.9494574191    7.07e-09   1.65e-05    1.928    3.0 
 15   -121.9494574189    1.44e-10   2.75e-06    1.928    3.5 
 16   -121.9494574191   -1.69e-10   6.61e-07    1.928    3.8 
 17   -121.9494574191   -3.24e-12   1.97e-07    1.928    3.3 
Energy breakdown:
    Kinetic             59.3814282
    AtomicLocal         -99.3605616
    AtomicNonlocal      -16.5408024
    Ewald               -85.8892161
    PspCorrection       3.5081636 
    Hartree             29.7313727
    Xc                  -12.7787483
    Entropy             -0.0010934

    total               -121.949457419092

 ──────────────────────────────────────────────────────────────────────────────
                                       Time                   Allocations      
                               ──────────────────────   ───────────────────────
       Tot / % measured:             111s / 97.8%           88.9GiB / 100%     

 Section               ncalls     time   %tot     avg     alloc   %tot      avg
 ──────────────────────────────────────────────────────────────────────────────
 self_consistent_field      1     109s   100%    109s   88.6GiB  100%   88.6GiB
   LOBPCG               2.86k    86.7s  79.6%  30.4ms   50.8GiB  57.3%  18.2MiB
     Hamiltonian mu...  12.4k    36.0s  33.0%  2.90ms   8.22GiB  9.28%   695KiB
     ortho              40.4k    11.0s  10.1%   273μs   8.58GiB  9.69%   223KiB
     rayleigh_ritz      9.54k    10.1s  9.28%  1.06ms   1.37GiB  1.55%   151KiB
     block multipli...  45.4k    6.98s  6.41%   154μs   8.42GiB  9.51%   194KiB
   compute_density         17    12.5s  11.5%   737ms   29.8GiB  33.6%  1.75GiB
   energy_hamiltonian      35    5.84s  5.36%   167ms   7.35GiB  8.30%   215MiB
   KerkerDosMixing         17    781ms  0.72%  45.9ms    141MiB  0.16%  8.31MiB
     KerkerMixing          17    523ms  0.48%  30.8ms    114MiB  0.13%  6.74MiB
   QR orthonormaliz...  2.86k   1.60ms  0.00%   560ns     0.00B  0.00%    0.00B
 ──────────────────────────────────────────────────────────────────────────────

Total time in ns: 109985594196
