Julia version: 1.6.0-DEV.1324

Threading configuration: 
       JULIA_NUM_THREADS:   1
      JULIA_FFTW_THREADS:   2
      JULIA_BLAS_THREADS:   1
Payload:  Si_scfres_guess.jld2

System facts:
    fft_size:      (27, 27, 27)
    kpoints:       10
    n_electrons:   8
    n_bands:       11

Compiling code ...
Timing SCF ...

n     Free energy       Eₙ-Eₙ₋₁     ρout-ρin   Diag
---   ---------------   ---------   --------   ----
  1   -7.874361182502         NaN   1.98e-01    1.0 
  2   -7.876894786957   -2.53e-03   3.52e-02    2.1 
  3   -7.877017522083   -1.23e-04   3.83e-03    1.0 
  4   -7.877023845053   -6.32e-06   5.92e-04    2.6 
  5   -7.877024163107   -3.18e-07   9.50e-05    2.6 
  6   -7.877024166334   -3.23e-09   1.24e-05    2.9 
  7   -7.877024166547   -2.14e-10   3.42e-06    2.7 
  8   -7.877024166553   -5.11e-12   2.03e-07    2.6 
Energy breakdown:
    Kinetic             3.1335538 
    AtomicLocal         -2.0957825
    AtomicNonlocal      1.5673330 
    Ewald               -8.4004648
    PspCorrection       -0.2100813
    Hartree             0.5438531 
    Xc                  -2.4137397
    Entropy             -0.0016958

    total               -7.877024166553

 ──────────────────────────────────────────────────────────────────────────────
                                       Time                   Allocations      
                               ──────────────────────   ───────────────────────
       Tot / % measured:            11.4s / 78.1%           1.87GiB / 83.3%    

 Section               ncalls     time   %tot     avg     alloc   %tot      avg
 ──────────────────────────────────────────────────────────────────────────────
 self_consistent_field      1    8.91s   100%   8.91s   1.56GiB  100%   1.56GiB
   LOBPCG                  80    5.06s  56.8%  63.3ms    854MiB  53.6%  10.7MiB
     Hamiltonian mu...    255    1.21s  13.5%  4.73ms   73.6MiB  4.62%   296KiB
       kinetic+local      255    1.14s  12.8%  4.46ms   5.73MiB  0.36%  23.0KiB
       nonlocal           255   40.5ms  0.45%   159μs   29.1MiB  1.83%   117KiB
     block multipli...    728    117ms  1.31%   161μs   65.8MiB  4.13%  92.6KiB
     rayleigh_ritz        175   77.7ms  0.87%   444μs   9.09MiB  0.57%  53.2KiB
     ortho                685   69.1ms  0.78%   101μs   8.33MiB  0.52%  12.5KiB
   compute_density          8    549ms  6.16%  68.6ms   69.7MiB  4.37%  8.72MiB
   KerkerDosMixing          8    347ms  3.89%  43.3ms   49.9MiB  3.13%  6.24MiB
     KerkerMixing           8    273ms  3.06%  34.1ms   46.2MiB  2.90%  5.77MiB
   energy_hamiltonian      17    331ms  3.71%  19.5ms    376MiB  23.6%  22.1MiB
     ene_ops               17    313ms  3.51%  18.4ms    319MiB  20.0%  18.8MiB
       ene_ops: xc         17    271ms  3.04%  16.0ms    274MiB  17.2%  16.1MiB
       ene_ops: non...     17   13.7ms  0.15%   807μs   1.28MiB  0.08%  77.3KiB
       ene_ops: har...     17   12.1ms  0.14%   712μs   15.3MiB  0.96%   922KiB
       ene_ops: kin...     17   10.2ms  0.11%   601μs   21.3MiB  1.34%  1.25MiB
       ene_ops: local      17   3.71ms  0.04%   218μs   6.31MiB  0.40%   380KiB
   QR orthonormaliz...     80   26.3μs  0.00%   328ns     0.00B  0.00%    0.00B
 ──────────────────────────────────────────────────────────────────────────────

Total time in ns: 9942782006
