Julia version: 1.6.0-DEV.1324

Threading configuration: 
       JULIA_NUM_THREADS:   1
      JULIA_FFTW_THREADS:   2
      JULIA_BLAS_THREADS:   1
Payload:  Si_scfres_guess.jld2

System facts:
    fft_size:      (27, 27, 27)
    kpoints:       10
    n_electrons:   8
    n_bands:       11

Compiling code ...
Timing SCF ...

n     Free energy       Eₙ-Eₙ₋₁     ρout-ρin   Diag
---   ---------------   ---------   --------   ----
  1   -7.874345259423         NaN   1.98e-01    1.0 
  2   -7.876891358902   -2.55e-03   3.52e-02    2.1 
  3   -7.877017280033   -1.26e-04   3.80e-03    1.0 
  4   -7.877023741759   -6.46e-06   5.50e-04    2.9 
  5   -7.877024162346   -4.21e-07   1.05e-04    2.5 
  6   -7.877024166210   -3.86e-09   2.31e-05    2.8 
  7   -7.877024166545   -3.35e-10   3.49e-06    2.4 
  8   -7.877024166553   -7.16e-12   1.43e-07    2.8 
Energy breakdown:
    Kinetic             3.1335538 
    AtomicLocal         -2.0957826
    AtomicNonlocal      1.5673331 
    Ewald               -8.4004648
    PspCorrection       -0.2100813
    Hartree             0.5438531 
    Xc                  -2.4137397
    Entropy             -0.0016958

    total               -7.877024166553

 ──────────────────────────────────────────────────────────────────────────────
                                       Time                   Allocations      
                               ──────────────────────   ───────────────────────
       Tot / % measured:            12.9s / 81.0%           2.40GiB / 87.0%    

 Section               ncalls     time   %tot     avg     alloc   %tot      avg
 ──────────────────────────────────────────────────────────────────────────────
 self_consistent_field      1    10.4s   100%   10.4s   2.09GiB  100%   2.09GiB
   LOBPCG                  80    6.49s  62.3%  81.1ms   1.09GiB  52.0%  13.9MiB
     Hamiltonian mu...    255    1.20s  11.5%  4.69ms   67.9MiB  3.17%   273KiB
     block multipli...    730    109ms  1.05%   149μs   65.7MiB  3.07%  92.1KiB
     ortho                687   92.6ms  0.89%   135μs   72.7MiB  3.40%   108KiB
     rayleigh_ritz        175   63.0ms  0.61%   360μs   9.03MiB  0.42%  52.8KiB
   compute_density          8    631ms  6.06%  78.9ms    345MiB  16.1%  43.1MiB
   KerkerDosMixing          8    353ms  3.39%  44.1ms   50.0MiB  2.34%  6.26MiB
     KerkerMixing           8    278ms  2.67%  34.8ms   46.5MiB  2.18%  5.82MiB
   energy_hamiltonian      17    339ms  3.26%  19.9ms    381MiB  17.8%  22.4MiB
   QR orthonormaliz...     80   25.7μs  0.00%   321ns     0.00B  0.00%    0.00B
 ──────────────────────────────────────────────────────────────────────────────

Total time in ns: 11446301914
