Julia version: 1.6.0-DEV.1324

Threading configuration: 
       JULIA_NUM_THREADS:   1
      JULIA_FFTW_THREADS:   1
      JULIA_BLAS_THREADS:   1
Payload:  Si_scfres_guess.jld2

System facts:
    fft_size:      (27, 27, 27)
    kpoints:       10
    n_electrons:   8
    n_bands:       11

Compiling code ...
Timing SCF ...

n     Free energy       Eₙ-Eₙ₋₁     ρout-ρin   Diag
---   ---------------   ---------   --------   ----
  1   -7.874345259423         NaN   1.98e-01    1.0 
  2   -7.876891350650   -2.55e-03   3.52e-02    2.1 
  3   -7.877017287591   -1.26e-04   3.80e-03    1.0 
  4   -7.877023758676   -6.47e-06   5.53e-04    2.8 
  5   -7.877024162540   -4.04e-07   1.01e-04    2.7 
  6   -7.877024166229   -3.69e-09   2.06e-05    3.1 
  7   -7.877024166546   -3.17e-10   3.49e-06    2.3 
  8   -7.877024166552   -6.44e-12   1.32e-07    2.8 
Energy breakdown:
    Kinetic             3.1335538 
    AtomicLocal         -2.0957826
    AtomicNonlocal      1.5673331 
    Ewald               -8.4004648
    PspCorrection       -0.2100813
    Hartree             0.5438531 
    Xc                  -2.4137397
    Entropy             -0.0016958

    total               -7.877024166552

 ──────────────────────────────────────────────────────────────────────────────
                                       Time                   Allocations      
                               ──────────────────────   ───────────────────────
       Tot / % measured:            13.2s / 81.5%           2.40GiB / 87.0%    

 Section               ncalls     time   %tot     avg     alloc   %tot      avg
 ──────────────────────────────────────────────────────────────────────────────
 self_consistent_field      1    10.8s   100%   10.8s   2.09GiB  100%   2.09GiB
   LOBPCG                  80    6.90s  63.9%  86.2ms   1.09GiB  52.1%  13.9MiB
     Hamiltonian mu...    258    1.58s  14.7%  6.13ms   68.2MiB  3.19%   271KiB
     block multipli...    747    105ms  0.97%   140μs   66.4MiB  3.10%  91.0KiB
     ortho                703   92.1ms  0.85%   131μs   73.2MiB  3.42%   107KiB
     rayleigh_ritz        178   70.4ms  0.65%   396μs   9.08MiB  0.42%  52.2KiB
   compute_density          8    598ms  5.54%  74.8ms    345MiB  16.1%  43.1MiB
   energy_hamiltonian      17    385ms  3.57%  22.7ms    381MiB  17.8%  22.4MiB
   KerkerDosMixing          8    334ms  3.10%  41.8ms   50.0MiB  2.34%  6.26MiB
     KerkerMixing           8    260ms  2.41%  32.5ms   46.5MiB  2.17%  5.82MiB
   QR orthonormaliz...     80   25.2μs  0.00%   315ns     0.00B  0.00%    0.00B
 ──────────────────────────────────────────────────────────────────────────────

Total time in ns: 11835063503
