Julia version: 1.6.0-DEV.1324

Threading configuration: 
       JULIA_NUM_THREADS:   1
      JULIA_FFTW_THREADS:   1
      JULIA_BLAS_THREADS:   1
Payload:  Si_scfres_guess.jld2

System facts:
    fft_size:      (27, 27, 27)
    kpoints:       10
    n_electrons:   8
    n_bands:       11

Compiling code ...
Timing SCF ...

n     Free energy       Eₙ-Eₙ₋₁     ρout-ρin   Diag
---   ---------------   ---------   --------   ----
  1   -7.874361182502         NaN   1.98e-01    1.0 
  2   -7.876894791960   -2.53e-03   3.52e-02    2.1 
  3   -7.877017530390   -1.23e-04   3.83e-03    1.0 
  4   -7.877023818979   -6.29e-06   5.89e-04    2.5 
  5   -7.877024162929   -3.44e-07   9.81e-05    2.6 
  6   -7.877024166295   -3.37e-09   1.41e-05    3.2 
  7   -7.877024166547   -2.52e-10   4.01e-06    2.5 
  8   -7.877024166553   -5.59e-12   1.41e-07    2.3 
Energy breakdown:
    Kinetic             3.1335538 
    AtomicLocal         -2.0957825
    AtomicNonlocal      1.5673330 
    Ewald               -8.4004648
    PspCorrection       -0.2100813
    Hartree             0.5438531 
    Xc                  -2.4137397
    Entropy             -0.0016958

    total               -7.877024166553

 ──────────────────────────────────────────────────────────────────────────────
                                       Time                   Allocations      
                               ──────────────────────   ───────────────────────
       Tot / % measured:            11.5s / 78.6%           1.87GiB / 83.3%    

 Section               ncalls     time   %tot     avg     alloc   %tot      avg
 ──────────────────────────────────────────────────────────────────────────────
 self_consistent_field      1    9.01s   100%   9.01s   1.55GiB  100%   1.55GiB
   LOBPCG                  80    5.23s  58.0%  65.3ms    850MiB  53.4%  10.6MiB
     Hamiltonian mu...    252    1.38s  15.4%  5.49ms   72.7MiB  4.57%   296KiB
       kinetic+local      252    1.31s  14.6%  5.20ms   5.66MiB  0.36%  23.0KiB
       nonlocal           252   42.2ms  0.47%   168μs   28.8MiB  1.81%   117KiB
     block multipli...    709    109ms  1.21%   154μs   63.8MiB  4.01%  92.1KiB
     ortho                668   66.2ms  0.73%  99.1μs   8.09MiB  0.51%  12.4KiB
     rayleigh_ritz        172   59.4ms  0.66%   345μs   8.85MiB  0.56%  52.7KiB
   compute_density          8    525ms  5.82%  65.6ms   69.7MiB  4.38%  8.72MiB
   KerkerDosMixing          8    331ms  3.68%  41.4ms   49.9MiB  3.14%  6.24MiB
     KerkerMixing           8    257ms  2.86%  32.2ms   46.2MiB  2.90%  5.77MiB
   energy_hamiltonian      17    294ms  3.26%  17.3ms    376MiB  23.7%  22.1MiB
     ene_ops               17    273ms  3.04%  16.1ms    319MiB  20.1%  18.8MiB
       ene_ops: xc         17    240ms  2.66%  14.1ms    274MiB  17.3%  16.1MiB
       ene_ops: non...     17   13.0ms  0.14%   763μs   1.28MiB  0.08%  77.3KiB
       ene_ops: har...     17   9.21ms  0.10%   542μs   15.3MiB  0.96%   922KiB
       ene_ops: kin...     17   6.25ms  0.07%   368μs   21.3MiB  1.34%  1.25MiB
       ene_ops: local      17   3.55ms  0.04%   209μs   6.31MiB  0.40%   380KiB
   QR orthonormaliz...     80   28.4μs  0.00%   355ns     0.00B  0.00%    0.00B
 ──────────────────────────────────────────────────────────────────────────────

Total time in ns: 10036428078
