Julia version: 1.6.0-DEV.1324

Threading configuration: 
       JULIA_NUM_THREADS:   1
      JULIA_FFTW_THREADS:   1
      JULIA_BLAS_THREADS:   2
Payload:  Si_scfres_guess.jld2

System facts:
    fft_size:      (27, 27, 27)
    kpoints:       10
    n_electrons:   8
    n_bands:       11

Compiling code ...
Timing SCF ...

n     Free energy       Eₙ-Eₙ₋₁     ρout-ρin   Diag
---   ---------------   ---------   --------   ----
  1   -7.874345259423         NaN   1.98e-01    1.0 
  2   -7.876891332435   -2.55e-03   3.52e-02    2.1 
  3   -7.877017221882   -1.26e-04   3.80e-03    1.0 
  4   -7.877023766221   -6.54e-06   5.58e-04    2.8 
  5   -7.877024162492   -3.96e-07   9.95e-05    2.5 
  6   -7.877024166269   -3.78e-09   1.91e-05    3.2 
  7   -7.877024166546   -2.77e-10   2.88e-06    2.2 
  8   -7.877024166553   -6.34e-12   1.72e-07    3.1 
Energy breakdown:
    Kinetic             3.1335538 
    AtomicLocal         -2.0957825
    AtomicNonlocal      1.5673331 
    Ewald               -8.4004648
    PspCorrection       -0.2100813
    Hartree             0.5438531 
    Xc                  -2.4137397
    Entropy             -0.0016958

    total               -7.877024166553

 ──────────────────────────────────────────────────────────────────────────────
                                       Time                   Allocations      
                               ──────────────────────   ───────────────────────
       Tot / % measured:            13.1s / 81.3%           2.41GiB / 87.0%    

 Section               ncalls     time   %tot     avg     alloc   %tot      avg
 ──────────────────────────────────────────────────────────────────────────────
 self_consistent_field      1    10.6s   100%   10.6s   2.09GiB  100%   2.09GiB
   LOBPCG                  80    6.79s  63.9%  84.9ms   1.09GiB  52.2%  14.0MiB
     Hamiltonian mu...    259    1.58s  14.9%  6.12ms   68.7MiB  3.20%   272KiB
     block multipli...    754    115ms  1.08%   153μs   67.7MiB  3.16%  91.9KiB
     ortho                702   91.7ms  0.86%   131μs   73.9MiB  3.44%   108KiB
     rayleigh_ritz        179   60.8ms  0.57%   340μs   9.25MiB  0.43%  52.9KiB
   compute_density          8    609ms  5.73%  76.2ms    345MiB  16.1%  43.1MiB
   KerkerDosMixing          8    334ms  3.15%  41.8ms   50.0MiB  2.33%  6.26MiB
     KerkerMixing           8    260ms  2.44%  32.5ms   46.5MiB  2.17%  5.82MiB
   energy_hamiltonian      17    322ms  3.03%  19.0ms    381MiB  17.8%  22.4MiB
   QR orthonormaliz...     80   26.5μs  0.00%   331ns     0.00B  0.00%    0.00B
 ──────────────────────────────────────────────────────────────────────────────

Total time in ns: 11659482709
