Julia version: 1.6.0-DEV.1324

Threading configuration: 
       JULIA_NUM_THREADS:   2
      JULIA_FFTW_THREADS:   2
      JULIA_BLAS_THREADS:   1
Payload:  Si_scfres_guess.jld2

System facts:
    fft_size:      (27, 27, 27)
    kpoints:       10
    n_electrons:   8
    n_bands:       11

Compiling code ...
Timing SCF ...

n     Free energy       Eₙ-Eₙ₋₁     ρout-ρin   Diag
---   ---------------   ---------   --------   ----
  1   -7.874361182502         NaN   1.98e-01    1.0 
  2   -7.876894794336   -2.53e-03   3.52e-02    2.1 
  3   -7.877017610418   -1.23e-04   3.83e-03    1.0 
  4   -7.877023819627   -6.21e-06   5.82e-04    2.5 
  5   -7.877024162753   -3.43e-07   9.97e-05    2.4 
  6   -7.877024166287   -3.53e-09   1.52e-05    3.0 
  7   -7.877024166547   -2.60e-10   3.84e-06    2.5 
  8   -7.877024166553   -5.40e-12   1.76e-07    2.5 
Energy breakdown:
    Kinetic             3.1335538 
    AtomicLocal         -2.0957825
    AtomicNonlocal      1.5673331 
    Ewald               -8.4004648
    PspCorrection       -0.2100813
    Hartree             0.5438531 
    Xc                  -2.4137397
    Entropy             -0.0016958

    total               -7.877024166553

 ──────────────────────────────────────────────────────────────────────────────
                                       Time                   Allocations      
                               ──────────────────────   ───────────────────────
       Tot / % measured:            11.1s / 77.2%           1.93GiB / 83.8%    

 Section               ncalls     time   %tot     avg     alloc   %tot      avg
 ──────────────────────────────────────────────────────────────────────────────
 self_consistent_field      1    8.58s   100%   8.58s   1.62GiB  100%   1.62GiB
   LOBPCG                  80    4.87s  56.8%  60.9ms    864MiB  52.1%  10.8MiB
     Hamiltonian mu...    250    1.00s  11.7%  4.00ms   86.6MiB  5.23%   355KiB
       kinetic+local      250    929ms  10.8%  3.72ms   19.8MiB  1.20%  81.3KiB
       nonlocal           250   41.4ms  0.48%   166μs   28.8MiB  1.74%   118KiB
     block multipli...    698    108ms  1.26%   154μs   63.7MiB  3.85%  93.5KiB
     ortho                661   68.7ms  0.80%   104μs   8.12MiB  0.49%  12.6KiB
     rayleigh_ritz        170   60.9ms  0.71%   358μs   8.89MiB  0.54%  53.5KiB
   KerkerDosMixing          8    374ms  4.36%  46.7ms   49.9MiB  3.02%  6.24MiB
     KerkerMixing           8    299ms  3.49%  37.4ms   46.2MiB  2.79%  5.78MiB
   energy_hamiltonian      17    366ms  4.26%  21.5ms    382MiB  23.1%  22.5MiB
     ene_ops               17    347ms  4.05%  20.4ms    320MiB  19.3%  18.8MiB
       ene_ops: xc         17    295ms  3.44%  17.4ms    275MiB  16.6%  16.2MiB
       ene_ops: kin...     17   19.1ms  0.22%  1.12ms   21.3MiB  1.29%  1.25MiB
       ene_ops: non...     17   14.5ms  0.17%   852μs   1.28MiB  0.08%  77.3KiB
       ene_ops: har...     17   12.4ms  0.14%   730μs   15.4MiB  0.93%   927KiB
       ene_ops: local      17   4.29ms  0.05%   252μs   6.33MiB  0.38%   381KiB
   compute_density          8    361ms  4.20%  45.1ms    116MiB  7.00%  14.5MiB
   QR orthonormaliz...     80   27.0μs  0.00%   337ns     0.00B  0.00%    0.00B
 ──────────────────────────────────────────────────────────────────────────────

Total time in ns: 9637769205
