Threading configuration: 
       JULIA_NUM_THREADS:   1
      JULIA_FFTW_THREADS:   2
      JULIA_BLAS_THREADS:   2
Payload:  Si_scfres_guess.jld2

System facts:
    fft_size:      (27, 27, 27)
    kpoints:       10
    n_electrons:   8
    n_bands:       11

Compiling code ...
Timing SCF ...

n     Free energy       Eₙ-Eₙ₋₁     ρout-ρin   Diag
---   ---------------   ---------   --------   ----
  1   -7.874348356460         NaN   1.98e-01    1.0 
  2   -7.876891579322   -2.54e-03   3.52e-02    2.1 
  3   -7.877017295153   -1.26e-04   3.81e-03    1.0 
  4   -7.877023762330   -6.47e-06   5.68e-04    3.0 
  5   -7.877024161690   -3.99e-07   9.76e-05    2.7 
  6   -7.877024166281   -4.59e-09   1.49e-05    3.0 
  7   -7.877024166548   -2.67e-10   2.81e-06    2.6 
  8   -7.877024166553   -4.75e-12   2.14e-07    2.9 
Energy breakdown:
    Kinetic             3.1335538 
    AtomicLocal         -2.0957826
    AtomicNonlocal      1.5673331 
    Ewald               -8.4004648
    PspCorrection       -0.2100813
    Hartree             0.5438531 
    Xc                  -2.4137397
    Entropy             -0.0016958

    total               -7.877024166553

 ──────────────────────────────────────────────────────────────────────────────
                                       Time                   Allocations      
                               ──────────────────────   ───────────────────────
       Tot / % measured:            12.7s / 80.6%           2.41GiB / 87.1%    

 Section               ncalls     time   %tot     avg     alloc   %tot      avg
 ──────────────────────────────────────────────────────────────────────────────
 self_consistent_field      1    10.2s   100%   10.2s   2.10GiB  100%   2.10GiB
   LOBPCG                  80    6.44s  63.1%  80.5ms   1.10GiB  52.2%  14.0MiB
     Hamiltonian mu...    263    1.16s  11.4%  4.42ms   69.1MiB  3.22%   269KiB
     block multipli...    778    113ms  1.11%   145μs   68.6MiB  3.20%  90.3KiB
     ortho                725   88.5ms  0.87%   122μs   74.5MiB  3.47%   105KiB
     rayleigh_ritz        183   62.1ms  0.61%   339μs   9.31MiB  0.43%  52.1KiB
   compute_density          8    536ms  5.25%  67.0ms    345MiB  16.1%  43.1MiB
   KerkerDosMixing          8    352ms  3.45%  44.0ms   50.0MiB  2.33%  6.26MiB
     KerkerMixing           8    278ms  2.72%  34.7ms   46.5MiB  2.17%  5.82MiB
   energy_hamiltonian      17    316ms  3.10%  18.6ms    381MiB  17.8%  22.4MiB
   QR orthonormaliz...     80   26.8μs  0.00%   335ns     0.00B  0.00%    0.00B
 ──────────────────────────────────────────────────────────────────────────────

Total time in ns: 11230078927
