Julia version: 1.6.0-DEV.1324

Threading configuration: 
       JULIA_NUM_THREADS:   2
      JULIA_FFTW_THREADS:   1
      JULIA_BLAS_THREADS:   1
Payload:  Si_scfres_guess.jld2

System facts:
    fft_size:      (27, 27, 27)
    kpoints:       10
    n_electrons:   8
    n_bands:       11

Compiling code ...
Timing SCF ...

n     Free energy       Eₙ-Eₙ₋₁     ρout-ρin   Diag
---   ---------------   ---------   --------   ----
  1   -7.874345259423         NaN   1.98e-01    1.0 
  2   -7.876891325985   -2.55e-03   3.52e-02    2.1 
  3   -7.877017275507   -1.26e-04   3.80e-03    1.0 
  4   -7.877023774685   -6.50e-06   5.53e-04    2.7 
  5   -7.877024162535   -3.88e-07   1.00e-04    2.8 
  6   -7.877024166255   -3.72e-09   2.01e-05    3.2 
  7   -7.877024166545   -2.90e-10   3.33e-06    2.1 
  8   -7.877024166553   -7.20e-12   1.67e-07    2.9 
Energy breakdown:
    Kinetic             3.1335538 
    AtomicLocal         -2.0957825
    AtomicNonlocal      1.5673331 
    Ewald               -8.4004648
    PspCorrection       -0.2100813
    Hartree             0.5438531 
    Xc                  -2.4137397
    Entropy             -0.0016958

    total               -7.877024166553

 ──────────────────────────────────────────────────────────────────────────────
                                       Time                   Allocations      
                               ──────────────────────   ───────────────────────
       Tot / % measured:            12.8s / 80.6%           2.42GiB / 87.1%    

 Section               ncalls     time   %tot     avg     alloc   %tot      avg
 ──────────────────────────────────────────────────────────────────────────────
 self_consistent_field      1    10.4s   100%   10.4s   2.11GiB  100%   2.11GiB
   LOBPCG                  80    6.44s  62.2%  80.4ms   1.09GiB  51.8%  14.0MiB
     Hamiltonian mu...    258    1.04s  10.0%  4.03ms   71.5MiB  3.31%   284KiB
     ortho                702    233ms  2.25%   332μs   73.4MiB  3.40%   107KiB
     block multipli...    748    103ms  1.00%   138μs   66.9MiB  3.09%  91.5KiB
     rayleigh_ritz        178   62.4ms  0.60%   351μs   9.15MiB  0.42%  52.6KiB
   compute_density          8    380ms  3.67%  47.5ms    350MiB  16.2%  43.7MiB
   energy_hamiltonian      17    364ms  3.52%  21.4ms    392MiB  18.1%  23.0MiB
   KerkerDosMixing          8    355ms  3.42%  44.3ms   50.0MiB  2.32%  6.26MiB
     KerkerMixing           8    263ms  2.54%  32.9ms   46.5MiB  2.15%  5.82MiB
   QR orthonormaliz...     80   28.1μs  0.00%   351ns     0.00B  0.00%    0.00B
 ──────────────────────────────────────────────────────────────────────────────

Total time in ns: 11414658402
