Julia version: 1.6.0-DEV.1324

Threading configuration: 
       JULIA_NUM_THREADS:   2
      JULIA_FFTW_THREADS:   2
      JULIA_BLAS_THREADS:   2
Payload:  Si_scfres_guess.jld2

System facts:
    fft_size:      (27, 27, 27)
    kpoints:       10
    n_electrons:   8
    n_bands:       11

Compiling code ...
Timing SCF ...

n     Free energy       Eₙ-Eₙ₋₁     ρout-ρin   Diag
---   ---------------   ---------   --------   ----
  1   -7.874345259423         NaN   1.98e-01    1.0 
  2   -7.876891315746   -2.55e-03   3.52e-02    2.1 
  3   -7.877017275491   -1.26e-04   3.80e-03    1.0 
  4   -7.877023742888   -6.47e-06   5.49e-04    2.8 
  5   -7.877024162278   -4.19e-07   1.05e-04    2.7 
  6   -7.877024166233   -3.96e-09   2.04e-05    2.8 
  7   -7.877024166547   -3.14e-10   2.88e-06    2.3 
  8   -7.877024166553   -5.97e-12   2.77e-07    3.2 
Energy breakdown:
    Kinetic             3.1335539 
    AtomicLocal         -2.0957827
    AtomicNonlocal      1.5673331 
    Ewald               -8.4004648
    PspCorrection       -0.2100813
    Hartree             0.5438531 
    Xc                  -2.4137398
    Entropy             -0.0016958

    total               -7.877024166553

 ──────────────────────────────────────────────────────────────────────────────
                                       Time                   Allocations      
                               ──────────────────────   ───────────────────────
       Tot / % measured:            12.7s / 80.3%           2.45GiB / 87.2%    

 Section               ncalls     time   %tot     avg     alloc   %tot      avg
 ──────────────────────────────────────────────────────────────────────────────
 self_consistent_field      1    10.2s   100%   10.2s   2.14GiB  100%   2.14GiB
   LOBPCG                  80    6.30s  61.9%  78.8ms   1.12GiB  52.2%  14.3MiB
     Hamiltonian mu...    259    990ms  9.74%  3.82ms   93.3MiB  4.26%   369KiB
     ortho                706    236ms  2.32%   335μs   73.8MiB  3.37%   107KiB
     block multipli...    754   84.7ms  0.83%   112μs   67.4MiB  3.08%  91.5KiB
     rayleigh_ritz        179   61.1ms  0.60%   341μs   9.19MiB  0.42%  52.6KiB
   energy_hamiltonian      17    565ms  5.56%  33.3ms    393MiB  17.9%  23.1MiB
   compute_density          8    381ms  3.75%  47.7ms    353MiB  16.1%  44.1MiB
   KerkerDosMixing          8    357ms  3.51%  44.6ms   50.1MiB  2.29%  6.26MiB
     KerkerMixing           8    282ms  2.78%  35.3ms   46.6MiB  2.13%  5.82MiB
   QR orthonormaliz...     80   23.6μs  0.00%   295ns     0.00B  0.00%    0.00B
 ──────────────────────────────────────────────────────────────────────────────

Total time in ns: 11246805139
