Julia version: 1.6.0-DEV.1324

Threading configuration: 
       JULIA_NUM_THREADS:   1
      JULIA_FFTW_THREADS:   2
      JULIA_BLAS_THREADS:   1
Payload:  CoFeGaMn_scfres_guess.jld2

System facts:
    fft_size:      (50, 50, 50)
    kpoints:       280
    n_electrons:   51
    n_bands:       65

Compiling code ...
Timing SCF ...

n     Free energy       Eₙ-Eₙ₋₁     ρout-ρin   Magnet   Diag
---   ---------------   ---------   --------   ------   ----
  1   -326.7936528914         NaN   1.02e+01    3.000    1.0 
  2   -357.8452583967   -3.11e+01   3.79e+00    4.059    11.4 
  3   -359.3537119729   -1.51e+00   3.06e+00    0.830    12.1 
  4   -351.3375926267    8.02e+00   3.86e+00   -0.664    7.8 
  5   -358.9861630741   -7.65e+00   3.02e+00    1.482    7.4 
  6   -358.5751892350    4.11e-01   3.07e+00    1.896    4.8 
  7   -367.1818961915   -8.61e+00   1.35e+00    2.202    7.6 
  8   -370.3506234085   -3.17e+00   7.79e-01    1.574    6.1 
  9   -369.7033869341    6.47e-01   1.11e+00   -0.726    7.0 
 10   -370.6162371998   -9.13e-01   8.83e-01   -0.923    4.3 
 11   -370.1942724770    4.22e-01   9.51e-01   -1.571    3.2 
 12   -370.9319488756   -7.38e-01   6.35e-01   -1.916    2.5 
 13   -371.5188421020   -5.87e-01   3.05e-01   -1.391    3.2 
 14   -371.6218313978   -1.03e-01   1.84e-01   -0.444    2.9 
 15   -371.5199625651    1.02e-01   2.66e-01    0.265    2.9 
 16   -371.6817145113   -1.62e-01   7.11e-02    0.648    1.8 
 17   -371.6746081046    7.11e-03   9.56e-02    0.834    1.2 
 18   -371.6885903725   -1.40e-02   5.55e-02    1.443    3.1 
 19   -371.6775856343    1.10e-02   9.47e-02    1.802    1.7 
 20   -371.6847834448   -7.20e-03   9.48e-02    1.994    1.6 
 21   -371.6932141114   -8.43e-03   5.12e-02    2.643    2.0 
 22   -371.6722506618    2.10e-02   1.02e-01    2.834    1.6 
 23   -371.6824294543   -1.02e-02   8.14e-02    2.936    1.1 
 24   -371.6920410176   -9.61e-03   5.40e-02    2.993    1.9 
 25   -371.6977399489   -5.70e-03   1.86e-02    2.989    1.1 
 26   -371.6979292011   -1.89e-04   1.77e-02    2.997    4.6 
 27   -371.6978563732    7.28e-05   2.25e-02    3.007    2.6 
 28   -371.6989455525   -1.09e-03   7.06e-03    3.019    2.7 
 29   -371.6990385568   -9.30e-05   5.02e-03    3.016    4.5 
 30   -371.6990538539   -1.53e-05   5.16e-03    3.017    2.4 
 31   -371.6989928549    6.10e-05   6.89e-03    3.018    1.7 
 32   -371.6990343793   -4.15e-05   5.59e-03    3.017    1.1 
 33   -371.6991075280   -7.31e-05   1.19e-03    3.018    1.4 
 34   -371.6991094153   -1.89e-06   7.92e-04    3.017    5.2 
 35   -371.6991102866   -8.71e-07   4.68e-04    3.018    2.2 
 36   -371.6991105150   -2.28e-07   3.45e-04    3.018    2.7 
 37   -371.6991107430   -2.28e-07   1.49e-04    3.018    2.5 
 38   -371.6991107901   -4.71e-08   5.89e-05    3.018    4.0 
 39   -371.6991107981   -7.95e-09   1.97e-05    3.018    3.5 
 40   -371.6991107977    3.44e-10   2.55e-05    3.018    5.0 
 41   -371.6991107986   -8.45e-10   9.20e-06    3.018    1.1 
 42   -371.6991107985    8.59e-11   6.75e-06    3.018    3.6 
 43   -371.6991107978    6.67e-10   3.49e-06    3.018    2.5 
 44   -371.6991107975    2.74e-10   2.54e-06    3.018    3.8 
 45   -371.6991107974    1.28e-10   8.61e-07    3.018    2.8 
Energy breakdown:
    Kinetic             186.9361843
    AtomicLocal         -350.7436557
    AtomicNonlocal      -52.9489532
    Ewald               -237.4603341
    PspCorrection       8.8180340 
    Hartree             113.4098032
    Xc                  -39.7054837
    Entropy             -0.0047056

    total               -371.699110797403

 ──────────────────────────────────────────────────────────────────────────────
                                       Time                   Allocations      
                               ──────────────────────   ───────────────────────
       Tot / % measured:           15633s / 100%            4286GiB / 100%     

 Section               ncalls     time   %tot     avg     alloc   %tot      avg
 ──────────────────────────────────────────────────────────────────────────────
 self_consistent_field      1   15631s   100%  15631s   4286GiB  100%   4286GiB
   LOBPCG               12.6k   13094s  83.8%   1.04s   2494GiB  58.2%   203MiB
     Hamiltonian mu...  57.8k    6807s  43.5%   118ms    343GiB  8.01%  6.09MiB
     block multipli...   220k    2282s  14.6%  10.4ms    395GiB  9.22%  1.84MiB
     ortho               191k    1140s  7.29%  5.96ms    409GiB  9.55%  2.19MiB
     rayleigh_ritz      45.2k    1099s  7.03%  24.3ms   32.1GiB  0.75%   745KiB
   compute_density         45    1968s  12.6%   43.7s   1586GiB  37.0%  35.3GiB
   energy_hamiltonian      91     561s  3.59%   6.16s    201GiB  4.68%  2.20GiB
   KerkerDosMixing         45    1.07s  0.01%  23.7ms    733MiB  0.02%  16.3MiB
     KerkerMixing          45    790ms  0.01%  17.5ms    706MiB  0.02%  15.7MiB
   QR orthonormaliz...  12.6k   14.3ms  0.00%  1.13μs     0.00B  0.00%    0.00B
 ──────────────────────────────────────────────────────────────────────────────

Total time in ns: 15631659849782
