Julia version: 1.6.0-DEV.1324

Threading configuration: 
       JULIA_NUM_THREADS:   1
      JULIA_FFTW_THREADS:   3
      JULIA_BLAS_THREADS:   1
Payload:  CoFeGaMn_scfres_guess.jld2

System facts:
    fft_size:      (50, 50, 50)
    kpoints:       280
    n_electrons:   51
    n_bands:       65

Compiling code ...
Timing SCF ...

n     Free energy       Eₙ-Eₙ₋₁     ρout-ρin   Magnet   Diag
---   ---------------   ---------   --------   ------   ----
  1   -326.7936528914         NaN   1.02e+01    3.000    1.0 
  2   -357.8452472876   -3.11e+01   3.79e+00    4.059    11.4 
  3   -359.3537072694   -1.51e+00   3.06e+00    0.830    12.2 
  4   -351.3375897564    8.02e+00   3.86e+00   -0.664    7.8 
  5   -358.9861498470   -7.65e+00   3.02e+00    1.482    7.4 
  6   -358.5751458534    4.11e-01   3.07e+00    1.896    4.8 
  7   -367.1825624200   -8.61e+00   1.35e+00    2.202    7.6 
  8   -370.3509083988   -3.17e+00   7.79e-01    1.574    6.0 
  9   -369.7031612581    6.48e-01   1.11e+00   -0.726    7.1 
 10   -370.6166719554   -9.14e-01   8.83e-01   -0.923    4.3 
 11   -370.1958358148    4.21e-01   9.51e-01   -1.570    3.1 
 12   -370.9328803329   -7.37e-01   6.35e-01   -1.915    2.5 
 13   -371.5190670314   -5.86e-01   3.05e-01   -1.391    3.2 
 14   -371.6219265236   -1.03e-01   1.84e-01   -0.444    2.9 
 15   -371.5201454129    1.02e-01   2.65e-01    0.266    2.9 
 16   -371.6816972762   -1.62e-01   7.11e-02    0.649    1.8 
 17   -371.6745613028    7.14e-03   9.57e-02    0.836    1.2 
 18   -371.6886581324   -1.41e-02   5.54e-02    1.442    3.1 
 19   -371.6776470341    1.10e-02   9.45e-02    1.801    1.7 
 20   -371.6846328713   -6.99e-03   9.53e-02    1.992    1.6 
 21   -371.6932275382   -8.59e-03   5.10e-02    2.640    2.0 
 22   -371.6723421960    2.09e-02   1.02e-01    2.834    1.6 
 23   -371.6823035162   -9.96e-03   8.17e-02    2.935    1.1 
 24   -371.6915694325   -9.27e-03   5.59e-02    2.994    2.0 
 25   -371.6977757958   -6.21e-03   1.82e-02    2.989    1.0 
 26   -371.6978503872   -7.46e-05   1.86e-02    2.997    4.6 
 27   -371.6979188699   -6.85e-05   2.19e-02    3.006    2.6 
 28   -371.6990569711   -1.14e-03   4.83e-03    3.022    2.8 
 29   -371.6989945914    6.24e-05   6.36e-03    3.016    4.3 
 30   -371.6990631910   -6.86e-05   4.72e-03    3.017    1.7 
 31   -371.6989798732    8.33e-05   7.31e-03    3.018    1.7 
 32   -371.6990407973   -6.09e-05   5.32e-03    3.017    1.1 
 33   -371.6991089780   -6.82e-05   8.99e-04    3.017    1.4 
 34   -371.6991093401   -3.62e-07   8.09e-04    3.017    5.8 
 35   -371.6991103678   -1.03e-06   4.29e-04    3.018    1.7 
 36   -371.6991105617   -1.94e-07   3.11e-04    3.018    2.9 
 37   -371.6991107207   -1.59e-07   1.75e-04    3.018    2.6 
 38   -371.6991107963   -7.56e-08   3.91e-05    3.018    3.3 
 39   -371.6991107978   -1.49e-09   3.18e-05    3.018    5.7 
 40   -371.6991107987   -9.29e-10   1.99e-05    3.018    1.2 
 41   -371.6991107980    7.86e-10   7.73e-06    3.018    3.0 
 42   -371.6991107977    2.66e-10   5.88e-06    3.018    4.6 
 43   -371.6991107972    5.18e-10   2.45e-06    3.018    2.2 
 44   -371.6991107974   -1.88e-10   1.02e-06    3.018    4.5 
 45   -371.6991107974   -5.41e-11   2.93e-07    3.018    4.5 
Energy breakdown:
    Kinetic             186.9361854
    AtomicLocal         -350.7436555
    AtomicNonlocal      -52.9489536
    Ewald               -237.4603341
    PspCorrection       8.8180340 
    Hartree             113.4098024
    Xc                  -39.7054837
    Entropy             -0.0047056

    total               -371.699110797412

 ──────────────────────────────────────────────────────────────────────────────
                                       Time                   Allocations      
                               ──────────────────────   ───────────────────────
       Tot / % measured:           15461s / 100%            4320GiB / 100%     

 Section               ncalls     time   %tot     avg     alloc   %tot      avg
 ──────────────────────────────────────────────────────────────────────────────
 self_consistent_field      1   15459s   100%  15459s   4320GiB  100%   4320GiB
   LOBPCG               12.6k   12862s  83.2%   1.02s   2528GiB  58.5%   205MiB
     Hamiltonian mu...  58.5k    6718s  43.5%   115ms    348GiB  8.05%  6.09MiB
     block multipli...   224k    2225s  14.4%  9.94ms    408GiB  9.44%  1.86MiB
     ortho               195k    1120s  7.25%  5.75ms    417GiB  9.64%  2.19MiB
     rayleigh_ritz      45.9k    1073s  6.94%  23.4ms   32.9GiB  0.76%   752KiB
   compute_density         45    2039s  13.2%   45.3s   1586GiB  36.7%  35.3GiB
   energy_hamiltonian      91     551s  3.56%   6.05s    201GiB  4.64%  2.20GiB
   KerkerDosMixing         45    1.07s  0.01%  23.9ms    733MiB  0.02%  16.3MiB
     KerkerMixing          45    793ms  0.01%  17.6ms    706MiB  0.02%  15.7MiB
   QR orthonormaliz...  12.6k   14.0ms  0.00%  1.11μs     0.00B  0.00%    0.00B
 ──────────────────────────────────────────────────────────────────────────────

Total time in ns: 15459735305309
