Julia version: 1.6.0-DEV.1324

Threading configuration: 
       JULIA_NUM_THREADS:   1
      JULIA_FFTW_THREADS:   1
      JULIA_BLAS_THREADS:   1
Payload:  CoFeGaMn_scfres_guess.jld2

System facts:
    fft_size:      (50, 50, 50)
    kpoints:       280
    n_electrons:   51
    n_bands:       65

Compiling code ...
Timing SCF ...

n     Free energy       Eₙ-Eₙ₋₁     ρout-ρin   Magnet   Diag
---   ---------------   ---------   --------   ------   ----
  1   -326.7936528914         NaN   1.02e+01    3.000    1.0 
  2   -357.8452583967   -3.11e+01   3.79e+00    4.059    11.4 
  3   -359.3537134084   -1.51e+00   3.06e+00    0.830    12.2 
  4   -351.3375925451    8.02e+00   3.86e+00   -0.664    7.8 
  5   -358.9861727333   -7.65e+00   3.02e+00    1.482    7.4 
  6   -358.5751726817    4.11e-01   3.07e+00    1.896    4.8 
  7   -367.1821249128   -8.61e+00   1.35e+00    2.202    7.6 
  8   -370.3507165420   -3.17e+00   7.79e-01    1.574    6.2 
  9   -369.7033166153    6.47e-01   1.11e+00   -0.726    7.0 
 10   -370.6163783968   -9.13e-01   8.83e-01   -0.923    4.3 
 11   -370.1948307450    4.22e-01   9.51e-01   -1.571    3.1 
 12   -370.9323280420   -7.37e-01   6.35e-01   -1.916    2.6 
 13   -371.5189201869   -5.87e-01   3.05e-01   -1.391    3.2 
 14   -371.6218759427   -1.03e-01   1.84e-01   -0.444    2.9 
 15   -371.5200138723    1.02e-01   2.66e-01    0.265    2.9 
 16   -371.6817049461   -1.62e-01   7.11e-02    0.649    1.8 
 17   -371.6745946614    7.11e-03   9.56e-02    0.835    1.3 
 18   -371.6886124604   -1.40e-02   5.55e-02    1.443    3.1 
 19   -371.6776530666    1.10e-02   9.45e-02    1.801    1.7 
 20   -371.6847490677   -7.10e-03   9.49e-02    1.992    1.7 
 21   -371.6931846486   -8.44e-03   5.12e-02    2.640    2.0 
 22   -371.6723327206    2.09e-02   1.02e-01    2.833    1.6 
 23   -371.6823016086   -9.97e-03   8.17e-02    2.934    1.0 
 24   -371.6917062859   -9.40e-03   5.53e-02    2.994    1.9 
 25   -371.6977513777   -6.05e-03   1.85e-02    2.989    1.1 
 26   -371.6978724638   -1.21e-04   1.83e-02    2.997    4.6 
 27   -371.6978890978   -1.66e-05   2.21e-02    3.006    2.5 
 28   -371.6990044498   -1.12e-03   5.73e-03    3.020    2.8 
 29   -371.6990139564   -9.51e-06   5.83e-03    3.016    4.6 
 30   -371.6990524129   -3.85e-05   5.24e-03    3.017    1.7 
 31   -371.6989458468    1.07e-04   8.20e-03    3.018    1.6 
 32   -371.6990358540   -9.00e-05   5.51e-03    3.017    1.0 
 33   -371.6991082396   -7.24e-05   1.06e-03    3.017    1.2 
 34   -371.6991092983   -1.06e-06   8.26e-04    3.017    5.7 
 35   -371.6991102658   -9.67e-07   4.79e-04    3.018    1.9 
 36   -371.6991104808   -2.15e-07   3.63e-04    3.018    2.4 
 37   -371.6991106881   -2.07e-07   2.10e-04    3.018    2.4 
 38   -371.6991107934   -1.05e-07   4.63e-05    3.018    3.2 
 39   -371.6991107992   -5.78e-09   1.85e-05    3.018    5.6 
 40   -371.6991107980    1.24e-09   2.66e-05    3.018    4.0 
 41   -371.6991107984   -3.67e-10   1.41e-05    3.018    1.0 
 42   -371.6991107976    7.71e-10   2.61e-06    3.018    2.8 
 43   -371.6991107974    2.30e-10   1.13e-06    3.018    6.2 
 44   -371.6991107974   -8.43e-11   2.25e-06    3.018    3.8 
 45   -371.6991107974    4.68e-11   1.27e-06    3.018    2.2 
Energy breakdown:
    Kinetic             186.9361857
    AtomicLocal         -350.7436578
    AtomicNonlocal      -52.9489538
    Ewald               -237.4603341
    PspCorrection       8.8180340 
    Hartree             113.4098047
    Xc                  -39.7054839
    Entropy             -0.0047056

    total               -371.699110797396

 ──────────────────────────────────────────────────────────────────────────────
                                       Time                   Allocations      
                               ──────────────────────   ───────────────────────
       Tot / % measured:           18165s / 100%            4325GiB / 100%     

 Section               ncalls     time   %tot     avg     alloc   %tot      avg
 ──────────────────────────────────────────────────────────────────────────────
 self_consistent_field      1   18163s   100%  18163s   4325GiB  100%   4325GiB
   LOBPCG               12.6k   15245s  83.9%   1.21s   2533GiB  58.6%   206MiB
     Hamiltonian mu...  58.2k    9211s  50.7%   158ms    348GiB  8.05%  6.13MiB
     block multipli...   222k    2164s  11.9%  9.74ms    409GiB  9.47%  1.89MiB
     ortho               193k    1105s  6.08%  5.71ms    418GiB  9.66%  2.21MiB
     rayleigh_ritz      45.6k    1085s  5.97%  23.8ms   33.2GiB  0.77%   762KiB
   compute_density         45    2364s  13.0%   52.5s   1586GiB  36.7%  35.3GiB
   energy_hamiltonian      91     546s  3.01%   6.00s    201GiB  4.64%  2.20GiB
   KerkerDosMixing         45    1.13s  0.01%  25.1ms    733MiB  0.02%  16.3MiB
     KerkerMixing          45    855ms  0.00%  19.0ms    706MiB  0.02%  15.7MiB
   QR orthonormaliz...  12.6k   12.5ms  0.00%   992ns     0.00B  0.00%    0.00B
 ──────────────────────────────────────────────────────────────────────────────

Total time in ns: 18163654244786
