Julia version: 1.6.0-DEV.1324

Threading configuration: 
       JULIA_NUM_THREADS:   1
      JULIA_FFTW_THREADS:   1
      JULIA_BLAS_THREADS:   2
Payload:  CoFeGaMn_scfres_guess.jld2

System facts:
    fft_size:      (50, 50, 50)
    kpoints:       280
    n_electrons:   51
    n_bands:       65

Compiling code ...
Timing SCF ...

n     Free energy       Eₙ-Eₙ₋₁     ρout-ρin   Magnet   Diag
---   ---------------   ---------   --------   ------   ----
  1   -326.7936528914         NaN   1.02e+01    3.000    1.0 
  2   -357.8452419516   -3.11e+01   3.79e+00    4.059    11.3 
  3   -359.3536990404   -1.51e+00   3.06e+00    0.830    12.2 
  4   -351.3375915663    8.02e+00   3.86e+00   -0.664    7.8 
  5   -358.9861658810   -7.65e+00   3.02e+00    1.482    7.4 
  6   -358.5751662687    4.11e-01   3.07e+00    1.896    4.8 
  7   -367.1823360916   -8.61e+00   1.35e+00    2.202    7.6 
  8   -370.3508408514   -3.17e+00   7.79e-01    1.574    6.1 
  9   -369.7032628410    6.48e-01   1.11e+00   -0.726    7.1 
 10   -370.6165511189   -9.13e-01   8.83e-01   -0.923    4.3 
 11   -370.1955315586    4.21e-01   9.51e-01   -1.570    3.2 
 12   -370.9328023951   -7.37e-01   6.35e-01   -1.915    2.6 
 13   -371.5190717002   -5.86e-01   3.05e-01   -1.391    3.2 
 14   -371.6219149509   -1.03e-01   1.84e-01   -0.444    2.9 
 15   -371.5201282190    1.02e-01   2.65e-01    0.266    2.9 
 16   -371.6817055035   -1.62e-01   7.11e-02    0.649    1.8 
 17   -371.6745883177    7.12e-03   9.56e-02    0.836    1.2 
 18   -371.6886555053   -1.41e-02   5.54e-02    1.442    3.1 
 19   -371.6777051655    1.10e-02   9.43e-02    1.800    1.7 
 20   -371.6845828072   -6.88e-03   9.54e-02    1.987    1.6 
 21   -371.6931606897   -8.58e-03   5.12e-02    2.636    2.0 
 22   -371.6725541266    2.06e-02   1.01e-01    2.832    1.6 
 23   -371.6821786180   -9.62e-03   8.20e-02    2.933    1.1 
 24   -371.6912136917   -9.04e-03   5.73e-02    2.995    1.9 
 25   -371.6977582747   -6.54e-03   1.83e-02    2.988    1.0 
 26   -371.6977799788   -2.17e-05   1.93e-02    2.997    4.7 
 27   -371.6979602210   -1.80e-04   2.15e-02    3.005    2.5 
 28   -371.6990643411   -1.10e-03   4.92e-03    3.022    2.9 
 29   -371.6989802366    8.41e-05   6.74e-03    3.016    4.1 
 30   -371.6990633392   -8.31e-05   4.69e-03    3.017    1.6 
 31   -371.6989879304    7.54e-05   7.09e-03    3.018    1.9 
 32   -371.6990406084   -5.27e-05   5.33e-03    3.017    1.1 
 33   -371.6991091353   -6.85e-05   8.64e-04    3.017    1.4 
 34   -371.6991092961   -1.61e-07   8.19e-04    3.017    5.9 
 35   -371.6991103742   -1.08e-06   4.25e-04    3.018    1.6 
 36   -371.6991105895   -2.15e-07   2.91e-04    3.018    2.9 
 37   -371.6991107373   -1.48e-07   1.55e-04    3.018    2.7 
 38   -371.6991107955   -5.82e-08   4.84e-05    3.018    3.6 
 39   -371.6991107952    2.52e-10   4.75e-05    3.018    4.8 
 40   -371.6991107987   -3.47e-09   2.42e-05    3.018    1.0 
 41   -371.6991107981    6.53e-10   8.66e-06    3.018    2.8 
 42   -371.6991107977    3.86e-10   6.06e-06    3.018    5.0 
 43   -371.6991107971    6.13e-10   2.88e-06    3.018    2.4 
 44   -371.6991107974   -3.23e-10   9.25e-07    3.018    3.4 
 45   -371.6991107974   -4.58e-11   2.56e-07    3.018    4.8 
Energy breakdown:
    Kinetic             186.9361828
    AtomicLocal         -350.7436512
    AtomicNonlocal      -52.9489523
    Ewald               -237.4603341
    PspCorrection       8.8180340 
    Hartree             113.4097991
    Xc                  -39.7054835
    Entropy             -0.0047056

    total               -371.699110797440

 ──────────────────────────────────────────────────────────────────────────────
                                       Time                   Allocations      
                               ──────────────────────   ───────────────────────
       Tot / % measured:           16238s / 100%            4316GiB / 100%     

 Section               ncalls     time   %tot     avg     alloc   %tot      avg
 ──────────────────────────────────────────────────────────────────────────────
 self_consistent_field      1   16236s   100%  16236s   4316GiB  100%   4316GiB
   LOBPCG               12.6k   13413s  82.6%   1.06s   2524GiB  58.5%   205MiB
     Hamiltonian mu...  58.3k    9244s  56.9%   159ms    347GiB  8.05%  6.10MiB
     block multipli...   223k    1258s  7.75%  5.65ms    406GiB  9.41%  1.87MiB
     ortho               194k     788s  4.86%  4.07ms    416GiB  9.64%  2.20MiB
     rayleigh_ritz      45.7k     785s  4.83%  17.2ms   32.8GiB  0.76%   754KiB
   compute_density         45    2458s  15.1%   54.6s   1586GiB  36.8%  35.3GiB
   energy_hamiltonian      91     357s  2.20%   3.92s    201GiB  4.65%  2.20GiB
   KerkerDosMixing         45    1.14s  0.01%  25.4ms    733MiB  0.02%  16.3MiB
     KerkerMixing          45    854ms  0.01%  19.0ms    706MiB  0.02%  15.7MiB
   QR orthonormaliz...  12.6k   14.1ms  0.00%  1.12μs     0.00B  0.00%    0.00B
 ──────────────────────────────────────────────────────────────────────────────

Total time in ns: 16236825903010
