Julia version: 1.6.0-DEV.1324

Threading configuration: 
       JULIA_NUM_THREADS:   1
      JULIA_FFTW_THREADS:   3
      JULIA_BLAS_THREADS:   2
Payload:  CoFeGaMn_scfres_guess.jld2

System facts:
    fft_size:      (50, 50, 50)
    kpoints:       280
    n_electrons:   51
    n_bands:       65

Compiling code ...
Timing SCF ...

n     Free energy       Eₙ-Eₙ₋₁     ρout-ρin   Magnet   Diag
---   ---------------   ---------   --------   ------   ----
  1   -326.7936528914         NaN   1.02e+01    3.000    1.0 
  2   -357.8452419516   -3.11e+01   3.79e+00    4.059    11.3 
  3   -359.3536921721   -1.51e+00   3.06e+00    0.830    12.3 
  4   -351.3375970939    8.02e+00   3.86e+00   -0.664    7.8 
  5   -358.9861602176   -7.65e+00   3.02e+00    1.482    7.4 
  6   -358.5751637628    4.11e-01   3.07e+00    1.896    4.8 
  7   -367.1825213841   -8.61e+00   1.35e+00    2.202    7.6 
  8   -370.3509153630   -3.17e+00   7.79e-01    1.573    6.1 
  9   -369.7028232978    6.48e-01   1.11e+00   -0.726    7.1 
 10   -370.6166559734   -9.14e-01   8.83e-01   -0.923    4.3 
 11   -370.1959352125    4.21e-01   9.50e-01   -1.570    3.2 
 12   -370.9329178491   -7.37e-01   6.35e-01   -1.915    2.6 
 13   -371.5190692507   -5.86e-01   3.05e-01   -1.391    3.2 
 14   -371.6219292670   -1.03e-01   1.84e-01   -0.444    2.9 
 15   -371.5201341937    1.02e-01   2.65e-01    0.266    2.9 
 16   -371.6816969987   -1.62e-01   7.11e-02    0.649    1.8 
 17   -371.6745729231    7.12e-03   9.57e-02    0.836    1.3 
 18   -371.6886704965   -1.41e-02   5.54e-02    1.443    3.1 
 19   -371.6777703187    1.09e-02   9.42e-02    1.800    1.7 
 20   -371.6845812486   -6.81e-03   9.54e-02    1.989    1.6 
 21   -371.6931604294   -8.58e-03   5.11e-02    2.635    2.0 
 22   -371.6723742553    2.08e-02   1.02e-01    2.833    1.6 
 23   -371.6821058654   -9.73e-03   8.22e-02    2.933    1.1 
 24   -371.6911471920   -9.04e-03   5.75e-02    2.995    1.8 
 25   -371.6977887044   -6.64e-03   1.80e-02    2.988    1.1 
 26   -371.6977976831   -8.98e-06   1.91e-02    2.997    4.7 
 27   -371.6979570065   -1.59e-04   2.15e-02    3.005    2.6 
 28   -371.6990690213   -1.11e-03   4.96e-03    3.023    2.9 
 29   -371.6989792816    8.97e-05   6.76e-03    3.016    4.0 
 30   -371.6990653794   -8.61e-05   4.59e-03    3.017    1.6 
 31   -371.6990075632    5.78e-05   6.50e-03    3.018    2.0 
 32   -371.6990421621   -3.46e-05   5.27e-03    3.017    1.1 
 33   -371.6991092270   -6.71e-05   8.38e-04    3.017    1.5 
 34   -371.6991093516   -1.25e-07   8.02e-04    3.017    5.9 
 35   -371.6991104051   -1.05e-06   4.09e-04    3.018    1.5 
 36   -371.6991106210   -2.16e-07   2.68e-04    3.018    3.2 
 37   -371.6991107469   -1.26e-07   1.43e-04    3.018    2.9 
 38   -371.6991107951   -4.82e-08   5.25e-05    3.018    3.6 
 39   -371.6991107947    4.86e-10   5.00e-05    3.018    4.5 
 40   -371.6991107987   -4.02e-09   2.54e-05    3.018    1.0 
 41   -371.6991107981    6.14e-10   8.84e-06    3.018    2.8 
 42   -371.6991107976    4.39e-10   5.62e-06    3.018    5.2 
 43   -371.6991107970    6.11e-10   2.77e-06    3.018    2.6 
 44   -371.6991107974   -3.73e-10   8.12e-07    3.018    3.0 
 45   -371.6991107974   -4.88e-11   2.79e-07    3.018    4.7 
Energy breakdown:
    Kinetic             186.9361823
    AtomicLocal         -350.7436505
    AtomicNonlocal      -52.9489521
    Ewald               -237.4603341
    PspCorrection       8.8180340 
    Hartree             113.4097987
    Xc                  -39.7054834
    Entropy             -0.0047056

    total               -371.699110797435

 ──────────────────────────────────────────────────────────────────────────────
                                       Time                   Allocations      
                               ──────────────────────   ───────────────────────
       Tot / % measured:           12334s / 100%            4316GiB / 100%     

 Section               ncalls     time   %tot     avg     alloc   %tot      avg
 ──────────────────────────────────────────────────────────────────────────────
 self_consistent_field      1   12332s   100%  12332s   4316GiB  100%   4316GiB
   LOBPCG               12.6k    9908s  80.3%   786ms   2524GiB  58.5%   205MiB
     Hamiltonian mu...  58.2k    5857s  47.5%   101ms    347GiB  8.04%  6.10MiB
     block multipli...   222k    1205s  9.78%  5.42ms    406GiB  9.41%  1.87MiB
     rayleigh_ritz      45.6k     777s  6.30%  17.0ms   32.8GiB  0.76%   754KiB
     ortho               194k     758s  6.15%  3.92ms    416GiB  9.63%  2.20MiB
   compute_density         45    2073s  16.8%   46.1s   1586GiB  36.8%  35.3GiB
   energy_hamiltonian      91     343s  2.78%   3.77s    201GiB  4.65%  2.20GiB
   KerkerDosMixing         45    1.07s  0.01%  23.7ms    733MiB  0.02%  16.3MiB
     KerkerMixing          45    790ms  0.01%  17.6ms    706MiB  0.02%  15.7MiB
   QR orthonormaliz...  12.6k   14.1ms  0.00%  1.12μs     0.00B  0.00%    0.00B
 ──────────────────────────────────────────────────────────────────────────────

Total time in ns: 12332560560040
