Julia version: 1.6.0-DEV.1324

Threading configuration: 
       JULIA_NUM_THREADS:   1
      JULIA_FFTW_THREADS:   2
      JULIA_BLAS_THREADS:   2
Payload:  CoFeGaMn_scfres_guess.jld2

System facts:
    fft_size:      (50, 50, 50)
    kpoints:       280
    n_electrons:   51
    n_bands:       65

Compiling code ...
Timing SCF ...

n     Free energy       Eₙ-Eₙ₋₁     ρout-ρin   Magnet   Diag
---   ---------------   ---------   --------   ------   ----
  1   -326.7936528914         NaN   1.02e+01    3.000    1.0 
  2   -357.8452419516   -3.11e+01   3.79e+00    4.059    11.3 
  3   -359.3537011425   -1.51e+00   3.06e+00    0.830    12.3 
  4   -351.3375888224    8.02e+00   3.86e+00   -0.664    7.8 
  5   -358.9861608338   -7.65e+00   3.02e+00    1.482    7.3 
  6   -358.5751804957    4.11e-01   3.07e+00    1.896    4.8 
  7   -367.1823195082   -8.61e+00   1.35e+00    2.202    7.6 
  8   -370.3507426344   -3.17e+00   7.79e-01    1.574    6.1 
  9   -369.7032326490    6.48e-01   1.11e+00   -0.726    7.0 
 10   -370.6164826338   -9.13e-01   8.83e-01   -0.923    4.3 
 11   -370.1951311876    4.21e-01   9.51e-01   -1.570    3.2 
 12   -370.9324925385   -7.37e-01   6.35e-01   -1.916    2.6 
 13   -371.5189786711   -5.86e-01   3.05e-01   -1.391    3.2 
 14   -371.6218672919   -1.03e-01   1.84e-01   -0.444    2.9 
 15   -371.5200990916    1.02e-01   2.65e-01    0.266    2.9 
 16   -371.6817099358   -1.62e-01   7.11e-02    0.649    1.8 
 17   -371.6746127738    7.10e-03   9.56e-02    0.836    1.3 
 18   -371.6886431047   -1.40e-02   5.55e-02    1.442    3.1 
 19   -371.6777204277    1.09e-02   9.43e-02    1.799    1.7 
 20   -371.6846239256   -6.90e-03   9.53e-02    1.986    1.6 
 21   -371.6931261898   -8.50e-03   5.14e-02    2.635    2.0 
 22   -371.6726172881    2.05e-02   1.01e-01    2.831    1.6 
 23   -371.6821254821   -9.51e-03   8.21e-02    2.932    1.1 
 24   -371.6911713756   -9.05e-03   5.74e-02    2.995    1.9 
 25   -371.6977354674   -6.56e-03   1.86e-02    2.988    1.1 
 26   -371.6977583800   -2.29e-05   1.95e-02    2.997    4.7 
 27   -371.6979668995   -2.09e-04   2.14e-02    3.005    2.5 
 28   -371.6990567112   -1.09e-03   4.94e-03    3.022    2.8 
 29   -371.6989773569    7.94e-05   6.84e-03    3.016    4.3 
 30   -371.6990589624   -8.16e-05   4.89e-03    3.017    1.7 
 31   -371.6989629001    9.61e-05   7.79e-03    3.018    1.8 
 32   -371.6990394544   -7.66e-05   5.37e-03    3.017    1.1 
 33   -371.6991090379   -6.96e-05   8.90e-04    3.017    1.4 
 34   -371.6991092232   -1.85e-07   8.41e-04    3.017    5.9 
 35   -371.6991103171   -1.09e-06   4.54e-04    3.018    1.6 
 36   -371.6991105308   -2.14e-07   3.30e-04    3.018    2.6 
 37   -371.6991107108   -1.80e-07   1.86e-04    3.018    2.5 
 38   -371.6991107956   -8.48e-08   4.36e-05    3.018    3.3 
 39   -371.6991107954    2.21e-10   4.75e-05    3.018    6.0 
 40   -371.6991107993   -3.88e-09   2.26e-05    3.018    1.0 
 41   -371.6991107985    8.04e-10   9.56e-06    3.018    2.6 
 42   -371.6991107979    5.47e-10   7.77e-06    3.018    4.8 
 43   -371.6991107973    5.95e-10   3.33e-06    3.018    2.2 
 44   -371.6991107975   -1.77e-10   2.98e-06    3.018    3.2 
 45   -371.6991107974    1.22e-10   5.30e-07    3.018    2.6 
Energy breakdown:
    Kinetic             186.9361847
    AtomicLocal         -350.7436546
    AtomicNonlocal      -52.9489534
    Ewald               -237.4603341
    PspCorrection       8.8180340 
    Hartree             113.4098019
    Xc                  -39.7054837
    Entropy             -0.0047056

    total               -371.699110797404

 ──────────────────────────────────────────────────────────────────────────────
                                       Time                   Allocations      
                               ──────────────────────   ───────────────────────
       Tot / % measured:           13293s / 100%            4297GiB / 100%     

 Section               ncalls     time   %tot     avg     alloc   %tot      avg
 ──────────────────────────────────────────────────────────────────────────────
 self_consistent_field      1   13291s   100%  13291s   4296GiB  100%   4296GiB
   LOBPCG               12.6k   10715s  80.6%   850ms   2504GiB  58.3%   204MiB
     Hamiltonian mu...  57.5k    6621s  49.8%   115ms    345GiB  8.02%  6.14MiB
     block multipli...   218k    1222s  9.20%  5.61ms    399GiB  9.29%  1.88MiB
     rayleigh_ritz      44.9k     772s  5.81%  17.2ms   32.4GiB  0.75%   758KiB
     ortho               190k     771s  5.80%  4.06ms    412GiB  9.58%  2.22MiB
   compute_density         45    2219s  16.7%   49.3s   1586GiB  36.9%  35.3GiB
   energy_hamiltonian      91     348s  2.62%   3.82s    201GiB  4.67%  2.20GiB
   KerkerDosMixing         45    1.09s  0.01%  24.2ms    733MiB  0.02%  16.3MiB
     KerkerMixing          45    806ms  0.01%  17.9ms    706MiB  0.02%  15.7MiB
   QR orthonormaliz...  12.6k   14.2ms  0.00%  1.13μs     0.00B  0.00%    0.00B
 ──────────────────────────────────────────────────────────────────────────────

Total time in ns: 13291713025362
