Julia version: 1.6.0-DEV.1324

Threading configuration: 
       JULIA_NUM_THREADS:   1
      JULIA_FFTW_THREADS:   3
      JULIA_BLAS_THREADS:   3
Payload:  CoFeGaMn_scfres_guess.jld2

System facts:
    fft_size:      (50, 50, 50)
    kpoints:       280
    n_electrons:   51
    n_bands:       65

Compiling code ...
Timing SCF ...

n     Free energy       Eₙ-Eₙ₋₁     ρout-ρin   Magnet   Diag
---   ---------------   ---------   --------   ------   ----
  1   -326.7936528914         NaN   1.02e+01    3.000    1.0 
  2   -357.8452460573   -3.11e+01   3.79e+00    4.059    11.4 
  3   -359.3537055609   -1.51e+00   3.06e+00    0.830    12.2 
  4   -351.3375948142    8.02e+00   3.86e+00   -0.664    7.8 
  5   -358.9861771410   -7.65e+00   3.02e+00    1.482    7.4 
  6   -358.5751763009    4.11e-01   3.07e+00    1.896    4.8 
  7   -367.1823059619   -8.61e+00   1.35e+00    2.202    7.6 
  8   -370.3508728659   -3.17e+00   7.79e-01    1.574    6.1 
  9   -369.7031717161    6.48e-01   1.11e+00   -0.726    7.0 
 10   -370.6165718489   -9.13e-01   8.83e-01   -0.923    4.3 
 11   -370.1956381057    4.21e-01   9.51e-01   -1.570    3.2 
 12   -370.9327514797   -7.37e-01   6.35e-01   -1.915    2.5 
 13   -371.5190405580   -5.86e-01   3.05e-01   -1.391    3.3 
 14   -371.6219394582   -1.03e-01   1.84e-01   -0.444    2.9 
 15   -371.5201500307    1.02e-01   2.65e-01    0.266    2.9 
 16   -371.6817023829   -1.62e-01   7.11e-02    0.649    1.8 
 17   -371.6745832408    7.12e-03   9.56e-02    0.836    1.3 
 18   -371.6886563935   -1.41e-02   5.54e-02    1.442    3.1 
 19   -371.6776984972    1.10e-02   9.44e-02    1.800    1.7 
 20   -371.6845955797   -6.90e-03   9.54e-02    1.990    1.6 
 21   -371.6932042141   -8.61e-03   5.11e-02    2.638    2.0 
 22   -371.6724652050    2.07e-02   1.02e-01    2.833    1.6 
 23   -371.6822546501   -9.79e-03   8.18e-02    2.934    1.0 
 24   -371.6914153512   -9.16e-03   5.65e-02    2.994    1.9 
 25   -371.6977627379   -6.35e-03   1.83e-02    2.988    1.1 
 26   -371.6978126769   -4.99e-05   1.90e-02    2.997    4.7 
 27   -371.6979465543   -1.34e-04   2.16e-02    3.005    2.5 
 28   -371.6990618258   -1.12e-03   4.87e-03    3.022    2.8 
 29   -371.6989858146    7.60e-05   6.59e-03    3.016    4.3 
 30   -371.6990634754   -7.77e-05   4.69e-03    3.017    1.6 
 31   -371.6989793681    8.41e-05   7.33e-03    3.018    1.9 
 32   -371.6990408137   -6.14e-05   5.32e-03    3.017    1.1 
 33   -371.6991090640   -6.83e-05   8.80e-04    3.017    1.4 
 34   -371.6991093100   -2.46e-07   8.16e-04    3.017    5.9 
 35   -371.6991103752   -1.07e-06   4.25e-04    3.018    1.6 
 36   -371.6991105799   -2.05e-07   2.98e-04    3.018    3.0 
 37   -371.6991107315   -1.52e-07   1.62e-04    3.018    2.6 
 38   -371.6991107962   -6.47e-08   4.25e-05    3.018    3.5 
 39   -371.6991107966   -3.08e-10   4.00e-05    3.018    5.3 
 40   -371.6991107987   -2.15e-09   2.16e-05    3.018    1.0 
 41   -371.6991107980    7.45e-10   7.53e-06    3.018    2.9 
 42   -371.6991107977    3.09e-10   5.57e-06    3.018    4.9 
 43   -371.6991107971    5.59e-10   2.84e-06    3.018    2.3 
 44   -371.6991107974   -2.74e-10   1.11e-06    3.018    3.3 
 45   -371.6991107974   -6.54e-11   1.45e-07    3.018    4.9 
Energy breakdown:
    Kinetic             186.9361841
    AtomicLocal         -350.7436533
    AtomicNonlocal      -52.9489529
    Ewald               -237.4603341
    PspCorrection       8.8180340 
    Hartree             113.4098007
    Xc                  -39.7054836
    Entropy             -0.0047056

    total               -371.699110797434

 ──────────────────────────────────────────────────────────────────────────────
                                       Time                   Allocations      
                               ──────────────────────   ───────────────────────
       Tot / % measured:           11332s / 100%            4316GiB / 100%     

 Section               ncalls     time   %tot     avg     alloc   %tot      avg
 ──────────────────────────────────────────────────────────────────────────────
 self_consistent_field      1   11330s   100%  11330s   4316GiB  100%   4316GiB
   LOBPCG               12.6k    8933s  78.8%   709ms   2524GiB  58.5%   205MiB
     Hamiltonian mu...  58.3k    5719s  50.5%  98.1ms    347GiB  8.04%  6.10MiB
     block multipli...   223k     840s  7.42%  3.77ms    406GiB  9.41%  1.87MiB
     ortho               194k     644s  5.69%  3.32ms    416GiB  9.63%  2.20MiB
     rayleigh_ritz      45.7k     602s  5.31%  13.2ms   32.8GiB  0.76%   753KiB
   compute_density         45    2090s  18.5%   46.5s   1586GiB  36.8%  35.3GiB
   energy_hamiltonian      91     298s  2.63%   3.27s    201GiB  4.65%  2.20GiB
   KerkerDosMixing         45    1.27s  0.01%  28.2ms    733MiB  0.02%  16.3MiB
     KerkerMixing          45    959ms  0.01%  21.3ms    706MiB  0.02%  15.7MiB
   QR orthonormaliz...  12.6k   13.7ms  0.00%  1.09μs     0.00B  0.00%    0.00B
 ──────────────────────────────────────────────────────────────────────────────

Total time in ns: 11330848926035
