Julia version: 1.6.0-DEV.1324

Threading configuration: 
       JULIA_NUM_THREADS:   1
      JULIA_FFTW_THREADS:   1
      JULIA_BLAS_THREADS:   3
Payload:  CoFeGaMn_scfres_guess.jld2

System facts:
    fft_size:      (50, 50, 50)
    kpoints:       280
    n_electrons:   51
    n_bands:       65

Compiling code ...
Timing SCF ...

n     Free energy       Eₙ-Eₙ₋₁     ρout-ρin   Magnet   Diag
---   ---------------   ---------   --------   ------   ----
  1   -326.7936528914         NaN   1.02e+01    3.000    1.0 
  2   -357.8452418402   -3.11e+01   3.79e+00    4.059    11.3 
  3   -359.3536982942   -1.51e+00   3.06e+00    0.830    12.3 
  4   -351.3375995208    8.02e+00   3.86e+00   -0.664    7.8 
  5   -358.9861753670   -7.65e+00   3.02e+00    1.482    7.4 
  6   -358.5751689870    4.11e-01   3.07e+00    1.896    4.9 
  7   -367.1823424166   -8.61e+00   1.35e+00    2.202    7.6 
  8   -370.3507935017   -3.17e+00   7.79e-01    1.574    6.1 
  9   -369.7032506303    6.48e-01   1.11e+00   -0.726    7.1 
 10   -370.6165299298   -9.13e-01   8.83e-01   -0.923    4.3 
 11   -370.1953436723    4.21e-01   9.51e-01   -1.570    3.2 
 12   -370.9326154692   -7.37e-01   6.35e-01   -1.916    2.6 
 13   -371.5190264983   -5.86e-01   3.05e-01   -1.391    3.2 
 14   -371.6219054810   -1.03e-01   1.84e-01   -0.444    2.9 
 15   -371.5201297072    1.02e-01   2.65e-01    0.266    2.9 
 16   -371.6817048844   -1.62e-01   7.11e-02    0.649    1.8 
 17   -371.6745986781    7.11e-03   9.56e-02    0.836    1.3 
 18   -371.6886542149   -1.41e-02   5.54e-02    1.443    3.1 
 19   -371.6777434823    1.09e-02   9.42e-02    1.800    1.7 
 20   -371.6846026875   -6.86e-03   9.53e-02    1.989    1.6 
 21   -371.6931606200   -8.56e-03   5.12e-02    2.636    2.0 
 22   -371.6723517913    2.08e-02   1.02e-01    2.832    1.6 
 23   -371.6821487376   -9.80e-03   8.21e-02    2.933    1.1 
 24   -371.6913073182   -9.16e-03   5.69e-02    2.994    2.0 
 25   -371.6977720867   -6.46e-03   1.82e-02    2.989    1.0 
 26   -371.6978105442   -3.85e-05   1.90e-02    2.997    4.6 
 27   -371.6979485991   -1.38e-04   2.16e-02    3.005    2.5 
 28   -371.6990598253   -1.11e-03   4.90e-03    3.022    2.9 
 29   -371.6989815835    7.82e-05   6.72e-03    3.016    4.3 
 30   -371.6990614392   -7.99e-05   4.79e-03    3.017    1.6 
 31   -371.6989734938    8.79e-05   7.49e-03    3.018    1.8 
 32   -371.6990414935   -6.80e-05   5.30e-03    3.017    1.1 
 33   -371.6991090433   -6.75e-05   8.85e-04    3.017    1.4 
 34   -371.6991092937   -2.50e-07   8.21e-04    3.017    5.9 
 35   -371.6991103539   -1.06e-06   4.36e-04    3.018    1.6 
 36   -371.6991105588   -2.05e-07   3.12e-04    3.018    2.8 
 37   -371.6991107193   -1.60e-07   1.76e-04    3.018    2.5 
 38   -371.6991107965   -7.71e-08   4.09e-05    3.018    3.4 
 39   -371.6991107962    2.43e-10   4.26e-05    3.018    5.8 
 40   -371.6991107990   -2.83e-09   2.21e-05    3.018    1.0 
 41   -371.6991107982    8.16e-10   8.46e-06    3.018    2.6 
 42   -371.6991107978    4.24e-10   6.60e-06    3.018    5.0 
 43   -371.6991107972    5.92e-10   2.89e-06    3.018    2.3 
 44   -371.6991107975   -2.56e-10   1.38e-06    3.018    3.8 
 45   -371.6991107974    2.60e-11   3.36e-07    3.018    5.4 
Energy breakdown:
    Kinetic             186.9361837
    AtomicLocal         -350.7436526
    AtomicNonlocal      -52.9489528
    Ewald               -237.4603341
    PspCorrection       8.8180340 
    Hartree             113.4098002
    Xc                  -39.7054836
    Entropy             -0.0047056

    total               -371.699110797432

 ──────────────────────────────────────────────────────────────────────────────
                                       Time                   Allocations      
                               ──────────────────────   ───────────────────────
       Tot / % measured:           14884s / 100%            4316GiB / 100%     

 Section               ncalls     time   %tot     avg     alloc   %tot      avg
 ──────────────────────────────────────────────────────────────────────────────
 self_consistent_field      1   14881s   100%  14881s   4316GiB  100%   4316GiB
   LOBPCG               12.6k   12150s  81.6%   964ms   2524GiB  58.5%   205MiB
     Hamiltonian mu...  58.6k    8934s  60.0%   152ms    347GiB  8.05%  6.07MiB
     block multipli...   225k     817s  5.49%  3.64ms    406GiB  9.42%  1.85MiB
     ortho               195k     649s  4.36%  3.33ms    416GiB  9.63%  2.18MiB
     rayleigh_ritz      46.0k     599s  4.02%  13.0ms   32.7GiB  0.76%   746KiB
   compute_density         45    2419s  16.3%   53.7s   1586GiB  36.8%  35.3GiB
   energy_hamiltonian      91     303s  2.04%   3.33s    201GiB  4.65%  2.20GiB
   KerkerDosMixing         45    1.13s  0.01%  25.1ms    733MiB  0.02%  16.3MiB
     KerkerMixing          45    850ms  0.01%  18.9ms    706MiB  0.02%  15.7MiB
   QR orthonormaliz...  12.6k   14.1ms  0.00%  1.12μs     0.00B  0.00%    0.00B
 ──────────────────────────────────────────────────────────────────────────────

Total time in ns: 14882243034914
