Julia version: 1.6.0-DEV.1324

Threading configuration: 
       JULIA_NUM_THREADS:   1
      JULIA_FFTW_THREADS:   2
      JULIA_BLAS_THREADS:   3
Payload:  CoFeGaMn_scfres_guess.jld2

System facts:
    fft_size:      (50, 50, 50)
    kpoints:       280
    n_electrons:   51
    n_bands:       65

Compiling code ...
Timing SCF ...

n     Free energy       Eₙ-Eₙ₋₁     ρout-ρin   Magnet   Diag
---   ---------------   ---------   --------   ------   ----
  1   -326.7936528914         NaN   1.02e+01    3.000    1.0 
  2   -357.8452418402   -3.11e+01   3.79e+00    4.059    11.4 
  3   -359.3536968385   -1.51e+00   3.06e+00    0.830    12.3 
  4   -351.3375871538    8.02e+00   3.86e+00   -0.664    7.8 
  5   -358.9861620986   -7.65e+00   3.02e+00    1.482    7.4 
  6   -358.5751641521    4.11e-01   3.07e+00    1.896    4.8 
  7   -367.1824917425   -8.61e+00   1.35e+00    2.202    7.6 
  8   -370.3509175932   -3.17e+00   7.79e-01    1.573    6.1 
  9   -369.7031518629    6.48e-01   1.11e+00   -0.726    7.1 
 10   -370.6166553406   -9.14e-01   8.83e-01   -0.923    4.3 
 11   -370.1958859625    4.21e-01   9.51e-01   -1.570    3.2 
 12   -370.9328483933   -7.37e-01   6.35e-01   -1.915    2.6 
 13   -371.5190970277   -5.86e-01   3.05e-01   -1.391    3.3 
 14   -371.6219763776   -1.03e-01   1.83e-01   -0.444    2.9 
 15   -371.5201682703    1.02e-01   2.65e-01    0.266    2.9 
 16   -371.6817031939   -1.62e-01   7.11e-02    0.649    1.9 
 17   -371.6745987464    7.10e-03   9.56e-02    0.837    1.3 
 18   -371.6886935830   -1.41e-02   5.54e-02    1.441    3.1 
 19   -371.6777338607    1.10e-02   9.42e-02    1.799    1.7 
 20   -371.6844919352   -6.76e-03   9.57e-02    1.986    1.6 
 21   -371.6931659975   -8.67e-03   5.12e-02    2.635    2.0 
 22   -371.6726759144    2.05e-02   1.01e-01    2.832    1.6 
 23   -371.6821362557   -9.46e-03   8.21e-02    2.932    1.1 
 24   -371.6909978345   -8.86e-03   5.81e-02    2.995    1.9 
 25   -371.6977608348   -6.76e-03   1.83e-02    2.988    1.0 
 26   -371.6977342765    2.66e-05   1.97e-02    2.997    4.6 
 27   -371.6980016298   -2.67e-04   2.11e-02    3.004    2.5 
 28   -371.6990726780   -1.07e-03   5.30e-03    3.023    2.9 
 29   -371.6989733352    9.93e-05   6.89e-03    3.016    3.7 
 30   -371.6990692737   -9.59e-05   4.37e-03    3.017    1.7 
 31   -371.6990231757    4.61e-05   5.99e-03    3.018    2.4 
 32   -371.6990393812   -1.62e-05   5.38e-03    3.017    1.3 
 33   -371.6991093115   -6.99e-05   8.17e-04    3.017    1.5 
 34   -371.6991093778   -6.63e-08   7.91e-04    3.017    5.9 
 35   -371.6991104669   -1.09e-06   3.74e-04    3.018    1.6 
 36   -371.6991106773   -2.10e-07   2.23e-04    3.018    3.8 
 37   -371.6991107642   -8.69e-08   1.19e-04    3.018    2.9 
 38   -371.6991107938   -2.96e-08   5.90e-05    3.018    3.6 
 39   -371.6991107944   -5.55e-10   5.00e-05    3.018    3.5 
 40   -371.6991107984   -4.06e-09   2.67e-05    3.018    1.1 
 41   -371.6991107982    1.96e-10   8.16e-06    3.018    3.3 
 42   -371.6991107976    6.23e-10   4.20e-06    3.018    4.9 
 43   -371.6991107971    5.30e-10   2.13e-06    3.018    3.1 
 44   -371.6991107974   -3.38e-10   6.13e-07    3.018    2.5 
 45   -371.6991107974    1.44e-11   2.12e-07    3.018    5.4 
Energy breakdown:
    Kinetic             186.9361828
    AtomicLocal         -350.7436515
    AtomicNonlocal      -52.9489523
    Ewald               -237.4603341
    PspCorrection       8.8180340 
    Hartree             113.4097995
    Xc                  -39.7054834
    Entropy             -0.0047056

    total               -371.699110797403

 ──────────────────────────────────────────────────────────────────────────────
                                       Time                   Allocations      
                               ──────────────────────   ───────────────────────
       Tot / % measured:           12723s / 100%            4317GiB / 100%     

 Section               ncalls     time   %tot     avg     alloc   %tot      avg
 ──────────────────────────────────────────────────────────────────────────────
 self_consistent_field      1   12720s   100%  12720s   4316GiB  100%   4316GiB
   LOBPCG               12.6k   10112s  79.5%   803ms   2524GiB  58.5%   205MiB
     Hamiltonian mu...  58.5k    6884s  54.1%   118ms    347GiB  8.05%  6.08MiB
     block multipli...   224k     839s  6.60%  3.75ms    406GiB  9.42%  1.86MiB
     ortho               195k     639s  5.03%  3.28ms    416GiB  9.63%  2.19MiB
     rayleigh_ritz      45.9k     603s  4.74%  13.1ms   32.8GiB  0.76%   750KiB
   compute_density         45    2296s  18.0%   51.0s   1586GiB  36.8%  35.3GiB
   energy_hamiltonian      91     303s  2.38%   3.33s    201GiB  4.65%  2.20GiB
   KerkerDosMixing         45    1.28s  0.01%  28.4ms    733MiB  0.02%  16.3MiB
     KerkerMixing          45    965ms  0.01%  21.4ms    706MiB  0.02%  15.7MiB
   QR orthonormaliz...  12.6k   13.4ms  0.00%  1.06μs     0.00B  0.00%    0.00B
 ──────────────────────────────────────────────────────────────────────────────

Total time in ns: 12720968395551
