Julia version: 1.6.0-DEV.1324

Threading configuration: 
       JULIA_NUM_THREADS:   2
      JULIA_FFTW_THREADS:   3
      JULIA_BLAS_THREADS:   1
Payload:  CoFeGaMn_scfres_guess.jld2

System facts:
    fft_size:      (50, 50, 50)
    kpoints:       280
    n_electrons:   51
    n_bands:       65

Compiling code ...
Timing SCF ...

n     Free energy       Eₙ-Eₙ₋₁     ρout-ρin   Magnet   Diag
---   ---------------   ---------   --------   ------   ----
  1   -326.7936528914         NaN   1.02e+01    3.000    1.0 
  2   -357.8452497218   -3.11e+01   3.79e+00    4.059    11.3 
  3   -359.3537179865   -1.51e+00   3.06e+00    0.830    12.2 
  4   -351.3375960675    8.02e+00   3.86e+00   -0.664    7.8 
  5   -358.9861663133   -7.65e+00   3.02e+00    1.482    7.4 
  6   -358.5751888451    4.11e-01   3.07e+00    1.896    4.8 
  7   -367.1822767358   -8.61e+00   1.35e+00    2.202    7.6 
  8   -370.3507932813   -3.17e+00   7.79e-01    1.574    6.1 
  9   -369.7031837596    6.48e-01   1.11e+00   -0.726    7.0 
 10   -370.6165217094   -9.13e-01   8.83e-01   -0.923    4.2 
 11   -370.1954645390    4.21e-01   9.51e-01   -1.570    3.2 
 12   -370.9325863780   -7.37e-01   6.35e-01   -1.915    2.5 
 13   -371.5190051676   -5.86e-01   3.05e-01   -1.391    3.3 
 14   -371.6219364469   -1.03e-01   1.84e-01   -0.444    2.9 
 15   -371.5201432009    1.02e-01   2.65e-01    0.266    2.9 
 16   -371.6817056174   -1.62e-01   7.11e-02    0.649    1.9 
 17   -371.6745934282    7.11e-03   9.56e-02    0.836    1.2 
 18   -371.6886863470   -1.41e-02   5.54e-02    1.442    3.1 
 19   -371.6776648139    1.10e-02   9.44e-02    1.800    1.7 
 20   -371.6845526052   -6.89e-03   9.55e-02    1.991    1.6 
 21   -371.6932263734   -8.67e-03   5.10e-02    2.638    2.0 
 22   -371.6724185869    2.08e-02   1.02e-01    2.834    1.6 
 23   -371.6822563379   -9.84e-03   8.18e-02    2.934    1.1 
 24   -371.6914043224   -9.15e-03   5.66e-02    2.995    1.9 
 25   -371.6977730214   -6.37e-03   1.82e-02    2.988    1.0 
 26   -371.6978183004   -4.53e-05   1.89e-02    2.997    4.6 
 27   -371.6979468890   -1.29e-04   2.16e-02    3.005    2.5 
 28   -371.6990652253   -1.12e-03   4.87e-03    3.022    2.9 
 29   -371.6989869554    7.83e-05   6.56e-03    3.016    4.2 
 30   -371.6990647769   -7.78e-05   4.63e-03    3.017    1.6 
 31   -371.6989884868    7.63e-05   7.07e-03    3.018    2.0 
 32   -371.6990417149   -5.32e-05   5.29e-03    3.017    1.1 
 33   -371.6991091177   -6.74e-05   8.66e-04    3.017    1.4 
 34   -371.6991093390   -2.21e-07   8.08e-04    3.017    5.8 
 35   -371.6991103972   -1.06e-06   4.14e-04    3.018    1.6 
 36   -371.6991106037   -2.06e-07   2.81e-04    3.018    3.2 
 37   -371.6991107408   -1.37e-07   1.50e-04    3.018    2.7 
 38   -371.6991107960   -5.52e-08   4.52e-05    3.018    3.6 
 39   -371.6991107962   -1.91e-10   4.14e-05    3.018    5.0 
 40   -371.6991107986   -2.38e-09   2.18e-05    3.018    1.0 
 41   -371.6991107979    7.04e-10   7.19e-06    3.018    3.1 
 42   -371.6991107976    3.06e-10   5.10e-06    3.018    4.9 
 43   -371.6991107971    5.32e-10   2.79e-06    3.018    2.4 
 44   -371.6991107974   -3.00e-10   1.06e-06    3.018    3.0 
 45   -371.6991107974   -6.88e-11   1.37e-07    3.018    5.0 
Energy breakdown:
    Kinetic             186.9361840
    AtomicLocal         -350.7436531
    AtomicNonlocal      -52.9489529
    Ewald               -237.4603341
    PspCorrection       8.8180340 
    Hartree             113.4098005
    Xc                  -39.7054836
    Entropy             -0.0047056

    total               -371.699110797432

 ──────────────────────────────────────────────────────────────────────────────
                                       Time                   Allocations      
                               ──────────────────────   ───────────────────────
       Tot / % measured:           14081s / 100%            4341GiB / 100%     

 Section               ncalls     time   %tot     avg     alloc   %tot      avg
 ──────────────────────────────────────────────────────────────────────────────
 self_consistent_field      1   14078s   100%  14078s   4340GiB  100%   4340GiB
   LOBPCG               12.6k   12100s  85.9%   960ms   2544GiB  58.6%   207MiB
     Hamiltonian mu...  58.2k    6032s  42.8%   104ms    369GiB  8.50%  6.49MiB
     block multipli...   222k    2184s  15.5%  9.82ms    406GiB  9.35%  1.87MiB
     ortho               194k    1107s  7.86%  5.72ms    416GiB  9.57%  2.20MiB
     rayleigh_ritz      45.6k    1071s  7.61%  23.5ms   32.8GiB  0.76%   753KiB
   compute_density         45    1415s  10.1%   31.4s   1590GiB  36.6%  35.3GiB
   energy_hamiltonian      91     556s  3.95%   6.11s    201GiB  4.63%  2.21GiB
   KerkerDosMixing         45    1.13s  0.01%  25.0ms    733MiB  0.02%  16.3MiB
     KerkerMixing          45    842ms  0.01%  18.7ms    706MiB  0.02%  15.7MiB
   QR orthonormaliz...  12.6k   15.0ms  0.00%  1.19μs     0.00B  0.00%    0.00B
 ──────────────────────────────────────────────────────────────────────────────

Total time in ns: 14079414470601
