Julia version: 1.6.0-DEV.1324

Threading configuration: 
       JULIA_NUM_THREADS:   2
      JULIA_FFTW_THREADS:   2
      JULIA_BLAS_THREADS:   1
Payload:  CoFeGaMn_scfres_guess.jld2

System facts:
    fft_size:      (50, 50, 50)
    kpoints:       280
    n_electrons:   51
    n_bands:       65

Compiling code ...
Timing SCF ...

n     Free energy       Eₙ-Eₙ₋₁     ρout-ρin   Magnet   Diag
---   ---------------   ---------   --------   ------   ----
  1   -326.7936528914         NaN   1.02e+01    3.000    1.0 
  2   -357.8452423106   -3.11e+01   3.79e+00    4.059    11.3 
  3   -359.3537047541   -1.51e+00   3.06e+00    0.830    12.2 
  4   -351.3375863180    8.02e+00   3.86e+00   -0.664    7.8 
  5   -358.9861553820   -7.65e+00   3.02e+00    1.482    7.5 
  6   -358.5751649664    4.11e-01   3.07e+00    1.896    4.8 
  7   -367.1825128412   -8.61e+00   1.35e+00    2.202    7.6 
  8   -370.3508739196   -3.17e+00   7.79e-01    1.574    6.1 
  9   -369.7030426635    6.48e-01   1.11e+00   -0.725    7.1 
 10   -370.6165830474   -9.14e-01   8.83e-01   -0.923    4.2 
 11   -370.1955449447    4.21e-01   9.51e-01   -1.570    3.2 
 12   -370.9325257740   -7.37e-01   6.35e-01   -1.916    2.6 
 13   -371.5189874577   -5.86e-01   3.05e-01   -1.391    3.2 
 14   -371.6219200326   -1.03e-01   1.84e-01   -0.444    2.9 
 15   -371.5201169254    1.02e-01   2.65e-01    0.266    2.9 
 16   -371.6817050674   -1.62e-01   7.11e-02    0.649    1.8 
 17   -371.6745970499    7.11e-03   9.56e-02    0.836    1.3 
 18   -371.6886600170   -1.41e-02   5.54e-02    1.443    3.1 
 19   -371.6776726192    1.10e-02   9.44e-02    1.801    1.7 
 20   -371.6846275666   -6.95e-03   9.53e-02    1.991    1.6 
 21   -371.6932124408   -8.58e-03   5.10e-02    2.639    2.0 
 22   -371.6723629127    2.08e-02   1.02e-01    2.833    1.6 
 23   -371.6822549967   -9.89e-03   8.18e-02    2.934    1.1 
 24   -371.6914919808   -9.24e-03   5.62e-02    2.994    1.9 
 25   -371.6977669371   -6.27e-03   1.83e-02    2.989    1.0 
 26   -371.6978348221   -6.79e-05   1.87e-02    2.997    4.6 
 27   -371.6979245034   -8.97e-05   2.18e-02    3.006    2.5 
 28   -371.6990524900   -1.13e-03   4.88e-03    3.022    2.8 
 29   -371.6989941259    5.84e-05   6.38e-03    3.016    4.5 
 30   -371.6990607966   -6.67e-05   4.83e-03    3.017    1.7 
 31   -371.6989719579    8.88e-05   7.53e-03    3.018    1.7 
 32   -371.6990400023   -6.80e-05   5.35e-03    3.017    1.0 
 33   -371.6991089028   -6.89e-05   9.18e-04    3.017    1.4 
 34   -371.6991093004   -3.98e-07   8.21e-04    3.017    5.8 
 35   -371.6991103369   -1.04e-06   4.45e-04    3.018    1.7 
 36   -371.6991105341   -1.97e-07   3.29e-04    3.018    2.8 
 37   -371.6991107080   -1.74e-07   1.89e-04    3.018    2.4 
 38   -371.6991107966   -8.86e-08   3.70e-05    3.018    3.4 
 39   -371.6991107979   -1.28e-09   3.26e-05    3.018    6.2 
 40   -371.6991107989   -1.07e-09   2.06e-05    3.018    1.1 
 41   -371.6991107981    8.43e-10   8.56e-06    3.018    2.6 
 42   -371.6991107978    3.20e-10   6.39e-06    3.018    4.7 
 43   -371.6991107973    5.24e-10   2.44e-06    3.018    2.3 
 44   -371.6991107974   -1.57e-10   1.22e-06    3.018    4.8 
 45   -371.6991107974    8.75e-12   4.66e-07    3.018    4.8 
Energy breakdown:
    Kinetic             186.9361860
    AtomicLocal         -350.7436564
    AtomicNonlocal      -52.9489539
    Ewald               -237.4603341
    PspCorrection       8.8180340 
    Hartree             113.4098031
    Xc                  -39.7054838
    Entropy             -0.0047056

    total               -371.699110797400

 ──────────────────────────────────────────────────────────────────────────────
                                       Time                   Allocations      
                               ──────────────────────   ───────────────────────
       Tot / % measured:           13944s / 100%            4341GiB / 100%     

 Section               ncalls     time   %tot     avg     alloc   %tot      avg
 ──────────────────────────────────────────────────────────────────────────────
 self_consistent_field      1   13941s   100%  13941s   4341GiB  100%   4341GiB
   LOBPCG               12.6k   11926s  85.5%   946ms   2546GiB  58.6%   207MiB
     Hamiltonian mu...  58.6k    5735s  41.1%  97.9ms    365GiB  8.42%  6.39MiB
     block multipli...   224k    2241s  16.1%  10.0ms    408GiB  9.40%  1.86MiB
     ortho               195k    1127s  8.08%  5.77ms    417GiB  9.60%  2.19MiB
     rayleigh_ritz      46.0k    1090s  7.82%  23.7ms   32.9GiB  0.76%   749KiB
   compute_density         45    1442s  10.3%   32.0s   1589GiB  36.6%  35.3GiB
   energy_hamiltonian      91     565s  4.06%   6.21s    201GiB  4.63%  2.21GiB
   KerkerDosMixing         45    1.14s  0.01%  25.3ms    733MiB  0.02%  16.3MiB
     KerkerMixing          45    859ms  0.01%  19.1ms    706MiB  0.02%  15.7MiB
   QR orthonormaliz...  12.6k   15.1ms  0.00%  1.20μs     0.00B  0.00%    0.00B
 ──────────────────────────────────────────────────────────────────────────────

Total time in ns: 13942151743860
