Julia version: 1.6.0-DEV.1324

Threading configuration: 
       JULIA_NUM_THREADS:   2
      JULIA_FFTW_THREADS:   1
      JULIA_BLAS_THREADS:   1
Payload:  CoFeGaMn_scfres_guess.jld2

System facts:
    fft_size:      (50, 50, 50)
    kpoints:       280
    n_electrons:   51
    n_bands:       65

Compiling code ...
Timing SCF ...

n     Free energy       Eₙ-Eₙ₋₁     ρout-ρin   Magnet   Diag
---   ---------------   ---------   --------   ------   ----
  1   -326.7936528914         NaN   1.02e+01    3.000    1.0 
  2   -357.8452392595   -3.11e+01   3.79e+00    4.059    11.3 
  3   -359.3536996642   -1.51e+00   3.06e+00    0.830    12.3 
  4   -351.3375918998    8.02e+00   3.86e+00   -0.664    7.8 
  5   -358.9861846322   -7.65e+00   3.02e+00    1.482    7.4 
  6   -358.5751854774    4.11e-01   3.07e+00    1.896    4.8 
  7   -367.1824312623   -8.61e+00   1.35e+00    2.202    7.7 
  8   -370.3508164411   -3.17e+00   7.79e-01    1.574    6.0 
  9   -369.7033196641    6.47e-01   1.11e+00   -0.726    7.1 
 10   -370.6165787732   -9.13e-01   8.83e-01   -0.923    4.3 
 11   -370.1954046155    4.21e-01   9.51e-01   -1.570    3.1 
 12   -370.9327008377   -7.37e-01   6.35e-01   -1.915    2.6 
 13   -371.5190271589   -5.86e-01   3.05e-01   -1.391    3.2 
 14   -371.6219128662   -1.03e-01   1.84e-01   -0.444    2.9 
 15   -371.5201455229    1.02e-01   2.65e-01    0.266    2.9 
 16   -371.6817097021   -1.62e-01   7.11e-02    0.649    1.8 
 17   -371.6745951424    7.11e-03   9.56e-02    0.836    1.3 
 18   -371.6886428345   -1.40e-02   5.54e-02    1.442    3.1 
 19   -371.6777161574    1.09e-02   9.43e-02    1.800    1.7 
 20   -371.6846321180   -6.92e-03   9.52e-02    1.989    1.7 
 21   -371.6931613721   -8.53e-03   5.12e-02    2.637    2.0 
 22   -371.6724735131    2.07e-02   1.02e-01    2.833    1.6 
 23   -371.6822119401   -9.74e-03   8.19e-02    2.933    1.0 
 24   -371.6913540598   -9.14e-03   5.67e-02    2.994    1.9 
 25   -371.6977584007   -6.40e-03   1.83e-02    2.989    1.1 
 26   -371.6978048961   -4.65e-05   1.90e-02    2.997    4.6 
 27   -371.6979462376   -1.41e-04   2.16e-02    3.005    2.5 
 28   -371.6990580925   -1.11e-03   4.88e-03    3.022    2.8 
 29   -371.6989852620    7.28e-05   6.62e-03    3.016    4.4 
 30   -371.6990617470   -7.65e-05   4.78e-03    3.017    1.6 
 31   -371.6989745794    8.72e-05   7.47e-03    3.018    1.8 
 32   -371.6990405759   -6.60e-05   5.33e-03    3.017    1.1 
 33   -371.6991090272   -6.85e-05   8.90e-04    3.017    1.4 
 34   -371.6991092909   -2.64e-07   8.22e-04    3.017    5.9 
 35   -371.6991103502   -1.06e-06   4.38e-04    3.018    1.6 
 36   -371.6991105553   -2.05e-07   3.15e-04    3.018    2.8 
 37   -371.6991107200   -1.65e-07   1.76e-04    3.018    2.6 
 38   -371.6991107964   -7.64e-08   4.05e-05    3.018    3.3 
 39   -371.6991107965   -1.64e-10   4.08e-05    3.018    5.8 
 40   -371.6991107990   -2.43e-09   2.19e-05    3.018    1.0 
 41   -371.6991107981    8.06e-10   8.22e-06    3.018    2.6 
 42   -371.6991107978    3.83e-10   6.40e-06    3.018    5.0 
 43   -371.6991107972    5.71e-10   2.85e-06    3.018    2.4 
 44   -371.6991107974   -2.49e-10   1.26e-06    3.018    3.8 
 45   -371.6991107974    6.88e-12   2.89e-07    3.018    5.0 
Energy breakdown:
    Kinetic             186.9361839
    AtomicLocal         -350.7436530
    AtomicNonlocal      -52.9489529
    Ewald               -237.4603341
    PspCorrection       8.8180340 
    Hartree             113.4098005
    Xc                  -39.7054836
    Entropy             -0.0047056

    total               -371.699110797434

 ──────────────────────────────────────────────────────────────────────────────
                                       Time                   Allocations      
                               ──────────────────────   ───────────────────────
       Tot / % measured:           13268s / 100%            4322GiB / 100%     

 Section               ncalls     time   %tot     avg     alloc   %tot      avg
 ──────────────────────────────────────────────────────────────────────────────
 self_consistent_field      1   13265s   100%  13265s   4322GiB  100%   4322GiB
   LOBPCG               12.6k   11401s  85.9%   905ms   2529GiB  58.5%   206MiB
     Hamiltonian mu...  58.5k    5371s  40.5%  91.9ms    352GiB  8.13%  6.16MiB
     block multipli...   224k    2150s  16.2%  9.61ms    407GiB  9.41%  1.86MiB
     ortho               195k    1104s  8.32%  5.68ms    416GiB  9.62%  2.19MiB
     rayleigh_ritz      45.9k    1069s  8.06%  23.3ms   32.8GiB  0.76%   750KiB
   compute_density         45    1302s  9.82%   28.9s   1587GiB  36.7%  35.3GiB
   energy_hamiltonian      91     554s  4.18%   6.09s    201GiB  4.65%  2.21GiB
   KerkerDosMixing         45    1.08s  0.01%  24.0ms    733MiB  0.02%  16.3MiB
     KerkerMixing          45    804ms  0.01%  17.9ms    706MiB  0.02%  15.7MiB
   QR orthonormaliz...  12.6k   15.4ms  0.00%  1.22μs     0.00B  0.00%    0.00B
 ──────────────────────────────────────────────────────────────────────────────

Total time in ns: 13266301644173
