Julia version: 1.6.0-DEV.1324

Threading configuration: 
       JULIA_NUM_THREADS:   2
      JULIA_FFTW_THREADS:   3
      JULIA_BLAS_THREADS:   2
Payload:  CoFeGaMn_scfres_guess.jld2

System facts:
    fft_size:      (50, 50, 50)
    kpoints:       280
    n_electrons:   51
    n_bands:       65

Compiling code ...
Timing SCF ...

n     Free energy       Eₙ-Eₙ₋₁     ρout-ρin   Magnet   Diag
---   ---------------   ---------   --------   ------   ----
  1   -326.7936528914         NaN   1.02e+01    3.000    1.0 
  2   -357.8452419516   -3.11e+01   3.79e+00    4.059    11.3 
  3   -359.3536944212   -1.51e+00   3.06e+00    0.830    12.2 
  4   -351.3375899153    8.02e+00   3.86e+00   -0.664    7.8 
  5   -358.9861651535   -7.65e+00   3.02e+00    1.482    7.5 
  6   -358.5751900468    4.11e-01   3.07e+00    1.896    4.8 
  7   -367.1824531804   -8.61e+00   1.35e+00    2.202    7.6 
  8   -370.3508602320   -3.17e+00   7.79e-01    1.574    6.1 
  9   -369.7031146273    6.48e-01   1.11e+00   -0.725    7.1 
 10   -370.6165187582   -9.13e-01   8.83e-01   -0.923    4.3 
 11   -370.1955004269    4.21e-01   9.51e-01   -1.570    3.2 
 12   -370.9324531029   -7.37e-01   6.35e-01   -1.916    2.5 
 13   -371.5189450773   -5.86e-01   3.05e-01   -1.391    3.2 
 14   -371.6219533236   -1.03e-01   1.84e-01   -0.444    2.9 
 15   -371.5200996869    1.02e-01   2.65e-01    0.266    2.9 
 16   -371.6817058105   -1.62e-01   7.11e-02    0.649    1.8 
 17   -371.6746085296    7.10e-03   9.56e-02    0.836    1.3 
 18   -371.6886749939   -1.41e-02   5.54e-02    1.442    3.1 
 19   -371.6777032936    1.10e-02   9.43e-02    1.800    1.8 
 20   -371.6845537419   -6.85e-03   9.55e-02    1.987    1.6 
 21   -371.6931871009   -8.63e-03   5.11e-02    2.636    2.0 
 22   -371.6726360650    2.06e-02   1.01e-01    2.832    1.6 
 23   -371.6821521582   -9.52e-03   8.20e-02    2.932    1.1 
 24   -371.6911493051   -9.00e-03   5.75e-02    2.995    1.9 
 25   -371.6977577071   -6.61e-03   1.83e-02    2.988    1.1 
 26   -371.6977705701   -1.29e-05   1.94e-02    2.997    4.6 
 27   -371.6979721665   -2.02e-04   2.13e-02    3.005    2.5 
 28   -371.6990651531   -1.09e-03   4.95e-03    3.023    2.8 
 29   -371.6989777648    8.74e-05   6.81e-03    3.016    4.1 
 30   -371.6990627326   -8.50e-05   4.71e-03    3.017    1.7 
 31   -371.6989858469    7.69e-05   7.15e-03    3.018    2.0 
 32   -371.6990404404   -5.46e-05   5.34e-03    3.017    1.1 
 33   -371.6991091441   -6.87e-05   8.62e-04    3.017    1.4 
 34   -371.6991092778   -1.34e-07   8.24e-04    3.017    5.9 
 35   -371.6991103750   -1.10e-06   4.25e-04    3.018    1.5 
 36   -371.6991105946   -2.20e-07   2.88e-04    3.018    3.1 
 37   -371.6991107395   -1.45e-07   1.52e-04    3.018    2.8 
 38   -371.6991107953   -5.58e-08   4.96e-05    3.018    3.5 
 39   -371.6991107949    4.35e-10   4.91e-05    3.018    4.8 
 40   -371.6991107987   -3.86e-09   2.45e-05    3.018    1.0 
 41   -371.6991107981    6.33e-10   9.03e-06    3.018    2.7 
 42   -371.6991107977    4.13e-10   6.16e-06    3.018    5.1 
 43   -371.6991107971    6.25e-10   2.85e-06    3.018    2.5 
 44   -371.6991107974   -3.25e-10   8.49e-07    3.018    3.3 
 45   -371.6991107974   -3.72e-11   2.95e-07    3.018    4.8 
Energy breakdown:
    Kinetic             186.9361824
    AtomicLocal         -350.7436506
    AtomicNonlocal      -52.9489521
    Ewald               -237.4603341
    PspCorrection       8.8180340 
    Hartree             113.4097987
    Xc                  -39.7054834
    Entropy             -0.0047056

    total               -371.699110797441

 ──────────────────────────────────────────────────────────────────────────────
                                       Time                   Allocations      
                               ──────────────────────   ───────────────────────
       Tot / % measured:           11285s / 100%            4343GiB / 100%     

 Section               ncalls     time   %tot     avg     alloc   %tot      avg
 ──────────────────────────────────────────────────────────────────────────────
 self_consistent_field      1   11283s   100%  11283s   4342GiB  100%   4342GiB
   LOBPCG               12.6k    9493s  84.1%   753ms   2546GiB  58.6%   207MiB
     Hamiltonian mu...  58.2k    5536s  49.1%  95.1ms    369GiB  8.50%  6.49MiB
     block multipli...   222k    1176s  10.4%  5.29ms    406GiB  9.36%  1.87MiB
     rayleigh_ritz      45.6k     767s  6.80%  16.8ms   32.9GiB  0.76%   755KiB
     ortho               194k     763s  6.76%  3.94ms    416GiB  9.58%  2.20MiB
   compute_density         45    1433s  12.7%   31.9s   1590GiB  36.6%  35.3GiB
   energy_hamiltonian      91     349s  3.09%   3.83s    201GiB  4.63%  2.21GiB
   KerkerDosMixing         45    1.14s  0.01%  25.4ms    733MiB  0.02%  16.3MiB
     KerkerMixing          45    862ms  0.01%  19.2ms    706MiB  0.02%  15.7MiB
   QR orthonormaliz...  12.6k   13.7ms  0.00%  1.09μs     0.00B  0.00%    0.00B
 ──────────────────────────────────────────────────────────────────────────────

Total time in ns: 11284014005603
