Julia version: 1.6.0-DEV.1324

Threading configuration: 
       JULIA_NUM_THREADS:   2
      JULIA_FFTW_THREADS:   2
      JULIA_BLAS_THREADS:   2
Payload:  CoFeGaMn_scfres_guess.jld2

System facts:
    fft_size:      (50, 50, 50)
    kpoints:       280
    n_electrons:   51
    n_bands:       65

Compiling code ...
Timing SCF ...

n     Free energy       Eₙ-Eₙ₋₁     ρout-ρin   Magnet   Diag
---   ---------------   ---------   --------   ------   ----
  1   -326.7936528914         NaN   1.02e+01    3.000    1.0 
  2   -357.8452419516   -3.11e+01   3.79e+00    4.059    11.3 
  3   -359.3536973071   -1.51e+00   3.06e+00    0.830    12.3 
  4   -351.3375920663    8.02e+00   3.86e+00   -0.664    7.8 
  5   -358.9861674697   -7.65e+00   3.02e+00    1.482    7.5 
  6   -358.5751653248    4.11e-01   3.07e+00    1.896    4.8 
  7   -367.1823599923   -8.61e+00   1.35e+00    2.202    7.6 
  8   -370.3508628074   -3.17e+00   7.79e-01    1.574    6.1 
  9   -369.7035100290    6.47e-01   1.11e+00   -0.725    7.1 
 10   -370.6165935585   -9.13e-01   8.83e-01   -0.923    4.3 
 11   -370.1956487906    4.21e-01   9.51e-01   -1.570    3.2 
 12   -370.9326949790   -7.37e-01   6.35e-01   -1.915    2.5 
 13   -371.5190714563   -5.86e-01   3.05e-01   -1.391    3.3 
 14   -371.6219560009   -1.03e-01   1.84e-01   -0.444    2.9 
 15   -371.5201693168    1.02e-01   2.65e-01    0.266    2.9 
 16   -371.6817081927   -1.62e-01   7.11e-02    0.649    1.8 
 17   -371.6746125024    7.10e-03   9.56e-02    0.836    1.3 
 18   -371.6886994372   -1.41e-02   5.54e-02    1.441    3.1 
 19   -371.6777418345    1.10e-02   9.42e-02    1.798    1.7 
 20   -371.6844289529   -6.69e-03   9.59e-02    1.985    1.6 
 21   -371.6931464171   -8.72e-03   5.13e-02    2.633    2.0 
 22   -371.6727282344    2.04e-02   1.01e-01    2.831    1.6 
 23   -371.6820498539   -9.32e-03   8.23e-02    2.931    1.0 
 24   -371.6908283212   -8.78e-03   5.87e-02    2.995    1.9 
 25   -371.6977578978   -6.93e-03   1.83e-02    2.988    1.0 
 26   -371.6977069038    5.10e-05   2.00e-02    2.997    4.6 
 27   -371.6980210009   -3.14e-04   2.09e-02    3.004    2.5 
 28   -371.6990725342   -1.05e-03   5.54e-03    3.024    2.9 
 29   -371.6989691612    1.03e-04   6.99e-03    3.016    3.5 
 30   -371.6990700822   -1.01e-04   4.32e-03    3.017    1.7 
 31   -371.6990298070    4.03e-05   5.76e-03    3.017    2.6 
 32   -371.6990387587   -8.95e-06   5.40e-03    3.017    1.3 
 33   -371.6991092972   -7.05e-05   8.22e-04    3.017    1.5 
 34   -371.6991093939   -9.67e-08   7.84e-04    3.017    5.9 
 35   -371.6991104896   -1.10e-06   3.59e-04    3.018    1.7 
 36   -371.6991106943   -2.05e-07   2.07e-04    3.018    4.1 
 37   -371.6991107667   -7.24e-08   1.16e-04    3.018    3.0 
 38   -371.6991107931   -2.64e-08   6.15e-05    3.018    3.4 
 39   -371.6991107937   -5.89e-10   5.22e-05    3.018    3.1 
 40   -371.6991107986   -4.91e-09   2.73e-05    3.018    1.1 
 41   -371.6991107986    6.14e-12   9.34e-06    3.018    3.0 
 42   -371.6991107977    8.78e-10   5.79e-06    3.018    4.9 
 43   -371.6991107971    6.05e-10   1.98e-06    3.018    2.6 
 44   -371.6991107974   -2.42e-10   1.09e-06    3.018    3.8 
 45   -371.6991107974    5.06e-12   1.75e-07    3.018    3.5 
Energy breakdown:
    Kinetic             186.9361829
    AtomicLocal         -350.7436520
    AtomicNonlocal      -52.9489525
    Ewald               -237.4603341
    PspCorrection       8.8180340 
    Hartree             113.4098000
    Xc                  -39.7054835
    Entropy             -0.0047056

    total               -371.699110797375

 ──────────────────────────────────────────────────────────────────────────────
                                       Time                   Allocations      
                               ──────────────────────   ───────────────────────
       Tot / % measured:           10998s / 100%            4326GiB / 100%     

 Section               ncalls     time   %tot     avg     alloc   %tot      avg
 ──────────────────────────────────────────────────────────────────────────────
 self_consistent_field      1   10995s   100%  10995s   4325GiB  100%   4325GiB
   LOBPCG               12.6k    9244s  84.1%   734ms   2530GiB  58.5%   206MiB
     Hamiltonian mu...  58.1k    5302s  48.2%  91.3ms    363GiB  8.40%  6.40MiB
     block multipli...   222k    1172s  10.7%  5.29ms    402GiB  9.30%  1.86MiB
     rayleigh_ritz      45.5k     761s  6.92%  16.7ms   32.5GiB  0.75%   749KiB
     ortho               193k     760s  6.91%  3.94ms    413GiB  9.56%  2.19MiB
   compute_density         45    1393s  12.7%   31.0s   1589GiB  36.7%  35.3GiB
   energy_hamiltonian      91     350s  3.19%   3.85s    201GiB  4.64%  2.21GiB
   KerkerDosMixing         45    1.20s  0.01%  26.7ms    733MiB  0.02%  16.3MiB
     KerkerMixing          45    915ms  0.01%  20.3ms    706MiB  0.02%  15.7MiB
   QR orthonormaliz...  12.6k   13.7ms  0.00%  1.09μs     0.00B  0.00%    0.00B
 ──────────────────────────────────────────────────────────────────────────────

Total time in ns: 10996147599675
