Julia version: 1.6.0-DEV.1324

Threading configuration: 
       JULIA_NUM_THREADS:   2
      JULIA_FFTW_THREADS:   1
      JULIA_BLAS_THREADS:   2
Payload:  CoFeGaMn_scfres_guess.jld2

System facts:
    fft_size:      (50, 50, 50)
    kpoints:       280
    n_electrons:   51
    n_bands:       65

Compiling code ...
Timing SCF ...

n     Free energy       Eₙ-Eₙ₋₁     ρout-ρin   Magnet   Diag
---   ---------------   ---------   --------   ------   ----
  1   -326.7936528914         NaN   1.02e+01    3.000    1.0 
  2   -357.8452419516   -3.11e+01   3.79e+00    4.059    11.3 
  3   -359.3536910635   -1.51e+00   3.06e+00    0.830    12.2 
  4   -351.3375894734    8.02e+00   3.86e+00   -0.664    7.8 
  5   -358.9861642808   -7.65e+00   3.02e+00    1.482    7.4 
  6   -358.5751704032    4.11e-01   3.07e+00    1.896    4.8 
  7   -367.1824989429   -8.61e+00   1.35e+00    2.202    7.6 
  8   -370.3509606100   -3.17e+00   7.79e-01    1.573    6.2 
  9   -369.7030223315    6.48e-01   1.11e+00   -0.725    7.1 
 10   -370.6166755899   -9.14e-01   8.83e-01   -0.922    4.3 
 11   -370.1963888133    4.20e-01   9.50e-01   -1.570    3.1 
 12   -370.9330192871   -7.37e-01   6.34e-01   -1.915    2.6 
 13   -371.5191090836   -5.86e-01   3.05e-01   -1.390    3.2 
 14   -371.6219982522   -1.03e-01   1.83e-01   -0.444    2.9 
 15   -371.5201716312    1.02e-01   2.65e-01    0.266    2.9 
 16   -371.6816936329   -1.62e-01   7.11e-02    0.649    1.8 
 17   -371.6745829508    7.11e-03   9.57e-02    0.837    1.3 
 18   -371.6887023842   -1.41e-02   5.54e-02    1.442    3.1 
 19   -371.6777358389    1.10e-02   9.42e-02    1.800    1.7 
 20   -371.6845066741   -6.77e-03   9.56e-02    1.988    1.6 
 21   -371.6931984911   -8.69e-03   5.10e-02    2.635    2.0 
 22   -371.6725371079    2.07e-02   1.02e-01    2.833    1.6 
 23   -371.6820990325   -9.56e-03   8.22e-02    2.933    1.1 
 24   -371.6910199331   -8.92e-03   5.81e-02    2.995    1.9 
 25   -371.6977837078   -6.76e-03   1.80e-02    2.988    1.1 
 26   -371.6977601032    2.36e-05   1.95e-02    2.997    4.6 
 27   -371.6979854604   -2.25e-04   2.12e-02    3.004    2.5 
 28   -371.6990748676   -1.09e-03   5.29e-03    3.023    3.0 
 29   -371.6989770096    9.79e-05   6.79e-03    3.016    3.7 
 30   -371.6990707030   -9.37e-05   4.31e-03    3.017    1.6 
 31   -371.6990349541    3.57e-05   5.57e-03    3.017    2.4 
 32   -371.6990407016   -5.75e-06   5.33e-03    3.017    1.3 
 33   -371.6991093246   -6.86e-05   8.12e-04    3.017    1.4 
 34   -371.6991094219   -9.73e-08   7.78e-04    3.017    5.8 
 35   -371.6991104762   -1.05e-06   3.68e-04    3.018    1.6 
 36   -371.6991106822   -2.06e-07   2.18e-04    3.018    3.8 
 37   -371.6991107639   -8.16e-08   1.20e-04    3.018    3.0 
 38   -371.6991107939   -3.00e-08   5.90e-05    3.018    3.5 
 39   -371.6991107942   -3.44e-10   5.06e-05    3.018    3.7 
 40   -371.6991107986   -4.39e-09   2.66e-05    3.018    1.1 
 41   -371.6991107984    2.41e-10   8.57e-06    3.018    3.1 
 42   -371.6991107977    7.00e-10   5.13e-06    3.018    5.0 
 43   -371.6991107971    5.94e-10   2.11e-06    3.018    2.7 
 44   -371.6991107974   -3.63e-10   8.33e-07    3.018    3.3 
 45   -371.6991107974    3.20e-11   2.57e-07    3.018    4.8 
Energy breakdown:
    Kinetic             186.9361823
    AtomicLocal         -350.7436507
    AtomicNonlocal      -52.9489521
    Ewald               -237.4603341
    PspCorrection       8.8180340 
    Hartree             113.4097989
    Xc                  -39.7054834
    Entropy             -0.0047056

    total               -371.699110797405

 ──────────────────────────────────────────────────────────────────────────────
                                       Time                   Allocations      
                               ──────────────────────   ───────────────────────
       Tot / % measured:           10968s / 100%            4316GiB / 100%     

 Section               ncalls     time   %tot     avg     alloc   %tot      avg
 ──────────────────────────────────────────────────────────────────────────────
 self_consistent_field      1   10965s   100%  10965s   4316GiB  100%   4316GiB
   LOBPCG               12.6k    9228s  84.2%   732ms   2523GiB  58.5%   205MiB
     Hamiltonian mu...  58.4k    4964s  45.3%  85.0ms    351GiB  8.13%  6.15MiB
     block multipli...   224k    1283s  11.7%  5.74ms    404GiB  9.37%  1.85MiB
     rayleigh_ritz      45.8k     815s  7.43%  17.8ms   32.6GiB  0.76%   746KiB
     ortho               194k     812s  7.41%  4.18ms    415GiB  9.61%  2.18MiB
   compute_density         45    1366s  12.5%   30.4s   1587GiB  36.8%  35.3GiB
   energy_hamiltonian      91     363s  3.31%   3.99s    201GiB  4.66%  2.21GiB
   KerkerDosMixing         45    1.19s  0.01%  26.4ms    733MiB  0.02%  16.3MiB
     KerkerMixing          45    888ms  0.01%  19.7ms    706MiB  0.02%  15.7MiB
   QR orthonormaliz...  12.6k   14.7ms  0.00%  1.16μs     0.00B  0.00%    0.00B
 ──────────────────────────────────────────────────────────────────────────────

Total time in ns: 10966283723474
