Julia version: 1.6.0-DEV.1324

Threading configuration: 
       JULIA_NUM_THREADS:   2
      JULIA_FFTW_THREADS:   3
      JULIA_BLAS_THREADS:   3
Payload:  CoFeGaMn_scfres_guess.jld2

System facts:
    fft_size:      (50, 50, 50)
    kpoints:       280
    n_electrons:   51
    n_bands:       65

Compiling code ...
Timing SCF ...

n     Free energy       Eₙ-Eₙ₋₁     ρout-ρin   Magnet   Diag
---   ---------------   ---------   --------   ------   ----
  1   -326.7936528914         NaN   1.02e+01    3.000    1.0 
  2   -357.8452460573   -3.11e+01   3.79e+00    4.059    11.3 
  3   -359.3536992725   -1.51e+00   3.06e+00    0.830    12.3 
  4   -351.3375906729    8.02e+00   3.86e+00   -0.664    7.8 
  5   -358.9861892098   -7.65e+00   3.02e+00    1.482    7.5 
  6   -358.5751899743    4.11e-01   3.07e+00    1.896    4.8 
  7   -367.1823856936   -8.61e+00   1.35e+00    2.202    7.7 
  8   -370.3508087264   -3.17e+00   7.79e-01    1.574    6.2 
  9   -369.7033205141    6.47e-01   1.11e+00   -0.725    7.1 
 10   -370.6165913833   -9.13e-01   8.83e-01   -0.923    4.3 
 11   -370.1956952885    4.21e-01   9.51e-01   -1.570    3.2 
 12   -370.9326500560   -7.37e-01   6.35e-01   -1.915    2.6 
 13   -371.5190059733   -5.86e-01   3.05e-01   -1.391    3.2 
 14   -371.6219666861   -1.03e-01   1.84e-01   -0.444    2.9 
 15   -371.5201651287    1.02e-01   2.65e-01    0.266    2.9 
 16   -371.6817026040   -1.62e-01   7.11e-02    0.649    1.8 
 17   -371.6745886543    7.11e-03   9.56e-02    0.836    1.3 
 18   -371.6886600700   -1.41e-02   5.54e-02    1.442    3.1 
 19   -371.6776671969    1.10e-02   9.44e-02    1.801    1.7 
 20   -371.6845970839   -6.93e-03   9.54e-02    1.990    1.6 
 21   -371.6932107912   -8.61e-03   5.10e-02    2.638    2.0 
 22   -371.6724963112    2.07e-02   1.02e-01    2.833    1.6 
 23   -371.6822318080   -9.74e-03   8.18e-02    2.934    1.1 
 24   -371.6913620219   -9.13e-03   5.67e-02    2.994    1.9 
 25   -371.6977651532   -6.40e-03   1.83e-02    2.988    1.0 
 26   -371.6978093737   -4.42e-05   1.90e-02    2.997    4.6 
 27   -371.6979433259   -1.34e-04   2.16e-02    3.005    2.5 
 28   -371.6990622059   -1.12e-03   4.87e-03    3.022    2.8 
 29   -371.6989861497    7.61e-05   6.58e-03    3.016    4.3 
 30   -371.6990634431   -7.73e-05   4.69e-03    3.017    1.6 
 31   -371.6989843789    7.91e-05   7.19e-03    3.018    1.9 
 32   -371.6990407356   -5.64e-05   5.32e-03    3.017    1.1 
 33   -371.6991090617   -6.83e-05   8.80e-04    3.017    1.4 
 34   -371.6991093126   -2.51e-07   8.15e-04    3.017    5.8 
 35   -371.6991103724   -1.06e-06   4.26e-04    3.018    1.6 
 36   -371.6991105789   -2.06e-07   2.99e-04    3.018    3.0 
 37   -371.6991107311   -1.52e-07   1.63e-04    3.018    2.7 
 38   -371.6991107962   -6.51e-08   4.33e-05    3.018    3.5 
 39   -371.6991107963   -1.71e-10   4.14e-05    3.018    5.4 
 40   -371.6991107987   -2.40e-09   2.22e-05    3.018    1.0 
 41   -371.6991107980    7.19e-10   7.77e-06    3.018    2.8 
 42   -371.6991107977    3.43e-10   5.86e-06    3.018    5.1 
 43   -371.6991107971    5.75e-10   2.80e-06    3.018    2.4 
 44   -371.6991107974   -2.82e-10   1.05e-06    3.018    3.7 
 45   -371.6991107974   -5.11e-11   1.70e-07    3.018    4.7 
Energy breakdown:
    Kinetic             186.9361839
    AtomicLocal         -350.7436529
    AtomicNonlocal      -52.9489528
    Ewald               -237.4603341
    PspCorrection       8.8180340 
    Hartree             113.4098003
    Xc                  -39.7054836
    Entropy             -0.0047056

    total               -371.699110797434

 ──────────────────────────────────────────────────────────────────────────────
                                       Time                   Allocations      
                               ──────────────────────   ───────────────────────
       Tot / % measured:           10243s / 100%            4343GiB / 100%     

 Section               ncalls     time   %tot     avg     alloc   %tot      avg
 ──────────────────────────────────────────────────────────────────────────────
 self_consistent_field      1   10240s   100%  10240s   4343GiB  100%   4343GiB
   LOBPCG               12.6k    8528s  83.3%   677ms   2547GiB  58.6%   207MiB
     Hamiltonian mu...  58.4k    5515s  53.9%  94.4ms    369GiB  8.50%  6.47MiB
     block multipli...   224k     797s  7.79%  3.57ms    407GiB  9.36%  1.86MiB
     ortho               194k     608s  5.94%  3.13ms    416GiB  9.58%  2.19MiB
     rayleigh_ritz      45.8k     588s  5.74%  12.8ms   32.8GiB  0.76%   751KiB
   compute_density         45    1425s  13.9%   31.7s   1590GiB  36.6%  35.3GiB
   energy_hamiltonian      91     279s  2.72%   3.06s    201GiB  4.63%  2.21GiB
   KerkerDosMixing         45    1.26s  0.01%  28.0ms    733MiB  0.02%  16.3MiB
     KerkerMixing          45    941ms  0.01%  20.9ms    706MiB  0.02%  15.7MiB
   QR orthonormaliz...  12.6k   14.1ms  0.00%  1.12μs     0.00B  0.00%    0.00B
 ──────────────────────────────────────────────────────────────────────────────

Total time in ns: 10241156705622
