Julia version: 1.6.0-DEV.1324

Threading configuration: 
       JULIA_NUM_THREADS:   2
      JULIA_FFTW_THREADS:   2
      JULIA_BLAS_THREADS:   3
Payload:  CoFeGaMn_scfres_guess.jld2

System facts:
    fft_size:      (50, 50, 50)
    kpoints:       280
    n_electrons:   51
    n_bands:       65

Compiling code ...
Timing SCF ...

n     Free energy       Eₙ-Eₙ₋₁     ρout-ρin   Magnet   Diag
---   ---------------   ---------   --------   ------   ----
  1   -326.7936528914         NaN   1.02e+01    3.000    1.0 
  2   -357.8452510483   -3.11e+01   3.79e+00    4.059    11.3 
  3   -359.3537181287   -1.51e+00   3.06e+00    0.830    12.2 
  4   -351.3375912064    8.02e+00   3.86e+00   -0.664    7.8 
  5   -358.9861781953   -7.65e+00   3.02e+00    1.482    7.5 
  6   -358.5751727796    4.11e-01   3.07e+00    1.896    4.8 
  7   -367.1823837959   -8.61e+00   1.35e+00    2.202    7.6 
  8   -370.3507693695   -3.17e+00   7.79e-01    1.574    6.1 
  9   -369.7031192609    6.48e-01   1.11e+00   -0.726    7.1 
 10   -370.6165590935   -9.13e-01   8.83e-01   -0.923    4.3 
 11   -370.1955512325    4.21e-01   9.51e-01   -1.570    3.1 
 12   -370.9326410177   -7.37e-01   6.35e-01   -1.915    2.5 
 13   -371.5189633290   -5.86e-01   3.05e-01   -1.391    3.3 
 14   -371.6219280532   -1.03e-01   1.84e-01   -0.444    2.9 
 15   -371.5201129716    1.02e-01   2.65e-01    0.266    2.9 
 16   -371.6817018295   -1.62e-01   7.11e-02    0.649    1.9 
 17   -371.6745842389    7.12e-03   9.56e-02    0.836    1.3 
 18   -371.6886864076   -1.41e-02   5.54e-02    1.442    3.1 
 19   -371.6777064917    1.10e-02   9.43e-02    1.800    1.7 
 20   -371.6845313542   -6.82e-03   9.56e-02    1.988    1.6 
 21   -371.6931817665   -8.65e-03   5.11e-02    2.636    2.0 
 22   -371.6725454484    2.06e-02   1.02e-01    2.832    1.6 
 23   -371.6821568938   -9.61e-03   8.20e-02    2.933    1.1 
 24   -371.6911371728   -8.98e-03   5.76e-02    2.995    1.9 
 25   -371.6977697726   -6.63e-03   1.82e-02    2.988    1.0 
 26   -371.6977715642   -1.79e-06   1.94e-02    2.997    4.6 
 27   -371.6979757692   -2.04e-04   2.13e-02    3.005    2.5 
 28   -371.6990703305   -1.09e-03   5.04e-03    3.023    2.9 
 29   -371.6989775626    9.28e-05   6.80e-03    3.016    3.9 
 30   -371.6990661742   -8.86e-05   4.54e-03    3.017    1.7 
 31   -371.6990055831    6.06e-05   6.56e-03    3.018    2.1 
 32   -371.6990409638   -3.54e-05   5.32e-03    3.017    1.1 
 33   -371.6991092440   -6.83e-05   8.35e-04    3.017    1.4 
 34   -371.6991093449   -1.01e-07   8.03e-04    3.017    5.8 
 35   -371.6991104272   -1.08e-06   3.97e-04    3.018    1.6 
 36   -371.6991106420   -2.15e-07   2.52e-04    3.018    3.5 
 37   -371.6991107550   -1.13e-07   1.32e-04    3.018    2.8 
 38   -371.6991107947   -3.98e-08   5.40e-05    3.018    3.7 
 39   -371.6991107946    1.48e-10   4.94e-05    3.018    4.2 
 40   -371.6991107985   -3.91e-09   2.53e-05    3.018    1.1 
 41   -371.6991107980    4.77e-10   8.05e-06    3.018    3.0 
 42   -371.6991107976    4.36e-10   4.46e-06    3.018    4.8 
 43   -371.6991107970    5.63e-10   2.47e-06    3.018    3.2 
 44   -371.6991107974   -3.43e-10   6.66e-07    3.018    2.4 
 45   -371.6991107974   -5.55e-11   2.30e-07    3.018    4.7 
Energy breakdown:
    Kinetic             186.9361826
    AtomicLocal         -350.7436510
    AtomicNonlocal      -52.9489522
    Ewald               -237.4603341
    PspCorrection       8.8180340 
    Hartree             113.4097991
    Xc                  -39.7054834
    Entropy             -0.0047056

    total               -371.699110797424

 ──────────────────────────────────────────────────────────────────────────────
                                       Time                   Allocations      
                               ──────────────────────   ───────────────────────
       Tot / % measured:           10102s / 100%            4336GiB / 100%     

 Section               ncalls     time   %tot     avg     alloc   %tot      avg
 ──────────────────────────────────────────────────────────────────────────────
 self_consistent_field      1   10099s   100%  10099s   4335GiB  100%   4335GiB
   LOBPCG               12.6k    8404s  83.2%   667ms   2540GiB  58.6%   206MiB
     Hamiltonian mu...  58.1k    5336s  52.8%  91.8ms    364GiB  8.41%  6.42MiB
     block multipli...   222k     817s  8.09%  3.68ms    406GiB  9.36%  1.87MiB
     ortho               193k     616s  6.10%  3.19ms    416GiB  9.59%  2.20MiB
     rayleigh_ritz      45.5k     596s  5.90%  13.1ms   32.8GiB  0.76%   756KiB
   compute_density         45    1401s  13.9%   31.1s   1589GiB  36.7%  35.3GiB
   energy_hamiltonian      91     286s  2.84%   3.15s    201GiB  4.63%  2.21GiB
   KerkerDosMixing         45    1.23s  0.01%  27.4ms    733MiB  0.02%  16.3MiB
     KerkerMixing          45    930ms  0.01%  20.7ms    706MiB  0.02%  15.7MiB
   QR orthonormaliz...  12.6k   13.1ms  0.00%  1.04μs     0.00B  0.00%    0.00B
 ──────────────────────────────────────────────────────────────────────────────

Total time in ns: 10100540520627
