Julia version: 1.6.0-DEV.1324

Threading configuration: 
       JULIA_NUM_THREADS:   2
      JULIA_FFTW_THREADS:   1
      JULIA_BLAS_THREADS:   3
Payload:  CoFeGaMn_scfres_guess.jld2

System facts:
    fft_size:      (50, 50, 50)
    kpoints:       280
    n_electrons:   51
    n_bands:       65

Compiling code ...
Timing SCF ...

n     Free energy       Eₙ-Eₙ₋₁     ρout-ρin   Magnet   Diag
---   ---------------   ---------   --------   ------   ----
  1   -326.7936528914         NaN   1.02e+01    3.000    1.0 
  2   -357.8452460573   -3.11e+01   3.79e+00    4.059    11.4 
  3   -359.3536970532   -1.51e+00   3.06e+00    0.830    12.3 
  4   -351.3375885113    8.02e+00   3.86e+00   -0.664    7.8 
  5   -358.9861771447   -7.65e+00   3.02e+00    1.482    7.4 
  6   -358.5751700489    4.11e-01   3.07e+00    1.896    4.8 
  7   -367.1825767589   -8.61e+00   1.35e+00    2.202    7.7 
  8   -370.3509221465   -3.17e+00   7.79e-01    1.573    6.1 
  9   -369.7029232726    6.48e-01   1.11e+00   -0.725    7.1 
 10   -370.6167000511   -9.14e-01   8.83e-01   -0.923    4.3 
 11   -370.1960548008    4.21e-01   9.50e-01   -1.570    3.2 
 12   -370.9329059756   -7.37e-01   6.34e-01   -1.915    2.5 
 13   -371.5190389237   -5.86e-01   3.05e-01   -1.391    3.2 
 14   -371.6219449860   -1.03e-01   1.84e-01   -0.444    2.9 
 15   -371.5201110023    1.02e-01   2.65e-01    0.266    2.9 
 16   -371.6816943643   -1.62e-01   7.11e-02    0.649    1.8 
 17   -371.6745752783    7.12e-03   9.57e-02    0.836    1.2 
 18   -371.6887125836   -1.41e-02   5.53e-02    1.443    3.1 
 19   -371.6777015711    1.10e-02   9.43e-02    1.800    1.7 
 20   -371.6845113562   -6.81e-03   9.56e-02    1.990    1.6 
 21   -371.6932210110   -8.71e-03   5.09e-02    2.636    2.0 
 22   -371.6724405481    2.08e-02   1.02e-01    2.834    1.6 
 23   -371.6821803822   -9.74e-03   8.20e-02    2.934    1.0 
 24   -371.6911979763   -9.02e-03   5.74e-02    2.995    1.9 
 25   -371.6977910458   -6.59e-03   1.80e-02    2.988    1.0 
 26   -371.6977930925   -2.05e-06   1.91e-02    2.997    4.6 
 27   -371.6979691052   -1.76e-04   2.14e-02    3.005    2.6 
 28   -371.6990741688   -1.11e-03   5.13e-03    3.023    3.0 
 29   -371.6989804837    9.37e-05   6.70e-03    3.016    3.8 
 30   -371.6990695631   -8.91e-05   4.37e-03    3.017    1.7 
 31   -371.6990229664    4.66e-05   5.99e-03    3.017    2.2 
 32   -371.6990419563   -1.90e-05   5.28e-03    3.017    1.2 
 33   -371.6991092872   -6.73e-05   8.21e-04    3.017    1.5 
 34   -371.6991094164   -1.29e-07   7.81e-04    3.017    5.8 
 35   -371.6991104674   -1.05e-06   3.73e-04    3.018    1.6 
 36   -371.6991106709   -2.04e-07   2.28e-04    3.018    3.7 
 37   -371.6991107618   -9.09e-08   1.22e-04    3.018    2.9 
 38   -371.6991107948   -3.30e-08   5.44e-05    3.018    3.6 
 39   -371.6991107949   -1.26e-10   4.72e-05    3.018    3.9 
 40   -371.6991107985   -3.58e-09   2.47e-05    3.018    1.1 
 41   -371.6991107980    4.47e-10   7.35e-06    3.018    3.3 
 42   -371.6991107976    4.84e-10   3.93e-06    3.018    4.6 
 43   -371.6991107971    5.13e-10   2.22e-06    3.018    3.2 
 44   -371.6991107974   -3.35e-10   4.86e-07    3.018    2.5 
 45   -371.6991107974   -3.26e-11   2.39e-07    3.018    5.6 
Energy breakdown:
    Kinetic             186.9361825
    AtomicLocal         -350.7436509
    AtomicNonlocal      -52.9489522
    Ewald               -237.4603341
    PspCorrection       8.8180340 
    Hartree             113.4097990
    Xc                  -39.7054834
    Entropy             -0.0047056

    total               -371.699110797420

 ──────────────────────────────────────────────────────────────────────────────
                                       Time                   Allocations      
                               ──────────────────────   ───────────────────────
       Tot / % measured:            9651s / 100%            4325GiB / 100%     

 Section               ncalls     time   %tot     avg     alloc   %tot      avg
 ──────────────────────────────────────────────────────────────────────────────
 self_consistent_field      1    9648s   100%   9648s   4325GiB  100%   4325GiB
   LOBPCG               12.6k    7997s  82.9%   635ms   2532GiB  58.6%   206MiB
     Hamiltonian mu...  58.5k    4914s  50.9%  84.0ms    352GiB  8.14%  6.16MiB
     block multipli...   224k     820s  8.50%  3.66ms    408GiB  9.43%  1.86MiB
     ortho               195k     622s  6.45%  3.19ms    417GiB  9.64%  2.19MiB
     rayleigh_ritz      45.9k     603s  6.25%  13.1ms   32.9GiB  0.76%   752KiB
   compute_density         45    1356s  14.1%   30.1s   1587GiB  36.7%  35.3GiB
   energy_hamiltonian      91     286s  2.97%   3.14s    201GiB  4.64%  2.21GiB
   KerkerDosMixing         45    1.26s  0.01%  27.9ms    733MiB  0.02%  16.3MiB
     KerkerMixing          45    940ms  0.01%  20.9ms    706MiB  0.02%  15.7MiB
   QR orthonormaliz...  12.6k   13.9ms  0.00%  1.10μs     0.00B  0.00%    0.00B
 ──────────────────────────────────────────────────────────────────────────────

Total time in ns: 9649147759534
