Julia version: 1.6.0-DEV.1324

Threading configuration: 
       JULIA_NUM_THREADS:   3
      JULIA_FFTW_THREADS:   1
      JULIA_BLAS_THREADS:   1
Payload:  CoFeGaMn_scfres_guess.jld2

System facts:
    fft_size:      (50, 50, 50)
    kpoints:       280
    n_electrons:   51
    n_bands:       65

Compiling code ...
Timing SCF ...

n     Free energy       Eₙ-Eₙ₋₁     ρout-ρin   Magnet   Diag
---   ---------------   ---------   --------   ------   ----
  1   -326.7936528914         NaN   1.02e+01    3.000    1.0 
  2   -357.8452426291   -3.11e+01   3.79e+00    4.059    11.3 
  3   -359.3537093394   -1.51e+00   3.06e+00    0.830    12.3 
  4   -351.3375926331    8.02e+00   3.86e+00   -0.664    7.8 
  5   -358.9861506579   -7.65e+00   3.02e+00    1.482    7.4 
  6   -358.5751687326    4.11e-01   3.07e+00    1.896    4.8 
  7   -367.1826272934   -8.61e+00   1.35e+00    2.202    7.6 
  8   -370.3510196564   -3.17e+00   7.79e-01    1.573    6.1 
  9   -369.7025649770    6.48e-01   1.11e+00   -0.725    7.1 
 10   -370.6167750019   -9.14e-01   8.83e-01   -0.922    4.3 
 11   -370.1964633262    4.20e-01   9.50e-01   -1.570    3.2 
 12   -370.9330288486   -7.37e-01   6.34e-01   -1.915    2.6 
 13   -371.5191376487   -5.86e-01   3.05e-01   -1.390    3.2 
 14   -371.6219833214   -1.03e-01   1.83e-01   -0.444    2.9 
 15   -371.5202003412    1.02e-01   2.65e-01    0.266    2.9 
 16   -371.6816951238   -1.61e-01   7.11e-02    0.649    1.8 
 17   -371.6745812933    7.11e-03   9.57e-02    0.837    1.3 
 18   -371.6887051128   -1.41e-02   5.54e-02    1.443    3.1 
 19   -371.6777688612    1.09e-02   9.42e-02    1.800    1.7 
 20   -371.6845014750   -6.73e-03   9.57e-02    1.988    1.6 
 21   -371.6931876417   -8.69e-03   5.11e-02    2.635    2.0 
 22   -371.6725263838    2.07e-02   1.02e-01    2.832    1.6 
 23   -371.6820780947   -9.55e-03   8.22e-02    2.932    1.0 
 24   -371.6909795176   -8.90e-03   5.82e-02    2.995    1.9 
 25   -371.6977802545   -6.80e-03   1.81e-02    2.988    1.0 
 26   -371.6977488175    3.14e-05   1.96e-02    2.997    4.6 
 27   -371.6979955825   -2.47e-04   2.11e-02    3.004    2.6 
 28   -371.6990749571   -1.08e-03   5.41e-03    3.024    2.9 
 29   -371.6989744818    1.00e-04   6.85e-03    3.016    3.8 
 30   -371.6990714015   -9.69e-05   4.26e-03    3.017    1.7 
 31   -371.6990360099    3.54e-05   5.53e-03    3.017    2.5 
 32   -371.6990404717   -4.46e-06   5.34e-03    3.017    1.3 
 33   -371.6991093528   -6.89e-05   8.04e-04    3.017    1.5 
 34   -371.6991094267   -7.39e-08   7.76e-04    3.017    5.8 
 35   -371.6991104873   -1.06e-06   3.61e-04    3.018    1.6 
 36   -371.6991106894   -2.02e-07   2.11e-04    3.018    3.9 
 37   -371.6991107656   -7.62e-08   1.17e-04    3.018    2.9 
 38   -371.6991107940   -2.84e-08   5.86e-05    3.018    3.6 
 39   -371.6991107942   -2.09e-10   5.02e-05    3.018    3.4 
 40   -371.6991107986   -4.44e-09   2.63e-05    3.018    1.1 
 41   -371.6991107984    2.26e-10   8.48e-06    3.018    3.2 
 42   -371.6991107977    7.40e-10   5.05e-06    3.018    5.0 
 43   -371.6991107971    5.76e-10   2.02e-06    3.018    2.8 
 44   -371.6991107974   -3.30e-10   8.58e-07    3.018    3.2 
 45   -371.6991107974    3.71e-11   1.80e-07    3.018    4.7 
Energy breakdown:
    Kinetic             186.9361830
    AtomicLocal         -350.7436519
    AtomicNonlocal      -52.9489525
    Ewald               -237.4603341
    PspCorrection       8.8180340 
    Hartree             113.4097998
    Xc                  -39.7054835
    Entropy             -0.0047056

    total               -371.699110797389

 ──────────────────────────────────────────────────────────────────────────────
                                       Time                   Allocations      
                               ──────────────────────   ───────────────────────
       Tot / % measured:           11674s / 100%            4320GiB / 100%     

 Section               ncalls     time   %tot     avg     alloc   %tot      avg
 ──────────────────────────────────────────────────────────────────────────────
 self_consistent_field      1   11672s   100%  11672s   4319GiB  100%   4319GiB
   LOBPCG               12.6k   10094s  86.5%   801ms   2526GiB  58.5%   205MiB
     Hamiltonian mu...  58.5k    4099s  35.1%  70.1ms    355GiB  8.21%  6.21MiB
     block multipli...   224k    2128s  18.2%  9.50ms    404GiB  9.35%  1.85MiB
     ortho               195k    1109s  9.50%  5.70ms    414GiB  9.59%  2.18MiB
     rayleigh_ritz      45.9k    1067s  9.15%  23.3ms   32.6GiB  0.75%   745KiB
   compute_density         45     992s  8.50%   22.1s   1587GiB  36.7%  35.3GiB
   energy_hamiltonian      91     577s  4.94%   6.34s    201GiB  4.66%  2.21GiB
   KerkerDosMixing         45    1.28s  0.01%  28.4ms    733MiB  0.02%  16.3MiB
     KerkerMixing          45    991ms  0.01%  22.0ms    706MiB  0.02%  15.7MiB
   QR orthonormaliz...  12.6k   15.8ms  0.00%  1.25μs     0.00B  0.00%    0.00B
 ──────────────────────────────────────────────────────────────────────────────

Total time in ns: 11672573909986
