Julia version: 1.6.0-DEV.1324

Threading configuration: 
       JULIA_NUM_THREADS:   3
      JULIA_FFTW_THREADS:   2
      JULIA_BLAS_THREADS:   1
Payload:  CoFeGaMn_scfres_guess.jld2

System facts:
    fft_size:      (50, 50, 50)
    kpoints:       280
    n_electrons:   51
    n_bands:       65

Compiling code ...
Timing SCF ...

n     Free energy       Eₙ-Eₙ₋₁     ρout-ρin   Magnet   Diag
---   ---------------   ---------   --------   ------   ----
  1   -326.7936528914         NaN   1.02e+01    3.000    1.0 
  2   -357.8452494487   -3.11e+01   3.79e+00    4.059    11.3 
  3   -359.3537005085   -1.51e+00   3.06e+00    0.830    12.2 
  4   -351.3375933535    8.02e+00   3.86e+00   -0.664    7.9 
  5   -358.9861746333   -7.65e+00   3.02e+00    1.482    7.5 
  6   -358.5751820074    4.11e-01   3.07e+00    1.896    4.8 
  7   -367.1825782642   -8.61e+00   1.35e+00    2.202    7.6 
  8   -370.3509118057   -3.17e+00   7.79e-01    1.573    6.1 
  9   -369.7030437771    6.48e-01   1.11e+00   -0.726    7.1 
 10   -370.6166917288   -9.14e-01   8.83e-01   -0.923    4.3 
 11   -370.1959703966    4.21e-01   9.50e-01   -1.570    3.2 
 12   -370.9329483225   -7.37e-01   6.34e-01   -1.915    2.5 
 13   -371.5190911429   -5.86e-01   3.05e-01   -1.390    3.2 
 14   -371.6219640630   -1.03e-01   1.83e-01   -0.444    2.9 
 15   -371.5201891838    1.02e-01   2.65e-01    0.266    2.9 
 16   -371.6817020381   -1.62e-01   7.11e-02    0.649    1.8 
 17   -371.6745877813    7.11e-03   9.56e-02    0.837    1.2 
 18   -371.6887272512   -1.41e-02   5.53e-02    1.442    3.1 
 19   -371.6777707189    1.10e-02   9.41e-02    1.799    1.7 
 20   -371.6844419968   -6.67e-03   9.58e-02    1.985    1.6 
 21   -371.6931613941   -8.72e-03   5.11e-02    2.632    2.0 
 22   -371.6726245353    2.05e-02   1.01e-01    2.832    1.6 
 23   -371.6820140385   -9.39e-03   8.24e-02    2.932    1.0 
 24   -371.6907459915   -8.73e-03   5.91e-02    2.995    1.9 
 25   -371.6977917299   -7.05e-03   1.79e-02    2.988    1.0 
 26   -371.6977272109    6.45e-05   1.98e-02    2.997    4.6 
 27   -371.6980190265   -2.92e-04   2.09e-02    3.004    2.5 
 28   -371.6990737058   -1.05e-03   5.61e-03    3.024    2.9 
 29   -371.6989705668    1.03e-04   6.94e-03    3.016    3.4 
 30   -371.6990712224   -1.01e-04   4.26e-03    3.017    1.7 
 31   -371.6990447600    2.65e-05   5.19e-03    3.017    2.6 
 32   -371.6990396350    5.12e-06   5.37e-03    3.017    1.3 
 33   -371.6991093138   -6.97e-05   8.17e-04    3.017    1.5 
 34   -371.6991094405   -1.27e-07   7.70e-04    3.017    5.8 
 35   -371.6991104982   -1.06e-06   3.54e-04    3.018    1.7 
 36   -371.6991106972   -1.99e-07   2.04e-04    3.018    3.9 
 37   -371.6991107640   -6.69e-08   1.22e-04    3.018    3.2 
 38   -371.6991107924   -2.84e-08   6.56e-05    3.018    3.2 
 39   -371.6991107930   -6.09e-10   5.61e-05    3.018    3.3 
 40   -371.6991107989   -5.91e-09   2.83e-05    3.018    1.1 
 41   -371.6991107989    6.31e-12   1.09e-05    3.018    3.0 
 42   -371.6991107979    1.08e-09   7.72e-06    3.018    4.7 
 43   -371.6991107972    6.93e-10   2.35e-06    3.018    2.5 
 44   -371.6991107973   -1.63e-10   1.15e-06    3.018    4.3 
 45   -371.6991107974   -4.04e-11   2.68e-07    3.018    3.7 
Energy breakdown:
    Kinetic             186.9361823
    AtomicLocal         -350.7436512
    AtomicNonlocal      -52.9489523
    Ewald               -237.4603341
    PspCorrection       8.8180340 
    Hartree             113.4097995
    Xc                  -39.7054834
    Entropy             -0.0047056

    total               -371.699110797373

 ──────────────────────────────────────────────────────────────────────────────
                                       Time                   Allocations      
                               ──────────────────────   ───────────────────────
       Tot / % measured:           11896s / 100%            4332GiB / 100%     

 Section               ncalls     time   %tot     avg     alloc   %tot      avg
 ──────────────────────────────────────────────────────────────────────────────
 self_consistent_field      1   11894s   100%  11894s   4332GiB  100%   4332GiB
   LOBPCG               12.6k   10281s  86.4%   816ms   2536GiB  58.5%   206MiB
     Hamiltonian mu...  58.1k    4307s  36.2%  74.1ms    368GiB  8.49%  6.48MiB
     block multipli...   222k    2134s  17.9%  9.63ms    403GiB  9.30%  1.86MiB
     ortho               193k    1107s  9.31%  5.74ms    414GiB  9.55%  2.20MiB
     rayleigh_ritz      45.5k    1060s  8.91%  23.3ms   32.6GiB  0.75%   751KiB
   compute_density         45    1048s  8.81%   23.3s   1590GiB  36.7%  35.3GiB
   energy_hamiltonian      91     557s  4.68%   6.12s    201GiB  4.65%  2.21GiB
   KerkerDosMixing         45    1.12s  0.01%  24.9ms    733MiB  0.02%  16.3MiB
     KerkerMixing          45    839ms  0.01%  18.7ms    706MiB  0.02%  15.7MiB
   QR orthonormaliz...  12.6k   15.7ms  0.00%  1.25μs     0.00B  0.00%    0.00B
 ──────────────────────────────────────────────────────────────────────────────

Total time in ns: 11894616246607
