Julia version: 1.6.0-DEV.1324

Threading configuration: 
       JULIA_NUM_THREADS:   3
      JULIA_FFTW_THREADS:   3
      JULIA_BLAS_THREADS:   1
Payload:  CoFeGaMn_scfres_guess.jld2

System facts:
    fft_size:      (50, 50, 50)
    kpoints:       280
    n_electrons:   51
    n_bands:       65

Compiling code ...
Timing SCF ...

n     Free energy       Eₙ-Eₙ₋₁     ρout-ρin   Magnet   Diag
---   ---------------   ---------   --------   ------   ----
  1   -326.7936528914         NaN   1.02e+01    3.000    1.0 
  2   -357.8452494075   -3.11e+01   3.79e+00    4.059    11.3 
  3   -359.3537096525   -1.51e+00   3.06e+00    0.830    12.3 
  4   -351.3375999547    8.02e+00   3.86e+00   -0.664    7.8 
  5   -358.9861791001   -7.65e+00   3.02e+00    1.482    7.4 
  6   -358.5751831129    4.11e-01   3.07e+00    1.896    4.8 
  7   -367.1824076864   -8.61e+00   1.35e+00    2.202    7.6 
  8   -370.3507907381   -3.17e+00   7.79e-01    1.574    6.1 
  9   -369.7035388298    6.47e-01   1.11e+00   -0.726    7.1 
 10   -370.6164843580   -9.13e-01   8.83e-01   -0.923    4.3 
 11   -370.1949953122    4.21e-01   9.51e-01   -1.571    3.2 
 12   -370.9324587448   -7.37e-01   6.35e-01   -1.916    2.5 
 13   -371.5189923521   -5.87e-01   3.05e-01   -1.391    3.2 
 14   -371.6218566629   -1.03e-01   1.84e-01   -0.444    2.9 
 15   -371.5201028086    1.02e-01   2.65e-01    0.265    2.9 
 16   -371.6817195013   -1.62e-01   7.11e-02    0.649    1.9 
 17   -371.6746199535    7.10e-03   9.55e-02    0.836    1.3 
 18   -371.6886413654   -1.40e-02   5.54e-02    1.441    3.1 
 19   -371.6776842400    1.10e-02   9.44e-02    1.799    1.7 
 20   -371.6846030356   -6.92e-03   9.53e-02    1.987    1.6 
 21   -371.6931449773   -8.54e-03   5.13e-02    2.636    2.0 
 22   -371.6726048334    2.05e-02   1.01e-01    2.831    1.6 
 23   -371.6821812597   -9.58e-03   8.19e-02    2.932    1.1 
 24   -371.6912606779   -9.08e-03   5.71e-02    2.994    1.9 
 25   -371.6977365585   -6.48e-03   1.86e-02    2.988    1.0 
 26   -371.6977733290   -3.68e-05   1.94e-02    2.997    4.6 
 27   -371.6979593195   -1.86e-04   2.15e-02    3.005    2.4 
 28   -371.6990549135   -1.10e-03   4.93e-03    3.022    2.8 
 29   -371.6989819263    7.30e-05   6.72e-03    3.016    4.3 
 30   -371.6990590300   -7.71e-05   4.90e-03    3.017    1.7 
 31   -371.6989604157    9.86e-05   7.85e-03    3.018    1.8 
 32   -371.6990393393   -7.89e-05   5.37e-03    3.017    1.1 
 33   -371.6991089931   -6.97e-05   9.01e-04    3.017    1.4 
 34   -371.6991092343   -2.41e-07   8.39e-04    3.017    5.9 
 35   -371.6991103178   -1.08e-06   4.54e-04    3.018    1.6 
 36   -371.6991105294   -2.12e-07   3.31e-04    3.018    2.6 
 37   -371.6991107088   -1.79e-07   1.88e-04    3.018    2.5 
 38   -371.6991107961   -8.74e-08   4.04e-05    3.018    3.4 
 39   -371.6991107960    1.02e-10   4.42e-05    3.018    6.2 
 40   -371.6991107993   -3.23e-09   2.19e-05    3.018    1.0 
 41   -371.6991107984    8.25e-10   9.07e-06    3.018    2.5 
 42   -371.6991107979    5.18e-10   7.44e-06    3.018    4.7 
 43   -371.6991107974    5.58e-10   3.14e-06    3.018    2.2 
 44   -371.6991107975   -1.57e-10   3.10e-06    3.018    3.6 
 45   -371.6991107974    1.22e-10   5.69e-07    3.018    2.4 
Energy breakdown:
    Kinetic             186.9361855
    AtomicLocal         -350.7436558
    AtomicNonlocal      -52.9489537
    Ewald               -237.4603341
    PspCorrection       8.8180340 
    Hartree             113.4098028
    Xc                  -39.7054838
    Entropy             -0.0047056

    total               -371.699110797396

 ──────────────────────────────────────────────────────────────────────────────
                                       Time                   Allocations      
                               ──────────────────────   ───────────────────────
       Tot / % measured:           11941s / 100%            4329GiB / 100%     

 Section               ncalls     time   %tot     avg     alloc   %tot      avg
 ──────────────────────────────────────────────────────────────────────────────
 self_consistent_field      1   11938s   100%  11938s   4329GiB  100%   4329GiB
   LOBPCG               12.6k   10309s  86.4%   818ms   2532GiB  58.5%   206MiB
     Hamiltonian mu...  57.5k    4280s  35.9%  74.4ms    371GiB  8.56%  6.60MiB
     block multipli...   218k    2164s  18.1%  9.91ms    400GiB  9.23%  1.88MiB
     ortho               190k    1114s  9.33%  5.86ms    412GiB  9.52%  2.22MiB
     rayleigh_ritz      44.9k    1067s  8.93%  23.7ms   32.5GiB  0.75%   758KiB
   compute_density         45    1058s  8.86%   23.5s   1590GiB  36.7%  35.3GiB
   energy_hamiltonian      91     563s  4.72%   6.19s    201GiB  4.65%  2.21GiB
   KerkerDosMixing         45    1.17s  0.01%  26.0ms    733MiB  0.02%  16.3MiB
     KerkerMixing          45    886ms  0.01%  19.7ms    706MiB  0.02%  15.7MiB
   QR orthonormaliz...  12.6k   16.1ms  0.00%  1.28μs     0.00B  0.00%    0.00B
 ──────────────────────────────────────────────────────────────────────────────

Total time in ns: 11939273206400
