Julia version: 1.6.0-DEV.1324

Threading configuration: 
       JULIA_NUM_THREADS:   3
      JULIA_FFTW_THREADS:   1
      JULIA_BLAS_THREADS:   2
Payload:  CoFeGaMn_scfres_guess.jld2

System facts:
    fft_size:      (50, 50, 50)
    kpoints:       280
    n_electrons:   51
    n_bands:       65

Compiling code ...
Timing SCF ...

n     Free energy       Eₙ-Eₙ₋₁     ρout-ρin   Magnet   Diag
---   ---------------   ---------   --------   ------   ----
  1   -326.7936528914         NaN   1.02e+01    3.000    1.0 
  2   -357.8452554106   -3.11e+01   3.79e+00    4.059    11.4 
  3   -359.3537193944   -1.51e+00   3.06e+00    0.830    12.2 
  4   -351.3375958055    8.02e+00   3.86e+00   -0.664    7.8 
  5   -358.9861714417   -7.65e+00   3.02e+00    1.482    7.4 
  6   -358.5751764305    4.11e-01   3.07e+00    1.896    4.8 
  7   -367.1825836337   -8.61e+00   1.35e+00    2.202    7.6 
  8   -370.3508708587   -3.17e+00   7.79e-01    1.574    6.2 
  9   -369.7029025145    6.48e-01   1.11e+00   -0.726    7.1 
 10   -370.6166444586   -9.14e-01   8.83e-01   -0.923    4.3 
 11   -370.1955523860    4.21e-01   9.51e-01   -1.570    3.2 
 12   -370.9326648144   -7.37e-01   6.35e-01   -1.915    2.6 
 13   -371.5189870324   -5.86e-01   3.05e-01   -1.391    3.2 
 14   -371.6218782968   -1.03e-01   1.84e-01   -0.444    2.9 
 15   -371.5201238805    1.02e-01   2.65e-01    0.266    2.9 
 16   -371.6817099657   -1.62e-01   7.11e-02    0.649    1.8 
 17   -371.6745944232    7.12e-03   9.56e-02    0.836    1.3 
 18   -371.6887088052   -1.41e-02   5.54e-02    1.442    3.1 
 19   -371.6776842348    1.10e-02   9.44e-02    1.799    1.8 
 20   -371.6844642442   -6.78e-03   9.58e-02    1.988    1.6 
 21   -371.6932090679   -8.74e-03   5.10e-02    2.635    2.0 
 22   -371.6726123658    2.06e-02   1.01e-01    2.832    1.6 
 23   -371.6821661724   -9.55e-03   8.20e-02    2.933    1.1 
 24   -371.6910709186   -8.90e-03   5.78e-02    2.995    1.9 
 25   -371.6977744510   -6.70e-03   1.81e-02    2.988    1.0 
 26   -371.6977607950    1.37e-05   1.95e-02    2.997    4.7 
 27   -371.6979907200   -2.30e-04   2.12e-02    3.004    2.5 
 28   -371.6990734471   -1.08e-03   5.25e-03    3.023    2.9 
 29   -371.6989748950    9.86e-05   6.85e-03    3.016    3.6 
 30   -371.6990689851   -9.41e-05   4.39e-03    3.017    1.7 
 31   -371.6990185646    5.04e-05   6.14e-03    3.018    2.4 
 32   -371.6990405004   -2.19e-05   5.34e-03    3.017    1.3 
 33   -371.6991092896   -6.88e-05   8.22e-04    3.017    1.5 
 34   -371.6991093810   -9.14e-08   7.91e-04    3.017    5.8 
 35   -371.6991104673   -1.09e-06   3.73e-04    3.018    1.6 
 36   -371.6991106752   -2.08e-07   2.24e-04    3.018    3.8 
 37   -371.6991107638   -8.86e-08   1.19e-04    3.018    3.0 
 38   -371.6991107946   -3.08e-08   5.54e-05    3.018    3.6 
 39   -371.6991107946   -6.20e-12   4.86e-05    3.018    3.9 
 40   -371.6991107985   -3.95e-09   2.52e-05    3.018    1.1 
 41   -371.6991107981    3.65e-10   7.71e-06    3.018    3.2 
 42   -371.6991107976    5.51e-10   4.08e-06    3.018    4.8 
 43   -371.6991107971    5.27e-10   2.17e-06    3.018    3.0 
 44   -371.6991107974   -3.41e-10   3.99e-07    3.018    2.5 
 45   -371.6991107974   -7.11e-12   3.00e-07    3.018    6.5 
Energy breakdown:
    Kinetic             186.9361821
    AtomicLocal         -350.7436503
    AtomicNonlocal      -52.9489520
    Ewald               -237.4603341
    PspCorrection       8.8180340 
    Hartree             113.4097986
    Xc                  -39.7054834
    Entropy             -0.0047056

    total               -371.699110797418

 ──────────────────────────────────────────────────────────────────────────────
                                       Time                   Allocations      
                               ──────────────────────   ───────────────────────
       Tot / % measured:            8845s / 100%            4336GiB / 100%     

 Section               ncalls     time   %tot     avg     alloc   %tot      avg
 ──────────────────────────────────────────────────────────────────────────────
 self_consistent_field      1    8843s   100%   8843s   4336GiB  100%   4336GiB
   LOBPCG               12.6k    7504s  84.9%   596ms   2542GiB  58.6%   207MiB
     Hamiltonian mu...  58.8k    3503s  39.6%  59.6ms    357GiB  8.23%  6.21MiB
     block multipli...   226k    1219s  13.8%  5.39ms    410GiB  9.45%  1.86MiB
     rayleigh_ritz      46.2k     793s  8.97%  17.2ms   33.0GiB  0.76%   750KiB
     ortho               196k     752s  8.50%  3.83ms    418GiB  9.64%  2.18MiB
   compute_density         45     987s  11.2%   21.9s   1587GiB  36.6%  35.3GiB
   energy_hamiltonian      91     344s  3.88%   3.77s    201GiB  4.64%  2.21GiB
   KerkerDosMixing         45    1.13s  0.01%  25.0ms    733MiB  0.02%  16.3MiB
     KerkerMixing          45    841ms  0.01%  18.7ms    706MiB  0.02%  15.7MiB
   QR orthonormaliz...  12.6k   13.2ms  0.00%  1.04μs     0.00B  0.00%    0.00B
 ──────────────────────────────────────────────────────────────────────────────

Total time in ns: 8843523801710
