Julia version: 1.6.0-DEV.1324

Threading configuration: 
       JULIA_NUM_THREADS:   3
      JULIA_FFTW_THREADS:   3
      JULIA_BLAS_THREADS:   2
Payload:  CoFeGaMn_scfres_guess.jld2

System facts:
    fft_size:      (50, 50, 50)
    kpoints:       280
    n_electrons:   51
    n_bands:       65

Compiling code ...
Timing SCF ...

n     Free energy       Eₙ-Eₙ₋₁     ρout-ρin   Magnet   Diag
---   ---------------   ---------   --------   ------   ----
  1   -326.7936528914         NaN   1.02e+01    3.000    1.0 
  2   -357.8452370151   -3.11e+01   3.79e+00    4.059    11.4 
  3   -359.3536917358   -1.51e+00   3.06e+00    0.830    12.1 
  4   -351.3375837269    8.02e+00   3.86e+00   -0.664    7.7 
  5   -358.9861586343   -7.65e+00   3.02e+00    1.482    7.4 
  6   -358.5751719101    4.11e-01   3.07e+00    1.896    4.8 
  7   -367.1820581838   -8.61e+00   1.35e+00    2.202    7.6 
  8   -370.3507018528   -3.17e+00   7.79e-01    1.574    6.1 
  9   -369.7035444104    6.47e-01   1.11e+00   -0.726    7.1 
 10   -370.6163611025   -9.13e-01   8.83e-01   -0.923    4.3 
 11   -370.1949127059    4.21e-01   9.51e-01   -1.571    3.1 
 12   -370.9323043655   -7.37e-01   6.35e-01   -1.916    2.5 
 13   -371.5189787613   -5.87e-01   3.05e-01   -1.391    3.3 
 14   -371.6219090198   -1.03e-01   1.84e-01   -0.444    2.9 
 15   -371.5201120179    1.02e-01   2.65e-01    0.265    2.9 
 16   -371.6817137089   -1.62e-01   7.11e-02    0.649    1.8 
 17   -371.6746173742    7.10e-03   9.55e-02    0.835    1.3 
 18   -371.6886513045   -1.40e-02   5.54e-02    1.442    3.1 
 19   -371.6776810120    1.10e-02   9.44e-02    1.800    1.7 
 20   -371.6846201844   -6.94e-03   9.52e-02    1.989    1.6 
 21   -371.6931752837   -8.56e-03   5.12e-02    2.637    2.0 
 22   -371.6724247796    2.08e-02   1.02e-01    2.833    1.6 
 23   -371.6822125995   -9.79e-03   8.19e-02    2.934    1.1 
 24   -371.6913896077   -9.18e-03   5.66e-02    2.994    1.9 
 25   -371.6977634115   -6.37e-03   1.83e-02    2.989    1.1 
 26   -371.6978189059   -5.55e-05   1.89e-02    2.997    4.6 
 27   -371.6979373424   -1.18e-04   2.17e-02    3.006    2.5 
 28   -371.6990494956   -1.11e-03   4.93e-03    3.022    2.8 
 29   -371.6989916374    5.79e-05   6.46e-03    3.016    4.5 
 30   -371.6990588156   -6.72e-05   4.92e-03    3.017    1.6 
 31   -371.6989666420    9.22e-05   7.68e-03    3.018    1.7 
 32   -371.6990394498   -7.28e-05   5.37e-03    3.017    1.0 
 33   -371.6991089064   -6.95e-05   9.20e-04    3.017    1.4 
 34   -371.6991092748   -3.68e-07   8.28e-04    3.017    5.8 
 35   -371.6991103237   -1.05e-06   4.52e-04    3.018    1.7 
 36   -371.6991105238   -2.00e-07   3.35e-04    3.018    2.6 
 37   -371.6991107035   -1.80e-07   1.94e-04    3.018    2.4 
 38   -371.6991107965   -9.30e-08   3.76e-05    3.018    3.3 
 39   -371.6991107975   -9.28e-10   3.59e-05    3.018    6.4 
 40   -371.6991107991   -1.63e-09   2.15e-05    3.018    1.0 
 41   -371.6991107983    8.30e-10   9.03e-06    3.018    2.4 
 42   -371.6991107979    4.13e-10   6.99e-06    3.018    4.6 
 43   -371.6991107973    5.23e-10   2.67e-06    3.018    2.1 
 44   -371.6991107975   -1.40e-10   2.50e-06    3.018    4.4 
 45   -371.6991107974    9.98e-11   7.10e-07    3.018    2.9 
Energy breakdown:
    Kinetic             186.9361873
    AtomicLocal         -350.7436586
    AtomicNonlocal      -52.9489546
    Ewald               -237.4603341
    PspCorrection       8.8180340 
    Hartree             113.4098047
    Xc                  -39.7054840
    Entropy             -0.0047056

    total               -371.699110797374

 ──────────────────────────────────────────────────────────────────────────────
                                       Time                   Allocations      
                               ──────────────────────   ───────────────────────
       Tot / % measured:            9232s / 100%            4337GiB / 100%     

 Section               ncalls     time   %tot     avg     alloc   %tot      avg
 ──────────────────────────────────────────────────────────────────────────────
 self_consistent_field      1    9230s   100%   9230s   4337GiB  100%   4337GiB
   LOBPCG               12.6k    7839s  84.9%   622ms   2540GiB  58.6%   206MiB
     Hamiltonian mu...  57.8k    3891s  42.2%  67.3ms    372GiB  8.57%  6.59MiB
     block multipli...   220k    1186s  12.8%  5.39ms    403GiB  9.28%  1.88MiB
     rayleigh_ritz      45.2k     770s  8.34%  17.0ms   32.6GiB  0.75%   757KiB
     ortho               192k     757s  8.20%  3.95ms    414GiB  9.54%  2.21MiB
   compute_density         45    1042s  11.3%   23.1s   1590GiB  36.7%  35.3GiB
   energy_hamiltonian      91     341s  3.70%   3.75s    201GiB  4.64%  2.21GiB
   KerkerDosMixing         45    1.23s  0.01%  27.3ms    733MiB  0.02%  16.3MiB
     KerkerMixing          45    954ms  0.01%  21.2ms    706MiB  0.02%  15.7MiB
   QR orthonormaliz...  12.6k   14.2ms  0.00%  1.13μs     0.00B  0.00%    0.00B
 ──────────────────────────────────────────────────────────────────────────────

Total time in ns: 9230618738965
