Julia version: 1.6.0-DEV.1324

Threading configuration: 
       JULIA_NUM_THREADS:   3
      JULIA_FFTW_THREADS:   2
      JULIA_BLAS_THREADS:   2
Payload:  CoFeGaMn_scfres_guess.jld2

System facts:
    fft_size:      (50, 50, 50)
    kpoints:       280
    n_electrons:   51
    n_bands:       65

Compiling code ...
Timing SCF ...

n     Free energy       Eₙ-Eₙ₋₁     ρout-ρin   Magnet   Diag
---   ---------------   ---------   --------   ------   ----
  1   -326.7936528914         NaN   1.02e+01    3.000    1.0 
  2   -357.8452490935   -3.11e+01   3.79e+00    4.059    11.4 
  3   -359.3537013608   -1.51e+00   3.06e+00    0.830    12.2 
  4   -351.3375768018    8.02e+00   3.86e+00   -0.664    7.8 
  5   -358.9861594893   -7.65e+00   3.02e+00    1.482    7.4 
  6   -358.5751834940    4.11e-01   3.07e+00    1.896    4.9 
  7   -367.1824754009   -8.61e+00   1.35e+00    2.202    7.6 
  8   -370.3508945256   -3.17e+00   7.79e-01    1.574    6.1 
  9   -369.7031747978    6.48e-01   1.11e+00   -0.725    7.1 
 10   -370.6166203468   -9.13e-01   8.83e-01   -0.923    4.3 
 11   -370.1956552010    4.21e-01   9.51e-01   -1.570    3.2 
 12   -370.9326453972   -7.37e-01   6.35e-01   -1.915    2.5 
 13   -371.5190323070   -5.86e-01   3.05e-01   -1.391    3.2 
 14   -371.6219565202   -1.03e-01   1.84e-01   -0.444    2.9 
 15   -371.5201455258    1.02e-01   2.65e-01    0.266    2.9 
 16   -371.6817070115   -1.62e-01   7.11e-02    0.649    1.8 
 17   -371.6746114255    7.10e-03   9.56e-02    0.836    1.3 
 18   -371.6886898594   -1.41e-02   5.54e-02    1.442    3.1 
 19   -371.6777062123    1.10e-02   9.43e-02    1.800    1.8 
 20   -371.6845057435   -6.80e-03   9.57e-02    1.989    1.6 
 21   -371.6932045317   -8.70e-03   5.10e-02    2.636    2.0 
 22   -371.6725178012    2.07e-02   1.02e-01    2.832    1.6 
 23   -371.6821771390   -9.66e-03   8.20e-02    2.933    1.1 
 24   -371.6912289636   -9.05e-03   5.72e-02    2.995    1.9 
 25   -371.6977666584   -6.54e-03   1.82e-02    2.988    1.1 
 26   -371.6977822071   -1.55e-05   1.93e-02    2.997    4.6 
 27   -371.6979696991   -1.87e-04   2.14e-02    3.005    2.5 
 28   -371.6990703913   -1.10e-03   5.03e-03    3.023    2.9 
 29   -371.6989780982    9.23e-05   6.78e-03    3.016    4.0 
 30   -371.6990665255   -8.84e-05   4.53e-03    3.017    1.7 
 31   -371.6989995427    6.70e-05   6.75e-03    3.018    2.2 
 32   -371.6990410397   -4.15e-05   5.31e-03    3.017    1.1 
 33   -371.6991092199   -6.82e-05   8.40e-04    3.017    1.5 
 34   -371.6991093403   -1.20e-07   8.05e-04    3.017    5.8 
 35   -371.6991104258   -1.09e-06   3.97e-04    3.018    1.6 
 36   -371.6991106384   -2.13e-07   2.55e-04    3.018    3.5 
 37   -371.6991107539   -1.16e-07   1.32e-04    3.018    2.9 
 38   -371.6991107953   -4.14e-08   5.07e-05    3.018    3.6 
 39   -371.6991107951    1.97e-10   4.65e-05    3.018    4.3 
 40   -371.6991107985   -3.39e-09   2.37e-05    3.018    1.1 
 41   -371.6991107979    5.87e-10   7.52e-06    3.018    3.0 
 42   -371.6991107976    3.57e-10   4.07e-06    3.018    4.7 
 43   -371.6991107970    5.17e-10   2.47e-06    3.018    3.5 
 44   -371.6991107974   -3.10e-10   8.22e-07    3.018    2.3 
 45   -371.6991107974   -7.30e-11   1.75e-07    3.018    4.6 
Energy breakdown:
    Kinetic             186.9361832
    AtomicLocal         -350.7436519
    AtomicNonlocal      -52.9489525
    Ewald               -237.4603341
    PspCorrection       8.8180340 
    Hartree             113.4097997
    Xc                  -39.7054835
    Entropy             -0.0047056

    total               -371.699110797424

 ──────────────────────────────────────────────────────────────────────────────
                                       Time                   Allocations      
                               ──────────────────────   ───────────────────────
       Tot / % measured:            9690s / 100%            4340GiB / 100%     

 Section               ncalls     time   %tot     avg     alloc   %tot      avg
 ──────────────────────────────────────────────────────────────────────────────
 self_consistent_field      1    9687s   100%   9687s   4340GiB  100%   4340GiB
   LOBPCG               12.6k    8239s  85.0%   654ms   2544GiB  58.6%   207MiB
     Hamiltonian mu...  58.3k    4144s  42.8%  71.1ms    369GiB  8.49%  6.48MiB
     block multipli...   223k    1226s  12.7%  5.51ms    406GiB  9.35%  1.87MiB
     ortho               194k     800s  8.26%  4.13ms    416GiB  9.57%  2.20MiB
     rayleigh_ritz      45.7k     790s  8.15%  17.3ms   32.8GiB  0.76%   753KiB
   compute_density         45    1074s  11.1%   23.9s   1590GiB  36.6%  35.3GiB
   energy_hamiltonian      91     367s  3.79%   4.03s    201GiB  4.64%  2.21GiB
   KerkerDosMixing         45    1.09s  0.01%  24.3ms    733MiB  0.02%  16.3MiB
     KerkerMixing          45    809ms  0.01%  18.0ms    706MiB  0.02%  15.7MiB
   QR orthonormaliz...  12.6k   14.4ms  0.00%  1.14μs     0.00B  0.00%    0.00B
 ──────────────────────────────────────────────────────────────────────────────

Total time in ns: 9688448194447
