Julia version: 1.6.0-DEV.1324

Threading configuration: 
       JULIA_NUM_THREADS:   3
      JULIA_FFTW_THREADS:   2
      JULIA_BLAS_THREADS:   3
Payload:  CoFeGaMn_scfres_guess.jld2

System facts:
    fft_size:      (50, 50, 50)
    kpoints:       280
    n_electrons:   51
    n_bands:       65

Compiling code ...
Timing SCF ...

n     Free energy       Eₙ-Eₙ₋₁     ρout-ρin   Magnet   Diag
---   ---------------   ---------   --------   ------   ----
  1   -326.7936528914         NaN   1.02e+01    3.000    1.0 
  2   -357.8452442470   -3.11e+01   3.79e+00    4.059    11.4 
  3   -359.3537056135   -1.51e+00   3.06e+00    0.830    12.1 
  4   -351.3375943705    8.02e+00   3.86e+00   -0.664    7.8 
  5   -358.9861784821   -7.65e+00   3.02e+00    1.482    7.5 
  6   -358.5752019092    4.11e-01   3.07e+00    1.896    4.8 
  7   -367.1825214050   -8.61e+00   1.35e+00    2.202    7.6 
  8   -370.3508653085   -3.17e+00   7.79e-01    1.574    6.1 
  9   -369.7032963838    6.48e-01   1.11e+00   -0.725    7.1 
 10   -370.6166444619   -9.13e-01   8.83e-01   -0.923    4.3 
 11   -370.1958467630    4.21e-01   9.51e-01   -1.570    3.2 
 12   -370.9327191205   -7.37e-01   6.35e-01   -1.915    2.6 
 13   -371.5190363280   -5.86e-01   3.05e-01   -1.391    3.3 
 14   -371.6219952255   -1.03e-01   1.83e-01   -0.444    2.9 
 15   -371.5202190462    1.02e-01   2.65e-01    0.266    2.9 
 16   -371.6817095508   -1.61e-01   7.11e-02    0.649    1.9 
 17   -371.6746179781    7.09e-03   9.56e-02    0.836    1.2 
 18   -371.6886893541   -1.41e-02   5.54e-02    1.441    3.0 
 19   -371.6776959827    1.10e-02   9.43e-02    1.799    1.8 
 20   -371.6844876451   -6.79e-03   9.56e-02    1.984    1.6 
 21   -371.6931693909   -8.68e-03   5.12e-02    2.635    2.0 
 22   -371.6728367995    2.03e-02   1.01e-01    2.831    1.6 
 23   -371.6821042084   -9.27e-03   8.21e-02    2.931    1.1 
 24   -371.6909169135   -8.81e-03   5.84e-02    2.995    1.9 
 25   -371.6977407973   -6.82e-03   1.85e-02    2.988    1.0 
 26   -371.6977126275    2.82e-05   2.00e-02    2.997    4.6 
 27   -371.6980071437   -2.95e-04   2.10e-02    3.004    2.4 
 28   -371.6990698650   -1.06e-03   5.20e-03    3.023    2.9 
 29   -371.6989715727    9.83e-05   6.96e-03    3.016    3.9 
 30   -371.6990659433   -9.44e-05   4.54e-03    3.017    1.7 
 31   -371.6990088215    5.71e-05   6.47e-03    3.018    2.2 
 32   -371.6990384538   -2.96e-05   5.41e-03    3.017    1.2 
 33   -371.6991092701   -7.08e-05   8.31e-04    3.017    1.5 
 34   -371.6991093043   -3.42e-08   8.13e-04    3.017    5.8 
 35   -371.6991104213   -1.12e-06   4.00e-04    3.018    1.5 
 36   -371.6991106469   -2.26e-07   2.49e-04    3.018    3.6 
 37   -371.6991107581   -1.11e-07   1.28e-04    3.018    3.0 
 38   -371.6991107931   -3.51e-08   6.07e-05    3.018    3.6 
 39   -371.6991107940   -8.83e-10   5.27e-05    3.018    3.9 
 40   -371.6991107984   -4.35e-09   2.82e-05    3.018    1.1 
 41   -371.6991107982    1.62e-10   9.25e-06    3.018    2.9 
 42   -371.6991107976    5.68e-10   4.81e-06    3.018    4.9 
 43   -371.6991107970    5.99e-10   2.34e-06    3.018    3.0 
 44   -371.6991107974   -3.68e-10   3.54e-07    3.018    2.9 
 45   -371.6991107974   -3.13e-12   3.14e-07    3.018    6.8 
Energy breakdown:
    Kinetic             186.9361820
    AtomicLocal         -350.7436502
    AtomicNonlocal      -52.9489520
    Ewald               -237.4603341
    PspCorrection       8.8180340 
    Hartree             113.4097984
    Xc                  -39.7054833
    Entropy             -0.0047056

    total               -371.699110797413

 ──────────────────────────────────────────────────────────────────────────────
                                       Time                   Allocations      
                               ──────────────────────   ───────────────────────
       Tot / % measured:            8220s / 100%            4352GiB / 100%     

 Section               ncalls     time   %tot     avg     alloc   %tot      avg
 ──────────────────────────────────────────────────────────────────────────────
 self_consistent_field      1    8218s   100%   8218s   4352GiB  100%   4352GiB
   LOBPCG               12.6k    6881s  83.7%   546ms   2556GiB  58.7%   208MiB
     Hamiltonian mu...  58.8k    3835s  46.7%  65.2ms    370GiB  8.51%  6.45MiB
     block multipli...   226k     808s  9.84%  3.58ms    410GiB  9.42%  1.86MiB
     ortho               196k     617s  7.51%  3.15ms    418GiB  9.61%  2.18MiB
     rayleigh_ritz      46.2k     601s  7.31%  13.0ms   33.1GiB  0.76%   751KiB
   compute_density         45    1043s  12.7%   23.2s   1590GiB  36.5%  35.3GiB
   energy_hamiltonian      91     285s  3.47%   3.13s    201GiB  4.62%  2.21GiB
   KerkerDosMixing         45    1.17s  0.01%  25.9ms    733MiB  0.02%  16.3MiB
     KerkerMixing          45    862ms  0.01%  19.2ms    706MiB  0.02%  15.7MiB
   QR orthonormaliz...  12.6k   15.6ms  0.00%  1.23μs     0.00B  0.00%    0.00B
 ──────────────────────────────────────────────────────────────────────────────

Total time in ns: 8218638864249
