Julia version: 1.6.0-DEV.1324

Threading configuration: 
       JULIA_NUM_THREADS:   3
      JULIA_FFTW_THREADS:   1
      JULIA_BLAS_THREADS:   3
Payload:  CoFeGaMn_scfres_guess.jld2

System facts:
    fft_size:      (50, 50, 50)
    kpoints:       280
    n_electrons:   51
    n_bands:       65

Compiling code ...
Timing SCF ...

n     Free energy       Eₙ-Eₙ₋₁     ρout-ρin   Magnet   Diag
---   ---------------   ---------   --------   ------   ----
  1   -326.7936528914         NaN   1.02e+01    3.000    1.0 
  2   -357.8452442470   -3.11e+01   3.79e+00    4.059    11.4 
  3   -359.3537012275   -1.51e+00   3.06e+00    0.830    12.2 
  4   -351.3375911140    8.02e+00   3.86e+00   -0.664    7.7 
  5   -358.9861896646   -7.65e+00   3.02e+00    1.482    7.5 
  6   -358.5752144258    4.11e-01   3.07e+00    1.896    4.8 
  7   -367.1822573412   -8.61e+00   1.35e+00    2.202    7.6 
  8   -370.3506726207   -3.17e+00   7.79e-01    1.574    6.1 
  9   -369.7032584167    6.47e-01   1.11e+00   -0.725    7.1 
 10   -370.6164208881   -9.13e-01   8.83e-01   -0.923    4.3 
 11   -370.1949882128    4.21e-01   9.51e-01   -1.570    3.1 
 12   -370.9322679346   -7.37e-01   6.35e-01   -1.916    2.6 
 13   -371.5188827842   -5.87e-01   3.05e-01   -1.391    3.2 
 14   -371.6219002349   -1.03e-01   1.84e-01   -0.444    2.9 
 15   -371.5200834463    1.02e-01   2.66e-01    0.265    2.9 
 16   -371.6817078622   -1.62e-01   7.11e-02    0.649    1.8 
 17   -371.6746111284    7.10e-03   9.56e-02    0.835    1.3 
 18   -371.6886124096   -1.40e-02   5.55e-02    1.442    3.1 
 19   -371.6776530882    1.10e-02   9.45e-02    1.800    1.7 
 20   -371.6846977951   -7.04e-03   9.51e-02    1.988    1.6 
 21   -371.6931685672   -8.47e-03   5.13e-02    2.639    2.0 
 22   -371.6725352571    2.06e-02   1.02e-01    2.832    1.6 
 23   -371.6822418255   -9.71e-03   8.18e-02    2.933    1.1 
 24   -371.6915056403   -9.26e-03   5.61e-02    2.994    1.9 
 25   -371.6977219592   -6.22e-03   1.88e-02    2.989    1.1 
 26   -371.6978096000   -8.76e-05   1.90e-02    2.997    4.6 
 27   -371.6979205479   -1.11e-04   2.18e-02    3.006    2.4 
 28   -371.6990277043   -1.11e-03   5.26e-03    3.021    2.7 
 29   -371.6989999735    2.77e-05   6.25e-03    3.016    4.8 
 30   -371.6990534310   -5.35e-05   5.19e-03    3.017    1.7 
 31   -371.6989395089    1.14e-04   8.38e-03    3.018    1.6 
 32   -371.6990364049   -9.69e-05   5.48e-03    3.017    1.0 
 33   -371.6991085316   -7.21e-05   1.01e-03    3.017    1.3 
 34   -371.6991092267   -6.95e-07   8.45e-04    3.017    5.8 
 35   -371.6991102468   -1.02e-06   4.88e-04    3.018    1.9 
 36   -371.6991104708   -2.24e-07   3.68e-04    3.018    2.3 
 37   -371.6991106780   -2.07e-07   2.19e-04    3.018    2.5 
 38   -371.6991107963   -1.18e-07   3.30e-05    3.018    3.2 
 39   -371.6991107988   -2.45e-09   2.57e-05    3.018    6.8 
 40   -371.6991107993   -4.77e-10   1.98e-05    3.018    1.2 
 41   -371.6991107983    9.99e-10   1.22e-05    3.018    2.2 
 42   -371.6991107980    2.88e-10   7.34e-06    3.018    2.8 
 43   -371.6991107975    4.63e-10   2.27e-06    3.018    3.0 
 44   -371.6991107974    1.11e-10   2.21e-06    3.018    6.1 
 45   -371.6991107974    4.84e-11   1.15e-06    3.018    2.3 
Energy breakdown:
    Kinetic             186.9361884
    AtomicLocal         -350.7436610
    AtomicNonlocal      -52.9489550
    Ewald               -237.4603341
    PspCorrection       8.8180340 
    Hartree             113.4098067
    Xc                  -39.7054841
    Entropy             -0.0047056

    total               -371.699110797363

 ──────────────────────────────────────────────────────────────────────────────
                                       Time                   Allocations      
                               ──────────────────────   ───────────────────────
       Tot / % measured:            7815s / 100%            4319GiB / 100%     

 Section               ncalls     time   %tot     avg     alloc   %tot      avg
 ──────────────────────────────────────────────────────────────────────────────
 self_consistent_field      1    7812s   100%   7812s   4319GiB  100%   4319GiB
   LOBPCG               12.6k    6530s  83.6%   518ms   2525GiB  58.5%   205MiB
     Hamiltonian mu...  57.9k    3448s  44.1%  59.6ms    355GiB  8.21%  6.27MiB
     block multipli...   220k     836s  10.7%  3.79ms    404GiB  9.35%  1.88MiB
     ortho               192k     617s  7.90%  3.22ms    414GiB  9.59%  2.21MiB
     rayleigh_ritz      45.3k     605s  7.75%  13.4ms   32.7GiB  0.76%   757KiB
   compute_density         45     989s  12.7%   22.0s   1587GiB  36.7%  35.3GiB
   energy_hamiltonian      91     285s  3.65%   3.13s    201GiB  4.66%  2.21GiB
   KerkerDosMixing         45    1.19s  0.02%  26.4ms    733MiB  0.02%  16.3MiB
     KerkerMixing          45    888ms  0.01%  19.7ms    706MiB  0.02%  15.7MiB
   QR orthonormaliz...  12.6k   14.0ms  0.00%  1.11μs     0.00B  0.00%    0.00B
 ──────────────────────────────────────────────────────────────────────────────

Total time in ns: 7813142612793
