Julia version: 1.6.0-DEV.1324

Threading configuration: 
       JULIA_NUM_THREADS:   3
      JULIA_FFTW_THREADS:   3
      JULIA_BLAS_THREADS:   3
Payload:  CoFeGaMn_scfres_guess.jld2

System facts:
    fft_size:      (50, 50, 50)
    kpoints:       280
    n_electrons:   51
    n_bands:       65

Compiling code ...
Timing SCF ...

n     Free energy       Eₙ-Eₙ₋₁     ρout-ρin   Magnet   Diag
---   ---------------   ---------   --------   ------   ----
  1   -326.7936528914         NaN   1.02e+01    3.000    1.0 
  2   -357.8452442470   -3.11e+01   3.79e+00    4.059    11.4 
  3   -359.3536991926   -1.51e+00   3.06e+00    0.830    12.2 
  4   -351.3375893225    8.02e+00   3.86e+00   -0.664    7.8 
  5   -358.9861734935   -7.65e+00   3.02e+00    1.482    7.5 
  6   -358.5751692818    4.11e-01   3.07e+00    1.896    4.8 
  7   -367.1823398001   -8.61e+00   1.35e+00    2.202    7.6 
  8   -370.3508118612   -3.17e+00   7.79e-01    1.574    6.1 
  9   -369.7033149507    6.47e-01   1.11e+00   -0.726    7.1 
 10   -370.6165957332   -9.13e-01   8.83e-01   -0.923    4.3 
 11   -370.1955730657    4.21e-01   9.51e-01   -1.570    3.2 
 12   -370.9327938538   -7.37e-01   6.35e-01   -1.915    2.5 
 13   -371.5190408367   -5.86e-01   3.05e-01   -1.391    3.2 
 14   -371.6219343196   -1.03e-01   1.84e-01   -0.444    2.9 
 15   -371.5200908247    1.02e-01   2.66e-01    0.266    2.9 
 16   -371.6816946322   -1.62e-01   7.11e-02    0.649    1.8 
 17   -371.6745755945    7.12e-03   9.57e-02    0.836    1.2 
 18   -371.6886317415   -1.41e-02   5.55e-02    1.442    3.1 
 19   -371.6776581406    1.10e-02   9.45e-02    1.801    1.7 
 20   -371.6846962320   -7.04e-03   9.50e-02    1.990    1.6 
 21   -371.6931845678   -8.49e-03   5.12e-02    2.639    2.0 
 22   -371.6723860625    2.08e-02   1.02e-01    2.833    1.6 
 23   -371.6822738171   -9.89e-03   8.17e-02    2.934    1.1 
 24   -371.6915445636   -9.27e-03   5.60e-02    2.994    1.9 
 25   -371.6977565574   -6.21e-03   1.84e-02    2.989    1.1 
 26   -371.6978376292   -8.11e-05   1.87e-02    2.997    4.6 
 27   -371.6979148094   -7.72e-05   2.19e-02    3.006    2.5 
 28   -371.6990391820   -1.12e-03   5.05e-03    3.021    2.8 
 29   -371.6989997419    3.94e-05   6.24e-03    3.016    4.6 
 30   -371.6990576939   -5.80e-05   4.99e-03    3.017    1.7 
 31   -371.6989615128    9.62e-05   7.81e-03    3.018    1.6 
 32   -371.6990380794   -7.66e-05   5.42e-03    3.017    1.0 
 33   -371.6991087195   -7.06e-05   9.62e-04    3.017    1.3 
 34   -371.6991092775   -5.58e-07   8.29e-04    3.017    5.8 
 35   -371.6991103010   -1.02e-06   4.63e-04    3.018    1.7 
 36   -371.6991105003   -1.99e-07   3.50e-04    3.018    2.5 
 37   -371.6991106906   -1.90e-07   2.07e-04    3.018    2.5 
 38   -371.6991107964   -1.06e-07   3.51e-05    3.018    3.3 
 39   -371.6991107987   -2.33e-09   2.63e-05    3.018    6.6 
 40   -371.6991107991   -3.90e-10   2.01e-05    3.018    1.3 
 41   -371.6991107982    9.58e-10   1.16e-05    3.018    2.3 
 42   -371.6991107979    2.41e-10   7.03e-06    3.018    3.3 
 43   -371.6991107974    4.82e-10   2.19e-06    3.018    3.1 
 44   -371.6991107974    3.59e-11   1.80e-06    3.018    6.0 
 45   -371.6991107974    4.91e-11   1.05e-06    3.018    2.8 
Energy breakdown:
    Kinetic             186.9361890
    AtomicLocal         -350.7436616
    AtomicNonlocal      -52.9489554
    Ewald               -237.4603341
    PspCorrection       8.8180340 
    Hartree             113.4098071
    Xc                  -39.7054842
    Entropy             -0.0047056

    total               -371.699110797351

 ──────────────────────────────────────────────────────────────────────────────
                                       Time                   Allocations      
                               ──────────────────────   ───────────────────────
       Tot / % measured:            8297s / 100%            4345GiB / 100%     

 Section               ncalls     time   %tot     avg     alloc   %tot      avg
 ──────────────────────────────────────────────────────────────────────────────
 self_consistent_field      1    8294s   100%   8294s   4345GiB  100%   4345GiB
   LOBPCG               12.6k    6928s  83.5%   550ms   2548GiB  58.7%   207MiB
     Hamiltonian mu...  58.2k    3808s  45.9%  65.4ms    373GiB  8.59%  6.56MiB
     block multipli...   222k     828s  10.0%  3.72ms    406GiB  9.34%  1.87MiB
     ortho               194k     637s  7.68%  3.29ms    415GiB  9.56%  2.20MiB
     rayleigh_ritz      45.6k     601s  7.24%  13.2ms   32.7GiB  0.75%   752KiB
   compute_density         45    1065s  12.8%   23.7s   1590GiB  36.6%  35.3GiB
   energy_hamiltonian      91     292s  3.52%   3.21s    201GiB  4.63%  2.21GiB
   KerkerDosMixing         45    1.25s  0.02%  27.8ms    733MiB  0.02%  16.3MiB
     KerkerMixing          45    950ms  0.01%  21.1ms    706MiB  0.02%  15.7MiB
   QR orthonormaliz...  12.6k   13.9ms  0.00%  1.10μs     0.00B  0.00%    0.00B
 ──────────────────────────────────────────────────────────────────────────────

Total time in ns: 8295163768094
