Julia version: 1.6.0-DEV.1324

Threading configuration: 
       JULIA_NUM_THREADS:   4
      JULIA_FFTW_THREADS:   1
      JULIA_BLAS_THREADS:   4
Payload:  CoFeGaMn_scfres_guess.jld2

System facts:
    fft_size:      (50, 50, 50)
    kpoints:       280
    n_electrons:   51
    n_bands:       65

Compiling code ...
Timing SCF ...

n     Free energy       Eₙ-Eₙ₋₁     ρout-ρin   Magnet   Diag
---   ---------------   ---------   --------   ------   ----
  1   -326.7936528914         NaN   1.02e+01    3.000    1.0 
  2   -357.8452385311   -3.11e+01   3.79e+00    4.059    11.3 
  3   -359.3537033878   -1.51e+00   3.06e+00    0.830    12.3 
  4   -351.3375893152    8.02e+00   3.86e+00   -0.664    7.8 
  5   -358.9861821414   -7.65e+00   3.02e+00    1.482    7.4 
  6   -358.5751907382    4.11e-01   3.07e+00    1.896    4.8 
  7   -367.1822755387   -8.61e+00   1.35e+00    2.202    7.6 
  8   -370.3508082452   -3.17e+00   7.79e-01    1.574    6.2 
  9   -369.7034468899    6.47e-01   1.11e+00   -0.725    7.1 
 10   -370.6165417591   -9.13e-01   8.83e-01   -0.923    4.3 
 11   -370.1954907116    4.21e-01   9.51e-01   -1.570    3.2 
 12   -370.9325349915   -7.37e-01   6.35e-01   -1.915    2.5 
 13   -371.5189994121   -5.86e-01   3.05e-01   -1.391    3.2 
 14   -371.6219587266   -1.03e-01   1.84e-01   -0.444    2.9 
 15   -371.5201652294    1.02e-01   2.65e-01    0.266    2.9 
 16   -371.6817087623   -1.62e-01   7.11e-02    0.649    1.8 
 17   -371.6746228782    7.09e-03   9.55e-02    0.836    1.3 
 18   -371.6886744695   -1.41e-02   5.54e-02    1.441    3.1 
 19   -371.6777069288    1.10e-02   9.43e-02    1.799    1.8 
 20   -371.6845412621   -6.83e-03   9.55e-02    1.985    1.6 
 21   -371.6931590482   -8.62e-03   5.12e-02    2.635    2.0 
 22   -371.6726809942    2.05e-02   1.01e-01    2.831    1.6 
 23   -371.6820917934   -9.41e-03   8.22e-02    2.931    1.1 
 24   -371.6910234079   -8.93e-03   5.80e-02    2.995    1.9 
 25   -371.6977430130   -6.72e-03   1.85e-02    2.988    1.1 
 26   -371.6977341955    8.82e-06   1.98e-02    2.997    4.6 
 27   -371.6979839175   -2.50e-04   2.12e-02    3.005    2.4 
 28   -371.6990668155   -1.08e-03   5.02e-03    3.023    2.8 
 29   -371.6989741321    9.27e-05   6.90e-03    3.016    4.0 
 30   -371.6990633882   -8.93e-05   4.67e-03    3.017    1.6 
 31   -371.6989956218    6.78e-05   6.87e-03    3.018    2.1 
 32   -371.6990396078   -4.40e-05   5.36e-03    3.017    1.1 
 33   -371.6991092066   -6.96e-05   8.48e-04    3.017    1.4 
 34   -371.6991092733   -6.68e-08   8.24e-04    3.017    6.0 
 35   -371.6991103821   -1.11e-06   4.21e-04    3.018    1.5 
 36   -371.6991106087   -2.27e-07   2.78e-04    3.018    3.2 
 37   -371.6991107466   -1.38e-07   1.44e-04    3.018    2.8 
 38   -371.6991107941   -4.75e-08   5.59e-05    3.018    3.6 
 39   -371.6991107943   -1.32e-10   5.23e-05    3.018    4.4 
 40   -371.6991107986   -4.34e-09   2.68e-05    3.018    1.0 
 41   -371.6991107982    4.33e-10   9.74e-06    3.018    2.7 
 42   -371.6991107977    4.59e-10   6.04e-06    3.018    4.9 
 43   -371.6991107971    6.45e-10   2.76e-06    3.018    2.8 
 44   -371.6991107974   -3.54e-10   6.19e-07    3.018    3.3 
 45   -371.6991107974   -2.59e-11   3.26e-07    3.018    5.5 
Energy breakdown:
    Kinetic             186.9361820
    AtomicLocal         -350.7436500
    AtomicNonlocal      -52.9489520
    Ewald               -237.4603341
    PspCorrection       8.8180340 
    Hartree             113.4097983
    Xc                  -39.7054834
    Entropy             -0.0047056

    total               -371.699110797433

 ──────────────────────────────────────────────────────────────────────────────
                                       Time                   Allocations      
                               ──────────────────────   ───────────────────────
       Tot / % measured:            6669s / 100%            4333GiB / 100%     

 Section               ncalls     time   %tot     avg     alloc   %tot      avg
 ──────────────────────────────────────────────────────────────────────────────
 self_consistent_field      1    6666s   100%   6666s   4333GiB  100%   4333GiB
   LOBPCG               12.6k    5576s  83.6%   443ms   2539GiB  58.6%   206MiB
     Hamiltonian mu...  58.4k    2764s  41.5%  47.3ms    360GiB  8.31%  6.31MiB
     block multipli...   224k     664s  10.0%  2.97ms    407GiB  9.40%  1.87MiB
     rayleigh_ritz      45.8k     589s  8.83%  12.9ms   32.9GiB  0.76%   753KiB
     ortho               194k     543s  8.15%  2.80ms    416GiB  9.61%  2.19MiB
   compute_density         45     826s  12.4%   18.3s   1587GiB  36.6%  35.3GiB
   energy_hamiltonian      91     256s  3.84%   2.82s    202GiB  4.65%  2.22GiB
   KerkerDosMixing         45    1.26s  0.02%  27.9ms    733MiB  0.02%  16.3MiB
     KerkerMixing          45    953ms  0.01%  21.2ms    706MiB  0.02%  15.7MiB
   QR orthonormaliz...  12.6k   14.7ms  0.00%  1.17μs     0.00B  0.00%    0.00B
 ──────────────────────────────────────────────────────────────────────────────

Total time in ns: 6667395915433
