Julia version: 1.6.0-DEV.1324

Threading configuration: 
       JULIA_NUM_THREADS:   5
      JULIA_FFTW_THREADS:   1
      JULIA_BLAS_THREADS:   4
Payload:  CoFeGaMn_scfres_guess.jld2

System facts:
    fft_size:      (50, 50, 50)
    kpoints:       280
    n_electrons:   51
    n_bands:       65

Compiling code ...
Timing SCF ...

n     Free energy       Eₙ-Eₙ₋₁     ρout-ρin   Magnet   Diag
---   ---------------   ---------   --------   ------   ----
  1   -326.7936528914         NaN   1.02e+01    3.000    1.0 
  2   -357.8452417855   -3.11e+01   3.79e+00    4.059    11.4 
  3   -359.3536968204   -1.51e+00   3.06e+00    0.830    12.2 
  4   -351.3375754048    8.02e+00   3.86e+00   -0.664    7.8 
  5   -358.9861757273   -7.65e+00   3.02e+00    1.482    7.4 
  6   -358.5751801627    4.11e-01   3.07e+00    1.896    4.8 
  7   -367.1826568047   -8.61e+00   1.35e+00    2.202    7.6 
  8   -370.3509925386   -3.17e+00   7.79e-01    1.573    6.1 
  9   -369.7029383821    6.48e-01   1.11e+00   -0.725    7.1 
 10   -370.6167374146   -9.14e-01   8.83e-01   -0.922    4.3 
 11   -370.1963345597    4.20e-01   9.50e-01   -1.570    3.2 
 12   -370.9329622866   -7.37e-01   6.34e-01   -1.915    2.5 
 13   -371.5190727662   -5.86e-01   3.05e-01   -1.390    3.2 
 14   -371.6219906435   -1.03e-01   1.83e-01   -0.444    2.9 
 15   -371.5201968741    1.02e-01   2.65e-01    0.266    2.9 
 16   -371.6816961518   -1.61e-01   7.11e-02    0.649    1.8 
 17   -371.6745917591    7.10e-03   9.56e-02    0.837    1.3 
 18   -371.6887218863   -1.41e-02   5.53e-02    1.441    3.1 
 19   -371.6777448875    1.10e-02   9.42e-02    1.799    1.7 
 20   -371.6844136384   -6.67e-03   9.59e-02    1.986    1.6 
 21   -371.6931872197   -8.77e-03   5.11e-02    2.634    2.0 
 22   -371.6727022778    2.05e-02   1.01e-01    2.831    1.6 
 23   -371.6820571631   -9.35e-03   8.23e-02    2.931    1.0 
 24   -371.6908243315   -8.77e-03   5.88e-02    2.995    2.0 
 25   -371.6977678901   -6.94e-03   1.82e-02    2.988    1.0 
 26   -371.6977062613    6.16e-05   2.00e-02    2.997    4.7 
 27   -371.6980247091   -3.18e-04   2.08e-02    3.004    2.5 
 28   -371.6990721517   -1.05e-03   5.76e-03    3.024    2.9 
 29   -371.6989744232    9.77e-05   6.83e-03    3.016    3.3 
 30   -371.6990737615   -9.93e-05   4.14e-03    3.017    1.9 
 31   -371.6990503857    2.34e-05   4.97e-03    3.017    2.9 
 32   -371.6990375312    1.29e-05   5.45e-03    3.017    1.4 
 33   -371.6991093084   -7.18e-05   8.17e-04    3.017    1.5 
 34   -371.6991094620   -1.54e-07   7.63e-04    3.017    5.7 
 35   -371.6991105212   -1.06e-06   3.39e-04    3.018    1.7 
 36   -371.6991107084   -1.87e-07   1.93e-04    3.018    4.0 
 37   -371.6991107674   -5.89e-08   1.16e-04    3.018    3.0 
 38   -371.6991107926   -2.52e-08   6.36e-05    3.018    3.2 
 39   -371.6991107930   -4.18e-10   5.48e-05    3.018    3.3 
 40   -371.6991107992   -6.12e-09   2.60e-05    3.018    1.1 
 41   -371.6991107991    4.44e-11   1.06e-05    3.018    3.2 
 42   -371.6991107979    1.17e-09   8.15e-06    3.018    4.6 
 43   -371.6991107973    6.81e-10   2.49e-06    3.018    2.5 
 44   -371.6991107973   -3.44e-11   8.17e-07    3.018    4.3 
 45   -371.6991107974   -8.09e-11   3.45e-07    3.018    4.9 
Energy breakdown:
    Kinetic             186.9361823
    AtomicLocal         -350.7436513
    AtomicNonlocal      -52.9489522
    Ewald               -237.4603341
    PspCorrection       8.8180340 
    Hartree             113.4097996
    Xc                  -39.7054834
    Entropy             -0.0047056

    total               -371.699110797372

 ──────────────────────────────────────────────────────────────────────────────
                                       Time                   Allocations      
                               ──────────────────────   ───────────────────────
       Tot / % measured:            5902s / 100%            4333GiB / 100%     

 Section               ncalls     time   %tot     avg     alloc   %tot      avg
 ──────────────────────────────────────────────────────────────────────────────
 self_consistent_field      1    5899s   100%   5899s   4333GiB  100%   4333GiB
   LOBPCG               12.6k    4918s  83.4%   390ms   2538GiB  58.6%   206MiB
     Hamiltonian mu...  58.6k    2232s  37.8%  38.1ms    364GiB  8.39%  6.36MiB
     block multipli...   224k     645s  10.9%  2.87ms    405GiB  9.35%  1.85MiB
     rayleigh_ritz      46.0k     576s  9.76%  12.5ms   32.7GiB  0.75%   746KiB
     ortho               195k     508s  8.61%  2.60ms    415GiB  9.58%  2.18MiB
   compute_density         45     733s  12.4%   16.3s   1588GiB  36.6%  35.3GiB
   energy_hamiltonian      91     241s  4.08%   2.64s    202GiB  4.66%  2.22GiB
   KerkerDosMixing         45    1.19s  0.02%  26.5ms    733MiB  0.02%  16.3MiB
     KerkerMixing          45    887ms  0.02%  19.7ms    706MiB  0.02%  15.7MiB
   QR orthonormaliz...  12.6k   14.5ms  0.00%  1.15μs     0.00B  0.00%    0.00B
 ──────────────────────────────────────────────────────────────────────────────

Total time in ns: 5900537965199
