Julia version: 1.6.0-DEV.1324

Threading configuration: 
       JULIA_NUM_THREADS:   5
      JULIA_FFTW_THREADS:   1
      JULIA_BLAS_THREADS:   5
Payload:  CoFeGaMn_scfres_guess.jld2

System facts:
    fft_size:      (50, 50, 50)
    kpoints:       280
    n_electrons:   51
    n_bands:       65

Compiling code ...
Timing SCF ...

n     Free energy       Eₙ-Eₙ₋₁     ρout-ρin   Magnet   Diag
---   ---------------   ---------   --------   ------   ----
  1   -326.7936528914         NaN   1.02e+01    3.000    1.0 
  2   -357.8452407054   -3.11e+01   3.79e+00    4.059    11.4 
  3   -359.3537010692   -1.51e+00   3.06e+00    0.830    12.2 
  4   -351.3375997548    8.02e+00   3.86e+00   -0.664    7.8 
  5   -358.9861727886   -7.65e+00   3.02e+00    1.482    7.4 
  6   -358.5751740774    4.11e-01   3.07e+00    1.896    4.8 
  7   -367.1824689614   -8.61e+00   1.35e+00    2.202    7.6 
  8   -370.3510137540   -3.17e+00   7.79e-01    1.573    6.2 
  9   -369.7033048510    6.48e-01   1.11e+00   -0.725    7.1 
 10   -370.6166542004   -9.13e-01   8.83e-01   -0.922    4.3 
 11   -370.1961651249    4.20e-01   9.50e-01   -1.570    3.1 
 12   -370.9327384972   -7.37e-01   6.35e-01   -1.915    2.5 
 13   -371.5190994190   -5.86e-01   3.05e-01   -1.391    3.2 
 14   -371.6220272630   -1.03e-01   1.83e-01   -0.444    2.9 
 15   -371.5202163077    1.02e-01   2.65e-01    0.266    2.9 
 16   -371.6817021009   -1.61e-01   7.11e-02    0.649    1.8 
 17   -371.6746199751    7.08e-03   9.56e-02    0.837    1.3 
 18   -371.6887488198   -1.41e-02   5.53e-02    1.441    3.1 
 19   -371.6777301214    1.10e-02   9.42e-02    1.799    1.7 
 20   -371.6843536702   -6.62e-03   9.61e-02    1.986    1.6 
 21   -371.6932143326   -8.86e-03   5.09e-02    2.633    2.0 
 22   -371.6726936267    2.05e-02   1.01e-01    2.832    1.6 
 23   -371.6820544534   -9.36e-03   8.23e-02    2.932    1.0 
 24   -371.6907772925   -8.72e-03   5.90e-02    2.995    1.9 
 25   -371.6977797298   -7.00e-03   1.80e-02    2.988    1.0 
 26   -371.6977106101    6.91e-05   2.00e-02    2.997    4.6 
 27   -371.6980289427   -3.18e-04   2.08e-02    3.004    2.6 
 28   -371.6990712285   -1.04e-03   5.88e-03    3.024    3.0 
 29   -371.6989764084    9.48e-05   6.77e-03    3.016    3.2 
 30   -371.6990746461   -9.82e-05   4.09e-03    3.017    2.0 
 31   -371.6990563724    1.83e-05   4.72e-03    3.017    2.9 
 32   -371.6990369849    1.94e-05   5.47e-03    3.017    1.4 
 33   -371.6991092987   -7.23e-05   8.20e-04    3.017    1.5 
 34   -371.6991094765   -1.78e-07   7.58e-04    3.017    5.8 
 35   -371.6991105354   -1.06e-06   3.30e-04    3.018    1.8 
 36   -371.6991107139   -1.79e-07   1.87e-04    3.018    3.9 
 37   -371.6991107670   -5.31e-08   1.18e-04    3.018    3.0 
 38   -371.6991107923   -2.53e-08   6.45e-05    3.018    3.4 
 39   -371.6991107921    1.72e-10   5.84e-05    3.018    3.2 
 40   -371.6991107995   -7.40e-09   2.47e-05    3.018    1.0 
 41   -371.6991107995    2.75e-11   1.07e-05    3.018    3.3 
 42   -371.6991107981    1.38e-09   1.04e-05    3.018    4.2 
 43   -371.6991107974    7.57e-10   3.21e-06    3.018    2.0 
 44   -371.6991107973    1.03e-10   8.52e-07    3.018    4.8 
 45   -371.6991107974   -9.98e-11   5.28e-07    3.018    4.8 
Energy breakdown:
    Kinetic             186.9361821
    AtomicLocal         -350.7436512
    AtomicNonlocal      -52.9489521
    Ewald               -237.4603341
    PspCorrection       8.8180340 
    Hartree             113.4097996
    Xc                  -39.7054834
    Entropy             -0.0047056

    total               -371.699110797366

 ──────────────────────────────────────────────────────────────────────────────
                                       Time                   Allocations      
                               ──────────────────────   ───────────────────────
       Tot / % measured:            5637s / 100%            4331GiB / 100%     

 Section               ncalls     time   %tot     avg     alloc   %tot      avg
 ──────────────────────────────────────────────────────────────────────────────
 self_consistent_field      1    5634s   100%   5634s   4330GiB  100%   4330GiB
   LOBPCG               12.6k    4655s  82.6%   369ms   2536GiB  58.6%   206MiB
     Hamiltonian mu...  58.5k    2249s  39.9%  38.5ms    363GiB  8.39%  6.36MiB
     block multipli...   224k     541s  9.60%  2.41ms    404GiB  9.34%  1.85MiB
     rayleigh_ritz      45.9k     500s  8.87%  10.9ms   32.7GiB  0.75%   746KiB
     ortho               195k     495s  8.78%  2.54ms    415GiB  9.58%  2.18MiB
   compute_density         45     735s  13.0%   16.3s   1588GiB  36.7%  35.3GiB
   energy_hamiltonian      91     235s  4.17%   2.58s    202GiB  4.66%  2.22GiB
   KerkerDosMixing         45    1.21s  0.02%  26.9ms    733MiB  0.02%  16.3MiB
     KerkerMixing          45    904ms  0.02%  20.1ms    706MiB  0.02%  15.7MiB
   QR orthonormaliz...  12.6k   15.3ms  0.00%  1.22μs     0.00B  0.00%    0.00B
 ──────────────────────────────────────────────────────────────────────────────

Total time in ns: 5635369925508
