Julia version: 1.6.0-DEV.1324

Threading configuration: 
       JULIA_NUM_THREADS:   6
      JULIA_FFTW_THREADS:   1
      JULIA_BLAS_THREADS:   4
Payload:  CoFeGaMn_scfres_guess.jld2

System facts:
    fft_size:      (50, 50, 50)
    kpoints:       280
    n_electrons:   51
    n_bands:       65

Compiling code ...
Timing SCF ...

n     Free energy       Eₙ-Eₙ₋₁     ρout-ρin   Magnet   Diag
---   ---------------   ---------   --------   ------   ----
  1   -326.7936528914         NaN   1.02e+01    3.000    1.0 
  2   -357.8452445216   -3.11e+01   3.79e+00    4.059    11.4 
  3   -359.3536949425   -1.51e+00   3.06e+00    0.830    12.2 
  4   -351.3375811013    8.02e+00   3.86e+00   -0.664    7.7 
  5   -358.9861721077   -7.65e+00   3.02e+00    1.482    7.4 
  6   -358.5751653420    4.11e-01   3.07e+00    1.896    4.8 
  7   -367.1827631947   -8.61e+00   1.35e+00    2.202    7.6 
  8   -370.3509683249   -3.17e+00   7.79e-01    1.573    6.1 
  9   -369.7028891809    6.48e-01   1.11e+00   -0.725    7.1 
 10   -370.6167937836   -9.14e-01   8.83e-01   -0.923    4.3 
 11   -370.1963519339    4.20e-01   9.50e-01   -1.570    3.2 
 12   -370.9330755146   -7.37e-01   6.34e-01   -1.915    2.6 
 13   -371.5190914520   -5.86e-01   3.05e-01   -1.390    3.2 
 14   -371.6219748678   -1.03e-01   1.83e-01   -0.444    2.9 
 15   -371.5202000005    1.02e-01   2.65e-01    0.266    2.9 
 16   -371.6816883152   -1.61e-01   7.12e-02    0.649    1.8 
 17   -371.6745680907    7.12e-03   9.57e-02    0.837    1.3 
 18   -371.6886978681   -1.41e-02   5.54e-02    1.442    3.1 
 19   -371.6777551557    1.09e-02   9.42e-02    1.800    1.8 
 20   -371.6845074283   -6.75e-03   9.57e-02    1.987    1.6 
 21   -371.6931827661   -8.68e-03   5.11e-02    2.635    2.0 
 22   -371.6725343561    2.06e-02   1.02e-01    2.832    1.6 
 23   -371.6820967508   -9.56e-03   8.22e-02    2.932    1.1 
 24   -371.6910172810   -8.92e-03   5.81e-02    2.995    1.9 
 25   -371.6977736698   -6.76e-03   1.81e-02    2.988    1.1 
 26   -371.6977483101    2.54e-05   1.96e-02    2.997    4.6 
 27   -371.6979937754   -2.45e-04   2.11e-02    3.004    2.5 
 28   -371.6990744004   -1.08e-03   5.33e-03    3.023    2.9 
 29   -371.6989747426    9.97e-05   6.85e-03    3.016    3.6 
 30   -371.6990705381   -9.58e-05   4.31e-03    3.017    1.7 
 31   -371.6990310488    3.95e-05   5.71e-03    3.017    2.5 
 32   -371.6990404127   -9.36e-06   5.34e-03    3.017    1.3 
 33   -371.6991093258   -6.89e-05   8.12e-04    3.017    1.5 
 34   -371.6991094080   -8.22e-08   7.82e-04    3.017    5.9 
 35   -371.6991104721   -1.06e-06   3.70e-04    3.018    1.6 
 36   -371.6991106801   -2.08e-07   2.20e-04    3.018    3.9 
 37   -371.6991107640   -8.39e-08   1.20e-04    3.018    3.1 
 38   -371.6991107938   -2.99e-08   5.90e-05    3.018    3.5 
 39   -371.6991107942   -3.74e-10   5.06e-05    3.018    3.4 
 40   -371.6991107986   -4.34e-09   2.67e-05    3.018    1.1 
 41   -371.6991107983    2.29e-10   8.51e-06    3.018    3.2 
 42   -371.6991107976    6.78e-10   4.90e-06    3.018    4.9 
 43   -371.6991107971    5.76e-10   2.13e-06    3.018    2.8 
 44   -371.6991107974   -3.59e-10   7.32e-07    3.018    3.1 
 45   -371.6991107974    2.52e-11   2.66e-07    3.018    4.8 
Energy breakdown:
    Kinetic             186.9361822
    AtomicLocal         -350.7436506
    AtomicNonlocal      -52.9489521
    Ewald               -237.4603341
    PspCorrection       8.8180340 
    Hartree             113.4097988
    Xc                  -39.7054834
    Entropy             -0.0047056

    total               -371.699110797407

 ──────────────────────────────────────────────────────────────────────────────
                                       Time                   Allocations      
                               ──────────────────────   ───────────────────────
       Tot / % measured:            5623s / 100%            4338GiB / 100%     

 Section               ncalls     time   %tot     avg     alloc   %tot      avg
 ──────────────────────────────────────────────────────────────────────────────
 self_consistent_field      1    5621s   100%   5621s   4337GiB  100%   4337GiB
   LOBPCG               12.6k    4714s  83.9%   374ms   2542GiB  58.6%   207MiB
     Hamiltonian mu...  58.4k    2009s  35.7%  34.4ms    368GiB  8.48%  6.45MiB
     block multipli...   223k     649s  11.5%  2.91ms    405GiB  9.34%  1.86MiB
     rayleigh_ritz      45.8k     579s  10.3%  12.7ms   32.7GiB  0.75%   749KiB
     ortho               194k     513s  9.13%  2.64ms    415GiB  9.57%  2.19MiB
   compute_density         45     653s  11.6%   14.5s   1588GiB  36.6%  35.3GiB
   energy_hamiltonian      91     246s  4.37%   2.70s    202GiB  4.66%  2.22GiB
   KerkerDosMixing         45    1.21s  0.02%  26.8ms    733MiB  0.02%  16.3MiB
     KerkerMixing          45    910ms  0.02%  20.2ms    706MiB  0.02%  15.7MiB
   QR orthonormaliz...  12.6k   14.3ms  0.00%  1.14μs     0.00B  0.00%    0.00B
 ──────────────────────────────────────────────────────────────────────────────

Total time in ns: 5621896689245
