Julia version: 1.6.0-DEV.1324

Threading configuration: 
       JULIA_NUM_THREADS:   6
      JULIA_FFTW_THREADS:   1
      JULIA_BLAS_THREADS:   5
Payload:  CoFeGaMn_scfres_guess.jld2

System facts:
    fft_size:      (50, 50, 50)
    kpoints:       280
    n_electrons:   51
    n_bands:       65

Compiling code ...
Timing SCF ...

n     Free energy       Eₙ-Eₙ₋₁     ρout-ρin   Magnet   Diag
---   ---------------   ---------   --------   ------   ----
  1   -326.7936528914         NaN   1.02e+01    3.000    1.0 
  2   -357.8452381989   -3.11e+01   3.79e+00    4.059    11.4 
  3   -359.3536987194   -1.51e+00   3.06e+00    0.830    12.2 
  4   -351.3375856669    8.02e+00   3.86e+00   -0.664    7.8 
  5   -358.9861573167   -7.65e+00   3.02e+00    1.482    7.4 
  6   -358.5751611691    4.11e-01   3.07e+00    1.896    4.8 
  7   -367.1823882133   -8.61e+00   1.35e+00    2.202    7.6 
  8   -370.3508269899   -3.17e+00   7.79e-01    1.574    6.1 
  9   -369.7030081555    6.48e-01   1.11e+00   -0.726    7.1 
 10   -370.6165518809   -9.14e-01   8.83e-01   -0.923    4.4 
 11   -370.1954418086    4.21e-01   9.51e-01   -1.570    3.2 
 12   -370.9325548101   -7.37e-01   6.35e-01   -1.916    2.6 
 13   -371.5189533210   -5.86e-01   3.05e-01   -1.391    3.2 
 14   -371.6218961104   -1.03e-01   1.84e-01   -0.444    2.9 
 15   -371.5200865524    1.02e-01   2.65e-01    0.266    2.9 
 16   -371.6817090499   -1.62e-01   7.11e-02    0.649    1.8 
 17   -371.6745896520    7.12e-03   9.56e-02    0.836    1.3 
 18   -371.6887237384   -1.41e-02   5.53e-02    1.442    3.1 
 19   -371.6776457501    1.11e-02   9.45e-02    1.800    1.7 
 20   -371.6844604225   -6.81e-03   9.58e-02    1.991    1.6 
 21   -371.6932582243   -8.80e-03   5.08e-02    2.637    2.0 
 22   -371.6724971174    2.08e-02   1.02e-01    2.834    1.6 
 23   -371.6822548845   -9.76e-03   8.18e-02    2.934    1.0 
 24   -371.6912643224   -9.01e-03   5.71e-02    2.995    1.9 
 25   -371.6977897416   -6.53e-03   1.80e-02    2.988    1.1 
 26   -371.6978040771   -1.43e-05   1.90e-02    2.997    4.7 
 27   -371.6979654063   -1.61e-04   2.14e-02    3.005    2.6 
 28   -371.6990735011   -1.11e-03   5.10e-03    3.023    2.9 
 29   -371.6989815129    9.20e-05   6.67e-03    3.016    3.8 
 30   -371.6990689034   -8.74e-05   4.41e-03    3.017    1.7 
 31   -371.6990141503    5.48e-05   6.28e-03    3.018    2.2 
 32   -371.6990420904   -2.79e-05   5.28e-03    3.017    1.2 
 33   -371.6991092305   -6.71e-05   8.35e-04    3.017    1.5 
 34   -371.6991093989   -1.68e-07   7.87e-04    3.017    5.9 
 35   -371.6991104687   -1.07e-06   3.73e-04    3.018    1.6 
 36   -371.6991106712   -2.02e-07   2.27e-04    3.018    3.7 
 37   -371.6991107626   -9.14e-08   1.20e-04    3.018    3.1 
 38   -371.6991107952   -3.26e-08   5.15e-05    3.018    3.6 
 39   -371.6991107953   -9.36e-11   4.46e-05    3.018    3.9 
 40   -371.6991107985   -3.15e-09   2.29e-05    3.018    1.1 
 41   -371.6991107980    5.09e-10   6.59e-06    3.018    3.4 
 42   -371.6991107975    4.19e-10   3.46e-06    3.018    4.4 
 43   -371.6991107971    4.64e-10   2.14e-06    3.018    3.5 
 44   -371.6991107974   -2.93e-10   6.05e-07    3.018    2.3 
 45   -371.6991107974   -5.20e-11   1.79e-07    3.018    4.8 
Energy breakdown:
    Kinetic             186.9361830
    AtomicLocal         -350.7436517
    AtomicNonlocal      -52.9489525
    Ewald               -237.4603341
    PspCorrection       8.8180340 
    Hartree             113.4097996
    Xc                  -39.7054835
    Entropy             -0.0047056

    total               -371.699110797418

 ──────────────────────────────────────────────────────────────────────────────
                                       Time                   Allocations      
                               ──────────────────────   ───────────────────────
       Tot / % measured:            5167s / 100%            4342GiB / 100%     

 Section               ncalls     time   %tot     avg     alloc   %tot      avg
 ──────────────────────────────────────────────────────────────────────────────
 self_consistent_field      1    5164s   100%   5164s   4342GiB  100%   4342GiB
   LOBPCG               12.6k    4307s  83.4%   342ms   2546GiB  58.6%   207MiB
     Hamiltonian mu...  58.4k    1968s  38.1%  33.7ms    368GiB  8.48%  6.46MiB
     block multipli...   223k     543s  10.5%  2.43ms    407GiB  9.37%  1.86MiB
     rayleigh_ritz      45.8k     497s  9.62%  10.9ms   32.9GiB  0.76%   753KiB
     ortho               194k     474s  9.18%  2.44ms    416GiB  9.58%  2.19MiB
   compute_density         45     633s  12.3%   14.1s   1588GiB  36.6%  35.3GiB
   energy_hamiltonian      91     216s  4.18%   2.37s    202GiB  4.66%  2.22GiB
   KerkerDosMixing         45    1.20s  0.02%  26.6ms    733MiB  0.02%  16.3MiB
     KerkerMixing          45    908ms  0.02%  20.2ms    706MiB  0.02%  15.7MiB
   QR orthonormaliz...  12.6k   14.0ms  0.00%  1.11μs     0.00B  0.00%    0.00B
 ──────────────────────────────────────────────────────────────────────────────

Total time in ns: 5165197871199
