Julia version: 1.6.0-DEV.1324

Threading configuration: 
       JULIA_NUM_THREADS:   6
      JULIA_FFTW_THREADS:   1
      JULIA_BLAS_THREADS:   6
Payload:  CoFeGaMn_scfres_guess.jld2

System facts:
    fft_size:      (50, 50, 50)
    kpoints:       280
    n_electrons:   51
    n_bands:       65

Compiling code ...
Timing SCF ...

n     Free energy       Eₙ-Eₙ₋₁     ρout-ρin   Magnet   Diag
---   ---------------   ---------   --------   ------   ----
  1   -326.7936528914         NaN   1.02e+01    3.000    1.0 
  2   -357.8452522122   -3.11e+01   3.79e+00    4.059    11.3 
  3   -359.3537090505   -1.51e+00   3.06e+00    0.830    12.2 
  4   -351.3375859814    8.02e+00   3.86e+00   -0.664    7.8 
  5   -358.9861667989   -7.65e+00   3.02e+00    1.482    7.5 
  6   -358.5751637372    4.11e-01   3.07e+00    1.896    4.8 
  7   -367.1825056823   -8.61e+00   1.35e+00    2.202    7.6 
  8   -370.3510161188   -3.17e+00   7.79e-01    1.573    6.1 
  9   -369.7034160003    6.48e-01   1.11e+00   -0.725    7.1 
 10   -370.6167005572   -9.13e-01   8.83e-01   -0.922    4.3 
 11   -370.1960778244    4.21e-01   9.50e-01   -1.570    3.2 
 12   -370.9327702863   -7.37e-01   6.35e-01   -1.915    2.5 
 13   -371.5191155299   -5.86e-01   3.05e-01   -1.391    3.2 
 14   -371.6220040133   -1.03e-01   1.83e-01   -0.444    2.9 
 15   -371.5202283782    1.02e-01   2.65e-01    0.266    2.9 
 16   -371.6817044918   -1.61e-01   7.11e-02    0.649    1.8 
 17   -371.6746115813    7.09e-03   9.56e-02    0.837    1.2 
 18   -371.6887072341   -1.41e-02   5.53e-02    1.442    3.1 
 19   -371.6777367043    1.10e-02   9.42e-02    1.799    1.7 
 20   -371.6844589586   -6.72e-03   9.58e-02    1.987    1.6 
 21   -371.6931974685   -8.74e-03   5.10e-02    2.635    2.0 
 22   -371.6725752647    2.06e-02   1.01e-01    2.832    1.6 
 23   -371.6821049554   -9.53e-03   8.21e-02    2.932    1.1 
 24   -371.6910089847   -8.90e-03   5.81e-02    2.995    1.9 
 25   -371.6977754234   -6.77e-03   1.81e-02    2.988    1.0 
 26   -371.6977522263    2.32e-05   1.96e-02    2.997    4.6 
 27   -371.6979969185   -2.45e-04   2.11e-02    3.004    2.5 
 28   -371.6990737936   -1.08e-03   5.30e-03    3.023    2.9 
 29   -371.6989739428    9.99e-05   6.87e-03    3.016    3.7 
 30   -371.6990692651   -9.53e-05   4.37e-03    3.017    1.7 
 31   -371.6990236964    4.56e-05   5.97e-03    3.017    2.4 
 32   -371.6990405578   -1.69e-05   5.34e-03    3.017    1.3 
 33   -371.6991092970   -6.87e-05   8.21e-04    3.017    1.5 
 34   -371.6991093880   -9.11e-08   7.88e-04    3.017    5.8 
 35   -371.6991104695   -1.08e-06   3.72e-04    3.018    1.7 
 36   -371.6991106788   -2.09e-07   2.21e-04    3.018    3.7 
 37   -371.6991107638   -8.51e-08   1.19e-04    3.018    3.2 
 38   -371.6991107940   -3.02e-08   5.81e-05    3.018    3.5 
 39   -371.6991107942   -1.85e-10   5.05e-05    3.018    3.5 
 40   -371.6991107985   -4.32e-09   2.64e-05    3.018    1.1 
 41   -371.6991107983    2.52e-10   8.36e-06    3.018    3.3 
 42   -371.6991107976    6.54e-10   4.67e-06    3.018    4.8 
 43   -371.6991107971    5.65e-10   2.10e-06    3.018    2.9 
 44   -371.6991107974   -3.54e-10   5.93e-07    3.018    2.9 
 45   -371.6991107974    1.59e-11   2.98e-07    3.018    5.5 
Energy breakdown:
    Kinetic             186.9361820
    AtomicLocal         -350.7436503
    AtomicNonlocal      -52.9489520
    Ewald               -237.4603341
    PspCorrection       8.8180340 
    Hartree             113.4097985
    Xc                  -39.7054834
    Entropy             -0.0047056

    total               -371.699110797411

 ──────────────────────────────────────────────────────────────────────────────
                                       Time                   Allocations      
                               ──────────────────────   ───────────────────────
       Tot / % measured:            5110s / 100%            4343GiB / 100%     

 Section               ncalls     time   %tot     avg     alloc   %tot      avg
 ──────────────────────────────────────────────────────────────────────────────
 self_consistent_field      1    5108s   100%   5108s   4343GiB  100%   4343GiB
   LOBPCG               12.6k    4249s  83.2%   337ms   2548GiB  58.7%   207MiB
     Hamiltonian mu...  58.6k    1968s  38.5%  33.6ms    369GiB  8.49%  6.44MiB
     rayleigh_ritz      46.0k     486s  9.52%  10.6ms   32.9GiB  0.76%   749KiB
     ortho               195k     474s  9.27%  2.43ms    416GiB  9.59%  2.19MiB
     block multipli...   225k     472s  9.25%  2.10ms    407GiB  9.37%  1.86MiB
   compute_density         45     640s  12.5%   14.2s   1588GiB  36.6%  35.3GiB
   energy_hamiltonian      91     210s  4.11%   2.31s    202GiB  4.66%  2.22GiB
   KerkerDosMixing         45    1.21s  0.02%  26.8ms    733MiB  0.02%  16.3MiB
     KerkerMixing          45    904ms  0.02%  20.1ms    706MiB  0.02%  15.7MiB
   QR orthonormaliz...  12.6k   13.8ms  0.00%  1.10μs     0.00B  0.00%    0.00B
 ──────────────────────────────────────────────────────────────────────────────

Total time in ns: 5108883124990
