Julia version: 1.6.0-DEV.1324

Threading configuration: 
       JULIA_NUM_THREADS:   7
      JULIA_FFTW_THREADS:   1
      JULIA_BLAS_THREADS:   4
Payload:  CoFeGaMn_scfres_guess.jld2

System facts:
    fft_size:      (50, 50, 50)
    kpoints:       280
    n_electrons:   51
    n_bands:       65

Compiling code ...
Timing SCF ...

n     Free energy       Eₙ-Eₙ₋₁     ρout-ρin   Magnet   Diag
---   ---------------   ---------   --------   ------   ----
  1   -326.7936528914         NaN   1.02e+01    3.000    1.0 
  2   -357.8452297226   -3.11e+01   3.79e+00    4.059    11.4 
  3   -359.3536926924   -1.51e+00   3.06e+00    0.830    12.1 
  4   -351.3375930623    8.02e+00   3.86e+00   -0.664    7.8 
  5   -358.9861736648   -7.65e+00   3.02e+00    1.482    7.5 
  6   -358.5752060279    4.11e-01   3.07e+00    1.896    4.8 
  7   -367.1822648073   -8.61e+00   1.35e+00    2.202    7.6 
  8   -370.3507679292   -3.17e+00   7.79e-01    1.574    6.2 
  9   -369.7031915239    6.48e-01   1.11e+00   -0.726    7.1 
 10   -370.6164725231   -9.13e-01   8.83e-01   -0.923    4.3 
 11   -370.1954922691    4.21e-01   9.51e-01   -1.570    3.1 
 12   -370.9326072036   -7.37e-01   6.35e-01   -1.916    2.6 
 13   -371.5189591229   -5.86e-01   3.05e-01   -1.391    3.3 
 14   -371.6219277234   -1.03e-01   1.84e-01   -0.444    2.9 
 15   -371.5200511927    1.02e-01   2.66e-01    0.266    2.9 
 16   -371.6816911725   -1.62e-01   7.11e-02    0.649    1.8 
 17   -371.6745878234    7.10e-03   9.56e-02    0.836    1.2 
 18   -371.6886120370   -1.40e-02   5.55e-02    1.442    3.1 
 19   -371.6776910990    1.09e-02   9.44e-02    1.801    1.7 
 20   -371.6847131231   -7.02e-03   9.50e-02    1.989    1.6 
 21   -371.6931632173   -8.45e-03   5.13e-02    2.639    2.0 
 22   -371.6724306430    2.07e-02   1.02e-01    2.832    1.6 
 23   -371.6822339220   -9.80e-03   8.18e-02    2.933    1.1 
 24   -371.6915348988   -9.30e-03   5.60e-02    2.994    1.9 
 25   -371.6977312200   -6.20e-03   1.87e-02    2.989    1.0 
 26   -371.6978177397   -8.65e-05   1.89e-02    2.997    4.5 
 27   -371.6979160526   -9.83e-05   2.19e-02    3.006    2.4 
 28   -371.6990335323   -1.12e-03   5.15e-03    3.021    2.7 
 29   -371.6989994106    3.41e-05   6.26e-03    3.016    4.7 
 30   -371.6990556585   -5.62e-05   5.09e-03    3.017    1.8 
 31   -371.6989499041    1.06e-04   8.12e-03    3.018    1.6 
 32   -371.6990371022   -8.72e-05   5.46e-03    3.017    1.0 
 33   -371.6991086091   -7.15e-05   9.88e-04    3.017    1.3 
 34   -371.6991092469   -6.38e-07   8.38e-04    3.017    5.8 
 35   -371.6991102679   -1.02e-06   4.78e-04    3.018    1.8 
 36   -371.6991104800   -2.12e-07   3.62e-04    3.018    2.4 
 37   -371.6991106812   -2.01e-07   2.16e-04    3.018    2.3 
 38   -371.6991107964   -1.15e-07   3.26e-05    3.018    3.3 
 39   -371.6991107988   -2.35e-09   2.58e-05    3.018    6.8 
 40   -371.6991107993   -4.81e-10   1.98e-05    3.018    1.2 
 41   -371.6991107983    1.02e-09   1.22e-05    3.018    2.1 
 42   -371.6991107980    2.73e-10   7.36e-06    3.018    2.9 
 43   -371.6991107975    4.61e-10   2.40e-06    3.018    3.1 
 44   -371.6991107974    1.03e-10   2.37e-06    3.018    5.9 
 45   -371.6991107974    5.97e-11   1.18e-06    3.018    2.3 
Energy breakdown:
    Kinetic             186.9361889
    AtomicLocal         -350.7436617
    AtomicNonlocal      -52.9489553
    Ewald               -237.4603341
    PspCorrection       8.8180340 
    Hartree             113.4098072
    Xc                  -39.7054842
    Entropy             -0.0047056

    total               -371.699110797356

 ──────────────────────────────────────────────────────────────────────────────
                                       Time                   Allocations      
                               ──────────────────────   ───────────────────────
       Tot / % measured:            5461s / 100%            4337GiB / 100%     

 Section               ncalls     time   %tot     avg     alloc   %tot      avg
 ──────────────────────────────────────────────────────────────────────────────
 self_consistent_field      1    5458s   100%   5458s   4337GiB  100%   4337GiB
   LOBPCG               12.6k    4581s  83.9%   364ms   2541GiB  58.6%   206MiB
     Hamiltonian mu...  57.9k    1873s  34.3%  32.4ms    371GiB  8.55%  6.57MiB
     block multipli...   220k     648s  11.9%  2.94ms    403GiB  9.30%  1.88MiB
     rayleigh_ritz      45.3k     580s  10.6%  12.8ms   32.6GiB  0.75%   756KiB
     ortho               192k     514s  9.42%  2.68ms    414GiB  9.55%  2.21MiB
   compute_density         45     611s  11.2%   13.6s   1588GiB  36.6%  35.3GiB
   energy_hamiltonian      91     257s  4.71%   2.83s    203GiB  4.67%  2.23GiB
   KerkerDosMixing         45    1.22s  0.02%  27.2ms    733MiB  0.02%  16.3MiB
     KerkerMixing          45    920ms  0.02%  20.4ms    706MiB  0.02%  15.7MiB
   QR orthonormaliz...  12.6k   14.6ms  0.00%  1.16μs     0.00B  0.00%    0.00B
 ──────────────────────────────────────────────────────────────────────────────

Total time in ns: 5459554814962
