Julia version: 1.6.0-DEV.1324

Threading configuration: 
       JULIA_NUM_THREADS:   7
      JULIA_FFTW_THREADS:   1
      JULIA_BLAS_THREADS:   7
Payload:  CoFeGaMn_scfres_guess.jld2

System facts:
    fft_size:      (50, 50, 50)
    kpoints:       280
    n_electrons:   51
    n_bands:       65

Compiling code ...
Timing SCF ...

n     Free energy       Eₙ-Eₙ₋₁     ρout-ρin   Magnet   Diag
---   ---------------   ---------   --------   ------   ----
  1   -326.7936528914         NaN   1.02e+01    3.000    1.0 
  2   -357.8452487012   -3.11e+01   3.79e+00    4.059    11.3 
  3   -359.3537075421   -1.51e+00   3.06e+00    0.830    12.2 
  4   -351.3375997447    8.02e+00   3.86e+00   -0.664    7.8 
  5   -358.9861897598   -7.65e+00   3.02e+00    1.482    7.5 
  6   -358.5751823733    4.11e-01   3.07e+00    1.896    4.8 
  7   -367.1825366328   -8.61e+00   1.35e+00    2.202    7.6 
  8   -370.3508229080   -3.17e+00   7.79e-01    1.574    6.1 
  9   -369.7032208804    6.48e-01   1.11e+00   -0.726    7.0 
 10   -370.6166388950   -9.13e-01   8.83e-01   -0.923    4.3 
 11   -370.1954526167    4.21e-01   9.51e-01   -1.570    3.2 
 12   -370.9326934229   -7.37e-01   6.35e-01   -1.915    2.6 
 13   -371.5190192362   -5.86e-01   3.05e-01   -1.391    3.2 
 14   -371.6218952250   -1.03e-01   1.84e-01   -0.444    2.9 
 15   -371.5201439121    1.02e-01   2.65e-01    0.266    2.9 
 16   -371.6817101055   -1.62e-01   7.11e-02    0.649    1.8 
 17   -371.6745986061    7.11e-03   9.56e-02    0.836    1.2 
 18   -371.6886959130   -1.41e-02   5.54e-02    1.441    3.1 
 19   -371.6777101754    1.10e-02   9.43e-02    1.799    1.8 
 20   -371.6844790387   -6.77e-03   9.57e-02    1.987    1.6 
 21   -371.6931811583   -8.70e-03   5.11e-02    2.635    2.0 
 22   -371.6726338166    2.05e-02   1.01e-01    2.832    1.6 
 23   -371.6821262555   -9.49e-03   8.21e-02    2.932    1.1 
 24   -371.6910180082   -8.89e-03   5.80e-02    2.995    1.9 
 25   -371.6977690199   -6.75e-03   1.82e-02    2.988    1.0 
 26   -371.6977502435    1.88e-05   1.96e-02    2.997    4.6 
 27   -371.6979977170   -2.47e-04   2.11e-02    3.005    2.5 
 28   -371.6990727792   -1.08e-03   5.23e-03    3.023    3.0 
 29   -371.6989732812    9.95e-05   6.90e-03    3.016    3.7 
 30   -371.6990679992   -9.47e-05   4.44e-03    3.017    1.6 
 31   -371.6990154156    5.26e-05   6.25e-03    3.018    2.3 
 32   -371.6990404333   -2.50e-05   5.34e-03    3.017    1.2 
 33   -371.6991092757   -6.88e-05   8.27e-04    3.017    1.5 
 34   -371.6991093668   -9.12e-08   7.95e-04    3.017    5.9 
 35   -371.6991104539   -1.09e-06   3.81e-04    3.018    1.6 
 36   -371.6991106667   -2.13e-07   2.32e-04    3.018    3.8 
 37   -371.6991107614   -9.47e-08   1.23e-04    3.018    3.1 
 38   -371.6991107941   -3.27e-08   5.76e-05    3.018    3.6 
 39   -371.6991107943   -2.06e-10   5.06e-05    3.018    3.7 
 40   -371.6991107985   -4.19e-09   2.66e-05    3.018    1.1 
 41   -371.6991107982    2.76e-10   8.43e-06    3.018    3.2 
 42   -371.6991107976    5.79e-10   4.49e-06    3.018    4.9 
 43   -371.6991107971    5.63e-10   2.21e-06    3.018    2.9 
 44   -371.6991107974   -3.63e-10   3.90e-07    3.018    2.9 
 45   -371.6991107974    1.82e-12   3.08e-07    3.018    6.8 
Energy breakdown:
    Kinetic             186.9361820
    AtomicLocal         -350.7436501
    AtomicNonlocal      -52.9489520
    Ewald               -237.4603341
    PspCorrection       8.8180340 
    Hartree             113.4097984
    Xc                  -39.7054833
    Entropy             -0.0047056

    total               -371.699110797415

 ──────────────────────────────────────────────────────────────────────────────
                                       Time                   Allocations      
                               ──────────────────────   ───────────────────────
       Tot / % measured:            5002s / 100%            4356GiB / 100%     

 Section               ncalls     time   %tot     avg     alloc   %tot      avg
 ──────────────────────────────────────────────────────────────────────────────
 self_consistent_field      1    5000s   100%   5000s   4356GiB  100%   4356GiB
   LOBPCG               12.6k    4174s  83.5%   331ms   2560GiB  58.8%   208MiB
     Hamiltonian mu...  58.9k    1973s  39.5%  33.5ms    374GiB  8.58%  6.50MiB
     rayleigh_ritz      46.3k     483s  9.66%  10.4ms   33.0GiB  0.76%   748KiB
     ortho               197k     469s  9.38%  2.38ms    418GiB  9.59%  2.18MiB
     block multipli...   227k     410s  8.20%  1.81ms    410GiB  9.41%  1.85MiB
   compute_density         45     612s  12.2%   13.6s   1588GiB  36.5%  35.3GiB
   energy_hamiltonian      91     205s  4.10%   2.25s    203GiB  4.65%  2.23GiB
   KerkerDosMixing         45    1.16s  0.02%  25.7ms    733MiB  0.02%  16.3MiB
     KerkerMixing          45    872ms  0.02%  19.4ms    706MiB  0.02%  15.7MiB
   QR orthonormaliz...  12.6k   15.3ms  0.00%  1.21μs     0.00B  0.00%    0.00B
 ──────────────────────────────────────────────────────────────────────────────

Total time in ns: 5000939995168
