Julia version: 1.6.0-DEV.1324

Threading configuration: 
       JULIA_NUM_THREADS:   8
      JULIA_FFTW_THREADS:   1
      JULIA_BLAS_THREADS:   4
Payload:  CoFeGaMn_scfres_guess.jld2

System facts:
    fft_size:      (50, 50, 50)
    kpoints:       280
    n_electrons:   51
    n_bands:       65

Compiling code ...
Timing SCF ...

n     Free energy       Eₙ-Eₙ₋₁     ρout-ρin   Magnet   Diag
---   ---------------   ---------   --------   ------   ----
  1   -326.7936528914         NaN   1.02e+01    3.000    1.0 
  2   -357.8452469474   -3.11e+01   3.79e+00    4.059    11.4 
  3   -359.3537028068   -1.51e+00   3.06e+00    0.830    12.2 
  4   -351.3375920233    8.02e+00   3.86e+00   -0.664    7.8 
  5   -358.9861571849   -7.65e+00   3.02e+00    1.482    7.5 
  6   -358.5751798443    4.11e-01   3.07e+00    1.896    4.8 
  7   -367.1821196569   -8.61e+00   1.35e+00    2.202    7.6 
  8   -370.3508037448   -3.17e+00   7.79e-01    1.574    6.1 
  9   -369.7030616645    6.48e-01   1.11e+00   -0.726    7.2 
 10   -370.6164314364   -9.13e-01   8.83e-01   -0.923    4.3 
 11   -370.1952471525    4.21e-01   9.51e-01   -1.570    3.1 
 12   -370.9324937742   -7.37e-01   6.35e-01   -1.916    2.6 
 13   -371.5189768429   -5.86e-01   3.05e-01   -1.391    3.2 
 14   -371.6219001457   -1.03e-01   1.84e-01   -0.444    2.9 
 15   -371.5200596614    1.02e-01   2.66e-01    0.266    2.9 
 16   -371.6817039517   -1.62e-01   7.11e-02    0.649    1.9 
 17   -371.6745915511    7.11e-03   9.56e-02    0.836    1.3 
 18   -371.6886402580   -1.40e-02   5.55e-02    1.442    3.1 
 19   -371.6776943316    1.09e-02   9.44e-02    1.800    1.7 
 20   -371.6846414055   -6.95e-03   9.52e-02    1.990    1.6 
 21   -371.6931866081   -8.55e-03   5.12e-02    2.639    2.0 
 22   -371.6724734681    2.07e-02   1.02e-01    2.833    1.6 
 23   -371.6822557899   -9.78e-03   8.18e-02    2.934    1.1 
 24   -371.6914736652   -9.22e-03   5.63e-02    2.994    1.9 
 25   -371.6977518063   -6.28e-03   1.84e-02    2.989    1.1 
 26   -371.6978242554   -7.24e-05   1.88e-02    2.997    4.6 
 27   -371.6979318704   -1.08e-04   2.17e-02    3.006    2.5 
 28   -371.6990449211   -1.11e-03   4.98e-03    3.021    2.8 
 29   -371.6989929243    5.20e-05   6.43e-03    3.016    4.5 
 30   -371.6990578721   -6.49e-05   4.97e-03    3.017    1.7 
 31   -371.6989520028    1.06e-04   8.06e-03    3.018    1.7 
 32   -371.6990387735   -8.68e-05   5.40e-03    3.017    1.1 
 33   -371.6991088016   -7.00e-05   9.44e-04    3.017    1.4 
 34   -371.6991092572   -4.56e-07   8.34e-04    3.017    5.8 
 35   -371.6991103077   -1.05e-06   4.60e-04    3.018    1.7 
 36   -371.6991105090   -2.01e-07   3.44e-04    3.018    2.6 
 37   -371.6991106938   -1.85e-07   2.03e-04    3.018    2.4 
 38   -371.6991107967   -1.03e-07   3.36e-05    3.018    3.3 
 39   -371.6991107983   -1.51e-09   2.99e-05    3.018    6.8 
 40   -371.6991107992   -9.15e-10   1.99e-05    3.018    1.1 
 41   -371.6991107982    9.64e-10   9.94e-06    3.018    2.3 
 42   -371.6991107979    3.25e-10   6.72e-06    3.018    3.9 
 43   -371.6991107974    4.83e-10   2.35e-06    3.018    2.7 
 44   -371.6991107974   -4.47e-11   2.41e-06    3.018    5.4 
 45   -371.6991107974    9.12e-11   8.67e-07    3.018    2.5 
Energy breakdown:
    Kinetic             186.9361883
    AtomicLocal         -350.7436602
    AtomicNonlocal      -52.9489550
    Ewald               -237.4603341
    PspCorrection       8.8180340 
    Hartree             113.4098060
    Xc                  -39.7054841
    Entropy             -0.0047056

    total               -371.699110797359

 ──────────────────────────────────────────────────────────────────────────────
                                       Time                   Allocations      
                               ──────────────────────   ───────────────────────
       Tot / % measured:            5332s / 100%            4344GiB / 100%     

 Section               ncalls     time   %tot     avg     alloc   %tot      avg
 ──────────────────────────────────────────────────────────────────────────────
 self_consistent_field      1    5330s   100%   5330s   4343GiB  100%   4343GiB
   LOBPCG               12.6k    4513s  84.7%   358ms   2546GiB  58.6%   207MiB
     Hamiltonian mu...  58.1k    1794s  33.7%  30.9ms    375GiB  8.64%  6.62MiB
     block multipli...   221k     653s  12.3%  2.95ms    404GiB  9.30%  1.87MiB
     rayleigh_ritz      45.5k     579s  10.9%  12.7ms   32.6GiB  0.75%   753KiB
     ortho               193k     523s  9.82%  2.72ms    414GiB  9.54%  2.20MiB
   compute_density         45     561s  10.5%   12.5s   1589GiB  36.6%  35.3GiB
   energy_hamiltonian      91     247s  4.63%   2.71s    203GiB  4.67%  2.23GiB
   KerkerDosMixing         45    1.14s  0.02%  25.3ms    733MiB  0.02%  16.3MiB
     KerkerMixing          45    864ms  0.02%  19.2ms    706MiB  0.02%  15.7MiB
   QR orthonormaliz...  12.6k   14.4ms  0.00%  1.15μs     0.00B  0.00%    0.00B
 ──────────────────────────────────────────────────────────────────────────────

Total time in ns: 5330676189622
