Julia version: 1.6.0-DEV.1324

Threading configuration: 
       JULIA_NUM_THREADS:   8
      JULIA_FFTW_THREADS:   1
      JULIA_BLAS_THREADS:   5
Payload:  CoFeGaMn_scfres_guess.jld2

System facts:
    fft_size:      (50, 50, 50)
    kpoints:       280
    n_electrons:   51
    n_bands:       65

Compiling code ...
Timing SCF ...

n     Free energy       Eₙ-Eₙ₋₁     ρout-ρin   Magnet   Diag
---   ---------------   ---------   --------   ------   ----
  1   -326.7936528914         NaN   1.02e+01    3.000    1.0 
  2   -357.8452525856   -3.11e+01   3.79e+00    4.059    11.4 
  3   -359.3537054688   -1.51e+00   3.06e+00    0.830    12.3 
  4   -351.3375851634    8.02e+00   3.86e+00   -0.664    7.8 
  5   -358.9861790437   -7.65e+00   3.02e+00    1.482    7.5 
  6   -358.5751750454    4.11e-01   3.07e+00    1.896    4.8 
  7   -367.1824472805   -8.61e+00   1.35e+00    2.202    7.6 
  8   -370.3508235424   -3.17e+00   7.79e-01    1.574    6.1 
  9   -369.7035452241    6.47e-01   1.11e+00   -0.725    7.1 
 10   -370.6165610177   -9.13e-01   8.83e-01   -0.923    4.3 
 11   -370.1953808637    4.21e-01   9.51e-01   -1.570    3.1 
 12   -370.9325144853   -7.37e-01   6.35e-01   -1.916    2.6 
 13   -371.5189602704   -5.86e-01   3.05e-01   -1.391    3.2 
 14   -371.6219360252   -1.03e-01   1.84e-01   -0.444    2.9 
 15   -371.5201335315    1.02e-01   2.65e-01    0.266    2.9 
 16   -371.6817111465   -1.62e-01   7.11e-02    0.649    1.8 
 17   -371.6746150566    7.10e-03   9.56e-02    0.836    1.3 
 18   -371.6887015952   -1.41e-02   5.53e-02    1.442    3.1 
 19   -371.6776856633    1.10e-02   9.43e-02    1.800    1.7 
 20   -371.6844806909   -6.80e-03   9.57e-02    1.988    1.6 
 21   -371.6931920019   -8.71e-03   5.11e-02    2.635    2.0 
 22   -371.6725279746    2.07e-02   1.02e-01    2.833    1.6 
 23   -371.6821594593   -9.63e-03   8.20e-02    2.933    1.1 
 24   -371.6911259423   -8.97e-03   5.76e-02    2.995    1.9 
 25   -371.6977757685   -6.65e-03   1.81e-02    2.988    1.1 
 26   -371.6977753273    4.41e-07   1.93e-02    2.997    4.6 
 27   -371.6979774385   -2.02e-04   2.13e-02    3.005    2.5 
 28   -371.6990712209   -1.09e-03   5.07e-03    3.023    2.9 
 29   -371.6989780861    9.31e-05   6.78e-03    3.016    3.9 
 30   -371.6990668554   -8.88e-05   4.51e-03    3.017    1.6 
 31   -371.6990103998    5.65e-05   6.41e-03    3.018    2.2 
 32   -371.6990411025   -3.07e-05   5.31e-03    3.017    1.2 
 33   -371.6991092444   -6.81e-05   8.34e-04    3.017    1.5 
 34   -371.6991093615   -1.17e-07   7.98e-04    3.017    5.9 
 35   -371.6991104404   -1.08e-06   3.89e-04    3.018    1.6 
 36   -371.6991106530   -2.13e-07   2.43e-04    3.018    3.7 
 37   -371.6991107578   -1.05e-07   1.28e-04    3.018    2.9 
 38   -371.6991107946   -3.68e-08   5.50e-05    3.018    3.6 
 39   -371.6991107946   -7.41e-11   4.91e-05    3.018    3.9 
 40   -371.6991107985   -3.81e-09   2.55e-05    3.018    1.1 
 41   -371.6991107980    4.13e-10   7.85e-06    3.018    3.1 
 42   -371.6991107976    4.65e-10   4.23e-06    3.018    4.7 
 43   -371.6991107970    5.48e-10   2.40e-06    3.018    3.1 
 44   -371.6991107974   -3.48e-10   5.53e-07    3.018    2.4 
 45   -371.6991107974   -4.20e-11   2.35e-07    3.018    5.2 
Energy breakdown:
    Kinetic             186.9361825
    AtomicLocal         -350.7436510
    AtomicNonlocal      -52.9489522
    Ewald               -237.4603341
    PspCorrection       8.8180340 
    Hartree             113.4097990
    Xc                  -39.7054834
    Entropy             -0.0047056

    total               -371.699110797422

 ──────────────────────────────────────────────────────────────────────────────
                                       Time                   Allocations      
                               ──────────────────────   ───────────────────────
       Tot / % measured:            5159s / 100%            4352GiB / 100%     

 Section               ncalls     time   %tot     avg     alloc   %tot      avg
 ──────────────────────────────────────────────────────────────────────────────
 self_consistent_field      1    5156s   100%   5156s   4352GiB  100%   4352GiB
   LOBPCG               12.6k    4338s  84.1%   344ms   2555GiB  58.7%   208MiB
     Hamiltonian mu...  58.3k    1925s  37.3%  33.0ms    377GiB  8.66%  6.61MiB
     block multipli...   223k     549s  10.6%  2.46ms    407GiB  9.35%  1.87MiB
     rayleigh_ritz      45.7k     502s  9.74%  11.0ms   32.9GiB  0.76%   754KiB
     ortho               194k     500s  9.70%  2.58ms    416GiB  9.56%  2.20MiB
   compute_density         45     576s  11.2%   12.8s   1589GiB  36.5%  35.3GiB
   energy_hamiltonian      91     233s  4.53%   2.57s    203GiB  4.66%  2.23GiB
   KerkerDosMixing         45    1.25s  0.02%  27.8ms    733MiB  0.02%  16.3MiB
     KerkerMixing          45    949ms  0.02%  21.1ms    706MiB  0.02%  15.7MiB
   QR orthonormaliz...  12.6k   14.9ms  0.00%  1.18μs     0.00B  0.00%    0.00B
 ──────────────────────────────────────────────────────────────────────────────

Total time in ns: 5157075312405
