Julia version: 1.6.0-DEV.1324

Threading configuration: 
       JULIA_NUM_THREADS:   8
      JULIA_FFTW_THREADS:   1
      JULIA_BLAS_THREADS:   6
Payload:  CoFeGaMn_scfres_guess.jld2

System facts:
    fft_size:      (50, 50, 50)
    kpoints:       280
    n_electrons:   51
    n_bands:       65

Compiling code ...
Timing SCF ...

n     Free energy       Eₙ-Eₙ₋₁     ρout-ρin   Magnet   Diag
---   ---------------   ---------   --------   ------   ----
  1   -326.7936528914         NaN   1.02e+01    3.000    1.0 
  2   -357.8452494425   -3.11e+01   3.79e+00    4.059    11.4 
  3   -359.3537038582   -1.51e+00   3.06e+00    0.830    12.2 
  4   -351.3375889574    8.02e+00   3.86e+00   -0.664    7.8 
  5   -358.9861817308   -7.65e+00   3.02e+00    1.482    7.5 
  6   -358.5752104662    4.11e-01   3.07e+00    1.896    4.8 
  7   -367.1825833039   -8.61e+00   1.35e+00    2.202    7.6 
  8   -370.3507861847   -3.17e+00   7.79e-01    1.574    6.1 
  9   -369.7028451912    6.48e-01   1.11e+00   -0.726    7.0 
 10   -370.6165969877   -9.14e-01   8.83e-01   -0.923    4.3 
 11   -370.1955044344    4.21e-01   9.51e-01   -1.570    3.2 
 12   -370.9326883617   -7.37e-01   6.35e-01   -1.915    2.5 
 13   -371.5189694557   -5.86e-01   3.05e-01   -1.391    3.3 
 14   -371.6218909863   -1.03e-01   1.84e-01   -0.444    2.9 
 15   -371.5200934054    1.02e-01   2.65e-01    0.266    2.9 
 16   -371.6817010639   -1.62e-01   7.11e-02    0.649    1.8 
 17   -371.6745781423    7.12e-03   9.57e-02    0.836    1.3 
 18   -371.6886915297   -1.41e-02   5.54e-02    1.443    3.1 
 19   -371.6776751274    1.10e-02   9.44e-02    1.800    1.8 
 20   -371.6845617716   -6.89e-03   9.55e-02    1.990    1.6 
 21   -371.6932076716   -8.65e-03   5.10e-02    2.637    2.0 
 22   -371.6724783538    2.07e-02   1.02e-01    2.833    1.6 
 23   -371.6822376972   -9.76e-03   8.18e-02    2.934    1.0 
 24   -371.6912957441   -9.06e-03   5.70e-02    2.995    1.8 
 25   -371.6977727335   -6.48e-03   1.82e-02    2.988    1.1 
 26   -371.6977972430   -2.45e-05   1.91e-02    2.997    4.7 
 27   -371.6979582174   -1.61e-04   2.15e-02    3.005    2.5 
 28   -371.6990690045   -1.11e-03   4.95e-03    3.023    2.9 
 29   -371.6989823306    8.67e-05   6.67e-03    3.016    3.9 
 30   -371.6990660147   -8.37e-05   4.56e-03    3.017    1.6 
 31   -371.6989993721    6.66e-05   6.75e-03    3.018    2.1 
 32   -371.6990413568   -4.20e-05   5.30e-03    3.017    1.1 
 33   -371.6991091899   -6.78e-05   8.48e-04    3.017    1.5 
 34   -371.6991093450   -1.55e-07   8.04e-04    3.017    5.9 
 35   -371.6991104181   -1.07e-06   4.02e-04    3.018    1.6 
 36   -371.6991106284   -2.10e-07   2.63e-04    3.018    3.4 
 37   -371.6991107508   -1.22e-07   1.37e-04    3.018    2.9 
 38   -371.6991107954   -4.47e-08   4.97e-05    3.018    3.6 
 39   -371.6991107955   -4.91e-11   4.50e-05    3.018    4.5 
 40   -371.6991107985   -3.02e-09   2.33e-05    3.018    1.0 
 41   -371.6991107979    6.03e-10   7.28e-06    3.018    3.1 
 42   -371.6991107976    3.34e-10   4.39e-06    3.018    4.8 
 43   -371.6991107970    5.12e-10   2.58e-06    3.018    3.0 
 44   -371.6991107974   -3.10e-10   9.05e-07    3.018    2.4 
 45   -371.6991107974   -7.27e-11   1.58e-07    3.018    4.6 
Energy breakdown:
    Kinetic             186.9361835
    AtomicLocal         -350.7436524
    AtomicNonlocal      -52.9489527
    Ewald               -237.4603341
    PspCorrection       8.8180340 
    Hartree             113.4098001
    Xc                  -39.7054835
    Entropy             -0.0047056

    total               -371.699110797426

 ──────────────────────────────────────────────────────────────────────────────
                                       Time                   Allocations      
                               ──────────────────────   ───────────────────────
       Tot / % measured:            4852s / 100%            4349GiB / 100%     

 Section               ncalls     time   %tot     avg     alloc   %tot      avg
 ──────────────────────────────────────────────────────────────────────────────
 self_consistent_field      1    4849s   100%   4849s   4348GiB  100%   4348GiB
   LOBPCG               12.6k    4047s  83.4%   321ms   2551GiB  58.7%   207MiB
     Hamiltonian mu...  58.2k    1822s  37.6%  31.3ms    376GiB  8.65%  6.62MiB
     rayleigh_ritz      45.6k     481s  9.92%  10.6ms   32.8GiB  0.75%   755KiB
     block multipli...   222k     462s  9.53%  2.08ms    406GiB  9.33%  1.87MiB
     ortho               193k     457s  9.42%  2.36ms    415GiB  9.55%  2.20MiB
   compute_density         45     587s  12.1%   13.0s   1589GiB  36.5%  35.3GiB
   energy_hamiltonian      91     208s  4.28%   2.28s    203GiB  4.67%  2.23GiB
   KerkerDosMixing         45    1.17s  0.02%  26.0ms    733MiB  0.02%  16.3MiB
     KerkerMixing          45    886ms  0.02%  19.7ms    706MiB  0.02%  15.7MiB
   QR orthonormaliz...  12.6k   14.2ms  0.00%  1.13μs     0.00B  0.00%    0.00B
 ──────────────────────────────────────────────────────────────────────────────

Total time in ns: 4850337694052
