Julia version: 1.6.0-DEV.1324

Threading configuration: 
       JULIA_NUM_THREADS:   8
      JULIA_FFTW_THREADS:   1
      JULIA_BLAS_THREADS:   7
Payload:  CoFeGaMn_scfres_guess.jld2

System facts:
    fft_size:      (50, 50, 50)
    kpoints:       280
    n_electrons:   51
    n_bands:       65

Compiling code ...
Timing SCF ...

n     Free energy       Eₙ-Eₙ₋₁     ρout-ρin   Magnet   Diag
---   ---------------   ---------   --------   ------   ----
  1   -326.7936528914         NaN   1.02e+01    3.000    1.0 
  2   -357.8452402395   -3.11e+01   3.79e+00    4.059    11.4 
  3   -359.3537010712   -1.51e+00   3.06e+00    0.830    12.1 
  4   -351.3375958450    8.02e+00   3.86e+00   -0.664    7.8 
  5   -358.9861817177   -7.65e+00   3.02e+00    1.482    7.4 
  6   -358.5751745719    4.11e-01   3.07e+00    1.896    4.8 
  7   -367.1822876870   -8.61e+00   1.35e+00    2.202    7.6 
  8   -370.3507722016   -3.17e+00   7.79e-01    1.574    6.0 
  9   -369.7030924870    6.48e-01   1.11e+00   -0.726    7.1 
 10   -370.6165434836   -9.13e-01   8.83e-01   -0.923    4.3 
 11   -370.1953948776    4.21e-01   9.51e-01   -1.570    3.2 
 12   -370.9326486911   -7.37e-01   6.35e-01   -1.915    2.5 
 13   -371.5189958191   -5.86e-01   3.05e-01   -1.391    3.2 
 14   -371.6219143536   -1.03e-01   1.84e-01   -0.444    2.9 
 15   -371.5200875656    1.02e-01   2.65e-01    0.266    2.9 
 16   -371.6816989941   -1.62e-01   7.11e-02    0.649    1.8 
 17   -371.6745685295    7.13e-03   9.57e-02    0.836    1.3 
 18   -371.6886657172   -1.41e-02   5.54e-02    1.443    3.1 
 19   -371.6776911426    1.10e-02   9.44e-02    1.801    1.8 
 20   -371.6846308188   -6.94e-03   9.53e-02    1.992    1.6 
 21   -371.6932070467   -8.58e-03   5.10e-02    2.638    2.0 
 22   -371.6723464742    2.09e-02   1.02e-01    2.834    1.6 
 23   -371.6822684829   -9.92e-03   8.18e-02    2.935    1.1 
 24   -371.6914803237   -9.21e-03   5.63e-02    2.994    1.9 
 25   -371.6977816861   -6.30e-03   1.81e-02    2.989    1.0 
 26   -371.6978465229   -6.48e-05   1.86e-02    2.997    4.6 
 27   -371.6979264948   -8.00e-05   2.18e-02    3.006    2.6 
 28   -371.6990539386   -1.13e-03   4.86e-03    3.022    2.8 
 29   -371.6989926821    6.13e-05   6.41e-03    3.016    4.4 
 30   -371.6990608262   -6.81e-05   4.83e-03    3.017    1.6 
 31   -371.6989716319    8.92e-05   7.54e-03    3.018    1.8 
 32   -371.6990409589   -6.93e-05   5.32e-03    3.017    1.1 
 33   -371.6991089328   -6.80e-05   9.11e-04    3.017    1.4 
 34   -371.6991093156   -3.83e-07   8.16e-04    3.017    5.8 
 35   -371.6991103497   -1.03e-06   4.38e-04    3.018    1.6 
 36   -371.6991105468   -1.97e-07   3.20e-04    3.018    2.8 
 37   -371.6991107119   -1.65e-07   1.85e-04    3.018    2.5 
 38   -371.6991107967   -8.48e-08   3.70e-05    3.018    3.2 
 39   -371.6991107977   -1.04e-09   3.33e-05    3.018    6.2 
 40   -371.6991107990   -1.29e-09   2.04e-05    3.018    1.1 
 41   -371.6991107981    8.39e-10   8.38e-06    3.018    2.7 
 42   -371.6991107978    3.55e-10   6.41e-06    3.018    4.6 
 43   -371.6991107973    5.17e-10   2.48e-06    3.018    2.3 
 44   -371.6991107974   -1.61e-10   1.68e-06    3.018    4.8 
 45   -371.6991107974    4.86e-11   5.69e-07    3.018    4.1 
Energy breakdown:
    Kinetic             186.9361865
    AtomicLocal         -350.7436572
    AtomicNonlocal      -52.9489542
    Ewald               -237.4603341
    PspCorrection       8.8180340 
    Hartree             113.4098037
    Xc                  -39.7054839
    Entropy             -0.0047056

    total               -371.699110797390

 ──────────────────────────────────────────────────────────────────────────────
                                       Time                   Allocations      
                               ──────────────────────   ───────────────────────
       Tot / % measured:            4845s / 100%            4350GiB / 100%     

 Section               ncalls     time   %tot     avg     alloc   %tot      avg
 ──────────────────────────────────────────────────────────────────────────────
 self_consistent_field      1    4842s   100%   4842s   4349GiB  100%   4349GiB
   LOBPCG               12.6k    4055s  83.7%   322ms   2552GiB  58.7%   207MiB
     Hamiltonian mu...  58.4k    1870s  38.6%  32.0ms    376GiB  8.65%  6.60MiB
     rayleigh_ritz      45.8k     478s  9.87%  10.4ms   32.7GiB  0.75%   750KiB
     ortho               194k     461s  9.52%  2.37ms    416GiB  9.55%  2.19MiB
     block multipli...   223k     411s  8.49%  1.84ms    406GiB  9.33%  1.86MiB
   compute_density         45     574s  11.9%   12.8s   1589GiB  36.5%  35.3GiB
   energy_hamiltonian      91     205s  4.23%   2.25s    203GiB  4.67%  2.23GiB
   KerkerDosMixing         45    1.23s  0.03%  27.3ms    733MiB  0.02%  16.3MiB
     KerkerMixing          45    919ms  0.02%  20.4ms    706MiB  0.02%  15.7MiB
   QR orthonormaliz...  12.6k   15.4ms  0.00%  1.22μs     0.00B  0.00%    0.00B
 ──────────────────────────────────────────────────────────────────────────────

Total time in ns: 4843386422014
