Julia version: 1.6.0-DEV.1324

Threading configuration: 
       JULIA_NUM_THREADS:   8
      JULIA_FFTW_THREADS:   1
      JULIA_BLAS_THREADS:   8
Payload:  CoFeGaMn_scfres_guess.jld2

System facts:
    fft_size:      (50, 50, 50)
    kpoints:       280
    n_electrons:   51
    n_bands:       65

Compiling code ...
Timing SCF ...

n     Free energy       Eₙ-Eₙ₋₁     ρout-ρin   Magnet   Diag
---   ---------------   ---------   --------   ------   ----
  1   -326.7936528914         NaN   1.02e+01    3.000    1.0 
  2   -357.8452386650   -3.11e+01   3.79e+00    4.059    11.3 
  3   -359.3536956036   -1.51e+00   3.06e+00    0.830    12.3 
  4   -351.3375922636    8.02e+00   3.86e+00   -0.664    7.8 
  5   -358.9861762821   -7.65e+00   3.02e+00    1.482    7.5 
  6   -358.5751985934    4.11e-01   3.07e+00    1.896    4.8 
  7   -367.1822703970   -8.61e+00   1.35e+00    2.202    7.7 
  8   -370.3507855451   -3.17e+00   7.79e-01    1.574    6.1 
  9   -369.7030509377    6.48e-01   1.11e+00   -0.725    7.1 
 10   -370.6165082211   -9.13e-01   8.83e-01   -0.923    4.3 
 11   -370.1955486239    4.21e-01   9.51e-01   -1.570    3.2 
 12   -370.9326644790   -7.37e-01   6.35e-01   -1.915    2.5 
 13   -371.5189883731   -5.86e-01   3.05e-01   -1.391    3.2 
 14   -371.6219314162   -1.03e-01   1.84e-01   -0.444    2.9 
 15   -371.5200989978    1.02e-01   2.65e-01    0.266    2.9 
 16   -371.6816961125   -1.62e-01   7.11e-02    0.649    1.8 
 17   -371.6745795528    7.12e-03   9.57e-02    0.836    1.3 
 18   -371.6885970271   -1.40e-02   5.55e-02    1.442    3.1 
 19   -371.6777142550    1.09e-02   9.43e-02    1.801    1.7 
 20   -371.6847529916   -7.04e-03   9.48e-02    1.989    1.6 
 21   -371.6931457098   -8.39e-03   5.13e-02    2.639    2.0 
 22   -371.6724179880    2.07e-02   1.02e-01    2.832    1.6 
 23   -371.6822054715   -9.79e-03   8.19e-02    2.933    1.1 
 24   -371.6915101616   -9.30e-03   5.61e-02    2.994    1.9 
 25   -371.6977404230   -6.23e-03   1.86e-02    2.989    1.1 
 26   -371.6978320296   -9.16e-05   1.88e-02    2.997    4.6 
 27   -371.6979073397   -7.53e-05   2.20e-02    3.006    2.4 
 28   -371.6990194801   -1.11e-03   5.42e-03    3.021    2.8 
 29   -371.6990057628    1.37e-05   6.08e-03    3.016    4.6 
 30   -371.6990529321   -4.72e-05   5.22e-03    3.017    1.8 
 31   -371.6989520497    1.01e-04   8.05e-03    3.018    1.6 
 32   -371.6990358550   -8.38e-05   5.51e-03    3.017    1.0 
 33   -371.6991084521   -7.26e-05   1.02e-03    3.017    1.2 
 34   -371.6991092513   -7.99e-07   8.38e-04    3.017    5.7 
 35   -371.6991102503   -9.99e-07   4.86e-04    3.018    1.9 
 36   -371.6991104694   -2.19e-07   3.69e-04    3.018    2.4 
 37   -371.6991106807   -2.11e-07   2.17e-04    3.018    2.4 
 38   -371.6991107955   -1.15e-07   3.82e-05    3.018    3.2 
 39   -371.6991107991   -3.55e-09   2.32e-05    3.018    6.6 
 40   -371.6991107990    7.24e-11   2.06e-05    3.018    2.2 
 41   -371.6991107981    8.68e-10   1.40e-05    3.018    1.9 
 42   -371.6991107980    1.56e-10   7.53e-06    3.018    2.5 
 43   -371.6991107975    4.99e-10   2.02e-06    3.018    3.5 
 44   -371.6991107973    1.54e-10   1.34e-06    3.018    6.0 
 45   -371.6991107974   -2.67e-11   1.22e-06    3.018    2.5 
Energy breakdown:
    Kinetic             186.9361885
    AtomicLocal         -350.7436611
    AtomicNonlocal      -52.9489552
    Ewald               -237.4603341
    PspCorrection       8.8180340 
    Hartree             113.4098068
    Xc                  -39.7054841
    Entropy             -0.0047056

    total               -371.699110797354

 ──────────────────────────────────────────────────────────────────────────────
                                       Time                   Allocations      
                               ──────────────────────   ───────────────────────
       Tot / % measured:            4933s / 100%            4343GiB / 100%     

 Section               ncalls     time   %tot     avg     alloc   %tot      avg
 ──────────────────────────────────────────────────────────────────────────────
 self_consistent_field      1    4931s   100%   4931s   4343GiB  100%   4343GiB
   LOBPCG               12.6k    4150s  84.2%   329ms   2546GiB  58.6%   207MiB
     Hamiltonian mu...  58.1k    2033s  41.2%  35.0ms    375GiB  8.64%  6.62MiB
     ortho               193k     469s  9.52%  2.43ms    414GiB  9.54%  2.20MiB
     rayleigh_ritz      45.5k     464s  9.42%  10.2ms   32.7GiB  0.75%   754KiB
     block multipli...   222k     369s  7.49%  1.67ms    403GiB  9.29%  1.86MiB
   compute_density         45     579s  11.7%   12.9s   1589GiB  36.6%  35.3GiB
   energy_hamiltonian      91     193s  3.92%   2.12s    203GiB  4.67%  2.23GiB
   KerkerDosMixing         45    1.17s  0.02%  26.1ms    733MiB  0.02%  16.3MiB
     KerkerMixing          45    873ms  0.02%  19.4ms    706MiB  0.02%  15.7MiB
   QR orthonormaliz...  12.6k   14.2ms  0.00%  1.13μs     0.00B  0.00%    0.00B
 ──────────────────────────────────────────────────────────────────────────────

Total time in ns: 4931657736860
