Julia version: 1.6.0-DEV.1324

Threading configuration: 
       JULIA_NUM_THREADS:   1
      JULIA_FFTW_THREADS:   4
      JULIA_BLAS_THREADS:   1
Payload:  Caffeine_scfres_guess.jld2

System facts:
    fft_size:      (216, 216, 216)
    kpoints:       1
    n_electrons:   74
    n_bands:       40

Compiling code ...
Timing SCF ...

n     Energy            Eₙ-Eₙ₋₁     ρout-ρin   Diag
---   ---------------   ---------   --------   ----
  1   -122.2354932168         NaN   9.80e-01    1.0 
  2   -122.1651572619    7.03e-02   4.17e-01    8.0 
  3   -121.9746218397    1.91e-01   4.75e-01    5.0 
  4   -122.3680435703   -3.93e-01   1.79e-01    5.0 
  5   -122.4300856266   -6.20e-02   3.40e-02    4.0 
  6   -122.4314837331   -1.40e-03   1.36e-02    3.0 
  7   -122.4317262274   -2.42e-04   7.48e-03    2.0 
  8   -122.4318214205   -9.52e-05   2.70e-03    3.0 
  9   -122.4318363608   -1.49e-05   1.27e-03    2.0 
 10   -122.4318373499   -9.89e-07   9.50e-04    3.0 
 11   -122.4318393798   -2.03e-06   3.03e-04    3.0 
 12   -122.4318393481    3.17e-08   4.11e-04    4.0 
 13   -122.4318394986   -1.50e-07   2.43e-04    3.0 
 14   -122.4318396237   -1.25e-07   1.04e-04    3.0 
 15   -122.4318396479   -2.42e-08   3.48e-05    2.0 
 16   -122.4318396499   -1.98e-09   2.38e-05    3.0 
 17   -122.4318396503   -3.88e-10   1.25e-05    2.0 
 18   -122.4318396506   -3.55e-10   3.53e-06    2.0 
 19   -122.4318396506   -9.02e-12   1.64e-06    2.0 
Energy breakdown:
    Kinetic             94.9211528
    AtomicLocal         -866.3708717
    AtomicNonlocal      9.3132858 
    Ewald               289.5847490
    PspCorrection       0.0002828 
    Hartree             385.2428148
    Xc                  -35.1232531

    total               -122.431839650644

 ──────────────────────────────────────────────────────────────────────────────
                                       Time                   Allocations      
                               ──────────────────────   ───────────────────────
       Tot / % measured:            2065s / 100%             825GiB / 100%     

 Section               ncalls     time   %tot     avg     alloc   %tot      avg
 ──────────────────────────────────────────────────────────────────────────────
 self_consistent_field      1    2062s   100%   2062s    824GiB  100%    824GiB
   LOBPCG                  19    1450s  70.3%   76.3s    296GiB  35.9%  15.6GiB
     Hamiltonian mu...     79     709s  34.4%   8.98s   40.8GiB  4.95%   529MiB
     block multipli...    283     264s  12.8%   932ms   55.9GiB  6.79%   202MiB
     ortho                247     128s  6.23%   520ms   47.3GiB  5.74%   196MiB
     rayleigh_ritz         60    98.3s  4.77%   1.64s   27.3MiB  0.00%   466KiB
   energy_hamiltonian      39     409s  19.8%   10.5s    368GiB  44.7%  9.45GiB
   compute_density         19     168s  8.16%   8.86s    129GiB  15.6%  6.77GiB
   KerkerDosMixing         19    852ms  0.04%  44.8ms   4.28GiB  0.52%   231MiB
     SimpleMixing          19    846ms  0.04%  44.6ms   4.28GiB  0.52%   231MiB
   QR orthonormaliz...     19   36.9μs  0.00%  1.94μs     0.00B  0.00%    0.00B
 ──────────────────────────────────────────────────────────────────────────────

Total time in ns: 2063127998572
