Julia version: 1.6.0-DEV.1324

Threading configuration: 
       JULIA_NUM_THREADS:   1
      JULIA_FFTW_THREADS:   1
      JULIA_BLAS_THREADS:   1
Payload:  Caffeine_scfres_guess.jld2

System facts:
    fft_size:      (216, 216, 216)
    kpoints:       1
    n_electrons:   74
    n_bands:       40

Compiling code ...
Timing SCF ...

n     Energy            Eₙ-Eₙ₋₁     ρout-ρin   Diag
---   ---------------   ---------   --------   ----
  1   -122.2354932168         NaN   9.80e-01    1.0 
  2   -122.1648098581    7.07e-02   4.17e-01    8.0 
  3   -121.9751103686    1.90e-01   4.74e-01    6.0 
  4   -122.3679531104   -3.93e-01   1.79e-01    5.0 
  5   -122.4301196465   -6.22e-02   3.37e-02    4.0 
  6   -122.4314969735   -1.38e-03   1.32e-02    3.0 
  7   -122.4317325261   -2.36e-04   6.87e-03    2.0 
  8   -122.4318274453   -9.49e-05   2.69e-03    2.0 
  9   -122.4318351282   -7.68e-06   1.32e-03    3.0 
 10   -122.4318386354   -3.51e-06   6.66e-04    3.0 
 11   -122.4318395420   -9.07e-07   1.92e-04    2.0 
 12   -122.4318396180   -7.61e-08   1.31e-04    2.0 
 13   -122.4318396393   -2.13e-08   6.62e-05    3.0 
 14   -122.4318396484   -9.09e-09   2.62e-05    2.0 
 15   -122.4318396500   -1.57e-09   2.12e-05    3.0 
 16   -122.4318396504   -4.50e-10   1.13e-05    2.0 
 17   -122.4318396506   -1.88e-10   3.76e-06    2.0 
 18   -122.4318396506   -1.83e-11   2.15e-06    2.0 
 19   -122.4318396506   -3.14e-12   1.30e-06    3.0 
Energy breakdown:
    Kinetic             94.9211478
    AtomicLocal         -866.3708653
    AtomicNonlocal      9.3132859 
    Ewald               289.5847490
    PspCorrection       0.0002828 
    Hartree             385.2428126
    Xc                  -35.1232524

    total               -122.431839650648

 ──────────────────────────────────────────────────────────────────────────────
                                       Time                   Allocations      
                               ──────────────────────   ───────────────────────
       Tot / % measured:            2998s / 100%             824GiB / 100%     

 Section               ncalls     time   %tot     avg     alloc   %tot      avg
 ──────────────────────────────────────────────────────────────────────────────
 self_consistent_field      1    2995s   100%   2995s    824GiB  100%    824GiB
   LOBPCG                  19    2170s  72.4%    114s    295GiB  35.8%  15.5GiB
     Hamiltonian mu...     77    1481s  49.5%   19.2s   40.7GiB  4.94%   541MiB
     block multipli...    271     241s  8.04%   888ms   55.6GiB  6.75%   210MiB
     ortho                237     122s  4.08%   515ms   47.1GiB  5.72%   204MiB
     rayleigh_ritz         58    93.5s  3.12%   1.61s   27.3MiB  0.00%   482KiB
   energy_hamiltonian      39     495s  16.5%   12.7s    368GiB  44.7%  9.45GiB
   compute_density         19     296s  9.89%   15.6s    129GiB  15.6%  6.77GiB
   KerkerDosMixing         19    834ms  0.03%  43.9ms   4.28GiB  0.52%   231MiB
     SimpleMixing          19    829ms  0.03%  43.6ms   4.28GiB  0.52%   231MiB
   QR orthonormaliz...     19   28.9μs  0.00%  1.52μs     0.00B  0.00%    0.00B
 ──────────────────────────────────────────────────────────────────────────────

Total time in ns: 2996149098624
