Julia version: 1.6.0-DEV.1324

Threading configuration: 
       JULIA_NUM_THREADS:   1
      JULIA_FFTW_THREADS:   2
      JULIA_BLAS_THREADS:   1
Payload:  Caffeine_scfres_guess.jld2

System facts:
    fft_size:      (216, 216, 216)
    kpoints:       1
    n_electrons:   74
    n_bands:       40

Compiling code ...
Timing SCF ...

n     Energy            Eₙ-Eₙ₋₁     ρout-ρin   Diag
---   ---------------   ---------   --------   ----
  1   -122.2354932168         NaN   9.80e-01    1.0 
  2   -122.1653220192    7.02e-02   4.17e-01    8.0 
  3   -121.9753283414    1.90e-01   4.74e-01    5.0 
  4   -122.3679145827   -3.93e-01   1.79e-01    5.0 
  5   -122.4301111801   -6.22e-02   3.37e-02    4.0 
  6   -122.4314860079   -1.37e-03   1.33e-02    3.0 
  7   -122.4317414360   -2.55e-04   6.99e-03    2.0 
  8   -122.4318227220   -8.13e-05   2.56e-03    3.0 
  9   -122.4318366773   -1.40e-05   1.23e-03    2.0 
 10   -122.4318377714   -1.09e-06   8.53e-04    3.0 
 11   -122.4318394815   -1.71e-06   2.44e-04    3.0 
 12   -122.4318394473    3.42e-08   3.03e-04    4.0 
 13   -122.4318395848   -1.38e-07   1.54e-04    3.0 
 14   -122.4318396434   -5.86e-08   5.74e-05    2.0 
 15   -122.4318396496   -6.28e-09   2.38e-05    3.0 
 16   -122.4318396500   -3.32e-10   1.77e-05    3.0 
 17   -122.4318396504   -4.48e-10   8.48e-06    3.0 
 18   -122.4318396506   -1.93e-10   3.56e-06    3.0 
 19   -122.4318396506   -6.44e-12   3.01e-06    3.0 
Energy breakdown:
    Kinetic             94.9211550
    AtomicLocal         -866.3708554
    AtomicNonlocal      9.3132855 
    Ewald               289.5847490
    PspCorrection       0.0002828 
    Hartree             385.2427969
    Xc                  -35.1232535

    total               -122.431839650630

 ──────────────────────────────────────────────────────────────────────────────
                                       Time                   Allocations      
                               ──────────────────────   ───────────────────────
       Tot / % measured:            2470s / 100%             832GiB / 100%     

 Section               ncalls     time   %tot     avg     alloc   %tot      avg
 ──────────────────────────────────────────────────────────────────────────────
 self_consistent_field      1    2467s   100%   2467s    832GiB  100%    832GiB
   LOBPCG                  19    1779s  72.1%   93.6s    303GiB  36.4%  16.0GiB
     Hamiltonian mu...     82    1032s  41.8%   12.6s   41.8GiB  5.03%   522MiB
     block multipli...    301     271s  11.0%   902ms   58.9GiB  7.08%   200MiB
     ortho                262     130s  5.25%   494ms   48.8GiB  5.86%   191MiB
     rayleigh_ritz         63     100s  4.05%   1.59s   28.5MiB  0.00%   463KiB
   energy_hamiltonian      39     438s  17.8%   11.2s    368GiB  44.3%  9.45GiB
   compute_density         19     216s  8.76%   11.4s    129GiB  15.5%  6.77GiB
   KerkerDosMixing         19    830ms  0.03%  43.7ms   4.28GiB  0.51%   231MiB
     SimpleMixing          19    825ms  0.03%  43.4ms   4.28GiB  0.51%   231MiB
   QR orthonormaliz...     19   32.8μs  0.00%  1.73μs     0.00B  0.00%    0.00B
 ──────────────────────────────────────────────────────────────────────────────

Total time in ns: 2468209090912
