Julia version: 1.6.0-DEV.1324

Threading configuration: 
       JULIA_NUM_THREADS:   1
      JULIA_FFTW_THREADS:   1
      JULIA_BLAS_THREADS:   2
Payload:  Caffeine_scfres_guess.jld2

System facts:
    fft_size:      (216, 216, 216)
    kpoints:       1
    n_electrons:   74
    n_bands:       40

Compiling code ...
Timing SCF ...

n     Energy            Eₙ-Eₙ₋₁     ρout-ρin   Diag
---   ---------------   ---------   --------   ----
  1   -122.2354932167         NaN   9.80e-01    1.0 
  2   -122.1653896150    7.01e-02   4.17e-01    8.0 
  3   -121.9757868674    1.90e-01   4.74e-01    5.0 
  4   -122.3679622564   -3.92e-01   1.79e-01    5.0 
  5   -122.4301047627   -6.21e-02   3.37e-02    4.0 
  6   -122.4314748059   -1.37e-03   1.35e-02    3.0 
  7   -122.4317347183   -2.60e-04   7.21e-03    2.0 
  8   -122.4318278962   -9.32e-05   2.55e-03    3.0 
  9   -122.4318330156   -5.12e-06   1.53e-03    3.0 
 10   -122.4318381966   -5.18e-06   7.31e-04    3.0 
 11   -122.4318395009   -1.30e-06   2.09e-04    3.0 
 12   -122.4318396031   -1.02e-07   1.62e-04    4.0 
 13   -122.4318396366   -3.35e-08   7.30e-05    2.0 
 14   -122.4318396487   -1.21e-08   2.47e-05    3.0 
 15   -122.4318396503   -1.57e-09   1.31e-05    3.0 
 16   -122.4318396504   -1.72e-10   7.76e-06    3.0 
 17   -122.4318396505   -6.29e-11   3.09e-06    3.0 
 18   -122.4318396505   -1.47e-11   2.24e-06    3.0 
 19   -122.4318396505   -1.18e-11   1.07e-06    3.0 
Energy breakdown:
    Kinetic             94.9211479
    AtomicLocal         -866.3708693
    AtomicNonlocal      9.3132858 
    Ewald               289.5847490
    PspCorrection       0.0002828 
    Hartree             385.2428165
    Xc                  -35.1232524

    total               -122.431839650517

 ──────────────────────────────────────────────────────────────────────────────
                                       Time                   Allocations      
                               ──────────────────────   ───────────────────────
       Tot / % measured:            2871s / 100%             835GiB / 100%     

 Section               ncalls     time   %tot     avg     alloc   %tot      avg
 ──────────────────────────────────────────────────────────────────────────────
 self_consistent_field      1    2869s   100%   2869s    835GiB  100%    835GiB
   LOBPCG                  19    2048s  71.4%    108s    306GiB  36.7%  16.1GiB
     Hamiltonian mu...     83    1518s  52.9%   18.3s   42.2GiB  5.06%   521MiB
     block multipli...    305     149s  5.20%   489ms   60.0GiB  7.19%   202MiB
     ortho                265    93.1s  3.25%   351ms   49.3GiB  5.91%   190MiB
     rayleigh_ritz         64    74.1s  2.58%   1.16s   28.9MiB  0.00%   462KiB
   energy_hamiltonian      39     495s  17.2%   12.7s    368GiB  44.1%  9.45GiB
   compute_density         19     291s  10.1%   15.3s    129GiB  15.4%  6.77GiB
   KerkerDosMixing         19    846ms  0.03%  44.5ms   4.28GiB  0.51%   231MiB
     SimpleMixing          19    841ms  0.03%  44.3ms   4.28GiB  0.51%   231MiB
   QR orthonormaliz...     19   31.4μs  0.00%  1.65μs     0.00B  0.00%    0.00B
 ──────────────────────────────────────────────────────────────────────────────

Total time in ns: 2870054837309
