Julia version: 1.6.0-DEV.1324

Threading configuration: 
       JULIA_NUM_THREADS:   1
      JULIA_FFTW_THREADS:   2
      JULIA_BLAS_THREADS:   2
Payload:  Caffeine_scfres_guess.jld2

System facts:
    fft_size:      (216, 216, 216)
    kpoints:       1
    n_electrons:   74
    n_bands:       40

Compiling code ...
Timing SCF ...

n     Energy            Eₙ-Eₙ₋₁     ρout-ρin   Diag
---   ---------------   ---------   --------   ----
  1   -122.2354932167         NaN   9.80e-01    1.0 
  2   -122.1649598912    7.05e-02   4.17e-01    8.0 
  3   -121.9742866949    1.91e-01   4.75e-01    5.0 
  4   -122.3679676278   -3.94e-01   1.79e-01    5.0 
  5   -122.4301097635   -6.21e-02   3.38e-02    4.0 
  6   -122.4314808015   -1.37e-03   1.35e-02    3.0 
  7   -122.4317282137   -2.47e-04   6.87e-03    2.0 
  8   -122.4318263344   -9.81e-05   2.82e-03    3.0 
  9   -122.4318345599   -8.23e-06   1.46e-03    3.0 
 10   -122.4318388439   -4.28e-06   6.51e-04    3.0 
 11   -122.4318395194   -6.76e-07   2.10e-04    2.0 
 12   -122.4318396010   -8.16e-08   1.42e-04    3.0 
 13   -122.4318396385   -3.75e-08   7.13e-05    3.0 
 14   -122.4318396479   -9.35e-09   2.90e-05    4.0 
 15   -122.4318396496   -1.76e-09   2.40e-05    3.0 
 16   -122.4318396503   -7.25e-10   9.93e-06    3.0 
 17   -122.4318396505   -1.43e-10   3.57e-06    2.0 
 18   -122.4318396505   -1.97e-11   1.88e-06    3.0 
 19   -122.4318396505   -5.49e-12   9.49e-07    2.0 
Energy breakdown:
    Kinetic             94.9211498
    AtomicLocal         -866.3708716
    AtomicNonlocal      9.3132860 
    Ewald               289.5847490
    PspCorrection       0.0002828 
    Hartree             385.2428171
    Xc                  -35.1232527

    total               -122.431839650517

 ──────────────────────────────────────────────────────────────────────────────
                                       Time                   Allocations      
                               ──────────────────────   ───────────────────────
       Tot / % measured:            2259s / 100%             833GiB / 100%     

 Section               ncalls     time   %tot     avg     alloc   %tot      avg
 ──────────────────────────────────────────────────────────────────────────────
 self_consistent_field      1    2256s   100%   2256s    832GiB  100%    832GiB
   LOBPCG                  19    1567s  69.4%   82.5s    304GiB  36.5%  16.0GiB
     Hamiltonian mu...     81    1035s  45.9%   12.8s   41.9GiB  5.03%   529MiB
     block multipli...    295     150s  6.64%   508ms   59.1GiB  7.10%   205MiB
     ortho                256    92.8s  4.11%   363ms   48.9GiB  5.87%   196MiB
     rayleigh_ritz         62    72.4s  3.21%   1.17s   28.8MiB  0.00%   476KiB
   energy_hamiltonian      39     435s  19.3%   11.2s    368GiB  44.3%  9.45GiB
   compute_density         19     221s  9.79%   11.6s    129GiB  15.5%  6.77GiB
   KerkerDosMixing         19    832ms  0.04%  43.8ms   4.28GiB  0.51%   231MiB
     SimpleMixing          19    827ms  0.04%  43.5ms   4.28GiB  0.51%   231MiB
   QR orthonormaliz...     19   33.9μs  0.00%  1.78μs     0.00B  0.00%    0.00B
 ──────────────────────────────────────────────────────────────────────────────

Total time in ns: 2257168674384
