Julia version: 1.6.0-DEV.1324

Threading configuration: 
       JULIA_NUM_THREADS:   1
      JULIA_FFTW_THREADS:   4
      JULIA_BLAS_THREADS:   2
Payload:  Caffeine_scfres_guess.jld2

System facts:
    fft_size:      (216, 216, 216)
    kpoints:       1
    n_electrons:   74
    n_bands:       40

Compiling code ...
Timing SCF ...

n     Energy            Eₙ-Eₙ₋₁     ρout-ρin   Diag
---   ---------------   ---------   --------   ----
  1   -122.2354932167         NaN   9.80e-01    1.0 
  2   -122.1651092593    7.04e-02   4.17e-01    8.0 
  3   -121.9744978503    1.91e-01   4.75e-01    5.0 
  4   -122.3679579509   -3.93e-01   1.79e-01    5.0 
  5   -122.4300989698   -6.21e-02   3.39e-02    4.0 
  6   -122.4314805485   -1.38e-03   1.35e-02    3.0 
  7   -122.4317323701   -2.52e-04   7.30e-03    2.0 
  8   -122.4318204899   -8.81e-05   2.76e-03    3.0 
  9   -122.4318360435   -1.56e-05   1.30e-03    2.0 
 10   -122.4318373256   -1.28e-06   9.71e-04    3.0 
 11   -122.4318393699   -2.04e-06   3.04e-04    2.0 
 12   -122.4318393932   -2.33e-08   3.88e-04    4.0 
 13   -122.4318395118   -1.19e-07   2.33e-04    3.0 
 14   -122.4318396183   -1.06e-07   1.12e-04    3.0 
 15   -122.4318396483   -3.00e-08   3.16e-05    2.0 
 16   -122.4318396497   -1.42e-09   2.46e-05    3.0 
 17   -122.4318396501   -4.02e-10   1.34e-05    2.0 
 18   -122.4318396505   -3.67e-10   3.90e-06    2.0 
 19   -122.4318396505   -2.04e-11   1.66e-06    2.0 
Energy breakdown:
    Kinetic             94.9211525
    AtomicLocal         -866.3708723
    AtomicNonlocal      9.3132859 
    Ewald               289.5847490
    PspCorrection       0.0002828 
    Hartree             385.2428157
    Xc                  -35.1232532

    total               -122.431839650512

 ──────────────────────────────────────────────────────────────────────────────
                                       Time                   Allocations      
                               ──────────────────────   ───────────────────────
       Tot / % measured:            1849s / 100%             824GiB / 100%     

 Section               ncalls     time   %tot     avg     alloc   %tot      avg
 ──────────────────────────────────────────────────────────────────────────────
 self_consistent_field      1    1846s   100%   1846s    824GiB  100%    824GiB
   LOBPCG                  19    1229s  66.6%   64.7s    295GiB  35.8%  15.5GiB
     Hamiltonian mu...     78     705s  38.2%   9.04s   40.7GiB  4.94%   535MiB
     block multipli...    277     142s  7.71%   514ms   55.7GiB  6.76%   206MiB
     ortho                242    91.5s  4.95%   378ms   47.2GiB  5.73%   200MiB
     rayleigh_ritz         59    72.8s  3.94%   1.23s   27.4MiB  0.00%   475KiB
   energy_hamiltonian      39     410s  22.2%   10.5s    368GiB  44.7%  9.45GiB
   compute_density         19     171s  9.26%   8.99s    129GiB  15.6%  6.77GiB
   KerkerDosMixing         19    846ms  0.05%  44.5ms   4.28GiB  0.52%   231MiB
     SimpleMixing          19    838ms  0.05%  44.1ms   4.28GiB  0.52%   231MiB
   QR orthonormaliz...     19   34.9μs  0.00%  1.84μs     0.00B  0.00%    0.00B
 ──────────────────────────────────────────────────────────────────────────────

Total time in ns: 1847396529861
