Julia version: 1.6.0-DEV.1324

Threading configuration: 
       JULIA_NUM_THREADS:   1
      JULIA_FFTW_THREADS:   3
      JULIA_BLAS_THREADS:   2
Payload:  Caffeine_scfres_guess.jld2

System facts:
    fft_size:      (216, 216, 216)
    kpoints:       1
    n_electrons:   74
    n_bands:       40

Compiling code ...
Timing SCF ...

n     Energy            Eₙ-Eₙ₋₁     ρout-ρin   Diag
---   ---------------   ---------   --------   ----
  1   -122.2354932167         NaN   9.80e-01    1.0 
  2   -122.1648655841    7.06e-02   4.17e-01    8.0 
  3   -121.9738124126    1.91e-01   4.75e-01    5.0 
  4   -122.3678711846   -3.94e-01   1.79e-01    5.0 
  5   -122.4300965987   -6.22e-02   3.39e-02    4.0 
  6   -122.4314644235   -1.37e-03   1.39e-02    3.0 
  7   -122.4317265941   -2.62e-04   6.87e-03    3.0 
  8   -122.4318237447   -9.72e-05   3.06e-03    3.0 
  9   -122.4318334233   -9.68e-06   1.69e-03    3.0 
 10   -122.4318387738   -5.35e-06   5.92e-04    3.0 
 11   -122.4318394291   -6.55e-07   3.21e-04    3.0 
 12   -122.4318396095   -1.80e-07   1.17e-04    3.0 
 13   -122.4318396398   -3.03e-08   8.31e-05    3.0 
 14   -122.4318396484   -8.65e-09   3.19e-05    3.0 
 15   -122.4318396494   -1.01e-09   2.69e-05    2.0 
 16   -122.4318396503   -8.71e-10   9.99e-06    3.0 
 17   -122.4318396505   -1.80e-10   6.30e-06    3.0 
 18   -122.4318396505   -3.22e-11   2.31e-06    2.0 
 19   -122.4318396505   -9.39e-12   1.80e-06    3.0 
Energy breakdown:
    Kinetic             94.9211478
    AtomicLocal         -866.3708601
    AtomicNonlocal      9.3132858 
    Ewald               289.5847490
    PspCorrection       0.0002828 
    Hartree             385.2428074
    Xc                  -35.1232524

    total               -122.431839650513

 ──────────────────────────────────────────────────────────────────────────────
                                       Time                   Allocations      
                               ──────────────────────   ───────────────────────
       Tot / % measured:            2039s / 100%             830GiB / 100%     

 Section               ncalls     time   %tot     avg     alloc   %tot      avg
 ──────────────────────────────────────────────────────────────────────────────
 self_consistent_field      1    2036s   100%   2036s    830GiB  100%    830GiB
   LOBPCG                  19    1396s  68.6%   73.5s    301GiB  36.3%  15.9GiB
     Hamiltonian mu...     82     847s  41.6%   10.3s   41.6GiB  5.01%   519MiB
     block multipli...    300     152s  7.44%   505ms   58.1GiB  7.00%   198MiB
     ortho                261    94.2s  4.62%   361ms   48.4GiB  5.83%   190MiB
     rayleigh_ritz         63    77.2s  3.79%   1.23s   28.6MiB  0.00%   464KiB
   energy_hamiltonian      39     417s  20.5%   10.7s    368GiB  44.4%  9.45GiB
   compute_density         19     186s  9.14%   9.80s    129GiB  15.5%  6.77GiB
   KerkerDosMixing         19    848ms  0.04%  44.6ms   4.28GiB  0.52%   231MiB
     SimpleMixing          19    838ms  0.04%  44.1ms   4.28GiB  0.52%   231MiB
   QR orthonormaliz...     19   34.3μs  0.00%  1.81μs     0.00B  0.00%    0.00B
 ──────────────────────────────────────────────────────────────────────────────

Total time in ns: 2037292362362
