Julia version: 1.6.0-DEV.1324

Threading configuration: 
       JULIA_NUM_THREADS:   1
      JULIA_FFTW_THREADS:   2
      JULIA_BLAS_THREADS:   3
Payload:  Caffeine_scfres_guess.jld2

System facts:
    fft_size:      (216, 216, 216)
    kpoints:       1
    n_electrons:   74
    n_bands:       40

Compiling code ...
Timing SCF ...

n     Energy            Eₙ-Eₙ₋₁     ρout-ρin   Diag
---   ---------------   ---------   --------   ----
  1   -122.2354932167         NaN   9.80e-01    1.0 
  2   -122.1649870003    7.05e-02   4.17e-01    8.0 
  3   -121.9749650690    1.90e-01   4.74e-01    5.0 
  4   -122.3680352234   -3.93e-01   1.79e-01    5.0 
  5   -122.4300893369   -6.21e-02   3.39e-02    4.0 
  6   -122.4314784328   -1.39e-03   1.35e-02    3.0 
  7   -122.4317289998   -2.51e-04   6.92e-03    2.0 
  8   -122.4318265277   -9.75e-05   2.78e-03    3.0 
  9   -122.4318345149   -7.99e-06   1.40e-03    3.0 
 10   -122.4318384777   -3.96e-06   7.19e-04    3.0 
 11   -122.4318395234   -1.05e-06   2.06e-04    2.0 
 12   -122.4318396081   -8.47e-08   1.45e-04    2.0 
 13   -122.4318396380   -3.00e-08   7.23e-05    3.0 
 14   -122.4318396478   -9.75e-09   2.89e-05    2.0 
 15   -122.4318396496   -1.83e-09   2.38e-05    3.0 
 16   -122.4318396503   -6.68e-10   1.19e-05    3.0 
 17   -122.4318396505   -1.84e-10   4.11e-06    2.0 
 18   -122.4318396505   -2.79e-11   1.93e-06    3.0 
 19   -122.4318396505   -2.32e-12   1.34e-06    2.0 
Energy breakdown:
    Kinetic             94.9211471
    AtomicLocal         -866.3708680
    AtomicNonlocal      9.3132858 
    Ewald               289.5847490
    PspCorrection       0.0002828 
    Hartree             385.2428159
    Xc                  -35.1232522

    total               -122.431839650486

 ──────────────────────────────────────────────────────────────────────────────
                                       Time                   Allocations      
                               ──────────────────────   ───────────────────────
       Tot / % measured:            2268s / 100%             829GiB / 100%     

 Section               ncalls     time   %tot     avg     alloc   %tot      avg
 ──────────────────────────────────────────────────────────────────────────────
 self_consistent_field      1    2265s   100%   2265s    829GiB  100%    829GiB
   LOBPCG                  19    1538s  67.9%   81.0s    300GiB  36.2%  15.8GiB
     Hamiltonian mu...     78    1069s  47.2%   13.7s   41.4GiB  4.99%   543MiB
     block multipli...    275     103s  4.55%   375ms   57.6GiB  6.95%   214MiB
     ortho                241    84.7s  3.74%   351ms   48.1GiB  5.80%   204MiB
     rayleigh_ritz         59    60.6s  2.67%   1.03s   28.3MiB  0.00%   490KiB
   energy_hamiltonian      39     459s  20.3%   11.8s    368GiB  44.5%  9.45GiB
   compute_density         19     228s  10.1%   12.0s    129GiB  15.5%  6.77GiB
   KerkerDosMixing         19    841ms  0.04%  44.3ms   4.28GiB  0.52%   231MiB
     SimpleMixing          19    835ms  0.04%  44.0ms   4.28GiB  0.52%   231MiB
   QR orthonormaliz...     19   39.8μs  0.00%  2.09μs     0.00B  0.00%    0.00B
 ──────────────────────────────────────────────────────────────────────────────

Total time in ns: 2266554067397
