Julia version: 1.6.0-DEV.1324

Threading configuration: 
       JULIA_NUM_THREADS:   1
      JULIA_FFTW_THREADS:   1
      JULIA_BLAS_THREADS:   3
Payload:  Caffeine_scfres_guess.jld2

System facts:
    fft_size:      (216, 216, 216)
    kpoints:       1
    n_electrons:   74
    n_bands:       40

Compiling code ...
Timing SCF ...

n     Energy            Eₙ-Eₙ₋₁     ρout-ρin   Diag
---   ---------------   ---------   --------   ----
  1   -122.2354932167         NaN   9.80e-01    1.0 
  2   -122.1645770108    7.09e-02   4.17e-01    8.0 
  3   -121.9736045118    1.91e-01   4.75e-01    5.0 
  4   -122.3678636147   -3.94e-01   1.79e-01    5.0 
  5   -122.4300871746   -6.22e-02   3.40e-02    4.0 
  6   -122.4314560205   -1.37e-03   1.41e-02    3.0 
  7   -122.4317180395   -2.62e-04   7.22e-03    3.0 
  8   -122.4318254662   -1.07e-04   2.85e-03    3.0 
  9   -122.4318339418   -8.48e-06   1.51e-03    3.0 
 10   -122.4318386633   -4.72e-06   6.97e-04    3.0 
 11   -122.4318395214   -8.58e-07   2.15e-04    3.0 
 12   -122.4318396081   -8.67e-08   1.53e-04    3.0 
 13   -122.4318396354   -2.73e-08   7.61e-05    3.0 
 14   -122.4318396479   -1.25e-08   2.99e-05    3.0 
 15   -122.4318396493   -1.37e-09   2.77e-05    3.0 
 16   -122.4318396502   -9.04e-10   1.29e-05    3.0 
 17   -122.4318396505   -2.62e-10   5.42e-06    2.0 
 18   -122.4318396505   -1.48e-11   3.01e-06    2.0 
 19   -122.4318396505   -1.53e-11   1.94e-06    3.0 
Energy breakdown:
    Kinetic             94.9211436
    AtomicLocal         -866.3708559
    AtomicNonlocal      9.3132856 
    Ewald               289.5847490
    PspCorrection       0.0002828 
    Hartree             385.2428069
    Xc                  -35.1232516

    total               -122.431839650481

 ──────────────────────────────────────────────────────────────────────────────
                                       Time                   Allocations      
                               ──────────────────────   ───────────────────────
       Tot / % measured:            2985s / 100%             826GiB / 100%     

 Section               ncalls     time   %tot     avg     alloc   %tot      avg
 ──────────────────────────────────────────────────────────────────────────────
 self_consistent_field      1    2982s   100%   2982s    826GiB  100%    826GiB
   LOBPCG                  19    2105s  70.6%    111s    297GiB  36.0%  15.6GiB
     Hamiltonian mu...     82    1637s  54.9%   20.0s   41.0GiB  4.96%   512MiB
     block multipli...    301     100s  3.36%   332ms   56.4GiB  6.84%   192MiB
     ortho                264    84.6s  2.84%   320ms   47.5GiB  5.76%   184MiB
     rayleigh_ritz         63    59.6s  2.00%   946ms   27.1MiB  0.00%   440KiB
   energy_hamiltonian      39     525s  17.6%   13.5s    368GiB  44.6%  9.45GiB
   compute_density         19     312s  10.5%   16.4s    129GiB  15.6%  6.77GiB
   KerkerDosMixing         19    860ms  0.03%  45.3ms   4.28GiB  0.52%   231MiB
     SimpleMixing          19    854ms  0.03%  45.0ms   4.28GiB  0.52%   231MiB
   QR orthonormaliz...     19   34.1μs  0.00%  1.79μs     0.00B  0.00%    0.00B
 ──────────────────────────────────────────────────────────────────────────────

Total time in ns: 2983368495453
