Julia version: 1.6.0-DEV.1324

Threading configuration: 
       JULIA_NUM_THREADS:   1
      JULIA_FFTW_THREADS:   3
      JULIA_BLAS_THREADS:   3
Payload:  Caffeine_scfres_guess.jld2

System facts:
    fft_size:      (216, 216, 216)
    kpoints:       1
    n_electrons:   74
    n_bands:       40

Compiling code ...
Timing SCF ...

n     Energy            Eₙ-Eₙ₋₁     ρout-ρin   Diag
---   ---------------   ---------   --------   ----
  1   -122.2354932167         NaN   9.80e-01    1.0 
  2   -122.1647126156    7.08e-02   4.17e-01    9.0 
  3   -121.9749191104    1.90e-01   4.75e-01    5.0 
  4   -122.3681049783   -3.93e-01   1.79e-01    5.0 
  5   -122.4301036314   -6.20e-02   3.38e-02    4.0 
  6   -122.4314792653   -1.38e-03   1.36e-02    3.0 
  7   -122.4317273249   -2.48e-04   7.51e-03    2.0 
  8   -122.4318207636   -9.34e-05   2.74e-03    3.0 
  9   -122.4318361441   -1.54e-05   1.31e-03    2.0 
 10   -122.4318372207   -1.08e-06   9.86e-04    3.0 
 11   -122.4318393655   -2.14e-06   3.10e-04    3.0 
 12   -122.4318393983   -3.28e-08   3.86e-04    4.0 
 13   -122.4318395129   -1.15e-07   2.29e-04    3.0 
 14   -122.4318396194   -1.07e-07   1.08e-04    2.0 
 15   -122.4318396483   -2.88e-08   3.12e-05    2.0 
 16   -122.4318396497   -1.39e-09   2.47e-05    4.0 
 17   -122.4318396501   -4.25e-10   1.31e-05    2.0 
 18   -122.4318396505   -3.68e-10   3.68e-06    2.0 
 19   -122.4318396505   -1.78e-11   1.57e-06    2.0 
Energy breakdown:
    Kinetic             94.9211533
    AtomicLocal         -866.3708747
    AtomicNonlocal      9.3132859 
    Ewald               289.5847490
    PspCorrection       0.0002828 
    Hartree             385.2428173
    Xc                  -35.1232533

    total               -122.431839650484

 ──────────────────────────────────────────────────────────────────────────────
                                       Time                   Allocations      
                               ──────────────────────   ───────────────────────
       Tot / % measured:            1992s / 100%             828GiB / 100%     

 Section               ncalls     time   %tot     avg     alloc   %tot      avg
 ──────────────────────────────────────────────────────────────────────────────
 self_consistent_field      1    1989s   100%   1989s    827GiB  100%    827GiB
   LOBPCG                  19    1324s  66.6%   69.7s    299GiB  36.1%  15.7GiB
     Hamiltonian mu...     80     855s  43.0%   10.7s   41.2GiB  4.98%   527MiB
     block multipli...    289     101s  5.05%   348ms   57.1GiB  6.90%   202MiB
     ortho                249    83.9s  4.22%   337ms   47.9GiB  5.79%   197MiB
     rayleigh_ritz         61    59.0s  2.96%   966ms   28.1MiB  0.00%   471KiB
   energy_hamiltonian      39     432s  21.7%   11.1s    368GiB  44.5%  9.45GiB
   compute_density         19     192s  9.68%   10.1s    129GiB  15.6%  6.77GiB
   KerkerDosMixing         19    885ms  0.04%  46.6ms   4.28GiB  0.52%   231MiB
     SimpleMixing          19    878ms  0.04%  46.2ms   4.28GiB  0.52%   231MiB
   QR orthonormaliz...     19   46.2μs  0.00%  2.43μs     0.00B  0.00%    0.00B
 ──────────────────────────────────────────────────────────────────────────────

Total time in ns: 1990728288979
