Julia version: 1.6.0-DEV.1324

Threading configuration: 
       JULIA_NUM_THREADS:   1
      JULIA_FFTW_THREADS:   4
      JULIA_BLAS_THREADS:   3
Payload:  Caffeine_scfres_guess.jld2

System facts:
    fft_size:      (216, 216, 216)
    kpoints:       1
    n_electrons:   74
    n_bands:       40

Compiling code ...
Timing SCF ...

n     Energy            Eₙ-Eₙ₋₁     ρout-ρin   Diag
---   ---------------   ---------   --------   ----
  1   -122.2354932167         NaN   9.80e-01    1.0 
  2   -122.1651585493    7.03e-02   4.17e-01    8.0 
  3   -121.9750023486    1.90e-01   4.74e-01    5.0 
  4   -122.3679915551   -3.93e-01   1.79e-01    5.0 
  5   -122.4301054126   -6.21e-02   3.37e-02    4.0 
  6   -122.4314947440   -1.39e-03   1.33e-02    3.0 
  7   -122.4317373727   -2.43e-04   7.13e-03    2.0 
  8   -122.4318223045   -8.49e-05   2.58e-03    3.0 
  9   -122.4318365164   -1.42e-05   1.23e-03    2.0 
 10   -122.4318375183   -1.00e-06   9.20e-04    3.0 
 11   -122.4318393861   -1.87e-06   3.04e-04    3.0 
 12   -122.4318394167   -3.06e-08   3.62e-04    4.0 
 13   -122.4318395257   -1.09e-07   2.18e-04    3.0 
 14   -122.4318396239   -9.82e-08   1.01e-04    3.0 
 15   -122.4318396484   -2.45e-08   2.96e-05    2.0 
 16   -122.4318396499   -1.48e-09   2.02e-05    4.0 
 17   -122.4318396503   -3.54e-10   9.35e-06    3.0 
 18   -122.4318396505   -2.07e-10   3.15e-06    3.0 
 19   -122.4318396505   -1.88e-11   1.42e-06    3.0 
Energy breakdown:
    Kinetic             94.9211454
    AtomicLocal         -866.3708595
    AtomicNonlocal      9.3132855 
    Ewald               289.5847490
    PspCorrection       0.0002828 
    Hartree             385.2428092
    Xc                  -35.1232520

    total               -122.431839650484

 ──────────────────────────────────────────────────────────────────────────────
                                       Time                   Allocations      
                               ──────────────────────   ───────────────────────
       Tot / % measured:            1855s / 100%             828GiB / 100%     

 Section               ncalls     time   %tot     avg     alloc   %tot      avg
 ──────────────────────────────────────────────────────────────────────────────
 self_consistent_field      1    1852s   100%   1852s    828GiB  100%    828GiB
   LOBPCG                  19    1221s  66.0%   64.3s    299GiB  36.1%  15.7GiB
     Hamiltonian mu...     83     754s  40.7%   9.09s   41.3GiB  4.98%   509MiB
     block multipli...    307     100s  5.41%   326ms   57.2GiB  6.91%   191MiB
     ortho                266    84.8s  4.58%   319ms   47.9GiB  5.79%   184MiB
     rayleigh_ritz         64    58.2s  3.14%   909ms   27.6MiB  0.00%   442KiB
   energy_hamiltonian      39     417s  22.5%   10.7s    368GiB  44.5%  9.45GiB
   compute_density         19     174s  9.41%   9.17s    129GiB  15.6%  6.77GiB
   KerkerDosMixing         19    886ms  0.05%  46.6ms   4.28GiB  0.52%   231MiB
     SimpleMixing          19    880ms  0.05%  46.3ms   4.28GiB  0.52%   231MiB
   QR orthonormaliz...     19   43.7μs  0.00%  2.30μs     0.00B  0.00%    0.00B
 ──────────────────────────────────────────────────────────────────────────────

Total time in ns: 1853257211134
