Julia version: 1.6.0-DEV.1324

Threading configuration: 
       JULIA_NUM_THREADS:   1
      JULIA_FFTW_THREADS:   1
      JULIA_BLAS_THREADS:   4
Payload:  Caffeine_scfres_guess.jld2

System facts:
    fft_size:      (216, 216, 216)
    kpoints:       1
    n_electrons:   74
    n_bands:       40

Compiling code ...
Timing SCF ...

n     Energy            Eₙ-Eₙ₋₁     ρout-ρin   Diag
---   ---------------   ---------   --------   ----
  1   -122.2354932166         NaN   9.80e-01    1.0 
  2   -122.1646200114    7.09e-02   4.17e-01    8.0 
  3   -121.9742957179    1.90e-01   4.75e-01    5.0 
  4   -122.3679929384   -3.94e-01   1.79e-01    5.0 
  5   -122.4301081216   -6.21e-02   3.38e-02    4.0 
  6   -122.4314686617   -1.36e-03   1.38e-02    3.0 
  7   -122.4317288798   -2.60e-04   7.42e-03    2.0 
  8   -122.4318212763   -9.24e-05   2.74e-03    3.0 
  9   -122.4318361242   -1.48e-05   1.30e-03    2.0 
 10   -122.4318373773   -1.25e-06   9.45e-04    3.0 
 11   -122.4318393924   -2.02e-06   2.85e-04    3.0 
 12   -122.4318394114   -1.90e-08   3.78e-04    4.0 
 13   -122.4318395228   -1.11e-07   2.25e-04    3.0 
 14   -122.4318396212   -9.84e-08   1.07e-04    3.0 
 15   -122.4318396484   -2.72e-08   3.21e-05    2.0 
 16   -122.4318396495   -1.11e-09   2.65e-05    4.0 
 17   -122.4318396500   -4.98e-10   1.38e-05    2.0 
 18   -122.4318396504   -4.18e-10   4.19e-06    3.0 
 19   -122.4318396505   -2.27e-11   2.02e-06    2.0 
Energy breakdown:
    Kinetic             94.9211538
    AtomicLocal         -866.3708718
    AtomicNonlocal      9.3132864 
    Ewald               289.5847490
    PspCorrection       0.0002828 
    Hartree             385.2428137
    Xc                  -35.1232535

    total               -122.431839650456

 ──────────────────────────────────────────────────────────────────────────────
                                       Time                   Allocations      
                               ──────────────────────   ───────────────────────
       Tot / % measured:            2905s / 100%             825GiB / 100%     

 Section               ncalls     time   %tot     avg     alloc   %tot      avg
 ──────────────────────────────────────────────────────────────────────────────
 self_consistent_field      1    2902s   100%   2902s    825GiB  100%    825GiB
   LOBPCG                  19    2033s  70.0%    107s    296GiB  35.9%  15.6GiB
     Hamiltonian mu...     81    1592s  54.9%   19.7s   40.8GiB  4.95%   516MiB
     block multipli...    295    78.6s  2.71%   266ms   56.0GiB  6.80%   195MiB
     ortho                256    77.7s  2.68%   303ms   47.3GiB  5.74%   189MiB
     rayleigh_ritz         62    62.0s  2.14%  1000ms   27.2MiB  0.00%   450KiB
   energy_hamiltonian      39     522s  18.0%   13.4s    368GiB  44.7%  9.45GiB
   compute_density         19     307s  10.6%   16.1s    129GiB  15.6%  6.77GiB
   KerkerDosMixing         19    840ms  0.03%  44.2ms   4.28GiB  0.52%   231MiB
     SimpleMixing          19    834ms  0.03%  43.9ms   4.28GiB  0.52%   231MiB
   QR orthonormaliz...     19   35.5μs  0.00%  1.87μs     0.00B  0.00%    0.00B
 ──────────────────────────────────────────────────────────────────────────────

Total time in ns: 2903359677692
