Julia version: 1.6.0-DEV.1324

Threading configuration: 
       JULIA_NUM_THREADS:   1
      JULIA_FFTW_THREADS:   2
      JULIA_BLAS_THREADS:   4
Payload:  Caffeine_scfres_guess.jld2

System facts:
    fft_size:      (216, 216, 216)
    kpoints:       1
    n_electrons:   74
    n_bands:       40

Compiling code ...
Timing SCF ...

n     Energy            Eₙ-Eₙ₋₁     ρout-ρin   Diag
---   ---------------   ---------   --------   ----
  1   -122.2354932166         NaN   9.80e-01    1.0 
  2   -122.1648055952    7.07e-02   4.17e-01    8.0 
  3   -121.9744510288    1.90e-01   4.75e-01    5.0 
  4   -122.3678224874   -3.93e-01   1.79e-01    5.0 
  5   -122.4301025085   -6.23e-02   3.38e-02    4.0 
  6   -122.4314681832   -1.37e-03   1.37e-02    3.0 
  7   -122.4317298538   -2.62e-04   7.38e-03    2.0 
  8   -122.4318204866   -9.06e-05   2.78e-03    3.0 
  9   -122.4318362408   -1.58e-05   1.27e-03    2.0 
 10   -122.4318372167   -9.76e-07   9.70e-04    3.0 
 11   -122.4318393785   -2.16e-06   2.95e-04    3.0 
 12   -122.4318393910   -1.25e-08   3.87e-04    4.0 
 13   -122.4318395089   -1.18e-07   2.36e-04    3.0 
 14   -122.4318396187   -1.10e-07   1.10e-04    3.0 
 15   -122.4318396479   -2.92e-08   3.36e-05    2.0 
 16   -122.4318396499   -1.95e-09   2.17e-05    4.0 
 17   -122.4318396502   -3.39e-10   1.00e-05    3.0 
 18   -122.4318396505   -2.48e-10   2.59e-06    3.0 
 19   -122.4318396505   -8.63e-12   1.12e-06    3.0 
Energy breakdown:
    Kinetic             94.9211515
    AtomicLocal         -866.3708702
    AtomicNonlocal      9.3132859 
    Ewald               289.5847490
    PspCorrection       0.0002828 
    Hartree             385.2428143
    Xc                  -35.1232530

    total               -122.431839650461

 ──────────────────────────────────────────────────────────────────────────────
                                       Time                   Allocations      
                               ──────────────────────   ───────────────────────
       Tot / % measured:            2250s / 100%             830GiB / 100%     

 Section               ncalls     time   %tot     avg     alloc   %tot      avg
 ──────────────────────────────────────────────────────────────────────────────
 self_consistent_field      1    2247s   100%   2247s    829GiB  100%    829GiB
   LOBPCG                  19    1523s  67.8%   80.1s    301GiB  36.3%  15.8GiB
     Hamiltonian mu...     83    1079s  48.0%   13.0s   41.5GiB  5.00%   512MiB
     block multipli...    307    81.3s  3.62%   265ms   57.9GiB  6.98%   193MiB
     ortho                266    78.5s  3.49%   295ms   48.3GiB  5.82%   186MiB
     rayleigh_ritz         64    60.7s  2.70%   948ms   28.2MiB  0.00%   451KiB
   energy_hamiltonian      39     460s  20.5%   11.8s    368GiB  44.4%  9.45GiB
   compute_density         19     226s  10.1%   11.9s    129GiB  15.5%  6.77GiB
   KerkerDosMixing         19    838ms  0.04%  44.1ms   4.28GiB  0.52%   231MiB
     SimpleMixing          19    832ms  0.04%  43.8ms   4.28GiB  0.52%   231MiB
   QR orthonormaliz...     19   33.7μs  0.00%  1.77μs     0.00B  0.00%    0.00B
 ──────────────────────────────────────────────────────────────────────────────

Total time in ns: 2248196250830
