Julia version: 1.6.0-DEV.1324

Threading configuration: 
       JULIA_NUM_THREADS:   1
      JULIA_FFTW_THREADS:   3
      JULIA_BLAS_THREADS:   4
Payload:  Caffeine_scfres_guess.jld2

System facts:
    fft_size:      (216, 216, 216)
    kpoints:       1
    n_electrons:   74
    n_bands:       40

Compiling code ...
Timing SCF ...

n     Energy            Eₙ-Eₙ₋₁     ρout-ρin   Diag
---   ---------------   ---------   --------   ----
  1   -122.2354932166         NaN   9.80e-01    1.0 
  2   -122.1651242402    7.04e-02   4.17e-01    8.0 
  3   -121.9747536293    1.90e-01   4.74e-01    5.0 
  4   -122.3680207694   -3.93e-01   1.79e-01    5.0 
  5   -122.4301096471   -6.21e-02   3.38e-02    4.0 
  6   -122.4314878458   -1.38e-03   1.33e-02    3.0 
  7   -122.4317347436   -2.47e-04   7.29e-03    2.0 
  8   -122.4318183582   -8.36e-05   2.83e-03    3.0 
  9   -122.4318363705   -1.80e-05   1.22e-03    2.0 
 10   -122.4318364063   -3.58e-08   1.09e-03    3.0 
 11   -122.4318392808   -2.87e-06   3.50e-04    3.0 
 12   -122.4318393595   -7.87e-08   3.92e-04    4.0 
 13   -122.4318395097   -1.50e-07   2.32e-04    3.0 
 14   -122.4318396213   -1.12e-07   1.06e-04    3.0 
 15   -122.4318396481   -2.68e-08   3.33e-05    2.0 
 16   -122.4318396499   -1.79e-09   1.94e-05    3.0 
 17   -122.4318396502   -3.57e-10   9.61e-06    2.0 
 18   -122.4318396504   -2.39e-10   2.97e-06    3.0 
 19   -122.4318396505   -9.39e-12   1.46e-06    2.0 
Energy breakdown:
    Kinetic             94.9211510
    AtomicLocal         -866.3708740
    AtomicNonlocal      9.3132859 
    Ewald               289.5847490
    PspCorrection       0.0002828 
    Hartree             385.2428185
    Xc                  -35.1232529

    total               -122.431839650457

 ──────────────────────────────────────────────────────────────────────────────
                                       Time                   Allocations      
                               ──────────────────────   ───────────────────────
       Tot / % measured:            1947s / 100%             826GiB / 100%     

 Section               ncalls     time   %tot     avg     alloc   %tot      avg
 ──────────────────────────────────────────────────────────────────────────────
 self_consistent_field      1    1945s   100%   1945s    826GiB  100%    826GiB
   LOBPCG                  19    1288s  66.2%   67.8s    297GiB  36.0%  15.6GiB
     Hamiltonian mu...     80     849s  43.7%   10.6s   41.0GiB  4.96%   525MiB
     block multipli...    289    79.6s  4.09%   275ms   56.5GiB  6.84%   200MiB
     ortho                254    77.7s  4.00%   306ms   47.6GiB  5.76%   192MiB
     rayleigh_ritz         61    60.4s  3.11%   990ms   27.9MiB  0.00%   468KiB
   energy_hamiltonian      39     424s  21.8%   10.9s    368GiB  44.6%  9.45GiB
   compute_density         19     192s  9.86%   10.1s    129GiB  15.6%  6.77GiB
   KerkerDosMixing         19    843ms  0.04%  44.4ms   4.28GiB  0.52%   231MiB
     SimpleMixing          19    837ms  0.04%  44.0ms   4.28GiB  0.52%   231MiB
   QR orthonormaliz...     19   36.0μs  0.00%  1.90μs     0.00B  0.00%    0.00B
 ──────────────────────────────────────────────────────────────────────────────

Total time in ns: 1945811696894
