Julia version: 1.6.0-DEV.1324

Threading configuration: 
       JULIA_NUM_THREADS:   1
      JULIA_FFTW_THREADS:   4
      JULIA_BLAS_THREADS:   4
Payload:  Caffeine_scfres_guess.jld2

System facts:
    fft_size:      (216, 216, 216)
    kpoints:       1
    n_electrons:   74
    n_bands:       40

Compiling code ...
Timing SCF ...

n     Energy            Eₙ-Eₙ₋₁     ρout-ρin   Diag
---   ---------------   ---------   --------   ----
  1   -122.2354932166         NaN   9.80e-01    1.0 
  2   -122.1646200114    7.09e-02   4.17e-01    8.0 
  3   -121.9742957179    1.90e-01   4.75e-01    5.0 
  4   -122.3679929384   -3.94e-01   1.79e-01    5.0 
  5   -122.4301081216   -6.21e-02   3.38e-02    4.0 
  6   -122.4314686617   -1.36e-03   1.38e-02    3.0 
  7   -122.4317288304   -2.60e-04   7.42e-03    2.0 
  8   -122.4318210981   -9.23e-05   2.74e-03    3.0 
  9   -122.4318361353   -1.50e-05   1.30e-03    2.0 
 10   -122.4318372988   -1.16e-06   9.58e-04    3.0 
 11   -122.4318393723   -2.07e-06   2.95e-04    2.0 
 12   -122.4318393656    6.80e-09   4.08e-04    4.0 
 13   -122.4318395004   -1.35e-07   2.44e-04    3.0 
 14   -122.4318396135   -1.13e-07   1.20e-04    2.0 
 15   -122.4318396477   -3.41e-08   3.46e-05    2.0 
 16   -122.4318396495   -1.80e-09   2.74e-05    4.0 
 17   -122.4318396499   -4.67e-10   1.46e-05    2.0 
 18   -122.4318396504   -4.86e-10   4.05e-06    3.0 
 19   -122.4318396505   -1.75e-11   2.12e-06    2.0 
Energy breakdown:
    Kinetic             94.9211523
    AtomicLocal         -866.3708722
    AtomicNonlocal      9.3132861 
    Ewald               289.5847490
    PspCorrection       0.0002828 
    Hartree             385.2428155
    Xc                  -35.1232532

    total               -122.431839650454

 ──────────────────────────────────────────────────────────────────────────────
                                       Time                   Allocations      
                               ──────────────────────   ───────────────────────
       Tot / % measured:            1794s / 100%             825GiB / 100%     

 Section               ncalls     time   %tot     avg     alloc   %tot      avg
 ──────────────────────────────────────────────────────────────────────────────
 self_consistent_field      1    1792s   100%   1792s    825GiB  100%    825GiB
   LOBPCG                  19    1168s  65.2%   61.5s    296GiB  35.9%  15.6GiB
     Hamiltonian mu...     79     735s  41.0%   9.30s   40.8GiB  4.95%   529MiB
     block multipli...    283    78.5s  4.38%   277ms   56.1GiB  6.80%   203MiB
     ortho                246    77.8s  4.34%   316ms   47.4GiB  5.74%   197MiB
     rayleigh_ritz         60    59.1s  3.30%   986ms   27.4MiB  0.00%   468KiB
   energy_hamiltonian      39     413s  23.1%   10.6s    368GiB  44.7%  9.45GiB
   compute_density         19     172s  9.59%   9.05s    129GiB  15.6%  6.77GiB
   KerkerDosMixing         19    857ms  0.05%  45.1ms   4.28GiB  0.52%   231MiB
     SimpleMixing          19    851ms  0.05%  44.8ms   4.28GiB  0.52%   231MiB
   QR orthonormaliz...     19   45.4μs  0.00%  2.39μs     0.00B  0.00%    0.00B
 ──────────────────────────────────────────────────────────────────────────────

Total time in ns: 1792945283947
