Julia version: 1.6.0-DEV.1324

Threading configuration: 
       JULIA_NUM_THREADS:   2
      JULIA_FFTW_THREADS:   1
      JULIA_BLAS_THREADS:   1
Payload:  Caffeine_scfres_guess.jld2

System facts:
    fft_size:      (216, 216, 216)
    kpoints:       1
    n_electrons:   74
    n_bands:       40

Compiling code ...
Timing SCF ...

n     Energy            Eₙ-Eₙ₋₁     ρout-ρin   Diag
---   ---------------   ---------   --------   ----
  1   -122.2354932168         NaN   9.80e-01    1.0 
  2   -122.1651998291    7.03e-02   4.17e-01    8.0 
  3   -121.9753184699    1.90e-01   4.74e-01    5.0 
  4   -122.3679490151   -3.93e-01   1.79e-01    5.0 
  5   -122.4301047115   -6.22e-02   3.37e-02    4.0 
  6   -122.4314834236   -1.38e-03   1.33e-02    3.0 
  7   -122.4317354590   -2.52e-04   6.78e-03    3.0 
  8   -122.4318285550   -9.31e-05   2.48e-03    2.0 
  9   -122.4318347580   -6.20e-06   1.33e-03    3.0 
 10   -122.4318386769   -3.92e-06   6.34e-04    3.0 
 11   -122.4318395409   -8.64e-07   1.97e-04    3.0 
 12   -122.4318396166   -7.57e-08   1.28e-04    2.0 
 13   -122.4318396432   -2.66e-08   5.59e-05    3.0 
 14   -122.4318396489   -5.71e-09   2.87e-05    2.0 
 15   -122.4318396500   -1.05e-09   1.98e-05    3.0 
 16   -122.4318396506   -5.90e-10   6.13e-06    3.0 
 17   -122.4318396506   -4.04e-11   3.94e-06    3.0 
 18   -122.4318396506   -2.81e-11   1.45e-06    3.0 
 19   -122.4318396507   -6.11e-12   7.52e-07    2.0 
Energy breakdown:
    Kinetic             94.9211499
    AtomicLocal         -866.3708749
    AtomicNonlocal      9.3132860 
    Ewald               289.5847490
    PspCorrection       0.0002828 
    Hartree             385.2428204
    Xc                  -35.1232528

    total               -122.431839650651

 ──────────────────────────────────────────────────────────────────────────────
                                       Time                   Allocations      
                               ──────────────────────   ───────────────────────
       Tot / % measured:            2475s / 100%             850GiB / 100%     

 Section               ncalls     time   %tot     avg     alloc   %tot      avg
 ──────────────────────────────────────────────────────────────────────────────
 self_consistent_field      1    2472s   100%   2472s    850GiB  100%    850GiB
   LOBPCG                  19    1622s  65.6%   85.3s    304GiB  35.7%  16.0GiB
     Hamiltonian mu...     80     864s  34.9%   10.8s   42.4GiB  4.99%   543MiB
     block multipli...    289     276s  11.2%   954ms   58.8GiB  6.92%   208MiB
     ortho                252     128s  5.16%   506ms   48.7GiB  5.73%   198MiB
     rayleigh_ritz         61     105s  4.25%   1.72s   28.9MiB  0.00%   486KiB
   energy_hamiltonian      39     511s  20.7%   13.1s    380GiB  44.7%  9.75GiB
   compute_density         19     305s  12.4%   16.1s    135GiB  15.8%  7.08GiB
   KerkerDosMixing         19    792ms  0.03%  41.7ms   4.28GiB  0.50%   231MiB
     SimpleMixing          19    787ms  0.03%  41.4ms   4.28GiB  0.50%   231MiB
   QR orthonormaliz...     19   30.7μs  0.00%  1.62μs     0.00B  0.00%    0.00B
 ──────────────────────────────────────────────────────────────────────────────

Total time in ns: 2473295550567
