Julia version: 1.6.0-DEV.1324

Threading configuration: 
       JULIA_NUM_THREADS:   2
      JULIA_FFTW_THREADS:   4
      JULIA_BLAS_THREADS:   1
Payload:  Caffeine_scfres_guess.jld2

System facts:
    fft_size:      (216, 216, 216)
    kpoints:       1
    n_electrons:   74
    n_bands:       40

Compiling code ...
Timing SCF ...

n     Energy            Eₙ-Eₙ₋₁     ρout-ρin   Diag
---   ---------------   ---------   --------   ----
  1   -122.2354932168         NaN   9.80e-01    1.0 
  2   -122.1655347755    7.00e-02   4.17e-01    8.0 
  3   -121.9748997013    1.91e-01   4.74e-01    5.0 
  4   -122.3678640557   -3.93e-01   1.79e-01    5.0 
  5   -122.4300979665   -6.22e-02   3.39e-02    4.0 
  6   -122.4314790756   -1.38e-03   1.35e-02    3.0 
  7   -122.4317334550   -2.54e-04   7.28e-03    2.0 
  8   -122.4318211819   -8.77e-05   2.72e-03    3.0 
  9   -122.4318362827   -1.51e-05   1.27e-03    2.0 
 10   -122.4318373419   -1.06e-06   9.43e-04    3.0 
 11   -122.4318393872   -2.05e-06   2.90e-04    3.0 
 12   -122.4318394331   -4.58e-08   3.46e-04    4.0 
 13   -122.4318395407   -1.08e-07   2.05e-04    3.0 
 14   -122.4318396268   -8.61e-08   9.48e-05    3.0 
 15   -122.4318396491   -2.24e-08   2.80e-05    2.0 
 16   -122.4318396502   -1.05e-09   1.84e-05    3.0 
 17   -122.4318396505   -2.72e-10   8.28e-06    2.0 
 18   -122.4318396506   -1.67e-10   3.50e-06    3.0 
 19   -122.4318396506   -9.93e-12   1.49e-06    2.0 
Energy breakdown:
    Kinetic             94.9211517
    AtomicLocal         -866.3708665
    AtomicNonlocal      9.3132860 
    Ewald               289.5847490
    PspCorrection       0.0002828 
    Hartree             385.2428104
    Xc                  -35.1232530

    total               -122.431839650643

 ──────────────────────────────────────────────────────────────────────────────
                                       Time                   Allocations      
                               ──────────────────────   ───────────────────────
       Tot / % measured:            2274s / 100%             843GiB / 100%     

 Section               ncalls     time   %tot     avg     alloc   %tot      avg
 ──────────────────────────────────────────────────────────────────────────────
 self_consistent_field      1    2271s   100%   2271s    842GiB  100%    842GiB
   LOBPCG                  19    1565s  68.9%   82.4s    296GiB  35.2%  15.6GiB
     Hamiltonian mu...     80     843s  37.1%   10.5s   41.5GiB  4.92%   531MiB
     block multipli...    289     260s  11.5%   900ms   55.8GiB  6.63%   198MiB
     ortho                252     127s  5.61%   506ms   47.2GiB  5.61%   192MiB
     rayleigh_ritz         61    96.6s  4.25%   1.58s   27.3MiB  0.00%   458KiB
   energy_hamiltonian      39     446s  19.6%   11.4s    380GiB  45.1%  9.75GiB
   compute_density         19     226s  10.0%   11.9s    135GiB  16.0%  7.08GiB
   KerkerDosMixing         19    788ms  0.03%  41.5ms   4.28GiB  0.51%   231MiB
     SimpleMixing          19    782ms  0.03%  41.2ms   4.28GiB  0.51%   231MiB
   QR orthonormaliz...     19   27.9μs  0.00%  1.47μs     0.00B  0.00%    0.00B
 ──────────────────────────────────────────────────────────────────────────────

Total time in ns: 2272188111056
