Julia version: 1.6.0-DEV.1324

Threading configuration: 
       JULIA_NUM_THREADS:   2
      JULIA_FFTW_THREADS:   3
      JULIA_BLAS_THREADS:   1
Payload:  Caffeine_scfres_guess.jld2

System facts:
    fft_size:      (216, 216, 216)
    kpoints:       1
    n_electrons:   74
    n_bands:       40

Compiling code ...
Timing SCF ...

n     Energy            Eₙ-Eₙ₋₁     ρout-ρin   Diag
---   ---------------   ---------   --------   ----
  1   -122.2354932168         NaN   9.80e-01    1.0 
  2   -122.1651032909    7.04e-02   4.17e-01    8.0 
  3   -121.9748964176    1.90e-01   4.74e-01    5.0 
  4   -122.3678696635   -3.93e-01   1.79e-01    5.0 
  5   -122.4301061170   -6.22e-02   3.38e-02    4.0 
  6   -122.4314814940   -1.38e-03   1.35e-02    3.0 
  7   -122.4317331713   -2.52e-04   7.31e-03    2.0 
  8   -122.4318208524   -8.77e-05   2.74e-03    3.0 
  9   -122.4318363394   -1.55e-05   1.25e-03    2.0 
 10   -122.4318372892   -9.50e-07   9.55e-04    3.0 
 11   -122.4318394340   -2.14e-06   2.83e-04    2.0 
 12   -122.4318394610   -2.70e-08   3.13e-04    4.0 
 13   -122.4318395640   -1.03e-07   1.72e-04    3.0 
 14   -122.4318396401   -7.61e-08   6.91e-05    3.0 
 15   -122.4318396487   -8.56e-09   3.03e-05    3.0 
 16   -122.4318396501   -1.42e-09   1.79e-05    2.0 
 17   -122.4318396505   -3.13e-10   8.75e-06    2.0 
 18   -122.4318396506   -1.74e-10   3.89e-06    3.0 
 19   -122.4318396506   -1.39e-11   2.06e-06    2.0 
Energy breakdown:
    Kinetic             94.9211524
    AtomicLocal         -866.3708674
    AtomicNonlocal      9.3132862 
    Ewald               289.5847490
    PspCorrection       0.0002828 
    Hartree             385.2428105
    Xc                  -35.1232531

    total               -122.431839650640

 ──────────────────────────────────────────────────────────────────────────────
                                       Time                   Allocations      
                               ──────────────────────   ───────────────────────
       Tot / % measured:            2393s / 100%             845GiB / 100%     

 Section               ncalls     time   %tot     avg     alloc   %tot      avg
 ──────────────────────────────────────────────────────────────────────────────
 self_consistent_field      1    2391s   100%   2391s    845GiB  100%    845GiB
   LOBPCG                  19    1648s  68.9%   86.8s    299GiB  35.3%  15.7GiB
     Hamiltonian mu...     79     911s  38.1%   11.5s   41.8GiB  4.95%   541MiB
     block multipli...    282     266s  11.1%   942ms   56.8GiB  6.72%   206MiB
     ortho                247     129s  5.37%   520ms   47.7GiB  5.64%   198MiB
     rayleigh_ritz         60     101s  4.22%   1.68s   27.7MiB  0.00%   473KiB
   energy_hamiltonian      39     464s  19.4%   11.9s    380GiB  45.0%  9.75GiB
   compute_density         19     244s  10.2%   12.9s    135GiB  15.9%  7.08GiB
   KerkerDosMixing         19    787ms  0.03%  41.4ms   4.28GiB  0.51%   231MiB
     SimpleMixing          19    782ms  0.03%  41.1ms   4.28GiB  0.51%   231MiB
   QR orthonormaliz...     19   27.0μs  0.00%  1.42μs     0.00B  0.00%    0.00B
 ──────────────────────────────────────────────────────────────────────────────

Total time in ns: 2391911233489
