Julia version: 1.6.0-DEV.1324

Threading configuration: 
       JULIA_NUM_THREADS:   2
      JULIA_FFTW_THREADS:   2
      JULIA_BLAS_THREADS:   1
Payload:  Caffeine_scfres_guess.jld2

System facts:
    fft_size:      (216, 216, 216)
    kpoints:       1
    n_electrons:   74
    n_bands:       40

Compiling code ...
Timing SCF ...

n     Energy            Eₙ-Eₙ₋₁     ρout-ρin   Diag
---   ---------------   ---------   --------   ----
  1   -122.2354932168         NaN   9.80e-01    1.0 
  2   -122.1649009369    7.06e-02   4.17e-01    8.0 
  3   -121.9745858704    1.90e-01   4.75e-01    5.0 
  4   -122.3679885295   -3.93e-01   1.79e-01    5.0 
  5   -122.4300996336   -6.21e-02   3.39e-02    4.0 
  6   -122.4314500417   -1.35e-03   1.40e-02    3.0 
  7   -122.4317257391   -2.76e-04   6.91e-03    3.0 
  8   -122.4318245848   -9.88e-05   2.99e-03    3.0 
  9   -122.4318338238   -9.24e-06   1.62e-03    3.0 
 10   -122.4318388036   -4.98e-06   5.99e-04    3.0 
 11   -122.4318394283   -6.25e-07   3.17e-04    2.0 
 12   -122.4318396113   -1.83e-07   1.12e-04    3.0 
 13   -122.4318396422   -3.10e-08   7.67e-05    3.0 
 14   -122.4318396485   -6.25e-09   3.30e-05    4.0 
 15   -122.4318396498   -1.34e-09   2.23e-05    2.0 
 16   -122.4318396505   -7.31e-10   7.87e-06    3.0 
 17   -122.4318396506   -8.67e-11   4.43e-06    2.0 
 18   -122.4318396506   -2.21e-11   1.99e-06    2.0 
 19   -122.4318396507   -9.59e-12   6.90e-07    3.0 
Energy breakdown:
    Kinetic             94.9211490
    AtomicLocal         -866.3708678
    AtomicNonlocal      9.3132856 
    Ewald               289.5847490
    PspCorrection       0.0002828 
    Hartree             385.2428142
    Xc                  -35.1232526

    total               -122.431839650651

 ──────────────────────────────────────────────────────────────────────────────
                                       Time                   Allocations      
                               ──────────────────────   ───────────────────────
       Tot / % measured:            2303s / 100%             850GiB / 100%     

 Section               ncalls     time   %tot     avg     alloc   %tot      avg
 ──────────────────────────────────────────────────────────────────────────────
 self_consistent_field      1    2300s   100%   2300s    849GiB  100%    849GiB
   LOBPCG                  19    1601s  69.6%   84.2s    303GiB  35.7%  16.0GiB
     Hamiltonian mu...     81     849s  36.9%   10.5s   42.4GiB  4.99%   536MiB
     block multipli...    294     274s  11.9%   933ms   58.6GiB  6.90%   204MiB
     ortho                257     131s  5.69%   509ms   48.6GiB  5.72%   194MiB
     rayleigh_ritz         62     103s  4.47%   1.66s   28.7MiB  0.00%   474KiB
   energy_hamiltonian      39     444s  19.3%   11.4s    380GiB  44.8%  9.75GiB
   compute_density         19     223s  9.68%   11.7s    135GiB  15.8%  7.08GiB
   KerkerDosMixing         19    791ms  0.03%  41.6ms   4.28GiB  0.50%   231MiB
     SimpleMixing          19    786ms  0.03%  41.3ms   4.28GiB  0.50%   231MiB
   QR orthonormaliz...     19   26.1μs  0.00%  1.38μs     0.00B  0.00%    0.00B
 ──────────────────────────────────────────────────────────────────────────────

Total time in ns: 2301180462206
