Julia version: 1.6.0-DEV.1324

Threading configuration: 
       JULIA_NUM_THREADS:   2
      JULIA_FFTW_THREADS:   1
      JULIA_BLAS_THREADS:   2
Payload:  Caffeine_scfres_guess.jld2

System facts:
    fft_size:      (216, 216, 216)
    kpoints:       1
    n_electrons:   74
    n_bands:       40

Compiling code ...
Timing SCF ...

n     Energy            Eₙ-Eₙ₋₁     ρout-ρin   Diag
---   ---------------   ---------   --------   ----
  1   -122.2354932167         NaN   9.80e-01    1.0 
  2   -122.1651092593    7.04e-02   4.17e-01    8.0 
  3   -121.9744978503    1.91e-01   4.75e-01    5.0 
  4   -122.3679579509   -3.93e-01   1.79e-01    5.0 
  5   -122.4300989698   -6.21e-02   3.39e-02    4.0 
  6   -122.4314805485   -1.38e-03   1.35e-02    3.0 
  7   -122.4317323701   -2.52e-04   7.30e-03    2.0 
  8   -122.4318204899   -8.81e-05   2.76e-03    3.0 
  9   -122.4318360435   -1.56e-05   1.30e-03    2.0 
 10   -122.4318373256   -1.28e-06   9.71e-04    3.0 
 11   -122.4318393699   -2.04e-06   3.04e-04    2.0 
 12   -122.4318393931   -2.32e-08   3.88e-04    4.0 
 13   -122.4318395106   -1.17e-07   2.34e-04    3.0 
 14   -122.4318396189   -1.08e-07   1.11e-04    3.0 
 15   -122.4318396482   -2.93e-08   3.15e-05    2.0 
 16   -122.4318396498   -1.63e-09   2.32e-05    3.0 
 17   -122.4318396502   -3.45e-10   1.21e-05    2.0 
 18   -122.4318396505   -3.19e-10   3.45e-06    2.0 
 19   -122.4318396505   -1.30e-11   1.45e-06    2.0 
Energy breakdown:
    Kinetic             94.9211526
    AtomicLocal         -866.3708739
    AtomicNonlocal      9.3132859 
    Ewald               289.5847490
    PspCorrection       0.0002828 
    Hartree             385.2428171
    Xc                  -35.1232531

    total               -122.431839650514

 ──────────────────────────────────────────────────────────────────────────────
                                       Time                   Allocations      
                               ──────────────────────   ───────────────────────
       Tot / % measured:            2187s / 100%             844GiB / 100%     

 Section               ncalls     time   %tot     avg     alloc   %tot      avg
 ──────────────────────────────────────────────────────────────────────────────
 self_consistent_field      1    2185s   100%   2185s    844GiB  100%    844GiB
   LOBPCG                  19    1341s  61.4%   70.6s    298GiB  35.3%  15.7GiB
     Hamiltonian mu...     78     830s  38.0%   10.6s   41.7GiB  4.93%   547MiB
     block multipli...    277     141s  6.46%   510ms   56.5GiB  6.70%   209MiB
     ortho                242    88.7s  4.06%   367ms   47.6GiB  5.64%   201MiB
     rayleigh_ritz         59    71.6s  3.28%   1.21s   28.0MiB  0.00%   486KiB
   energy_hamiltonian      39     504s  23.1%   12.9s    380GiB  45.0%  9.75GiB
   compute_density         19     305s  14.0%   16.1s    135GiB  15.9%  7.08GiB
   KerkerDosMixing         19    790ms  0.04%  41.6ms   4.28GiB  0.51%   231MiB
     SimpleMixing          19    785ms  0.04%  41.3ms   4.28GiB  0.51%   231MiB
   QR orthonormaliz...     19   31.8μs  0.00%  1.67μs     0.00B  0.00%    0.00B
 ──────────────────────────────────────────────────────────────────────────────

Total time in ns: 2185593872573
