Julia version: 1.6.0-DEV.1324

Threading configuration: 
       JULIA_NUM_THREADS:   2
      JULIA_FFTW_THREADS:   2
      JULIA_BLAS_THREADS:   2
Payload:  Caffeine_scfres_guess.jld2

System facts:
    fft_size:      (216, 216, 216)
    kpoints:       1
    n_electrons:   74
    n_bands:       40

Compiling code ...
Timing SCF ...

n     Energy            Eₙ-Eₙ₋₁     ρout-ρin   Diag
---   ---------------   ---------   --------   ----
  1   -122.2354932167         NaN   9.80e-01    1.0 
  2   -122.1652356604    7.03e-02   4.17e-01    8.0 
  3   -121.9750373565    1.90e-01   4.74e-01    5.0 
  4   -122.3679393391   -3.93e-01   1.79e-01    5.0 
  5   -122.4301031877   -6.22e-02   3.38e-02    4.0 
  6   -122.4314815430   -1.38e-03   1.36e-02    3.0 
  7   -122.4317314033   -2.50e-04   7.34e-03    2.0 
  8   -122.4318212878   -8.99e-05   2.72e-03    3.0 
  9   -122.4318362994   -1.50e-05   1.24e-03    2.0 
 10   -122.4318371783   -8.79e-07   9.67e-04    4.0 
 11   -122.4318393679   -2.19e-06   3.00e-04    3.0 
 12   -122.4318394060   -3.81e-08   3.73e-04    4.0 
 13   -122.4318395202   -1.14e-07   2.24e-04    3.0 
 14   -122.4318396220   -1.02e-07   1.01e-04    3.0 
 15   -122.4318396486   -2.66e-08   3.10e-05    2.0 
 16   -122.4318396500   -1.43e-09   2.10e-05    3.0 
 17   -122.4318396502   -2.41e-10   1.11e-05    2.0 
 18   -122.4318396505   -2.56e-10   3.55e-06    3.0 
 19   -122.4318396505   -2.85e-11   2.37e-06    3.0 
Energy breakdown:
    Kinetic             94.9211450
    AtomicLocal         -866.3708517
    AtomicNonlocal      9.3132855 
    Ewald               289.5847490
    PspCorrection       0.0002828 
    Hartree             385.2428017
    Xc                  -35.1232519

    total               -122.431839650508

 ──────────────────────────────────────────────────────────────────────────────
                                       Time                   Allocations      
                               ──────────────────────   ───────────────────────
       Tot / % measured:            2048s / 100%             844GiB / 100%     

 Section               ncalls     time   %tot     avg     alloc   %tot      avg
 ──────────────────────────────────────────────────────────────────────────────
 self_consistent_field      1    2045s   100%   2045s    844GiB  100%    844GiB
   LOBPCG                  19    1346s  65.8%   70.8s    297GiB  35.3%  15.7GiB
     Hamiltonian mu...     82     840s  41.1%   10.2s   41.6GiB  4.94%   520MiB
     block multipli...    301     142s  6.93%   471ms   56.3GiB  6.67%   191MiB
     ortho                263    91.5s  4.48%   348ms   47.5GiB  5.63%   185MiB
     rayleigh_ritz         63    69.0s  3.38%   1.10s   27.3MiB  0.00%   444KiB
   energy_hamiltonian      39     439s  21.5%   11.3s    380GiB  45.1%  9.75GiB
   compute_density         19     227s  11.1%   11.9s    135GiB  16.0%  7.08GiB
   KerkerDosMixing         19    795ms  0.04%  41.8ms   4.28GiB  0.51%   231MiB
     SimpleMixing          19    790ms  0.04%  41.6ms   4.28GiB  0.51%   231MiB
   QR orthonormaliz...     19   27.7μs  0.00%  1.46μs     0.00B  0.00%    0.00B
 ──────────────────────────────────────────────────────────────────────────────

Total time in ns: 2046187894403
