Julia version: 1.6.0-DEV.1324

Threading configuration: 
       JULIA_NUM_THREADS:   2
      JULIA_FFTW_THREADS:   3
      JULIA_BLAS_THREADS:   2
Payload:  Caffeine_scfres_guess.jld2

System facts:
    fft_size:      (216, 216, 216)
    kpoints:       1
    n_electrons:   74
    n_bands:       40

Compiling code ...
Timing SCF ...

n     Energy            Eₙ-Eₙ₋₁     ρout-ρin   Diag
---   ---------------   ---------   --------   ----
  1   -122.2354932167         NaN   9.80e-01    1.0 
  2   -122.1647321133    7.08e-02   4.17e-01    8.0 
  3   -121.9742449377    1.90e-01   4.75e-01    5.0 
  4   -122.3679436944   -3.94e-01   1.79e-01    5.0 
  5   -122.4301084183   -6.22e-02   3.38e-02    4.0 
  6   -122.4314964250   -1.39e-03   1.31e-02    3.0 
  7   -122.4317362645   -2.40e-04   7.25e-03    2.0 
  8   -122.4318212369   -8.50e-05   2.68e-03    3.0 
  9   -122.4318366230   -1.54e-05   1.23e-03    2.0 
 10   -122.4318373149   -6.92e-07   9.47e-04    3.0 
 11   -122.4318393819   -2.07e-06   2.98e-04    3.0 
 12   -122.4318394336   -5.16e-08   3.50e-04    4.0 
 13   -122.4318395389   -1.05e-07   2.07e-04    3.0 
 14   -122.4318396267   -8.78e-08   9.51e-05    3.0 
 15   -122.4318396486   -2.19e-08   2.92e-05    2.0 
 16   -122.4318396499   -1.27e-09   2.06e-05    4.0 
 17   -122.4318396503   -4.26e-10   9.28e-06    2.0 
 18   -122.4318396505   -2.01e-10   3.35e-06    3.0 
 19   -122.4318396505   -1.52e-11   1.60e-06    2.0 
Energy breakdown:
    Kinetic             94.9211506
    AtomicLocal         -866.3708662
    AtomicNonlocal      9.3132860 
    Ewald               289.5847490
    PspCorrection       0.0002828 
    Hartree             385.2428111
    Xc                  -35.1232529

    total               -122.431839650512

 ──────────────────────────────────────────────────────────────────────────────
                                       Time                   Allocations      
                               ──────────────────────   ───────────────────────
       Tot / % measured:            2085s / 100%             842GiB / 100%     

 Section               ncalls     time   %tot     avg     alloc   %tot      avg
 ──────────────────────────────────────────────────────────────────────────────
 self_consistent_field      1    2083s   100%   2083s    842GiB  100%    842GiB
   LOBPCG                  19    1353s  65.0%   71.2s    296GiB  35.1%  15.6GiB
     Hamiltonian mu...     81     847s  40.7%   10.5s   41.4GiB  4.92%   524MiB
     block multipli...    294     141s  6.75%   478ms   55.6GiB  6.60%   194MiB
     ortho                256    90.5s  4.35%   354ms   47.1GiB  5.59%   188MiB
     rayleigh_ritz         62    70.9s  3.40%   1.14s   27.2MiB  0.00%   449KiB
   energy_hamiltonian      39     456s  21.9%   11.7s    380GiB  45.2%  9.75GiB
   compute_density         19     239s  11.5%   12.6s    135GiB  16.0%  7.08GiB
   KerkerDosMixing         19    788ms  0.04%  41.5ms   4.28GiB  0.51%   231MiB
     SimpleMixing          19    783ms  0.04%  41.2ms   4.28GiB  0.51%   231MiB
   QR orthonormaliz...     19   30.0μs  0.00%  1.58μs     0.00B  0.00%    0.00B
 ──────────────────────────────────────────────────────────────────────────────

Total time in ns: 2083909449125
