Julia version: 1.6.0-DEV.1324

Threading configuration: 
       JULIA_NUM_THREADS:   2
      JULIA_FFTW_THREADS:   4
      JULIA_BLAS_THREADS:   2
Payload:  Caffeine_scfres_guess.jld2

System facts:
    fft_size:      (216, 216, 216)
    kpoints:       1
    n_electrons:   74
    n_bands:       40

Compiling code ...
Timing SCF ...

n     Energy            Eₙ-Eₙ₋₁     ρout-ρin   Diag
---   ---------------   ---------   --------   ----
  1   -122.2354932167         NaN   9.80e-01    1.0 
  2   -122.1644131033    7.11e-02   4.17e-01    8.0 
  3   -121.9735384024    1.91e-01   4.75e-01    5.0 
  4   -122.3678699704   -3.94e-01   1.79e-01    5.0 
  5   -122.4300885806   -6.22e-02   3.40e-02    4.0 
  6   -122.4314871226   -1.40e-03   1.34e-02    3.0 
  7   -122.4317323486   -2.45e-04   7.25e-03    2.0 
  8   -122.4318211628   -8.88e-05   2.72e-03    3.0 
  9   -122.4318362979   -1.51e-05   1.26e-03    2.0 
 10   -122.4318369397   -6.42e-07   9.97e-04    3.0 
 11   -122.4318393568   -2.42e-06   3.06e-04    3.0 
 12   -122.4318394158   -5.91e-08   3.54e-04    4.0 
 13   -122.4318395335   -1.18e-07   2.10e-04    3.0 
 14   -122.4318396249   -9.14e-08   9.74e-05    3.0 
 15   -122.4318396488   -2.39e-08   2.87e-05    2.0 
 16   -122.4318396500   -1.23e-09   1.85e-05    4.0 
 17   -122.4318396503   -3.06e-10   8.40e-06    2.0 
 18   -122.4318396505   -1.80e-10   2.85e-06    3.0 
 19   -122.4318396505   -1.41e-11   1.23e-06    2.0 
Energy breakdown:
    Kinetic             94.9211520
    AtomicLocal         -866.3708744
    AtomicNonlocal      9.3132860 
    Ewald               289.5847490
    PspCorrection       0.0002828 
    Hartree             385.2428181
    Xc                  -35.1232531

    total               -122.431839650516

 ──────────────────────────────────────────────────────────────────────────────
                                       Time                   Allocations      
                               ──────────────────────   ───────────────────────
       Tot / % measured:            2062s / 100%             847GiB / 100%     

 Section               ncalls     time   %tot     avg     alloc   %tot      avg
 ──────────────────────────────────────────────────────────────────────────────
 self_consistent_field      1    2059s   100%   2059s    846GiB  100%    846GiB
   LOBPCG                  19    1357s  65.9%   71.4s    300GiB  35.5%  15.8GiB
     Hamiltonian mu...     81     847s  41.1%   10.5s   42.0GiB  4.97%   531MiB
     block multipli...    294     142s  6.91%   484ms   57.4GiB  6.78%   200MiB
     ortho                255    93.4s  4.54%   366ms   48.0GiB  5.67%   193MiB
     rayleigh_ritz         62    69.6s  3.38%   1.12s   28.1MiB  0.00%   464KiB
   energy_hamiltonian      39     443s  21.5%   11.4s    380GiB  44.9%  9.75GiB
   compute_density         19     226s  11.0%   11.9s    135GiB  15.9%  7.08GiB
   KerkerDosMixing         19    795ms  0.04%  41.8ms   4.28GiB  0.51%   231MiB
     SimpleMixing          19    789ms  0.04%  41.5ms   4.28GiB  0.51%   231MiB
   QR orthonormaliz...     19   27.6μs  0.00%  1.45μs     0.00B  0.00%    0.00B
 ──────────────────────────────────────────────────────────────────────────────

Total time in ns: 2060206397871
