Julia version: 1.6.0-DEV.1324

Threading configuration: 
       JULIA_NUM_THREADS:   2
      JULIA_FFTW_THREADS:   1
      JULIA_BLAS_THREADS:   3
Payload:  Caffeine_scfres_guess.jld2

System facts:
    fft_size:      (216, 216, 216)
    kpoints:       1
    n_electrons:   74
    n_bands:       40

Compiling code ...
Timing SCF ...

n     Energy            Eₙ-Eₙ₋₁     ρout-ρin   Diag
---   ---------------   ---------   --------   ----
  1   -122.2354932167         NaN   9.80e-01    1.0 
  2   -122.1657608406    6.97e-02   4.17e-01    8.0 
  3   -121.9762671867    1.89e-01   4.74e-01    5.0 
  4   -122.3680088462   -3.92e-01   1.79e-01    5.0 
  5   -122.4300945132   -6.21e-02   3.39e-02    4.0 
  6   -122.4314712662   -1.38e-03   1.36e-02    3.0 
  7   -122.4317277062   -2.56e-04   6.96e-03    3.0 
  8   -122.4318216384   -9.39e-05   2.70e-03    3.0 
  9   -122.4318362442   -1.46e-05   1.22e-03    2.0 
 10   -122.4318375331   -1.29e-06   8.58e-04    3.0 
 11   -122.4318394567   -1.92e-06   2.44e-04    2.0 
 12   -122.4318394259    3.08e-08   3.46e-04    3.0 
 13   -122.4318395781   -1.52e-07   1.67e-04    3.0 
 14   -122.4318396400   -6.19e-08   6.96e-05    2.0 
 15   -122.4318396486   -8.59e-09   3.37e-05    3.0 
 16   -122.4318396496   -9.44e-10   2.32e-05    3.0 
 17   -122.4318396501   -5.89e-10   1.13e-05    3.0 
 18   -122.4318396505   -3.22e-10   4.00e-06    3.0 
 19   -122.4318396505    4.72e-12   4.12e-06    3.0 
Energy breakdown:
    Kinetic             94.9211551
    AtomicLocal         -866.3708560
    AtomicNonlocal      9.3132857 
    Ewald               289.5847490
    PspCorrection       0.0002828 
    Hartree             385.2427972
    Xc                  -35.1232535

    total               -122.431839650457

 ──────────────────────────────────────────────────────────────────────────────
                                       Time                   Allocations      
                               ──────────────────────   ───────────────────────
       Tot / % measured:            2216s / 100%             851GiB / 100%     

 Section               ncalls     time   %tot     avg     alloc   %tot      avg
 ──────────────────────────────────────────────────────────────────────────────
 self_consistent_field      1    2213s   100%   2213s    851GiB  100%    851GiB
   LOBPCG                  19    1332s  60.2%   70.1s    305GiB  35.8%  16.0GiB
     Hamiltonian mu...     81     873s  39.4%   10.8s   42.6GiB  5.01%   539MiB
     block multipli...    293     104s  4.68%   353ms   59.2GiB  6.96%   207MiB
     ortho                256    81.8s  3.70%   320ms   48.9GiB  5.75%   196MiB
     rayleigh_ritz         62    61.1s  2.76%   985ms   29.0MiB  0.00%   478KiB
   energy_hamiltonian      39     531s  24.0%   13.6s    380GiB  44.7%  9.75GiB
   compute_density         19     310s  14.0%   16.3s    135GiB  15.8%  7.08GiB
   KerkerDosMixing         19    793ms  0.04%  41.7ms   4.28GiB  0.50%   231MiB
     SimpleMixing          19    786ms  0.04%  41.4ms   4.28GiB  0.50%   231MiB
   QR orthonormaliz...     19   39.0μs  0.00%  2.05μs     0.00B  0.00%    0.00B
 ──────────────────────────────────────────────────────────────────────────────

Total time in ns: 2214612166544
