Julia version: 1.6.0-DEV.1324

Threading configuration: 
       JULIA_NUM_THREADS:   2
      JULIA_FFTW_THREADS:   3
      JULIA_BLAS_THREADS:   3
Payload:  Caffeine_scfres_guess.jld2

System facts:
    fft_size:      (216, 216, 216)
    kpoints:       1
    n_electrons:   74
    n_bands:       40

Compiling code ...
Timing SCF ...

n     Energy            Eₙ-Eₙ₋₁     ρout-ρin   Diag
---   ---------------   ---------   --------   ----
  1   -122.2354932167         NaN   9.80e-01    1.0 
  2   -122.1650655959    7.04e-02   4.17e-01    8.0 
  3   -121.9742264980    1.91e-01   4.75e-01    5.0 
  4   -122.3679269343   -3.94e-01   1.79e-01    5.0 
  5   -122.4300883025   -6.22e-02   3.39e-02    4.0 
  6   -122.4314718159   -1.38e-03   1.36e-02    3.0 
  7   -122.4317317532   -2.60e-04   7.37e-03    2.0 
  8   -122.4318208432   -8.91e-05   2.77e-03    3.0 
  9   -122.4318360870   -1.52e-05   1.30e-03    2.0 
 10   -122.4318372953   -1.21e-06   9.61e-04    3.0 
 11   -122.4318393749   -2.08e-06   2.95e-04    3.0 
 12   -122.4318394097   -3.48e-08   3.75e-04    4.0 
 13   -122.4318395231   -1.13e-07   2.22e-04    3.0 
 14   -122.4318396205   -9.75e-08   1.07e-04    2.0 
 15   -122.4318396484   -2.79e-08   3.08e-05    2.0 
 16   -122.4318396496   -1.23e-09   2.47e-05    4.0 
 17   -122.4318396501   -4.61e-10   1.30e-05    2.0 
 18   -122.4318396505   -3.69e-10   4.02e-06    3.0 
 19   -122.4318396505   -1.89e-11   1.90e-06    2.0 
Energy breakdown:
    Kinetic             94.9211543
    AtomicLocal         -866.3708730
    AtomicNonlocal      9.3132865 
    Ewald               289.5847490
    PspCorrection       0.0002828 
    Hartree             385.2428143
    Xc                  -35.1232536

    total               -122.431839650481

 ──────────────────────────────────────────────────────────────────────────────
                                       Time                   Allocations      
                               ──────────────────────   ───────────────────────
       Tot / % measured:            2085s / 100%             842GiB / 100%     

 Section               ncalls     time   %tot     avg     alloc   %tot      avg
 ──────────────────────────────────────────────────────────────────────────────
 self_consistent_field      1    2082s   100%   2082s    842GiB  100%    842GiB
   LOBPCG                  19    1316s  63.2%   69.3s    296GiB  35.1%  15.6GiB
     Hamiltonian mu...     80     871s  41.8%   10.9s   41.4GiB  4.92%   530MiB
     block multipli...    288    98.5s  4.73%   342ms   55.6GiB  6.60%   198MiB
     ortho                250    86.3s  4.14%   345ms   47.1GiB  5.59%   193MiB
     rayleigh_ritz         61    57.8s  2.78%   947ms   27.2MiB  0.00%   456KiB
   energy_hamiltonian      39     478s  22.9%   12.2s    380GiB  45.2%  9.75GiB
   compute_density         19     248s  11.9%   13.1s    135GiB  16.0%  7.08GiB
   KerkerDosMixing         19    813ms  0.04%  42.8ms   4.28GiB  0.51%   231MiB
     SimpleMixing          19    806ms  0.04%  42.4ms   4.28GiB  0.51%   231MiB
   QR orthonormaliz...     19   32.1μs  0.00%  1.69μs     0.00B  0.00%    0.00B
 ──────────────────────────────────────────────────────────────────────────────

Total time in ns: 2083241505119
