Julia version: 1.6.0-DEV.1324

Threading configuration: 
       JULIA_NUM_THREADS:   2
      JULIA_FFTW_THREADS:   2
      JULIA_BLAS_THREADS:   3
Payload:  Caffeine_scfres_guess.jld2

System facts:
    fft_size:      (216, 216, 216)
    kpoints:       1
    n_electrons:   74
    n_bands:       40

Compiling code ...
Timing SCF ...

n     Energy            Eₙ-Eₙ₋₁     ρout-ρin   Diag
---   ---------------   ---------   --------   ----
  1   -122.2354932167         NaN   9.80e-01    1.0 
  2   -122.1650894791    7.04e-02   4.17e-01    8.0 
  3   -121.9742392332    1.91e-01   4.75e-01    5.0 
  4   -122.3679181086   -3.94e-01   1.79e-01    5.0 
  5   -122.4301044743   -6.22e-02   3.38e-02    4.0 
  6   -122.4314714857   -1.37e-03   1.37e-02    3.0 
  7   -122.4317300982   -2.59e-04   7.37e-03    2.0 
  8   -122.4318211731   -9.11e-05   2.72e-03    3.0 
  9   -122.4318363226   -1.51e-05   1.27e-03    2.0 
 10   -122.4318372583   -9.36e-07   9.61e-04    3.0 
 11   -122.4318393704   -2.11e-06   2.99e-04    3.0 
 12   -122.4318394127   -4.23e-08   3.70e-04    4.0 
 13   -122.4318395224   -1.10e-07   2.22e-04    3.0 
 14   -122.4318396237   -1.01e-07   1.01e-04    3.0 
 15   -122.4318396483   -2.46e-08   3.08e-05    2.0 
 16   -122.4318396501   -1.76e-09   1.78e-05    3.0 
 17   -122.4318396503   -2.29e-10   8.59e-06    2.0 
 18   -122.4318396505   -1.64e-10   3.31e-06    2.0 
 19   -122.4318396505   -2.15e-11   1.78e-06    2.0 
Energy breakdown:
    Kinetic             94.9211455
    AtomicLocal         -866.3708590
    AtomicNonlocal      9.3132855 
    Ewald               289.5847490
    PspCorrection       0.0002828 
    Hartree             385.2428086
    Xc                  -35.1232519

    total               -122.431839650483

 ──────────────────────────────────────────────────────────────────────────────
                                       Time                   Allocations      
                               ──────────────────────   ───────────────────────
       Tot / % measured:            2007s / 100%             843GiB / 100%     

 Section               ncalls     time   %tot     avg     alloc   %tot      avg
 ──────────────────────────────────────────────────────────────────────────────
 self_consistent_field      1    2005s   100%   2005s    842GiB  100%    842GiB
   LOBPCG                  19    1284s  64.0%   67.6s    296GiB  35.2%  15.6GiB
     Hamiltonian mu...     79     842s  42.0%   10.7s   41.5GiB  4.92%   537MiB
     block multipli...    283    97.3s  4.85%   344ms   55.9GiB  6.63%   202MiB
     ortho                248    85.8s  4.28%   346ms   47.3GiB  5.61%   195MiB
     rayleigh_ritz         60    57.2s  2.85%   954ms   27.4MiB  0.00%   467KiB
   energy_hamiltonian      39     455s  22.7%   11.7s    380GiB  45.1%  9.75GiB
   compute_density         19     226s  11.3%   11.9s    135GiB  16.0%  7.08GiB
   KerkerDosMixing         19    789ms  0.04%  41.5ms   4.28GiB  0.51%   231MiB
     SimpleMixing          19    783ms  0.04%  41.2ms   4.28GiB  0.51%   231MiB
   QR orthonormaliz...     19   32.6μs  0.00%  1.72μs     0.00B  0.00%    0.00B
 ──────────────────────────────────────────────────────────────────────────────

Total time in ns: 2005657543510
