Julia version: 1.6.0-DEV.1324

Threading configuration: 
       JULIA_NUM_THREADS:   2
      JULIA_FFTW_THREADS:   4
      JULIA_BLAS_THREADS:   3
Payload:  Caffeine_scfres_guess.jld2

System facts:
    fft_size:      (216, 216, 216)
    kpoints:       1
    n_electrons:   74
    n_bands:       40

Compiling code ...
Timing SCF ...

n     Energy            Eₙ-Eₙ₋₁     ρout-ρin   Diag
---   ---------------   ---------   --------   ----
  1   -122.2354932167         NaN   9.80e-01    1.0 
  2   -122.1651020467    7.04e-02   4.17e-01    8.0 
  3   -121.9742293264    1.91e-01   4.75e-01    5.0 
  4   -122.3678775866   -3.94e-01   1.79e-01    5.0 
  5   -122.4300889488   -6.22e-02   3.39e-02    4.0 
  6   -122.4314836604   -1.39e-03   1.34e-02    3.0 
  7   -122.4317321431   -2.48e-04   7.39e-03    2.0 
  8   -122.4318211222   -8.90e-05   2.72e-03    3.0 
  9   -122.4318362978   -1.52e-05   1.27e-03    2.0 
 10   -122.4318369504   -6.53e-07   1.01e-03    4.0 
 11   -122.4318393433   -2.39e-06   3.15e-04    3.0 
 12   -122.4318393629   -1.97e-08   3.85e-04    4.0 
 13   -122.4318395117   -1.49e-07   2.26e-04    3.0 
 14   -122.4318396280   -1.16e-07   9.17e-05    3.0 
 15   -122.4318396488   -2.09e-08   3.04e-05    3.0 
 16   -122.4318396496   -7.88e-10   2.32e-05    3.0 
 17   -122.4318396502   -5.66e-10   1.03e-05    2.0 
 18   -122.4318396505   -2.77e-10   3.96e-06    3.0 
 19   -122.4318396505   -1.85e-11   2.15e-06    3.0 
Energy breakdown:
    Kinetic             94.9211516
    AtomicLocal         -866.3708645
    AtomicNonlocal      9.3132863 
    Ewald               289.5847490
    PspCorrection       0.0002828 
    Hartree             385.2428083
    Xc                  -35.1232531

    total               -122.431839650478

 ──────────────────────────────────────────────────────────────────────────────
                                       Time                   Allocations      
                               ──────────────────────   ───────────────────────
       Tot / % measured:            2018s / 100%             846GiB / 100%     

 Section               ncalls     time   %tot     avg     alloc   %tot      avg
 ──────────────────────────────────────────────────────────────────────────────
 self_consistent_field      1    2016s   100%   2016s    846GiB  100%    846GiB
   LOBPCG                  19    1290s  64.0%   67.9s    300GiB  35.4%  15.8GiB
     Hamiltonian mu...     83     845s  41.9%   10.2s   42.0GiB  4.96%   518MiB
     block multipli...    307     100s  4.95%   325ms   57.2GiB  6.76%   191MiB
     ortho                268    85.5s  4.24%   319ms   47.9GiB  5.67%   183MiB
     rayleigh_ritz         64    57.8s  2.87%   903ms   27.5MiB  0.00%   440KiB
   energy_hamiltonian      39     457s  22.7%   11.7s    380GiB  44.9%  9.75GiB
   compute_density         19     229s  11.4%   12.0s    135GiB  15.9%  7.08GiB
   KerkerDosMixing         19    792ms  0.04%  41.7ms   4.28GiB  0.51%   231MiB
     SimpleMixing          19    786ms  0.04%  41.4ms   4.28GiB  0.51%   231MiB
   QR orthonormaliz...     19   30.9μs  0.00%  1.63μs     0.00B  0.00%    0.00B
 ──────────────────────────────────────────────────────────────────────────────

Total time in ns: 2016659482248
