Julia version: 1.6.0-DEV.1324

Threading configuration: 
       JULIA_NUM_THREADS:   2
      JULIA_FFTW_THREADS:   1
      JULIA_BLAS_THREADS:   4
Payload:  Caffeine_scfres_guess.jld2

System facts:
    fft_size:      (216, 216, 216)
    kpoints:       1
    n_electrons:   74
    n_bands:       40

Compiling code ...
Timing SCF ...

n     Energy            Eₙ-Eₙ₋₁     ρout-ρin   Diag
---   ---------------   ---------   --------   ----
  1   -122.2354932166         NaN   9.80e-01    1.0 
  2   -122.1651213339    7.04e-02   4.17e-01    8.0 
  3   -121.9752550782    1.90e-01   4.74e-01    5.0 
  4   -122.3679552204   -3.93e-01   1.79e-01    5.0 
  5   -122.4301030943   -6.21e-02   3.38e-02    4.0 
  6   -122.4314760120   -1.37e-03   1.34e-02    3.0 
  7   -122.4317347423   -2.59e-04   7.28e-03    2.0 
  8   -122.4318205723   -8.58e-05   2.78e-03    3.0 
  9   -122.4318362278   -1.57e-05   1.28e-03    2.0 
 10   -122.4318373101   -1.08e-06   9.73e-04    3.0 
 11   -122.4318393705   -2.06e-06   3.06e-04    3.0 
 12   -122.4318394242   -5.36e-08   3.67e-04    4.0 
 13   -122.4318395217   -9.76e-08   2.22e-04    3.0 
 14   -122.4318396232   -1.01e-07   1.02e-04    3.0 
 15   -122.4318396486   -2.53e-08   2.89e-05    2.0 
 16   -122.4318396499   -1.34e-09   2.04e-05    3.0 
 17   -122.4318396502   -3.36e-10   9.46e-06    2.0 
 18   -122.4318396504   -2.06e-10   3.20e-06    2.0 
 19   -122.4318396505   -1.10e-11   1.29e-06    2.0 
Energy breakdown:
    Kinetic             94.9211522
    AtomicLocal         -866.3708744
    AtomicNonlocal      9.3132860 
    Ewald               289.5847490
    PspCorrection       0.0002828 
    Hartree             385.2428178
    Xc                  -35.1232531

    total               -122.431839650458

 ──────────────────────────────────────────────────────────────────────────────
                                       Time                   Allocations      
                               ──────────────────────   ───────────────────────
       Tot / % measured:            2138s / 100%             845GiB / 100%     

 Section               ncalls     time   %tot     avg     alloc   %tot      avg
 ──────────────────────────────────────────────────────────────────────────────
 self_consistent_field      1    2135s   100%   2135s    845GiB  100%    845GiB
   LOBPCG                  19    1261s  59.0%   66.3s    299GiB  35.4%  15.7GiB
     Hamiltonian mu...     79     839s  39.3%   10.6s   41.8GiB  4.94%   541MiB
     block multipli...    283    79.3s  3.72%   280ms   56.8GiB  6.73%   206MiB
     ortho                248    73.7s  3.45%   297ms   47.7GiB  5.65%   197MiB
     rayleigh_ritz         60    60.5s  2.83%   1.01s   28.0MiB  0.00%   479KiB
   energy_hamiltonian      39     527s  24.7%   13.5s    380GiB  45.0%  9.75GiB
   compute_density         19     306s  14.4%   16.1s    135GiB  15.9%  7.08GiB
   KerkerDosMixing         19    793ms  0.04%  41.7ms   4.28GiB  0.51%   231MiB
     SimpleMixing          19    786ms  0.04%  41.4ms   4.28GiB  0.51%   231MiB
   QR orthonormaliz...     19   34.7μs  0.00%  1.82μs     0.00B  0.00%    0.00B
 ──────────────────────────────────────────────────────────────────────────────

Total time in ns: 2136388158331
