Julia version: 1.6.0-DEV.1324

Threading configuration: 
       JULIA_NUM_THREADS:   2
      JULIA_FFTW_THREADS:   4
      JULIA_BLAS_THREADS:   4
Payload:  Caffeine_scfres_guess.jld2

System facts:
    fft_size:      (216, 216, 216)
    kpoints:       1
    n_electrons:   74
    n_bands:       40

Compiling code ...
Timing SCF ...

n     Energy            Eₙ-Eₙ₋₁     ρout-ρin   Diag
---   ---------------   ---------   --------   ----
  1   -122.2354932166         NaN   9.80e-01    1.0 
  2   -122.1640999003    7.14e-02   4.17e-01    8.0 
  3   -121.9732444865    1.91e-01   4.75e-01    5.0 
  4   -122.3680186654   -3.95e-01   1.79e-01    5.0 
  5   -122.4300808827   -6.21e-02   3.40e-02    4.0 
  6   -122.4314759500   -1.40e-03   1.36e-02    3.0 
  7   -122.4317300085   -2.54e-04   7.40e-03    2.0 
  8   -122.4318206598   -9.07e-05   2.78e-03    3.0 
  9   -122.4318358999   -1.52e-05   1.32e-03    2.0 
 10   -122.4318371343   -1.23e-06   1.01e-03    4.0 
 11   -122.4318393628   -2.23e-06   3.03e-04    3.0 
 12   -122.4318394033   -4.05e-08   3.85e-04    4.0 
 13   -122.4318395085   -1.05e-07   2.36e-04    3.0 
 14   -122.4318396196   -1.11e-07   1.09e-04    3.0 
 15   -122.4318396486   -2.90e-08   2.97e-05    2.0 
 16   -122.4318396499   -1.25e-09   2.23e-05    3.0 
 17   -122.4318396502   -3.71e-10   9.67e-06    2.0 
 18   -122.4318396504   -2.18e-10   3.90e-06    2.0 
 19   -122.4318396505   -1.31e-11   1.88e-06    2.0 
Energy breakdown:
    Kinetic             94.9211526
    AtomicLocal         -866.3708690
    AtomicNonlocal      9.3132859 
    Ewald               289.5847490
    PspCorrection       0.0002828 
    Hartree             385.2428122
    Xc                  -35.1232532

    total               -122.431839650454

 ──────────────────────────────────────────────────────────────────────────────
                                       Time                   Allocations      
                               ──────────────────────   ───────────────────────
       Tot / % measured:            1982s / 100%             842GiB / 100%     

 Section               ncalls     time   %tot     avg     alloc   %tot      avg
 ──────────────────────────────────────────────────────────────────────────────
 self_consistent_field      1    1980s   100%   1980s    842GiB  100%    842GiB
   LOBPCG                  19    1259s  63.6%   66.3s    296GiB  35.1%  15.6GiB
     Hamiltonian mu...     80     843s  42.6%   10.5s   41.4GiB  4.92%   530MiB
     ortho                252    78.7s  3.97%   312ms   47.1GiB  5.60%   192MiB
     block multipli...    289    77.2s  3.90%   267ms   55.6GiB  6.61%   197MiB
     rayleigh_ritz         61    58.6s  2.96%   961ms   27.3MiB  0.00%   458KiB
   energy_hamiltonian      39     454s  22.9%   11.6s    380GiB  45.2%  9.75GiB
   compute_density         19     228s  11.5%   12.0s    135GiB  16.0%  7.08GiB
   KerkerDosMixing         19    791ms  0.04%  41.6ms   4.28GiB  0.51%   231MiB
     SimpleMixing          19    784ms  0.04%  41.3ms   4.28GiB  0.51%   231MiB
   QR orthonormaliz...     19   35.0μs  0.00%  1.84μs     0.00B  0.00%    0.00B
 ──────────────────────────────────────────────────────────────────────────────

Total time in ns: 1981037920990
