Julia version: 1.6.0-DEV.1324

Threading configuration: 
       JULIA_NUM_THREADS:   2
      JULIA_FFTW_THREADS:   3
      JULIA_BLAS_THREADS:   4
Payload:  Caffeine_scfres_guess.jld2

System facts:
    fft_size:      (216, 216, 216)
    kpoints:       1
    n_electrons:   74
    n_bands:       40

Compiling code ...
Timing SCF ...

n     Energy            Eₙ-Eₙ₋₁     ρout-ρin   Diag
---   ---------------   ---------   --------   ----
  1   -122.2354932166         NaN   9.80e-01    1.0 
  2   -122.1652150254    7.03e-02   4.17e-01    8.0 
  3   -121.9746626728    1.91e-01   4.75e-01    5.0 
  4   -122.3680032637   -3.93e-01   1.79e-01    5.0 
  5   -122.4301133127   -6.21e-02   3.38e-02    4.0 
  6   -122.4314738102   -1.36e-03   1.36e-02    3.0 
  7   -122.4317292557   -2.55e-04   7.45e-03    2.0 
  8   -122.4318215473   -9.23e-05   2.68e-03    3.0 
  9   -122.4318362200   -1.47e-05   1.30e-03    2.0 
 10   -122.4318374767   -1.26e-06   9.29e-04    3.0 
 11   -122.4318393854   -1.91e-06   2.92e-04    3.0 
 12   -122.4318394275   -4.21e-08   3.60e-04    4.0 
 13   -122.4318395289   -1.01e-07   2.14e-04    3.0 
 14   -122.4318396257   -9.68e-08   9.55e-05    3.0 
 15   -122.4318396487   -2.30e-08   2.91e-05    2.0 
 16   -122.4318396499   -1.23e-09   2.01e-05    3.0 
 17   -122.4318396502   -2.86e-10   9.71e-06    2.0 
 18   -122.4318396504   -2.25e-10   3.27e-06    2.0 
 19   -122.4318396505   -1.04e-11   1.48e-06    2.0 
Energy breakdown:
    Kinetic             94.9211512
    AtomicLocal         -866.3708738
    AtomicNonlocal      9.3132859 
    Ewald               289.5847490
    PspCorrection       0.0002828 
    Hartree             385.2428182
    Xc                  -35.1232530

    total               -122.431839650458

 ──────────────────────────────────────────────────────────────────────────────
                                       Time                   Allocations      
                               ──────────────────────   ───────────────────────
       Tot / % measured:            2068s / 100%             845GiB / 100%     

 Section               ncalls     time   %tot     avg     alloc   %tot      avg
 ──────────────────────────────────────────────────────────────────────────────
 self_consistent_field      1    2066s   100%   2066s    845GiB  100%    845GiB
   LOBPCG                  19    1310s  63.4%   68.9s    299GiB  35.4%  15.7GiB
     Hamiltonian mu...     79     887s  42.9%   11.2s   41.8GiB  4.95%   542MiB
     ortho                247    79.5s  3.85%   322ms   47.7GiB  5.65%   198MiB
     block multipli...    283    78.6s  3.81%   278ms   56.8GiB  6.73%   206MiB
     rayleigh_ritz         60    60.4s  2.92%   1.01s   28.0MiB  0.00%   479KiB
   energy_hamiltonian      39     472s  22.9%   12.1s    380GiB  45.0%  9.75GiB
   compute_density         19     246s  11.9%   12.9s    135GiB  15.9%  7.08GiB
   KerkerDosMixing         19    794ms  0.04%  41.8ms   4.28GiB  0.51%   231MiB
     SimpleMixing          19    788ms  0.04%  41.5ms   4.28GiB  0.51%   231MiB
   QR orthonormaliz...     19   31.7μs  0.00%  1.67μs     0.00B  0.00%    0.00B
 ──────────────────────────────────────────────────────────────────────────────

Total time in ns: 2066836214620
