Julia version: 1.6.0-DEV.1324

Threading configuration: 
       JULIA_NUM_THREADS:   2
      JULIA_FFTW_THREADS:   2
      JULIA_BLAS_THREADS:   4
Payload:  Caffeine_scfres_guess.jld2

System facts:
    fft_size:      (216, 216, 216)
    kpoints:       1
    n_electrons:   74
    n_bands:       40

Compiling code ...
Timing SCF ...

n     Energy            Eₙ-Eₙ₋₁     ρout-ρin   Diag
---   ---------------   ---------   --------   ----
  1   -122.2354932166         NaN   9.80e-01    1.0 
  2   -122.1648710021    7.06e-02   4.17e-01    8.0 
  3   -121.9745143354    1.90e-01   4.75e-01    5.0 
  4   -122.3679713066   -3.93e-01   1.79e-01    5.0 
  5   -122.4300985785   -6.21e-02   3.39e-02    4.0 
  6   -122.4314935417   -1.39e-03   1.33e-02    3.0 
  7   -122.4317326860   -2.39e-04   6.78e-03    2.0 
  8   -122.4318278077   -9.51e-05   2.69e-03    3.0 
  9   -122.4318351662   -7.36e-06   1.33e-03    3.0 
 10   -122.4318387577   -3.59e-06   6.47e-04    3.0 
 11   -122.4318395363   -7.79e-07   2.01e-04    2.0 
 12   -122.4318396072   -7.09e-08   1.46e-04    3.0 
 13   -122.4318396400   -3.28e-08   6.22e-05    3.0 
 14   -122.4318396489   -8.90e-09   3.11e-05    2.0 
 15   -122.4318396501   -1.25e-09   1.48e-05    2.0 
 16   -122.4318396503   -1.83e-10   9.90e-06    3.0 
 17   -122.4318396504   -1.46e-10   2.10e-06    3.0 
 18   -122.4318396505   -8.84e-12   1.96e-06    3.0 
 19   -122.4318396505   -5.37e-12   9.38e-07    3.0 
Energy breakdown:
    Kinetic             94.9211481
    AtomicLocal         -866.3708721
    AtomicNonlocal      9.3132861 
    Ewald               289.5847490
    PspCorrection       0.0002828 
    Hartree             385.2428190
    Xc                  -35.1232525

    total               -122.431839650461

 ──────────────────────────────────────────────────────────────────────────────
                                       Time                   Allocations      
                               ──────────────────────   ───────────────────────
       Tot / % measured:            2031s / 100%             850GiB / 100%     

 Section               ncalls     time   %tot     avg     alloc   %tot      avg
 ──────────────────────────────────────────────────────────────────────────────
 self_consistent_field      1    2029s   100%   2029s    850GiB  100%    850GiB
   LOBPCG                  19    1304s  64.3%   68.6s    303GiB  35.7%  16.0GiB
     Hamiltonian mu...     80     877s  43.2%   11.0s   42.4GiB  4.99%   543MiB
     block multipli...    289    81.1s  4.00%   281ms   58.7GiB  6.91%   208MiB
     ortho                252    79.8s  3.93%   317ms   48.7GiB  5.73%   198MiB
     rayleigh_ritz         61    60.5s  2.98%   991ms   28.7MiB  0.00%   481KiB
   energy_hamiltonian      39     456s  22.5%   11.7s    380GiB  44.8%  9.75GiB
   compute_density         19     232s  11.4%   12.2s    135GiB  15.8%  7.08GiB
   KerkerDosMixing         19    800ms  0.04%  42.1ms   4.28GiB  0.50%   231MiB
     SimpleMixing          19    794ms  0.04%  41.8ms   4.28GiB  0.50%   231MiB
   QR orthonormaliz...     19   29.6μs  0.00%  1.56μs     0.00B  0.00%    0.00B
 ──────────────────────────────────────────────────────────────────────────────

Total time in ns: 2029904526483
