Julia version: 1.6.0-DEV.1324

Threading configuration: 
       JULIA_NUM_THREADS:   3
      JULIA_FFTW_THREADS:   4
      JULIA_BLAS_THREADS:   1
Payload:  Caffeine_scfres_guess.jld2

System facts:
    fft_size:      (216, 216, 216)
    kpoints:       1
    n_electrons:   74
    n_bands:       40

Compiling code ...
Timing SCF ...

n     Energy            Eₙ-Eₙ₋₁     ρout-ρin   Diag
---   ---------------   ---------   --------   ----
  1   -122.2354932168         NaN   9.80e-01    1.0 
  2   -122.1649009369    7.06e-02   4.17e-01    8.0 
  3   -121.9745858704    1.90e-01   4.75e-01    5.0 
  4   -122.3679885295   -3.93e-01   1.79e-01    5.0 
  5   -122.4300996336   -6.21e-02   3.39e-02    4.0 
  6   -122.4314568915   -1.36e-03   1.39e-02    3.0 
  7   -122.4317256521   -2.69e-04   6.93e-03    3.0 
  8   -122.4318256721   -1.00e-04   2.86e-03    3.0 
  9   -122.4318341615   -8.49e-06   1.48e-03    3.0 
 10   -122.4318384879   -4.33e-06   7.63e-04    3.0 
 11   -122.4318394855   -9.98e-07   2.47e-04    2.0 
 12   -122.4318396063   -1.21e-07   1.50e-04    3.0 
 13   -122.4318396328   -2.66e-08   8.92e-05    3.0 
 14   -122.4318396465   -1.37e-08   3.68e-05    4.0 
 15   -122.4318396494   -2.87e-09   2.81e-05    3.0 
 16   -122.4318396503   -9.64e-10   1.26e-05    2.0 
 17   -122.4318396506   -2.64e-10   5.26e-06    2.0 
 18   -122.4318396506   -3.62e-11   1.80e-06    3.0 
 19   -122.4318396506    3.84e-13   1.44e-06    3.0 
Energy breakdown:
    Kinetic             94.9211492
    AtomicLocal         -866.3708690
    AtomicNonlocal      9.3132859 
    Ewald               289.5847490
    PspCorrection       0.0002828 
    Hartree             385.2428151
    Xc                  -35.1232526

    total               -122.431839650643

 ──────────────────────────────────────────────────────────────────────────────
                                       Time                   Allocations      
                               ──────────────────────   ───────────────────────
       Tot / % measured:            2105s / 100%             867GiB / 100%     

 Section               ncalls     time   %tot     avg     alloc   %tot      avg
 ──────────────────────────────────────────────────────────────────────────────
 self_consistent_field      1    2102s   100%   2102s    866GiB  100%    866GiB
   LOBPCG                  19    1394s  66.3%   73.3s    303GiB  34.9%  15.9GiB
     Hamiltonian mu...     82     627s  29.8%   7.65s   43.0GiB  4.96%   536MiB
     block multipli...    300     279s  13.3%   929ms   58.1GiB  6.70%   198MiB
     ortho                261     128s  6.10%   491ms   48.3GiB  5.58%   190MiB
     rayleigh_ritz         63     104s  4.96%   1.66s   28.1MiB  0.00%   457KiB
   energy_hamiltonian      39     454s  21.6%   11.6s    392GiB  45.2%  10.0GiB
   compute_density         19     222s  10.6%   11.7s    140GiB  16.2%  7.39GiB
   KerkerDosMixing         19    796ms  0.04%  41.9ms   4.28GiB  0.49%   231MiB
     SimpleMixing          19    791ms  0.04%  41.6ms   4.28GiB  0.49%   231MiB
   QR orthonormaliz...     19   31.0μs  0.00%  1.63μs     0.00B  0.00%    0.00B
 ──────────────────────────────────────────────────────────────────────────────

Total time in ns: 2103458400861
