Julia version: 1.6.0-DEV.1324

Threading configuration: 
       JULIA_NUM_THREADS:   3
      JULIA_FFTW_THREADS:   3
      JULIA_BLAS_THREADS:   1
Payload:  Caffeine_scfres_guess.jld2

System facts:
    fft_size:      (216, 216, 216)
    kpoints:       1
    n_electrons:   74
    n_bands:       40

Compiling code ...
Timing SCF ...

n     Energy            Eₙ-Eₙ₋₁     ρout-ρin   Diag
---   ---------------   ---------   --------   ----
  1   -122.2354932168         NaN   9.80e-01    1.0 
  2   -122.1651572619    7.03e-02   4.17e-01    8.0 
  3   -121.9746218397    1.91e-01   4.75e-01    5.0 
  4   -122.3680435703   -3.93e-01   1.79e-01    5.0 
  5   -122.4300856266   -6.20e-02   3.40e-02    4.0 
  6   -122.4314837331   -1.40e-03   1.36e-02    3.0 
  7   -122.4317262274   -2.42e-04   7.48e-03    2.0 
  8   -122.4318214205   -9.52e-05   2.70e-03    3.0 
  9   -122.4318363608   -1.49e-05   1.27e-03    2.0 
 10   -122.4318373499   -9.89e-07   9.50e-04    3.0 
 11   -122.4318393803   -2.03e-06   3.03e-04    3.0 
 12   -122.4318393499    3.04e-08   4.10e-04    4.0 
 13   -122.4318394993   -1.49e-07   2.42e-04    3.0 
 14   -122.4318396245   -1.25e-07   1.04e-04    3.0 
 15   -122.4318396478   -2.34e-08   3.56e-05    2.0 
 16   -122.4318396498   -1.99e-09   2.42e-05    4.0 
 17   -122.4318396503   -4.36e-10   1.28e-05    2.0 
 18   -122.4318396506   -3.60e-10   3.86e-06    3.0 
 19   -122.4318396506   -1.61e-11   1.97e-06    2.0 
Energy breakdown:
    Kinetic             94.9211518
    AtomicLocal         -866.3708696
    AtomicNonlocal      9.3132858 
    Ewald               289.5847490
    PspCorrection       0.0002828 
    Hartree             385.2428137
    Xc                  -35.1232531

    total               -122.431839650644

 ──────────────────────────────────────────────────────────────────────────────
                                       Time                   Allocations      
                               ──────────────────────   ───────────────────────
       Tot / % measured:            2088s / 100%             866GiB / 100%     

 Section               ncalls     time   %tot     avg     alloc   %tot      avg
 ──────────────────────────────────────────────────────────────────────────────
 self_consistent_field      1    2086s   100%   2086s    866GiB  100%    866GiB
   LOBPCG                  19    1411s  67.6%   74.2s    302GiB  34.9%  15.9GiB
     Hamiltonian mu...     81     637s  30.5%   7.86s   42.8GiB  4.95%   542MiB
     block multipli...    295     281s  13.5%   952ms   57.9GiB  6.68%   201MiB
     ortho                256     128s  6.15%   502ms   48.3GiB  5.57%   193MiB
     rayleigh_ritz         62     107s  5.14%   1.73s   28.3MiB  0.00%   467KiB
   energy_hamiltonian      39     439s  21.0%   11.3s    392GiB  45.3%  10.0GiB
   compute_density         19     204s  9.80%   10.8s    140GiB  16.2%  7.39GiB
   KerkerDosMixing         19    793ms  0.04%  41.7ms   4.28GiB  0.49%   231MiB
     SimpleMixing          19    787ms  0.04%  41.4ms   4.28GiB  0.49%   231MiB
   QR orthonormaliz...     19   29.8μs  0.00%  1.57μs     0.00B  0.00%    0.00B
 ──────────────────────────────────────────────────────────────────────────────

Total time in ns: 2086997684617
