Julia version: 1.6.0-DEV.1324

Threading configuration: 
       JULIA_NUM_THREADS:   3
      JULIA_FFTW_THREADS:   2
      JULIA_BLAS_THREADS:   1
Payload:  Caffeine_scfres_guess.jld2

System facts:
    fft_size:      (216, 216, 216)
    kpoints:       1
    n_electrons:   74
    n_bands:       40

Compiling code ...
Timing SCF ...

n     Energy            Eₙ-Eₙ₋₁     ρout-ρin   Diag
---   ---------------   ---------   --------   ----
  1   -122.2354932168         NaN   9.80e-01    1.0 
  2   -122.1646392104    7.09e-02   4.17e-01    9.0 
  3   -121.9743483400    1.90e-01   4.75e-01    5.0 
  4   -122.3680494038   -3.94e-01   1.79e-01    5.0 
  5   -122.4301042948   -6.21e-02   3.38e-02    4.0 
  6   -122.4314790754   -1.37e-03   1.35e-02    3.0 
  7   -122.4317329442   -2.54e-04   7.34e-03    2.0 
  8   -122.4318207427   -8.78e-05   2.77e-03    3.0 
  9   -122.4318361447   -1.54e-05   1.29e-03    2.0 
 10   -122.4318372419   -1.10e-06   9.81e-04    3.0 
 11   -122.4318393679   -2.13e-06   3.03e-04    2.0 
 12   -122.4318393935   -2.56e-08   3.94e-04    4.0 
 13   -122.4318395062   -1.13e-07   2.39e-04    3.0 
 14   -122.4318396177   -1.11e-07   1.14e-04    3.0 
 15   -122.4318396481   -3.04e-08   3.28e-05    2.0 
 16   -122.4318396501   -1.97e-09   2.19e-05    3.0 
 17   -122.4318396503   -2.68e-10   1.12e-05    2.0 
 18   -122.4318396506   -2.86e-10   3.45e-06    2.0 
 19   -122.4318396506   -8.34e-12   1.66e-06    2.0 
Energy breakdown:
    Kinetic             94.9211523
    AtomicLocal         -866.3708731
    AtomicNonlocal      9.3132858 
    Ewald               289.5847490
    PspCorrection       0.0002828 
    Hartree             385.2428166
    Xc                  -35.1232530

    total               -122.431839650644

 ──────────────────────────────────────────────────────────────────────────────
                                       Time                   Allocations      
                               ──────────────────────   ───────────────────────
       Tot / % measured:            2181s / 100%             860GiB / 100%     

 Section               ncalls     time   %tot     avg     alloc   %tot      avg
 ──────────────────────────────────────────────────────────────────────────────
 self_consistent_field      1    2179s   100%   2179s    860GiB  100%    860GiB
   LOBPCG                  19    1429s  65.6%   75.2s    296GiB  34.4%  15.6GiB
     Hamiltonian mu...     79     661s  30.3%   8.37s   42.0GiB  4.88%   544MiB
     block multipli...    283     274s  12.6%   967ms   55.4GiB  6.45%   201MiB
     ortho                246     127s  5.81%   515ms   47.0GiB  5.47%   196MiB
     rayleigh_ritz         60     105s  4.81%   1.75s   27.1MiB  0.00%   463KiB
   energy_hamiltonian      39     471s  21.6%   12.1s    392GiB  45.6%  10.0GiB
   compute_density         19     244s  11.2%   12.8s    140GiB  16.3%  7.39GiB
   KerkerDosMixing         19    803ms  0.04%  42.3ms   4.28GiB  0.50%   231MiB
     SimpleMixing          19    797ms  0.04%  41.9ms   4.28GiB  0.50%   231MiB
   QR orthonormaliz...     19   30.0μs  0.00%  1.58μs     0.00B  0.00%    0.00B
 ──────────────────────────────────────────────────────────────────────────────

Total time in ns: 2179736278982
