Julia version: 1.6.0-DEV.1324

Threading configuration: 
       JULIA_NUM_THREADS:   3
      JULIA_FFTW_THREADS:   1
      JULIA_BLAS_THREADS:   1
Payload:  Caffeine_scfres_guess.jld2

System facts:
    fft_size:      (216, 216, 216)
    kpoints:       1
    n_electrons:   74
    n_bands:       40

Compiling code ...
Timing SCF ...

n     Energy            Eₙ-Eₙ₋₁     ρout-ρin   Diag
---   ---------------   ---------   --------   ----
  1   -122.2354932168         NaN   9.80e-01    1.0 
  2   -122.1657229814    6.98e-02   4.17e-01    8.0 
  3   -121.9759971264    1.90e-01   4.74e-01    5.0 
  4   -122.3679656148   -3.92e-01   1.79e-01    5.0 
  5   -122.4301037372   -6.21e-02   3.37e-02    4.0 
  6   -122.4314826669   -1.38e-03   1.34e-02    3.0 
  7   -122.4317328354   -2.50e-04   6.77e-03    2.0 
  8   -122.4318276153   -9.48e-05   2.63e-03    3.0 
  9   -122.4318354070   -7.79e-06   1.29e-03    3.0 
 10   -122.4318388596   -3.45e-06   6.13e-04    3.0 
 11   -122.4318395472   -6.88e-07   1.83e-04    2.0 
 12   -122.4318396132   -6.60e-08   1.32e-04    3.0 
 13   -122.4318396396   -2.64e-08   6.82e-05    3.0 
 14   -122.4318396484   -8.79e-09   2.65e-05    4.0 
 15   -122.4318396498   -1.48e-09   2.23e-05    3.0 
 16   -122.4318396505   -6.35e-10   1.01e-05    3.0 
 17   -122.4318396506   -1.51e-10   3.99e-06    2.0 
 18   -122.4318396506   -2.34e-11   1.46e-06    3.0 
 19   -122.4318396506    1.95e-12   1.10e-06    3.0 
Energy breakdown:
    Kinetic             94.9211512
    AtomicLocal         -866.3708696
    AtomicNonlocal      9.3132860 
    Ewald               289.5847490
    PspCorrection       0.0002828 
    Hartree             385.2428140
    Xc                  -35.1232529

    total               -122.431839650647

 ──────────────────────────────────────────────────────────────────────────────
                                       Time                   Allocations      
                               ──────────────────────   ───────────────────────
       Tot / % measured:            2456s / 100%             867GiB / 100%     

 Section               ncalls     time   %tot     avg     alloc   %tot      avg
 ──────────────────────────────────────────────────────────────────────────────
 self_consistent_field      1    2453s   100%   2453s    867GiB  100%    867GiB
   LOBPCG                  19    1539s  62.8%   81.0s    303GiB  35.0%  16.0GiB
     Hamiltonian mu...     82     716s  29.2%   8.73s   43.0GiB  4.96%   537MiB
     block multipli...    301     291s  11.9%   966ms   58.4GiB  6.73%   199MiB
     ortho                262     136s  5.54%   519ms   48.5GiB  5.59%   190MiB
     rayleigh_ritz         63     115s  4.71%   1.83s   28.2MiB  0.00%   458KiB
   energy_hamiltonian      39     542s  22.1%   13.9s    392GiB  45.2%  10.0GiB
   compute_density         19     334s  13.6%   17.6s    140GiB  16.2%  7.39GiB
   KerkerDosMixing         19    840ms  0.03%  44.2ms   4.28GiB  0.49%   231MiB
     SimpleMixing          19    834ms  0.03%  43.9ms   4.28GiB  0.49%   231MiB
   QR orthonormaliz...     19   33.2μs  0.00%  1.75μs     0.00B  0.00%    0.00B
 ──────────────────────────────────────────────────────────────────────────────

Total time in ns: 2454065714141
