Julia version: 1.6.0-DEV.1324

Threading configuration: 
       JULIA_NUM_THREADS:   3
      JULIA_FFTW_THREADS:   3
      JULIA_BLAS_THREADS:   2
Payload:  Caffeine_scfres_guess.jld2

System facts:
    fft_size:      (216, 216, 216)
    kpoints:       1
    n_electrons:   74
    n_bands:       40

Compiling code ...
Timing SCF ...

n     Energy            Eₙ-Eₙ₋₁     ρout-ρin   Diag
---   ---------------   ---------   --------   ----
  1   -122.2354932167         NaN   9.80e-01    1.0 
  2   -122.1644513199    7.10e-02   4.17e-01    8.0 
  3   -121.9738642362    1.91e-01   4.75e-01    5.0 
  4   -122.3679596801   -3.94e-01   1.79e-01    5.0 
  5   -122.4300966151   -6.21e-02   3.39e-02    4.0 
  6   -122.4314760422   -1.38e-03   1.35e-02    3.0 
  7   -122.4317345231   -2.58e-04   7.29e-03    2.0 
  8   -122.4318213953   -8.69e-05   2.72e-03    3.0 
  9   -122.4318362171   -1.48e-05   1.28e-03    2.0 
 10   -122.4318371072   -8.90e-07   9.93e-04    3.0 
 11   -122.4318393528   -2.25e-06   3.03e-04    3.0 
 12   -122.4318393881   -3.53e-08   3.89e-04    4.0 
 13   -122.4318395119   -1.24e-07   2.31e-04    3.0 
 14   -122.4318396260   -1.14e-07   9.96e-05    2.0 
 15   -122.4318396481   -2.21e-08   3.18e-05    2.0 
 16   -122.4318396498   -1.78e-09   2.13e-05    4.0 
 17   -122.4318396502   -4.18e-10   1.02e-05    2.0 
 18   -122.4318396505   -2.49e-10   3.65e-06    3.0 
 19   -122.4318396505   -1.33e-11   1.80e-06    2.0 
Energy breakdown:
    Kinetic             94.9211526
    AtomicLocal         -866.3708735
    AtomicNonlocal      9.3132861 
    Ewald               289.5847490
    PspCorrection       0.0002828 
    Hartree             385.2428166
    Xc                  -35.1232532

    total               -122.431839650512

 ──────────────────────────────────────────────────────────────────────────────
                                       Time                   Allocations      
                               ──────────────────────   ───────────────────────
       Tot / % measured:            1823s / 100%             862GiB / 100%     

 Section               ncalls     time   %tot     avg     alloc   %tot      avg
 ──────────────────────────────────────────────────────────────────────────────
 self_consistent_field      1    1821s   100%   1821s    861GiB  100%    861GiB
   LOBPCG                  19    1147s  63.0%   60.3s    297GiB  34.5%  15.7GiB
     Hamiltonian mu...     80     627s  34.4%   7.83s   42.2GiB  4.90%   541MiB
     block multipli...    288     144s  7.88%   498ms   56.0GiB  6.51%   199MiB
     ortho                250    88.7s  4.87%   355ms   47.3GiB  5.49%   194MiB
     rayleigh_ritz         61    71.6s  3.93%   1.17s   27.4MiB  0.00%   459KiB
   energy_hamiltonian      39     435s  23.9%   11.2s    392GiB  45.5%  10.0GiB
   compute_density         19     206s  11.3%   10.9s    140GiB  16.3%  7.39GiB
   KerkerDosMixing         19    795ms  0.04%  41.8ms   4.28GiB  0.50%   231MiB
     SimpleMixing          19    789ms  0.04%  41.5ms   4.28GiB  0.50%   231MiB
   QR orthonormaliz...     19   27.5μs  0.00%  1.45μs     0.00B  0.00%    0.00B
 ──────────────────────────────────────────────────────────────────────────────

Total time in ns: 1821925489042
