Julia version: 1.6.0-DEV.1324

Threading configuration: 
       JULIA_NUM_THREADS:   3
      JULIA_FFTW_THREADS:   1
      JULIA_BLAS_THREADS:   2
Payload:  Caffeine_scfres_guess.jld2

System facts:
    fft_size:      (216, 216, 216)
    kpoints:       1
    n_electrons:   74
    n_bands:       40

Compiling code ...
Timing SCF ...

n     Energy            Eₙ-Eₙ₋₁     ρout-ρin   Diag
---   ---------------   ---------   --------   ----
  1   -122.2354932167         NaN   9.80e-01    1.0 
  2   -122.1649598912    7.05e-02   4.17e-01    8.0 
  3   -121.9742866949    1.91e-01   4.75e-01    5.0 
  4   -122.3679676278   -3.94e-01   1.79e-01    5.0 
  5   -122.4301097635   -6.21e-02   3.38e-02    4.0 
  6   -122.4314808015   -1.37e-03   1.35e-02    3.0 
  7   -122.4317282137   -2.47e-04   6.87e-03    2.0 
  8   -122.4318264231   -9.82e-05   2.81e-03    3.0 
  9   -122.4318345148   -8.09e-06   1.46e-03    3.0 
 10   -122.4318388379   -4.32e-06   6.50e-04    3.0 
 11   -122.4318395245   -6.87e-07   2.10e-04    2.0 
 12   -122.4318396004   -7.60e-08   1.47e-04    3.0 
 13   -122.4318396382   -3.78e-08   7.11e-05    2.0 
 14   -122.4318396481   -9.86e-09   2.74e-05    4.0 
 15   -122.4318396496   -1.56e-09   2.37e-05    3.0 
 16   -122.4318396504   -7.02e-10   1.01e-05    3.0 
 17   -122.4318396505   -1.46e-10   3.44e-06    2.0 
 18   -122.4318396505   -1.59e-11   1.65e-06    4.0 
 19   -122.4318396505   -1.79e-12   1.01e-06    3.0 
Energy breakdown:
    Kinetic             94.9211497
    AtomicLocal         -866.3708697
    AtomicNonlocal      9.3132859 
    Ewald               289.5847490
    PspCorrection       0.0002828 
    Hartree             385.2428154
    Xc                  -35.1232527

    total               -122.431839650515

 ──────────────────────────────────────────────────────────────────────────────
                                       Time                   Allocations      
                               ──────────────────────   ───────────────────────
       Tot / % measured:            2118s / 100%             870GiB / 100%     

 Section               ncalls     time   %tot     avg     alloc   %tot      avg
 ──────────────────────────────────────────────────────────────────────────────
 self_consistent_field      1    2116s   100%   2116s    869GiB  100%    869GiB
   LOBPCG                  19    1216s  57.5%   64.0s    305GiB  35.1%  16.1GiB
     Hamiltonian mu...     82     666s  31.5%   8.12s   43.3GiB  4.98%   541MiB
     block multipli...    301     152s  7.20%   506ms   59.2GiB  6.82%   202MiB
     ortho                261    96.5s  4.56%   370ms   48.9GiB  5.63%   192MiB
     rayleigh_ritz         63    76.6s  3.62%   1.22s   28.8MiB  0.00%   468KiB
   energy_hamiltonian      39     536s  25.3%   13.7s    392GiB  45.1%  10.0GiB
   compute_density         19     324s  15.3%   17.0s    140GiB  16.2%  7.39GiB
   KerkerDosMixing         19    834ms  0.04%  43.9ms   4.28GiB  0.49%   231MiB
     SimpleMixing          19    829ms  0.04%  43.6ms   4.28GiB  0.49%   231MiB
   QR orthonormaliz...     19   29.7μs  0.00%  1.56μs     0.00B  0.00%    0.00B
 ──────────────────────────────────────────────────────────────────────────────

Total time in ns: 2116783454224
