Julia version: 1.6.0-DEV.1324

Threading configuration: 
       JULIA_NUM_THREADS:   3
      JULIA_FFTW_THREADS:   2
      JULIA_BLAS_THREADS:   2
Payload:  Caffeine_scfres_guess.jld2

System facts:
    fft_size:      (216, 216, 216)
    kpoints:       1
    n_electrons:   74
    n_bands:       40

Compiling code ...
Timing SCF ...

n     Energy            Eₙ-Eₙ₋₁     ρout-ρin   Diag
---   ---------------   ---------   --------   ----
  1   -122.2354932167         NaN   9.80e-01    1.0 
  2   -122.1650528981    7.04e-02   4.17e-01    8.0 
  3   -121.9747068974    1.90e-01   4.75e-01    5.0 
  4   -122.3678797123   -3.93e-01   1.79e-01    5.0 
  5   -122.4301063969   -6.22e-02   3.38e-02    4.0 
  6   -122.4314543903   -1.35e-03   1.39e-02    3.0 
  7   -122.4317255738   -2.71e-04   6.99e-03    3.0 
  8   -122.4318245386   -9.90e-05   3.02e-03    3.0 
  9   -122.4318341855   -9.65e-06   1.52e-03    3.0 
 10   -122.4318386683   -4.48e-06   7.06e-04    3.0 
 11   -122.4318395056   -8.37e-07   2.22e-04    3.0 
 12   -122.4318395985   -9.29e-08   1.55e-04    3.0 
 13   -122.4318396348   -3.63e-08   8.63e-05    3.0 
 14   -122.4318396467   -1.19e-08   3.78e-05    3.0 
 15   -122.4318396493   -2.61e-09   2.65e-05    3.0 
 16   -122.4318396502   -9.35e-10   1.03e-05    2.0 
 17   -122.4318396505   -2.44e-10   5.42e-06    3.0 
 18   -122.4318396505   -2.82e-11   2.24e-06    3.0 
 19   -122.4318396505   -5.90e-12   1.81e-06    3.0 
Energy breakdown:
    Kinetic             94.9211451
    AtomicLocal         -866.3708681
    AtomicNonlocal      9.3132858 
    Ewald               289.5847490
    PspCorrection       0.0002828 
    Hartree             385.2428177
    Xc                  -35.1232519

    total               -122.431839650513

 ──────────────────────────────────────────────────────────────────────────────
                                       Time                   Allocations      
                               ──────────────────────   ───────────────────────
       Tot / % measured:            1936s / 100%             868GiB / 100%     

 Section               ncalls     time   %tot     avg     alloc   %tot      avg
 ──────────────────────────────────────────────────────────────────────────────
 self_consistent_field      1    1933s   100%   1933s    868GiB  100%    868GiB
   LOBPCG                  19    1193s  61.7%   62.8s    304GiB  35.0%  16.0GiB
     Hamiltonian mu...     83     651s  33.7%   7.84s   43.1GiB  4.97%   532MiB
     block multipli...    306     152s  7.84%   496ms   58.6GiB  6.75%   196MiB
     ortho                268    91.2s  4.72%   340ms   48.6GiB  5.60%   186MiB
     rayleigh_ritz         64    75.4s  3.90%   1.18s   28.2MiB  0.00%   452KiB
   energy_hamiltonian      39     463s  23.9%   11.9s    392GiB  45.2%  10.0GiB
   compute_density         19     244s  12.6%   12.8s    140GiB  16.2%  7.39GiB
   KerkerDosMixing         19    810ms  0.04%  42.7ms   4.28GiB  0.49%   231MiB
     SimpleMixing          19    804ms  0.04%  42.3ms   4.28GiB  0.49%   231MiB
   QR orthonormaliz...     19   35.2μs  0.00%  1.86μs     0.00B  0.00%    0.00B
 ──────────────────────────────────────────────────────────────────────────────

Total time in ns: 1934664076376
