Julia version: 1.6.0-DEV.1324

Threading configuration: 
       JULIA_NUM_THREADS:   3
      JULIA_FFTW_THREADS:   4
      JULIA_BLAS_THREADS:   2
Payload:  Caffeine_scfres_guess.jld2

System facts:
    fft_size:      (216, 216, 216)
    kpoints:       1
    n_electrons:   74
    n_bands:       40

Compiling code ...
Timing SCF ...

n     Energy            Eₙ-Eₙ₋₁     ρout-ρin   Diag
---   ---------------   ---------   --------   ----
  1   -122.2354932167         NaN   9.80e-01    1.0 
  2   -122.1645634659    7.09e-02   4.17e-01    8.0 
  3   -121.9734268471    1.91e-01   4.75e-01    5.0 
  4   -122.3679052389   -3.94e-01   1.79e-01    5.0 
  5   -122.4300980189   -6.22e-02   3.38e-02    4.0 
  6   -122.4314877319   -1.39e-03   1.33e-02    3.0 
  7   -122.4317282346   -2.41e-04   6.94e-03    2.0 
  8   -122.4318269389   -9.87e-05   2.74e-03    3.0 
  9   -122.4318351939   -8.25e-06   1.33e-03    3.0 
 10   -122.4318387649   -3.57e-06   6.48e-04    3.0 
 11   -122.4318395483   -7.83e-07   1.84e-04    2.0 
 12   -122.4318396125   -6.42e-08   1.31e-04    3.0 
 13   -122.4318396382   -2.57e-08   6.92e-05    2.0 
 14   -122.4318396481   -9.88e-09   2.56e-05    3.0 
 15   -122.4318396497   -1.67e-09   2.29e-05    4.0 
 16   -122.4318396503   -5.62e-10   1.15e-05    2.0 
 17   -122.4318396505   -1.92e-10   4.97e-06    2.0 
 18   -122.4318396505   -3.58e-11   2.12e-06    2.0 
 19   -122.4318396505   -2.56e-12   1.85e-06    3.0 
Energy breakdown:
    Kinetic             94.9211472
    AtomicLocal         -866.3708707
    AtomicNonlocal      9.3132860 
    Ewald               289.5847490
    PspCorrection       0.0002828 
    Hartree             385.2428183
    Xc                  -35.1232522

    total               -122.431839650512

 ──────────────────────────────────────────────────────────────────────────────
                                       Time                   Allocations      
                               ──────────────────────   ───────────────────────
       Tot / % measured:            1853s / 100%             865GiB / 100%     

 Section               ncalls     time   %tot     avg     alloc   %tot      avg
 ──────────────────────────────────────────────────────────────────────────────
 self_consistent_field      1    1851s   100%   1851s    865GiB  100%    865GiB
   LOBPCG                  19    1143s  61.8%   60.2s    301GiB  34.8%  15.9GiB
     Hamiltonian mu...     79     616s  33.3%   7.80s   42.7GiB  4.94%   553MiB
     block multipli...    283     147s  7.96%   521ms   57.6GiB  6.65%   208MiB
     ortho                248    90.2s  4.87%   364ms   48.1GiB  5.56%   199MiB
     rayleigh_ritz         60    75.1s  4.06%   1.25s   28.0MiB  0.00%   478KiB
   energy_hamiltonian      39     452s  24.4%   11.6s    392GiB  45.3%  10.0GiB
   compute_density         19     222s  12.0%   11.7s    140GiB  16.2%  7.39GiB
   KerkerDosMixing         19    796ms  0.04%  41.9ms   4.28GiB  0.49%   231MiB
     SimpleMixing          19    791ms  0.04%  41.6ms   4.28GiB  0.49%   231MiB
   QR orthonormaliz...     19   29.2μs  0.00%  1.54μs     0.00B  0.00%    0.00B
 ──────────────────────────────────────────────────────────────────────────────

Total time in ns: 1851684459080
