Julia version: 1.6.0-DEV.1324

Threading configuration: 
       JULIA_NUM_THREADS:   3
      JULIA_FFTW_THREADS:   1
      JULIA_BLAS_THREADS:   3
Payload:  Caffeine_scfres_guess.jld2

System facts:
    fft_size:      (216, 216, 216)
    kpoints:       1
    n_electrons:   74
    n_bands:       40

Compiling code ...
Timing SCF ...

n     Energy            Eₙ-Eₙ₋₁     ρout-ρin   Diag
---   ---------------   ---------   --------   ----
  1   -122.2354932167         NaN   9.80e-01    1.0 
  2   -122.1643793703    7.11e-02   4.17e-01    8.0 
  3   -121.9734594463    1.91e-01   4.75e-01    5.0 
  4   -122.3679193855   -3.94e-01   1.79e-01    5.0 
  5   -122.4300956779   -6.22e-02   3.38e-02    4.0 
  6   -122.4314655003   -1.37e-03   1.38e-02    3.0 
  7   -122.4317280093   -2.63e-04   6.81e-03    2.0 
  8   -122.4318243120   -9.63e-05   2.97e-03    4.0 
  9   -122.4318344116   -1.01e-05   1.52e-03    3.0 
 10   -122.4318388781   -4.47e-06   6.31e-04    3.0 
 11   -122.4318394796   -6.01e-07   2.71e-04    2.0 
 12   -122.4318395936   -1.14e-07   1.41e-04    3.0 
 13   -122.4318396325   -3.88e-08   9.40e-05    3.0 
 14   -122.4318396471   -1.46e-08   3.29e-05    3.0 
 15   -122.4318396492   -2.13e-09   2.73e-05    3.0 
 16   -122.4318396502   -9.95e-10   1.15e-05    3.0 
 17   -122.4318396504   -2.63e-10   4.47e-06    2.0 
 18   -122.4318396505   -3.50e-11   1.76e-06    3.0 
 19   -122.4318396505   -4.21e-12   1.01e-06    3.0 
Energy breakdown:
    Kinetic             94.9211497
    AtomicLocal         -866.3708703
    AtomicNonlocal      9.3132859 
    Ewald               289.5847490
    PspCorrection       0.0002828 
    Hartree             385.2428159
    Xc                  -35.1232527

    total               -122.431839650485

 ──────────────────────────────────────────────────────────────────────────────
                                       Time                   Allocations      
                               ──────────────────────   ───────────────────────
       Tot / % measured:            2022s / 100%             871GiB / 100%     

 Section               ncalls     time   %tot     avg     alloc   %tot      avg
 ──────────────────────────────────────────────────────────────────────────────
 self_consistent_field      1    2020s   100%   2020s    871GiB  100%    871GiB
   LOBPCG                  19    1109s  54.9%   58.4s    307GiB  35.2%  16.1GiB
     Hamiltonian mu...     82     650s  32.2%   7.92s   43.5GiB  5.00%   543MiB
     block multipli...    301     106s  5.27%   354ms   59.8GiB  6.87%   203MiB
     ortho                262    89.1s  4.41%   340ms   49.2GiB  5.65%   192MiB
     rayleigh_ritz         63    60.6s  3.00%   962ms   29.3MiB  0.00%   477KiB
   energy_hamiltonian      39     548s  27.2%   14.1s    392GiB  45.0%  10.0GiB
   compute_density         19     322s  16.0%   17.0s    140GiB  16.1%  7.39GiB
   KerkerDosMixing         19    849ms  0.04%  44.7ms   4.28GiB  0.49%   231MiB
     SimpleMixing          19    843ms  0.04%  44.4ms   4.28GiB  0.49%   231MiB
   QR orthonormaliz...     19   36.6μs  0.00%  1.93μs     0.00B  0.00%    0.00B
 ──────────────────────────────────────────────────────────────────────────────

Total time in ns: 2020643115784
