Julia version: 1.6.0-DEV.1324

Threading configuration: 
       JULIA_NUM_THREADS:   3
      JULIA_FFTW_THREADS:   2
      JULIA_BLAS_THREADS:   3
Payload:  Caffeine_scfres_guess.jld2

System facts:
    fft_size:      (216, 216, 216)
    kpoints:       1
    n_electrons:   74
    n_bands:       40

Compiling code ...
Timing SCF ...

n     Energy            Eₙ-Eₙ₋₁     ρout-ρin   Diag
---   ---------------   ---------   --------   ----
  1   -122.2354932167         NaN   9.80e-01    1.0 
  2   -122.1651045262    7.04e-02   4.17e-01    8.0 
  3   -121.9748613691    1.90e-01   4.74e-01    5.0 
  4   -122.3677997957   -3.93e-01   1.79e-01    5.0 
  5   -122.4301035114   -6.23e-02   3.38e-02    4.0 
  6   -122.4314852035   -1.38e-03   1.33e-02    3.0 
  7   -122.4317287913   -2.44e-04   6.95e-03    2.0 
  8   -122.4318271947   -9.84e-05   2.71e-03    2.0 
  9   -122.4318355663   -8.37e-06   1.27e-03    2.0 
 10   -122.4318387101   -3.14e-06   6.47e-04    3.0 
 11   -122.4318395380   -8.28e-07   1.95e-04    2.0 
 12   -122.4318396149   -7.69e-08   1.34e-04    3.0 
 13   -122.4318396394   -2.45e-08   6.80e-05    3.0 
 14   -122.4318396483   -8.85e-09   2.67e-05    3.0 
 15   -122.4318396498   -1.50e-09   2.10e-05    3.0 
 16   -122.4318396503   -5.30e-10   1.03e-05    3.0 
 17   -122.4318396505   -1.71e-10   3.70e-06    2.0 
 18   -122.4318396505   -1.96e-11   1.60e-06    3.0 
 19   -122.4318396505    2.56e-13   1.18e-06    3.0 
Energy breakdown:
    Kinetic             94.9211506
    AtomicLocal         -866.3708662
    AtomicNonlocal      9.3132858 
    Ewald               289.5847490
    PspCorrection       0.0002828 
    Hartree             385.2428111
    Xc                  -35.1232528

    total               -122.431839650486

 ──────────────────────────────────────────────────────────────────────────────
                                       Time                   Allocations      
                               ──────────────────────   ───────────────────────
       Tot / % measured:            1814s / 100%             866GiB / 100%     

 Section               ncalls     time   %tot     avg     alloc   %tot      avg
 ──────────────────────────────────────────────────────────────────────────────
 self_consistent_field      1    1811s   100%   1811s    866GiB  100%    866GiB
   LOBPCG                  19    1073s  59.2%   56.5s    302GiB  34.9%  15.9GiB
     Hamiltonian mu...     79     629s  34.7%   7.97s   42.8GiB  4.95%   555MiB
     block multipli...    282     101s  5.58%   358ms   57.9GiB  6.69%   210MiB
     ortho                247    81.0s  4.47%   328ms   48.3GiB  5.57%   200MiB
     rayleigh_ritz         60    58.2s  3.21%   970ms   28.3MiB  0.00%   483KiB
   energy_hamiltonian      39     466s  25.7%   11.9s    392GiB  45.3%  10.0GiB
   compute_density         19     236s  13.0%   12.4s    140GiB  16.2%  7.39GiB
   KerkerDosMixing         19    805ms  0.04%  42.3ms   4.28GiB  0.49%   231MiB
     SimpleMixing          19    799ms  0.04%  42.0ms   4.28GiB  0.49%   231MiB
   QR orthonormaliz...     19   30.7μs  0.00%  1.62μs     0.00B  0.00%    0.00B
 ──────────────────────────────────────────────────────────────────────────────

Total time in ns: 1812224413737
