Julia version: 1.6.0-DEV.1324

Threading configuration: 
       JULIA_NUM_THREADS:   3
      JULIA_FFTW_THREADS:   3
      JULIA_BLAS_THREADS:   3
Payload:  Caffeine_scfres_guess.jld2

System facts:
    fft_size:      (216, 216, 216)
    kpoints:       1
    n_electrons:   74
    n_bands:       40

Compiling code ...
Timing SCF ...

n     Energy            Eₙ-Eₙ₋₁     ρout-ρin   Diag
---   ---------------   ---------   --------   ----
  1   -122.2354932167         NaN   9.80e-01    1.0 
  2   -122.1642004006    7.13e-02   4.17e-01    8.0 
  3   -121.9730913759    1.91e-01   4.75e-01    5.0 
  4   -122.3680223955   -3.95e-01   1.79e-01    5.0 
  5   -122.4300934327   -6.21e-02   3.39e-02    4.0 
  6   -122.4314809430   -1.39e-03   1.35e-02    3.0 
  7   -122.4317306502   -2.50e-04   6.78e-03    2.0 
  8   -122.4318269963   -9.63e-05   2.74e-03    3.0 
  9   -122.4318354037   -8.41e-06   1.34e-03    3.0 
 10   -122.4318388817   -3.48e-06   6.32e-04    3.0 
 11   -122.4318395351   -6.53e-07   1.99e-04    2.0 
 12   -122.4318396087   -7.35e-08   1.31e-04    3.0 
 13   -122.4318396396   -3.09e-08   6.44e-05    3.0 
 14   -122.4318396488   -9.16e-09   2.11e-05    3.0 
 15   -122.4318396498   -1.03e-09   2.11e-05    3.0 
 16   -122.4318396503   -5.28e-10   9.78e-06    3.0 
 17   -122.4318396505   -1.48e-10   3.26e-06    2.0 
 18   -122.4318396505   -1.30e-11   1.75e-06    2.0 
 19   -122.4318396505   -1.58e-12   8.56e-07    2.0 
Energy breakdown:
    Kinetic             94.9211471
    AtomicLocal         -866.3708703
    AtomicNonlocal      9.3132859 
    Ewald               289.5847490
    PspCorrection       0.0002828 
    Hartree             385.2428181
    Xc                  -35.1232523

    total               -122.431839650485

 ──────────────────────────────────────────────────────────────────────────────
                                       Time                   Allocations      
                               ──────────────────────   ───────────────────────
       Tot / % measured:            1742s / 100%             865GiB / 100%     

 Section               ncalls     time   %tot     avg     alloc   %tot      avg
 ──────────────────────────────────────────────────────────────────────────────
 self_consistent_field      1    1740s   100%   1740s    865GiB  100%    865GiB
   LOBPCG                  19    1062s  61.1%   55.9s    301GiB  34.8%  15.9GiB
     Hamiltonian mu...     79     619s  35.6%   7.83s   42.7GiB  4.94%   553MiB
     block multipli...    283     101s  5.83%   358ms   57.6GiB  6.65%   208MiB
     ortho                247    80.9s  4.65%   328ms   48.1GiB  5.56%   199MiB
     rayleigh_ritz         60    58.7s  3.37%   978ms   28.0MiB  0.00%   479KiB
   energy_hamiltonian      39     441s  25.3%   11.3s    392GiB  45.3%  10.0GiB
   compute_density         19     203s  11.6%   10.7s    140GiB  16.2%  7.39GiB
   KerkerDosMixing         19    803ms  0.05%  42.2ms   4.28GiB  0.49%   231MiB
     SimpleMixing          19    796ms  0.05%  41.9ms   4.28GiB  0.49%   231MiB
   QR orthonormaliz...     19   32.4μs  0.00%  1.70μs     0.00B  0.00%    0.00B
 ──────────────────────────────────────────────────────────────────────────────

Total time in ns: 1740927635966
