Julia version: 1.6.0-DEV.1324

Threading configuration: 
       JULIA_NUM_THREADS:   3
      JULIA_FFTW_THREADS:   4
      JULIA_BLAS_THREADS:   3
Payload:  Caffeine_scfres_guess.jld2

System facts:
    fft_size:      (216, 216, 216)
    kpoints:       1
    n_electrons:   74
    n_bands:       40

Compiling code ...
Timing SCF ...

n     Energy            Eₙ-Eₙ₋₁     ρout-ρin   Diag
---   ---------------   ---------   --------   ----
  1   -122.2354932167         NaN   9.80e-01    1.0 
  2   -122.1647463414    7.07e-02   4.17e-01    8.0 
  3   -121.9743701496    1.90e-01   4.75e-01    5.0 
  4   -122.3679607685   -3.94e-01   1.79e-01    5.0 
  5   -122.4300854653   -6.21e-02   3.40e-02    4.0 
  6   -122.4314885473   -1.40e-03   1.34e-02    3.0 
  7   -122.4317325036   -2.44e-04   7.39e-03    2.0 
  8   -122.4318199956   -8.75e-05   2.82e-03    3.0 
  9   -122.4318362930   -1.63e-05   1.26e-03    2.0 
 10   -122.4318371573   -8.64e-07   9.91e-04    3.0 
 11   -122.4318393542   -2.20e-06   3.13e-04    3.0 
 12   -122.4318394160   -6.18e-08   3.68e-04    4.0 
 13   -122.4318395228   -1.07e-07   2.19e-04    3.0 
 14   -122.4318396257   -1.03e-07   9.65e-05    3.0 
 15   -122.4318396487   -2.31e-08   2.82e-05    2.0 
 16   -122.4318396498   -1.05e-09   2.26e-05    4.0 
 17   -122.4318396502   -4.21e-10   1.08e-05    2.0 
 18   -122.4318396505   -2.65e-10   3.32e-06    2.0 
 19   -122.4318396505   -1.44e-11   1.34e-06    2.0 
Energy breakdown:
    Kinetic             94.9211520
    AtomicLocal         -866.3708736
    AtomicNonlocal      9.3132860 
    Ewald               289.5847490
    PspCorrection       0.0002828 
    Hartree             385.2428173
    Xc                  -35.1232531

    total               -122.431839650484

 ──────────────────────────────────────────────────────────────────────────────
                                       Time                   Allocations      
                               ──────────────────────   ───────────────────────
       Tot / % measured:            1772s / 100%             864GiB / 100%     

 Section               ncalls     time   %tot     avg     alloc   %tot      avg
 ──────────────────────────────────────────────────────────────────────────────
 self_consistent_field      1    1769s   100%   1769s    864GiB  100%    864GiB
   LOBPCG                  19    1052s  59.5%   55.4s    300GiB  34.7%  15.8GiB
     Hamiltonian mu...     80     614s  34.7%   7.68s   42.6GiB  4.93%   545MiB
     block multipli...    289    99.4s  5.62%   344ms   57.1GiB  6.61%   202MiB
     ortho                253    80.9s  4.57%   320ms   47.8GiB  5.54%   194MiB
     rayleigh_ritz         61    57.1s  3.22%   935ms   28.1MiB  0.00%   471KiB
   energy_hamiltonian      39     458s  25.9%   11.7s    392GiB  45.4%  10.0GiB
   compute_density         19     223s  12.6%   11.7s    140GiB  16.3%  7.39GiB
   KerkerDosMixing         19    829ms  0.05%  43.7ms   4.28GiB  0.50%   231MiB
     SimpleMixing          19    822ms  0.05%  43.3ms   4.28GiB  0.50%   231MiB
   QR orthonormaliz...     19   36.6μs  0.00%  1.93μs     0.00B  0.00%    0.00B
 ──────────────────────────────────────────────────────────────────────────────

Total time in ns: 1770370575241
