Julia version: 1.6.0-DEV.1324

Threading configuration: 
       JULIA_NUM_THREADS:   3
      JULIA_FFTW_THREADS:   2
      JULIA_BLAS_THREADS:   4
Payload:  Caffeine_scfres_guess.jld2

System facts:
    fft_size:      (216, 216, 216)
    kpoints:       1
    n_electrons:   74
    n_bands:       40

Compiling code ...
Timing SCF ...

n     Energy            Eₙ-Eₙ₋₁     ρout-ρin   Diag
---   ---------------   ---------   --------   ----
  1   -122.2354932166         NaN   9.80e-01    1.0 
  2   -122.1645701525    7.09e-02   4.17e-01    8.0 
  3   -121.9738932699    1.91e-01   4.75e-01    5.0 
  4   -122.3679714053   -3.94e-01   1.79e-01    5.0 
  5   -122.4301172198   -6.21e-02   3.36e-02    4.0 
  6   -122.4314732361   -1.36e-03   1.36e-02    3.0 
  7   -122.4317245217   -2.51e-04   7.04e-03    2.0 
  8   -122.4318207627   -9.62e-05   2.74e-03    3.0 
  9   -122.4318367831   -1.60e-05   1.13e-03    2.0 
 10   -122.4318375508   -7.68e-07   8.45e-04    3.0 
 11   -122.4318394822   -1.93e-06   2.34e-04    3.0 
 12   -122.4318394490    3.32e-08   3.21e-04    4.0 
 13   -122.4318395904   -1.41e-07   1.56e-04    3.0 
 14   -122.4318396417   -5.12e-08   6.17e-05    2.0 
 15   -122.4318396491   -7.43e-09   2.79e-05    3.0 
 16   -122.4318396498   -7.26e-10   1.78e-05    3.0 
 17   -122.4318396503   -4.27e-10   8.37e-06    3.0 
 18   -122.4318396504   -1.91e-10   3.30e-06    3.0 
 19   -122.4318396504    1.85e-13   3.10e-06    2.0 
Energy breakdown:
    Kinetic             94.9211565
    AtomicLocal         -866.3708617
    AtomicNonlocal      9.3132860 
    Ewald               289.5847490
    PspCorrection       0.0002828 
    Hartree             385.2428015
    Xc                  -35.1232538

    total               -122.431839650441

 ──────────────────────────────────────────────────────────────────────────────
                                       Time                   Allocations      
                               ──────────────────────   ───────────────────────
       Tot / % measured:            1811s / 100%             869GiB / 100%     

 Section               ncalls     time   %tot     avg     alloc   %tot      avg
 ──────────────────────────────────────────────────────────────────────────────
 self_consistent_field      1    1809s   100%   1809s    869GiB  100%    869GiB
   LOBPCG                  19    1070s  59.2%   56.3s    305GiB  35.1%  16.0GiB
     Hamiltonian mu...     81     647s  35.8%   7.99s   43.2GiB  4.98%   547MiB
     block multipli...    295    81.9s  4.53%   278ms   59.0GiB  6.80%   205MiB
     ortho                257    75.3s  4.16%   293ms   48.8GiB  5.62%   195MiB
     rayleigh_ritz         62    60.5s  3.34%   975ms   28.9MiB  0.00%   478KiB
   energy_hamiltonian      39     464s  25.7%   11.9s    392GiB  45.1%  10.0GiB
   compute_density         19     238s  13.2%   12.5s    140GiB  16.2%  7.39GiB
   KerkerDosMixing         19    828ms  0.05%  43.6ms   4.28GiB  0.49%   231MiB
     SimpleMixing          19    822ms  0.05%  43.3ms   4.28GiB  0.49%   231MiB
   QR orthonormaliz...     19   34.1μs  0.00%  1.80μs     0.00B  0.00%    0.00B
 ──────────────────────────────────────────────────────────────────────────────

Total time in ns: 1809907607800
