Julia version: 1.6.0-DEV.1324

Threading configuration: 
       JULIA_NUM_THREADS:   3
      JULIA_FFTW_THREADS:   1
      JULIA_BLAS_THREADS:   4
Payload:  Caffeine_scfres_guess.jld2

System facts:
    fft_size:      (216, 216, 216)
    kpoints:       1
    n_electrons:   74
    n_bands:       40

Compiling code ...
Timing SCF ...

n     Energy            Eₙ-Eₙ₋₁     ρout-ρin   Diag
---   ---------------   ---------   --------   ----
  1   -122.2354932166         NaN   9.80e-01    1.0 
  2   -122.1646200114    7.09e-02   4.17e-01    8.0 
  3   -121.9742957179    1.90e-01   4.75e-01    5.0 
  4   -122.3679929384   -3.94e-01   1.79e-01    5.0 
  5   -122.4301081216   -6.21e-02   3.38e-02    4.0 
  6   -122.4314686617   -1.36e-03   1.38e-02    3.0 
  7   -122.4317288677   -2.60e-04   7.42e-03    2.0 
  8   -122.4318212649   -9.24e-05   2.72e-03    3.0 
  9   -122.4318363153   -1.51e-05   1.27e-03    2.0 
 10   -122.4318372291   -9.14e-07   9.60e-04    3.0 
 11   -122.4318393753   -2.15e-06   2.96e-04    3.0 
 12   -122.4318393876   -1.22e-08   3.89e-04    4.0 
 13   -122.4318395138   -1.26e-07   2.32e-04    3.0 
 14   -122.4318396204   -1.07e-07   1.09e-04    3.0 
 15   -122.4318396479   -2.76e-08   3.39e-05    2.0 
 16   -122.4318396498   -1.90e-09   2.23e-05    4.0 
 17   -122.4318396501   -3.37e-10   1.12e-05    2.0 
 18   -122.4318396504   -3.01e-10   3.55e-06    3.0 
 19   -122.4318396505   -1.37e-11   1.54e-06    2.0 
Energy breakdown:
    Kinetic             94.9211517
    AtomicLocal         -866.3708733
    AtomicNonlocal      9.3132859 
    Ewald               289.5847490
    PspCorrection       0.0002828 
    Hartree             385.2428173
    Xc                  -35.1232530

    total               -122.431839650456

 ──────────────────────────────────────────────────────────────────────────────
                                       Time                   Allocations      
                               ──────────────────────   ───────────────────────
       Tot / % measured:            1961s / 100%             865GiB / 100%     

 Section               ncalls     time   %tot     avg     alloc   %tot      avg
 ──────────────────────────────────────────────────────────────────────────────
 self_consistent_field      1    1958s   100%   1958s    864GiB  100%    864GiB
   LOBPCG                  19    1051s  53.7%   55.3s    301GiB  34.8%  15.8GiB
     Hamiltonian mu...     81     637s  32.5%   7.86s   42.6GiB  4.93%   539MiB
     ortho                256    79.5s  4.06%   311ms   48.0GiB  5.55%   192MiB
     block multipli...    295    79.1s  4.04%   268ms   57.3GiB  6.63%   199MiB
     rayleigh_ritz         62    58.6s  2.99%   945ms   28.1MiB  0.00%   464KiB
   energy_hamiltonian      39     544s  27.8%   14.0s    392GiB  45.3%  10.0GiB
   compute_density         19     321s  16.4%   16.9s    140GiB  16.2%  7.39GiB
   KerkerDosMixing         19    832ms  0.04%  43.8ms   4.28GiB  0.50%   231MiB
     SimpleMixing          19    825ms  0.04%  43.4ms   4.28GiB  0.50%   231MiB
   QR orthonormaliz...     19   47.8μs  0.00%  2.52μs     0.00B  0.00%    0.00B
 ──────────────────────────────────────────────────────────────────────────────

Total time in ns: 1959237012046
