Julia version: 1.6.0-DEV.1324

Threading configuration: 
       JULIA_NUM_THREADS:   3
      JULIA_FFTW_THREADS:   4
      JULIA_BLAS_THREADS:   4
Payload:  Caffeine_scfres_guess.jld2

System facts:
    fft_size:      (216, 216, 216)
    kpoints:       1
    n_electrons:   74
    n_bands:       40

Compiling code ...
Timing SCF ...

n     Energy            Eₙ-Eₙ₋₁     ρout-ρin   Diag
---   ---------------   ---------   --------   ----
  1   -122.2354932166         NaN   9.80e-01    1.0 
  2   -122.1646200114    7.09e-02   4.17e-01    8.0 
  3   -121.9742957179    1.90e-01   4.75e-01    5.0 
  4   -122.3679929384   -3.94e-01   1.79e-01    5.0 
  5   -122.4301081216   -6.21e-02   3.38e-02    4.0 
  6   -122.4314686617   -1.36e-03   1.38e-02    3.0 
  7   -122.4317291959   -2.61e-04   7.41e-03    2.0 
  8   -122.4318210262   -9.18e-05   2.75e-03    3.0 
  9   -122.4318361404   -1.51e-05   1.30e-03    2.0 
 10   -122.4318373644   -1.22e-06   9.51e-04    3.0 
 11   -122.4318393914   -2.03e-06   2.86e-04    3.0 
 12   -122.4318393958   -4.42e-09   3.91e-04    4.0 
 13   -122.4318395137   -1.18e-07   2.33e-04    3.0 
 14   -122.4318396172   -1.04e-07   1.12e-04    2.0 
 15   -122.4318396486   -3.14e-08   3.13e-05    3.0 
 16   -122.4318396495   -9.10e-10   2.70e-05    3.0 
 17   -122.4318396500   -5.07e-10   1.33e-05    2.0 
 18   -122.4318396504   -3.90e-10   4.01e-06    2.0 
 19   -122.4318396505   -2.03e-11   1.95e-06    2.0 
Energy breakdown:
    Kinetic             94.9211545
    AtomicLocal         -866.3708740
    AtomicNonlocal      9.3132863 
    Ewald               289.5847490
    PspCorrection       0.0002828 
    Hartree             385.2428153
    Xc                  -35.1232535

    total               -122.431839650454

 ──────────────────────────────────────────────────────────────────────────────
                                       Time                   Allocations      
                               ──────────────────────   ───────────────────────
       Tot / % measured:            1741s / 100%             860GiB / 100%     

 Section               ncalls     time   %tot     avg     alloc   %tot      avg
 ──────────────────────────────────────────────────────────────────────────────
 self_consistent_field      1    1739s   100%   1739s    860GiB  100%    860GiB
   LOBPCG                  19    1019s  58.6%   53.7s    296GiB  34.4%  15.6GiB
     Hamiltonian mu...     79     612s  35.2%   7.74s   42.0GiB  4.89%   544MiB
     block multipli...    283    77.5s  4.46%   274ms   55.5GiB  6.45%   201MiB
     ortho                247    72.0s  4.14%   292ms   47.1GiB  5.47%   195MiB
     rayleigh_ritz         60    56.6s  3.26%   943ms   27.2MiB  0.00%   463KiB
   energy_hamiltonian      39     457s  26.3%   11.7s    392GiB  45.6%  10.0GiB
   compute_density         19     226s  13.0%   11.9s    140GiB  16.3%  7.39GiB
   KerkerDosMixing         19    809ms  0.05%  42.6ms   4.28GiB  0.50%   231MiB
     SimpleMixing          19    801ms  0.05%  42.2ms   4.28GiB  0.50%   231MiB
   QR orthonormaliz...     19   31.4μs  0.00%  1.65μs     0.00B  0.00%    0.00B
 ──────────────────────────────────────────────────────────────────────────────

Total time in ns: 1739837221765
