Julia version: 1.6.0-DEV.1324

Threading configuration: 
       JULIA_NUM_THREADS:   3
      JULIA_FFTW_THREADS:   3
      JULIA_BLAS_THREADS:   4
Payload:  Caffeine_scfres_guess.jld2

System facts:
    fft_size:      (216, 216, 216)
    kpoints:       1
    n_electrons:   74
    n_bands:       40

Compiling code ...
Timing SCF ...

n     Energy            Eₙ-Eₙ₋₁     ρout-ρin   Diag
---   ---------------   ---------   --------   ----
  1   -122.2354932166         NaN   9.80e-01    1.0 
  2   -122.1648444987    7.06e-02   4.17e-01    8.0 
  3   -121.9742365294    1.91e-01   4.75e-01    5.0 
  4   -122.3678911470   -3.94e-01   1.79e-01    5.0 
  5   -122.4300990582   -6.22e-02   3.39e-02    4.0 
  6   -122.4314740277   -1.37e-03   1.35e-02    3.0 
  7   -122.4317276485   -2.54e-04   6.85e-03    2.0 
  8   -122.4318254341   -9.78e-05   2.89e-03    3.0 
  9   -122.4318346031   -9.17e-06   1.44e-03    3.0 
 10   -122.4318385536   -3.95e-06   7.21e-04    3.0 
 11   -122.4318394924   -9.39e-07   2.57e-04    2.0 
 12   -122.4318396058   -1.13e-07   1.26e-04    3.0 
 13   -122.4318396379   -3.21e-08   7.81e-05    3.0 
 14   -122.4318396485   -1.06e-08   2.49e-05    3.0 
 15   -122.4318396494   -8.89e-10   2.49e-05    3.0 
 16   -122.4318396502   -8.21e-10   1.05e-05    2.0 
 17   -122.4318396504   -2.32e-10   4.53e-06    2.0 
 18   -122.4318396505   -2.17e-11   1.94e-06    2.0 
 19   -122.4318396505   -5.80e-12   1.49e-06    3.0 
Energy breakdown:
    Kinetic             94.9211467
    AtomicLocal         -866.3708752
    AtomicNonlocal      9.3132860 
    Ewald               289.5847490
    PspCorrection       0.0002828 
    Hartree             385.2428232
    Xc                  -35.1232522

    total               -122.431839650457

 ──────────────────────────────────────────────────────────────────────────────
                                       Time                   Allocations      
                               ──────────────────────   ───────────────────────
       Tot / % measured:            1737s / 100%             867GiB / 100%     

 Section               ncalls     time   %tot     avg     alloc   %tot      avg
 ──────────────────────────────────────────────────────────────────────────────
 self_consistent_field      1    1735s   100%   1735s    866GiB  100%    866GiB
   LOBPCG                  19    1051s  60.6%   55.3s    302GiB  34.9%  15.9GiB
     Hamiltonian mu...     79     627s  36.2%   7.94s   42.9GiB  4.95%   556MiB
     block multipli...    281    81.4s  4.69%   290ms   58.0GiB  6.70%   212MiB
     ortho                246    75.1s  4.33%   305ms   48.3GiB  5.58%   201MiB
     rayleigh_ritz         60    59.3s  3.42%   988ms   28.6MiB  0.00%   488KiB
   energy_hamiltonian      39     442s  25.5%   11.3s    392GiB  45.2%  10.0GiB
   compute_density         19     204s  11.8%   10.8s    140GiB  16.2%  7.39GiB
   KerkerDosMixing         19    830ms  0.05%  43.7ms   4.28GiB  0.49%   231MiB
     SimpleMixing          19    823ms  0.05%  43.3ms   4.28GiB  0.49%   231MiB
   QR orthonormaliz...     19   31.7μs  0.00%  1.67μs     0.00B  0.00%    0.00B
 ──────────────────────────────────────────────────────────────────────────────

Total time in ns: 1735710041575
