Julia version: 1.6.0-DEV.1324

Threading configuration: 
       JULIA_NUM_THREADS:   4
      JULIA_FFTW_THREADS:   1
      JULIA_BLAS_THREADS:   1
Payload:  Caffeine_scfres_guess.jld2

System facts:
    fft_size:      (216, 216, 216)
    kpoints:       1
    n_electrons:   74
    n_bands:       40

Compiling code ...
Timing SCF ...

n     Energy            Eₙ-Eₙ₋₁     ρout-ρin   Diag
---   ---------------   ---------   --------   ----
  1   -122.2354932168         NaN   9.80e-01    1.0 
  2   -122.1650876620    7.04e-02   4.17e-01    8.0 
  3   -121.9749733616    1.90e-01   4.74e-01    5.0 
  4   -122.3678386966   -3.93e-01   1.79e-01    5.0 
  5   -122.4301148300   -6.23e-02   3.38e-02    4.0 
  6   -122.4314785638   -1.36e-03   1.36e-02    3.0 
  7   -122.4317289466   -2.50e-04   7.41e-03    2.0 
  8   -122.4318219166   -9.30e-05   2.61e-03    3.0 
  9   -122.4318365099   -1.46e-05   1.27e-03    2.0 
 10   -122.4318374929   -9.83e-07   9.16e-04    3.0 
 11   -122.4318393776   -1.88e-06   3.02e-04    2.0 
 12   -122.4318393988   -2.12e-08   3.81e-04    4.0 
 13   -122.4318395225   -1.24e-07   2.21e-04    3.0 
 14   -122.4318396287   -1.06e-07   9.37e-05    2.0 
 15   -122.4318396483   -1.96e-08   3.11e-05    2.0 
 16   -122.4318396498   -1.49e-09   2.32e-05    4.0 
 17   -122.4318396503   -4.88e-10   1.15e-05    2.0 
 18   -122.4318396506   -3.12e-10   4.01e-06    3.0 
 19   -122.4318396506   -1.04e-11   2.10e-06    3.0 
Energy breakdown:
    Kinetic             94.9211536
    AtomicLocal         -866.3708719
    AtomicNonlocal      9.3132858 
    Ewald               289.5847490
    PspCorrection       0.0002828 
    Hartree             385.2428142
    Xc                  -35.1232532

    total               -122.431839650641

 ──────────────────────────────────────────────────────────────────────────────
                                       Time                   Allocations      
                               ──────────────────────   ───────────────────────
       Tot / % measured:            2270s / 100%             880GiB / 100%     

 Section               ncalls     time   %tot     avg     alloc   %tot      avg
 ──────────────────────────────────────────────────────────────────────────────
 self_consistent_field      1    2268s   100%   2268s    880GiB  100%    880GiB
   LOBPCG                  19    1336s  58.9%   70.3s    298GiB  33.9%  15.7GiB
     Hamiltonian mu...     80     548s  24.2%   6.85s   42.9GiB  4.88%   549MiB
     block multipli...    289     280s  12.3%   968ms   56.1GiB  6.38%   199MiB
     ortho                251     127s  5.62%   508ms   47.4GiB  5.39%   193MiB
     rayleigh_ritz         61     107s  4.71%   1.75s   27.5MiB  0.00%   461KiB
   energy_hamiltonian      39     568s  25.0%   14.6s    404GiB  45.9%  10.3GiB
   compute_density         19     329s  14.5%   17.3s    146GiB  16.6%  7.70GiB
   KerkerDosMixing         19    789ms  0.03%  41.6ms   4.28GiB  0.49%   231MiB
     SimpleMixing          19    784ms  0.03%  41.3ms   4.28GiB  0.49%   231MiB
   QR orthonormaliz...     19   32.4μs  0.00%  1.70μs     0.00B  0.00%    0.00B
 ──────────────────────────────────────────────────────────────────────────────

Total time in ns: 2269037863995
