Julia version: 1.6.0-DEV.1324

Threading configuration: 
       JULIA_NUM_THREADS:   4
      JULIA_FFTW_THREADS:   2
      JULIA_BLAS_THREADS:   1
Payload:  Caffeine_scfres_guess.jld2

System facts:
    fft_size:      (216, 216, 216)
    kpoints:       1
    n_electrons:   74
    n_bands:       40

Compiling code ...
Timing SCF ...

n     Energy            Eₙ-Eₙ₋₁     ρout-ρin   Diag
---   ---------------   ---------   --------   ----
  1   -122.2354932168         NaN   9.80e-01    1.0 
  2   -122.1651141643    7.04e-02   4.17e-01    8.0 
  3   -121.9751069182    1.90e-01   4.74e-01    5.0 
  4   -122.3678597591   -3.93e-01   1.79e-01    5.0 
  5   -122.4301085356   -6.22e-02   3.38e-02    4.0 
  6   -122.4314771204   -1.37e-03   1.36e-02    3.0 
  7   -122.4317260229   -2.49e-04   6.99e-03    2.0 
  8   -122.4318260606   -1.00e-04   2.76e-03    2.0 
  9   -122.4318346479   -8.59e-06   1.41e-03    3.0 
 10   -122.4318386951   -4.05e-06   6.60e-04    3.0 
 11   -122.4318395027   -8.08e-07   2.48e-04    2.0 
 12   -122.4318396100   -1.07e-07   1.23e-04    3.0 
 13   -122.4318396392   -2.92e-08   7.72e-05    3.0 
 14   -122.4318396484   -9.27e-09   2.86e-05    3.0 
 15   -122.4318396497   -1.23e-09   2.39e-05    3.0 
 16   -122.4318396504   -7.37e-10   9.90e-06    2.0 
 17   -122.4318396506   -2.04e-10   4.90e-06    2.0 
 18   -122.4318396506   -2.83e-11   2.24e-06    2.0 
 19   -122.4318396506   -5.02e-12   1.87e-06    3.0 
Energy breakdown:
    Kinetic             94.9211440
    AtomicLocal         -866.3708707
    AtomicNonlocal      9.3132858 
    Ewald               289.5847490
    PspCorrection       0.0002828 
    Hartree             385.2428212
    Xc                  -35.1232518

    total               -122.431839650644

 ──────────────────────────────────────────────────────────────────────────────
                                       Time                   Allocations      
                               ──────────────────────   ───────────────────────
       Tot / % measured:            2062s / 100%             884GiB / 100%     

 Section               ncalls     time   %tot     avg     alloc   %tot      avg
 ──────────────────────────────────────────────────────────────────────────────
 self_consistent_field      1    2059s   100%   2059s    883GiB  100%    883GiB
   LOBPCG                  19    1300s  63.1%   68.4s    302GiB  34.2%  15.9GiB
     Hamiltonian mu...     78     527s  25.6%   6.76s   43.3GiB  4.91%   569MiB
     block multipli...    276     279s  13.5%   1.01s   57.6GiB  6.52%   214MiB
     ortho                242     127s  6.19%   527ms   48.1GiB  5.44%   203MiB
     rayleigh_ritz         59     107s  5.18%   1.81s   28.4MiB  0.00%   493KiB
   energy_hamiltonian      39     479s  23.3%   12.3s    404GiB  45.7%  10.3GiB
   compute_density         19     246s  12.0%   13.0s    146GiB  16.6%  7.70GiB
   KerkerDosMixing         19    822ms  0.04%  43.2ms   4.28GiB  0.48%   231MiB
     SimpleMixing          19    816ms  0.04%  42.9ms   4.28GiB  0.48%   231MiB
   QR orthonormaliz...     19   30.2μs  0.00%  1.59μs     0.00B  0.00%    0.00B
 ──────────────────────────────────────────────────────────────────────────────

Total time in ns: 2060332718328
