Julia version: 1.6.0-DEV.1324

Threading configuration: 
       JULIA_NUM_THREADS:   4
      JULIA_FFTW_THREADS:   4
      JULIA_BLAS_THREADS:   1
Payload:  Caffeine_scfres_guess.jld2

System facts:
    fft_size:      (216, 216, 216)
    kpoints:       1
    n_electrons:   74
    n_bands:       40

Compiling code ...
Timing SCF ...

n     Energy            Eₙ-Eₙ₋₁     ρout-ρin   Diag
---   ---------------   ---------   --------   ----
  1   -122.2354932168         NaN   9.80e-01    1.0 
  2   -122.1650876620    7.04e-02   4.17e-01    8.0 
  3   -121.9749733616    1.90e-01   4.74e-01    5.0 
  4   -122.3678386966   -3.93e-01   1.79e-01    5.0 
  5   -122.4301148300   -6.23e-02   3.38e-02    4.0 
  6   -122.4314777417   -1.36e-03   1.36e-02    3.0 
  7   -122.4317305214   -2.53e-04   7.36e-03    2.0 
  8   -122.4318219524   -9.14e-05   2.61e-03    3.0 
  9   -122.4318364865   -1.45e-05   1.25e-03    2.0 
 10   -122.4318374191   -9.33e-07   9.21e-04    3.0 
 11   -122.4318394202   -2.00e-06   2.93e-04    2.0 
 12   -122.4318394606   -4.04e-08   3.05e-04    4.0 
 13   -122.4318395720   -1.11e-07   1.64e-04    3.0 
 14   -122.4318396423   -7.03e-08   6.32e-05    3.0 
 15   -122.4318396489   -6.61e-09   3.08e-05    3.0 
 16   -122.4318396502   -1.26e-09   1.71e-05    2.0 
 17   -122.4318396505   -2.86e-10   8.36e-06    2.0 
 18   -122.4318396506   -1.72e-10   3.66e-06    3.0 
 19   -122.4318396506   -1.67e-11   2.13e-06    3.0 
Energy breakdown:
    Kinetic             94.9211524
    AtomicLocal         -866.3708642
    AtomicNonlocal      9.3132860 
    Ewald               289.5847490
    PspCorrection       0.0002828 
    Hartree             385.2428074
    Xc                  -35.1232531

    total               -122.431839650645

 ──────────────────────────────────────────────────────────────────────────────
                                       Time                   Allocations      
                               ──────────────────────   ───────────────────────
       Tot / % measured:            1979s / 100%             882GiB / 100%     

 Section               ncalls     time   %tot     avg     alloc   %tot      avg
 ──────────────────────────────────────────────────────────────────────────────
 self_consistent_field      1    1976s   100%   1976s    882GiB  100%    882GiB
   LOBPCG                  19    1302s  65.9%   68.5s    300GiB  34.1%  15.8GiB
     Hamiltonian mu...     80     519s  26.3%   6.49s   43.2GiB  4.90%   553MiB
     block multipli...    289     280s  14.2%   970ms   57.0GiB  6.46%   202MiB
     ortho                253     129s  6.55%   511ms   47.8GiB  5.42%   194MiB
     rayleigh_ritz         61     104s  5.25%   1.70s   27.7MiB  0.00%   466KiB
   energy_hamiltonian      39     445s  22.5%   11.4s    404GiB  45.8%  10.3GiB
   compute_density         19     194s  9.82%   10.2s    146GiB  16.6%  7.70GiB
   KerkerDosMixing         19    809ms  0.04%  42.6ms   4.28GiB  0.49%   231MiB
     SimpleMixing          19    804ms  0.04%  42.3ms   4.28GiB  0.49%   231MiB
   QR orthonormaliz...     19   32.5μs  0.00%  1.71μs     0.00B  0.00%    0.00B
 ──────────────────────────────────────────────────────────────────────────────

Total time in ns: 1977221580106
