Julia version: 1.6.0-DEV.1324

Threading configuration: 
       JULIA_NUM_THREADS:   4
      JULIA_FFTW_THREADS:   3
      JULIA_BLAS_THREADS:   1
Payload:  Caffeine_scfres_guess.jld2

System facts:
    fft_size:      (216, 216, 216)
    kpoints:       1
    n_electrons:   74
    n_bands:       40

Compiling code ...
Timing SCF ...

n     Energy            Eₙ-Eₙ₋₁     ρout-ρin   Diag
---   ---------------   ---------   --------   ----
  1   -122.2354932168         NaN   9.80e-01    1.0 
  2   -122.1643340824    7.12e-02   4.17e-01    9.0 
  3   -121.9739742913    1.90e-01   4.75e-01    5.0 
  4   -122.3680217033   -3.94e-01   1.79e-01    5.0 
  5   -122.4300954167   -6.21e-02   3.39e-02    4.0 
  6   -122.4314747932   -1.38e-03   1.36e-02    3.0 
  7   -122.4317316058   -2.57e-04   7.37e-03    2.0 
  8   -122.4318203425   -8.87e-05   2.80e-03    3.0 
  9   -122.4318360629   -1.57e-05   1.30e-03    2.0 
 10   -122.4318370577   -9.95e-07   1.01e-03    3.0 
 11   -122.4318393728   -2.32e-06   2.99e-04    3.0 
 12   -122.4318393976   -2.48e-08   3.78e-04    4.0 
 13   -122.4318395179   -1.20e-07   2.26e-04    3.0 
 14   -122.4318396224   -1.04e-07   1.04e-04    3.0 
 15   -122.4318396491   -2.67e-08   2.78e-05    2.0 
 16   -122.4318396499   -8.22e-10   2.27e-05    4.0 
 17   -122.4318396504   -4.77e-10   9.89e-06    2.0 
 18   -122.4318396506   -2.39e-10   4.27e-06    3.0 
 19   -122.4318396506   -2.27e-11   1.82e-06    2.0 
Energy breakdown:
    Kinetic             94.9211535
    AtomicLocal         -866.3708702
    AtomicNonlocal      9.3132865 
    Ewald               289.5847490
    PspCorrection       0.0002828 
    Hartree             385.2428122
    Xc                  -35.1232534

    total               -122.431839650644

 ──────────────────────────────────────────────────────────────────────────────
                                       Time                   Allocations      
                               ──────────────────────   ───────────────────────
       Tot / % measured:            1964s / 100%             883GiB / 100%     

 Section               ncalls     time   %tot     avg     alloc   %tot      avg
 ──────────────────────────────────────────────────────────────────────────────
 self_consistent_field      1    1962s   100%   1962s    883GiB  100%    883GiB
   LOBPCG                  19    1281s  65.3%   67.4s    302GiB  34.2%  15.9GiB
     Hamiltonian mu...     82     518s  26.4%   6.31s   43.4GiB  4.92%   542MiB
     block multipli...    300     276s  14.1%   919ms   57.4GiB  6.50%   196MiB
     ortho                258     127s  6.49%   494ms   48.0GiB  5.44%   191MiB
     rayleigh_ritz         63     102s  5.21%   1.62s   27.9MiB  0.00%   453KiB
   energy_hamiltonian      39     444s  22.6%   11.4s    404GiB  45.7%  10.3GiB
   compute_density         19     206s  10.5%   10.9s    146GiB  16.6%  7.70GiB
   KerkerDosMixing         19    802ms  0.04%  42.2ms   4.28GiB  0.48%   231MiB
     SimpleMixing          19    796ms  0.04%  41.9ms   4.28GiB  0.48%   231MiB
   QR orthonormaliz...     19   27.3μs  0.00%  1.44μs     0.00B  0.00%    0.00B
 ──────────────────────────────────────────────────────────────────────────────

Total time in ns: 1963063263306
