Julia version: 1.6.0-DEV.1324

Threading configuration: 
       JULIA_NUM_THREADS:   4
      JULIA_FFTW_THREADS:   3
      JULIA_BLAS_THREADS:   2
Payload:  Caffeine_scfres_guess.jld2

System facts:
    fft_size:      (216, 216, 216)
    kpoints:       1
    n_electrons:   74
    n_bands:       40

Compiling code ...
Timing SCF ...

n     Energy            Eₙ-Eₙ₋₁     ρout-ρin   Diag
---   ---------------   ---------   --------   ----
  1   -122.2354932167         NaN   9.80e-01    1.0 
  2   -122.1655096637    7.00e-02   4.17e-01    8.0 
  3   -121.9760718439    1.89e-01   4.74e-01    5.0 
  4   -122.3680665874   -3.92e-01   1.79e-01    5.0 
  5   -122.4301096220   -6.20e-02   3.38e-02    4.0 
  6   -122.4314993826   -1.39e-03   1.30e-02    3.0 
  7   -122.4317404380   -2.41e-04   7.16e-03    2.0 
  8   -122.4318216221   -8.12e-05   2.71e-03    3.0 
  9   -122.4318362973   -1.47e-05   1.23e-03    2.0 
 10   -122.4318370610   -7.64e-07   9.74e-04    4.0 
 11   -122.4318393570   -2.30e-06   3.02e-04    3.0 
 12   -122.4318393908   -3.39e-08   3.70e-04    4.0 
 13   -122.4318395251   -1.34e-07   2.14e-04    3.0 
 14   -122.4318396305   -1.05e-07   8.48e-05    3.0 
 15   -122.4318396487   -1.83e-08   2.96e-05    2.0 
 16   -122.4318396497   -9.20e-10   2.31e-05    4.0 
 17   -122.4318396502   -5.43e-10   1.11e-05    2.0 
 18   -122.4318396505   -2.89e-10   4.07e-06    3.0 
 19   -122.4318396505   -2.00e-11   2.08e-06    3.0 
Energy breakdown:
    Kinetic             94.9211515
    AtomicLocal         -866.3708645
    AtomicNonlocal      9.3132862 
    Ewald               289.5847490
    PspCorrection       0.0002828 
    Hartree             385.2428083
    Xc                  -35.1232531

    total               -122.431839650507

 ──────────────────────────────────────────────────────────────────────────────
                                       Time                   Allocations      
                               ──────────────────────   ───────────────────────
       Tot / % measured:            1720s / 100%             882GiB / 100%     

 Section               ncalls     time   %tot     avg     alloc   %tot      avg
 ──────────────────────────────────────────────────────────────────────────────
 self_consistent_field      1    1718s   100%   1718s    882GiB  100%    882GiB
   LOBPCG                  19    1029s  59.9%   54.2s    300GiB  34.1%  15.8GiB
     Hamiltonian mu...     83     495s  28.8%   5.96s   43.3GiB  4.91%   534MiB
     block multipli...    306     147s  8.58%   482ms   56.9GiB  6.45%   190MiB
     ortho                266    90.0s  5.24%   338ms   47.8GiB  5.42%   184MiB
     rayleigh_ritz         64    73.0s  4.25%   1.14s   27.5MiB  0.00%   441KiB
   energy_hamiltonian      39     447s  26.0%   11.5s    404GiB  45.8%  10.3GiB
   compute_density         19     207s  12.1%   10.9s    146GiB  16.6%  7.70GiB
   KerkerDosMixing         19    804ms  0.05%  42.3ms   4.28GiB  0.49%   231MiB
     SimpleMixing          19    798ms  0.05%  42.0ms   4.28GiB  0.49%   231MiB
   QR orthonormaliz...     19   31.1μs  0.00%  1.64μs     0.00B  0.00%    0.00B
 ──────────────────────────────────────────────────────────────────────────────

Total time in ns: 1718869156866
