Julia version: 1.6.0-DEV.1324

Threading configuration: 
       JULIA_NUM_THREADS:   4
      JULIA_FFTW_THREADS:   4
      JULIA_BLAS_THREADS:   2
Payload:  Caffeine_scfres_guess.jld2

System facts:
    fft_size:      (216, 216, 216)
    kpoints:       1
    n_electrons:   74
    n_bands:       40

Compiling code ...
Timing SCF ...

n     Energy            Eₙ-Eₙ₋₁     ρout-ρin   Diag
---   ---------------   ---------   --------   ----
  1   -122.2354932167         NaN   9.80e-01    1.0 
  2   -122.1650028612    7.05e-02   4.17e-01    8.0 
  3   -121.9741743369    1.91e-01   4.75e-01    5.0 
  4   -122.3678345859   -3.94e-01   1.79e-01    5.0 
  5   -122.4300987889   -6.23e-02   3.39e-02    4.0 
  6   -122.4314695826   -1.37e-03   1.37e-02    3.0 
  7   -122.4317253555   -2.56e-04   7.00e-03    3.0 
  8   -122.4318251252   -9.98e-05   2.88e-03    3.0 
  9   -122.4318335244   -8.40e-06   1.64e-03    3.0 
 10   -122.4318387797   -5.26e-06   5.78e-04    3.0 
 11   -122.4318394683   -6.89e-07   2.85e-04    3.0 
 12   -122.4318396098   -1.42e-07   1.16e-04    2.0 
 13   -122.4318396401   -3.03e-08   7.36e-05    3.0 
 14   -122.4318396490   -8.86e-09   2.17e-05    4.0 
 15   -122.4318396495   -5.29e-10   2.57e-05    3.0 
 16   -122.4318396503   -8.43e-10   1.01e-05    3.0 
 17   -122.4318396505   -1.69e-10   2.66e-06    2.0 
 18   -122.4318396505   -1.79e-11   1.35e-06    4.0 
 19   -122.4318396505   -2.56e-12   5.32e-07    3.0 
Energy breakdown:
    Kinetic             94.9211493
    AtomicLocal         -866.3708631
    AtomicNonlocal      9.3132856 
    Ewald               289.5847490
    PspCorrection       0.0002828 
    Hartree             385.2428092
    Xc                  -35.1232526

    total               -122.431839650517

 ──────────────────────────────────────────────────────────────────────────────
                                       Time                   Allocations      
                               ──────────────────────   ───────────────────────
       Tot / % measured:            1717s / 100%             890GiB / 100%     

 Section               ncalls     time   %tot     avg     alloc   %tot      avg
 ──────────────────────────────────────────────────────────────────────────────
 self_consistent_field      1    1714s   100%   1714s    890GiB  100%    890GiB
   LOBPCG                  19    1060s  61.8%   55.8s    308GiB  34.7%  16.2GiB
     Hamiltonian mu...     84     504s  29.4%   5.99s   44.4GiB  4.99%   541MiB
     block multipli...    312     157s  9.16%   503ms   60.1GiB  6.75%   197MiB
     ortho                270    92.5s  5.40%   343ms   49.3GiB  5.54%   187MiB
     rayleigh_ritz         65    77.1s  4.50%   1.19s   28.9MiB  0.00%   456KiB
   energy_hamiltonian      39     433s  25.3%   11.1s    404GiB  45.4%  10.3GiB
   compute_density         19     187s  10.9%   9.85s    146GiB  16.4%  7.70GiB
   KerkerDosMixing         19    807ms  0.05%  42.5ms   4.28GiB  0.48%   231MiB
     SimpleMixing          19    801ms  0.05%  42.2ms   4.28GiB  0.48%   231MiB
   QR orthonormaliz...     19   29.8μs  0.00%  1.57μs     0.00B  0.00%    0.00B
 ──────────────────────────────────────────────────────────────────────────────

Total time in ns: 1715263679975
