Julia version: 1.6.0-DEV.1324

Threading configuration: 
       JULIA_NUM_THREADS:   4
      JULIA_FFTW_THREADS:   1
      JULIA_BLAS_THREADS:   2
Payload:  Caffeine_scfres_guess.jld2

System facts:
    fft_size:      (216, 216, 216)
    kpoints:       1
    n_electrons:   74
    n_bands:       40

Compiling code ...
Timing SCF ...

n     Energy            Eₙ-Eₙ₋₁     ρout-ρin   Diag
---   ---------------   ---------   --------   ----
  1   -122.2354932167         NaN   9.80e-01    1.0 
  2   -122.1657423961    6.98e-02   4.17e-01    8.0 
  3   -121.9763924878    1.89e-01   4.74e-01    5.0 
  4   -122.3679643542   -3.92e-01   1.79e-01    5.0 
  5   -122.4300982903   -6.21e-02   3.39e-02    4.0 
  6   -122.4314882746   -1.39e-03   1.33e-02    3.0 
  7   -122.4317352900   -2.47e-04   7.22e-03    2.0 
  8   -122.4318211201   -8.58e-05   2.72e-03    3.0 
  9   -122.4318361809   -1.51e-05   1.26e-03    2.0 
 10   -122.4318373754   -1.19e-06   9.49e-04    3.0 
 11   -122.4318393632   -1.99e-06   3.07e-04    2.0 
 12   -122.4318393933   -3.01e-08   3.81e-04    4.0 
 13   -122.4318395179   -1.25e-07   2.25e-04    3.0 
 14   -122.4318396196   -1.02e-07   1.07e-04    2.0 
 15   -122.4318396483   -2.87e-08   3.10e-05    2.0 
 16   -122.4318396497   -1.41e-09   2.54e-05    4.0 
 17   -122.4318396501   -4.25e-10   1.32e-05    2.0 
 18   -122.4318396505   -3.88e-10   3.46e-06    2.0 
 19   -122.4318396505   -1.65e-11   1.39e-06    2.0 
Energy breakdown:
    Kinetic             94.9211539
    AtomicLocal         -866.3708752
    AtomicNonlocal      9.3132860 
    Ewald               289.5847490
    PspCorrection       0.0002828 
    Hartree             385.2428173
    Xc                  -35.1232534

    total               -122.431839650515

 ──────────────────────────────────────────────────────────────────────────────
                                       Time                   Allocations      
                               ──────────────────────   ───────────────────────
       Tot / % measured:            1985s / 100%             881GiB / 100%     

 Section               ncalls     time   %tot     avg     alloc   %tot      avg
 ──────────────────────────────────────────────────────────────────────────────
 self_consistent_field      1    1983s   100%   1983s    881GiB  100%    881GiB
   LOBPCG                  19    1061s  53.5%   55.8s    299GiB  34.0%  15.8GiB
     Hamiltonian mu...     78     524s  26.4%   6.72s   43.0GiB  4.88%   564MiB
     block multipli...    277     150s  7.56%   541ms   56.5GiB  6.42%   209MiB
     ortho                241    88.4s  4.46%   367ms   47.6GiB  5.40%   202MiB
     rayleigh_ritz         59    74.8s  3.77%   1.27s   28.0MiB  0.00%   486KiB
   energy_hamiltonian      39     560s  28.3%   14.4s    404GiB  45.8%  10.3GiB
   compute_density         19     324s  16.3%   17.1s    146GiB  16.6%  7.70GiB
   KerkerDosMixing         19    792ms  0.04%  41.7ms   4.28GiB  0.49%   231MiB
     SimpleMixing          19    787ms  0.04%  41.4ms   4.28GiB  0.49%   231MiB
   QR orthonormaliz...     19   36.7μs  0.00%  1.93μs     0.00B  0.00%    0.00B
 ──────────────────────────────────────────────────────────────────────────────

Total time in ns: 1983874129391
