Julia version: 1.6.0-DEV.1324

Threading configuration: 
       JULIA_NUM_THREADS:   4
      JULIA_FFTW_THREADS:   2
      JULIA_BLAS_THREADS:   2
Payload:  Caffeine_scfres_guess.jld2

System facts:
    fft_size:      (216, 216, 216)
    kpoints:       1
    n_electrons:   74
    n_bands:       40

Compiling code ...
Timing SCF ...

n     Energy            Eₙ-Eₙ₋₁     ρout-ρin   Diag
---   ---------------   ---------   --------   ----
  1   -122.2354932167         NaN   9.80e-01    1.0 
  2   -122.1644155045    7.11e-02   4.17e-01    8.0 
  3   -121.9732011508    1.91e-01   4.75e-01    5.0 
  4   -122.3678781055   -3.95e-01   1.79e-01    5.0 
  5   -122.4301043277   -6.22e-02   3.38e-02    4.0 
  6   -122.4314791059   -1.37e-03   1.35e-02    3.0 
  7   -122.4317349505   -2.56e-04   6.67e-03    2.0 
  8   -122.4318258666   -9.09e-05   2.83e-03    3.0 
  9   -122.4318343366   -8.47e-06   1.55e-03    3.0 
 10   -122.4318389721   -4.64e-06   5.15e-04    3.0 
 11   -122.4318394693   -4.97e-07   2.81e-04    2.0 
 12   -122.4318396147   -1.45e-07   1.10e-04    2.0 
 13   -122.4318396416   -2.70e-08   6.68e-05    3.0 
 14   -122.4318396493   -7.66e-09   1.99e-05    4.0 
 15   -122.4318396498   -4.80e-10   2.23e-05    3.0 
 16   -122.4318396504   -5.95e-10   8.26e-06    3.0 
 17   -122.4318396505   -1.28e-10   2.53e-06    3.0 
 18   -122.4318396505   -5.17e-12   1.90e-06    3.0 
 19   -122.4318396505   -6.22e-12   6.45e-07    3.0 
Energy breakdown:
    Kinetic             94.9211503
    AtomicLocal         -866.3708698
    AtomicNonlocal      9.3132858 
    Ewald               289.5847490
    PspCorrection       0.0002828 
    Hartree             385.2428151
    Xc                  -35.1232528

    total               -122.431839650517

 ──────────────────────────────────────────────────────────────────────────────
                                       Time                   Allocations      
                               ──────────────────────   ───────────────────────
       Tot / % measured:            1819s / 100%             887GiB / 100%     

 Section               ncalls     time   %tot     avg     alloc   %tot      avg
 ──────────────────────────────────────────────────────────────────────────────
 self_consistent_field      1    1816s   100%   1816s    887GiB  100%    887GiB
   LOBPCG                  19    1059s  58.3%   55.7s    305GiB  34.4%  16.1GiB
     Hamiltonian mu...     82     518s  28.5%   6.31s   43.9GiB  4.95%   548MiB
     block multipli...    301     151s  8.31%   502ms   58.9GiB  6.65%   200MiB
     ortho                261    91.7s  5.05%   351ms   48.8GiB  5.50%   191MiB
     rayleigh_ritz         63    76.7s  4.22%   1.22s   28.5MiB  0.00%   463KiB
   energy_hamiltonian      39     479s  26.4%   12.3s    404GiB  45.5%  10.3GiB
   compute_density         19     241s  13.3%   12.7s    146GiB  16.5%  7.70GiB
   KerkerDosMixing         19    808ms  0.04%  42.5ms   4.28GiB  0.48%   231MiB
     SimpleMixing          19    802ms  0.04%  42.2ms   4.28GiB  0.48%   231MiB
   QR orthonormaliz...     19   32.6μs  0.00%  1.72μs     0.00B  0.00%    0.00B
 ──────────────────────────────────────────────────────────────────────────────

Total time in ns: 1817510711545
