Julia version: 1.6.0-DEV.1324

Threading configuration: 
       JULIA_NUM_THREADS:   4
      JULIA_FFTW_THREADS:   2
      JULIA_BLAS_THREADS:   3
Payload:  Caffeine_scfres_guess.jld2

System facts:
    fft_size:      (216, 216, 216)
    kpoints:       1
    n_electrons:   74
    n_bands:       40

Compiling code ...
Timing SCF ...

n     Energy            Eₙ-Eₙ₋₁     ρout-ρin   Diag
---   ---------------   ---------   --------   ----
  1   -122.2354932167         NaN   9.80e-01    1.0 
  2   -122.1652265578    7.03e-02   4.17e-01    8.0 
  3   -121.9755308438    1.90e-01   4.74e-01    6.0 
  4   -122.3679290745   -3.92e-01   1.79e-01    5.0 
  5   -122.4301117823   -6.22e-02   3.37e-02    4.0 
  6   -122.4314764471   -1.36e-03   1.36e-02    3.0 
  7   -122.4317291449   -2.53e-04   6.86e-03    2.0 
  8   -122.4318258320   -9.67e-05   2.88e-03    3.0 
  9   -122.4318341140   -8.28e-06   1.60e-03    3.0 
 10   -122.4318389288   -4.81e-06   5.44e-04    3.0 
 11   -122.4318394331   -5.04e-07   3.14e-04    3.0 
 12   -122.4318396130   -1.80e-07   1.09e-04    3.0 
 13   -122.4318396435   -3.05e-08   7.09e-05    2.0 
 14   -122.4318396488   -5.29e-09   2.79e-05    3.0 
 15   -122.4318396498   -9.30e-10   2.16e-05    2.0 
 16   -122.4318396504   -5.95e-10   7.98e-06    3.0 
 17   -122.4318396505   -1.06e-10   4.20e-06    2.0 
 18   -122.4318396505   -2.31e-11   2.03e-06    3.0 
 19   -122.4318396505   -6.32e-12   7.81e-07    3.0 
Energy breakdown:
    Kinetic             94.9211480
    AtomicLocal         -866.3708689
    AtomicNonlocal      9.3132860 
    Ewald               289.5847490
    PspCorrection       0.0002828 
    Hartree             385.2428159
    Xc                  -35.1232525

    total               -122.431839650487

 ──────────────────────────────────────────────────────────────────────────────
                                       Time                   Allocations      
                               ──────────────────────   ───────────────────────
       Tot / % measured:            1726s / 100%             885GiB / 100%     

 Section               ncalls     time   %tot     avg     alloc   %tot      avg
 ──────────────────────────────────────────────────────────────────────────────
 self_consistent_field      1    1724s   100%   1724s    885GiB  100%    885GiB
   LOBPCG                  19     960s  55.7%   50.5s    304GiB  34.3%  16.0GiB
     Hamiltonian mu...     81     503s  29.2%   6.20s   43.7GiB  4.94%   552MiB
     block multipli...    294     105s  6.12%   359ms   58.3GiB  6.58%   203MiB
     ortho                256    81.4s  4.72%   318ms   48.4GiB  5.47%   194MiB
     rayleigh_ritz         62    59.1s  3.43%   953ms   28.6MiB  0.00%   473KiB
   energy_hamiltonian      39     482s  28.0%   12.4s    404GiB  45.6%  10.3GiB
   compute_density         19     245s  14.2%   12.9s    146GiB  16.5%  7.70GiB
   KerkerDosMixing         19    809ms  0.05%  42.6ms   4.28GiB  0.48%   231MiB
     SimpleMixing          19    802ms  0.05%  42.2ms   4.28GiB  0.48%   231MiB
   QR orthonormaliz...     19   33.6μs  0.00%  1.77μs     0.00B  0.00%    0.00B
 ──────────────────────────────────────────────────────────────────────────────

Total time in ns: 1724891524559
