Julia version: 1.6.0-DEV.1324

Threading configuration: 
       JULIA_NUM_THREADS:   4
      JULIA_FFTW_THREADS:   4
      JULIA_BLAS_THREADS:   3
Payload:  Caffeine_scfres_guess.jld2

System facts:
    fft_size:      (216, 216, 216)
    kpoints:       1
    n_electrons:   74
    n_bands:       40

Compiling code ...
Timing SCF ...

n     Energy            Eₙ-Eₙ₋₁     ρout-ρin   Diag
---   ---------------   ---------   --------   ----
  1   -122.2354932167         NaN   9.80e-01    1.0 
  2   -122.1651892738    7.03e-02   4.17e-01    8.0 
  3   -121.9749184500    1.90e-01   4.74e-01    5.0 
  4   -122.3679694457   -3.93e-01   1.79e-01    5.0 
  5   -122.4300932480   -6.21e-02   3.39e-02    4.0 
  6   -122.4314637452   -1.37e-03   1.37e-02    3.0 
  7   -122.4317258738   -2.62e-04   6.98e-03    3.0 
  8   -122.4318255958   -9.97e-05   2.89e-03    3.0 
  9   -122.4318341291   -8.53e-06   1.56e-03    3.0 
 10   -122.4318387680   -4.64e-06   5.85e-04    3.0 
 11   -122.4318394484   -6.80e-07   3.01e-04    3.0 
 12   -122.4318396120   -1.64e-07   1.10e-04    3.0 
 13   -122.4318396425   -3.05e-08   7.27e-05    3.0 
 14   -122.4318396486   -6.08e-09   3.04e-05    5.0 
 15   -122.4318396495   -9.13e-10   2.36e-05    3.0 
 16   -122.4318396504   -8.63e-10   7.46e-06    3.0 
 17   -122.4318396505   -8.11e-11   4.35e-06    2.0 
 18   -122.4318396505   -2.45e-11   1.54e-06    3.0 
 19   -122.4318396505   -2.94e-12   1.35e-06    3.0 
Energy breakdown:
    Kinetic             94.9211482
    AtomicLocal         -866.3708681
    AtomicNonlocal      9.3132859 
    Ewald               289.5847490
    PspCorrection       0.0002828 
    Hartree             385.2428150
    Xc                  -35.1232524

    total               -122.431839650486

 ──────────────────────────────────────────────────────────────────────────────
                                       Time                   Allocations      
                               ──────────────────────   ───────────────────────
       Tot / % measured:            1615s / 100%             888GiB / 100%     

 Section               ncalls     time   %tot     avg     alloc   %tot      avg
 ──────────────────────────────────────────────────────────────────────────────
 self_consistent_field      1    1612s   100%   1612s    888GiB  100%    888GiB
   LOBPCG                  19     950s  58.9%   50.0s    306GiB  34.5%  16.1GiB
     Hamiltonian mu...     85     488s  30.3%   5.74s   44.1GiB  4.97%   532MiB
     block multipli...    319     107s  6.67%   337ms   59.2GiB  6.67%   190MiB
     ortho                277    82.9s  5.14%   299ms   48.9GiB  5.51%   181MiB
     rayleigh_ritz         66    60.1s  3.73%   911ms   28.6MiB  0.00%   444KiB
   energy_hamiltonian      39     441s  27.3%   11.3s    404GiB  45.5%  10.3GiB
   compute_density         19     186s  11.5%   9.77s    146GiB  16.5%  7.70GiB
   KerkerDosMixing         19    828ms  0.05%  43.6ms   4.28GiB  0.48%   231MiB
     SimpleMixing          19    821ms  0.05%  43.2ms   4.28GiB  0.48%   231MiB
   QR orthonormaliz...     19   32.1μs  0.00%  1.69μs     0.00B  0.00%    0.00B
 ──────────────────────────────────────────────────────────────────────────────

Total time in ns: 1612987643543
