Julia version: 1.6.0-DEV.1324

Threading configuration: 
       JULIA_NUM_THREADS:   4
      JULIA_FFTW_THREADS:   3
      JULIA_BLAS_THREADS:   3
Payload:  Caffeine_scfres_guess.jld2

System facts:
    fft_size:      (216, 216, 216)
    kpoints:       1
    n_electrons:   74
    n_bands:       40

Compiling code ...
Timing SCF ...

n     Energy            Eₙ-Eₙ₋₁     ρout-ρin   Diag
---   ---------------   ---------   --------   ----
  1   -122.2354932167         NaN   9.80e-01    1.0 
  2   -122.1648255944    7.07e-02   4.17e-01    8.0 
  3   -121.9738388899    1.91e-01   4.75e-01    5.0 
  4   -122.3678556931   -3.94e-01   1.79e-01    5.0 
  5   -122.4301010700   -6.22e-02   3.38e-02    4.0 
  6   -122.4314981841   -1.40e-03   1.31e-02    3.0 
  7   -122.4317321417   -2.34e-04   6.88e-03    2.0 
  8   -122.4318285207   -9.64e-05   2.52e-03    2.0 
  9   -122.4318355465   -7.03e-06   1.22e-03    2.0 
 10   -122.4318384876   -2.94e-06   6.59e-04    3.0 
 11   -122.4318395217   -1.03e-06   2.12e-04    2.0 
 12   -122.4318396125   -9.07e-08   1.22e-04    3.0 
 13   -122.4318396440   -3.15e-08   5.14e-05    2.0 
 14   -122.4318396498   -5.79e-09   1.90e-05    2.0 
 15   -122.4318396499   -1.48e-10   1.77e-05    3.0 
 16   -122.4318396504   -4.88e-10   4.60e-06    2.0 
 17   -122.4318396505   -3.71e-11   3.00e-06    3.0 
 18   -122.4318396505   -1.30e-11   1.45e-06    3.0 
 19   -122.4318396505   -5.93e-12   4.34e-07    3.0 
Energy breakdown:
    Kinetic             94.9211504
    AtomicLocal         -866.3708697
    AtomicNonlocal      9.3132857 
    Ewald               289.5847490
    PspCorrection       0.0002828 
    Hartree             385.2428150
    Xc                  -35.1232528

    total               -122.431839650488

 ──────────────────────────────────────────────────────────────────────────────
                                       Time                   Allocations      
                               ──────────────────────   ───────────────────────
       Tot / % measured:            1666s / 100%             888GiB / 100%     

 Section               ncalls     time   %tot     avg     alloc   %tot      avg
 ──────────────────────────────────────────────────────────────────────────────
 self_consistent_field      1    1664s   100%   1664s    887GiB  100%    887GiB
   LOBPCG                  19     961s  57.7%   50.6s    306GiB  34.5%  16.1GiB
     Hamiltonian mu...     77     504s  30.3%   6.54s   43.9GiB  4.94%   583MiB
     block multipli...    271     104s  6.23%   382ms   59.2GiB  6.68%   224MiB
     ortho                238    83.2s  5.00%   350ms   48.9GiB  5.52%   211MiB
     rayleigh_ritz         58    61.1s  3.67%   1.05s   29.3MiB  0.00%   517KiB
   energy_hamiltonian      39     455s  27.3%   11.7s    404GiB  45.5%  10.3GiB
   compute_density         19     211s  12.7%   11.1s    146GiB  16.5%  7.70GiB
   KerkerDosMixing         19    806ms  0.05%  42.4ms   4.28GiB  0.48%   231MiB
     SimpleMixing          19    799ms  0.05%  42.1ms   4.28GiB  0.48%   231MiB
   QR orthonormaliz...     19   32.0μs  0.00%  1.69μs     0.00B  0.00%    0.00B
 ──────────────────────────────────────────────────────────────────────────────

Total time in ns: 1664725156658
