Julia version: 1.6.0-DEV.1324

Threading configuration: 
       JULIA_NUM_THREADS:   4
      JULIA_FFTW_THREADS:   1
      JULIA_BLAS_THREADS:   3
Payload:  Caffeine_scfres_guess.jld2

System facts:
    fft_size:      (216, 216, 216)
    kpoints:       1
    n_electrons:   74
    n_bands:       40

Compiling code ...
Timing SCF ...

n     Energy            Eₙ-Eₙ₋₁     ρout-ρin   Diag
---   ---------------   ---------   --------   ----
  1   -122.2354932167         NaN   9.80e-01    1.0 
  2   -122.1649870003    7.05e-02   4.17e-01    8.0 
  3   -121.9749650690    1.90e-01   4.74e-01    5.0 
  4   -122.3680352234   -3.93e-01   1.79e-01    5.0 
  5   -122.4300900187   -6.21e-02   3.39e-02    4.0 
  6   -122.4314783151   -1.39e-03   1.37e-02    3.0 
  7   -122.4317268240   -2.49e-04   7.53e-03    2.0 
  8   -122.4318201926   -9.34e-05   2.82e-03    3.0 
  9   -122.4318363291   -1.61e-05   1.26e-03    2.0 
 10   -122.4318369589   -6.30e-07   1.00e-03    3.0 
 11   -122.4318394121   -2.45e-06   2.90e-04    2.0 
 12   -122.4318394431   -3.10e-08   3.21e-04    4.0 
 13   -122.4318395582   -1.15e-07   1.78e-04    3.0 
 14   -122.4318396396   -8.14e-08   6.84e-05    2.0 
 15   -122.4318396488   -9.15e-09   2.95e-05    3.0 
 16   -122.4318396500   -1.20e-09   1.75e-05    3.0 
 17   -122.4318396503   -3.32e-10   8.61e-06    2.0 
 18   -122.4318396505   -1.80e-10   3.14e-06    3.0 
 19   -122.4318396505   -7.89e-12   2.40e-06    3.0 
Energy breakdown:
    Kinetic             94.9211546
    AtomicLocal         -866.3708685
    AtomicNonlocal      9.3132859 
    Ewald               289.5847490
    PspCorrection       0.0002828 
    Hartree             385.2428100
    Xc                  -35.1232535

    total               -122.431839650477

 ──────────────────────────────────────────────────────────────────────────────
                                       Time                   Allocations      
                               ──────────────────────   ───────────────────────
       Tot / % measured:            1949s / 100%             887GiB / 100%     

 Section               ncalls     time   %tot     avg     alloc   %tot      avg
 ──────────────────────────────────────────────────────────────────────────────
 self_consistent_field      1    1947s   100%   1947s    887GiB  100%    887GiB
   LOBPCG                  19     992s  51.0%   52.2s    305GiB  34.4%  16.1GiB
     Hamiltonian mu...     80     526s  27.0%   6.58s   43.9GiB  4.95%   561MiB
     block multipli...    288     108s  5.56%   376ms   58.9GiB  6.65%   210MiB
     ortho                251    83.3s  4.28%   332ms   48.8GiB  5.50%   199MiB
     rayleigh_ritz         61    60.2s  3.09%   988ms   28.9MiB  0.00%   485KiB
   energy_hamiltonian      39     584s  30.0%   15.0s    404GiB  45.5%  10.3GiB
   compute_density         19     329s  16.9%   17.3s    146GiB  16.5%  7.70GiB
   KerkerDosMixing         19    798ms  0.04%  42.0ms   4.28GiB  0.48%   231MiB
     SimpleMixing          19    792ms  0.04%  41.7ms   4.28GiB  0.48%   231MiB
   QR orthonormaliz...     19   31.6μs  0.00%  1.66μs     0.00B  0.00%    0.00B
 ──────────────────────────────────────────────────────────────────────────────

Total time in ns: 1948000594798
