Julia version: 1.6.0-DEV.1324

Threading configuration: 
       JULIA_NUM_THREADS:   4
      JULIA_FFTW_THREADS:   4
      JULIA_BLAS_THREADS:   4
Payload:  Caffeine_scfres_guess.jld2

System facts:
    fft_size:      (216, 216, 216)
    kpoints:       1
    n_electrons:   74
    n_bands:       40

Compiling code ...
Timing SCF ...

n     Energy            Eₙ-Eₙ₋₁     ρout-ρin   Diag
---   ---------------   ---------   --------   ----
  1   -122.2354932166         NaN   9.80e-01    1.0 
  2   -122.1646768207    7.08e-02   4.17e-01    8.0 
  3   -121.9743221687    1.90e-01   4.75e-01    5.0 
  4   -122.3679732224   -3.94e-01   1.79e-01    5.0 
  5   -122.4300722456   -6.21e-02   3.40e-02    4.0 
  6   -122.4314661394   -1.39e-03   1.37e-02    3.0 
  7   -122.4317276555   -2.62e-04   7.46e-03    2.0 
  8   -122.4318198025   -9.21e-05   2.84e-03    3.0 
  9   -122.4318360453   -1.62e-05   1.29e-03    2.0 
 10   -122.4318367684   -7.23e-07   1.04e-03    4.0 
 11   -122.4318393431   -2.57e-06   3.10e-04    3.0 
 12   -122.4318393973   -5.42e-08   3.77e-04    4.0 
 13   -122.4318395121   -1.15e-07   2.27e-04    3.0 
 14   -122.4318396198   -1.08e-07   1.08e-04    3.0 
 15   -122.4318396483   -2.85e-08   3.18e-05    2.0 
 16   -122.4318396497   -1.41e-09   2.30e-05    4.0 
 17   -122.4318396501   -4.24e-10   1.14e-05    2.0 
 18   -122.4318396504   -3.07e-10   3.31e-06    4.0 
 19   -122.4318396504   -1.45e-11   2.64e-06    2.0 
Energy breakdown:
    Kinetic             94.9211442
    AtomicLocal         -866.3708573
    AtomicNonlocal      9.3132856 
    Ewald               289.5847490
    PspCorrection       0.0002828 
    Hartree             385.2428079
    Xc                  -35.1232518

    total               -122.431839650449

 ──────────────────────────────────────────────────────────────────────────────
                                       Time                   Allocations      
                               ──────────────────────   ───────────────────────
       Tot / % measured:            1576s / 100%             881GiB / 100%     

 Section               ncalls     time   %tot     avg     alloc   %tot      avg
 ──────────────────────────────────────────────────────────────────────────────
 self_consistent_field      1    1573s   100%   1573s    881GiB  100%    881GiB
   LOBPCG                  19     911s  57.9%   47.9s    300GiB  34.0%  15.8GiB
     Hamiltonian mu...     83     490s  31.2%   5.91s   43.2GiB  4.90%   533MiB
     block multipli...    306    80.5s  5.12%   263ms   56.6GiB  6.43%   189MiB
     ortho                264    74.5s  4.74%   282ms   47.6GiB  5.40%   185MiB
     rayleigh_ritz         64    57.5s  3.66%   899ms   27.5MiB  0.00%   439KiB
   energy_hamiltonian      39     437s  27.8%   11.2s    404GiB  45.8%  10.3GiB
   compute_density         19     191s  12.1%   10.1s    146GiB  16.6%  7.70GiB
   KerkerDosMixing         19    837ms  0.05%  44.1ms   4.28GiB  0.49%   231MiB
     SimpleMixing          19    831ms  0.05%  43.7ms   4.28GiB  0.49%   231MiB
   QR orthonormaliz...     19   31.0μs  0.00%  1.63μs     0.00B  0.00%    0.00B
 ──────────────────────────────────────────────────────────────────────────────

Total time in ns: 1574241915211
