Julia version: 1.6.0-DEV.1324

Threading configuration: 
       JULIA_NUM_THREADS:   4
      JULIA_FFTW_THREADS:   1
      JULIA_BLAS_THREADS:   4
Payload:  Caffeine_scfres_guess.jld2

System facts:
    fft_size:      (216, 216, 216)
    kpoints:       1
    n_electrons:   74
    n_bands:       40

Compiling code ...
Timing SCF ...

n     Energy            Eₙ-Eₙ₋₁     ρout-ρin   Diag
---   ---------------   ---------   --------   ----
  1   -122.2354932166         NaN   9.80e-01    1.0 
  2   -122.1653508267    7.01e-02   4.17e-01    8.0 
  3   -121.9753831607    1.90e-01   4.74e-01    5.0 
  4   -122.3679898788   -3.93e-01   1.79e-01    5.0 
  5   -122.4301049366   -6.21e-02   3.38e-02    4.0 
  6   -122.4314790826   -1.37e-03   1.35e-02    3.0 
  7   -122.4317346921   -2.56e-04   7.25e-03    2.0 
  8   -122.4318217058   -8.70e-05   2.72e-03    3.0 
  9   -122.4318361665   -1.45e-05   1.30e-03    2.0 
 10   -122.4318376761   -1.51e-06   9.16e-04    3.0 
 11   -122.4318394107   -1.73e-06   2.75e-04    3.0 
 12   -122.4318394281   -1.74e-08   3.67e-04    4.0 
 13   -122.4318395244   -9.64e-08   2.22e-04    3.0 
 14   -122.4318396223   -9.78e-08   1.02e-04    2.0 
 15   -122.4318396488   -2.65e-08   2.79e-05    3.0 
 16   -122.4318396498   -1.01e-09   2.28e-05    3.0 
 17   -122.4318396502   -3.69e-10   1.13e-05    2.0 
 18   -122.4318396504   -2.86e-10   3.41e-06    2.0 
 19   -122.4318396505   -1.49e-11   1.35e-06    2.0 
Energy breakdown:
    Kinetic             94.9211522
    AtomicLocal         -866.3708734
    AtomicNonlocal      9.3132859 
    Ewald               289.5847490
    PspCorrection       0.0002828 
    Hartree             385.2428170
    Xc                  -35.1232531

    total               -122.431839650459

 ──────────────────────────────────────────────────────────────────────────────
                                       Time                   Allocations      
                               ──────────────────────   ───────────────────────
       Tot / % measured:            1887s / 100%             881GiB / 100%     

 Section               ncalls     time   %tot     avg     alloc   %tot      avg
 ──────────────────────────────────────────────────────────────────────────────
 self_consistent_field      1    1885s   100%   1885s    881GiB  100%    881GiB
   LOBPCG                  19     943s  50.0%   49.6s    300GiB  34.0%  15.8GiB
     Hamiltonian mu...     79     520s  27.6%   6.59s   43.1GiB  4.89%   559MiB
     block multipli...    282    80.9s  4.29%   287ms   56.8GiB  6.44%   206MiB
     ortho                248    73.0s  3.87%   294ms   47.7GiB  5.41%   197MiB
     rayleigh_ritz         60    59.8s  3.18%   997ms   28.0MiB  0.00%   478KiB
   energy_hamiltonian      39     579s  30.7%   14.8s    404GiB  45.8%  10.3GiB
   compute_density         19     322s  17.1%   16.9s    146GiB  16.6%  7.70GiB
   KerkerDosMixing         19    819ms  0.04%  43.1ms   4.28GiB  0.49%   231MiB
     SimpleMixing          19    813ms  0.04%  42.8ms   4.28GiB  0.49%   231MiB
   QR orthonormaliz...     19   30.7μs  0.00%  1.62μs     0.00B  0.00%    0.00B
 ──────────────────────────────────────────────────────────────────────────────

Total time in ns: 1885914363287
