Julia version: 1.6.0-DEV.1324

Threading configuration: 
       JULIA_NUM_THREADS:   4
      JULIA_FFTW_THREADS:   3
      JULIA_BLAS_THREADS:   4
Payload:  Caffeine_scfres_guess.jld2

System facts:
    fft_size:      (216, 216, 216)
    kpoints:       1
    n_electrons:   74
    n_bands:       40

Compiling code ...
Timing SCF ...

n     Energy            Eₙ-Eₙ₋₁     ρout-ρin   Diag
---   ---------------   ---------   --------   ----
  1   -122.2354932166         NaN   9.80e-01    1.0 
  2   -122.1651831231    7.03e-02   4.17e-01    8.0 
  3   -121.9756733918    1.90e-01   4.74e-01    5.0 
  4   -122.3678625221   -3.92e-01   1.79e-01    5.0 
  5   -122.4300959199   -6.22e-02   3.38e-02    4.0 
  6   -122.4314661172   -1.37e-03   1.38e-02    3.0 
  7   -122.4317213834   -2.55e-04   7.09e-03    3.0 
  8   -122.4318206688   -9.93e-05   2.80e-03    3.0 
  9   -122.4318362627   -1.56e-05   1.20e-03    2.0 
 10   -122.4318373637   -1.10e-06   8.81e-04    3.0 
 11   -122.4318394763   -2.11e-06   2.36e-04    3.0 
 12   -122.4318394474    2.89e-08   3.26e-04    4.0 
 13   -122.4318395855   -1.38e-07   1.56e-04    3.0 
 14   -122.4318396436   -5.82e-08   5.78e-05    3.0 
 15   -122.4318396486   -4.97e-09   3.19e-05    3.0 
 16   -122.4318396498   -1.18e-09   1.95e-05    3.0 
 17   -122.4318396503   -5.10e-10   8.08e-06    3.0 
 18   -122.4318396505   -1.74e-10   2.70e-06    3.0 
 19   -122.4318396505   -3.50e-12   1.75e-06    3.0 
Energy breakdown:
    Kinetic             94.9211464
    AtomicLocal         -866.3708615
    AtomicNonlocal      9.3132861 
    Ewald               289.5847490
    PspCorrection       0.0002828 
    Hartree             385.2428098
    Xc                  -35.1232522

    total               -122.431839650456

 ──────────────────────────────────────────────────────────────────────────────
                                       Time                   Allocations      
                               ──────────────────────   ───────────────────────
       Tot / % measured:            1614s / 100%             886GiB / 100%     

 Section               ncalls     time   %tot     avg     alloc   %tot      avg
 ──────────────────────────────────────────────────────────────────────────────
 self_consistent_field      1    1612s   100%   1612s    886GiB  100%    886GiB
   LOBPCG                  19     924s  57.3%   48.6s    304GiB  34.4%  16.0GiB
     Hamiltonian mu...     84     498s  30.9%   5.93s   43.9GiB  4.95%   535MiB
     block multipli...    311    80.9s  5.02%   260ms   58.5GiB  6.60%   192MiB
     ortho                272    74.9s  4.65%   275ms   48.5GiB  5.48%   183MiB
     rayleigh_ritz         65    58.7s  3.64%   903ms   27.9MiB  0.00%   439KiB
   energy_hamiltonian      39     448s  27.8%   11.5s    404GiB  45.6%  10.3GiB
   compute_density         19     206s  12.8%   10.8s    146GiB  16.5%  7.70GiB
   KerkerDosMixing         19    819ms  0.05%  43.1ms   4.28GiB  0.48%   231MiB
     SimpleMixing          19    813ms  0.05%  42.8ms   4.28GiB  0.48%   231MiB
   QR orthonormaliz...     19   30.5μs  0.00%  1.61μs     0.00B  0.00%    0.00B
 ──────────────────────────────────────────────────────────────────────────────

Total time in ns: 1612751861435
