Julia version: 1.6.0-DEV.1324

Threading configuration: 
       JULIA_NUM_THREADS:   4
      JULIA_FFTW_THREADS:   2
      JULIA_BLAS_THREADS:   4
Payload:  Caffeine_scfres_guess.jld2

System facts:
    fft_size:      (216, 216, 216)
    kpoints:       1
    n_electrons:   74
    n_bands:       40

Compiling code ...
Timing SCF ...

n     Energy            Eₙ-Eₙ₋₁     ρout-ρin   Diag
---   ---------------   ---------   --------   ----
  1   -122.2354932166         NaN   9.80e-01    1.0 
  2   -122.1651831231    7.03e-02   4.17e-01    8.0 
  3   -121.9756733918    1.90e-01   4.74e-01    5.0 
  4   -122.3678625221   -3.92e-01   1.79e-01    5.0 
  5   -122.4300959199   -6.22e-02   3.38e-02    4.0 
  6   -122.4314661172   -1.37e-03   1.38e-02    3.0 
  7   -122.4317215814   -2.55e-04   7.09e-03    3.0 
  8   -122.4318204698   -9.89e-05   2.80e-03    3.0 
  9   -122.4318364207   -1.60e-05   1.12e-03    2.0 
 10   -122.4318372451   -8.24e-07   8.92e-04    3.0 
 11   -122.4318394315   -2.19e-06   2.57e-04    3.0 
 12   -122.4318394095    2.20e-08   3.59e-04    4.0 
 13   -122.4318395491   -1.40e-07   1.99e-04    3.0 
 14   -122.4318396282   -7.92e-08   9.00e-05    3.0 
 15   -122.4318396482   -2.00e-08   3.52e-05    2.0 
 16   -122.4318396497   -1.46e-09   1.99e-05    3.0 
 17   -122.4318396502   -5.58e-10   8.83e-06    3.0 
 18   -122.4318396504   -2.05e-10   3.87e-06    3.0 
 19   -122.4318396505   -1.13e-11   2.11e-06    3.0 
Energy breakdown:
    Kinetic             94.9211502
    AtomicLocal         -866.3708663
    AtomicNonlocal      9.3132860 
    Ewald               289.5847490
    PspCorrection       0.0002828 
    Hartree             385.2428115
    Xc                  -35.1232528

    total               -122.431839650455

 ──────────────────────────────────────────────────────────────────────────────
                                       Time                   Allocations      
                               ──────────────────────   ───────────────────────
       Tot / % measured:            1692s / 100%             884GiB / 100%     

 Section               ncalls     time   %tot     avg     alloc   %tot      avg
 ──────────────────────────────────────────────────────────────────────────────
 self_consistent_field      1    1689s   100%   1689s    883GiB  100%    883GiB
   LOBPCG                  19     927s  54.9%   48.8s    302GiB  34.2%  15.9GiB
     Hamiltonian mu...     83     502s  29.7%   6.04s   43.5GiB  4.93%   537MiB
     block multipli...    306    82.0s  4.86%   268ms   57.6GiB  6.52%   193MiB
     ortho                268    75.3s  4.46%   281ms   48.1GiB  5.44%   184MiB
     rayleigh_ritz         64    57.9s  3.43%   905ms   27.8MiB  0.00%   445KiB
   energy_hamiltonian      39     479s  28.3%   12.3s    404GiB  45.7%  10.3GiB
   compute_density         19     246s  14.5%   12.9s    146GiB  16.6%  7.70GiB
   KerkerDosMixing         19    818ms  0.05%  43.1ms   4.28GiB  0.48%   231MiB
     SimpleMixing          19    812ms  0.05%  42.7ms   4.28GiB  0.48%   231MiB
   QR orthonormaliz...     19   30.8μs  0.00%  1.62μs     0.00B  0.00%    0.00B
 ──────────────────────────────────────────────────────────────────────────────

Total time in ns: 1690439083550
