Julia version: 1.6.0-DEV.1324

Threading configuration: 
       JULIA_NUM_THREADS:   5
      JULIA_FFTW_THREADS:   1
      JULIA_BLAS_THREADS:   4
Payload:  Caffeine_scfres_guess.jld2

System facts:
    fft_size:      (216, 216, 216)
    kpoints:       1
    n_electrons:   74
    n_bands:       40

Compiling code ...
Timing SCF ...

n     Energy            Eₙ-Eₙ₋₁     ρout-ρin   Diag
---   ---------------   ---------   --------   ----
  1   -122.2354932166         NaN   9.80e-01    1.0 
  2   -122.1649727352    7.05e-02   4.17e-01    8.0 
  3   -121.9745636813    1.90e-01   4.75e-01    5.0 
  4   -122.3679060512   -3.93e-01   1.79e-01    5.0 
  5   -122.4301087043   -6.22e-02   3.39e-02    4.0 
  6   -122.4314634631   -1.35e-03   1.38e-02    3.0 
  7   -122.4317291255   -2.66e-04   6.82e-03    3.0 
  8   -122.4318242887   -9.52e-05   3.01e-03    3.0 
  9   -122.4318335456   -9.26e-06   1.67e-03    3.0 
 10   -122.4318388493   -5.30e-06   5.87e-04    3.0 
 11   -122.4318394532   -6.04e-07   3.02e-04    2.0 
 12   -122.4318396117   -1.59e-07   1.14e-04    3.0 
 13   -122.4318396402   -2.85e-08   7.73e-05    3.0 
 14   -122.4318396484   -8.17e-09   3.00e-05    4.0 
 15   -122.4318396496   -1.21e-09   2.34e-05    2.0 
 16   -122.4318396503   -7.16e-10   8.22e-06    2.0 
 17   -122.4318396504   -1.34e-10   3.22e-06    3.0 
 18   -122.4318396505   -1.78e-11   1.55e-06    2.0 
 19   -122.4318396505   -5.83e-12   6.53e-07    3.0 
Energy breakdown:
    Kinetic             94.9211497
    AtomicLocal         -866.3708700
    AtomicNonlocal      9.3132860 
    Ewald               289.5847490
    PspCorrection       0.0002828 
    Hartree             385.2428155
    Xc                  -35.1232527

    total               -122.431839650462

 ──────────────────────────────────────────────────────────────────────────────
                                       Time                   Allocations      
                               ──────────────────────   ───────────────────────
       Tot / % measured:            1898s / 100%             905GiB / 100%     

 Section               ncalls     time   %tot     avg     alloc   %tot      avg
 ──────────────────────────────────────────────────────────────────────────────
 self_consistent_field      1    1895s   100%   1895s    905GiB  100%    905GiB
   LOBPCG                  19     888s  46.9%   46.8s    306GiB  33.8%  16.1GiB
     Hamiltonian mu...     81     459s  24.2%   5.67s   44.5GiB  4.92%   563MiB
     block multipli...    295    83.4s  4.40%   283ms   58.9GiB  6.51%   204MiB
     ortho                257    75.3s  3.97%   293ms   48.8GiB  5.39%   194MiB
     rayleigh_ritz         62    59.5s  3.14%   959ms   28.8MiB  0.00%   475KiB
   energy_hamiltonian      39     636s  33.5%   16.3s    415GiB  45.9%  10.6GiB
   compute_density         19     325s  17.1%   17.1s    152GiB  16.8%  8.01GiB
   KerkerDosMixing         19    827ms  0.04%  43.5ms   4.28GiB  0.47%   231MiB
     SimpleMixing          19    822ms  0.04%  43.3ms   4.28GiB  0.47%   231MiB
   QR orthonormaliz...     19   32.8μs  0.00%  1.72μs     0.00B  0.00%    0.00B
 ──────────────────────────────────────────────────────────────────────────────

Total time in ns: 1896538702449
