Julia version: 1.6.0-DEV.1324

Threading configuration: 
       JULIA_NUM_THREADS:   5
      JULIA_FFTW_THREADS:   2
      JULIA_BLAS_THREADS:   4
Payload:  Caffeine_scfres_guess.jld2

System facts:
    fft_size:      (216, 216, 216)
    kpoints:       1
    n_electrons:   74
    n_bands:       40

Compiling code ...
Timing SCF ...

n     Energy            Eₙ-Eₙ₋₁     ρout-ρin   Diag
---   ---------------   ---------   --------   ----
  1   -122.2354932166         NaN   9.80e-01    1.0 
  2   -122.1652150254    7.03e-02   4.17e-01    8.0 
  3   -121.9746626728    1.91e-01   4.75e-01    5.0 
  4   -122.3680032637   -3.93e-01   1.79e-01    5.0 
  5   -122.4301133127   -6.21e-02   3.38e-02    4.0 
  6   -122.4314732041   -1.36e-03   1.36e-02    3.0 
  7   -122.4317292868   -2.56e-04   7.43e-03    2.0 
  8   -122.4318215151   -9.22e-05   2.68e-03    3.0 
  9   -122.4318361715   -1.47e-05   1.31e-03    2.0 
 10   -122.4318376523   -1.48e-06   9.08e-04    3.0 
 11   -122.4318394002   -1.75e-06   2.86e-04    3.0 
 12   -122.4318394498   -4.96e-08   3.47e-04    4.0 
 13   -122.4318395357   -8.58e-08   2.08e-04    3.0 
 14   -122.4318396275   -9.19e-08   9.28e-05    3.0 
 15   -122.4318396488   -2.13e-08   2.75e-05    2.0 
 16   -122.4318396499   -1.05e-09   2.07e-05    3.0 
 17   -122.4318396502   -3.02e-10   1.05e-05    2.0 
 18   -122.4318396504   -2.42e-10   3.47e-06    3.0 
 19   -122.4318396504   -1.82e-11   2.67e-06    3.0 
Energy breakdown:
    Kinetic             94.9211445
    AtomicLocal         -866.3708514
    AtomicNonlocal      9.3132855 
    Ewald               289.5847490
    PspCorrection       0.0002828 
    Hartree             385.2428018
    Xc                  -35.1232518

    total               -122.431839650450

 ──────────────────────────────────────────────────────────────────────────────
                                       Time                   Allocations      
                               ──────────────────────   ───────────────────────
       Tot / % measured:            1667s / 100%             898GiB / 100%     

 Section               ncalls     time   %tot     avg     alloc   %tot      avg
 ──────────────────────────────────────────────────────────────────────────────
 self_consistent_field      1    1664s   100%   1664s    898GiB  100%    898GiB
   LOBPCG                  19     853s  51.2%   44.9s    299GiB  33.3%  15.7GiB
     Hamiltonian mu...     81     434s  26.1%   5.35s   43.7GiB  4.86%   552MiB
     block multipli...    295    79.9s  4.80%   271ms   56.2GiB  6.26%   195MiB
     ortho                258    73.7s  4.43%   286ms   47.4GiB  5.28%   188MiB
     rayleigh_ritz         62    58.0s  3.48%   935ms   27.4MiB  0.00%   452KiB
   energy_hamiltonian      39     522s  31.4%   13.4s    415GiB  46.2%  10.6GiB
   compute_density         19     248s  14.9%   13.0s    152GiB  16.9%  8.01GiB
   KerkerDosMixing         19    817ms  0.05%  43.0ms   4.28GiB  0.48%   231MiB
     SimpleMixing          19    812ms  0.05%  42.7ms   4.28GiB  0.48%   231MiB
   QR orthonormaliz...     19   34.3μs  0.00%  1.80μs     0.00B  0.00%    0.00B
 ──────────────────────────────────────────────────────────────────────────────

Total time in ns: 1665231503213
