Julia version: 1.6.0-DEV.1324

Threading configuration: 
       JULIA_NUM_THREADS:   5
      JULIA_FFTW_THREADS:   2
      JULIA_BLAS_THREADS:   5
Payload:  Caffeine_scfres_guess.jld2

System facts:
    fft_size:      (216, 216, 216)
    kpoints:       1
    n_electrons:   74
    n_bands:       40

Compiling code ...
Timing SCF ...

n     Energy            Eₙ-Eₙ₋₁     ρout-ρin   Diag
---   ---------------   ---------   --------   ----
  1   -122.2354932166         NaN   9.80e-01    1.0 
  2   -122.1646587517    7.08e-02   4.17e-01    8.0 
  3   -121.9736106612    1.91e-01   4.75e-01    5.0 
  4   -122.3679974678   -3.94e-01   1.79e-01    5.0 
  5   -122.4301020521   -6.21e-02   3.39e-02    4.0 
  6   -122.4314711655   -1.37e-03   1.37e-02    3.0 
  7   -122.4317294156   -2.58e-04   7.34e-03    2.0 
  8   -122.4318217622   -9.23e-05   2.67e-03    3.0 
  9   -122.4318362743   -1.45e-05   1.27e-03    2.0 
 10   -122.4318373682   -1.09e-06   9.44e-04    3.0 
 11   -122.4318393721   -2.00e-06   2.98e-04    2.0 
 12   -122.4318393922   -2.01e-08   3.86e-04    4.0 
 13   -122.4318395097   -1.17e-07   2.38e-04    3.0 
 14   -122.4318396192   -1.10e-07   1.10e-04    3.0 
 15   -122.4318396479   -2.87e-08   3.34e-05    2.0 
 16   -122.4318396499   -2.00e-09   2.11e-05    4.0 
 17   -122.4318396502   -3.20e-10   9.57e-06    2.0 
 18   -122.4318396504   -2.31e-10   3.58e-06    3.0 
 19   -122.4318396504   -1.11e-11   1.51e-06    2.0 
Energy breakdown:
    Kinetic             94.9211517
    AtomicLocal         -866.3708711
    AtomicNonlocal      9.3132859 
    Ewald               289.5847490
    PspCorrection       0.0002828 
    Hartree             385.2428151
    Xc                  -35.1232530

    total               -122.431839650439

 ──────────────────────────────────────────────────────────────────────────────
                                       Time                   Allocations      
                               ──────────────────────   ───────────────────────
       Tot / % measured:            1608s / 100%             900GiB / 100%     

 Section               ncalls     time   %tot     avg     alloc   %tot      avg
 ──────────────────────────────────────────────────────────────────────────────
 self_consistent_field      1    1606s   100%   1606s    900GiB  100%    900GiB
   LOBPCG                  19     800s  49.8%   42.1s    301GiB  33.5%  15.8GiB
     Hamiltonian mu...     80     431s  26.8%   5.39s   43.9GiB  4.88%   562MiB
     ortho                251    74.0s  4.61%   295ms   47.8GiB  5.31%   195MiB
     block multipli...    288    67.8s  4.23%   236ms   57.0GiB  6.33%   203MiB
     rayleigh_ritz         61    38.4s  2.39%   630ms   28.1MiB  0.00%   471KiB
   energy_hamiltonian      39     518s  32.3%   13.3s    415GiB  46.1%  10.6GiB
   compute_density         19     247s  15.4%   13.0s    152GiB  16.9%  8.01GiB
   KerkerDosMixing         19    836ms  0.05%  44.0ms   4.28GiB  0.48%   231MiB
     SimpleMixing          19    830ms  0.05%  43.7ms   4.28GiB  0.48%   231MiB
   QR orthonormaliz...     19   30.0μs  0.00%  1.58μs     0.00B  0.00%    0.00B
 ──────────────────────────────────────────────────────────────────────────────

Total time in ns: 1606540206647
