Julia version: 1.6.0-DEV.1324

Threading configuration: 
       JULIA_NUM_THREADS:   5
      JULIA_FFTW_THREADS:   1
      JULIA_BLAS_THREADS:   5
Payload:  Caffeine_scfres_guess.jld2

System facts:
    fft_size:      (216, 216, 216)
    kpoints:       1
    n_electrons:   74
    n_bands:       40

Compiling code ...
Timing SCF ...

n     Energy            Eₙ-Eₙ₋₁     ρout-ρin   Diag
---   ---------------   ---------   --------   ----
  1   -122.2354932166         NaN   9.80e-01    1.0 
  2   -122.1655867829    6.99e-02   4.17e-01    8.0 
  3   -121.9759345816    1.90e-01   4.74e-01    5.0 
  4   -122.3680371534   -3.92e-01   1.79e-01    5.0 
  5   -122.4301092860   -6.21e-02   3.38e-02    4.0 
  6   -122.4314969476   -1.39e-03   1.29e-02    2.0 
  7   -122.4317429091   -2.46e-04   7.08e-03    2.0 
  8   -122.4318220693   -7.92e-05   2.62e-03    3.0 
  9   -122.4318364450   -1.44e-05   1.21e-03    2.0 
 10   -122.4318372686   -8.24e-07   9.60e-04    3.0 
 11   -122.4318393562   -2.09e-06   3.19e-04    3.0 
 12   -122.4318393990   -4.28e-08   3.74e-04    4.0 
 13   -122.4318395185   -1.19e-07   2.21e-04    3.0 
 14   -122.4318396281   -1.10e-07   9.04e-05    3.0 
 15   -122.4318396484   -2.03e-08   2.86e-05    2.0 
 16   -122.4318396498   -1.39e-09   2.05e-05    4.0 
 17   -122.4318396503   -4.80e-10   8.47e-06    2.0 
 18   -122.4318396504   -1.70e-10   3.84e-06    3.0 
 19   -122.4318396504   -1.52e-11   1.63e-06    2.0 
Energy breakdown:
    Kinetic             94.9211527
    AtomicLocal         -866.3708757
    AtomicNonlocal      9.3132859 
    Ewald               289.5847490
    PspCorrection       0.0002828 
    Hartree             385.2428188
    Xc                  -35.1232532

    total               -122.431839650440

 ──────────────────────────────────────────────────────────────────────────────
                                       Time                   Allocations      
                               ──────────────────────   ───────────────────────
       Tot / % measured:            1837s / 100%             901GiB / 100%     

 Section               ncalls     time   %tot     avg     alloc   %tot      avg
 ──────────────────────────────────────────────────────────────────────────────
 self_consistent_field      1    1835s   100%   1835s    901GiB  100%    901GiB
   LOBPCG                  19     820s  44.7%   43.2s    302GiB  33.5%  15.9GiB
     Hamiltonian mu...     80     450s  24.5%   5.63s   43.9GiB  4.88%   562MiB
     ortho                251    73.1s  3.98%   291ms   47.9GiB  5.32%   196MiB
     block multipli...    289    67.8s  3.70%   235ms   57.2GiB  6.35%   203MiB
     rayleigh_ritz         61    39.2s  2.14%   643ms   28.2MiB  0.00%   473KiB
   energy_hamiltonian      39     645s  35.1%   16.5s    415GiB  46.1%  10.6GiB
   compute_density         19     324s  17.7%   17.0s    152GiB  16.9%  8.01GiB
   KerkerDosMixing         19    836ms  0.05%  44.0ms   4.28GiB  0.48%   231MiB
     SimpleMixing          19    831ms  0.05%  43.7ms   4.28GiB  0.48%   231MiB
   QR orthonormaliz...     19   31.7μs  0.00%  1.67μs     0.00B  0.00%    0.00B
 ──────────────────────────────────────────────────────────────────────────────

Total time in ns: 1835889020506
