Julia version: 1.6.0-DEV.1324

Threading configuration: 
       JULIA_NUM_THREADS:   6
      JULIA_FFTW_THREADS:   2
      JULIA_BLAS_THREADS:   4
Payload:  Caffeine_scfres_guess.jld2

System facts:
    fft_size:      (216, 216, 216)
    kpoints:       1
    n_electrons:   74
    n_bands:       40

Compiling code ...
Timing SCF ...

n     Energy            Eₙ-Eₙ₋₁     ρout-ρin   Diag
---   ---------------   ---------   --------   ----
  1   -122.2354932166         NaN   9.80e-01    1.0 
  2   -122.1645542451    7.09e-02   4.17e-01    8.0 
  3   -121.9743007000    1.90e-01   4.75e-01    5.0 
  4   -122.3679328597   -3.94e-01   1.79e-01    5.0 
  5   -122.4301047603   -6.22e-02   3.38e-02    4.0 
  6   -122.4314782436   -1.37e-03   1.34e-02    3.0 
  7   -122.4317349560   -2.57e-04   7.24e-03    2.0 
  8   -122.4318209713   -8.60e-05   2.76e-03    3.0 
  9   -122.4318361639   -1.52e-05   1.25e-03    2.0 
 10   -122.4318371502   -9.86e-07   9.77e-04    3.0 
 11   -122.4318393638   -2.21e-06   2.97e-04    3.0 
 12   -122.4318394266   -6.27e-08   3.61e-04    4.0 
 13   -122.4318395246   -9.80e-08   2.20e-04    3.0 
 14   -122.4318396224   -9.78e-08   1.02e-04    3.0 
 15   -122.4318396486   -2.62e-08   2.95e-05    2.0 
 16   -122.4318396499   -1.28e-09   2.03e-05    3.0 
 17   -122.4318396502   -3.25e-10   9.14e-06    2.0 
 18   -122.4318396504   -1.99e-10   3.26e-06    2.0 
 19   -122.4318396505   -1.11e-11   1.38e-06    2.0 
Energy breakdown:
    Kinetic             94.9211515
    AtomicLocal         -866.3708738
    AtomicNonlocal      9.3132859 
    Ewald               289.5847490
    PspCorrection       0.0002828 
    Hartree             385.2428180
    Xc                  -35.1232530

    total               -122.431839650456

 ──────────────────────────────────────────────────────────────────────────────
                                       Time                   Allocations      
                               ──────────────────────   ───────────────────────
       Tot / % measured:            1629s / 100%             918GiB / 100%     

 Section               ncalls     time   %tot     avg     alloc   %tot      avg
 ──────────────────────────────────────────────────────────────────────────────
 self_consistent_field      1    1627s   100%   1627s    917GiB  100%    917GiB
   LOBPCG                  19     813s  50.0%   42.8s    301GiB  32.8%  15.8GiB
     Hamiltonian mu...     79     388s  23.9%   4.91s   44.4GiB  4.84%   575MiB
     block multipli...    282    85.4s  5.25%   303ms   56.6GiB  6.17%   206MiB
     ortho                247    73.1s  4.49%   296ms   47.6GiB  5.19%   197MiB
     rayleigh_ritz         60    56.9s  3.50%   949ms   28.0MiB  0.00%   478KiB
   energy_hamiltonian      39     523s  32.2%   13.4s    427GiB  46.6%  11.0GiB
   compute_density         19     250s  15.4%   13.2s    158GiB  17.2%  8.32GiB
   KerkerDosMixing         19    807ms  0.05%  42.5ms   4.28GiB  0.47%   231MiB
     SimpleMixing          19    801ms  0.05%  42.2ms   4.28GiB  0.47%   231MiB
   QR orthonormaliz...     19   33.4μs  0.00%  1.76μs     0.00B  0.00%    0.00B
 ──────────────────────────────────────────────────────────────────────────────

Total time in ns: 1627921165557
