Julia version: 1.6.0-DEV.1324

Threading configuration: 
       JULIA_NUM_THREADS:   6
      JULIA_FFTW_THREADS:   1
      JULIA_BLAS_THREADS:   4
Payload:  Caffeine_scfres_guess.jld2

System facts:
    fft_size:      (216, 216, 216)
    kpoints:       1
    n_electrons:   74
    n_bands:       40

Compiling code ...
Timing SCF ...

n     Energy            Eₙ-Eₙ₋₁     ρout-ρin   Diag
---   ---------------   ---------   --------   ----
  1   -122.2354932166         NaN   9.80e-01    1.0 
  2   -122.1650723245    7.04e-02   4.17e-01    8.0 
  3   -121.9749323886    1.90e-01   4.74e-01    5.0 
  4   -122.3679520085   -3.93e-01   1.79e-01    5.0 
  5   -122.4301024558   -6.22e-02   3.38e-02    4.0 
  6   -122.4314690260   -1.37e-03   1.37e-02    3.0 
  7   -122.4317336769   -2.65e-04   7.24e-03    2.0 
  8   -122.4318217424   -8.81e-05   2.73e-03    3.0 
  9   -122.4318359686   -1.42e-05   1.29e-03    2.0 
 10   -122.4318373548   -1.39e-06   9.33e-04    3.0 
 11   -122.4318393891   -2.03e-06   2.83e-04    3.0 
 12   -122.4318394262   -3.72e-08   3.64e-04    4.0 
 13   -122.4318395286   -1.02e-07   2.18e-04    3.0 
 14   -122.4318396237   -9.51e-08   9.96e-05    3.0 
 15   -122.4318396485   -2.48e-08   3.20e-05    2.0 
 16   -122.4318396500   -1.47e-09   1.96e-05    3.0 
 17   -122.4318396503   -2.90e-10   8.46e-06    2.0 
 18   -122.4318396504   -1.70e-10   3.64e-06    3.0 
 19   -122.4318396505   -1.81e-11   1.73e-06    2.0 
Energy breakdown:
    Kinetic             94.9211523
    AtomicLocal         -866.3708708
    AtomicNonlocal      9.3132864 
    Ewald               289.5847490
    PspCorrection       0.0002828 
    Hartree             385.2428138
    Xc                  -35.1232532

    total               -122.431839650457

 ──────────────────────────────────────────────────────────────────────────────
                                       Time                   Allocations      
                               ──────────────────────   ───────────────────────
       Tot / % measured:            1906s / 100%             916GiB / 100%     

 Section               ncalls     time   %tot     avg     alloc   %tot      avg
 ──────────────────────────────────────────────────────────────────────────────
 self_consistent_field      1    1904s   100%   1904s    916GiB  100%    916GiB
   LOBPCG                  19     845s  44.4%   44.5s    299GiB  32.7%  15.8GiB
     Hamiltonian mu...     80     415s  21.8%   5.19s   44.2GiB  4.83%   566MiB
     block multipli...    289    85.6s  4.49%   296ms   56.0GiB  6.12%   199MiB
     ortho                253    73.8s  3.87%   292ms   47.3GiB  5.17%   192MiB
     rayleigh_ritz         61    59.4s  3.12%   973ms   27.3MiB  0.00%   459KiB
   energy_hamiltonian      39     679s  35.7%   17.4s    427GiB  46.6%  11.0GiB
   compute_density         19     335s  17.6%   17.6s    158GiB  17.3%  8.32GiB
   KerkerDosMixing         19    877ms  0.05%  46.2ms   4.28GiB  0.47%   231MiB
     SimpleMixing          19    872ms  0.05%  45.9ms   4.28GiB  0.47%   231MiB
   QR orthonormaliz...     19   37.4μs  0.00%  1.97μs     0.00B  0.00%    0.00B
 ──────────────────────────────────────────────────────────────────────────────

Total time in ns: 1905036751236
