Julia version: 1.6.0-DEV.1324

Threading configuration: 
       JULIA_NUM_THREADS:   6
      JULIA_FFTW_THREADS:   1
      JULIA_BLAS_THREADS:   5
Payload:  Caffeine_scfres_guess.jld2

System facts:
    fft_size:      (216, 216, 216)
    kpoints:       1
    n_electrons:   74
    n_bands:       40

Compiling code ...
Timing SCF ...

n     Energy            Eₙ-Eₙ₋₁     ρout-ρin   Diag
---   ---------------   ---------   --------   ----
  1   -122.2354932166         NaN   9.80e-01    1.0 
  2   -122.1652965585    7.02e-02   4.17e-01    8.0 
  3   -121.9753911963    1.90e-01   4.74e-01    5.0 
  4   -122.3679591206   -3.93e-01   1.79e-01    5.0 
  5   -122.4301006666   -6.21e-02   3.39e-02    4.0 
  6   -122.4314676065   -1.37e-03   1.37e-02    3.0 
  7   -122.4317318177   -2.64e-04   7.35e-03    2.0 
  8   -122.4318211091   -8.93e-05   2.77e-03    3.0 
  9   -122.4318362887   -1.52e-05   1.27e-03    2.0 
 10   -122.4318372329   -9.44e-07   9.74e-04    3.0 
 11   -122.4318393685   -2.14e-06   2.92e-04    2.0 
 12   -122.4318393671    1.41e-09   4.14e-04    4.0 
 13   -122.4318394969   -1.30e-07   2.50e-04    3.0 
 14   -122.4318396059   -1.09e-07   1.29e-04    2.0 
 15   -122.4318396466   -4.06e-08   3.58e-05    3.0 
 16   -122.4318396490   -2.47e-09   3.24e-05    4.0 
 17   -122.4318396497   -6.33e-10   1.85e-05    1.0 
 18   -122.4318396504   -7.24e-10   4.25e-06    2.0 
 19   -122.4318396504   -2.56e-13   5.30e-06    6.0 
Energy breakdown:
    Kinetic             94.9211449
    AtomicLocal         -866.3708404
    AtomicNonlocal      9.3132855 
    Ewald               289.5847490
    PspCorrection       0.0002828 
    Hartree             385.2427905
    Xc                  -35.1232519

    total               -122.431839650393

 ──────────────────────────────────────────────────────────────────────────────
                                       Time                   Allocations      
                               ──────────────────────   ───────────────────────
       Tot / % measured:            1856s / 100%             918GiB / 100%     

 Section               ncalls     time   %tot     avg     alloc   %tot      avg
 ──────────────────────────────────────────────────────────────────────────────
 self_consistent_field      1    1854s   100%   1854s    917GiB  100%    917GiB
   LOBPCG                  19     781s  42.1%   41.1s    301GiB  32.8%  15.8GiB
     Hamiltonian mu...     82     405s  21.9%   4.94s   44.5GiB  4.85%   556MiB
     block multipli...    301    72.6s  3.92%   241ms   56.5GiB  6.16%   192MiB
     ortho                260    71.6s  3.86%   276ms   47.6GiB  5.19%   187MiB
     rayleigh_ritz         63    37.0s  2.00%   587ms   27.4MiB  0.00%   445KiB
   energy_hamiltonian      39     691s  37.3%   17.7s    427GiB  46.6%  11.0GiB
   compute_density         19     335s  18.1%   17.6s    158GiB  17.2%  8.32GiB
   KerkerDosMixing         19    827ms  0.04%  43.5ms   4.28GiB  0.47%   231MiB
     SimpleMixing          19    822ms  0.04%  43.3ms   4.28GiB  0.47%   231MiB
   QR orthonormaliz...     19   44.8μs  0.00%  2.36μs     0.00B  0.00%    0.00B
 ──────────────────────────────────────────────────────────────────────────────

Total time in ns: 1854751020579
