Julia version: 1.6.0-DEV.1324

Threading configuration: 
       JULIA_NUM_THREADS:   6
      JULIA_FFTW_THREADS:   2
      JULIA_BLAS_THREADS:   5
Payload:  Caffeine_scfres_guess.jld2

System facts:
    fft_size:      (216, 216, 216)
    kpoints:       1
    n_electrons:   74
    n_bands:       40

Compiling code ...
Timing SCF ...

n     Energy            Eₙ-Eₙ₋₁     ρout-ρin   Diag
---   ---------------   ---------   --------   ----
  1   -122.2354932166         NaN   9.80e-01    1.0 
  2   -122.1644952196    7.10e-02   4.17e-01    8.0 
  3   -121.9734942601    1.91e-01   4.75e-01    5.0 
  4   -122.3680007295   -3.95e-01   1.79e-01    5.0 
  5   -122.4300920486   -6.21e-02   3.40e-02    4.0 
  6   -122.4314920250   -1.40e-03   1.33e-02    3.0 
  7   -122.4317315683   -2.40e-04   7.43e-03    2.0 
  8   -122.4318207146   -8.91e-05   2.76e-03    3.0 
  9   -122.4318362251   -1.55e-05   1.28e-03    2.0 
 10   -122.4318372748   -1.05e-06   9.76e-04    4.0 
 11   -122.4318393732   -2.10e-06   3.01e-04    3.0 
 12   -122.4318394022   -2.90e-08   3.82e-04    4.0 
 13   -122.4318395146   -1.12e-07   2.31e-04    3.0 
 14   -122.4318396193   -1.05e-07   1.07e-04    2.0 
 15   -122.4318396488   -2.95e-08   2.76e-05    3.0 
 16   -122.4318396497   -8.99e-10   2.28e-05    4.0 
 17   -122.4318396502   -4.37e-10   1.04e-05    2.0 
 18   -122.4318396504   -2.44e-10   3.59e-06    3.0 
 19   -122.4318396504   -1.73e-11   1.30e-06    2.0 
Energy breakdown:
    Kinetic             94.9211531
    AtomicLocal         -866.3708716
    AtomicNonlocal      9.3132860 
    Ewald               289.5847490
    PspCorrection       0.0002828 
    Hartree             385.2428143
    Xc                  -35.1232533

    total               -122.431839650443

 ──────────────────────────────────────────────────────────────────────────────
                                       Time                   Allocations      
                               ──────────────────────   ───────────────────────
       Tot / % measured:            1587s / 100%             920GiB / 100%     

 Section               ncalls     time   %tot     avg     alloc   %tot      avg
 ──────────────────────────────────────────────────────────────────────────────
 self_consistent_field      1    1585s   100%   1585s    919GiB  100%    919GiB
   LOBPCG                  19     764s  48.2%   40.2s    303GiB  32.9%  15.9GiB
     Hamiltonian mu...     82     385s  24.3%   4.70s   44.8GiB  4.87%   559MiB
     block multipli...    301    72.6s  4.58%   241ms   57.4GiB  6.24%   195MiB
     ortho                262    72.3s  4.57%   276ms   48.0GiB  5.22%   188MiB
     rayleigh_ritz         63    38.2s  2.41%   606ms   28.1MiB  0.00%   456KiB
   energy_hamiltonian      39     527s  33.2%   13.5s    427GiB  46.5%  11.0GiB
   compute_density         19     254s  16.0%   13.4s    158GiB  17.2%  8.32GiB
   KerkerDosMixing         19    746ms  0.05%  39.2ms   4.28GiB  0.47%   231MiB
     SimpleMixing          19    740ms  0.05%  38.9ms   4.28GiB  0.47%   231MiB
   QR orthonormaliz...     19   33.8μs  0.00%  1.78μs     0.00B  0.00%    0.00B
 ──────────────────────────────────────────────────────────────────────────────

Total time in ns: 1585919335833
