Julia version: 1.6.0-DEV.1324

Threading configuration: 
       JULIA_NUM_THREADS:   6
      JULIA_FFTW_THREADS:   1
      JULIA_BLAS_THREADS:   6
Payload:  Caffeine_scfres_guess.jld2

System facts:
    fft_size:      (216, 216, 216)
    kpoints:       1
    n_electrons:   74
    n_bands:       40

Compiling code ...
Timing SCF ...

n     Energy            Eₙ-Eₙ₋₁     ρout-ρin   Diag
---   ---------------   ---------   --------   ----
  1   -122.2354932166         NaN   9.80e-01    1.0 
  2   -122.1653695301    7.01e-02   4.17e-01    8.0 
  3   -121.9755989533    1.90e-01   4.74e-01    5.0 
  4   -122.3679679169   -3.92e-01   1.79e-01    5.0 
  5   -122.4301019101   -6.21e-02   3.38e-02    4.0 
  6   -122.4314786884   -1.38e-03   1.34e-02    3.0 
  7   -122.4317332426   -2.55e-04   6.71e-03    2.0 
  8   -122.4318256960   -9.25e-05   2.86e-03    3.0 
  9   -122.4318351449   -9.45e-06   1.38e-03    3.0 
 10   -122.4318387475   -3.60e-06   6.85e-04    3.0 
 11   -122.4318395177   -7.70e-07   2.14e-04    3.0 
 12   -122.4318396032   -8.54e-08   1.60e-04    3.0 
 13   -122.4318396368   -3.36e-08   7.54e-05    3.0 
 14   -122.4318396481   -1.13e-08   3.14e-05    3.0 
 15   -122.4318396495   -1.46e-09   2.41e-05    3.0 
 16   -122.4318396502   -7.05e-10   1.09e-05    3.0 
 17   -122.4318396504   -1.64e-10   3.96e-06    2.0 
 18   -122.4318396504   -1.51e-11   3.10e-06    3.0 
 19   -122.4318396504   -8.54e-12   1.63e-06    1.0 
Energy breakdown:
    Kinetic             94.9211509
    AtomicLocal         -866.3708702
    AtomicNonlocal      9.3132859 
    Ewald               289.5847490
    PspCorrection       0.0002828 
    Hartree             385.2428147
    Xc                  -35.1232527

    total               -122.431839650428

 ──────────────────────────────────────────────────────────────────────────────
                                       Time                   Allocations      
                               ──────────────────────   ───────────────────────
       Tot / % measured:            1861s / 100%             916GiB / 100%     

 Section               ncalls     time   %tot     avg     alloc   %tot      avg
 ──────────────────────────────────────────────────────────────────────────────
 self_consistent_field      1    1859s   100%   1859s    916GiB  100%    916GiB
   LOBPCG                  19     788s  42.4%   41.5s    299GiB  32.7%  15.7GiB
     Hamiltonian mu...     80     402s  21.6%   5.03s   44.2GiB  4.83%   566MiB
     ortho                253    90.7s  4.88%   359ms   47.3GiB  5.16%   191MiB
     block multipli...    289    62.3s  3.35%   216ms   55.9GiB  6.11%   198MiB
     rayleigh_ritz         61    37.1s  2.00%   608ms   27.1MiB  0.00%   456KiB
   energy_hamiltonian      39     689s  37.1%   17.7s    427GiB  46.6%  11.0GiB
   compute_density         19     336s  18.1%   17.7s    158GiB  17.3%  8.32GiB
   KerkerDosMixing         19    844ms  0.05%  44.4ms   4.28GiB  0.47%   231MiB
     SimpleMixing          19    838ms  0.05%  44.1ms   4.28GiB  0.47%   231MiB
   QR orthonormaliz...     19   32.7μs  0.00%  1.72μs     0.00B  0.00%    0.00B
 ──────────────────────────────────────────────────────────────────────────────

Total time in ns: 1859766482391
