Julia version: 1.6.0-DEV.1324

Threading configuration: 
       JULIA_NUM_THREADS:   6
      JULIA_FFTW_THREADS:   2
      JULIA_BLAS_THREADS:   6
Payload:  Caffeine_scfres_guess.jld2

System facts:
    fft_size:      (216, 216, 216)
    kpoints:       1
    n_electrons:   74
    n_bands:       40

Compiling code ...
Timing SCF ...

n     Energy            Eₙ-Eₙ₋₁     ρout-ρin   Diag
---   ---------------   ---------   --------   ----
  1   -122.2354932166         NaN   9.80e-01    1.0 
  2   -122.1646283161    7.09e-02   4.17e-01    8.0 
  3   -121.9738066585    1.91e-01   4.75e-01    5.0 
  4   -122.3679501067   -3.94e-01   1.79e-01    5.0 
  5   -122.4301017824   -6.22e-02   3.39e-02    4.0 
  6   -122.4314730415   -1.37e-03   1.36e-02    3.0 
  7   -122.4317239026   -2.51e-04   7.09e-03    2.0 
  8   -122.4318251847   -1.01e-04   2.86e-03    2.0 
  9   -122.4318343439   -9.16e-06   1.45e-03    3.0 
 10   -122.4318385563   -4.21e-06   7.09e-04    3.0 
 11   -122.4318395119   -9.56e-07   2.16e-04    2.0 
 12   -122.4318396069   -9.50e-08   1.48e-04    3.0 
 13   -122.4318396382   -3.13e-08   7.42e-05    3.0 
 14   -122.4318396461   -7.89e-09   4.28e-05    3.0 
 15   -122.4318396496   -3.53e-09   2.33e-05    2.0 
 16   -122.4318396503   -6.91e-10   8.21e-06    2.0 
 17   -122.4318396504   -1.02e-10   4.44e-06    2.0 
 18   -122.4318396504   -3.18e-11   1.89e-06    3.0 
 19   -122.4318396504   -4.56e-12   1.12e-06    2.0 
Energy breakdown:
    Kinetic             94.9211498
    AtomicLocal         -866.3708717
    AtomicNonlocal      9.3132859 
    Ewald               289.5847490
    PspCorrection       0.0002828 
    Hartree             385.2428173
    Xc                  -35.1232527

    total               -122.431839650433

 ──────────────────────────────────────────────────────────────────────────────
                                       Time                   Allocations      
                               ──────────────────────   ───────────────────────
       Tot / % measured:            1591s / 100%             918GiB / 100%     

 Section               ncalls     time   %tot     avg     alloc   %tot      avg
 ──────────────────────────────────────────────────────────────────────────────
 self_consistent_field      1    1588s   100%   1588s    918GiB  100%    918GiB
   LOBPCG                  19     770s  48.5%   40.5s    301GiB  32.8%  15.9GiB
     Hamiltonian mu...     77     385s  24.2%   5.00s   44.4GiB  4.83%   590MiB
     ortho                237    89.6s  5.64%   378ms   47.8GiB  5.20%   206MiB
     block multipli...    271    62.4s  3.93%   230ms   56.9GiB  6.20%   215MiB
     rayleigh_ritz         58    39.0s  2.45%   672ms   27.7MiB  0.00%   490KiB
   energy_hamiltonian      39     528s  33.2%   13.5s    427GiB  46.5%  11.0GiB
   compute_density         19     249s  15.7%   13.1s    158GiB  17.2%  8.32GiB
   KerkerDosMixing         19    769ms  0.05%  40.5ms   4.28GiB  0.47%   231MiB
     SimpleMixing          19    763ms  0.05%  40.2ms   4.28GiB  0.47%   231MiB
   QR orthonormaliz...     19   32.8μs  0.00%  1.73μs     0.00B  0.00%    0.00B
 ──────────────────────────────────────────────────────────────────────────────

Total time in ns: 1589251845484
