Julia version: 1.6.0-DEV.1324

Threading configuration: 
       JULIA_NUM_THREADS:   7
      JULIA_FFTW_THREADS:   1
      JULIA_BLAS_THREADS:   4
Payload:  Caffeine_scfres_guess.jld2

System facts:
    fft_size:      (216, 216, 216)
    kpoints:       1
    n_electrons:   74
    n_bands:       40

Compiling code ...
Timing SCF ...

n     Energy            Eₙ-Eₙ₋₁     ρout-ρin   Diag
---   ---------------   ---------   --------   ----
  1   -122.2354932166         NaN   9.80e-01    1.0 
  2   -122.1650723245    7.04e-02   4.17e-01    8.0 
  3   -121.9749323886    1.90e-01   4.74e-01    5.0 
  4   -122.3679520085   -3.93e-01   1.79e-01    5.0 
  5   -122.4301024558   -6.22e-02   3.38e-02    4.0 
  6   -122.4314690260   -1.37e-03   1.37e-02    3.0 
  7   -122.4317336769   -2.65e-04   7.24e-03    2.0 
  8   -122.4318217424   -8.81e-05   2.73e-03    3.0 
  9   -122.4318359686   -1.42e-05   1.29e-03    2.0 
 10   -122.4318373548   -1.39e-06   9.33e-04    3.0 
 11   -122.4318393891   -2.03e-06   2.83e-04    3.0 
 12   -122.4318394262   -3.71e-08   3.64e-04    4.0 
 13   -122.4318395283   -1.02e-07   2.18e-04    3.0 
 14   -122.4318396238   -9.55e-08   9.95e-05    3.0 
 15   -122.4318396484   -2.46e-08   3.18e-05    2.0 
 16   -122.4318396500   -1.53e-09   1.95e-05    3.0 
 17   -122.4318396503   -3.03e-10   8.39e-06    2.0 
 18   -122.4318396504   -1.75e-10   3.27e-06    2.0 
 19   -122.4318396505   -1.32e-11   1.51e-06    2.0 
Energy breakdown:
    Kinetic             94.9211508
    AtomicLocal         -866.3708719
    AtomicNonlocal      9.3132858 
    Ewald               289.5847490
    PspCorrection       0.0002828 
    Hartree             385.2428167
    Xc                  -35.1232529

    total               -122.431839650457

 ──────────────────────────────────────────────────────────────────────────────
                                       Time                   Allocations      
                               ──────────────────────   ───────────────────────
       Tot / % measured:            1995s / 100%             938GiB / 100%     

 Section               ncalls     time   %tot     avg     alloc   %tot      avg
 ──────────────────────────────────────────────────────────────────────────────
 self_consistent_field      1    1993s   100%   1993s    937GiB  100%    937GiB
   LOBPCG                  19     824s  41.4%   43.4s    303GiB  32.3%  16.0GiB
     Hamiltonian mu...     79     391s  19.6%   4.95s   45.3GiB  4.83%   587MiB
     block multipli...    283    84.7s  4.25%   299ms   57.3GiB  6.11%   207MiB
     ortho                247    74.8s  3.75%   303ms   48.0GiB  5.12%   199MiB
     rayleigh_ritz         60    57.5s  2.89%   958ms   28.2MiB  0.00%   482KiB
   energy_hamiltonian      39     768s  38.5%   19.7s    439GiB  46.8%  11.3GiB
   compute_density         19     342s  17.2%   18.0s    164GiB  17.5%  8.63GiB
   KerkerDosMixing         19    2.08s  0.10%   109ms   4.28GiB  0.46%   231MiB
     SimpleMixing          19    2.07s  0.10%   109ms   4.28GiB  0.46%   231MiB
   QR orthonormaliz...     19   36.5μs  0.00%  1.92μs     0.00B  0.00%    0.00B
 ──────────────────────────────────────────────────────────────────────────────

Total time in ns: 1993585194383
