Julia version: 1.6.0-DEV.1324

Threading configuration: 
       JULIA_NUM_THREADS:   7
      JULIA_FFTW_THREADS:   2
      JULIA_BLAS_THREADS:   4
Payload:  Caffeine_scfres_guess.jld2

System facts:
    fft_size:      (216, 216, 216)
    kpoints:       1
    n_electrons:   74
    n_bands:       40

Compiling code ...
Timing SCF ...

n     Energy            Eₙ-Eₙ₋₁     ρout-ρin   Diag
---   ---------------   ---------   --------   ----
  1   -122.2354932166         NaN   9.80e-01    1.0 
  2   -122.1650263632    7.05e-02   4.17e-01    8.0 
  3   -121.9741348861    1.91e-01   4.75e-01    5.0 
  4   -122.3679162296   -3.94e-01   1.79e-01    5.0 
  5   -122.4300908854   -6.22e-02   3.39e-02    4.0 
  6   -122.4314771856   -1.39e-03   1.35e-02    3.0 
  7   -122.4317285959   -2.51e-04   6.94e-03    3.0 
  8   -122.4318264587   -9.79e-05   2.74e-03    3.0 
  9   -122.4318344138   -7.96e-06   1.50e-03    3.0 
 10   -122.4318389166   -4.50e-06   5.54e-04    3.0 
 11   -122.4318395199   -6.03e-07   2.49e-04    2.0 
 12   -122.4318396118   -9.19e-08   1.09e-04    3.0 
 13   -122.4318396385   -2.67e-08   7.01e-05    3.0 
 14   -122.4318396489   -1.03e-08   2.09e-05    5.0 
 15   -122.4318396498   -9.20e-10   2.07e-05    3.0 
 16   -122.4318396503   -5.18e-10   8.23e-06    2.0 
 17   -122.4318396504   -1.34e-10   3.67e-06    3.0 
 18   -122.4318396505   -1.92e-11   1.86e-06    3.0 
 19   -122.4318396505   -5.33e-12   1.14e-06    3.0 
Energy breakdown:
    Kinetic             94.9211483
    AtomicLocal         -866.3708686
    AtomicNonlocal      9.3132858 
    Ewald               289.5847490
    PspCorrection       0.0002828 
    Hartree             385.2428155
    Xc                  -35.1232525

    total               -122.431839650461

 ──────────────────────────────────────────────────────────────────────────────
                                       Time                   Allocations      
                               ──────────────────────   ───────────────────────
       Tot / % measured:            1728s / 100%             944GiB / 100%     

 Section               ncalls     time   %tot     avg     alloc   %tot      avg
 ──────────────────────────────────────────────────────────────────────────────
 self_consistent_field      1    1725s   100%   1725s    944GiB  100%    944GiB
   LOBPCG                  19     813s  47.1%   42.8s    310GiB  32.8%  16.3GiB
     Hamiltonian mu...     84     375s  21.7%   4.46s   46.4GiB  4.92%   566MiB
     block multipli...    313    86.9s  5.03%   277ms   59.7GiB  6.33%   195MiB
     ortho                271    75.4s  4.37%   278ms   49.2GiB  5.21%   186MiB
     rayleigh_ritz         65    59.1s  3.43%   909ms   28.9MiB  0.00%   455KiB
   energy_hamiltonian      39     612s  35.5%   15.7s    439GiB  46.5%  11.3GiB
   compute_density         19     252s  14.6%   13.3s    164GiB  17.4%  8.63GiB
   KerkerDosMixing         19    1.24s  0.07%  65.0ms   4.28GiB  0.45%   231MiB
     SimpleMixing          19    1.23s  0.07%  64.8ms   4.28GiB  0.45%   231MiB
   QR orthonormaliz...     19   30.1μs  0.00%  1.59μs     0.00B  0.00%    0.00B
 ──────────────────────────────────────────────────────────────────────────────

Total time in ns: 1726907807533
