Julia version: 1.6.0-DEV.1324

Threading configuration: 
       JULIA_NUM_THREADS:   7
      JULIA_FFTW_THREADS:   1
      JULIA_BLAS_THREADS:   5
Payload:  Caffeine_scfres_guess.jld2

System facts:
    fft_size:      (216, 216, 216)
    kpoints:       1
    n_electrons:   74
    n_bands:       40

Compiling code ...
Timing SCF ...

n     Energy            Eₙ-Eₙ₋₁     ρout-ρin   Diag
---   ---------------   ---------   --------   ----
  1   -122.2354932166         NaN   9.80e-01    1.0 
  2   -122.1648301525    7.07e-02   4.17e-01    9.0 
  3   -121.9753534117    1.89e-01   4.74e-01    5.0 
  4   -122.3679896031   -3.93e-01   1.79e-01    5.0 
  5   -122.4300892240   -6.21e-02   3.39e-02    4.0 
  6   -122.4314858583   -1.40e-03   1.33e-02    3.0 
  7   -122.4317360992   -2.50e-04   7.31e-03    2.0 
  8   -122.4318204263   -8.43e-05   2.79e-03    3.0 
  9   -122.4318361138   -1.57e-05   1.29e-03    2.0 
 10   -122.4318371773   -1.06e-06   9.99e-04    4.0 
 11   -122.4318393677   -2.19e-06   3.02e-04    3.0 
 12   -122.4318394212   -5.35e-08   3.71e-04    4.0 
 13   -122.4318395191   -9.78e-08   2.23e-04    3.0 
 14   -122.4318396227   -1.04e-07   1.01e-04    3.0 
 15   -122.4318396488   -2.61e-08   2.79e-05    2.0 
 16   -122.4318396498   -1.05e-09   2.14e-05    3.0 
 17   -122.4318396502   -3.74e-10   9.92e-06    2.0 
 18   -122.4318396504   -2.27e-10   3.05e-06    3.0 
 19   -122.4318396504   -1.15e-11   1.20e-06    2.0 
Energy breakdown:
    Kinetic             94.9211520
    AtomicLocal         -866.3708727
    AtomicNonlocal      9.3132859 
    Ewald               289.5847490
    PspCorrection       0.0002828 
    Hartree             385.2428164
    Xc                  -35.1232530

    total               -122.431839650444

 ──────────────────────────────────────────────────────────────────────────────
                                       Time                   Allocations      
                               ──────────────────────   ───────────────────────
       Tot / % measured:            1939s / 100%             938GiB / 100%     

 Section               ncalls     time   %tot     avg     alloc   %tot      avg
 ──────────────────────────────────────────────────────────────────────────────
 self_consistent_field      1    1937s   100%   1937s    937GiB  100%    937GiB
   LOBPCG                  19     767s  39.6%   40.4s    303GiB  32.4%  16.0GiB
     Hamiltonian mu...     82     386s  19.9%   4.71s   45.4GiB  4.85%   568MiB
     ortho                261    74.0s  3.82%   284ms   48.0GiB  5.12%   188MiB
     block multipli...    301    72.0s  3.72%   239ms   57.3GiB  6.11%   195MiB
     rayleigh_ritz         63    40.4s  2.09%   642ms   28.1MiB  0.00%   456KiB
   energy_hamiltonian      39     766s  39.5%   19.6s    439GiB  46.8%  11.3GiB
   compute_density         19     345s  17.8%   18.1s    164GiB  17.5%  8.63GiB
   KerkerDosMixing         19    2.16s  0.11%   114ms   4.28GiB  0.46%   231MiB
     SimpleMixing          19    2.16s  0.11%   114ms   4.28GiB  0.46%   231MiB
   QR orthonormaliz...     19   36.0μs  0.00%  1.89μs     0.00B  0.00%    0.00B
 ──────────────────────────────────────────────────────────────────────────────

Total time in ns: 1937819827867
