Julia version: 1.6.0-DEV.1324

Threading configuration: 
       JULIA_NUM_THREADS:   7
      JULIA_FFTW_THREADS:   2
      JULIA_BLAS_THREADS:   5
Payload:  Caffeine_scfres_guess.jld2

System facts:
    fft_size:      (216, 216, 216)
    kpoints:       1
    n_electrons:   74
    n_bands:       40

Compiling code ...
Timing SCF ...

n     Energy            Eₙ-Eₙ₋₁     ρout-ρin   Diag
---   ---------------   ---------   --------   ----
  1   -122.2354932166         NaN   9.80e-01    1.0 
  2   -122.1656061276    6.99e-02   4.17e-01    8.0 
  3   -121.9759483467    1.90e-01   4.74e-01    5.0 
  4   -122.3679602679   -3.92e-01   1.79e-01    5.0 
  5   -122.4300834636   -6.21e-02   3.38e-02    4.0 
  6   -122.4314693659   -1.39e-03   1.37e-02    3.0 
  7   -122.4317289796   -2.60e-04   7.41e-03    2.0 
  8   -122.4318213893   -9.24e-05   2.62e-03    3.0 
  9   -122.4318363986   -1.50e-05   1.29e-03    2.0 
 10   -122.4318376187   -1.22e-06   9.04e-04    3.0 
 11   -122.4318393980   -1.78e-06   3.04e-04    3.0 
 12   -122.4318393985   -5.52e-10   3.81e-04    4.0 
 13   -122.4318395239   -1.25e-07   2.19e-04    3.0 
 14   -122.4318396293   -1.05e-07   9.12e-05    3.0 
 15   -122.4318396483   -1.90e-08   3.14e-05    2.0 
 16   -122.4318396498   -1.58e-09   2.14e-05    3.0 
 17   -122.4318396502   -3.30e-10   1.05e-05    2.0 
 18   -122.4318396504   -2.40e-10   3.48e-06    3.0 
 19   -122.4318396504   -1.63e-11   2.51e-06    2.0 
Energy breakdown:
    Kinetic             94.9211465
    AtomicLocal         -866.3708572
    AtomicNonlocal      9.3132851 
    Ewald               289.5847490
    PspCorrection       0.0002828 
    Hartree             385.2428063
    Xc                  -35.1232521

    total               -122.431839650433

 ──────────────────────────────────────────────────────────────────────────────
                                       Time                   Allocations      
                               ──────────────────────   ───────────────────────
       Tot / % measured:            1665s / 100%             934GiB / 100%     

 Section               ncalls     time   %tot     avg     alloc   %tot      avg
 ──────────────────────────────────────────────────────────────────────────────
 self_consistent_field      1    1662s   100%   1662s    934GiB  100%    934GiB
   LOBPCG                  19     722s  43.4%   38.0s    299GiB  32.1%  15.8GiB
     Hamiltonian mu...     80     355s  21.4%   4.44s   44.8GiB  4.80%   574MiB
     ortho                252    71.2s  4.28%   283ms   47.2GiB  5.06%   192MiB
     block multipli...    289    69.5s  4.18%   241ms   55.8GiB  5.98%   198MiB
     rayleigh_ritz         61    38.3s  2.30%   628ms   27.0MiB  0.00%   454KiB
   energy_hamiltonian      39     640s  38.5%   16.4s    439GiB  47.0%  11.3GiB
   compute_density         19     250s  15.0%   13.1s    164GiB  17.6%  8.63GiB
   KerkerDosMixing         19    1.49s  0.09%  78.4ms   4.28GiB  0.46%   231MiB
     SimpleMixing          19    1.48s  0.09%  78.1ms   4.28GiB  0.46%   231MiB
   QR orthonormaliz...     19   30.9μs  0.00%  1.63μs     0.00B  0.00%    0.00B
 ──────────────────────────────────────────────────────────────────────────────

Total time in ns: 1663665237549
