Julia version: 1.6.0-DEV.1324

Threading configuration: 
       JULIA_NUM_THREADS:   7
      JULIA_FFTW_THREADS:   1
      JULIA_BLAS_THREADS:   6
Payload:  Caffeine_scfres_guess.jld2

System facts:
    fft_size:      (216, 216, 216)
    kpoints:       1
    n_electrons:   74
    n_bands:       40

Compiling code ...
Timing SCF ...

n     Energy            Eₙ-Eₙ₋₁     ρout-ρin   Diag
---   ---------------   ---------   --------   ----
  1   -122.2354932166         NaN   9.80e-01    1.0 
  2   -122.1643828319    7.11e-02   4.17e-01    8.0 
  3   -121.9733723354    1.91e-01   4.75e-01    5.0 
  4   -122.3678134153   -3.94e-01   1.79e-01    5.0 
  5   -122.4300975209   -6.23e-02   3.39e-02    4.0 
  6   -122.4314697102   -1.37e-03   1.38e-02    3.0 
  7   -122.4317190641   -2.49e-04   7.16e-03    2.0 
  8   -122.4318270532   -1.08e-04   2.68e-03    2.0 
  9   -122.4318352309   -8.18e-06   1.30e-03    3.0 
 10   -122.4318385964   -3.37e-06   6.87e-04    3.0 
 11   -122.4318395262   -9.30e-07   2.04e-04    3.0 
 12   -122.4318396088   -8.26e-08   1.56e-04    3.0 
 13   -122.4318396361   -2.73e-08   7.62e-05    3.0 
 14   -122.4318396479   -1.19e-08   3.09e-05    2.0 
 15   -122.4318396498   -1.89e-09   2.09e-05    3.0 
 16   -122.4318396502   -4.23e-10   1.07e-05    2.0 
 17   -122.4318396504   -1.52e-10   4.36e-06    2.0 
 18   -122.4318396504   -2.17e-11   2.71e-06    2.0 
 19   -122.4318396504   -6.35e-12   1.50e-06    3.0 
Energy breakdown:
    Kinetic             94.9211469
    AtomicLocal         -866.3708611
    AtomicNonlocal      9.3132857 
    Ewald               289.5847490
    PspCorrection       0.0002828 
    Hartree             385.2428092
    Xc                  -35.1232521

    total               -122.431839650429

 ──────────────────────────────────────────────────────────────────────────────
                                       Time                   Allocations      
                               ──────────────────────   ───────────────────────
       Tot / % measured:            1936s / 100%             932GiB / 100%     

 Section               ncalls     time   %tot     avg     alloc   %tot      avg
 ──────────────────────────────────────────────────────────────────────────────
 self_consistent_field      1    1934s   100%   1934s    932GiB  100%    932GiB
   energy_hamiltonian      39     770s  39.8%   19.7s    439GiB  47.1%  11.3GiB
   LOBPCG                  19     764s  39.5%   40.2s    297GiB  31.9%  15.7GiB
     Hamiltonian mu...     78     376s  19.5%   4.82s   44.5GiB  4.77%   584MiB
     ortho                243    92.5s  4.78%   381ms   46.8GiB  5.03%   197MiB
     block multipli...    276    60.5s  3.13%   219ms   55.0GiB  5.91%   204MiB
     rayleigh_ritz         59    37.8s  1.95%   640ms   26.9MiB  0.00%   468KiB
   compute_density         19     341s  17.7%   18.0s    164GiB  17.6%  8.63GiB
   KerkerDosMixing         19    2.13s  0.11%   112ms   4.28GiB  0.46%   231MiB
     SimpleMixing          19    2.12s  0.11%   112ms   4.28GiB  0.46%   231MiB
   QR orthonormaliz...     19   31.6μs  0.00%  1.66μs     0.00B  0.00%    0.00B
 ──────────────────────────────────────────────────────────────────────────────

Total time in ns: 1934947104578
