Julia version: 1.6.0-DEV.1324

Threading configuration: 
       JULIA_NUM_THREADS:   7
      JULIA_FFTW_THREADS:   2
      JULIA_BLAS_THREADS:   6
Payload:  Caffeine_scfres_guess.jld2

System facts:
    fft_size:      (216, 216, 216)
    kpoints:       1
    n_electrons:   74
    n_bands:       40

Compiling code ...
Timing SCF ...

n     Energy            Eₙ-Eₙ₋₁     ρout-ρin   Diag
---   ---------------   ---------   --------   ----
  1   -122.2354932166         NaN   9.80e-01    1.0 
  2   -122.1649480478    7.05e-02   4.17e-01    8.0 
  3   -121.9750358548    1.90e-01   4.74e-01    5.0 
  4   -122.3679013306   -3.93e-01   1.79e-01    5.0 
  5   -122.4300912014   -6.22e-02   3.38e-02    4.0 
  6   -122.4314634056   -1.37e-03   1.38e-02    3.0 
  7   -122.4317344506   -2.71e-04   6.91e-03    3.0 
  8   -122.4318270177   -9.26e-05   2.70e-03    3.0 
  9   -122.4318331320   -6.11e-06   1.66e-03    3.0 
 10   -122.4318388856   -5.75e-06   5.25e-04    3.0 
 11   -122.4318394580   -5.72e-07   2.99e-04    3.0 
 12   -122.4318396018   -1.44e-07   1.31e-04    3.0 
 13   -122.4318396438   -4.20e-08   6.57e-05    2.0 
 14   -122.4318396480   -4.19e-09   3.64e-05    5.0 
 15   -122.4318396494   -1.44e-09   2.44e-05    3.0 
 16   -122.4318396503   -9.05e-10   5.46e-06    3.0 
 17   -122.4318396504   -6.63e-11   4.93e-06    3.0 
 18   -122.4318396504   -2.14e-11   2.21e-06    2.0 
 19   -122.4318396504   -2.13e-12   2.37e-06    3.0 
Energy breakdown:
    Kinetic             94.9211457
    AtomicLocal         -866.3708655
    AtomicNonlocal      9.3132858 
    Ewald               289.5847490
    PspCorrection       0.0002828 
    Hartree             385.2428147
    Xc                  -35.1232521

    total               -122.431839650427

 ──────────────────────────────────────────────────────────────────────────────
                                       Time                   Allocations      
                               ──────────────────────   ───────────────────────
       Tot / % measured:            1722s / 100%             942GiB / 100%     

 Section               ncalls     time   %tot     avg     alloc   %tot      avg
 ──────────────────────────────────────────────────────────────────────────────
 self_consistent_field      1    1719s   100%   1719s    942GiB  100%    942GiB
   LOBPCG                  19     764s  44.4%   40.2s    308GiB  32.7%  16.2GiB
     Hamiltonian mu...     84     371s  21.6%   4.42s   46.2GiB  4.90%   563MiB
     ortho                271    92.7s  5.40%   342ms   48.8GiB  5.18%   185MiB
     block multipli...    313    63.4s  3.69%   202ms   59.0GiB  6.27%   193MiB
     rayleigh_ritz         65    39.5s  2.30%   608ms   28.4MiB  0.00%   447KiB
   energy_hamiltonian      39     649s  37.7%   16.6s    439GiB  46.6%  11.3GiB
   compute_density         19     255s  14.8%   13.4s    164GiB  17.4%  8.63GiB
   KerkerDosMixing         19    1.37s  0.08%  72.0ms   4.28GiB  0.45%   231MiB
     SimpleMixing          19    1.36s  0.08%  71.8ms   4.28GiB  0.45%   231MiB
   QR orthonormaliz...     19   30.4μs  0.00%  1.60μs     0.00B  0.00%    0.00B
 ──────────────────────────────────────────────────────────────────────────────

Total time in ns: 1720420800689
