Julia version: 1.6.0-DEV.1324

Threading configuration: 
       JULIA_NUM_THREADS:   7
      JULIA_FFTW_THREADS:   2
      JULIA_BLAS_THREADS:   7
Payload:  Caffeine_scfres_guess.jld2

System facts:
    fft_size:      (216, 216, 216)
    kpoints:       1
    n_electrons:   74
    n_bands:       40

Compiling code ...
Timing SCF ...

n     Energy            Eₙ-Eₙ₋₁     ρout-ρin   Diag
---   ---------------   ---------   --------   ----
  1   -122.2354932166         NaN   9.80e-01    1.0 
  2   -122.1651822731    7.03e-02   4.17e-01    8.0 
  3   -121.9746114322    1.91e-01   4.74e-01    5.0 
  4   -122.3678535199   -3.93e-01   1.79e-01    5.0 
  5   -122.4301072443   -6.23e-02   3.39e-02    4.0 
  6   -122.4314750614   -1.37e-03   1.37e-02    3.0 
  7   -122.4317245672   -2.50e-04   7.01e-03    3.0 
  8   -122.4318244989   -9.99e-05   2.93e-03    2.0 
  9   -122.4318343629   -9.86e-06   1.45e-03    3.0 
 10   -122.4318383966   -4.03e-06   7.60e-04    3.0 
 11   -122.4318395034   -1.11e-06   2.31e-04    3.0 
 12   -122.4318396008   -9.74e-08   1.55e-04    2.0 
 13   -122.4318396360   -3.52e-08   8.02e-05    3.0 
 14   -122.4318396468   -1.08e-08   3.54e-05    3.0 
 15   -122.4318396494   -2.63e-09   2.56e-05    3.0 
 16   -122.4318396502   -7.91e-10   1.13e-05    3.0 
 17   -122.4318396504   -2.05e-10   4.12e-06    2.0 
 18   -122.4318396504   -2.14e-11   1.74e-06    2.0 
 19   -122.4318396504   -4.38e-12   9.17e-07    3.0 
Energy breakdown:
    Kinetic             94.9211499
    AtomicLocal         -866.3708772
    AtomicNonlocal      9.3132859 
    Ewald               289.5847490
    PspCorrection       0.0002828 
    Hartree             385.2428227
    Xc                  -35.1232528

    total               -122.431839650427

 ──────────────────────────────────────────────────────────────────────────────
                                       Time                   Allocations      
                               ──────────────────────   ───────────────────────
       Tot / % measured:            1688s / 100%             942GiB / 100%     

 Section               ncalls     time   %tot     avg     alloc   %tot      avg
 ──────────────────────────────────────────────────────────────────────────────
 self_consistent_field      1    1685s   100%   1685s    941GiB  100%    941GiB
   LOBPCG                  19     754s  44.7%   39.7s    307GiB  32.6%  16.2GiB
     Hamiltonian mu...     80     367s  21.8%   4.59s   45.9GiB  4.87%   587MiB
     ortho                254    91.2s  5.41%   359ms   48.8GiB  5.18%   197MiB
     block multipli...    289    58.1s  3.45%   201ms   58.9GiB  6.26%   209MiB
     rayleigh_ritz         61    40.5s  2.40%   664ms   28.6MiB  0.00%   480KiB
   energy_hamiltonian      39     634s  37.6%   16.3s    439GiB  46.6%  11.3GiB
   compute_density         19     249s  14.8%   13.1s    164GiB  17.4%  8.63GiB
   KerkerDosMixing         19    1.27s  0.08%  67.0ms   4.28GiB  0.45%   231MiB
     SimpleMixing          19    1.27s  0.08%  66.8ms   4.28GiB  0.45%   231MiB
   QR orthonormaliz...     19   27.9μs  0.00%  1.47μs     0.00B  0.00%    0.00B
 ──────────────────────────────────────────────────────────────────────────────

Total time in ns: 1685889307341
