Julia version: 1.6.0-DEV.1324

Threading configuration: 
       JULIA_NUM_THREADS:   7
      JULIA_FFTW_THREADS:   1
      JULIA_BLAS_THREADS:   7
Payload:  Caffeine_scfres_guess.jld2

System facts:
    fft_size:      (216, 216, 216)
    kpoints:       1
    n_electrons:   74
    n_bands:       40

Compiling code ...
Timing SCF ...

n     Energy            Eₙ-Eₙ₋₁     ρout-ρin   Diag
---   ---------------   ---------   --------   ----
  1   -122.2354932166         NaN   9.80e-01    1.0 
  2   -122.1651658290    7.03e-02   4.17e-01    8.0 
  3   -121.9748407937    1.90e-01   4.74e-01    5.0 
  4   -122.3679690989   -3.93e-01   1.79e-01    5.0 
  5   -122.4300983210   -6.21e-02   3.38e-02    4.0 
  6   -122.4314709350   -1.37e-03   1.36e-02    3.0 
  7   -122.4317256623   -2.55e-04   6.98e-03    2.0 
  8   -122.4318251680   -9.95e-05   2.90e-03    3.0 
  9   -122.4318347721   -9.60e-06   1.42e-03    3.0 
 10   -122.4318387210   -3.95e-06   6.92e-04    3.0 
 11   -122.4318395203   -7.99e-07   2.11e-04    2.0 
 12   -122.4318396065   -8.63e-08   1.44e-04    3.0 
 13   -122.4318396380   -3.14e-08   6.98e-05    3.0 
 14   -122.4318396475   -9.53e-09   3.51e-05    3.0 
 15   -122.4318396496   -2.12e-09   2.35e-05    3.0 
 16   -122.4318396503   -6.57e-10   8.47e-06    2.0 
 17   -122.4318396504   -1.00e-10   4.14e-06    3.0 
 18   -122.4318396504   -3.22e-11   1.47e-06    3.0 
 19   -122.4318396504   -4.02e-12   6.94e-07    2.0 
Energy breakdown:
    Kinetic             94.9211500
    AtomicLocal         -866.3708688
    AtomicNonlocal      9.3132858 
    Ewald               289.5847490
    PspCorrection       0.0002828 
    Hartree             385.2428143
    Xc                  -35.1232527

    total               -122.431839650428

 ──────────────────────────────────────────────────────────────────────────────
                                       Time                   Allocations      
                               ──────────────────────   ───────────────────────
       Tot / % measured:            1936s / 100%             940GiB / 100%     

 Section               ncalls     time   %tot     avg     alloc   %tot      avg
 ──────────────────────────────────────────────────────────────────────────────
 self_consistent_field      1    1933s   100%   1933s    939GiB  100%    939GiB
   energy_hamiltonian      39     767s  39.7%   19.7s    439GiB  46.7%  11.3GiB
   LOBPCG                  19     767s  39.7%   40.4s    305GiB  32.5%  16.1GiB
     Hamiltonian mu...     80     383s  19.8%   4.79s   45.6GiB  4.85%   584MiB
     ortho                251    91.3s  4.72%   364ms   48.3GiB  5.15%   197MiB
     block multipli...    288    56.2s  2.91%   195ms   58.1GiB  6.18%   207MiB
     rayleigh_ritz         61    39.9s  2.06%   654ms   28.3MiB  0.00%   475KiB
   compute_density         19     338s  17.5%   17.8s    164GiB  17.5%  8.63GiB
   KerkerDosMixing         19    2.18s  0.11%   115ms   4.28GiB  0.46%   231MiB
     SimpleMixing          19    2.18s  0.11%   115ms   4.28GiB  0.46%   231MiB
   QR orthonormaliz...     19   35.9μs  0.00%  1.89μs     0.00B  0.00%    0.00B
 ──────────────────────────────────────────────────────────────────────────────

Total time in ns: 1934380630339
