Julia version: 1.6.0-DEV.1324

Threading configuration: 
       JULIA_NUM_THREADS:   8
      JULIA_FFTW_THREADS:   2
      JULIA_BLAS_THREADS:   4
Payload:  Caffeine_scfres_guess.jld2

System facts:
    fft_size:      (216, 216, 216)
    kpoints:       1
    n_electrons:   74
    n_bands:       40

Compiling code ...
Timing SCF ...

n     Energy            Eₙ-Eₙ₋₁     ρout-ρin   Diag
---   ---------------   ---------   --------   ----
  1   -122.2354932166         NaN   9.80e-01    1.0 
  2   -122.1651182341    7.04e-02   4.17e-01    8.0 
  3   -121.9749442396    1.90e-01   4.74e-01    5.0 
  4   -122.3679448187   -3.93e-01   1.79e-01    5.0 
  5   -122.4300973016   -6.22e-02   3.39e-02    4.0 
  6   -122.4314938133   -1.40e-03   1.32e-02    3.0 
  7   -122.4317324251   -2.39e-04   7.36e-03    2.0 
  8   -122.4318202220   -8.78e-05   2.81e-03    3.0 
  9   -122.4318362615   -1.60e-05   1.25e-03    2.0 
 10   -122.4318370492   -7.88e-07   1.01e-03    4.0 
 11   -122.4318393415   -2.29e-06   3.12e-04    3.0 
 12   -122.4318394157   -7.43e-08   3.67e-04    4.0 
 13   -122.4318395212   -1.05e-07   2.24e-04    3.0 
 14   -122.4318396233   -1.02e-07   9.98e-05    3.0 
 15   -122.4318396487   -2.54e-08   2.85e-05    2.0 
 16   -122.4318396499   -1.29e-09   1.94e-05    4.0 
 17   -122.4318396503   -3.34e-10   8.56e-06    2.0 
 18   -122.4318396504   -1.70e-10   3.09e-06    3.0 
 19   -122.4318396505   -1.23e-11   1.23e-06    2.0 
Energy breakdown:
    Kinetic             94.9211528
    AtomicLocal         -866.3708731
    AtomicNonlocal      9.3132859 
    Ewald               289.5847490
    PspCorrection       0.0002828 
    Hartree             385.2428161
    Xc                  -35.1232532

    total               -122.431839650459

 ──────────────────────────────────────────────────────────────────────────────
                                       Time                   Allocations      
                               ──────────────────────   ───────────────────────
       Tot / % measured:            1751s / 100%             956GiB / 100%     

 Section               ncalls     time   %tot     avg     alloc   %tot      avg
 ──────────────────────────────────────────────────────────────────────────────
 self_consistent_field      1    1748s   100%   1748s    956GiB  100%    956GiB
   LOBPCG                  19     776s  44.4%   40.9s    304GiB  31.8%  16.0GiB
     Hamiltonian mu...     82     350s  20.0%   4.26s   46.1GiB  4.83%   576MiB
     block multipli...    301    85.4s  4.89%   284ms   57.3GiB  5.99%   195MiB
     ortho                262    74.4s  4.26%   284ms   47.9GiB  5.02%   187MiB
     rayleigh_ritz         63    55.5s  3.18%   881ms   28.1MiB  0.00%   456KiB
   energy_hamiltonian      39     661s  37.8%   17.0s    450GiB  47.1%  11.6GiB
   compute_density         19     260s  14.9%   13.7s    170GiB  17.8%  8.94GiB
   KerkerDosMixing         19    1.36s  0.08%  71.8ms   4.28GiB  0.45%   231MiB
     SimpleMixing          19    1.36s  0.08%  71.5ms   4.28GiB  0.45%   231MiB
   QR orthonormaliz...     19   32.2μs  0.00%  1.69μs     0.00B  0.00%    0.00B
 ──────────────────────────────────────────────────────────────────────────────

Total time in ns: 1749641944548
