Julia version: 1.6.0-DEV.1324

Threading configuration: 
       JULIA_NUM_THREADS:   8
      JULIA_FFTW_THREADS:   1
      JULIA_BLAS_THREADS:   4
Payload:  Caffeine_scfres_guess.jld2

System facts:
    fft_size:      (216, 216, 216)
    kpoints:       1
    n_electrons:   74
    n_bands:       40

Compiling code ...
Timing SCF ...

n     Energy            Eₙ-Eₙ₋₁     ρout-ρin   Diag
---   ---------------   ---------   --------   ----
  1   -122.2354932166         NaN   9.80e-01    1.0 
  2   -122.1646200114    7.09e-02   4.17e-01    8.0 
  3   -121.9742957179    1.90e-01   4.75e-01    5.0 
  4   -122.3679929384   -3.94e-01   1.79e-01    5.0 
  5   -122.4301081216   -6.21e-02   3.38e-02    4.0 
  6   -122.4314686617   -1.36e-03   1.38e-02    3.0 
  7   -122.4317291472   -2.60e-04   7.41e-03    2.0 
  8   -122.4318213836   -9.22e-05   2.73e-03    3.0 
  9   -122.4318361177   -1.47e-05   1.30e-03    2.0 
 10   -122.4318374023   -1.28e-06   9.41e-04    3.0 
 11   -122.4318393849   -1.98e-06   2.90e-04    2.0 
 12   -122.4318394024   -1.75e-08   3.83e-04    5.0 
 13   -122.4318395182   -1.16e-07   2.29e-04    3.0 
 14   -122.4318396190   -1.01e-07   1.09e-04    2.0 
 15   -122.4318396481   -2.91e-08   3.27e-05    2.0 
 16   -122.4318396498   -1.74e-09   2.30e-05    4.0 
 17   -122.4318396502   -3.29e-10   1.13e-05    2.0 
 18   -122.4318396504   -2.90e-10   3.81e-06    3.0 
 19   -122.4318396505   -1.27e-11   1.94e-06    2.0 
Energy breakdown:
    Kinetic             94.9211532
    AtomicLocal         -866.3708739
    AtomicNonlocal      9.3132860 
    Ewald               289.5847490
    PspCorrection       0.0002828 
    Hartree             385.2428165
    Xc                  -35.1232532

    total               -122.431839650453

 ──────────────────────────────────────────────────────────────────────────────
                                       Time                   Allocations      
                               ──────────────────────   ───────────────────────
       Tot / % measured:            1937s / 100%             952GiB / 100%     

 Section               ncalls     time   %tot     avg     alloc   %tot      avg
 ──────────────────────────────────────────────────────────────────────────────
 self_consistent_field      1    1934s   100%   1934s    952GiB  100%    952GiB
   LOBPCG                  19     773s  40.0%   40.7s    300GiB  31.5%  15.8GiB
     Hamiltonian mu...     80     354s  18.3%   4.42s   45.5GiB  4.78%   582MiB
     block multipli...    289    82.7s  4.28%   286ms   55.7GiB  5.85%   197MiB
     ortho                251    71.5s  3.70%   285ms   47.2GiB  4.96%   192MiB
     rayleigh_ritz         61    56.6s  2.93%   927ms   27.2MiB  0.00%   456KiB
   energy_hamiltonian      39     752s  38.9%   19.3s    450GiB  47.3%  11.6GiB
   compute_density         19     350s  18.1%   18.4s    170GiB  17.8%  8.94GiB
   KerkerDosMixing         19    1.98s  0.10%   104ms   4.28GiB  0.45%   231MiB
     SimpleMixing          19    1.98s  0.10%   104ms   4.28GiB  0.45%   231MiB
   QR orthonormaliz...     19   35.5μs  0.00%  1.87μs     0.00B  0.00%    0.00B
 ──────────────────────────────────────────────────────────────────────────────

Total time in ns: 1935287500227
