Julia version: 1.6.0-DEV.1324

Threading configuration: 
       JULIA_NUM_THREADS:   8
      JULIA_FFTW_THREADS:   2
      JULIA_BLAS_THREADS:   5
Payload:  Caffeine_scfres_guess.jld2

System facts:
    fft_size:      (216, 216, 216)
    kpoints:       1
    n_electrons:   74
    n_bands:       40

Compiling code ...
Timing SCF ...

n     Energy            Eₙ-Eₙ₋₁     ρout-ρin   Diag
---   ---------------   ---------   --------   ----
  1   -122.2354932166         NaN   9.80e-01    1.0 
  2   -122.1649209449    7.06e-02   4.17e-01    8.0 
  3   -121.9744497483    1.90e-01   4.75e-01    5.0 
  4   -122.3679652248   -3.94e-01   1.79e-01    5.0 
  5   -122.4300828702   -6.21e-02   3.40e-02    4.0 
  6   -122.4314821532   -1.40e-03   1.35e-02    3.0 
  7   -122.4317295173   -2.47e-04   7.39e-03    2.0 
  8   -122.4318208602   -9.13e-05   2.74e-03    3.0 
  9   -122.4318359354   -1.51e-05   1.31e-03    2.0 
 10   -122.4318371138   -1.18e-06   9.92e-04    3.0 
 11   -122.4318394170   -2.30e-06   2.89e-04    2.0 
 12   -122.4318394444   -2.73e-08   3.15e-04    4.0 
 13   -122.4318395604   -1.16e-07   1.76e-04    3.0 
 14   -122.4318396397   -7.93e-08   6.87e-05    3.0 
 15   -122.4318396488   -9.04e-09   2.93e-05    3.0 
 16   -122.4318396498   -9.94e-10   1.89e-05    3.0 
 17   -122.4318396502   -4.56e-10   8.67e-06    2.0 
 18   -122.4318396504   -1.81e-10   4.28e-06    3.0 
 19   -122.4318396504   -1.50e-11   2.84e-06    2.0 
Energy breakdown:
    Kinetic             94.9211526
    AtomicLocal         -866.3708586
    AtomicNonlocal      9.3132857 
    Ewald               289.5847490
    PspCorrection       0.0002828 
    Hartree             385.2428020
    Xc                  -35.1232531

    total               -122.431839650430

 ──────────────────────────────────────────────────────────────────────────────
                                       Time                   Allocations      
                               ──────────────────────   ───────────────────────
       Tot / % measured:            1704s / 100%             957GiB / 100%     

 Section               ncalls     time   %tot     avg     alloc   %tot      avg
 ──────────────────────────────────────────────────────────────────────────────
 self_consistent_field      1    1701s   100%   1701s    957GiB  100%    957GiB
   LOBPCG                  19     718s  42.2%   37.8s    305GiB  31.9%  16.1GiB
     Hamiltonian mu...     80     347s  20.4%   4.34s   46.2GiB  4.83%   591MiB
     ortho                253    71.9s  4.23%   284ms   48.2GiB  5.04%   195MiB
     block multipli...    289    69.6s  4.09%   241ms   57.8GiB  6.04%   205MiB
     rayleigh_ritz         61    39.2s  2.31%   643ms   28.1MiB  0.00%   472KiB
   energy_hamiltonian      39     670s  39.4%   17.2s    450GiB  47.1%  11.6GiB
   compute_density         19     258s  15.2%   13.6s    170GiB  17.7%  8.94GiB
   KerkerDosMixing         19    1.52s  0.09%  80.0ms   4.28GiB  0.45%   231MiB
     SimpleMixing          19    1.51s  0.09%  79.7ms   4.28GiB  0.45%   231MiB
   QR orthonormaliz...     19   31.4μs  0.00%  1.65μs     0.00B  0.00%    0.00B
 ──────────────────────────────────────────────────────────────────────────────

Total time in ns: 1702869291153
