Julia version: 1.6.0-DEV.1324

Threading configuration: 
       JULIA_NUM_THREADS:   8
      JULIA_FFTW_THREADS:   1
      JULIA_BLAS_THREADS:   5
Payload:  Caffeine_scfres_guess.jld2

System facts:
    fft_size:      (216, 216, 216)
    kpoints:       1
    n_electrons:   74
    n_bands:       40

Compiling code ...
Timing SCF ...

n     Energy            Eₙ-Eₙ₋₁     ρout-ρin   Diag
---   ---------------   ---------   --------   ----
  1   -122.2354932166         NaN   9.80e-01    1.0 
  2   -122.1650462412    7.04e-02   4.17e-01    8.0 
  3   -121.9746610353    1.90e-01   4.75e-01    5.0 
  4   -122.3679407385   -3.93e-01   1.79e-01    5.0 
  5   -122.4301066675   -6.22e-02   3.38e-02    4.0 
  6   -122.4314998438   -1.39e-03   1.31e-02    3.0 
  7   -122.4317393555   -2.40e-04   7.12e-03    2.0 
  8   -122.4318209419   -8.16e-05   2.75e-03    3.0 
  9   -122.4318362408   -1.53e-05   1.23e-03    2.0 
 10   -122.4318369832   -7.42e-07   1.01e-03    3.0 
 11   -122.4318393276   -2.34e-06   3.26e-04    2.0 
 12   -122.4318393861   -5.84e-08   3.82e-04    4.0 
 13   -122.4318395109   -1.25e-07   2.30e-04    3.0 
 14   -122.4318396202   -1.09e-07   1.06e-04    3.0 
 15   -122.4318396483   -2.81e-08   2.98e-05    2.0 
 16   -122.4318396497   -1.43e-09   2.19e-05    4.0 
 17   -122.4318396502   -4.38e-10   1.01e-05    2.0 
 18   -122.4318396504   -2.45e-10   3.25e-06    3.0 
 19   -122.4318396504   -1.45e-11   1.37e-06    2.0 
Energy breakdown:
    Kinetic             94.9211521
    AtomicLocal         -866.3708711
    AtomicNonlocal      9.3132859 
    Ewald               289.5847490
    PspCorrection       0.0002828 
    Hartree             385.2428148
    Xc                  -35.1232531

    total               -122.431839650443

 ──────────────────────────────────────────────────────────────────────────────
                                       Time                   Allocations      
                               ──────────────────────   ───────────────────────
       Tot / % measured:            1906s / 100%             956GiB / 100%     

 Section               ncalls     time   %tot     avg     alloc   %tot      avg
 ──────────────────────────────────────────────────────────────────────────────
 self_consistent_field      1    1903s   100%   1903s    955GiB  100%    955GiB
   energy_hamiltonian      39     772s  40.6%   19.8s    450GiB  47.2%  11.6GiB
   LOBPCG                  19     728s  38.2%   38.3s    304GiB  31.8%  16.0GiB
     Hamiltonian mu...     80     354s  18.6%   4.43s   46.0GiB  4.81%   588MiB
     ortho                253    72.7s  3.82%   287ms   47.9GiB  5.02%   194MiB
     block multipli...    289    71.1s  3.73%   246ms   57.2GiB  5.99%   203MiB
     rayleigh_ritz         61    38.6s  2.03%   633ms   28.1MiB  0.00%   472KiB
   compute_density         19     345s  18.1%   18.2s    170GiB  17.8%  8.94GiB
   KerkerDosMixing         19    1.97s  0.10%   103ms   4.28GiB  0.45%   231MiB
     SimpleMixing          19    1.96s  0.10%   103ms   4.28GiB  0.45%   231MiB
   QR orthonormaliz...     19   32.5μs  0.00%  1.71μs     0.00B  0.00%    0.00B
 ──────────────────────────────────────────────────────────────────────────────

Total time in ns: 1905032194414
