Julia version: 1.6.0-DEV.1324

Threading configuration: 
       JULIA_NUM_THREADS:   8
      JULIA_FFTW_THREADS:   2
      JULIA_BLAS_THREADS:   6
Payload:  Caffeine_scfres_guess.jld2

System facts:
    fft_size:      (216, 216, 216)
    kpoints:       1
    n_electrons:   74
    n_bands:       40

Compiling code ...
Timing SCF ...

n     Energy            Eₙ-Eₙ₋₁     ρout-ρin   Diag
---   ---------------   ---------   --------   ----
  1   -122.2354932166         NaN   9.80e-01    1.0 
  2   -122.1646744075    7.08e-02   4.17e-01    8.0 
  3   -121.9736537716    1.91e-01   4.75e-01    5.0 
  4   -122.3678771957   -3.94e-01   1.79e-01    5.0 
  5   -122.4300900400   -6.22e-02   3.40e-02    4.0 
  6   -122.4314875497   -1.40e-03   1.35e-02    3.0 
  7   -122.4317254854   -2.38e-04   7.09e-03    2.0 
  8   -122.4318263729   -1.01e-04   2.75e-03    2.0 
  9   -122.4318347909   -8.42e-06   1.39e-03    3.0 
 10   -122.4318386772   -3.89e-06   6.56e-04    3.0 
 11   -122.4318395362   -8.59e-07   2.01e-04    3.0 
 12   -122.4318396085   -7.24e-08   1.42e-04    3.0 
 13   -122.4318396400   -3.15e-08   6.65e-05    3.0 
 14   -122.4318396477   -7.64e-09   3.36e-05    3.0 
 15   -122.4318396495   -1.82e-09   2.44e-05    2.0 
 16   -122.4318396503   -8.17e-10   7.92e-06    3.0 
 17   -122.4318396504   -9.29e-11   4.83e-06    2.0 
 18   -122.4318396504   -3.01e-11   2.06e-06    2.0 
 19   -122.4318396504   -8.34e-12   7.51e-07    3.0 
Energy breakdown:
    Kinetic             94.9211509
    AtomicLocal         -866.3708737
    AtomicNonlocal      9.3132857 
    Ewald               289.5847490
    PspCorrection       0.0002828 
    Hartree             385.2428185
    Xc                  -35.1232529

    total               -122.431839650434

 ──────────────────────────────────────────────────────────────────────────────
                                       Time                   Allocations      
                               ──────────────────────   ───────────────────────
       Tot / % measured:            1715s / 100%             954GiB / 100%     

 Section               ncalls     time   %tot     avg     alloc   %tot      avg
 ──────────────────────────────────────────────────────────────────────────────
 self_consistent_field      1    1712s   100%   1712s    954GiB  100%    954GiB
   LOBPCG                  19     726s  42.4%   38.2s    302GiB  31.7%  15.9GiB
     Hamiltonian mu...     79     341s  19.9%   4.32s   45.8GiB  4.80%   593MiB
     ortho                248    89.7s  5.24%   362ms   47.7GiB  4.99%   197MiB
     block multipli...    282    60.8s  3.55%   216ms   56.7GiB  5.94%   206MiB
     rayleigh_ritz         60    38.5s  2.25%   641ms   27.3MiB  0.00%   467KiB
   energy_hamiltonian      39     670s  39.1%   17.2s    450GiB  47.2%  11.6GiB
   compute_density         19     265s  15.5%   13.9s    170GiB  17.8%  8.94GiB
   KerkerDosMixing         19    1.47s  0.09%  77.6ms   4.28GiB  0.45%   231MiB
     SimpleMixing          19    1.47s  0.09%  77.3ms   4.28GiB  0.45%   231MiB
   QR orthonormaliz...     19   35.4μs  0.00%  1.86μs     0.00B  0.00%    0.00B
 ──────────────────────────────────────────────────────────────────────────────

Total time in ns: 1713716494479
