Julia version: 1.6.0-DEV.1324

Threading configuration: 
       JULIA_NUM_THREADS:   8
      JULIA_FFTW_THREADS:   1
      JULIA_BLAS_THREADS:   6
Payload:  Caffeine_scfres_guess.jld2

System facts:
    fft_size:      (216, 216, 216)
    kpoints:       1
    n_electrons:   74
    n_bands:       40

Compiling code ...
Timing SCF ...

n     Energy            Eₙ-Eₙ₋₁     ρout-ρin   Diag
---   ---------------   ---------   --------   ----
  1   -122.2354932166         NaN   9.80e-01    1.0 
  2   -122.1647171094    7.08e-02   4.17e-01    8.0 
  3   -121.9739597505    1.91e-01   4.75e-01    5.0 
  4   -122.3680118623   -3.94e-01   1.79e-01    5.0 
  5   -122.4301031147   -6.21e-02   3.39e-02    4.0 
  6   -122.4315118226   -1.41e-03   1.27e-02    3.0 
  7   -122.4317433681   -2.32e-04   7.00e-03    2.0 
  8   -122.4318217529   -7.84e-05   2.65e-03    3.0 
  9   -122.4318365891   -1.48e-05   1.23e-03    2.0 
 10   -122.4318373538   -7.65e-07   9.44e-04    4.0 
 11   -122.4318393761   -2.02e-06   2.96e-04    3.0 
 12   -122.4318393964   -2.03e-08   3.68e-04    4.0 
 13   -122.4318395192   -1.23e-07   2.25e-04    3.0 
 14   -122.4318396265   -1.07e-07   9.36e-05    3.0 
 15   -122.4318396488   -2.24e-08   2.73e-05    3.0 
 16   -122.4318396494   -5.28e-10   2.49e-05    4.0 
 17   -122.4318396501   -7.39e-10   1.12e-05    2.0 
 18   -122.4318396504   -3.00e-10   4.85e-06    4.0 
 19   -122.4318396504   -2.27e-11   2.72e-06    2.0 
Energy breakdown:
    Kinetic             94.9211534
    AtomicLocal         -866.3708623
    AtomicNonlocal      9.3132861 
    Ewald               289.5847490
    PspCorrection       0.0002828 
    Hartree             385.2428047
    Xc                  -35.1232534

    total               -122.431839650419

 ──────────────────────────────────────────────────────────────────────────────
                                       Time                   Allocations      
                               ──────────────────────   ───────────────────────
       Tot / % measured:            1931s / 100%             956GiB / 100%     

 Section               ncalls     time   %tot     avg     alloc   %tot      avg
 ──────────────────────────────────────────────────────────────────────────────
 self_consistent_field      1    1928s   100%   1928s    955GiB  100%    955GiB
   energy_hamiltonian      39     772s  40.1%   19.8s    450GiB  47.1%  11.6GiB
   LOBPCG                  19     747s  38.8%   39.3s    304GiB  31.8%  16.0GiB
     Hamiltonian mu...     84     362s  18.8%   4.31s   46.2GiB  4.84%   564MiB
     ortho                269    92.4s  4.79%   343ms   47.9GiB  5.01%   182MiB
     block multipli...    312    61.3s  3.18%   197ms   57.1GiB  5.98%   187MiB
     rayleigh_ritz         65    39.0s  2.02%   600ms   27.6MiB  0.00%   434KiB
   compute_density         19     345s  17.9%   18.2s    170GiB  17.8%  8.94GiB
   KerkerDosMixing         19    2.16s  0.11%   114ms   4.28GiB  0.45%   231MiB
     SimpleMixing          19    2.16s  0.11%   113ms   4.28GiB  0.45%   231MiB
   QR orthonormaliz...     19   33.2μs  0.00%  1.75μs     0.00B  0.00%    0.00B
 ──────────────────────────────────────────────────────────────────────────────

Total time in ns: 1929276376632
