Julia version: 1.6.0-DEV.1324

Threading configuration: 
       JULIA_NUM_THREADS:   8
      JULIA_FFTW_THREADS:   1
      JULIA_BLAS_THREADS:   7
Payload:  Caffeine_scfres_guess.jld2

System facts:
    fft_size:      (216, 216, 216)
    kpoints:       1
    n_electrons:   74
    n_bands:       40

Compiling code ...
Timing SCF ...

n     Energy            Eₙ-Eₙ₋₁     ρout-ρin   Diag
---   ---------------   ---------   --------   ----
  1   -122.2354932166         NaN   9.80e-01    1.0 
  2   -122.1648850818    7.06e-02   4.17e-01    8.0 
  3   -121.9742091634    1.91e-01   4.75e-01    5.0 
  4   -122.3678774529   -3.94e-01   1.79e-01    5.0 
  5   -122.4300915499   -6.22e-02   3.39e-02    4.0 
  6   -122.4315004209   -1.41e-03   1.31e-02    3.0 
  7   -122.4317364452   -2.36e-04   7.22e-03    2.0 
  8   -122.4318215558   -8.51e-05   2.65e-03    3.0 
  9   -122.4318361814   -1.46e-05   1.29e-03    2.0 
 10   -122.4318373263   -1.14e-06   9.71e-04    3.0 
 11   -122.4318393455   -2.02e-06   3.28e-04    2.0 
 12   -122.4318393841   -3.86e-08   3.84e-04    4.0 
 13   -122.4318395125   -1.28e-07   2.30e-04    3.0 
 14   -122.4318396258   -1.13e-07   9.80e-05    3.0 
 15   -122.4318396481   -2.24e-08   3.05e-05    2.0 
 16   -122.4318396499   -1.72e-09   1.98e-05    3.0 
 17   -122.4318396502   -3.69e-10   8.41e-06    2.0 
 18   -122.4318396504   -1.72e-10   3.59e-06    2.0 
 19   -122.4318396504   -9.42e-12   1.79e-06    2.0 
Energy breakdown:
    Kinetic             94.9211517
    AtomicLocal         -866.3708715
    AtomicNonlocal      9.3132859 
    Ewald               289.5847490
    PspCorrection       0.0002828 
    Hartree             385.2428154
    Xc                  -35.1232530

    total               -122.431839650420

 ──────────────────────────────────────────────────────────────────────────────
                                       Time                   Allocations      
                               ──────────────────────   ───────────────────────
       Tot / % measured:            1906s / 100%             951GiB / 100%     

 Section               ncalls     time   %tot     avg     alloc   %tot      avg
 ──────────────────────────────────────────────────────────────────────────────
 self_consistent_field      1    1903s   100%   1903s    951GiB  100%    951GiB
   energy_hamiltonian      39     779s  40.9%   20.0s    450GiB  47.4%  11.6GiB
   LOBPCG                  19     719s  37.8%   37.9s    299GiB  31.4%  15.7GiB
     Hamiltonian mu...     78     350s  18.4%   4.49s   45.2GiB  4.76%   594MiB
     ortho                242    89.8s  4.72%   371ms   47.0GiB  4.94%   199MiB
     block multipli...    276    53.0s  2.78%   192ms   55.3GiB  5.82%   205MiB
     rayleigh_ritz         59    37.4s  1.96%   634ms   27.2MiB  0.00%   473KiB
   compute_density         19     345s  18.1%   18.1s    170GiB  17.9%  8.94GiB
   KerkerDosMixing         19    2.07s  0.11%   109ms   4.28GiB  0.45%   231MiB
     SimpleMixing          19    2.07s  0.11%   109ms   4.28GiB  0.45%   231MiB
   QR orthonormaliz...     19   29.8μs  0.00%  1.57μs     0.00B  0.00%    0.00B
 ──────────────────────────────────────────────────────────────────────────────

Total time in ns: 1904666759620
