Julia version: 1.6.0-DEV.1324

Threading configuration: 
       JULIA_NUM_THREADS:   8
      JULIA_FFTW_THREADS:   2
      JULIA_BLAS_THREADS:   7
Payload:  Caffeine_scfres_guess.jld2

System facts:
    fft_size:      (216, 216, 216)
    kpoints:       1
    n_electrons:   74
    n_bands:       40

Compiling code ...
Timing SCF ...

n     Energy            Eₙ-Eₙ₋₁     ρout-ρin   Diag
---   ---------------   ---------   --------   ----
  1   -122.2354932166         NaN   9.80e-01    1.0 
  2   -122.1647438244    7.07e-02   4.17e-01    8.0 
  3   -121.9744080878    1.90e-01   4.75e-01    5.0 
  4   -122.3679958560   -3.94e-01   1.79e-01    5.0 
  5   -122.4301038199   -6.21e-02   3.38e-02    4.0 
  6   -122.4314583134   -1.35e-03   1.39e-02    3.0 
  7   -122.4317258282   -2.68e-04   6.85e-03    2.0 
  8   -122.4318246075   -9.88e-05   2.99e-03    4.0 
  9   -122.4318346276   -1.00e-05   1.56e-03    3.0 
 10   -122.4318389940   -4.37e-06   5.22e-04    3.0 
 11   -122.4318394722   -4.78e-07   2.80e-04    2.0 
 12   -122.4318396085   -1.36e-07   1.14e-04    3.0 
 13   -122.4318396386   -3.00e-08   7.52e-05    3.0 
 14   -122.4318396487   -1.02e-08   2.12e-05    3.0 
 15   -122.4318396495   -7.75e-10   2.43e-05    3.0 
 16   -122.4318396501   -6.13e-10   1.18e-05    2.0 
 17   -122.4318396504   -2.49e-10   6.56e-06    2.0 
 18   -122.4318396504   -2.41e-11   3.07e-06    2.0 
 19   -122.4318396504   -1.83e-11   1.42e-06    3.0 
Energy breakdown:
    Kinetic             94.9211526
    AtomicLocal         -866.3708703
    AtomicNonlocal      9.3132862 
    Ewald               289.5847490
    PspCorrection       0.0002828 
    Hartree             385.2428133
    Xc                  -35.1232532

    total               -122.431839650425

 ──────────────────────────────────────────────────────────────────────────────
                                       Time                   Allocations      
                               ──────────────────────   ───────────────────────
       Tot / % measured:            1713s / 100%             955GiB / 100%     

 Section               ncalls     time   %tot     avg     alloc   %tot      avg
 ──────────────────────────────────────────────────────────────────────────────
 self_consistent_field      1    1711s   100%   1711s    955GiB  100%    955GiB
   LOBPCG                  19     718s  42.0%   37.8s    303GiB  31.8%  16.0GiB
     Hamiltonian mu...     80     340s  19.9%   4.24s   45.9GiB  4.81%   588MiB
     ortho                251    89.9s  5.25%   358ms   47.8GiB  5.01%   195MiB
     block multipli...    288    56.0s  3.28%   195ms   57.0GiB  5.97%   203MiB
     rayleigh_ritz         61    39.4s  2.30%   645ms   28.2MiB  0.00%   473KiB
   energy_hamiltonian      39     681s  39.8%   17.5s    450GiB  47.2%  11.6GiB
   compute_density         19     259s  15.1%   13.6s    170GiB  17.8%  8.94GiB
   KerkerDosMixing         19    1.43s  0.08%  75.1ms   4.28GiB  0.45%   231MiB
     SimpleMixing          19    1.42s  0.08%  74.8ms   4.28GiB  0.45%   231MiB
   QR orthonormaliz...     19   30.0μs  0.00%  1.58μs     0.00B  0.00%    0.00B
 ──────────────────────────────────────────────────────────────────────────────

Total time in ns: 1711758286883
