Julia version: 1.6.0-DEV.1324

Threading configuration: 
       JULIA_NUM_THREADS:   8
      JULIA_FFTW_THREADS:   1
      JULIA_BLAS_THREADS:   8
Payload:  Caffeine_scfres_guess.jld2

System facts:
    fft_size:      (216, 216, 216)
    kpoints:       1
    n_electrons:   74
    n_bands:       40

Compiling code ...
Timing SCF ...

n     Energy            Eₙ-Eₙ₋₁     ρout-ρin   Diag
---   ---------------   ---------   --------   ----
  1   -122.2354932166         NaN   9.80e-01    1.0 
  2   -122.1654940905    7.00e-02   4.17e-01    8.0 
  3   -121.9757496233    1.90e-01   4.74e-01    5.0 
  4   -122.3679310731   -3.92e-01   1.79e-01    5.0 
  5   -122.4301005180   -6.22e-02   3.38e-02    4.0 
  6   -122.4314853104   -1.38e-03   1.34e-02    3.0 
  7   -122.4317340227   -2.49e-04   7.29e-03    2.0 
  8   -122.4318218295   -8.78e-05   2.67e-03    3.0 
  9   -122.4318361678   -1.43e-05   1.29e-03    2.0 
 10   -122.4318373944   -1.23e-06   9.42e-04    3.0 
 11   -122.4318393777   -1.98e-06   2.97e-04    3.0 
 12   -122.4318394346   -5.69e-08   3.56e-04    4.0 
 13   -122.4318395313   -9.67e-08   2.12e-04    3.0 
 14   -122.4318396253   -9.40e-08   9.65e-05    3.0 
 15   -122.4318396487   -2.34e-08   2.83e-05    2.0 
 16   -122.4318396500   -1.29e-09   1.85e-05    3.0 
 17   -122.4318396502   -2.47e-10   8.87e-06    2.0 
 18   -122.4318396504   -1.74e-10   2.95e-06    3.0 
 19   -122.4318396504   -1.71e-11   2.08e-06    3.0 
Energy breakdown:
    Kinetic             94.9211457
    AtomicLocal         -866.3708585
    AtomicNonlocal      9.3132856 
    Ewald               289.5847490
    PspCorrection       0.0002828 
    Hartree             385.2428078
    Xc                  -35.1232520

    total               -122.431839650416

 ──────────────────────────────────────────────────────────────────────────────
                                       Time                   Allocations      
                               ──────────────────────   ───────────────────────
       Tot / % measured:            1917s / 100%             953GiB / 100%     

 Section               ncalls     time   %tot     avg     alloc   %tot      avg
 ──────────────────────────────────────────────────────────────────────────────
 self_consistent_field      1    1913s   100%   1913s    953GiB  100%    953GiB
   energy_hamiltonian      39     781s  40.8%   20.0s    450GiB  47.3%  11.6GiB
   LOBPCG                  19     730s  38.1%   38.4s    301GiB  31.6%  15.8GiB
     Hamiltonian mu...     81     350s  18.3%   4.32s   45.7GiB  4.79%   577MiB
     ortho                258    89.4s  4.67%   346ms   47.4GiB  4.97%   188MiB
     block multipli...    295    49.5s  2.59%   168ms   56.1GiB  5.89%   195MiB
     rayleigh_ritz         62    44.5s  2.33%   718ms   27.4MiB  0.00%   452KiB
   compute_density         19     342s  17.9%   18.0s    170GiB  17.8%  8.94GiB
   KerkerDosMixing         19    2.12s  0.11%   112ms   4.28GiB  0.45%   231MiB
     SimpleMixing          19    2.12s  0.11%   112ms   4.28GiB  0.45%   231MiB
   QR orthonormaliz...     19   33.4μs  0.00%  1.76μs     0.00B  0.00%    0.00B
 ──────────────────────────────────────────────────────────────────────────────

Total time in ns: 1915146921889
