Julia version: 1.6.0-DEV.1324

Threading configuration: 
       JULIA_NUM_THREADS:   8
      JULIA_FFTW_THREADS:   2
      JULIA_BLAS_THREADS:   8
Payload:  Caffeine_scfres_guess.jld2

System facts:
    fft_size:      (216, 216, 216)
    kpoints:       1
    n_electrons:   74
    n_bands:       40

Compiling code ...
Timing SCF ...

n     Energy            Eₙ-Eₙ₋₁     ρout-ρin   Diag
---   ---------------   ---------   --------   ----
  1   -122.2354932166         NaN   9.80e-01    1.0 
  2   -122.1652049492    7.03e-02   4.17e-01    8.0 
  3   -121.9754070267    1.90e-01   4.74e-01    5.0 
  4   -122.3678432359   -3.92e-01   1.79e-01    5.0 
  5   -122.4300961257   -6.23e-02   3.38e-02    4.0 
  6   -122.4314881008   -1.39e-03   1.33e-02    3.0 
  7   -122.4317377370   -2.50e-04   7.21e-03    2.0 
  8   -122.4318270065   -8.93e-05   2.69e-03    3.0 
  9   -122.4318330829   -6.08e-06   1.56e-03    3.0 
 10   -122.4318381065   -5.02e-06   7.79e-04    3.0 
 11   -122.4318395000   -1.39e-06   1.97e-04    2.0 
 12   -122.4318396071   -1.07e-07   1.64e-04    4.0 
 13   -122.4318396286   -2.15e-08   9.12e-05    3.0 
 14   -122.4318396473   -1.87e-08   3.31e-05    2.0 
 15   -122.4318396499   -2.63e-09   1.89e-05    3.0 
 16   -122.4318396503   -3.90e-10   7.28e-06    3.0 
 17   -122.4318396504   -5.23e-11   4.64e-06    2.0 
 18   -122.4318396504   -1.53e-11   3.24e-06    4.0 
 19   -122.4318396504   -1.90e-11   6.83e-07    3.0 
Energy breakdown:
    Kinetic             94.9211484
    AtomicLocal         -866.3708626
    AtomicNonlocal      9.3132857 
    Ewald               289.5847490
    PspCorrection       0.0002828 
    Hartree             385.2428094
    Xc                  -35.1232525

    total               -122.431839650420

 ──────────────────────────────────────────────────────────────────────────────
                                       Time                   Allocations      
                               ──────────────────────   ───────────────────────
       Tot / % measured:            1719s / 100%             959GiB / 100%     

 Section               ncalls     time   %tot     avg     alloc   %tot      avg
 ──────────────────────────────────────────────────────────────────────────────
 self_consistent_field      1    1716s   100%   1716s    959GiB  100%    959GiB
   LOBPCG                  19     725s  42.3%   38.2s    307GiB  32.0%  16.2GiB
     Hamiltonian mu...     82     342s  19.9%   4.17s   46.5GiB  4.86%   581MiB
     ortho                262    90.7s  5.29%   346ms   48.5GiB  5.06%   190MiB
     block multipli...    300    50.5s  2.94%   168ms   58.4GiB  6.10%   199MiB
     rayleigh_ritz         63    45.1s  2.63%   716ms   28.4MiB  0.00%   461KiB
   energy_hamiltonian      39     674s  39.3%   17.3s    450GiB  47.0%  11.6GiB
   compute_density         19     263s  15.3%   13.8s    170GiB  17.7%  8.94GiB
   KerkerDosMixing         19    1.61s  0.09%  84.8ms   4.28GiB  0.45%   231MiB
     SimpleMixing          19    1.61s  0.09%  84.5ms   4.28GiB  0.45%   231MiB
   QR orthonormaliz...     19   33.4μs  0.00%  1.76μs     0.00B  0.00%    0.00B
 ──────────────────────────────────────────────────────────────────────────────

Total time in ns: 1717848935323
